#
# A fatal error has been detected by the Java Runtime Environment:
#
#  SIGSEGV (0xb) at pc=0x00007fff8cbb4097, pid=1644, tid=3335
#
# JRE version: Java(TM) SE Runtime Environment (8.0_77-b03) (build 1.8.0_77-b03)
# Java VM: Java HotSpot(TM) 64-Bit Server VM (25.77-b03 mixed mode bsd-amd64 compressed oops)
# Problematic frame:
# C  [libobjc.A.dylib+0x5097]  objc_msgSend+0x17
#
# Failed to write core dump. Core dumps have been disabled. To enable core dumping, try "ulimit -c unlimited" before starting Java again
#
# If you would like to submit a bug report, please visit:
#   http://bugreport.java.com/bugreport/crash.jsp
# The crash happened outside the Java Virtual Machine in native code.
# See problematic frame for where to report the bug.
#

---------------  T H R E A D  ---------------

Current thread (0x00007fc86202d000):  JavaThread "AWT-AppKit" daemon [_thread_in_native, id=3335, stack(0x00007fff519d7000,0x00007fff521d7000)]

siginfo: si_signo: 11 (SIGSEGV), si_code: 1 (SEGV_MAPERR), si_addr: 0x0000000000000018

Registers:
RAX=0x00007fc865e42b70, RBX=0x000000017b66f450, RCX=0x000000017b1c2080, RDX=0x000000017b1c27c0
RSP=0x00007fff521d23c8, RBP=0x00007fff521d2480, RSI=0x00007fff965084c6, RDI=0x00007fc865e419b0
R8 =0x0000000000000000, R9 =0x00000000000006d0, R10=0x00007fff965084c6, R11=0x0000000000000000
R12=0x0000000000000000, R13=0x000000017ca8acf0, R14=0x000000017b66f440, R15=0x00007fc86202d000
RIP=0x00007fff8cbb4097, EFLAGS=0x0000000000010246, ERR=0x0000000000000004
  TRAPNO=0x000000000000000e

Top of Stack: (sp=0x00007fff521d23c8)
0x00007fff521d23c8:   000000017b66d157 00007fff521d2420
0x00007fff521d23d8:   0000000000000003 00007fff521d2400
0x00007fff521d23e8:   000000010dd18b02 000000017ca8acf0
0x00007fff521d23f8:   000000017ca8acf0 00007fc865e42b70
0x00007fff521d2408:   000000017b66f6a0 000000017b66f710
0x00007fff521d2418:   00007fff7aa2dfb0 00007fff79468420
0x00007fff521d2428:   000000017b66f450 000000017b66f690
0x00007fff521d2438:   00007fc865e42b70 00007fc865e419b0
0x00007fff521d2448:   00007fc860d446b0 00007fc865e42b70
0x00007fff521d2458:   00007fc865e419b0 00007fff521d2500
0x00007fff521d2468:   00007fc86202d1f8 000000017ca8acf0
0x00007fff521d2478:   00007fff521d2528 00007fff521d24f0
0x00007fff521d2488:   000000010f44a954 00007fff521d24f0
0x00007fff521d2498:   000000010f44a6d9 000000010f456823
0x00007fff521d24a8:   000000010f44a6a2 00007fff521d24b0
0x00007fff521d24b8:   000000017ca8acf0 00007fff521d2528
0x00007fff521d24c8:   000000017caae028 0000000000000000
0x00007fff521d24d8:   000000017ca8acf0 0000000000000000
0x00007fff521d24e8:   00007fff521d2510 00007fff521d2570
0x00007fff521d24f8:   000000010f43cc4d 00000007abe585f8
0x00007fff521d2508:   000000010f444578 00007fc865e42b70
0x00007fff521d2518:   000000010f445db9 00007fc865e419b0
0x00007fff521d2528:   000000010f445d82 00007fff521d2530
0x00007fff521d2538:   000000017ca8aeba 00007fff521d2598
0x00007fff521d2548:   000000017caae028 0000000000000000
0x00007fff521d2558:   000000017ca8aec8 00007fff521d2510
0x00007fff521d2568:   00007fff521d2580 00007fff521d25e0
0x00007fff521d2578:   000000010f43cc4d 00007fc865e42b70
0x00007fff521d2588:   00000007abe22e50 00007fc865e419b0
0x00007fff521d2598:   00000007abe22e50 00007fff521d25a0
0x00007fff521d25a8:   000000017ed1d92e 00007fff521d25f0
0x00007fff521d25b8:   000000017ed1d9e8 0000000000000000 

Instructions: (pc=0x00007fff8cbb4097)
0x00007fff8cbb4077:   90 90 90 90 90 90 90 90 90 48 85 ff 2e 74 72 40
0x00007fff8cbb4087:   f6 c7 01 2e 0f 85 7e 00 00 00 4c 8b 1f 49 89 f2
0x00007fff8cbb4097:   45 23 53 18 49 c1 e2 04 4d 03 53 10 49 3b 32 75
0x00007fff8cbb40a7:   04 41 ff 62 08 49 83 3a 00 74 74 4d 3b 53 10 74 

Register to memory mapping:

RAX=0x00007fc865e42b70 is an unknown value
RBX=0x000000017b66f450: Java_jogamp_nativewindow_macosx_OSXUtil_GetScreenRefreshRate0+0x1cf0 in /private/var/folders/vm/c6ql63410d962mlmgt4yhc5h0000gn/T/jogamp_0000/file_cache/jln2041633755221057840/jln2630780758196971000/libnativewindow_macosx.jnilib at 0x000000017b668000
RCX=0x000000017b1c2080 is an unknown value
RDX=0x000000017b1c27c0 is an unknown value
RSP=0x00007fff521d23c8 is pointing into the stack for thread: 0x00007fc86202d000
RBP=0x00007fff521d2480 is pointing into the stack for thread: 0x00007fc86202d000
RSI=0x00007fff965084c6: NSAppKitVersionNumber+0x12eb6 in /System/Library/Frameworks/AppKit.framework/Versions/C/AppKit at 0x00007fff95aa5000
RDI=0x00007fc865e419b0 is an unknown value
R8 =0x0000000000000000 is an unknown value
R9 =0x00000000000006d0 is an unknown value
R10=0x00007fff965084c6: NSAppKitVersionNumber+0x12eb6 in /System/Library/Frameworks/AppKit.framework/Versions/C/AppKit at 0x00007fff95aa5000
R11=0x0000000000000000 is an unknown value
R12=0x0000000000000000 is an unknown value
R13={method} {0x000000017ca8acf0} 'UnsetJAWTRootSurfaceLayer0' '(JJ)V' in 'jogamp/nativewindow/jawt/macosx/MacOSXJAWTWindow'
R14=0x000000017b66f440: Java_jogamp_nativewindow_macosx_OSXUtil_GetScreenRefreshRate0+0x1ce0 in /private/var/folders/vm/c6ql63410d962mlmgt4yhc5h0000gn/T/jogamp_0000/file_cache/jln2041633755221057840/jln2630780758196971000/libnativewindow_macosx.jnilib at 0x000000017b668000
R15=0x00007fc86202d000 is a thread


Stack: [0x00007fff519d7000,0x00007fff521d7000],  sp=0x00007fff521d23c8,  free space=8172k
Native frames: (J=compiled Java code, j=interpreted, Vv=VM code, C=native code)
C  [libobjc.A.dylib+0x5097]  objc_msgSend+0x17
j  jogamp.nativewindow.jawt.macosx.MacOSXJAWTWindow.UnsetJAWTRootSurfaceLayer0(JJ)V+0
j  jogamp.nativewindow.jawt.macosx.MacOSXJAWTWindow.access$200(JJ)V+2
j  jogamp.nativewindow.jawt.macosx.MacOSXJAWTWindow$1.run()V+38
j  com.jogamp.common.util.RunnableTask.run()V+24
v  ~StubRoutines::call_stub
V  [libjvm.dylib+0x2ea39e]  JavaCalls::call_helper(JavaValue*, methodHandle*, JavaCallArguments*, Thread*)+0x6ae
V  [libjvm.dylib+0x3214a7]  jni_invoke_nonstatic(JNIEnv_*, JavaValue*, _jobject*, JNICallType, _jmethodID*, JNI_ArgumentPusher*, Thread*)+0x2ec
V  [libjvm.dylib+0x313c7b]  jni_CallVoidMethod+0x16b
C  [libnativewindow_macosx.jnilib+0x5326]  Java_jogamp_nativewindow_jawt_macosx_MacOSXJAWTWindow_UnsetJAWTRootSurfaceLayer0+0x2b6
C  [Foundation+0x6375e]  __NSThreadPerformPerform+0xe5
C  [CoreFoundation+0x7f5b1]  __CFRUNLOOP_IS_CALLING_OUT_TO_A_SOURCE0_PERFORM_FUNCTION__+0x11
C  [CoreFoundation+0x70d29]  __CFRunLoopDoSources0+0x1b9
C  [CoreFoundation+0x703ef]  __CFRunLoopRun+0x33f
C  [CoreFoundation+0x6fe75]  CFRunLoopRunSpecific+0x135
C  [HIToolbox+0x2ea0d]  RunCurrentEventLoopInMode+0xe2
C  [HIToolbox+0x2e685]  ReceiveNextEventCommon+0xad
C  [HIToolbox+0x2e5bc]  _BlockUntilNextEventMatchingListInModeWithFilter+0x41
C  [AppKit+0x2424e]  _DPSNextEvent+0x59a
C  [AppKit+0x2389b]  -[NSApplication nextEventMatchingMask:untilDate:inMode:dequeue:]+0x7a
C  [libosxapp.dylib+0x23aa]  -[NSApplicationAWT nextEventMatchingMask:untilDate:inMode:dequeue:]+0x7c
C  [AppKit+0x1799c]  -[NSApplication run]+0x229
C  [libosxapp.dylib+0x214d]  +[NSApplicationAWT runAWTLoopWithApp:]+0x9c
C  [libawt_lwawt.dylib+0x4455b]  -[AWTStarter starter:]+0x389
C  [Foundation+0x6375e]  __NSThreadPerformPerform+0xe5
C  [CoreFoundation+0x7f5b1]  __CFRUNLOOP_IS_CALLING_OUT_TO_A_SOURCE0_PERFORM_FUNCTION__+0x11
C  [CoreFoundation+0x70c62]  __CFRunLoopDoSources0+0xf2
C  [CoreFoundation+0x703ef]  __CFRunLoopRun+0x33f
C  [CoreFoundation+0x6fe75]  CFRunLoopRunSpecific+0x135
C  [java+0x6463]  CreateExecutionEnvironment+0x367
C  [java+0x21ac]  JLI_Launch+0x7a0
C  [java+0x84c0]  main+0x65
C  [java+0x1a04]  start+0x34
C  0x0000000000000007

Java frames: (J=compiled Java code, j=interpreted, Vv=VM code)
j  jogamp.nativewindow.jawt.macosx.MacOSXJAWTWindow.UnsetJAWTRootSurfaceLayer0(JJ)V+0
j  jogamp.nativewindow.jawt.macosx.MacOSXJAWTWindow.access$200(JJ)V+2
j  jogamp.nativewindow.jawt.macosx.MacOSXJAWTWindow$1.run()V+38
j  com.jogamp.common.util.RunnableTask.run()V+24
v  ~StubRoutines::call_stub

---------------  P R O C E S S  ---------------

Java Threads: ( => current thread )
  0x00007fc86612f000 JavaThread "Thread-19" [_thread_blocked, id=34315, stack(0x0000000124fe7000,0x00000001250e7000)]
  0x00007fc86604b800 JavaThread "Image Fetcher 3" daemon [_thread_blocked, id=64259, stack(0x0000000183643000,0x0000000183743000)]
  0x00007fc861da3000 JavaThread "Image Fetcher 2" daemon [_thread_blocked, id=63775, stack(0x00000001815a8000,0x00000001816a8000)]
  0x00007fc8612fe000 JavaThread "Image Fetcher 1" daemon [_thread_blocked, id=63235, stack(0x0000000182ffa000,0x00000001830fa000)]
  0x00007fc861d99800 JavaThread "Image Fetcher 0" daemon [_thread_blocked, id=62723, stack(0x0000000182ef7000,0x0000000182ff7000)]
  0x00007fc861d50800 JavaThread "Keep-Alive-Timer" daemon [_thread_blocked, id=62283, stack(0x0000000182df4000,0x0000000182ef4000)]
  0x00007fc861a8c800 JavaThread "Animation Thread" [_thread_blocked, id=55059, stack(0x000000017b215000,0x000000017b315000)]
  0x00007fc861aa3800 JavaThread "AWT-EventQueue-1" [_thread_in_native, id=55563, stack(0x000000017b695000,0x000000017b795000)]
  0x00007fc8618a4000 JavaThread "DestroyJavaVM" [_thread_blocked, id=6915, stack(0x000000010eace000,0x000000010ebce000)]
  0x00007fc86114e000 JavaThread "AWT-EventQueue-0" [_thread_blocked, id=53015, stack(0x000000012a1c4000,0x000000012a2c4000)]
  0x00007fc86296c000 JavaThread "Java2D Disposer" daemon [_thread_blocked, id=48947, stack(0x0000000128dfa000,0x0000000128efa000)]
  0x00007fc86294e800 JavaThread "Java2D Queue Flusher" daemon [_thread_blocked, id=47623, stack(0x0000000127a9d000,0x0000000127b9d000)]
  0x00007fc86202e800 JavaThread "AWT-Shutdown" [_thread_blocked, id=28939, stack(0x00000001250ed000,0x00000001251ed000)]
=>0x00007fc86202d000 JavaThread "AWT-AppKit" daemon [_thread_in_native, id=3335, stack(0x00007fff519d7000,0x00007fff521d7000)]
  0x00007fc86180f800 JavaThread "Service Thread" daemon [_thread_blocked, id=19971, stack(0x0000000123490000,0x0000000123590000)]
  0x00007fc861813000 JavaThread "C1 CompilerThread2" daemon [_thread_blocked, id=19459, stack(0x000000012338d000,0x000000012348d000)]
  0x00007fc861812800 JavaThread "C2 CompilerThread1" daemon [_thread_blocked, id=18947, stack(0x000000012328a000,0x000000012338a000)]
  0x00007fc861810800 JavaThread "C2 CompilerThread0" daemon [_thread_blocked, id=18435, stack(0x0000000123187000,0x0000000123287000)]
  0x00007fc861841800 JavaThread "Signal Dispatcher" daemon [_thread_blocked, id=17923, stack(0x0000000123084000,0x0000000123184000)]
  0x00007fc861840800 JavaThread "Finalizer" daemon [_thread_blocked, id=13059, stack(0x0000000122e41000,0x0000000122f41000)]
  0x00007fc861018000 JavaThread "Reference Handler" daemon [_thread_blocked, id=12547, stack(0x0000000122d3e000,0x0000000122e3e000)]

Other Threads:
  0x00007fc861013800 VMThread [stack: 0x0000000122c3b000,0x0000000122d3b000] [id=12035]
  0x00007fc86101d000 WatcherThread [stack: 0x0000000123593000,0x0000000123693000] [id=20483]

VM state:not at safepoint (normal execution)

VM Mutex/Monitor currently owned by a thread: None

Heap:
 PSYoungGen      total 18944K, used 17895K [0x00000007aab00000, 0x00000007ad000000, 0x00000007c0000000)
  eden space 16384K, 93% used [0x00000007aab00000,0x00000007ab9fd540,0x00000007abb00000)
  from space 2560K, 99% used [0x00000007abd80000,0x00000007abffc7b0,0x00000007ac000000)
  to   space 2560K, 0% used [0x00000007abb00000,0x00000007abb00000,0x00000007abd80000)
 ParOldGen       total 44032K, used 13355K [0x0000000780000000, 0x0000000782b00000, 0x00000007aab00000)
  object space 44032K, 30% used [0x0000000780000000,0x0000000780d0ad88,0x0000000782b00000)
 Metaspace       used 20234K, capacity 20391K, committed 20608K, reserved 1067008K
  class space    used 2008K, capacity 2078K, committed 2176K, reserved 1048576K

Card table byte_map: [0x000000011e7f5000,0x000000011e9f6000] byte_map_base: 0x000000011abf5000

Marking Bits: (ParMarkBitMap*) 0x000000010e40bea0
 Begin Bits: [0x000000011ef58000, 0x000000011ff58000)
 End Bits:   [0x000000011ff58000, 0x0000000120f58000)

Polling page: 0x000000010ebde000

CodeCache: size=245760Kb used=6577Kb max_used=6592Kb free=239182Kb
 bounds [0x000000010f435000, 0x000000010fab5000, 0x000000011e435000]
 total_blobs=2656 nmethods=1777 adapters=793
 compilation: enabled

Compilation events (10 events):
Event: 7.170 Thread 0x00007fc861813000 1905       3       processing.core.PApplet::handleMethods (21 bytes)
Event: 7.171 Thread 0x00007fc861813000 nmethod 1905 0x000000010faa5110 code [0x000000010faa52a0, 0x000000010faa5698]
Event: 7.202 Thread 0x00007fc861813000 1906       3       java.lang.Integer::formatUnsignedInt (48 bytes)
Event: 7.202 Thread 0x00007fc861813000 nmethod 1906 0x000000010faa4b50 code [0x000000010faa4cc0, 0x000000010faa4f30]
Event: 7.235 Thread 0x00007fc861812800 1907       4       processing.opengl.PGraphicsOpenGL$TessGeometry::addPolyVertices (1120 bytes)
Event: 7.251 Thread 0x00007fc861813000 1908       3       java.util.TimSort::sort (229 bytes)
Event: 7.252 Thread 0x00007fc861813000 nmethod 1908 0x000000010faa3d50 code [0x000000010faa3f60, 0x000000010faa4658]
Event: 7.265 Thread 0x00007fc861812800 nmethod 1907 0x000000010faa9d50 code [0x000000010faa9f00, 0x000000010faab178]
Event: 7.446 Thread 0x00007fc861813000 1909       1       sun.java2d.SurfaceData::isValid (5 bytes)
Event: 7.446 Thread 0x00007fc861813000 nmethod 1909 0x000000010faa3a90 code [0x000000010faa3be0, 0x000000010faa3cf0]

GC Heap History (8 events):
Event: 2.510 GC heap before
{Heap before GC invocations=1 (full 0):
 PSYoungGen      total 18944K, used 16384K [0x00000007aab00000, 0x00000007ac000000, 0x00000007c0000000)
  eden space 16384K, 100% used [0x00000007aab00000,0x00000007abb00000,0x00000007abb00000)
  from space 2560K, 0% used [0x00000007abd80000,0x00000007abd80000,0x00000007ac000000)
  to   space 2560K, 0% used [0x00000007abb00000,0x00000007abb00000,0x00000007abd80000)
 ParOldGen       total 44032K, used 0K [0x0000000780000000, 0x0000000782b00000, 0x00000007aab00000)
  object space 44032K, 0% used [0x0000000780000000,0x0000000780000000,0x0000000782b00000)
 Metaspace       used 11461K, capacity 11652K, committed 11904K, reserved 1060864K
  class space    used 1284K, capacity 1346K, committed 1408K, reserved 1048576K
Event: 2.516 GC heap after
Heap after GC invocations=1 (full 0):
 PSYoungGen      total 18944K, used 2556K [0x00000007aab00000, 0x00000007ac000000, 0x00000007c0000000)
  eden space 16384K, 0% used [0x00000007aab00000,0x00000007aab00000,0x00000007abb00000)
  from space 2560K, 99% used [0x00000007abb00000,0x00000007abd7f150,0x00000007abd80000)
  to   space 2560K, 0% used [0x00000007abd80000,0x00000007abd80000,0x00000007ac000000)
 ParOldGen       total 44032K, used 1079K [0x0000000780000000, 0x0000000782b00000, 0x00000007aab00000)
  object space 44032K, 2% used [0x0000000780000000,0x000000078010dea0,0x0000000782b00000)
 Metaspace       used 11461K, capacity 11652K, committed 11904K, reserved 1060864K
  class space    used 1284K, capacity 1346K, committed 1408K, reserved 1048576K
}
Event: 3.040 GC heap before
{Heap before GC invocations=2 (full 0):
 PSYoungGen      total 18944K, used 18940K [0x00000007aab00000, 0x00000007ac000000, 0x00000007c0000000)
  eden space 16384K, 100% used [0x00000007aab00000,0x00000007abb00000,0x00000007abb00000)
  from space 2560K, 99% used [0x00000007abb00000,0x00000007abd7f150,0x00000007abd80000)
  to   space 2560K, 0% used [0x00000007abd80000,0x00000007abd80000,0x00000007ac000000)
 ParOldGen       total 44032K, used 1079K [0x0000000780000000, 0x0000000782b00000, 0x00000007aab00000)
  object space 44032K, 2% used [0x0000000780000000,0x000000078010dea0,0x0000000782b00000)
 Metaspace       used 16112K, capacity 16279K, committed 16640K, reserved 1064960K
  class space    used 1635K, capacity 1692K, committed 1792K, reserved 1048576K
Event: 3.049 GC heap after
Heap after GC invocations=2 (full 0):
 PSYoungGen      total 18944K, used 2544K [0x00000007aab00000, 0x00000007ac000000, 0x00000007c0000000)
  eden space 16384K, 0% used [0x00000007aab00000,0x00000007aab00000,0x00000007abb00000)
  from space 2560K, 99% used [0x00000007abd80000,0x00000007abffc030,0x00000007ac000000)
  to   space 2560K, 0% used [0x00000007abb00000,0x00000007abb00000,0x00000007abd80000)
 ParOldGen       total 44032K, used 2556K [0x0000000780000000, 0x0000000782b00000, 0x00000007aab00000)
  object space 44032K, 5% used [0x0000000780000000,0x000000078027f080,0x0000000782b00000)
 Metaspace       used 16112K, capacity 16279K, committed 16640K, reserved 1064960K
  class space    used 1635K, capacity 1692K, committed 1792K, reserved 1048576K
}
Event: 4.063 GC heap before
{Heap before GC invocations=3 (full 0):
 PSYoungGen      total 18944K, used 17581K [0x00000007aab00000, 0x00000007ac000000, 0x00000007c0000000)
  eden space 16384K, 91% used [0x00000007aab00000,0x00000007ab9af758,0x00000007abb00000)
  from space 2560K, 99% used [0x00000007abd80000,0x00000007abffc030,0x00000007ac000000)
  to   space 2560K, 0% used [0x00000007abb00000,0x00000007abb00000,0x00000007abd80000)
 ParOldGen       total 44032K, used 2556K [0x0000000780000000, 0x0000000782b00000, 0x00000007aab00000)
  object space 44032K, 5% used [0x0000000780000000,0x000000078027f080,0x0000000782b00000)
 Metaspace       used 19353K, capacity 19511K, committed 19712K, reserved 1067008K
  class space    used 1972K, capacity 2044K, committed 2048K, reserved 1048576K
Event: 4.073 GC heap after
Heap after GC invocations=3 (full 0):
 PSYoungGen      total 18944K, used 2545K [0x00000007aab00000, 0x00000007ac000000, 0x00000007c0000000)
  eden space 16384K, 0% used [0x00000007aab00000,0x00000007aab00000,0x00000007abb00000)
  from space 2560K, 99% used [0x00000007abb00000,0x00000007abd7c750,0x00000007abd80000)
  to   space 2560K, 0% used [0x00000007abd80000,0x00000007abd80000,0x00000007ac000000)
 ParOldGen       total 44032K, used 7683K [0x0000000780000000, 0x0000000782b00000, 0x00000007aab00000)
  object space 44032K, 17% used [0x0000000780000000,0x0000000780780f80,0x0000000782b00000)
 Metaspace       used 19353K, capacity 19511K, committed 19712K, reserved 1067008K
  class space    used 1972K, capacity 2044K, committed 2048K, reserved 1048576K
}
Event: 4.486 GC heap before
{Heap before GC invocations=4 (full 0):
 PSYoungGen      total 18944K, used 18710K [0x00000007aab00000, 0x00000007ac000000, 0x00000007c0000000)
  eden space 16384K, 98% used [0x00000007aab00000,0x00000007abac9168,0x00000007abb00000)
  from space 2560K, 99% used [0x00000007abb00000,0x00000007abd7c750,0x00000007abd80000)
  to   space 2560K, 0% used [0x00000007abd80000,0x00000007abd80000,0x00000007ac000000)
 ParOldGen       total 44032K, used 7683K [0x0000000780000000, 0x0000000782b00000, 0x00000007aab00000)
  object space 44032K, 17% used [0x0000000780000000,0x0000000780780f80,0x0000000782b00000)
 Metaspace       used 19775K, capacity 19997K, committed 20352K, reserved 1067008K
  class space    used 1999K, capacity 2077K, committed 2176K, reserved 1048576K
Event: 4.497 GC heap after
Heap after GC invocations=4 (full 0):
 PSYoungGen      total 18944K, used 2545K [0x00000007aab00000, 0x00000007ad000000, 0x00000007c0000000)
  eden space 16384K, 0% used [0x00000007aab00000,0x00000007aab00000,0x00000007abb00000)
  from space 2560K, 99% used [0x00000007abd80000,0x00000007abffc7b0,0x00000007ac000000)
  to   space 2560K, 0% used [0x00000007abb00000,0x00000007abb00000,0x00000007abd80000)
 ParOldGen       total 44032K, used 13355K [0x0000000780000000, 0x0000000782b00000, 0x00000007aab00000)
  object space 44032K, 30% used [0x0000000780000000,0x0000000780d0ad88,0x0000000782b00000)
 Metaspace       used 19775K, capacity 19997K, committed 20352K, reserved 1067008K
  class space    used 1999K, capacity 2077K, committed 2176K, reserved 1048576K
}

Deoptimization events (10 events):
Event: 0.163 Thread 0x00007fc861006000 Uncommon trap: reason=unstable_if action=reinterpret pc=0x000000010f555f68 method=java.lang.String.hashCode()I @ 14
Event: 2.307 Thread 0x00007fc862a1b000 Uncommon trap: reason=unstable_if action=reinterpret pc=0x000000010f601100 method=java.lang.String.toLowerCase(Ljava/util/Locale;)Ljava/lang/String; @ 85
Event: 2.541 Thread 0x00007fc861a8c800 Uncommon trap: reason=unstable_if action=reinterpret pc=0x000000010f693b94 method=java.lang.String.lastIndexOf([CII[CIII)I @ 66
Event: 2.633 Thread 0x00007fc861a8c800 Uncommon trap: reason=unstable_if action=reinterpret pc=0x000000010f67b460 method=java.lang.String.indexOf([CII[CIII)I @ 3
Event: 2.633 Thread 0x00007fc861a8c800 Uncommon trap: reason=unstable_if action=reinterpret pc=0x000000010f5f2298 method=java.lang.String.indexOf([CII[CIII)I @ 3
Event: 3.625 Thread 0x00007fc861aa3800 Uncommon trap: reason=unstable_if action=reinterpret pc=0x000000010f5d9594 method=java.lang.AbstractStringBuilder.append(Ljava/lang/String;)Ljava/lang/AbstractStringBuilder; @ 1
Event: 3.954 Thread 0x00007fc861aa3800 Uncommon trap: reason=unstable_if action=reinterpret pc=0x000000010f7f9a90 method=com.sun.org.apache.xerces.internal.impl.XMLEntityScanner.skipSpaces()Z @ 266
Event: 4.156 Thread 0x00007fc861aa3800 Uncommon trap: reason=unstable_if action=reinterpret pc=0x000000010f899cbc method=com.jogamp.common.util.IntIntHashMap.get(I)I @ 28
Event: 7.430 Thread 0x00007fc8619bc000 Uncommon trap: reason=unstable_if action=reinterpret pc=0x000000010f873be0 method=java.util.HashMap.putVal(ILjava/lang/Object;Ljava/lang/Object;ZZ)Ljava/lang/Object; @ 81
Event: 7.430 Thread 0x00007fc8619bc000 Uncommon trap: reason=unstable_if action=reinterpret pc=0x000000010f870970 method=java.util.HashMap.putVal(ILjava/lang/Object;Ljava/lang/Object;ZZ)Ljava/lang/Object; @ 81

Internal exceptions (10 events):
Event: 0.204 Thread 0x00007fc861006000 Exception <a 'java/lang/NoSuchFieldError': method resolution failed> (0x00000007aad02480) thrown at [/Users/java_re/workspace/8-2-build-macosx-x86_64/jdk8u77/6540/hotspot/src/share/vm/prims/methodHandles.cpp, line 1146]
Event: 0.207 Thread 0x00007fc861006000 Exception <a 'java/lang/NoSuchFieldError': method resolution failed> (0x00000007aad0fc50) thrown at [/Users/java_re/workspace/8-2-build-macosx-x86_64/jdk8u77/6540/hotspot/src/share/vm/prims/methodHandles.cpp, line 1146]
Event: 0.338 Thread 0x00007fc861006000 Exception <a 'java/io/FileNotFoundException'> (0x00000007aad8b7f8) thrown at [/Users/java_re/workspace/8-2-build-macosx-x86_64/jdk8u77/6540/hotspot/src/share/vm/prims/jni.cpp, line 709]
Event: 0.338 Thread 0x00007fc861006000 Exception <a 'java/io/FileNotFoundException'> (0x00000007aad8c340) thrown at [/Users/java_re/workspace/8-2-build-macosx-x86_64/jdk8u77/6540/hotspot/src/share/vm/prims/jni.cpp, line 709]
Event: 0.463 Thread 0x00007fc861006000 Exception <a 'java/io/FileNotFoundException'> (0x00000007aae769a0) thrown at [/Users/java_re/workspace/8-2-build-macosx-x86_64/jdk8u77/6540/hotspot/src/share/vm/prims/jni.cpp, line 709]
Event: 2.517 Thread 0x00007fc861840800 Exception <a 'java/lang/NullPointerException'> (0x00000007aab84468) thrown at [/Users/java_re/workspace/8-2-build-macosx-x86_64/jdk8u77/6540/hotspot/src/share/vm/interpreter/linkResolver.cpp, line 1178]
Event: 2.667 Thread 0x00007fc861a8c800 Exception <a 'java/lang/UnsatisfiedLinkError': com.jogamp.common.util.JarUtil.fixNativeLibAttribs(Ljava/lang/String;)Z> (0x00000007aafcaea8) thrown at [/Users/java_re/workspace/8-2-build-macosx-x86_64/jdk8u77/6540/hotspot/src/share/vm/prims/nativeLookup.c
Event: 3.625 Thread 0x00007fc861aa3800 Exception <a 'java/io/FileNotFoundException'> (0x00000007ab2f2458) thrown at [/Users/java_re/workspace/8-2-build-macosx-x86_64/jdk8u77/6540/hotspot/src/share/vm/prims/jni.cpp, line 709]
Event: 3.625 Thread 0x00007fc861aa3800 Exception <a 'java/io/FileNotFoundException'> (0x00000007ab2f9ad8) thrown at [/Users/java_re/workspace/8-2-build-macosx-x86_64/jdk8u77/6540/hotspot/src/share/vm/prims/jni.cpp, line 709]
Event: 3.625 Thread 0x00007fc861aa3800 Implicit null exception at 0x000000010f5d91f5 to 0x000000010f5d9581

Events (10 events):
Event: 7.443 loading class jogamp/nativewindow/jawt/macosx/MacOSXJAWTWindow$1 done
Event: 7.445 loading class java/awt/LightweightDispatcher$2
Event: 7.445 loading class java/awt/LightweightDispatcher$2 done
Event: 7.445 loading class java/awt/event/AWTEventListenerProxy
Event: 7.445 loading class java/awt/event/AWTEventListenerProxy done
Event: 7.445 loading class java/awt/Toolkit$ToolkitEventMulticaster
Event: 7.445 loading class java/awt/Toolkit$ToolkitEventMulticaster done
Event: 7.446 Thread 0x00007fc8619bc000 Thread exited: 0x00007fc8619bc000
Event: 7.446 loading class java/awt/Window$1DisposeAction
Event: 7.446 loading class java/awt/Window$1DisposeAction done


Dynamic libraries:
0x0000000009377000 	/System/Library/Frameworks/Cocoa.framework/Versions/A/Cocoa
0x0000000009377000 	/System/Library/Frameworks/Security.framework/Versions/A/Security
0x0000000009377000 	/System/Library/Frameworks/ApplicationServices.framework/Versions/A/ApplicationServices
0x0000000009377000 	/usr/lib/libz.1.dylib
0x0000000009377000 	/usr/lib/libSystem.B.dylib
0x0000000009377000 	/usr/lib/libobjc.A.dylib
0x0000000009377000 	/System/Library/Frameworks/CoreFoundation.framework/Versions/A/CoreFoundation
0x0000000009377000 	/System/Library/Frameworks/Foundation.framework/Versions/C/Foundation
0x0000000009377000 	/System/Library/Frameworks/AppKit.framework/Versions/C/AppKit
0x0000000009377000 	/System/Library/Frameworks/CoreData.framework/Versions/A/CoreData
0x0000000009377000 	/System/Library/PrivateFrameworks/RemoteViewServices.framework/Versions/A/RemoteViewServices
0x0000000009377000 	/System/Library/Frameworks/AudioToolbox.framework/Versions/A/AudioToolbox
0x0000000009377000 	/System/Library/Frameworks/AudioUnit.framework/Versions/A/AudioUnit
0x0000000009377000 	/System/Library/PrivateFrameworks/DataDetectorsCore.framework/Versions/A/DataDetectorsCore
0x0000000009377000 	/System/Library/PrivateFrameworks/DesktopServicesPriv.framework/Versions/A/DesktopServicesPriv
0x0000000009377000 	/System/Library/Frameworks/Carbon.framework/Versions/A/Frameworks/HIToolbox.framework/Versions/A/HIToolbox
0x0000000009377000 	/System/Library/Frameworks/QuartzCore.framework/Versions/A/QuartzCore
0x0000000009377000 	/System/Library/Frameworks/Carbon.framework/Versions/A/Frameworks/SpeechRecognition.framework/Versions/A/SpeechRecognition
0x0000000009377000 	/usr/lib/libauto.dylib
0x0000000009377000 	/usr/lib/libicucore.A.dylib
0x0000000009377000 	/usr/lib/libxml2.2.dylib
0x0000000009377000 	/System/Library/PrivateFrameworks/CoreUI.framework/Versions/A/CoreUI
0x0000000009377000 	/System/Library/Frameworks/CoreAudio.framework/Versions/A/CoreAudio
0x0000000009377000 	/System/Library/Frameworks/DiskArbitration.framework/Versions/A/DiskArbitration
0x0000000009377000 	/usr/lib/liblangid.dylib
0x0000000009377000 	/System/Library/PrivateFrameworks/MultitouchSupport.framework/Versions/A/MultitouchSupport
0x0000000009377000 	/System/Library/Frameworks/IOKit.framework/Versions/A/IOKit
0x0000000009377000 	/usr/lib/libDiagnosticMessagesClient.dylib
0x0000000009377000 	/System/Library/Frameworks/CoreServices.framework/Versions/A/CoreServices
0x0000000009377000 	/System/Library/PrivateFrameworks/PerformanceAnalysis.framework/Versions/A/PerformanceAnalysis
0x0000000009377000 	/System/Library/PrivateFrameworks/GenerationalStorage.framework/Versions/A/GenerationalStorage
0x0000000009377000 	/System/Library/Frameworks/OpenGL.framework/Versions/A/OpenGL
0x0000000009377000 	/System/Library/PrivateFrameworks/Sharing.framework/Versions/A/Sharing
0x0000000009377000 	/System/Library/Frameworks/ImageIO.framework/Versions/A/ImageIO
0x0000000009377000 	/System/Library/Frameworks/CoreText.framework/Versions/A/CoreText
0x0000000009377000 	/System/Library/Frameworks/CoreGraphics.framework/Versions/A/CoreGraphics
0x0000000009377000 	/System/Library/PrivateFrameworks/Backup.framework/Versions/A/Backup
0x0000000009377000 	/System/Library/Frameworks/CFNetwork.framework/Versions/A/CFNetwork
0x0000000009377000 	/System/Library/Frameworks/SystemConfiguration.framework/Versions/A/SystemConfiguration
0x0000000009377000 	/usr/lib/libCRFSuite.dylib
0x0000000009377000 	/usr/lib/libc++.1.dylib
0x0000000009377000 	/usr/lib/libc++abi.dylib
0x0000000009377000 	/usr/lib/system/libcache.dylib
0x0000000009377000 	/usr/lib/system/libcommonCrypto.dylib
0x0000000009377000 	/usr/lib/system/libcompiler_rt.dylib
0x0000000009377000 	/usr/lib/system/libcopyfile.dylib
0x0000000009377000 	/usr/lib/system/libcorecrypto.dylib
0x0000000009377000 	/usr/lib/system/libdispatch.dylib
0x0000000009377000 	/usr/lib/system/libdyld.dylib
0x0000000009377000 	/usr/lib/system/libkeymgr.dylib
0x0000000009377000 	/usr/lib/system/liblaunch.dylib
0x0000000009377000 	/usr/lib/system/libmacho.dylib
0x0000000009377000 	/usr/lib/system/libquarantine.dylib
0x0000000009377000 	/usr/lib/system/libremovefile.dylib
0x0000000009377000 	/usr/lib/system/libsystem_asl.dylib
0x0000000009377000 	/usr/lib/system/libsystem_blocks.dylib
0x0000000009377000 	/usr/lib/system/libsystem_c.dylib
0x0000000009377000 	/usr/lib/system/libsystem_configuration.dylib
0x0000000009377000 	/usr/lib/system/libsystem_dnssd.dylib
0x0000000009377000 	/usr/lib/system/libsystem_info.dylib
0x0000000009377000 	/usr/lib/system/libsystem_kernel.dylib
0x0000000009377000 	/usr/lib/system/libsystem_m.dylib
0x0000000009377000 	/usr/lib/system/libsystem_malloc.dylib
0x0000000009377000 	/usr/lib/system/libsystem_network.dylib
0x0000000009377000 	/usr/lib/system/libsystem_notify.dylib
0x0000000009377000 	/usr/lib/system/libsystem_platform.dylib
0x0000000009377000 	/usr/lib/system/libsystem_pthread.dylib
0x0000000009377000 	/usr/lib/system/libsystem_sandbox.dylib
0x0000000009377000 	/usr/lib/system/libsystem_stats.dylib
0x0000000009377000 	/usr/lib/system/libunc.dylib
0x0000000009377000 	/usr/lib/system/libunwind.dylib
0x0000000009377000 	/usr/lib/system/libxpc.dylib
0x0000000009377000 	/usr/lib/libbsm.0.dylib
0x0000000009377000 	/usr/lib/libsqlite3.dylib
0x0000000009377000 	/usr/lib/libxar.1.dylib
0x0000000009377000 	/usr/lib/libpam.2.dylib
0x0000000009377000 	/usr/lib/libOpenScriptingUtil.dylib
0x0000000009377000 	/usr/lib/libbz2.1.0.dylib
0x0000000009377000 	/System/Library/Frameworks/CoreServices.framework/Versions/A/Frameworks/CarbonCore.framework/Versions/A/CarbonCore
0x0000000009377000 	/System/Library/Frameworks/CoreServices.framework/Versions/A/Frameworks/Metadata.framework/Versions/A/Metadata
0x0000000009377000 	/System/Library/Frameworks/CoreServices.framework/Versions/A/Frameworks/OSServices.framework/Versions/A/OSServices
0x0000000009377000 	/System/Library/Frameworks/CoreServices.framework/Versions/A/Frameworks/SearchKit.framework/Versions/A/SearchKit
0x0000000009377000 	/System/Library/Frameworks/CoreServices.framework/Versions/A/Frameworks/AE.framework/Versions/A/AE
0x0000000009377000 	/System/Library/Frameworks/CoreServices.framework/Versions/A/Frameworks/LaunchServices.framework/Versions/A/LaunchServices
0x0000000009377000 	/System/Library/Frameworks/CoreServices.framework/Versions/A/Frameworks/DictionaryServices.framework/Versions/A/DictionaryServices
0x0000000009377000 	/System/Library/Frameworks/NetFS.framework/Versions/A/NetFS
0x0000000009377000 	/usr/lib/system/libkxld.dylib
0x0000000009377000 	/System/Library/PrivateFrameworks/NetAuth.framework/Versions/A/NetAuth
0x0000000009377000 	/System/Library/PrivateFrameworks/TCC.framework/Versions/A/TCC
0x0000000009377000 	/System/Library/Frameworks/OpenDirectory.framework/Versions/A/Frameworks/CFOpenDirectory.framework/Versions/A/CFOpenDirectory
0x0000000009377000 	/System/Library/Frameworks/ServiceManagement.framework/Versions/A/ServiceManagement
0x0000000009377000 	/usr/lib/libxslt.1.dylib
0x0000000009377000 	/System/Library/Frameworks/Carbon.framework/Versions/A/Frameworks/Ink.framework/Versions/A/Ink
0x0000000009377000 	/System/Library/Frameworks/ApplicationServices.framework/Versions/A/Frameworks/ATS.framework/Versions/A/ATS
0x0000000009377000 	/System/Library/Frameworks/ApplicationServices.framework/Versions/A/Frameworks/ColorSync.framework/Versions/A/ColorSync
0x0000000009377000 	/System/Library/Frameworks/ApplicationServices.framework/Versions/A/Frameworks/HIServices.framework/Versions/A/HIServices
0x0000000009377000 	/System/Library/Frameworks/ApplicationServices.framework/Versions/A/Frameworks/LangAnalysis.framework/Versions/A/LangAnalysis
0x0000000009377000 	/System/Library/Frameworks/ApplicationServices.framework/Versions/A/Frameworks/PrintCore.framework/Versions/A/PrintCore
0x0000000009377000 	/System/Library/Frameworks/ApplicationServices.framework/Versions/A/Frameworks/QD.framework/Versions/A/QD
0x0000000009377000 	/System/Library/Frameworks/ApplicationServices.framework/Versions/A/Frameworks/SpeechSynthesis.framework/Versions/A/SpeechSynthesis
0x0000000009377000 	/System/Library/Frameworks/IOSurface.framework/Versions/A/IOSurface
0x0000000009377000 	/System/Library/Frameworks/Accelerate.framework/Versions/A/Accelerate
0x0000000009377000 	/System/Library/Frameworks/Accelerate.framework/Versions/A/Frameworks/vImage.framework/Versions/A/vImage
0x0000000009377000 	/System/Library/Frameworks/Accelerate.framework/Versions/A/Frameworks/vecLib.framework/Versions/A/vecLib
0x0000000009377000 	/System/Library/Frameworks/Accelerate.framework/Versions/A/Frameworks/vecLib.framework/Versions/A/libvDSP.dylib
0x0000000009377000 	/System/Library/Frameworks/Accelerate.framework/Versions/A/Frameworks/vecLib.framework/Versions/A/libvMisc.dylib
0x0000000009377000 	/System/Library/Frameworks/Accelerate.framework/Versions/A/Frameworks/vecLib.framework/Versions/A/libLAPACK.dylib
0x0000000009377000 	/System/Library/Frameworks/Accelerate.framework/Versions/A/Frameworks/vecLib.framework/Versions/A/libBLAS.dylib
0x0000000009377000 	/System/Library/Frameworks/ApplicationServices.framework/Versions/A/Frameworks/ATS.framework/Versions/A/Resources/libFontParser.dylib
0x0000000009377000 	/System/Library/Frameworks/ApplicationServices.framework/Versions/A/Frameworks/ATS.framework/Versions/A/Resources/libFontRegistry.dylib
0x0000000009377000 	/System/Library/Frameworks/ImageIO.framework/Versions/A/Resources/libJPEG.dylib
0x0000000009377000 	/System/Library/Frameworks/ImageIO.framework/Versions/A/Resources/libTIFF.dylib
0x0000000009377000 	/System/Library/Frameworks/ImageIO.framework/Versions/A/Resources/libPng.dylib
0x0000000009377000 	/System/Library/Frameworks/ImageIO.framework/Versions/A/Resources/libGIF.dylib
0x0000000009377000 	/System/Library/Frameworks/ImageIO.framework/Versions/A/Resources/libJP2.dylib
0x0000000009377000 	/System/Library/Frameworks/ImageIO.framework/Versions/A/Resources/libRadiance.dylib
0x0000000009377000 	/usr/lib/libcups.2.dylib
0x0000000009377000 	/System/Library/Frameworks/Kerberos.framework/Versions/A/Kerberos
0x0000000009377000 	/System/Library/Frameworks/GSS.framework/Versions/A/GSS
0x0000000009377000 	/usr/lib/libresolv.9.dylib
0x0000000009377000 	/usr/lib/libiconv.2.dylib
0x0000000009377000 	/System/Library/PrivateFrameworks/Heimdal.framework/Versions/A/Heimdal
0x0000000009377000 	/System/Library/PrivateFrameworks/TrustEvaluationAgent.framework/Versions/A/TrustEvaluationAgent
0x0000000009377000 	/usr/lib/libheimdal-asn1.dylib
0x0000000009377000 	/System/Library/Frameworks/OpenDirectory.framework/Versions/A/OpenDirectory
0x0000000009377000 	/System/Library/PrivateFrameworks/CommonAuth.framework/Versions/A/CommonAuth
0x0000000009377000 	/System/Library/Frameworks/SecurityFoundation.framework/Versions/A/SecurityFoundation
0x0000000009377000 	/System/Library/PrivateFrameworks/Bom.framework/Versions/A/Bom
0x0000000009377000 	/System/Library/Frameworks/CoreVideo.framework/Versions/A/CoreVideo
0x0000000009377000 	/System/Library/Frameworks/QuartzCore.framework/Versions/A/Frameworks/CoreImage.framework/Versions/A/CoreImage
0x0000000009377000 	/System/Library/Frameworks/QuartzCore.framework/Versions/A/Frameworks/ScalableUserInterface.framework/Versions/A/ScalableUserInterface
0x0000000009377000 	/System/Library/Frameworks/OpenGL.framework/Versions/A/Libraries/libGLU.dylib
0x0000000009377000 	/System/Library/Frameworks/OpenGL.framework/Versions/A/Libraries/libGFXShared.dylib
0x0000000009377000 	/System/Library/Frameworks/OpenGL.framework/Versions/A/Libraries/libGL.dylib
0x0000000009377000 	/System/Library/Frameworks/OpenGL.framework/Versions/A/Libraries/libGLImage.dylib
0x0000000009377000 	/System/Library/Frameworks/OpenGL.framework/Versions/A/Libraries/libCVMSPluginSupport.dylib
0x0000000009377000 	/System/Library/Frameworks/OpenGL.framework/Versions/A/Libraries/libCoreVMClient.dylib
0x0000000009377000 	/System/Library/PrivateFrameworks/FaceCore.framework/Versions/A/FaceCore
0x0000000009377000 	/System/Library/PrivateFrameworks/CrashReporterSupport.framework/Versions/A/CrashReporterSupport
0x0000000009377000 	/System/Library/Frameworks/OpenCL.framework/Versions/A/OpenCL
0x0000000009377000 	/System/Library/PrivateFrameworks/AppleFSCompression.framework/Versions/A/AppleFSCompression
0x0000000009377000 	/System/Library/PrivateFrameworks/Ubiquity.framework/Versions/A/Ubiquity
0x0000000009377000 	/System/Library/PrivateFrameworks/IconServices.framework/Versions/A/IconServices
0x0000000009377000 	/System/Library/PrivateFrameworks/ChunkingLibrary.framework/Versions/A/ChunkingLibrary
0x0000000009377000 	/System/Library/PrivateFrameworks/CoreSymbolication.framework/Versions/A/CoreSymbolication
0x0000000009377000 	/System/Library/PrivateFrameworks/Symbolication.framework/Versions/A/Symbolication
0x0000000009377000 	/System/Library/PrivateFrameworks/DebugSymbols.framework/Versions/A/DebugSymbols
0x000000010db28000 	/Library/Java/JavaVirtualMachines/jdk1.8.0_77.jdk/Contents/Home/jre/lib/server/libjvm.dylib
0x0000000009377000 	/usr/lib/libstdc++.6.dylib
0x000000010ebd0000 	/Library/Java/JavaVirtualMachines/jdk1.8.0_77.jdk/Contents/Home/jre/lib/libverify.dylib
0x000000010f400000 	/Library/Java/JavaVirtualMachines/jdk1.8.0_77.jdk/Contents/Home/jre/lib/libjava.dylib
0x000000010ebe8000 	/Library/Java/JavaVirtualMachines/jdk1.8.0_77.jdk/Contents/Home/jre/lib/libzip.dylib
0x0000000122f43000 	/System/Library/Frameworks/JavaVM.framework/Frameworks/JavaRuntimeSupport.framework/JavaRuntimeSupport
0x0000000122f5b000 	/System/Library/Frameworks/JavaVM.framework/Versions/A/Frameworks/JavaNativeFoundation.framework/Versions/A/JavaNativeFoundation
0x000000010ebf2000 	/System/Library/Frameworks/JavaVM.framework/Versions/A/JavaVM
0x0000000009377000 	/System/Library/Frameworks/Carbon.framework/Versions/A/Carbon
0x0000000122f70000 	/System/Library/PrivateFrameworks/JavaLaunching.framework/Versions/A/JavaLaunching
0x0000000009377000 	/System/Library/Frameworks/Carbon.framework/Versions/A/Frameworks/CommonPanels.framework/Versions/A/CommonPanels
0x0000000009377000 	/System/Library/Frameworks/Carbon.framework/Versions/A/Frameworks/Help.framework/Versions/A/Help
0x0000000009377000 	/System/Library/Frameworks/Carbon.framework/Versions/A/Frameworks/ImageCapture.framework/Versions/A/ImageCapture
0x0000000009377000 	/System/Library/Frameworks/Carbon.framework/Versions/A/Frameworks/OpenScripting.framework/Versions/A/OpenScripting
0x0000000009377000 	/System/Library/Frameworks/Carbon.framework/Versions/A/Frameworks/Print.framework/Versions/A/Print
0x0000000009377000 	/System/Library/Frameworks/Carbon.framework/Versions/A/Frameworks/SecurityHI.framework/Versions/A/SecurityHI
0x00000001236e0000 	/Library/Java/JavaVirtualMachines/jdk1.8.0_77.jdk/Contents/Home/jre/lib/libawt.dylib
0x0000000123788000 	/Library/Java/JavaVirtualMachines/jdk1.8.0_77.jdk/Contents/Home/jre/lib/./libmlib_image.dylib
0x0000000123854000 	/Library/Java/JavaVirtualMachines/jdk1.8.0_77.jdk/Contents/Home/jre/lib/libawt_lwawt.dylib
0x0000000123909000 	/Library/Java/JavaVirtualMachines/jdk1.8.0_77.jdk/Contents/Home/jre/lib/./libosxapp.dylib
0x0000000009377000 	/System/Library/Frameworks/ExceptionHandling.framework/Versions/A/ExceptionHandling
0x0000000009377000 	/System/Library/PrivateFrameworks/CoreServicesInternal.framework/Versions/A/CoreServicesInternal
0x0000000009377000 	/System/Library/PrivateFrameworks/Librarian.framework/Versions/A/Librarian
0x0000000009377000 	/System/Library/Frameworks/CoreGraphics.framework/Versions/A/Resources/libCGCMS.A.dylib
0x0000000009377000 	/System/Library/Frameworks/CoreGraphics.framework/Versions/A/Resources/libRIP.A.dylib
0x0000000009377000 	/System/Library/Frameworks/CoreGraphics.framework/Versions/A/Resources/libCGXType.A.dylib
0x0000000009377000 	/System/Library/PrivateFrameworks/FamilyControls.framework/Versions/A/FamilyControls
0x0000000009377000 	/System/Library/PrivateFrameworks/CommerceKit.framework/Versions/A/Frameworks/CommerceCore.framework/Versions/A/CommerceCore
0x0000000009377000 	/System/Library/PrivateFrameworks/SystemAdministration.framework/Versions/A/SystemAdministration
0x0000000009377000 	/System/Library/Frameworks/DirectoryService.framework/Versions/A/DirectoryService
0x0000000009377000 	/System/Library/PrivateFrameworks/DiskImages.framework/Versions/A/DiskImages
0x0000000009377000 	/System/Library/PrivateFrameworks/LoginUIKit.framework/Versions/A/Frameworks/LoginUICore.framework/Versions/A/LoginUICore
0x0000000009377000 	/usr/lib/libCoreStorage.dylib
0x0000000009377000 	/usr/lib/libcsfde.dylib
0x0000000009377000 	/usr/lib/libodfde.dylib
0x0000000009377000 	/System/Library/Frameworks/DiscRecording.framework/Versions/A/DiscRecording
0x0000000009377000 	/usr/lib/libcurl.4.dylib
0x0000000009377000 	/System/Library/PrivateFrameworks/MediaKit.framework/Versions/A/MediaKit
0x0000000009377000 	/System/Library/PrivateFrameworks/EFILogin.framework/Versions/A/EFILogin
0x0000000009377000 	/usr/lib/libutil.dylib
0x0000000009377000 	/System/Library/PrivateFrameworks/AOSNotification.framework/Versions/A/AOSNotification
0x0000000009377000 	/System/Library/Frameworks/LDAP.framework/Versions/A/LDAP
0x0000000009377000 	/usr/lib/libsasl2.2.dylib
0x0000000009377000 	/usr/lib/libcrypto.0.9.8.dylib
0x0000000009377000 	/usr/lib/libssl.0.9.8.dylib
0x0000000009377000 	/System/Library/Frameworks/OpenGL.framework/Versions/A/Resources/GLEngine.bundle/GLEngine
0x0000000009377000 	/System/Library/Frameworks/OpenGL.framework/Versions/A/Libraries/libGLProgrammability.dylib
0x0000000127b9f000 	/System/Library/Extensions/AppleIntelHD5000GraphicsGLDriver.bundle/Contents/MacOS/AppleIntelHD5000GraphicsGLDriver
0x0000000009377000 	/System/Library/PrivateFrameworks/IOAccelerator.framework/Versions/A/IOAccelerator
0x0000000009377000 	/System/Library/PrivateFrameworks/GPUSupport.framework/Versions/A/Libraries/libGPUSupportMercury.dylib
0x0000000009377000 	/System/Library/Frameworks/OpenGL.framework/Versions/A/Resources/GLRendererFloat.bundle/GLRendererFloat
0x0000000009377000 	/System/Library/Frameworks/OpenCL.framework/Versions/A/Libraries/libcldcpuengine.dylib
0x0000000128efc000 	/Library/Java/JavaVirtualMachines/jdk1.8.0_77.jdk/Contents/Home/jre/lib/libfontmanager.dylib
0x000000012a6f2000 	/Library/Java/JavaVirtualMachines/jdk1.8.0_77.jdk/Contents/Home/jre/lib/libosxui.dylib
0x000000012a999000 	/Library/Java/JavaVirtualMachines/jdk1.8.0_77.jdk/Contents/Home/jre/lib/libnet.dylib
0x000000012a7aa000 	/Library/Java/JavaVirtualMachines/jdk1.8.0_77.jdk/Contents/Home/jre/lib/libnio.dylib
0x0000000009377000 	/System/Library/Frameworks/ApplicationServices.framework/Versions/A/Frameworks/ATS.framework/Versions/A/Resources/libTrueTypeScaler.dylib
0x000000017b164000 	/private/var/folders/vm/c6ql63410d962mlmgt4yhc5h0000gn/T/jogamp_0000/file_cache/jln2041633755221057840/jln2630780758196971000/libgluegen-rt.jnilib
0x000000012a756000 	/private/var/folders/vm/c6ql63410d962mlmgt4yhc5h0000gn/T/jogamp_0000/file_cache/jln2041633755221057840/jln2630780758196971000/libnativewindow_awt.jnilib
0x000000017b168000 	/Library/Java/JavaVirtualMachines/jdk1.8.0_77.jdk/Contents/Home/jre/lib/libjawt.dylib
0x000000017b668000 	/private/var/folders/vm/c6ql63410d962mlmgt4yhc5h0000gn/T/jogamp_0000/file_cache/jln2041633755221057840/jln2630780758196971000/libnativewindow_macosx.jnilib
0x000000017cbde000 	/private/var/folders/vm/c6ql63410d962mlmgt4yhc5h0000gn/T/jogamp_0000/file_cache/jln2041633755221057840/jln2630780758196971000/libjogl_desktop.jnilib

VM Arguments:
jvm_args: -Djava.security.policy=java.policy.applet -Dfile.encoding=UTF-8 
java_command: sun.applet.AppletViewer module3.EarthquakeCityMap1462669665316.html
java_class_path (initial): /Users/xingdu/Documents/workspace/UCSDUnfoldingMaps/build:/Users/xingdu/Documents/workspace/UCSDUnfoldingMaps/lib/core.jar:/Users/xingdu/Documents/workspace/UCSDUnfoldingMaps/lib/gluegen-rt.jar:/Users/xingdu/Documents/workspace/UCSDUnfoldingMaps/lib/jogl-all.jar:/Users/xingdu/Documents/workspace/UCSDUnfoldingMaps/lib/log4j-1.2.15.jar:/Users/xingdu/Documents/workspace/UCSDUnfoldingMaps/lib/sqlite-jdbc-3.7.2.jar:/Users/xingdu/Documents/workspace/UCSDUnfoldingMaps/lib/json4processing.jar:/Users/xingdu/Documents/workspace/UCSDUnfoldingMaps/lib/libTUIO.jar:/Users/xingdu/Documents/workspace/UCSDUnfoldingMaps/lib/unfolding.0.9.7-uscd.jar
Launcher Type: SUN_STANDARD

Environment Variables:
PATH=/usr/bin:/bin:/usr/sbin:/sbin
SHELL=/bin/bash

Signal Handlers:
SIGSEGV: [libjvm.dylib+0x5a6855], sa_mask[0]=11111111011111110111111111111111, sa_flags=SA_ONSTACK|SA_RESTART|SA_SIGINFO
SIGBUS: [libjvm.dylib+0x5a6855], sa_mask[0]=11111111011111110111111111111111, sa_flags=SA_RESTART|SA_SIGINFO
SIGFPE: [libjvm.dylib+0x4804ec], sa_mask[0]=11111111011111110111111111111111, sa_flags=SA_RESTART|SA_SIGINFO
SIGPIPE: [libjvm.dylib+0x4804ec], sa_mask[0]=11111111011111110111111111111111, sa_flags=SA_RESTART|SA_SIGINFO
SIGXFSZ: [libjvm.dylib+0x4804ec], sa_mask[0]=11111111011111110111111111111111, sa_flags=SA_RESTART|SA_SIGINFO
SIGILL: [libjvm.dylib+0x4804ec], sa_mask[0]=11111111011111110111111111111111, sa_flags=SA_RESTART|SA_SIGINFO
SIGUSR1: SIG_DFL, sa_mask[0]=00000000000000000000000000000000, sa_flags=SA_RESTART
SIGUSR2: [libjvm.dylib+0x48000a], sa_mask[0]=00100000000000000000000000000000, sa_flags=SA_RESTART|SA_SIGINFO
SIGHUP: [libjvm.dylib+0x47e5e1], sa_mask[0]=11111111011111110111111111111111, sa_flags=SA_RESTART|SA_SIGINFO
SIGINT: [libjvm.dylib+0x47e5e1], sa_mask[0]=11111111011111110111111111111111, sa_flags=SA_RESTART|SA_SIGINFO
SIGTERM: [libjvm.dylib+0x47e5e1], sa_mask[0]=11111111011111110111111111111111, sa_flags=SA_RESTART|SA_SIGINFO
SIGQUIT: [libjvm.dylib+0x47e5e1], sa_mask[0]=11111111011111110111111111111111, sa_flags=SA_RESTART|SA_SIGINFO


---------------  S Y S T E M  ---------------

OS:Bsduname:Darwin 13.4.0 Darwin Kernel Version 13.4.0: Wed Mar 18 16:20:14 PDT 2015; root:xnu-2422.115.14~1/RELEASE_X86_64 x86_64
rlimit: STACK 8192k, CORE 0k, NPROC 709, NOFILE 10240, AS infinity
load average:1.68 1.53 1.46

CPU:total 4 (2 cores per cpu, 2 threads per core) family 6 model 69 stepping 1, cmov, cx8, fxsr, mmx, sse, sse2, sse3, ssse3, sse4.1, sse4.2, popcnt, avx, avx2, aes, clmul, erms, lzcnt, ht, tsc, tscinvbit, bmi1, bmi2

Memory: 4k page, physical 4194304k(293360k free)

/proc/meminfo:


vm_info: Java HotSpot(TM) 64-Bit Server VM (25.77-b03) for bsd-amd64 JRE (1.8.0_77-b03), built on Mar 20 2016 22:14:03 by "java_re" with gcc 4.2.1 (Based on Apple Inc. build 5658) (LLVM build 2336.11.00)

time: Sat May  7 21:07:52 2016
elapsed time: 7 seconds (0d 0h 0m 7s)

