#
# A fatal error has been detected by the Java Runtime Environment:
#
#  SIGSEGV (0xb) at pc=0x00007fff89bb8097, pid=14598, tid=3335
#
# JRE version: Java(TM) SE Runtime Environment (8.0_77-b03) (build 1.8.0_77-b03)
# Java VM: Java HotSpot(TM) 64-Bit Server VM (25.77-b03 mixed mode bsd-amd64 compressed oops)
# Problematic frame:
# C  [libobjc.A.dylib+0x5097]  objc_msgSend+0x17
#
# Failed to write core dump. Core dumps have been disabled. To enable core dumping, try "ulimit -c unlimited" before starting Java again
#
# If you would like to submit a bug report, please visit:
#   http://bugreport.java.com/bugreport/crash.jsp
# The crash happened outside the Java Virtual Machine in native code.
# See problematic frame for where to report the bug.
#

---------------  T H R E A D  ---------------

Current thread (0x00007fb91b0be000):  JavaThread "AWT-AppKit" daemon [_thread_in_native, id=3335, stack(0x00007fff5bd92000,0x00007fff5c592000)]

siginfo: si_signo: 11 (SIGSEGV), si_code: 0 (unknown), si_addr: 0x0000000000000000

Registers:
RAX=0x00007fb91edb0400, RBX=0x0000000170e7c450, RCX=0x000000011dd52740, RDX=0x000000011fec10c0
RSP=0x00007fff5c58d2c8, RBP=0x00007fff5c58d380, RSI=0x00007fff9350c4c6, RDI=0x00007fb91edacad0
R8 =0x0000000000000000, R9 =0x00000000000006d0, R10=0x00007fff9350c4c6, R11=0x5000000000000000
R12=0x0000000000000000, R13=0x0000000172cd6128, R14=0x0000000170e7c440, R15=0x00007fb91b0be000
RIP=0x00007fff89bb8097, EFLAGS=0x0000000000010246, ERR=0x0000000000000000
  TRAPNO=0x000000000000000d

Top of Stack: (sp=0x00007fff5c58d2c8)
0x00007fff5c58d2c8:   0000000170e7a157 00007fff5c58d320
0x00007fff5c58d2d8:   0000000000000003 00007fff5c58d300
0x00007fff5c58d2e8:   000000010395db02 0000000172cd6128
0x00007fff5c58d2f8:   0000000172cd6128 00007fb91edb0400
0x00007fff5c58d308:   0000000170e7c6a0 0000000170e7c710
0x00007fff5c58d318:   00007fff77a31fb0 00007fff7646c420
0x00007fff5c58d328:   0000000170e7c450 0000000170e7c690
0x00007fff5c58d338:   00007fb91edb0400 00007fb91edacad0
0x00007fff5c58d348:   00007fb91a621f80 00007fb91edb0400
0x00007fff5c58d358:   00007fb91edacad0 00007fff5c58d408
0x00007fff5c58d368:   00007fb91b0be1f8 0000000172cd6128
0x00007fff5c58d378:   00007fff5c58d430 00007fff5c58d3f8
0x00007fff5c58d388:   0000000105118954 0000000172cd6128
0x00007fff5c58d398:   00007fff5c58d430 00007fff5c58d3f8
0x00007fff5c58d3a8:   00000001051186e7 00000001051186a2
0x00007fff5c58d3b8:   00007fff5c58d3b8 0000000172cd6128
0x00007fff5c58d3c8:   00007fff5c58d430 0000000172b3cec8
0x00007fff5c58d3d8:   0000000000000000 0000000172cd6128
0x00007fff5c58d3e8:   0000000000000000 00007fff5c58d418
0x00007fff5c58d3f8:   00007fff5c58d478 000000010510ac4d
0x00007fff5c58d408:   0000000780fda398 0000000105112578
0x00007fff5c58d418:   00007fb91edb0400 00007fff5c58d478
0x00007fff5c58d428:   00007fb91edacad0 0000000105113d82
0x00007fff5c58d438:   00007fff5c58d438 0000000172cd62f2
0x00007fff5c58d448:   00007fff5c58d4a0 0000000172b3cec8
0x00007fff5c58d458:   0000000000000000 0000000172cd6300
0x00007fff5c58d468:   00007fff5c58d418 00007fff5c58d488
0x00007fff5c58d478:   00007fff5c58d4e8 000000010510ac4d
0x00007fff5c58d488:   00007fb91edb0400 0000000780f1bea0
0x00007fff5c58d498:   00007fb91edacad0 0000000780f1bea0
0x00007fff5c58d4a8:   00007fff5c58d4a8 0000000179660846
0x00007fff5c58d4b8:   00007fff5c58d4f8 0000000179660900 

Instructions: (pc=0x00007fff89bb8097)
0x00007fff89bb8077:   90 90 90 90 90 90 90 90 90 48 85 ff 2e 74 72 40
0x00007fff89bb8087:   f6 c7 01 2e 0f 85 7e 00 00 00 4c 8b 1f 49 89 f2
0x00007fff89bb8097:   45 23 53 18 49 c1 e2 04 4d 03 53 10 49 3b 32 75
0x00007fff89bb80a7:   04 41 ff 62 08 49 83 3a 00 74 74 4d 3b 53 10 74 

Register to memory mapping:

RAX=0x00007fb91edb0400 is an unknown value
RBX=0x0000000170e7c450: Java_jogamp_nativewindow_macosx_OSXUtil_GetScreenRefreshRate0+0x1cf0 in /private/var/folders/vm/c6ql63410d962mlmgt4yhc5h0000gn/T/jogamp_0000/file_cache/jln3056448728574798828/jln3635409419057132184/libnativewindow_macosx.jnilib at 0x0000000170e75000
RCX=0x000000011dd52740 is an unknown value
RDX=0x000000011fec10c0 is an unknown value
RSP=0x00007fff5c58d2c8 is pointing into the stack for thread: 0x00007fb91b0be000
RBP=0x00007fff5c58d380 is pointing into the stack for thread: 0x00007fb91b0be000
RSI=0x00007fff9350c4c6: NSAppKitVersionNumber+0x12eb6 in /System/Library/Frameworks/AppKit.framework/Versions/C/AppKit at 0x00007fff92aa9000
RDI=0x00007fb91edacad0 is an unknown value
R8 =0x0000000000000000 is an unknown value
R9 =0x00000000000006d0 is an unknown value
R10=0x00007fff9350c4c6: NSAppKitVersionNumber+0x12eb6 in /System/Library/Frameworks/AppKit.framework/Versions/C/AppKit at 0x00007fff92aa9000
R11=0x5000000000000000 is an unknown value
R12=0x0000000000000000 is an unknown value
R13={method} {0x0000000172cd6128} 'UnsetJAWTRootSurfaceLayer0' '(JJ)V' in 'jogamp/nativewindow/jawt/macosx/MacOSXJAWTWindow'
R14=0x0000000170e7c440: Java_jogamp_nativewindow_macosx_OSXUtil_GetScreenRefreshRate0+0x1ce0 in /private/var/folders/vm/c6ql63410d962mlmgt4yhc5h0000gn/T/jogamp_0000/file_cache/jln3056448728574798828/jln3635409419057132184/libnativewindow_macosx.jnilib at 0x0000000170e75000
R15=0x00007fb91b0be000 is a thread


Stack: [0x00007fff5bd92000,0x00007fff5c592000],  sp=0x00007fff5c58d2c8,  free space=8172k
Native frames: (J=compiled Java code, j=interpreted, Vv=VM code, C=native code)
C  [libobjc.A.dylib+0x5097]  objc_msgSend+0x17
j  jogamp.nativewindow.jawt.macosx.MacOSXJAWTWindow.UnsetJAWTRootSurfaceLayer0(JJ)V+0
j  jogamp.nativewindow.jawt.macosx.MacOSXJAWTWindow.access$200(JJ)V+2
j  jogamp.nativewindow.jawt.macosx.MacOSXJAWTWindow$1.run()V+38
J 2235 C1 com.jogamp.common.util.RunnableTask.run()V (345 bytes) @ 0x00000001058aac94 [0x00000001058aab00+0x194]
v  ~StubRoutines::call_stub
V  [libjvm.dylib+0x2ea39e]  JavaCalls::call_helper(JavaValue*, methodHandle*, JavaCallArguments*, Thread*)+0x6ae
V  [libjvm.dylib+0x3214a7]  jni_invoke_nonstatic(JNIEnv_*, JavaValue*, _jobject*, JNICallType, _jmethodID*, JNI_ArgumentPusher*, Thread*)+0x2ec
V  [libjvm.dylib+0x313c7b]  jni_CallVoidMethod+0x16b
C  [libnativewindow_macosx.jnilib+0x5326]  Java_jogamp_nativewindow_jawt_macosx_MacOSXJAWTWindow_UnsetJAWTRootSurfaceLayer0+0x2b6
C  [Foundation+0x6375e]  __NSThreadPerformPerform+0xe5
C  [CoreFoundation+0x7f5b1]  __CFRUNLOOP_IS_CALLING_OUT_TO_A_SOURCE0_PERFORM_FUNCTION__+0x11
C  [CoreFoundation+0x70d29]  __CFRunLoopDoSources0+0x1b9
C  [CoreFoundation+0x703ef]  __CFRunLoopRun+0x33f
C  [CoreFoundation+0x6fe75]  CFRunLoopRunSpecific+0x135
C  [HIToolbox+0x2ea0d]  RunCurrentEventLoopInMode+0xe2
C  [HIToolbox+0x2e685]  ReceiveNextEventCommon+0xad
C  [HIToolbox+0x2e5bc]  _BlockUntilNextEventMatchingListInModeWithFilter+0x41
C  [AppKit+0x2424e]  _DPSNextEvent+0x59a
C  [AppKit+0x2389b]  -[NSApplication nextEventMatchingMask:untilDate:inMode:dequeue:]+0x7a
C  [libosxapp.dylib+0x23aa]  -[NSApplicationAWT nextEventMatchingMask:untilDate:inMode:dequeue:]+0x7c
C  [AppKit+0x1799c]  -[NSApplication run]+0x229
C  [libosxapp.dylib+0x214d]  +[NSApplicationAWT runAWTLoopWithApp:]+0x9c
C  [libawt_lwawt.dylib+0x4455b]  -[AWTStarter starter:]+0x389
C  [Foundation+0x6375e]  __NSThreadPerformPerform+0xe5
C  [CoreFoundation+0x7f5b1]  __CFRUNLOOP_IS_CALLING_OUT_TO_A_SOURCE0_PERFORM_FUNCTION__+0x11
C  [CoreFoundation+0x70c62]  __CFRunLoopDoSources0+0xf2
C  [CoreFoundation+0x703ef]  __CFRunLoopRun+0x33f
C  [CoreFoundation+0x6fe75]  CFRunLoopRunSpecific+0x135
C  [java+0x6463]  CreateExecutionEnvironment+0x367
C  [java+0x21ac]  JLI_Launch+0x7a0
C  [java+0x84c0]  main+0x65
C  [java+0x1a04]  start+0x34
C  0x0000000000000007

Java frames: (J=compiled Java code, j=interpreted, Vv=VM code)
j  jogamp.nativewindow.jawt.macosx.MacOSXJAWTWindow.UnsetJAWTRootSurfaceLayer0(JJ)V+0
j  jogamp.nativewindow.jawt.macosx.MacOSXJAWTWindow.access$200(JJ)V+2
j  jogamp.nativewindow.jawt.macosx.MacOSXJAWTWindow$1.run()V+38
J 2235 C1 com.jogamp.common.util.RunnableTask.run()V (345 bytes) @ 0x00000001058aac94 [0x00000001058aab00+0x194]
v  ~StubRoutines::call_stub

---------------  P R O C E S S  ---------------

Java Threads: ( => current thread )
  0x00007fb92186b800 JavaThread "Thread-19" [_thread_blocked, id=14107, stack(0x000000017a7c0000,0x000000017a8c0000)]
  0x00007fb91b2b3000 JavaThread "AWT-EventQueue-1" [_thread_in_native, id=58379, stack(0x000000017140e000,0x000000017150e000)]
  0x00007fb91c0a2800 JavaThread "DestroyJavaVM" [_thread_blocked, id=6915, stack(0x0000000105001000,0x0000000105101000)]
  0x00007fb91b95b800 JavaThread "AWT-EventQueue-0" [_thread_blocked, id=56327, stack(0x0000000120544000,0x0000000120644000)]
  0x00007fb91a952800 JavaThread "Java2D Disposer" daemon [_thread_blocked, id=53811, stack(0x000000011f173000,0x000000011f273000)]
  0x00007fb91b164000 JavaThread "Java2D Queue Flusher" daemon [_thread_blocked, id=38999, stack(0x000000011ddda000,0x000000011deda000)]
  0x00007fb91b8d1800 JavaThread "AWT-Shutdown" [_thread_blocked, id=27151, stack(0x000000011acaf000,0x000000011adaf000)]
=>0x00007fb91b0be000 JavaThread "AWT-AppKit" daemon [_thread_in_native, id=3335, stack(0x00007fff5bd92000,0x00007fff5c592000)]
  0x00007fb91a82a000 JavaThread "Service Thread" daemon [_thread_blocked, id=20227, stack(0x0000000119158000,0x0000000119258000)]
  0x00007fb91b009000 JavaThread "C1 CompilerThread2" daemon [_thread_blocked, id=19715, stack(0x0000000119055000,0x0000000119155000)]
  0x00007fb91c009000 JavaThread "C2 CompilerThread1" daemon [_thread_blocked, id=19203, stack(0x0000000118f52000,0x0000000119052000)]
  0x00007fb91a829000 JavaThread "C2 CompilerThread0" daemon [_thread_blocked, id=18691, stack(0x0000000118e4f000,0x0000000118f4f000)]
  0x00007fb91a805800 JavaThread "Signal Dispatcher" daemon [_thread_blocked, id=18179, stack(0x0000000118d4c000,0x0000000118e4c000)]
  0x00007fb91c03b800 JavaThread "Finalizer" daemon [_thread_blocked, id=13059, stack(0x0000000118a78000,0x0000000118b78000)]
  0x00007fb91b031800 JavaThread "Reference Handler" daemon [_thread_blocked, id=12547, stack(0x0000000118975000,0x0000000118a75000)]

Other Threads:
  0x00007fb91c033800 VMThread [stack: 0x0000000118872000,0x0000000118972000] [id=12035]
  0x00007fb91b036800 WatcherThread [stack: 0x000000011925b000,0x000000011935b000] [id=20739]

VM state:not at safepoint (normal execution)

VM Mutex/Monitor currently owned by a thread: None

Heap:
 PSYoungGen      total 31232K, used 20626K [0x00000007aab00000, 0x00000007aec80000, 0x00000007c0000000)
  eden space 30208K, 68% used [0x00000007aab00000,0x00000007abf24b20,0x00000007ac880000)
  from space 1024K, 0% used [0x00000007aeb80000,0x00000007aeb80000,0x00000007aec80000)
  to   space 12288K, 0% used [0x00000007ad480000,0x00000007ad480000,0x00000007ae080000)
 ParOldGen       total 48128K, used 16986K [0x0000000780000000, 0x0000000782f00000, 0x00000007aab00000)
  object space 48128K, 35% used [0x0000000780000000,0x0000000781096b70,0x0000000782f00000)
 Metaspace       used 20992K, capacity 21215K, committed 21552K, reserved 1069056K
  class space    used 2038K, capacity 2112K, committed 2176K, reserved 1048576K

Card table byte_map: [0x00000001144c3000,0x00000001146c4000] byte_map_base: 0x00000001108c3000

Marking Bits: (ParMarkBitMap*) 0x0000000104050ea0
 Begin Bits: [0x0000000114c26000, 0x0000000115c26000)
 End Bits:   [0x0000000115c26000, 0x0000000116c26000)

Polling page: 0x0000000104755000

CodeCache: size=245760Kb used=9486Kb max_used=9517Kb free=236273Kb
 bounds [0x0000000105103000, 0x0000000105a63000, 0x0000000114103000]
 total_blobs=3473 nmethods=2584 adapters=802
 compilation: enabled

Compilation events (10 events):
Event: 23.072 Thread 0x00007fb91a829000 nmethod 2762 0x0000000105a2f4d0 code [0x0000000105a2f6a0, 0x0000000105a2fc28]
Event: 23.292 Thread 0x00007fb91b009000 2763       3       java.awt.Component::getParent (5 bytes)
Event: 23.292 Thread 0x00007fb91b009000 nmethod 2763 0x0000000105a25350 code [0x0000000105a254c0, 0x0000000105a256b0]
Event: 23.296 Thread 0x00007fb91b009000 2764   !   3       sun.lwawt.LWComponentPeer::isShowing (49 bytes)
Event: 23.297 Thread 0x00007fb91b009000 nmethod 2764 0x0000000105a2b710 code [0x0000000105a2b8c0, 0x0000000105a2c1a8]
Event: 23.325 Thread 0x00007fb91b009000 2765       1       sun.java2d.SurfaceData::isValid (5 bytes)
Event: 23.325 Thread 0x00007fb91b009000 nmethod 2765 0x00000001059f6d10 code [0x00000001059f6e60, 0x00000001059f6f70]
Event: 23.333 Thread 0x00007fb91b009000 2766       3       sun.misc.JarIndex::get (49 bytes)
Event: 23.334 Thread 0x00007fb91b009000 nmethod 2766 0x0000000105a2a990 code [0x0000000105a2ab60, 0x0000000105a2b3d8]
Event: 23.341 Thread 0x00007fb91c009000 nmethod 2761 0x0000000105a40590 code [0x0000000105a41320, 0x0000000105a47ff0]

GC Heap History (10 events):
Event: 10.778 GC heap before
{Heap before GC invocations=5 (full 0):
 PSYoungGen      total 35328K, used 35312K [0x00000007aab00000, 0x00000007ad000000, 0x00000007c0000000)
  eden space 32768K, 100% used [0x00000007aab00000,0x00000007acb00000,0x00000007acb00000)
  from space 2560K, 99% used [0x00000007acd80000,0x00000007acffc030,0x00000007ad000000)
  to   space 2560K, 0% used [0x00000007acb00000,0x00000007acb00000,0x00000007acd80000)
 ParOldGen       total 44032K, used 15455K [0x0000000780000000, 0x0000000782b00000, 0x00000007aab00000)
  object space 44032K, 35% used [0x0000000780000000,0x0000000780f17f10,0x0000000782b00000)
 Metaspace       used 20355K, capacity 20537K, committed 20864K, reserved 1069056K
  class space    used 2011K, capacity 2079K, committed 2176K, reserved 1048576K
Event: 10.791 GC heap after
Heap after GC invocations=5 (full 0):
 PSYoungGen      total 35328K, used 2545K [0x00000007aab00000, 0x00000007b0200000, 0x00000007c0000000)
  eden space 32768K, 0% used [0x00000007aab00000,0x00000007aab00000,0x00000007acb00000)
  from space 2560K, 99% used [0x00000007acb00000,0x00000007acd7c780,0x00000007acd80000)
  to   space 11776K, 0% used [0x00000007af680000,0x00000007af680000,0x00000007b0200000)
 ParOldGen       total 44032K, used 20115K [0x0000000780000000, 0x0000000782b00000, 0x00000007aab00000)
  object space 44032K, 45% used [0x0000000780000000,0x00000007813a4f00,0x0000000782b00000)
 Metaspace       used 20355K, capacity 20537K, committed 20864K, reserved 1069056K
  class space    used 2011K, capacity 2079K, committed 2176K, reserved 1048576K
}
Event: 15.360 GC heap before
{Heap before GC invocations=6 (full 0):
 PSYoungGen      total 35328K, used 35313K [0x00000007aab00000, 0x00000007b0200000, 0x00000007c0000000)
  eden space 32768K, 100% used [0x00000007aab00000,0x00000007acb00000,0x00000007acb00000)
  from space 2560K, 99% used [0x00000007acb00000,0x00000007acd7c780,0x00000007acd80000)
  to   space 11776K, 0% used [0x00000007af680000,0x00000007af680000,0x00000007b0200000)
 ParOldGen       total 44032K, used 20115K [0x0000000780000000, 0x0000000782b00000, 0x00000007aab00000)
  object space 44032K, 45% used [0x0000000780000000,0x00000007813a4f00,0x0000000782b00000)
 Metaspace       used 20658K, capacity 20857K, committed 21120K, reserved 1069056K
  class space    used 2011K, capacity 2079K, committed 2176K, reserved 1048576K
Event: 15.373 GC heap after
Heap after GC invocations=6 (full 0):
 PSYoungGen      total 34816K, used 2641K [0x00000007aab00000, 0x00000007af980000, 0x00000007c0000000)
  eden space 31744K, 0% used [0x00000007aab00000,0x00000007aab00000,0x00000007aca00000)
  from space 3072K, 85% used [0x00000007af680000,0x00000007af9147a0,0x00000007af980000)
  to   space 11776K, 0% used [0x00000007ae280000,0x00000007ae280000,0x00000007aee00000)
 ParOldGen       total 44032K, used 20115K [0x0000000780000000, 0x0000000782b00000, 0x00000007aab00000)
  object space 44032K, 45% used [0x0000000780000000,0x00000007813a4f00,0x0000000782b00000)
 Metaspace       used 20658K, capacity 20857K, committed 21120K, reserved 1069056K
  class space    used 2011K, capacity 2079K, committed 2176K, reserved 1048576K
}
Event: 19.711 GC heap before
{Heap before GC invocations=7 (full 0):
 PSYoungGen      total 34816K, used 34385K [0x00000007aab00000, 0x00000007af980000, 0x00000007c0000000)
  eden space 31744K, 100% used [0x00000007aab00000,0x00000007aca00000,0x00000007aca00000)
  from space 3072K, 85% used [0x00000007af680000,0x00000007af9147a0,0x00000007af980000)
  to   space 11776K, 0% used [0x00000007ae280000,0x00000007ae280000,0x00000007aee00000)
 ParOldGen       total 44032K, used 20115K [0x0000000780000000, 0x0000000782b00000, 0x00000007aab00000)
  object space 44032K, 45% used [0x0000000780000000,0x00000007813a4f00,0x0000000782b00000)
 Metaspace       used 20785K, capacity 20985K, committed 21296K, reserved 1069056K
  class space    used 2011K, capacity 2079K, committed 2176K, reserved 1048576K
Event: 19.727 GC heap after
Heap after GC invocations=7 (full 0):
 PSYoungGen      total 32768K, used 1633K [0x00000007aab00000, 0x00000007af700000, 0x00000007c0000000)
  eden space 30720K, 0% used [0x00000007aab00000,0x00000007aab00000,0x00000007ac900000)
  from space 2048K, 79% used [0x00000007ae280000,0x00000007ae418770,0x00000007ae480000)
  to   space 11776K, 0% used [0x00000007aeb80000,0x00000007aeb80000,0x00000007af700000)
 ParOldGen       total 44032K, used 21083K [0x0000000780000000, 0x0000000782b00000, 0x00000007aab00000)
  object space 44032K, 47% used [0x0000000780000000,0x0000000781496f70,0x0000000782b00000)
 Metaspace       used 20785K, capacity 20985K, committed 21296K, reserved 1069056K
  class space    used 2011K, capacity 2079K, committed 2176K, reserved 1048576K
}
Event: 21.350 GC heap before
{Heap before GC invocations=8 (full 0):
 PSYoungGen      total 32768K, used 13193K [0x00000007aab00000, 0x00000007af700000, 0x00000007c0000000)
  eden space 30720K, 37% used [0x00000007aab00000,0x00000007ab649ef0,0x00000007ac900000)
  from space 2048K, 79% used [0x00000007ae280000,0x00000007ae418770,0x00000007ae480000)
  to   space 11776K, 0% used [0x00000007aeb80000,0x00000007aeb80000,0x00000007af700000)
 ParOldGen       total 44032K, used 21083K [0x0000000780000000, 0x0000000782b00000, 0x00000007aab00000)
  object space 44032K, 47% used [0x0000000780000000,0x0000000781496f70,0x0000000782b00000)
 Metaspace       used 20922K, capacity 21049K, committed 21296K, reserved 1069056K
  class space    used 2027K, capacity 2079K, committed 2176K, reserved 1048576K
Event: 21.357 GC heap after
Heap after GC invocations=8 (full 0):
 PSYoungGen      total 31232K, used 544K [0x00000007aab00000, 0x00000007aec80000, 0x00000007c0000000)
  eden space 30208K, 0% used [0x00000007aab00000,0x00000007aab00000,0x00000007ac880000)
  from space 1024K, 53% used [0x00000007aeb80000,0x00000007aec08010,0x00000007aec80000)
  to   space 12288K, 0% used [0x00000007ad480000,0x00000007ad480000,0x00000007ae080000)
 ParOldGen       total 44032K, used 22238K [0x0000000780000000, 0x0000000782b00000, 0x00000007aab00000)
  object space 44032K, 50% used [0x0000000780000000,0x00000007815b79d0,0x0000000782b00000)
 Metaspace       used 20922K, capacity 21049K, committed 21296K, reserved 1069056K
  class space    used 2027K, capacity 2079K, committed 2176K, reserved 1048576K
}
Event: 21.357 GC heap before
{Heap before GC invocations=9 (full 1):
 PSYoungGen      total 31232K, used 544K [0x00000007aab00000, 0x00000007aec80000, 0x00000007c0000000)
  eden space 30208K, 0% used [0x00000007aab00000,0x00000007aab00000,0x00000007ac880000)
  from space 1024K, 53% used [0x00000007aeb80000,0x00000007aec08010,0x00000007aec80000)
  to   space 12288K, 0% used [0x00000007ad480000,0x00000007ad480000,0x00000007ae080000)
 ParOldGen       total 44032K, used 22238K [0x0000000780000000, 0x0000000782b00000, 0x00000007aab00000)
  object space 44032K, 50% used [0x0000000780000000,0x00000007815b79d0,0x0000000782b00000)
 Metaspace       used 20922K, capacity 21049K, committed 21296K, reserved 1069056K
  class space    used 2027K, capacity 2079K, committed 2176K, reserved 1048576K
Event: 21.444 GC heap after
Heap after GC invocations=9 (full 1):
 PSYoungGen      total 31232K, used 0K [0x00000007aab00000, 0x00000007aec80000, 0x00000007c0000000)
  eden space 30208K, 0% used [0x00000007aab00000,0x00000007aab00000,0x00000007ac880000)
  from space 1024K, 0% used [0x00000007aeb80000,0x00000007aeb80000,0x00000007aec80000)
  to   space 12288K, 0% used [0x00000007ad480000,0x00000007ad480000,0x00000007ae080000)
 ParOldGen       total 48128K, used 16986K [0x0000000780000000, 0x0000000782f00000, 0x00000007aab00000)
  object space 48128K, 35% used [0x0000000780000000,0x0000000781096b70,0x0000000782f00000)
 Metaspace       used 20922K, capacity 21049K, committed 21296K, reserved 1069056K
  class space    used 2027K, capacity 2079K, committed 2176K, reserved 1048576K
}

Deoptimization events (10 events):
Event: 21.665 Thread 0x00007fb91b2b3000 Uncommon trap: reason=null_check action=make_not_entrant pc=0x00000001059e9534 method=processing.opengl.PGraphicsOpenGL.getFontTexture(Lprocessing/core/PFont;)Lprocessing/opengl/FontTexture; @ 11
Event: 21.665 Thread 0x00007fb91b2b3000 Uncommon trap: reason=unstable_if action=reinterpret pc=0x000000010585112c method=com.jogamp.common.nio.Buffers.isDirect(Ljava/lang/Object;)Z @ 1
Event: 21.665 Thread 0x00007fb91b2b3000 Uncommon trap: reason=unstable_if action=reinterpret pc=0x00000001058416d8 method=com.jogamp.common.nio.Buffers.getDirectBufferByteOffset(Ljava/lang/Object;)I @ 1
Event: 21.672 Thread 0x00007fb91b2b3000 Uncommon trap: reason=unstable_if action=reinterpret pc=0x00000001058463f8 method=processing.core.PFont.indexActual(C)I @ 4
Event: 21.673 Thread 0x00007fb91b2b3000 Uncommon trap: reason=unstable_if action=reinterpret pc=0x000000010583b7cc method=processing.core.PFont.index(C)I @ 15
Event: 21.676 Thread 0x00007fb91b2b3000 Uncommon trap: reason=unstable_if action=reinterpret pc=0x000000010587b000 method=processing.core.PGraphics.text([CIIFF)V @ 41
Event: 21.679 Thread 0x00007fb91b2b3000 Uncommon trap: reason=unstable_if action=reinterpret pc=0x00000001055614f8 method=processing.opengl.PGraphicsOpenGL.checkTexture(Lprocessing/opengl/Texture;)V @ 18
Event: 23.295 Thread 0x00007fb91b95b800 Uncommon trap: reason=unstable_if action=reinterpret pc=0x000000010581bad4 method=java.awt.Font.equals(Ljava/lang/Object;)Z @ 2
Event: 23.324 Thread 0x00007fb91c0f6800 Uncommon trap: reason=unstable_if action=reinterpret pc=0x0000000105981978 method=java.util.HashMap.putVal(ILjava/lang/Object;Ljava/lang/Object;ZZ)Ljava/lang/Object; @ 81
Event: 23.337 Thread 0x00007fb92186b800 Uncommon trap: reason=predicate action=maybe_recompile pc=0x000000010583d0c0 method=java.util.Vector.indexOf(Ljava/lang/Object;I)I @ 44

Internal exceptions (10 events):
Event: 1.793 Thread 0x00007fb91a805000 Exception <a 'java/io/FileNotFoundException'> (0x00000007aad8b818) thrown at [/Users/java_re/workspace/8-2-build-macosx-x86_64/jdk8u77/6540/hotspot/src/share/vm/prims/jni.cpp, line 709]
Event: 1.793 Thread 0x00007fb91a805000 Exception <a 'java/io/FileNotFoundException'> (0x00000007aad8c360) thrown at [/Users/java_re/workspace/8-2-build-macosx-x86_64/jdk8u77/6540/hotspot/src/share/vm/prims/jni.cpp, line 709]
Event: 1.929 Thread 0x00007fb91a805000 Exception <a 'java/io/FileNotFoundException'> (0x00000007aae76e78) thrown at [/Users/java_re/workspace/8-2-build-macosx-x86_64/jdk8u77/6540/hotspot/src/share/vm/prims/jni.cpp, line 709]
Event: 5.225 Thread 0x00007fb91c03b800 Exception <a 'java/lang/NullPointerException'> (0x00000007aab838d8) thrown at [/Users/java_re/workspace/8-2-build-macosx-x86_64/jdk8u77/6540/hotspot/src/share/vm/interpreter/linkResolver.cpp, line 1178]
Event: 5.370 Thread 0x00007fb91c03d800 Exception <a 'java/lang/UnsatisfiedLinkError': com.jogamp.common.util.JarUtil.fixNativeLibAttribs(Ljava/lang/String;)Z> (0x00000007aafb0440) thrown at [/Users/java_re/workspace/8-2-build-macosx-x86_64/jdk8u77/6540/hotspot/src/share/vm/prims/nativeLookup.c
Event: 6.630 Thread 0x00007fb91b2b3000 Exception <a 'java/io/FileNotFoundException'> (0x00000007ab328e68) thrown at [/Users/java_re/workspace/8-2-build-macosx-x86_64/jdk8u77/6540/hotspot/src/share/vm/prims/jni.cpp, line 709]
Event: 6.630 Thread 0x00007fb91b2b3000 Exception <a 'java/io/FileNotFoundException'> (0x00000007ab3304e8) thrown at [/Users/java_re/workspace/8-2-build-macosx-x86_64/jdk8u77/6540/hotspot/src/share/vm/prims/jni.cpp, line 709]
Event: 6.630 Thread 0x00007fb91b2b3000 Implicit null exception at 0x00000001052ad035 to 0x00000001052ad3c1
Event: 21.665 Thread 0x00007fb91b2b3000 Implicit null exception at 0x00000001058510ac to 0x000000010585111e
Event: 21.665 Thread 0x00007fb91b2b3000 Implicit null exception at 0x00000001058415ef to 0x00000001058416c9

Events (10 events):
Event: 23.336 loading class java/awt/Toolkit$ToolkitEventMulticaster
Event: 23.336 loading class java/awt/Toolkit$ToolkitEventMulticaster done
Event: 23.336 Executing VM operation: RevokeBias
Event: 23.336 Executing VM operation: RevokeBias done
Event: 23.337 Thread 0x00007fb92186b800 Uncommon trap: trap_request=0xffffff86 fr.pc=0x000000010583d0c0
Event: 23.337 Thread 0x00007fb92186b800 DEOPT PACKING pc=0x000000010583d0c0 sp=0x000000017a8bf7f0
Event: 23.337 Thread 0x00007fb92186b800 DEOPT UNPACKING pc=0x0000000105108229 sp=0x000000017a8bf7a0 mode 2
Event: 23.337 loading class java/awt/Window$1DisposeAction
Event: 23.337 loading class java/awt/Window$1DisposeAction done
Event: 23.337 Thread 0x00007fb91c0f6800 Thread exited: 0x00007fb91c0f6800


Dynamic libraries:
0x000000000637b000 	/System/Library/Frameworks/Cocoa.framework/Versions/A/Cocoa
0x000000000637b000 	/System/Library/Frameworks/Security.framework/Versions/A/Security
0x000000000637b000 	/System/Library/Frameworks/ApplicationServices.framework/Versions/A/ApplicationServices
0x000000000637b000 	/usr/lib/libz.1.dylib
0x000000000637b000 	/usr/lib/libSystem.B.dylib
0x000000000637b000 	/usr/lib/libobjc.A.dylib
0x000000000637b000 	/System/Library/Frameworks/CoreFoundation.framework/Versions/A/CoreFoundation
0x000000000637b000 	/System/Library/Frameworks/Foundation.framework/Versions/C/Foundation
0x000000000637b000 	/System/Library/Frameworks/AppKit.framework/Versions/C/AppKit
0x000000000637b000 	/System/Library/Frameworks/CoreData.framework/Versions/A/CoreData
0x000000000637b000 	/System/Library/PrivateFrameworks/RemoteViewServices.framework/Versions/A/RemoteViewServices
0x000000000637b000 	/System/Library/Frameworks/AudioToolbox.framework/Versions/A/AudioToolbox
0x000000000637b000 	/System/Library/Frameworks/AudioUnit.framework/Versions/A/AudioUnit
0x000000000637b000 	/System/Library/PrivateFrameworks/DataDetectorsCore.framework/Versions/A/DataDetectorsCore
0x000000000637b000 	/System/Library/PrivateFrameworks/DesktopServicesPriv.framework/Versions/A/DesktopServicesPriv
0x000000000637b000 	/System/Library/Frameworks/Carbon.framework/Versions/A/Frameworks/HIToolbox.framework/Versions/A/HIToolbox
0x000000000637b000 	/System/Library/Frameworks/QuartzCore.framework/Versions/A/QuartzCore
0x000000000637b000 	/System/Library/Frameworks/Carbon.framework/Versions/A/Frameworks/SpeechRecognition.framework/Versions/A/SpeechRecognition
0x000000000637b000 	/usr/lib/libauto.dylib
0x000000000637b000 	/usr/lib/libicucore.A.dylib
0x000000000637b000 	/usr/lib/libxml2.2.dylib
0x000000000637b000 	/System/Library/PrivateFrameworks/CoreUI.framework/Versions/A/CoreUI
0x000000000637b000 	/System/Library/Frameworks/CoreAudio.framework/Versions/A/CoreAudio
0x000000000637b000 	/System/Library/Frameworks/DiskArbitration.framework/Versions/A/DiskArbitration
0x000000000637b000 	/usr/lib/liblangid.dylib
0x000000000637b000 	/System/Library/PrivateFrameworks/MultitouchSupport.framework/Versions/A/MultitouchSupport
0x000000000637b000 	/System/Library/Frameworks/IOKit.framework/Versions/A/IOKit
0x000000000637b000 	/usr/lib/libDiagnosticMessagesClient.dylib
0x000000000637b000 	/System/Library/Frameworks/CoreServices.framework/Versions/A/CoreServices
0x000000000637b000 	/System/Library/PrivateFrameworks/PerformanceAnalysis.framework/Versions/A/PerformanceAnalysis
0x000000000637b000 	/System/Library/PrivateFrameworks/GenerationalStorage.framework/Versions/A/GenerationalStorage
0x000000000637b000 	/System/Library/Frameworks/OpenGL.framework/Versions/A/OpenGL
0x000000000637b000 	/System/Library/PrivateFrameworks/Sharing.framework/Versions/A/Sharing
0x000000000637b000 	/System/Library/Frameworks/ImageIO.framework/Versions/A/ImageIO
0x000000000637b000 	/System/Library/Frameworks/CoreText.framework/Versions/A/CoreText
0x000000000637b000 	/System/Library/Frameworks/CoreGraphics.framework/Versions/A/CoreGraphics
0x000000000637b000 	/System/Library/PrivateFrameworks/Backup.framework/Versions/A/Backup
0x000000000637b000 	/System/Library/Frameworks/CFNetwork.framework/Versions/A/CFNetwork
0x000000000637b000 	/System/Library/Frameworks/SystemConfiguration.framework/Versions/A/SystemConfiguration
0x000000000637b000 	/usr/lib/libCRFSuite.dylib
0x000000000637b000 	/usr/lib/libc++.1.dylib
0x000000000637b000 	/usr/lib/libc++abi.dylib
0x000000000637b000 	/usr/lib/system/libcache.dylib
0x000000000637b000 	/usr/lib/system/libcommonCrypto.dylib
0x000000000637b000 	/usr/lib/system/libcompiler_rt.dylib
0x000000000637b000 	/usr/lib/system/libcopyfile.dylib
0x000000000637b000 	/usr/lib/system/libcorecrypto.dylib
0x000000000637b000 	/usr/lib/system/libdispatch.dylib
0x000000000637b000 	/usr/lib/system/libdyld.dylib
0x000000000637b000 	/usr/lib/system/libkeymgr.dylib
0x000000000637b000 	/usr/lib/system/liblaunch.dylib
0x000000000637b000 	/usr/lib/system/libmacho.dylib
0x000000000637b000 	/usr/lib/system/libquarantine.dylib
0x000000000637b000 	/usr/lib/system/libremovefile.dylib
0x000000000637b000 	/usr/lib/system/libsystem_asl.dylib
0x000000000637b000 	/usr/lib/system/libsystem_blocks.dylib
0x000000000637b000 	/usr/lib/system/libsystem_c.dylib
0x000000000637b000 	/usr/lib/system/libsystem_configuration.dylib
0x000000000637b000 	/usr/lib/system/libsystem_dnssd.dylib
0x000000000637b000 	/usr/lib/system/libsystem_info.dylib
0x000000000637b000 	/usr/lib/system/libsystem_kernel.dylib
0x000000000637b000 	/usr/lib/system/libsystem_m.dylib
0x000000000637b000 	/usr/lib/system/libsystem_malloc.dylib
0x000000000637b000 	/usr/lib/system/libsystem_network.dylib
0x000000000637b000 	/usr/lib/system/libsystem_notify.dylib
0x000000000637b000 	/usr/lib/system/libsystem_platform.dylib
0x000000000637b000 	/usr/lib/system/libsystem_pthread.dylib
0x000000000637b000 	/usr/lib/system/libsystem_sandbox.dylib
0x000000000637b000 	/usr/lib/system/libsystem_stats.dylib
0x000000000637b000 	/usr/lib/system/libunc.dylib
0x000000000637b000 	/usr/lib/system/libunwind.dylib
0x000000000637b000 	/usr/lib/system/libxpc.dylib
0x000000000637b000 	/usr/lib/libbsm.0.dylib
0x000000000637b000 	/usr/lib/libsqlite3.dylib
0x000000000637b000 	/usr/lib/libxar.1.dylib
0x000000000637b000 	/usr/lib/libpam.2.dylib
0x000000000637b000 	/usr/lib/libOpenScriptingUtil.dylib
0x000000000637b000 	/usr/lib/libbz2.1.0.dylib
0x000000000637b000 	/System/Library/Frameworks/CoreServices.framework/Versions/A/Frameworks/CarbonCore.framework/Versions/A/CarbonCore
0x000000000637b000 	/System/Library/Frameworks/CoreServices.framework/Versions/A/Frameworks/Metadata.framework/Versions/A/Metadata
0x000000000637b000 	/System/Library/Frameworks/CoreServices.framework/Versions/A/Frameworks/OSServices.framework/Versions/A/OSServices
0x000000000637b000 	/System/Library/Frameworks/CoreServices.framework/Versions/A/Frameworks/SearchKit.framework/Versions/A/SearchKit
0x000000000637b000 	/System/Library/Frameworks/CoreServices.framework/Versions/A/Frameworks/AE.framework/Versions/A/AE
0x000000000637b000 	/System/Library/Frameworks/CoreServices.framework/Versions/A/Frameworks/LaunchServices.framework/Versions/A/LaunchServices
0x000000000637b000 	/System/Library/Frameworks/CoreServices.framework/Versions/A/Frameworks/DictionaryServices.framework/Versions/A/DictionaryServices
0x000000000637b000 	/System/Library/Frameworks/NetFS.framework/Versions/A/NetFS
0x000000000637b000 	/usr/lib/system/libkxld.dylib
0x000000000637b000 	/System/Library/PrivateFrameworks/NetAuth.framework/Versions/A/NetAuth
0x000000000637b000 	/System/Library/PrivateFrameworks/TCC.framework/Versions/A/TCC
0x000000000637b000 	/System/Library/Frameworks/OpenDirectory.framework/Versions/A/Frameworks/CFOpenDirectory.framework/Versions/A/CFOpenDirectory
0x000000000637b000 	/System/Library/Frameworks/ServiceManagement.framework/Versions/A/ServiceManagement
0x000000000637b000 	/usr/lib/libxslt.1.dylib
0x000000000637b000 	/System/Library/Frameworks/Carbon.framework/Versions/A/Frameworks/Ink.framework/Versions/A/Ink
0x000000000637b000 	/System/Library/Frameworks/ApplicationServices.framework/Versions/A/Frameworks/ATS.framework/Versions/A/ATS
0x000000000637b000 	/System/Library/Frameworks/ApplicationServices.framework/Versions/A/Frameworks/ColorSync.framework/Versions/A/ColorSync
0x000000000637b000 	/System/Library/Frameworks/ApplicationServices.framework/Versions/A/Frameworks/HIServices.framework/Versions/A/HIServices
0x000000000637b000 	/System/Library/Frameworks/ApplicationServices.framework/Versions/A/Frameworks/LangAnalysis.framework/Versions/A/LangAnalysis
0x000000000637b000 	/System/Library/Frameworks/ApplicationServices.framework/Versions/A/Frameworks/PrintCore.framework/Versions/A/PrintCore
0x000000000637b000 	/System/Library/Frameworks/ApplicationServices.framework/Versions/A/Frameworks/QD.framework/Versions/A/QD
0x000000000637b000 	/System/Library/Frameworks/ApplicationServices.framework/Versions/A/Frameworks/SpeechSynthesis.framework/Versions/A/SpeechSynthesis
0x000000000637b000 	/System/Library/Frameworks/IOSurface.framework/Versions/A/IOSurface
0x000000000637b000 	/System/Library/Frameworks/Accelerate.framework/Versions/A/Accelerate
0x000000000637b000 	/System/Library/Frameworks/Accelerate.framework/Versions/A/Frameworks/vImage.framework/Versions/A/vImage
0x000000000637b000 	/System/Library/Frameworks/Accelerate.framework/Versions/A/Frameworks/vecLib.framework/Versions/A/vecLib
0x000000000637b000 	/System/Library/Frameworks/Accelerate.framework/Versions/A/Frameworks/vecLib.framework/Versions/A/libvDSP.dylib
0x000000000637b000 	/System/Library/Frameworks/Accelerate.framework/Versions/A/Frameworks/vecLib.framework/Versions/A/libvMisc.dylib
0x000000000637b000 	/System/Library/Frameworks/Accelerate.framework/Versions/A/Frameworks/vecLib.framework/Versions/A/libLAPACK.dylib
0x000000000637b000 	/System/Library/Frameworks/Accelerate.framework/Versions/A/Frameworks/vecLib.framework/Versions/A/libBLAS.dylib
0x000000000637b000 	/System/Library/Frameworks/ApplicationServices.framework/Versions/A/Frameworks/ATS.framework/Versions/A/Resources/libFontParser.dylib
0x000000000637b000 	/System/Library/Frameworks/ApplicationServices.framework/Versions/A/Frameworks/ATS.framework/Versions/A/Resources/libFontRegistry.dylib
0x000000000637b000 	/System/Library/Frameworks/ImageIO.framework/Versions/A/Resources/libJPEG.dylib
0x000000000637b000 	/System/Library/Frameworks/ImageIO.framework/Versions/A/Resources/libTIFF.dylib
0x000000000637b000 	/System/Library/Frameworks/ImageIO.framework/Versions/A/Resources/libPng.dylib
0x000000000637b000 	/System/Library/Frameworks/ImageIO.framework/Versions/A/Resources/libGIF.dylib
0x000000000637b000 	/System/Library/Frameworks/ImageIO.framework/Versions/A/Resources/libJP2.dylib
0x000000000637b000 	/System/Library/Frameworks/ImageIO.framework/Versions/A/Resources/libRadiance.dylib
0x000000000637b000 	/usr/lib/libcups.2.dylib
0x000000000637b000 	/System/Library/Frameworks/Kerberos.framework/Versions/A/Kerberos
0x000000000637b000 	/System/Library/Frameworks/GSS.framework/Versions/A/GSS
0x000000000637b000 	/usr/lib/libresolv.9.dylib
0x000000000637b000 	/usr/lib/libiconv.2.dylib
0x000000000637b000 	/System/Library/PrivateFrameworks/Heimdal.framework/Versions/A/Heimdal
0x000000000637b000 	/System/Library/PrivateFrameworks/TrustEvaluationAgent.framework/Versions/A/TrustEvaluationAgent
0x000000000637b000 	/usr/lib/libheimdal-asn1.dylib
0x000000000637b000 	/System/Library/Frameworks/OpenDirectory.framework/Versions/A/OpenDirectory
0x000000000637b000 	/System/Library/PrivateFrameworks/CommonAuth.framework/Versions/A/CommonAuth
0x000000000637b000 	/System/Library/Frameworks/SecurityFoundation.framework/Versions/A/SecurityFoundation
0x000000000637b000 	/System/Library/PrivateFrameworks/Bom.framework/Versions/A/Bom
0x000000000637b000 	/System/Library/Frameworks/CoreVideo.framework/Versions/A/CoreVideo
0x000000000637b000 	/System/Library/Frameworks/QuartzCore.framework/Versions/A/Frameworks/CoreImage.framework/Versions/A/CoreImage
0x000000000637b000 	/System/Library/Frameworks/QuartzCore.framework/Versions/A/Frameworks/ScalableUserInterface.framework/Versions/A/ScalableUserInterface
0x000000000637b000 	/System/Library/Frameworks/OpenGL.framework/Versions/A/Libraries/libGLU.dylib
0x000000000637b000 	/System/Library/Frameworks/OpenGL.framework/Versions/A/Libraries/libGFXShared.dylib
0x000000000637b000 	/System/Library/Frameworks/OpenGL.framework/Versions/A/Libraries/libGL.dylib
0x000000000637b000 	/System/Library/Frameworks/OpenGL.framework/Versions/A/Libraries/libGLImage.dylib
0x000000000637b000 	/System/Library/Frameworks/OpenGL.framework/Versions/A/Libraries/libCVMSPluginSupport.dylib
0x000000000637b000 	/System/Library/Frameworks/OpenGL.framework/Versions/A/Libraries/libCoreVMClient.dylib
0x000000000637b000 	/System/Library/PrivateFrameworks/FaceCore.framework/Versions/A/FaceCore
0x000000000637b000 	/System/Library/PrivateFrameworks/CrashReporterSupport.framework/Versions/A/CrashReporterSupport
0x000000000637b000 	/System/Library/Frameworks/OpenCL.framework/Versions/A/OpenCL
0x000000000637b000 	/System/Library/PrivateFrameworks/AppleFSCompression.framework/Versions/A/AppleFSCompression
0x000000000637b000 	/System/Library/PrivateFrameworks/Ubiquity.framework/Versions/A/Ubiquity
0x000000000637b000 	/System/Library/PrivateFrameworks/IconServices.framework/Versions/A/IconServices
0x000000000637b000 	/System/Library/PrivateFrameworks/ChunkingLibrary.framework/Versions/A/ChunkingLibrary
0x000000000637b000 	/System/Library/PrivateFrameworks/CoreSymbolication.framework/Versions/A/CoreSymbolication
0x000000000637b000 	/System/Library/PrivateFrameworks/Symbolication.framework/Versions/A/Symbolication
0x000000000637b000 	/System/Library/PrivateFrameworks/DebugSymbols.framework/Versions/A/DebugSymbols
0x000000010376d000 	/Library/Java/JavaVirtualMachines/jdk1.8.0_77.jdk/Contents/Home/jre/lib/server/libjvm.dylib
0x000000000637b000 	/usr/lib/libstdc++.6.dylib
0x0000000104712000 	/Library/Java/JavaVirtualMachines/jdk1.8.0_77.jdk/Contents/Home/jre/lib/libverify.dylib
0x0000000104720000 	/Library/Java/JavaVirtualMachines/jdk1.8.0_77.jdk/Contents/Home/jre/lib/libjava.dylib
0x000000010475f000 	/Library/Java/JavaVirtualMachines/jdk1.8.0_77.jdk/Contents/Home/jre/lib/libzip.dylib
0x0000000118b7a000 	/System/Library/Frameworks/JavaVM.framework/Frameworks/JavaRuntimeSupport.framework/JavaRuntimeSupport
0x0000000118b92000 	/System/Library/Frameworks/JavaVM.framework/Versions/A/Frameworks/JavaNativeFoundation.framework/Versions/A/JavaNativeFoundation
0x0000000118ba7000 	/System/Library/Frameworks/JavaVM.framework/Versions/A/JavaVM
0x000000000637b000 	/System/Library/Frameworks/Carbon.framework/Versions/A/Carbon
0x0000000118bb4000 	/System/Library/PrivateFrameworks/JavaLaunching.framework/Versions/A/JavaLaunching
0x000000000637b000 	/System/Library/Frameworks/Carbon.framework/Versions/A/Frameworks/CommonPanels.framework/Versions/A/CommonPanels
0x000000000637b000 	/System/Library/Frameworks/Carbon.framework/Versions/A/Frameworks/Help.framework/Versions/A/Help
0x000000000637b000 	/System/Library/Frameworks/Carbon.framework/Versions/A/Frameworks/ImageCapture.framework/Versions/A/ImageCapture
0x000000000637b000 	/System/Library/Frameworks/Carbon.framework/Versions/A/Frameworks/OpenScripting.framework/Versions/A/OpenScripting
0x000000000637b000 	/System/Library/Frameworks/Carbon.framework/Versions/A/Frameworks/Print.framework/Versions/A/Print
0x000000000637b000 	/System/Library/Frameworks/Carbon.framework/Versions/A/Frameworks/SecurityHI.framework/Versions/A/SecurityHI
0x00000001193a8000 	/Library/Java/JavaVirtualMachines/jdk1.8.0_77.jdk/Contents/Home/jre/lib/libawt.dylib
0x0000000119450000 	/Library/Java/JavaVirtualMachines/jdk1.8.0_77.jdk/Contents/Home/jre/lib/./libmlib_image.dylib
0x000000011951c000 	/Library/Java/JavaVirtualMachines/jdk1.8.0_77.jdk/Contents/Home/jre/lib/libawt_lwawt.dylib
0x00000001195d1000 	/Library/Java/JavaVirtualMachines/jdk1.8.0_77.jdk/Contents/Home/jre/lib/./libosxapp.dylib
0x000000000637b000 	/System/Library/Frameworks/ExceptionHandling.framework/Versions/A/ExceptionHandling
0x000000000637b000 	/System/Library/PrivateFrameworks/CoreServicesInternal.framework/Versions/A/CoreServicesInternal
0x000000000637b000 	/System/Library/PrivateFrameworks/Librarian.framework/Versions/A/Librarian
0x000000000637b000 	/System/Library/Frameworks/CoreGraphics.framework/Versions/A/Resources/libCGCMS.A.dylib
0x000000000637b000 	/System/Library/Frameworks/CoreGraphics.framework/Versions/A/Resources/libRIP.A.dylib
0x000000000637b000 	/System/Library/Frameworks/CoreGraphics.framework/Versions/A/Resources/libCGXType.A.dylib
0x000000000637b000 	/System/Library/PrivateFrameworks/FamilyControls.framework/Versions/A/FamilyControls
0x000000000637b000 	/System/Library/PrivateFrameworks/CommerceKit.framework/Versions/A/Frameworks/CommerceCore.framework/Versions/A/CommerceCore
0x000000000637b000 	/System/Library/PrivateFrameworks/SystemAdministration.framework/Versions/A/SystemAdministration
0x000000000637b000 	/System/Library/Frameworks/DirectoryService.framework/Versions/A/DirectoryService
0x000000000637b000 	/System/Library/PrivateFrameworks/DiskImages.framework/Versions/A/DiskImages
0x000000000637b000 	/System/Library/PrivateFrameworks/LoginUIKit.framework/Versions/A/Frameworks/LoginUICore.framework/Versions/A/LoginUICore
0x000000000637b000 	/usr/lib/libCoreStorage.dylib
0x000000000637b000 	/usr/lib/libcsfde.dylib
0x000000000637b000 	/usr/lib/libodfde.dylib
0x000000000637b000 	/System/Library/Frameworks/DiscRecording.framework/Versions/A/DiscRecording
0x000000000637b000 	/usr/lib/libcurl.4.dylib
0x000000000637b000 	/System/Library/PrivateFrameworks/MediaKit.framework/Versions/A/MediaKit
0x000000000637b000 	/System/Library/PrivateFrameworks/EFILogin.framework/Versions/A/EFILogin
0x000000000637b000 	/usr/lib/libutil.dylib
0x000000000637b000 	/System/Library/PrivateFrameworks/AOSNotification.framework/Versions/A/AOSNotification
0x000000000637b000 	/System/Library/Frameworks/LDAP.framework/Versions/A/LDAP
0x000000000637b000 	/usr/lib/libsasl2.2.dylib
0x000000000637b000 	/usr/lib/libcrypto.0.9.8.dylib
0x000000000637b000 	/usr/lib/libssl.0.9.8.dylib
0x000000000637b000 	/System/Library/Frameworks/OpenGL.framework/Versions/A/Resources/GLEngine.bundle/GLEngine
0x000000000637b000 	/System/Library/Frameworks/OpenGL.framework/Versions/A/Libraries/libGLProgrammability.dylib
0x000000011dedc000 	/System/Library/Extensions/AppleIntelHD5000GraphicsGLDriver.bundle/Contents/MacOS/AppleIntelHD5000GraphicsGLDriver
0x000000000637b000 	/System/Library/PrivateFrameworks/IOAccelerator.framework/Versions/A/IOAccelerator
0x000000000637b000 	/System/Library/PrivateFrameworks/GPUSupport.framework/Versions/A/Libraries/libGPUSupportMercury.dylib
0x000000000637b000 	/System/Library/Frameworks/OpenGL.framework/Versions/A/Resources/GLRendererFloat.bundle/GLRendererFloat
0x000000000637b000 	/System/Library/Frameworks/OpenCL.framework/Versions/A/Libraries/libcldcpuengine.dylib
0x000000011f275000 	/Library/Java/JavaVirtualMachines/jdk1.8.0_77.jdk/Contents/Home/jre/lib/libfontmanager.dylib
0x0000000120352000 	/Library/Java/JavaVirtualMachines/jdk1.8.0_77.jdk/Contents/Home/jre/lib/libosxui.dylib
0x0000000120718000 	/Library/Java/JavaVirtualMachines/jdk1.8.0_77.jdk/Contents/Home/jre/lib/libnet.dylib
0x000000012072f000 	/Library/Java/JavaVirtualMachines/jdk1.8.0_77.jdk/Contents/Home/jre/lib/libnio.dylib
0x000000000637b000 	/System/Library/Frameworks/ApplicationServices.framework/Versions/A/Frameworks/ATS.framework/Versions/A/Resources/libTrueTypeScaler.dylib
0x0000000170e3d000 	/private/var/folders/vm/c6ql63410d962mlmgt4yhc5h0000gn/T/jogamp_0000/file_cache/jln3056448728574798828/jln3635409419057132184/libgluegen-rt.jnilib
0x000000012035f000 	/private/var/folders/vm/c6ql63410d962mlmgt4yhc5h0000gn/T/jogamp_0000/file_cache/jln3056448728574798828/jln3635409419057132184/libnativewindow_awt.jnilib
0x0000000170e41000 	/Library/Java/JavaVirtualMachines/jdk1.8.0_77.jdk/Contents/Home/jre/lib/libjawt.dylib
0x0000000170e75000 	/private/var/folders/vm/c6ql63410d962mlmgt4yhc5h0000gn/T/jogamp_0000/file_cache/jln3056448728574798828/jln3635409419057132184/libnativewindow_macosx.jnilib
0x0000000172b70000 	/private/var/folders/vm/c6ql63410d962mlmgt4yhc5h0000gn/T/jogamp_0000/file_cache/jln3056448728574798828/jln3635409419057132184/libjogl_desktop.jnilib
0x0000000176632000 	/Library/Java/JavaVirtualMachines/jdk1.8.0_77.jdk/Contents/Home/jre/lib/libt2k.dylib

VM Arguments:
jvm_args: -Djava.security.policy=java.policy.applet -Dfile.encoding=UTF-8 
java_command: sun.applet.AppletViewer module5.EarthquakeCityMap1463878122653.html
java_class_path (initial): /Users/xingdu/Documents/workspace/UCSDUnfoldingMaps/build:/Users/xingdu/Documents/workspace/UCSDUnfoldingMaps/lib/core.jar:/Users/xingdu/Documents/workspace/UCSDUnfoldingMaps/lib/gluegen-rt.jar:/Users/xingdu/Documents/workspace/UCSDUnfoldingMaps/lib/jogl-all.jar:/Users/xingdu/Documents/workspace/UCSDUnfoldingMaps/lib/log4j-1.2.15.jar:/Users/xingdu/Documents/workspace/UCSDUnfoldingMaps/lib/sqlite-jdbc-3.7.2.jar:/Users/xingdu/Documents/workspace/UCSDUnfoldingMaps/lib/json4processing.jar:/Users/xingdu/Documents/workspace/UCSDUnfoldingMaps/lib/libTUIO.jar:/Users/xingdu/Documents/workspace/UCSDUnfoldingMaps/lib/unfolding.0.9.7-uscd.jar
Launcher Type: SUN_STANDARD

Environment Variables:
PATH=/usr/bin:/bin:/usr/sbin:/sbin
SHELL=/bin/bash

Signal Handlers:
SIGSEGV: [libjvm.dylib+0x5a6855], sa_mask[0]=11111111011111110111111111111111, sa_flags=SA_ONSTACK|SA_RESTART|SA_SIGINFO
SIGBUS: [libjvm.dylib+0x5a6855], sa_mask[0]=11111111011111110111111111111111, sa_flags=SA_RESTART|SA_SIGINFO
SIGFPE: [libjvm.dylib+0x4804ec], sa_mask[0]=11111111011111110111111111111111, sa_flags=SA_RESTART|SA_SIGINFO
SIGPIPE: [libjvm.dylib+0x4804ec], sa_mask[0]=11111111011111110111111111111111, sa_flags=SA_RESTART|SA_SIGINFO
SIGXFSZ: [libjvm.dylib+0x4804ec], sa_mask[0]=11111111011111110111111111111111, sa_flags=SA_RESTART|SA_SIGINFO
SIGILL: [libjvm.dylib+0x4804ec], sa_mask[0]=11111111011111110111111111111111, sa_flags=SA_RESTART|SA_SIGINFO
SIGUSR1: SIG_DFL, sa_mask[0]=00000000000000000000000000000000, sa_flags=SA_RESTART
SIGUSR2: [libjvm.dylib+0x48000a], sa_mask[0]=00100000000000000000000000000000, sa_flags=SA_RESTART|SA_SIGINFO
SIGHUP: [libjvm.dylib+0x47e5e1], sa_mask[0]=11111111011111110111111111111111, sa_flags=SA_RESTART|SA_SIGINFO
SIGINT: [libjvm.dylib+0x47e5e1], sa_mask[0]=11111111011111110111111111111111, sa_flags=SA_RESTART|SA_SIGINFO
SIGTERM: [libjvm.dylib+0x47e5e1], sa_mask[0]=11111111011111110111111111111111, sa_flags=SA_RESTART|SA_SIGINFO
SIGQUIT: [libjvm.dylib+0x47e5e1], sa_mask[0]=11111111011111110111111111111111, sa_flags=SA_RESTART|SA_SIGINFO


---------------  S Y S T E M  ---------------

OS:Bsduname:Darwin 13.4.0 Darwin Kernel Version 13.4.0: Wed Mar 18 16:20:14 PDT 2015; root:xnu-2422.115.14~1/RELEASE_X86_64 x86_64
rlimit: STACK 8192k, CORE 0k, NPROC 709, NOFILE 10240, AS infinity
load average:3.81 2.51 1.93

CPU:total 4 (2 cores per cpu, 2 threads per core) family 6 model 69 stepping 1, cmov, cx8, fxsr, mmx, sse, sse2, sse3, ssse3, sse4.1, sse4.2, popcnt, avx, avx2, aes, clmul, erms, lzcnt, ht, tsc, tscinvbit, bmi1, bmi2

Memory: 4k page, physical 4194304k(720504k free)

/proc/meminfo:


vm_info: Java HotSpot(TM) 64-Bit Server VM (25.77-b03) for bsd-amd64 JRE (1.8.0_77-b03), built on Mar 20 2016 22:14:03 by "java_re" with gcc 4.2.1 (Based on Apple Inc. build 5658) (LLVM build 2336.11.00)

time: Sat May 21 20:49:06 2016
elapsed time: 23 seconds (0d 0h 0m 23s)

