#
# A fatal error has been detected by the Java Runtime Environment:
#
#  SIGSEGV (0xb) at pc=0x00007fff89bb8097, pid=6975, tid=3335
#
# JRE version: Java(TM) SE Runtime Environment (8.0_77-b03) (build 1.8.0_77-b03)
# Java VM: Java HotSpot(TM) 64-Bit Server VM (25.77-b03 mixed mode bsd-amd64 compressed oops)
# Problematic frame:
# C  [libobjc.A.dylib+0x5097]  objc_msgSend+0x17
#
# Failed to write core dump. Core dumps have been disabled. To enable core dumping, try "ulimit -c unlimited" before starting Java again
#
# If you would like to submit a bug report, please visit:
#   http://bugreport.java.com/bugreport/crash.jsp
# The crash happened outside the Java Virtual Machine in native code.
# See problematic frame for where to report the bug.
#

---------------  T H R E A D  ---------------

Current thread (0x00007f92f2864000):  JavaThread "AWT-AppKit" daemon [_thread_in_native, id=3335, stack(0x00007fff548f0000,0x00007fff550f0000)]

siginfo: si_signo: 11 (SIGSEGV), si_code: 0 (unknown), si_addr: 0x0000000000000000

Registers:
RAX=0x00007f92f5ce85a0, RBX=0x0000000178288450, RCX=0x0000000126151220, RDX=0x0000000126151c00
RSP=0x00007fff550eb2c8, RBP=0x00007fff550eb380, RSI=0x00007fff9350c4c6, RDI=0x00007f92f5b73250
R8 =0x0000000000000000, R9 =0x00000000000006d0, R10=0x00007fff9350c4c6, R11=0x7000000000000000
R12=0x0000000000000000, R13=0x0000000179fec460, R14=0x0000000178288440, R15=0x00007f92f2864000
RIP=0x00007fff89bb8097, EFLAGS=0x0000000000010246, ERR=0x0000000000000000
  TRAPNO=0x000000000000000d

Top of Stack: (sp=0x00007fff550eb2c8)
0x00007fff550eb2c8:   0000000178286157 00007fff550eb320
0x00007fff550eb2d8:   0000000000000003 00007fff550eb300
0x00007fff550eb2e8:   000000010b7f0b02 0000000179fec460
0x00007fff550eb2f8:   0000000179fec460 00007f92f5ce85a0
0x00007fff550eb308:   00000001782886a0 0000000178288710
0x00007fff550eb318:   00007fff77a31fb0 00007fff7646c420
0x00007fff550eb328:   0000000178288450 0000000178288690
0x00007fff550eb338:   00007f92f5ce85a0 00007f92f5b73250
0x00007fff550eb348:   00007f92f0e2dd80 00007f92f5ce85a0
0x00007fff550eb358:   00007f92f5b73250 00007fff550eb408
0x00007fff550eb368:   00007f92f28641f8 0000000179fec460
0x00007fff550eb378:   00007fff550eb430 00007fff550eb3f8
0x00007fff550eb388:   000000010c5a4954 0000000179fec460
0x00007fff550eb398:   00007fff550eb430 00007fff550eb3f8
0x00007fff550eb3a8:   000000010c5a46e7 000000010c5a46a2
0x00007fff550eb3b8:   00007fff550eb3b8 0000000179fec460
0x00007fff550eb3c8:   00007fff550eb430 0000000179fef098
0x00007fff550eb3d8:   0000000000000000 0000000179fec460
0x00007fff550eb3e8:   0000000000000000 00007fff550eb418
0x00007fff550eb3f8:   00007fff550eb478 000000010c596c4d
0x00007fff550eb408:   00000007acbfcd28 000000010c59e578
0x00007fff550eb418:   00007f92f5ce85a0 00007fff550eb478
0x00007fff550eb428:   00007f92f5b73250 000000010c59fd82
0x00007fff550eb438:   00007fff550eb438 0000000179fec62a
0x00007fff550eb448:   00007fff550eb4a0 0000000179fef098
0x00007fff550eb458:   0000000000000000 0000000179fec638
0x00007fff550eb468:   00007fff550eb418 00007fff550eb488
0x00007fff550eb478:   00007fff550eb4e8 000000010c596c4d
0x00007fff550eb488:   00007f92f5ce85a0 00000007acc3e808
0x00007fff550eb498:   00007f92f5b73250 00000007acc3e808
0x00007fff550eb4a8:   00007fff550eb4a8 00000001818121a6
0x00007fff550eb4b8:   00007fff550eb4f8 0000000181812260 

Instructions: (pc=0x00007fff89bb8097)
0x00007fff89bb8077:   90 90 90 90 90 90 90 90 90 48 85 ff 2e 74 72 40
0x00007fff89bb8087:   f6 c7 01 2e 0f 85 7e 00 00 00 4c 8b 1f 49 89 f2
0x00007fff89bb8097:   45 23 53 18 49 c1 e2 04 4d 03 53 10 49 3b 32 75
0x00007fff89bb80a7:   04 41 ff 62 08 49 83 3a 00 74 74 4d 3b 53 10 74 

Register to memory mapping:

RAX=0x00007f92f5ce85a0 is an unknown value
RBX=0x0000000178288450: Java_jogamp_nativewindow_macosx_OSXUtil_GetScreenRefreshRate0+0x1cf0 in /private/var/folders/vm/c6ql63410d962mlmgt4yhc5h0000gn/T/jogamp_0000/file_cache/jln4132013596291827541/jln3230324178784218976/libnativewindow_macosx.jnilib at 0x0000000178281000
RCX=0x0000000126151220 is an unknown value
RDX=0x0000000126151c00 is an unknown value
RSP=0x00007fff550eb2c8 is pointing into the stack for thread: 0x00007f92f2864000
RBP=0x00007fff550eb380 is pointing into the stack for thread: 0x00007f92f2864000
RSI=0x00007fff9350c4c6: NSAppKitVersionNumber+0x12eb6 in /System/Library/Frameworks/AppKit.framework/Versions/C/AppKit at 0x00007fff92aa9000
RDI=0x00007f92f5b73250 is an unknown value
R8 =0x0000000000000000 is an unknown value
R9 =0x00000000000006d0 is an unknown value
R10=0x00007fff9350c4c6: NSAppKitVersionNumber+0x12eb6 in /System/Library/Frameworks/AppKit.framework/Versions/C/AppKit at 0x00007fff92aa9000
R11=0x7000000000000000 is an unknown value
R12=0x0000000000000000 is an unknown value
R13={method} {0x0000000179fec460} 'UnsetJAWTRootSurfaceLayer0' '(JJ)V' in 'jogamp/nativewindow/jawt/macosx/MacOSXJAWTWindow'
R14=0x0000000178288440: Java_jogamp_nativewindow_macosx_OSXUtil_GetScreenRefreshRate0+0x1ce0 in /private/var/folders/vm/c6ql63410d962mlmgt4yhc5h0000gn/T/jogamp_0000/file_cache/jln4132013596291827541/jln3230324178784218976/libnativewindow_macosx.jnilib at 0x0000000178281000
R15=0x00007f92f2864000 is a thread


Stack: [0x00007fff548f0000,0x00007fff550f0000],  sp=0x00007fff550eb2c8,  free space=8172k
Native frames: (J=compiled Java code, j=interpreted, Vv=VM code, C=native code)
C  [libobjc.A.dylib+0x5097]  objc_msgSend+0x17
j  jogamp.nativewindow.jawt.macosx.MacOSXJAWTWindow.UnsetJAWTRootSurfaceLayer0(JJ)V+0
j  jogamp.nativewindow.jawt.macosx.MacOSXJAWTWindow.access$200(JJ)V+2
j  jogamp.nativewindow.jawt.macosx.MacOSXJAWTWindow$1.run()V+38
J 2395 C1 com.jogamp.common.util.RunnableTask.run()V (345 bytes) @ 0x000000010cdbccd4 [0x000000010cdbcb40+0x194]
v  ~StubRoutines::call_stub
V  [libjvm.dylib+0x2ea39e]
V  [libjvm.dylib+0x3214a7]
V  [libjvm.dylib+0x313c7b]
C  [libnativewindow_macosx.jnilib+0x5326]  Java_jogamp_nativewindow_jawt_macosx_MacOSXJAWTWindow_UnsetJAWTRootSurfaceLayer0+0x2b6
C  [Foundation+0x6375e]  __NSThreadPerformPerform+0xe5
C  [CoreFoundation+0x7f5b1]  __CFRUNLOOP_IS_CALLING_OUT_TO_A_SOURCE0_PERFORM_FUNCTION__+0x11
C  [CoreFoundation+0x70d29]  __CFRunLoopDoSources0+0x1b9
C  [CoreFoundation+0x703ef]  __CFRunLoopRun+0x33f
C  [CoreFoundation+0x6fe75]  CFRunLoopRunSpecific+0x135
C  [HIToolbox+0x2ea0d]  RunCurrentEventLoopInMode+0xe2
C  [HIToolbox+0x2e685]  ReceiveNextEventCommon+0xad
C  [HIToolbox+0x2e5bc]  _BlockUntilNextEventMatchingListInModeWithFilter+0x41
C  [AppKit+0x2424e]  _DPSNextEvent+0x59a
C  [AppKit+0x2389b]  -[NSApplication nextEventMatchingMask:untilDate:inMode:dequeue:]+0x7a
C  [libosxapp.dylib+0x23aa]  -[NSApplicationAWT nextEventMatchingMask:untilDate:inMode:dequeue:]+0x7c
C  [AppKit+0x1799c]  -[NSApplication run]+0x229
C  [libosxapp.dylib+0x214d]  +[NSApplicationAWT runAWTLoopWithApp:]+0x9c
C  [libawt_lwawt.dylib+0x4455b]  -[AWTStarter starter:]+0x389
C  [Foundation+0x6375e]  __NSThreadPerformPerform+0xe5
C  [CoreFoundation+0x7f5b1]  __CFRUNLOOP_IS_CALLING_OUT_TO_A_SOURCE0_PERFORM_FUNCTION__+0x11
C  [CoreFoundation+0x70c62]  __CFRunLoopDoSources0+0xf2
C  [CoreFoundation+0x703ef]  __CFRunLoopRun+0x33f
C  [CoreFoundation+0x6fe75]  CFRunLoopRunSpecific+0x135
C  [java+0x6463]  CreateExecutionEnvironment+0x367
C  [java+0x21ac]  JLI_Launch+0x7a0
C  [java+0x84c0]  main+0x65
C  [java+0x1a04]  start+0x34
C  0x0000000000000007

Java frames: (J=compiled Java code, j=interpreted, Vv=VM code)
j  jogamp.nativewindow.jawt.macosx.MacOSXJAWTWindow.UnsetJAWTRootSurfaceLayer0(JJ)V+0
j  jogamp.nativewindow.jawt.macosx.MacOSXJAWTWindow.access$200(JJ)V+2
j  jogamp.nativewindow.jawt.macosx.MacOSXJAWTWindow$1.run()V+38
J 2395 C1 com.jogamp.common.util.RunnableTask.run()V (345 bytes) @ 0x000000010cdbccd4 [0x000000010cdbcb40+0x194]
v  ~StubRoutines::call_stub

---------------  P R O C E S S  ---------------

Java Threads: ( => current thread )
  0x00007f92f7864000 JavaThread "Thread-19" [_thread_blocked, id=35335, stack(0x000000017d0eb000,0x000000017d1eb000)]
  0x00007f92f612c000 JavaThread "Keep-Alive-Timer" daemon [_thread_blocked, id=61211, stack(0x000000017e8c9000,0x000000017e9c9000)]
  0x00007f92f1929000 JavaThread "Animation Thread" [_thread_blocked, id=54803, stack(0x0000000178317000,0x0000000178417000)]
  0x00007f92f11f1000 JavaThread "AWT-EventQueue-1" [_thread_in_native, id=55307, stack(0x0000000178813000,0x0000000178913000)]
  0x00007f92f208f800 JavaThread "DestroyJavaVM" [_thread_blocked, id=6403, stack(0x000000010ac26000,0x000000010ad26000)]
  0x00007f92f219e800 JavaThread "AWT-EventQueue-0" [_thread_blocked, id=52999, stack(0x00000001272ac000,0x00000001273ac000)]
  0x00007f92f2166000 JavaThread "Java2D Disposer" daemon [_thread_blocked, id=48691, stack(0x0000000125ee2000,0x0000000125fe2000)]
  0x00007f92f2147000 JavaThread "Java2D Queue Flusher" daemon [_thread_blocked, id=47367, stack(0x0000000124b85000,0x0000000124c85000)]
  0x00007f92f2132800 JavaThread "AWT-Shutdown" [_thread_blocked, id=28427, stack(0x0000000122151000,0x0000000122251000)]
=>0x00007f92f2864000 JavaThread "AWT-AppKit" daemon [_thread_in_native, id=3335, stack(0x00007fff548f0000,0x00007fff550f0000)]
  0x00007f92f2835800 JavaThread "Service Thread" daemon [_thread_blocked, id=19715, stack(0x000000012057a000,0x000000012067a000)]
  0x00007f92f1811000 JavaThread "C1 CompilerThread2" daemon [_thread_blocked, id=19203, stack(0x0000000120477000,0x0000000120577000)]
  0x00007f92f1810800 JavaThread "C2 CompilerThread1" daemon [_thread_blocked, id=18691, stack(0x0000000120374000,0x0000000120474000)]
  0x00007f92f180f000 JavaThread "C2 CompilerThread0" daemon [_thread_blocked, id=18179, stack(0x0000000120271000,0x0000000120371000)]
  0x00007f92f1806000 JavaThread "Signal Dispatcher" daemon [_thread_blocked, id=17667, stack(0x000000012016e000,0x000000012026e000)]
  0x00007f92f2833800 JavaThread "Finalizer" daemon [_thread_blocked, id=12547, stack(0x000000011ff1f000,0x000000012001f000)]
  0x00007f92f2831000 JavaThread "Reference Handler" daemon [_thread_blocked, id=12035, stack(0x000000011fe1c000,0x000000011ff1c000)]

Other Threads:
  0x00007f92f282c800 VMThread [stack: 0x000000011fd19000,0x000000011fe19000] [id=11523]
  0x00007f92f2026800 WatcherThread [stack: 0x000000012067d000,0x000000012077d000] [id=20227]

VM state:not at safepoint (normal execution)

VM Mutex/Monitor currently owned by a thread: None

Heap:
 PSYoungGen      total 35328K, used 28442K [0x00000007aab00000, 0x00000007aff00000, 0x00000007c0000000)
  eden space 32768K, 79% used [0x00000007aab00000,0x00000007ac44a998,0x00000007acb00000)
  from space 2560K, 99% used [0x00000007acb00000,0x00000007acd7c090,0x00000007acd80000)
  to   space 10240K, 0% used [0x00000007af500000,0x00000007af500000,0x00000007aff00000)
 ParOldGen       total 44032K, used 18165K [0x0000000780000000, 0x0000000782b00000, 0x00000007aab00000)
  object space 44032K, 41% used [0x0000000780000000,0x00000007811bd7e0,0x0000000782b00000)
 Metaspace       used 20865K, capacity 21079K, committed 21296K, reserved 1069056K
  class space    used 2044K, capacity 2112K, committed 2176K, reserved 1048576K

Card table byte_map: [0x000000011b94f000,0x000000011bb50000] byte_map_base: 0x0000000117d4f000

Marking Bits: (ParMarkBitMap*) 0x000000010bee3ea0
 Begin Bits: [0x000000011c0b2000, 0x000000011d0b2000)
 End Bits:   [0x000000011d0b2000, 0x000000011e0b2000)

Polling page: 0x000000010ad6b000

CodeCache: size=245760Kb used=9385Kb max_used=9397Kb free=236374Kb
 bounds [0x000000010c58f000, 0x000000010cecf000, 0x000000011b58f000]
 total_blobs=3565 nmethods=2676 adapters=802
 compilation: enabled

Compilation events (10 events):
Event: 13.510 Thread 0x00007f92f1811000 2685   !   3       sun.lwawt.LWComponentPeer::isShowing (49 bytes)
Event: 13.511 Thread 0x00007f92f1811000 nmethod 2685 0x000000010cebd990 code [0x000000010cebdb40, 0x000000010cebe428]
Event: 13.513 Thread 0x00007f92f1811000 2686       1       sun.java2d.SurfaceData::isValid (5 bytes)
Event: 13.513 Thread 0x00007f92f1811000 nmethod 2686 0x000000010cebbf50 code [0x000000010cebc0a0, 0x000000010cebc1b0]
Event: 13.527 Thread 0x00007f92f180f000 2687  s!   4       sun.misc.URLClassPath::getLoader (197 bytes)
Event: 13.534 Thread 0x00007f92f180f000 nmethod 2687 0x000000010cec2250 code [0x000000010cec23c0, 0x000000010cec2b98]
Event: 13.535 Thread 0x00007f92f1810800 2688  s    4       sun.misc.URLClassPath::getNextLoader (88 bytes)
Event: 13.541 Thread 0x00007f92f1810800 nmethod 2688 0x000000010cec2f50 code [0x000000010cec30c0, 0x000000010cec3838]
Event: 13.549 Thread 0x00007f92f1811000 2689       3       java.util.HashMap::clear (50 bytes)
Event: 13.549 Thread 0x00007f92f1811000 nmethod 2689 0x000000010cebd310 code [0x000000010cebd4a0, 0x000000010cebd870]

GC Heap History (10 events):
Event: 2.339 GC heap before
{Heap before GC invocations=1 (full 0):
 PSYoungGen      total 18944K, used 16384K [0x00000007aab00000, 0x00000007ac000000, 0x00000007c0000000)
  eden space 16384K, 100% used [0x00000007aab00000,0x00000007abb00000,0x00000007abb00000)
  from space 2560K, 0% used [0x00000007abd80000,0x00000007abd80000,0x00000007ac000000)
  to   space 2560K, 0% used [0x00000007abb00000,0x00000007abb00000,0x00000007abd80000)
 ParOldGen       total 44032K, used 0K [0x0000000780000000, 0x0000000782b00000, 0x00000007aab00000)
  object space 44032K, 0% used [0x0000000780000000,0x0000000780000000,0x0000000782b00000)
 Metaspace       used 11450K, capacity 11656K, committed 11904K, reserved 1060864K
  class space    used 1282K, capacity 1346K, committed 1408K, reserved 1048576K
Event: 2.346 GC heap after
Heap after GC invocations=1 (full 0):
 PSYoungGen      total 18944K, used 2556K [0x00000007aab00000, 0x00000007ac000000, 0x00000007c0000000)
  eden space 16384K, 0% used [0x00000007aab00000,0x00000007aab00000,0x00000007abb00000)
  from space 2560K, 99% used [0x00000007abb00000,0x00000007abd7f150,0x00000007abd80000)
  to   space 2560K, 0% used [0x00000007abd80000,0x00000007abd80000,0x00000007ac000000)
 ParOldGen       total 44032K, used 1097K [0x0000000780000000, 0x0000000782b00000, 0x00000007aab00000)
  object space 44032K, 2% used [0x0000000780000000,0x0000000780112730,0x0000000782b00000)
 Metaspace       used 11450K, capacity 11656K, committed 11904K, reserved 1060864K
  class space    used 1282K, capacity 1346K, committed 1408K, reserved 1048576K
}
Event: 2.758 GC heap before
{Heap before GC invocations=2 (full 0):
 PSYoungGen      total 18944K, used 18940K [0x00000007aab00000, 0x00000007ac000000, 0x00000007c0000000)
  eden space 16384K, 100% used [0x00000007aab00000,0x00000007abb00000,0x00000007abb00000)
  from space 2560K, 99% used [0x00000007abb00000,0x00000007abd7f150,0x00000007abd80000)
  to   space 2560K, 0% used [0x00000007abd80000,0x00000007abd80000,0x00000007ac000000)
 ParOldGen       total 44032K, used 1097K [0x0000000780000000, 0x0000000782b00000, 0x00000007aab00000)
  object space 44032K, 2% used [0x0000000780000000,0x0000000780112730,0x0000000782b00000)
 Metaspace       used 16050K, capacity 16219K, committed 16384K, reserved 1064960K
  class space    used 1633K, capacity 1692K, committed 1792K, reserved 1048576K
Event: 2.764 GC heap after
Heap after GC invocations=2 (full 0):
 PSYoungGen      total 18944K, used 2528K [0x00000007aab00000, 0x00000007ac000000, 0x00000007c0000000)
  eden space 16384K, 0% used [0x00000007aab00000,0x00000007aab00000,0x00000007abb00000)
  from space 2560K, 98% used [0x00000007abd80000,0x00000007abff8020,0x00000007ac000000)
  to   space 2560K, 0% used [0x00000007abb00000,0x00000007abb00000,0x00000007abd80000)
 ParOldGen       total 44032K, used 2540K [0x0000000780000000, 0x0000000782b00000, 0x00000007aab00000)
  object space 44032K, 5% used [0x0000000780000000,0x000000078027b030,0x0000000782b00000)
 Metaspace       used 16050K, capacity 16219K, committed 16384K, reserved 1064960K
  class space    used 1633K, capacity 1692K, committed 1792K, reserved 1048576K
}
Event: 3.345 GC heap before
{Heap before GC invocations=3 (full 0):
 PSYoungGen      total 18944K, used 18912K [0x00000007aab00000, 0x00000007ac000000, 0x00000007c0000000)
  eden space 16384K, 100% used [0x00000007aab00000,0x00000007abb00000,0x00000007abb00000)
  from space 2560K, 98% used [0x00000007abd80000,0x00000007abff8020,0x00000007ac000000)
  to   space 2560K, 0% used [0x00000007abb00000,0x00000007abb00000,0x00000007abd80000)
 ParOldGen       total 44032K, used 2540K [0x0000000780000000, 0x0000000782b00000, 0x00000007aab00000)
  object space 44032K, 5% used [0x0000000780000000,0x000000078027b030,0x0000000782b00000)
 Metaspace       used 17536K, capacity 17755K, committed 18048K, reserved 1064960K
  class space    used 1792K, capacity 1884K, committed 1920K, reserved 1048576K
Event: 3.356 GC heap after
Heap after GC invocations=3 (full 0):
 PSYoungGen      total 18944K, used 2544K [0x00000007aab00000, 0x00000007ad000000, 0x00000007c0000000)
  eden space 16384K, 0% used [0x00000007aab00000,0x00000007aab00000,0x00000007abb00000)
  from space 2560K, 99% used [0x00000007abb00000,0x00000007abd7c050,0x00000007abd80000)
  to   space 2560K, 0% used [0x00000007acd80000,0x00000007acd80000,0x00000007ad000000)
 ParOldGen       total 44032K, used 6629K [0x0000000780000000, 0x0000000782b00000, 0x00000007aab00000)
  object space 44032K, 15% used [0x0000000780000000,0x0000000780679768,0x0000000782b00000)
 Metaspace       used 17536K, capacity 17755K, committed 18048K, reserved 1064960K
  class space    used 1792K, capacity 1884K, committed 1920K, reserved 1048576K
}
Event: 3.824 GC heap before
{Heap before GC invocations=4 (full 0):
 PSYoungGen      total 18944K, used 18928K [0x00000007aab00000, 0x00000007ad000000, 0x00000007c0000000)
  eden space 16384K, 100% used [0x00000007aab00000,0x00000007abb00000,0x00000007abb00000)
  from space 2560K, 99% used [0x00000007abb00000,0x00000007abd7c050,0x00000007abd80000)
  to   space 2560K, 0% used [0x00000007acd80000,0x00000007acd80000,0x00000007ad000000)
 ParOldGen       total 44032K, used 6629K [0x0000000780000000, 0x0000000782b00000, 0x00000007aab00000)
  object space 44032K, 15% used [0x0000000780000000,0x0000000780679768,0x0000000782b00000)
 Metaspace       used 19890K, capacity 20103K, committed 20352K, reserved 1067008K
  class space    used 2030K, capacity 2110K, committed 2176K, reserved 1048576K
Event: 3.837 GC heap after
Heap after GC invocations=4 (full 0):
 PSYoungGen      total 35328K, used 2528K [0x00000007aab00000, 0x00000007ad000000, 0x00000007c0000000)
  eden space 32768K, 0% used [0x00000007aab00000,0x00000007aab00000,0x00000007acb00000)
  from space 2560K, 98% used [0x00000007acd80000,0x00000007acff80a0,0x00000007ad000000)
  to   space 2560K, 0% used [0x00000007acb00000,0x00000007acb00000,0x00000007acd80000)
 ParOldGen       total 44032K, used 13941K [0x0000000780000000, 0x0000000782b00000, 0x00000007aab00000)
  object space 44032K, 31% used [0x0000000780000000,0x0000000780d9d6d0,0x0000000782b00000)
 Metaspace       used 19890K, capacity 20103K, committed 20352K, reserved 1067008K
  class space    used 2030K, capacity 2110K, committed 2176K, reserved 1048576K
}
Event: 7.312 GC heap before
{Heap before GC invocations=5 (full 0):
 PSYoungGen      total 35328K, used 35296K [0x00000007aab00000, 0x00000007ad000000, 0x00000007c0000000)
  eden space 32768K, 100% used [0x00000007aab00000,0x00000007acb00000,0x00000007acb00000)
  from space 2560K, 98% used [0x00000007acd80000,0x00000007acff80a0,0x00000007ad000000)
  to   space 2560K, 0% used [0x00000007acb00000,0x00000007acb00000,0x00000007acd80000)
 ParOldGen       total 44032K, used 13941K [0x0000000780000000, 0x0000000782b00000, 0x00000007aab00000)
  object space 44032K, 31% used [0x0000000780000000,0x0000000780d9d6d0,0x0000000782b00000)
 Metaspace       used 20568K, capacity 20759K, committed 20864K, reserved 1069056K
  class space    used 2036K, capacity 2112K, committed 2176K, reserved 1048576K
Event: 7.323 GC heap after
Heap after GC invocations=5 (full 0):
 PSYoungGen      total 35328K, used 2544K [0x00000007aab00000, 0x00000007aff00000, 0x00000007c0000000)
  eden space 32768K, 0% used [0x00000007aab00000,0x00000007aab00000,0x00000007acb00000)
  from space 2560K, 99% used [0x00000007acb00000,0x00000007acd7c090,0x00000007acd80000)
  to   space 10240K, 0% used [0x00000007af500000,0x00000007af500000,0x00000007aff00000)
 ParOldGen       total 44032K, used 18165K [0x0000000780000000, 0x0000000782b00000, 0x00000007aab00000)
  object space 44032K, 41% used [0x0000000780000000,0x00000007811bd7e0,0x0000000782b00000)
 Metaspace       used 20568K, capacity 20759K, committed 20864K, reserved 1069056K
  class space    used 2036K, capacity 2112K, committed 2176K, reserved 1048576K
}

Deoptimization events (10 events):
Event: 2.412 Thread 0x00007f92f1929000 Uncommon trap: reason=unstable_if action=reinterpret pc=0x000000010c7c6094 method=java.lang.String.indexOf([CII[CIII)I @ 3
Event: 2.412 Thread 0x00007f92f1929000 Uncommon trap: reason=unstable_if action=reinterpret pc=0x000000010c74be18 method=java.lang.String.indexOf([CII[CIII)I @ 3
Event: 3.259 Thread 0x00007f92f11f1000 Uncommon trap: reason=unstable_if action=reinterpret pc=0x000000010c73d8d0 method=java.lang.AbstractStringBuilder.append(Ljava/lang/String;)Ljava/lang/AbstractStringBuilder; @ 1
Event: 3.477 Thread 0x00007f92f11f1000 Uncommon trap: reason=unstable_if action=reinterpret pc=0x000000010c95307c method=sun.misc.FloatingDecimal.readJavaFormatString(Ljava/lang/String;)Lsun/misc/FloatingDecimal$ASCIIToBinaryConverter; @ 445
Event: 3.695 Thread 0x00007f92f11f1000 Uncommon trap: reason=unstable_if action=reinterpret pc=0x000000010c942850 method=java.lang.String.trim()Ljava/lang/String; @ 23
Event: 3.816 Thread 0x00007f92f1e86000 Uncommon trap: reason=unstable_if action=reinterpret pc=0x000000010c959a54 method=java.lang.String.regionMatches(ZILjava/lang/String;II)Z @ 123
Event: 13.512 Thread 0x00007f92f219e800 Uncommon trap: reason=unstable_if action=reinterpret pc=0x000000010cd1f97c method=java.awt.font.FontRenderContext.equals(Ljava/awt/font/FontRenderContext;)Z @ 2
Event: 13.512 Thread 0x00007f92f219e800 Uncommon trap: reason=unstable_if action=reinterpret pc=0x000000010ccf0914 method=java.awt.Font.equals(Ljava/lang/Object;)Z @ 2
Event: 13.537 Thread 0x00007f92f11f1000 Uncommon trap: reason=unstable_if action=reinterpret pc=0x000000010ce8b1ec method=java.security.AccessControlContext.optimize()Ljava/security/AccessControlContext; @ 233
Event: 13.538 Thread 0x00007f92f7864000 Uncommon trap: reason=predicate action=maybe_recompile pc=0x000000010cd099f8 method=java.util.Vector.indexOf(Ljava/lang/Object;I)I @ 44

Internal exceptions (10 events):
Event: 0.189 Thread 0x00007f92f2801800 Exception <a 'java/lang/NoSuchFieldError': method resolution failed> (0x00000007aad02480) thrown at [/Users/java_re/workspace/8-2-build-macosx-x86_64/jdk8u77/6540/hotspot/src/share/vm/prims/methodHandles.cpp, line 1146]
Event: 0.193 Thread 0x00007f92f2801800 Exception <a 'java/lang/NoSuchFieldError': method resolution failed> (0x00000007aad0fc50) thrown at [/Users/java_re/workspace/8-2-build-macosx-x86_64/jdk8u77/6540/hotspot/src/share/vm/prims/methodHandles.cpp, line 1146]
Event: 0.336 Thread 0x00007f92f2801800 Exception <a 'java/io/FileNotFoundException'> (0x00000007aad8b810) thrown at [/Users/java_re/workspace/8-2-build-macosx-x86_64/jdk8u77/6540/hotspot/src/share/vm/prims/jni.cpp, line 709]
Event: 0.336 Thread 0x00007f92f2801800 Exception <a 'java/io/FileNotFoundException'> (0x00000007aad8c358) thrown at [/Users/java_re/workspace/8-2-build-macosx-x86_64/jdk8u77/6540/hotspot/src/share/vm/prims/jni.cpp, line 709]
Event: 0.453 Thread 0x00007f92f2801800 Exception <a 'java/io/FileNotFoundException'> (0x00000007aae76e78) thrown at [/Users/java_re/workspace/8-2-build-macosx-x86_64/jdk8u77/6540/hotspot/src/share/vm/prims/jni.cpp, line 709]
Event: 2.347 Thread 0x00007f92f2833800 Exception <a 'java/lang/NullPointerException'> (0x00000007aab846f8) thrown at [/Users/java_re/workspace/8-2-build-macosx-x86_64/jdk8u77/6540/hotspot/src/share/vm/interpreter/linkResolver.cpp, line 1178]
Event: 2.441 Thread 0x00007f92f1929000 Exception <a 'java/lang/UnsatisfiedLinkError': com.jogamp.common.util.JarUtil.fixNativeLibAttribs(Ljava/lang/String;)Z> (0x00000007aaff7ad8) thrown at [/Users/java_re/workspace/8-2-build-macosx-x86_64/jdk8u77/6540/hotspot/src/share/vm/prims/nativeLookup.c
Event: 3.259 Thread 0x00007f92f11f1000 Exception <a 'java/io/FileNotFoundException'> (0x00000007ab3319d8) thrown at [/Users/java_re/workspace/8-2-build-macosx-x86_64/jdk8u77/6540/hotspot/src/share/vm/prims/jni.cpp, line 709]
Event: 3.259 Thread 0x00007f92f11f1000 Exception <a 'java/io/FileNotFoundException'> (0x00000007ab339058) thrown at [/Users/java_re/workspace/8-2-build-macosx-x86_64/jdk8u77/6540/hotspot/src/share/vm/prims/jni.cpp, line 709]
Event: 3.259 Thread 0x00007f92f11f1000 Implicit null exception at 0x000000010c73d533 to 0x000000010c73d8bd

Events (10 events):
Event: 13.537 loading class java/awt/event/AWTEventListenerProxy
Event: 13.537 loading class java/awt/event/AWTEventListenerProxy done
Event: 13.537 loading class java/awt/Toolkit$ToolkitEventMulticaster
Event: 13.537 loading class java/awt/Toolkit$ToolkitEventMulticaster done
Event: 13.538 Thread 0x00007f92f184b800 Thread exited: 0x00007f92f184b800
Event: 13.538 Thread 0x00007f92f7864000 Uncommon trap: trap_request=0xffffff86 fr.pc=0x000000010cd099f8
Event: 13.538 Thread 0x00007f92f7864000 DEOPT PACKING pc=0x000000010cd099f8 sp=0x000000017d1ea7f0
Event: 13.538 Thread 0x00007f92f7864000 DEOPT UNPACKING pc=0x000000010c594229 sp=0x000000017d1ea7a0 mode 2
Event: 13.538 loading class java/awt/Window$1DisposeAction
Event: 13.538 loading class java/awt/Window$1DisposeAction done


Dynamic libraries:
0x000000000637b000 	/System/Library/Frameworks/Cocoa.framework/Versions/A/Cocoa
0x000000000637b000 	/System/Library/Frameworks/Security.framework/Versions/A/Security
0x000000000637b000 	/System/Library/Frameworks/ApplicationServices.framework/Versions/A/ApplicationServices
0x000000000637b000 	/usr/lib/libz.1.dylib
0x000000000637b000 	/usr/lib/libSystem.B.dylib
0x000000000637b000 	/usr/lib/libobjc.A.dylib
0x000000000637b000 	/System/Library/Frameworks/CoreFoundation.framework/Versions/A/CoreFoundation
0x000000000637b000 	/System/Library/Frameworks/Foundation.framework/Versions/C/Foundation
0x000000000637b000 	/System/Library/Frameworks/AppKit.framework/Versions/C/AppKit
0x000000000637b000 	/System/Library/Frameworks/CoreData.framework/Versions/A/CoreData
0x000000000637b000 	/System/Library/PrivateFrameworks/RemoteViewServices.framework/Versions/A/RemoteViewServices
0x000000000637b000 	/System/Library/Frameworks/AudioToolbox.framework/Versions/A/AudioToolbox
0x000000000637b000 	/System/Library/Frameworks/AudioUnit.framework/Versions/A/AudioUnit
0x000000000637b000 	/System/Library/PrivateFrameworks/DataDetectorsCore.framework/Versions/A/DataDetectorsCore
0x000000000637b000 	/System/Library/PrivateFrameworks/DesktopServicesPriv.framework/Versions/A/DesktopServicesPriv
0x000000000637b000 	/System/Library/Frameworks/Carbon.framework/Versions/A/Frameworks/HIToolbox.framework/Versions/A/HIToolbox
0x000000000637b000 	/System/Library/Frameworks/QuartzCore.framework/Versions/A/QuartzCore
0x000000000637b000 	/System/Library/Frameworks/Carbon.framework/Versions/A/Frameworks/SpeechRecognition.framework/Versions/A/SpeechRecognition
0x000000000637b000 	/usr/lib/libauto.dylib
0x000000000637b000 	/usr/lib/libicucore.A.dylib
0x000000000637b000 	/usr/lib/libxml2.2.dylib
0x000000000637b000 	/System/Library/PrivateFrameworks/CoreUI.framework/Versions/A/CoreUI
0x000000000637b000 	/System/Library/Frameworks/CoreAudio.framework/Versions/A/CoreAudio
0x000000000637b000 	/System/Library/Frameworks/DiskArbitration.framework/Versions/A/DiskArbitration
0x000000000637b000 	/usr/lib/liblangid.dylib
0x000000000637b000 	/System/Library/PrivateFrameworks/MultitouchSupport.framework/Versions/A/MultitouchSupport
0x000000000637b000 	/System/Library/Frameworks/IOKit.framework/Versions/A/IOKit
0x000000000637b000 	/usr/lib/libDiagnosticMessagesClient.dylib
0x000000000637b000 	/System/Library/Frameworks/CoreServices.framework/Versions/A/CoreServices
0x000000000637b000 	/System/Library/PrivateFrameworks/PerformanceAnalysis.framework/Versions/A/PerformanceAnalysis
0x000000000637b000 	/System/Library/PrivateFrameworks/GenerationalStorage.framework/Versions/A/GenerationalStorage
0x000000000637b000 	/System/Library/Frameworks/OpenGL.framework/Versions/A/OpenGL
0x000000000637b000 	/System/Library/PrivateFrameworks/Sharing.framework/Versions/A/Sharing
0x000000000637b000 	/System/Library/Frameworks/ImageIO.framework/Versions/A/ImageIO
0x000000000637b000 	/System/Library/Frameworks/CoreText.framework/Versions/A/CoreText
0x000000000637b000 	/System/Library/Frameworks/CoreGraphics.framework/Versions/A/CoreGraphics
0x000000000637b000 	/System/Library/PrivateFrameworks/Backup.framework/Versions/A/Backup
0x000000000637b000 	/System/Library/Frameworks/CFNetwork.framework/Versions/A/CFNetwork
0x000000000637b000 	/System/Library/Frameworks/SystemConfiguration.framework/Versions/A/SystemConfiguration
0x000000000637b000 	/usr/lib/libCRFSuite.dylib
0x000000000637b000 	/usr/lib/libc++.1.dylib
0x000000000637b000 	/usr/lib/libc++abi.dylib
0x000000000637b000 	/usr/lib/system/libcache.dylib
0x000000000637b000 	/usr/lib/system/libcommonCrypto.dylib
0x000000000637b000 	/usr/lib/system/libcompiler_rt.dylib
0x000000000637b000 	/usr/lib/system/libcopyfile.dylib
0x000000000637b000 	/usr/lib/system/libcorecrypto.dylib
0x000000000637b000 	/usr/lib/system/libdispatch.dylib
0x000000000637b000 	/usr/lib/system/libdyld.dylib
0x000000000637b000 	/usr/lib/system/libkeymgr.dylib
0x000000000637b000 	/usr/lib/system/liblaunch.dylib
0x000000000637b000 	/usr/lib/system/libmacho.dylib
0x000000000637b000 	/usr/lib/system/libquarantine.dylib
0x000000000637b000 	/usr/lib/system/libremovefile.dylib
0x000000000637b000 	/usr/lib/system/libsystem_asl.dylib
0x000000000637b000 	/usr/lib/system/libsystem_blocks.dylib
0x000000000637b000 	/usr/lib/system/libsystem_c.dylib
0x000000000637b000 	/usr/lib/system/libsystem_configuration.dylib
0x000000000637b000 	/usr/lib/system/libsystem_dnssd.dylib
0x000000000637b000 	/usr/lib/system/libsystem_info.dylib
0x000000000637b000 	/usr/lib/system/libsystem_kernel.dylib
0x000000000637b000 	/usr/lib/system/libsystem_m.dylib
0x000000000637b000 	/usr/lib/system/libsystem_malloc.dylib
0x000000000637b000 	/usr/lib/system/libsystem_network.dylib
0x000000000637b000 	/usr/lib/system/libsystem_notify.dylib
0x000000000637b000 	/usr/lib/system/libsystem_platform.dylib
0x000000000637b000 	/usr/lib/system/libsystem_pthread.dylib
0x000000000637b000 	/usr/lib/system/libsystem_sandbox.dylib
0x000000000637b000 	/usr/lib/system/libsystem_stats.dylib
0x000000000637b000 	/usr/lib/system/libunc.dylib
0x000000000637b000 	/usr/lib/system/libunwind.dylib
0x000000000637b000 	/usr/lib/system/libxpc.dylib
0x000000000637b000 	/usr/lib/libbsm.0.dylib
0x000000000637b000 	/usr/lib/libsqlite3.dylib
0x000000000637b000 	/usr/lib/libxar.1.dylib
0x000000000637b000 	/usr/lib/libpam.2.dylib
0x000000000637b000 	/usr/lib/libOpenScriptingUtil.dylib
0x000000000637b000 	/usr/lib/libbz2.1.0.dylib
0x000000000637b000 	/System/Library/Frameworks/CoreServices.framework/Versions/A/Frameworks/CarbonCore.framework/Versions/A/CarbonCore
0x000000000637b000 	/System/Library/Frameworks/CoreServices.framework/Versions/A/Frameworks/Metadata.framework/Versions/A/Metadata
0x000000000637b000 	/System/Library/Frameworks/CoreServices.framework/Versions/A/Frameworks/OSServices.framework/Versions/A/OSServices
0x000000000637b000 	/System/Library/Frameworks/CoreServices.framework/Versions/A/Frameworks/SearchKit.framework/Versions/A/SearchKit
0x000000000637b000 	/System/Library/Frameworks/CoreServices.framework/Versions/A/Frameworks/AE.framework/Versions/A/AE
0x000000000637b000 	/System/Library/Frameworks/CoreServices.framework/Versions/A/Frameworks/LaunchServices.framework/Versions/A/LaunchServices
0x000000000637b000 	/System/Library/Frameworks/CoreServices.framework/Versions/A/Frameworks/DictionaryServices.framework/Versions/A/DictionaryServices
0x000000000637b000 	/System/Library/Frameworks/NetFS.framework/Versions/A/NetFS
0x000000000637b000 	/usr/lib/system/libkxld.dylib
0x000000000637b000 	/System/Library/PrivateFrameworks/NetAuth.framework/Versions/A/NetAuth
0x000000000637b000 	/System/Library/PrivateFrameworks/TCC.framework/Versions/A/TCC
0x000000000637b000 	/System/Library/Frameworks/OpenDirectory.framework/Versions/A/Frameworks/CFOpenDirectory.framework/Versions/A/CFOpenDirectory
0x000000000637b000 	/System/Library/Frameworks/ServiceManagement.framework/Versions/A/ServiceManagement
0x000000000637b000 	/usr/lib/libxslt.1.dylib
0x000000000637b000 	/System/Library/Frameworks/Carbon.framework/Versions/A/Frameworks/Ink.framework/Versions/A/Ink
0x000000000637b000 	/System/Library/Frameworks/ApplicationServices.framework/Versions/A/Frameworks/ATS.framework/Versions/A/ATS
0x000000000637b000 	/System/Library/Frameworks/ApplicationServices.framework/Versions/A/Frameworks/ColorSync.framework/Versions/A/ColorSync
0x000000000637b000 	/System/Library/Frameworks/ApplicationServices.framework/Versions/A/Frameworks/HIServices.framework/Versions/A/HIServices
0x000000000637b000 	/System/Library/Frameworks/ApplicationServices.framework/Versions/A/Frameworks/LangAnalysis.framework/Versions/A/LangAnalysis
0x000000000637b000 	/System/Library/Frameworks/ApplicationServices.framework/Versions/A/Frameworks/PrintCore.framework/Versions/A/PrintCore
0x000000000637b000 	/System/Library/Frameworks/ApplicationServices.framework/Versions/A/Frameworks/QD.framework/Versions/A/QD
0x000000000637b000 	/System/Library/Frameworks/ApplicationServices.framework/Versions/A/Frameworks/SpeechSynthesis.framework/Versions/A/SpeechSynthesis
0x000000000637b000 	/System/Library/Frameworks/IOSurface.framework/Versions/A/IOSurface
0x000000000637b000 	/System/Library/Frameworks/Accelerate.framework/Versions/A/Accelerate
0x000000000637b000 	/System/Library/Frameworks/Accelerate.framework/Versions/A/Frameworks/vImage.framework/Versions/A/vImage
0x000000000637b000 	/System/Library/Frameworks/Accelerate.framework/Versions/A/Frameworks/vecLib.framework/Versions/A/vecLib
0x000000000637b000 	/System/Library/Frameworks/Accelerate.framework/Versions/A/Frameworks/vecLib.framework/Versions/A/libvDSP.dylib
0x000000000637b000 	/System/Library/Frameworks/Accelerate.framework/Versions/A/Frameworks/vecLib.framework/Versions/A/libvMisc.dylib
0x000000000637b000 	/System/Library/Frameworks/Accelerate.framework/Versions/A/Frameworks/vecLib.framework/Versions/A/libLAPACK.dylib
0x000000000637b000 	/System/Library/Frameworks/Accelerate.framework/Versions/A/Frameworks/vecLib.framework/Versions/A/libBLAS.dylib
0x000000000637b000 	/System/Library/Frameworks/ApplicationServices.framework/Versions/A/Frameworks/ATS.framework/Versions/A/Resources/libFontParser.dylib
0x000000000637b000 	/System/Library/Frameworks/ApplicationServices.framework/Versions/A/Frameworks/ATS.framework/Versions/A/Resources/libFontRegistry.dylib
0x000000000637b000 	/System/Library/Frameworks/ImageIO.framework/Versions/A/Resources/libJPEG.dylib
0x000000000637b000 	/System/Library/Frameworks/ImageIO.framework/Versions/A/Resources/libTIFF.dylib
0x000000000637b000 	/System/Library/Frameworks/ImageIO.framework/Versions/A/Resources/libPng.dylib
0x000000000637b000 	/System/Library/Frameworks/ImageIO.framework/Versions/A/Resources/libGIF.dylib
0x000000000637b000 	/System/Library/Frameworks/ImageIO.framework/Versions/A/Resources/libJP2.dylib
0x000000000637b000 	/System/Library/Frameworks/ImageIO.framework/Versions/A/Resources/libRadiance.dylib
0x000000000637b000 	/usr/lib/libcups.2.dylib
0x000000000637b000 	/System/Library/Frameworks/Kerberos.framework/Versions/A/Kerberos
0x000000000637b000 	/System/Library/Frameworks/GSS.framework/Versions/A/GSS
0x000000000637b000 	/usr/lib/libresolv.9.dylib
0x000000000637b000 	/usr/lib/libiconv.2.dylib
0x000000000637b000 	/System/Library/PrivateFrameworks/Heimdal.framework/Versions/A/Heimdal
0x000000000637b000 	/System/Library/PrivateFrameworks/TrustEvaluationAgent.framework/Versions/A/TrustEvaluationAgent
0x000000000637b000 	/usr/lib/libheimdal-asn1.dylib
0x000000000637b000 	/System/Library/Frameworks/OpenDirectory.framework/Versions/A/OpenDirectory
0x000000000637b000 	/System/Library/PrivateFrameworks/CommonAuth.framework/Versions/A/CommonAuth
0x000000000637b000 	/System/Library/Frameworks/SecurityFoundation.framework/Versions/A/SecurityFoundation
0x000000000637b000 	/System/Library/PrivateFrameworks/Bom.framework/Versions/A/Bom
0x000000000637b000 	/System/Library/Frameworks/CoreVideo.framework/Versions/A/CoreVideo
0x000000000637b000 	/System/Library/Frameworks/QuartzCore.framework/Versions/A/Frameworks/CoreImage.framework/Versions/A/CoreImage
0x000000000637b000 	/System/Library/Frameworks/QuartzCore.framework/Versions/A/Frameworks/ScalableUserInterface.framework/Versions/A/ScalableUserInterface
0x000000000637b000 	/System/Library/Frameworks/OpenGL.framework/Versions/A/Libraries/libGLU.dylib
0x000000000637b000 	/System/Library/Frameworks/OpenGL.framework/Versions/A/Libraries/libGFXShared.dylib
0x000000000637b000 	/System/Library/Frameworks/OpenGL.framework/Versions/A/Libraries/libGL.dylib
0x000000000637b000 	/System/Library/Frameworks/OpenGL.framework/Versions/A/Libraries/libGLImage.dylib
0x000000000637b000 	/System/Library/Frameworks/OpenGL.framework/Versions/A/Libraries/libCVMSPluginSupport.dylib
0x000000000637b000 	/System/Library/Frameworks/OpenGL.framework/Versions/A/Libraries/libCoreVMClient.dylib
0x000000000637b000 	/System/Library/PrivateFrameworks/FaceCore.framework/Versions/A/FaceCore
0x000000000637b000 	/System/Library/PrivateFrameworks/CrashReporterSupport.framework/Versions/A/CrashReporterSupport
0x000000000637b000 	/System/Library/Frameworks/OpenCL.framework/Versions/A/OpenCL
0x000000000637b000 	/System/Library/PrivateFrameworks/AppleFSCompression.framework/Versions/A/AppleFSCompression
0x000000000637b000 	/System/Library/PrivateFrameworks/Ubiquity.framework/Versions/A/Ubiquity
0x000000000637b000 	/System/Library/PrivateFrameworks/IconServices.framework/Versions/A/IconServices
0x000000000637b000 	/System/Library/PrivateFrameworks/ChunkingLibrary.framework/Versions/A/ChunkingLibrary
0x000000000637b000 	/System/Library/PrivateFrameworks/CoreSymbolication.framework/Versions/A/CoreSymbolication
0x000000000637b000 	/System/Library/PrivateFrameworks/Symbolication.framework/Versions/A/Symbolication
0x000000000637b000 	/System/Library/PrivateFrameworks/DebugSymbols.framework/Versions/A/DebugSymbols
0x000000010b600000 	/Library/Java/JavaVirtualMachines/jdk1.8.0_77.jdk/Contents/Home/jre/lib/server/libjvm.dylib
0x000000000637b000 	/usr/lib/libstdc++.6.dylib
0x000000010ad28000 	/Library/Java/JavaVirtualMachines/jdk1.8.0_77.jdk/Contents/Home/jre/lib/libverify.dylib
0x000000010ad36000 	/Library/Java/JavaVirtualMachines/jdk1.8.0_77.jdk/Contents/Home/jre/lib/libjava.dylib
0x000000010ad75000 	/Library/Java/JavaVirtualMachines/jdk1.8.0_77.jdk/Contents/Home/jre/lib/libzip.dylib
0x0000000120021000 	/System/Library/Frameworks/JavaVM.framework/Frameworks/JavaRuntimeSupport.framework/JavaRuntimeSupport
0x0000000120039000 	/System/Library/Frameworks/JavaVM.framework/Versions/A/Frameworks/JavaNativeFoundation.framework/Versions/A/JavaNativeFoundation
0x000000012004e000 	/System/Library/Frameworks/JavaVM.framework/Versions/A/JavaVM
0x000000000637b000 	/System/Library/Frameworks/Carbon.framework/Versions/A/Carbon
0x000000012005b000 	/System/Library/PrivateFrameworks/JavaLaunching.framework/Versions/A/JavaLaunching
0x000000000637b000 	/System/Library/Frameworks/Carbon.framework/Versions/A/Frameworks/CommonPanels.framework/Versions/A/CommonPanels
0x000000000637b000 	/System/Library/Frameworks/Carbon.framework/Versions/A/Frameworks/Help.framework/Versions/A/Help
0x000000000637b000 	/System/Library/Frameworks/Carbon.framework/Versions/A/Frameworks/ImageCapture.framework/Versions/A/ImageCapture
0x000000000637b000 	/System/Library/Frameworks/Carbon.framework/Versions/A/Frameworks/OpenScripting.framework/Versions/A/OpenScripting
0x000000000637b000 	/System/Library/Frameworks/Carbon.framework/Versions/A/Frameworks/Print.framework/Versions/A/Print
0x000000000637b000 	/System/Library/Frameworks/Carbon.framework/Versions/A/Frameworks/SecurityHI.framework/Versions/A/SecurityHI
0x00000001207c7000 	/Library/Java/JavaVirtualMachines/jdk1.8.0_77.jdk/Contents/Home/jre/lib/libawt.dylib
0x000000012086f000 	/Library/Java/JavaVirtualMachines/jdk1.8.0_77.jdk/Contents/Home/jre/lib/./libmlib_image.dylib
0x000000012093b000 	/Library/Java/JavaVirtualMachines/jdk1.8.0_77.jdk/Contents/Home/jre/lib/libawt_lwawt.dylib
0x00000001209f0000 	/Library/Java/JavaVirtualMachines/jdk1.8.0_77.jdk/Contents/Home/jre/lib/./libosxapp.dylib
0x000000000637b000 	/System/Library/Frameworks/ExceptionHandling.framework/Versions/A/ExceptionHandling
0x000000000637b000 	/System/Library/PrivateFrameworks/CoreServicesInternal.framework/Versions/A/CoreServicesInternal
0x000000000637b000 	/System/Library/PrivateFrameworks/Librarian.framework/Versions/A/Librarian
0x000000000637b000 	/System/Library/Frameworks/CoreGraphics.framework/Versions/A/Resources/libCGCMS.A.dylib
0x000000000637b000 	/System/Library/Frameworks/CoreGraphics.framework/Versions/A/Resources/libRIP.A.dylib
0x000000000637b000 	/System/Library/Frameworks/CoreGraphics.framework/Versions/A/Resources/libCGXType.A.dylib
0x000000000637b000 	/System/Library/PrivateFrameworks/FamilyControls.framework/Versions/A/FamilyControls
0x000000000637b000 	/System/Library/PrivateFrameworks/CommerceKit.framework/Versions/A/Frameworks/CommerceCore.framework/Versions/A/CommerceCore
0x000000000637b000 	/System/Library/PrivateFrameworks/SystemAdministration.framework/Versions/A/SystemAdministration
0x000000000637b000 	/System/Library/Frameworks/DirectoryService.framework/Versions/A/DirectoryService
0x000000000637b000 	/System/Library/PrivateFrameworks/DiskImages.framework/Versions/A/DiskImages
0x000000000637b000 	/System/Library/PrivateFrameworks/LoginUIKit.framework/Versions/A/Frameworks/LoginUICore.framework/Versions/A/LoginUICore
0x000000000637b000 	/usr/lib/libCoreStorage.dylib
0x000000000637b000 	/usr/lib/libcsfde.dylib
0x000000000637b000 	/usr/lib/libodfde.dylib
0x000000000637b000 	/System/Library/Frameworks/DiscRecording.framework/Versions/A/DiscRecording
0x000000000637b000 	/usr/lib/libcurl.4.dylib
0x000000000637b000 	/System/Library/PrivateFrameworks/MediaKit.framework/Versions/A/MediaKit
0x000000000637b000 	/System/Library/PrivateFrameworks/EFILogin.framework/Versions/A/EFILogin
0x000000000637b000 	/usr/lib/libutil.dylib
0x000000000637b000 	/System/Library/PrivateFrameworks/AOSNotification.framework/Versions/A/AOSNotification
0x000000000637b000 	/System/Library/Frameworks/LDAP.framework/Versions/A/LDAP
0x000000000637b000 	/usr/lib/libsasl2.2.dylib
0x000000000637b000 	/usr/lib/libcrypto.0.9.8.dylib
0x000000000637b000 	/usr/lib/libssl.0.9.8.dylib
0x000000000637b000 	/System/Library/Frameworks/OpenGL.framework/Versions/A/Resources/GLEngine.bundle/GLEngine
0x000000000637b000 	/System/Library/Frameworks/OpenGL.framework/Versions/A/Libraries/libGLProgrammability.dylib
0x0000000124c87000 	/System/Library/Extensions/AppleIntelHD5000GraphicsGLDriver.bundle/Contents/MacOS/AppleIntelHD5000GraphicsGLDriver
0x000000000637b000 	/System/Library/PrivateFrameworks/IOAccelerator.framework/Versions/A/IOAccelerator
0x000000000637b000 	/System/Library/PrivateFrameworks/GPUSupport.framework/Versions/A/Libraries/libGPUSupportMercury.dylib
0x000000000637b000 	/System/Library/Frameworks/OpenGL.framework/Versions/A/Resources/GLRendererFloat.bundle/GLRendererFloat
0x000000000637b000 	/System/Library/Frameworks/OpenCL.framework/Versions/A/Libraries/libcldcpuengine.dylib
0x0000000125fe4000 	/Library/Java/JavaVirtualMachines/jdk1.8.0_77.jdk/Contents/Home/jre/lib/libfontmanager.dylib
0x00000001277da000 	/Library/Java/JavaVirtualMachines/jdk1.8.0_77.jdk/Contents/Home/jre/lib/libosxui.dylib
0x00000001278b0000 	/Library/Java/JavaVirtualMachines/jdk1.8.0_77.jdk/Contents/Home/jre/lib/libnet.dylib
0x00000001278c7000 	/Library/Java/JavaVirtualMachines/jdk1.8.0_77.jdk/Contents/Home/jre/lib/libnio.dylib
0x000000000637b000 	/System/Library/Frameworks/ApplicationServices.framework/Versions/A/Frameworks/ATS.framework/Versions/A/Resources/libTrueTypeScaler.dylib
0x0000000178216000 	/private/var/folders/vm/c6ql63410d962mlmgt4yhc5h0000gn/T/jogamp_0000/file_cache/jln4132013596291827541/jln3230324178784218976/libgluegen-rt.jnilib
0x000000012785a000 	/private/var/folders/vm/c6ql63410d962mlmgt4yhc5h0000gn/T/jogamp_0000/file_cache/jln4132013596291827541/jln3230324178784218976/libnativewindow_awt.jnilib
0x000000017821a000 	/Library/Java/JavaVirtualMachines/jdk1.8.0_77.jdk/Contents/Home/jre/lib/libjawt.dylib
0x0000000178281000 	/private/var/folders/vm/c6ql63410d962mlmgt4yhc5h0000gn/T/jogamp_0000/file_cache/jln4132013596291827541/jln3230324178784218976/libnativewindow_macosx.jnilib
0x000000017a142000 	/private/var/folders/vm/c6ql63410d962mlmgt4yhc5h0000gn/T/jogamp_0000/file_cache/jln4132013596291827541/jln3230324178784218976/libjogl_desktop.jnilib
0x000000017c5ed000 	/Library/Java/JavaVirtualMachines/jdk1.8.0_77.jdk/Contents/Home/jre/lib/libt2k.dylib

VM Arguments:
jvm_args: -Djava.security.policy=java.policy.applet -Dfile.encoding=UTF-8 
java_command: sun.applet.AppletViewer module4.EarthquakeCityMap1463109597146.html
java_class_path (initial): /Users/xingdu/Documents/workspace/UCSDUnfoldingMaps/build:/Users/xingdu/Documents/workspace/UCSDUnfoldingMaps/lib/core.jar:/Users/xingdu/Documents/workspace/UCSDUnfoldingMaps/lib/gluegen-rt.jar:/Users/xingdu/Documents/workspace/UCSDUnfoldingMaps/lib/jogl-all.jar:/Users/xingdu/Documents/workspace/UCSDUnfoldingMaps/lib/log4j-1.2.15.jar:/Users/xingdu/Documents/workspace/UCSDUnfoldingMaps/lib/sqlite-jdbc-3.7.2.jar:/Users/xingdu/Documents/workspace/UCSDUnfoldingMaps/lib/json4processing.jar:/Users/xingdu/Documents/workspace/UCSDUnfoldingMaps/lib/libTUIO.jar:/Users/xingdu/Documents/workspace/UCSDUnfoldingMaps/lib/unfolding.0.9.7-uscd.jar
Launcher Type: SUN_STANDARD

Environment Variables:
PATH=/usr/bin:/bin:/usr/sbin:/sbin
SHELL=/bin/bash

Signal Handlers:
SIGSEGV: [libjvm.dylib+0x5a6855], sa_mask[0]=11111111011111110111111111111111, sa_flags=SA_ONSTACK|SA_RESTART|SA_SIGINFO
SIGBUS: [libjvm.dylib+0x5a6855], sa_mask[0]=11111111011111110111111111111111, sa_flags=SA_RESTART|SA_SIGINFO
SIGFPE: [libjvm.dylib+0x4804ec], sa_mask[0]=11111111011111110111111111111111, sa_flags=SA_RESTART|SA_SIGINFO
SIGPIPE: [libjvm.dylib+0x4804ec], sa_mask[0]=11111111011111110111111111111111, sa_flags=SA_RESTART|SA_SIGINFO
SIGXFSZ: [libjvm.dylib+0x4804ec], sa_mask[0]=11111111011111110111111111111111, sa_flags=SA_RESTART|SA_SIGINFO
SIGILL: [libjvm.dylib+0x4804ec], sa_mask[0]=11111111011111110111111111111111, sa_flags=SA_RESTART|SA_SIGINFO
SIGUSR1: SIG_DFL, sa_mask[0]=00000000000000000000000000000000, sa_flags=SA_RESTART
SIGUSR2: [libjvm.dylib+0x48000a], sa_mask[0]=00100000000000000000000000000000, sa_flags=SA_RESTART|SA_SIGINFO
SIGHUP: [libjvm.dylib+0x47e5e1], sa_mask[0]=11111111011111110111111111111111, sa_flags=SA_RESTART|SA_SIGINFO
SIGINT: [libjvm.dylib+0x47e5e1], sa_mask[0]=11111111011111110111111111111111, sa_flags=SA_RESTART|SA_SIGINFO
SIGTERM: [libjvm.dylib+0x47e5e1], sa_mask[0]=11111111011111110111111111111111, sa_flags=SA_RESTART|SA_SIGINFO
SIGQUIT: [libjvm.dylib+0x47e5e1], sa_mask[0]=11111111011111110111111111111111, sa_flags=SA_RESTART|SA_SIGINFO


---------------  S Y S T E M  ---------------

OS:Bsduname:Darwin 13.4.0 Darwin Kernel Version 13.4.0: Wed Mar 18 16:20:14 PDT 2015; root:xnu-2422.115.14~1/RELEASE_X86_64 x86_64
rlimit: STACK 8192k, CORE 0k, NPROC 709, NOFILE 10240, AS infinity
load average:1.56 1.43 1.42

CPU:total 4 (2 cores per cpu, 2 threads per core) family 6 model 69 stepping 1, cmov, cx8, fxsr, mmx, sse, sse2, sse3, ssse3, sse4.1, sse4.2, popcnt, avx, avx2, aes, clmul, erms, lzcnt, ht, tsc, tscinvbit, bmi1, bmi2

Memory: 4k page, physical 4194304k(249872k free)

/proc/meminfo:


vm_info: Java HotSpot(TM) 64-Bit Server VM (25.77-b03) for bsd-amd64 JRE (1.8.0_77-b03), built on Mar 20 2016 22:14:03 by "java_re" with gcc 4.2.1 (Based on Apple Inc. build 5658) (LLVM build 2336.11.00)

time: Thu May 12 23:20:10 2016
elapsed time: 13 seconds (0d 0h 0m 13s)

