#
# A fatal error has been detected by the Java Runtime Environment:
#
#  SIGSEGV (0xb) at pc=0x00007fff89bb8097, pid=14410, tid=3335
#
# JRE version: Java(TM) SE Runtime Environment (8.0_77-b03) (build 1.8.0_77-b03)
# Java VM: Java HotSpot(TM) 64-Bit Server VM (25.77-b03 mixed mode bsd-amd64 compressed oops)
# Problematic frame:
# C  [libobjc.A.dylib+0x5097]  objc_msgSend+0x17
#
# Failed to write core dump. Core dumps have been disabled. To enable core dumping, try "ulimit -c unlimited" before starting Java again
#
# If you would like to submit a bug report, please visit:
#   http://bugreport.java.com/bugreport/crash.jsp
# The crash happened outside the Java Virtual Machine in native code.
# See problematic frame for where to report the bug.
#

---------------  T H R E A D  ---------------

Current thread (0x00007faa9c849800):  JavaThread "AWT-AppKit" daemon [_thread_in_native, id=3335, stack(0x00007fff56baf000,0x00007fff573af000)]

siginfo: si_signo: 11 (SIGSEGV), si_code: 0 (unknown), si_addr: 0x0000000000000000

Registers:
RAX=0x00007faa9f54fdc0, RBX=0x0000000175fe5450, RCX=0x0000000123e92520, RDX=0x0000000124d9cda0
RSP=0x00007fff573aa3b8, RBP=0x00007fff573aa470, RSI=0x00007fff9350c4c6, RDI=0x00007faa9d7660e0
R8 =0x0000000000000000, R9 =0x00000000000006d0, R10=0x00007fff9350c4c6, R11=0x4000000000000000
R12=0x0000000000000000, R13=0x0000000177c7c568, R14=0x0000000175fe5440, R15=0x00007faa9c849800
RIP=0x00007fff89bb8097, EFLAGS=0x0000000000010246, ERR=0x0000000000000000
  TRAPNO=0x000000000000000d

Top of Stack: (sp=0x00007fff573aa3b8)
0x00007fff573aa3b8:   0000000175fe3157 00007fff573aa410
0x00007fff573aa3c8:   0000000000000003 00007fff573aa3f0
0x00007fff573aa3d8:   00000001093f0b02 0000000177c7c568
0x00007fff573aa3e8:   0000000177c7c568 00007faa9f54fdc0
0x00007fff573aa3f8:   0000000175fe56a0 0000000175fe5710
0x00007fff573aa408:   00007fff77a31fb0 00007fff7646c420
0x00007fff573aa418:   0000000175fe5450 0000000175fe5690
0x00007fff573aa428:   00007faa9f54fdc0 00007faa9d7660e0
0x00007fff573aa438:   00007faa9ae34e10 00007faa9f54fdc0
0x00007fff573aa448:   00007faa9d7660e0 00007fff573aa4f8
0x00007fff573aa458:   00007faa9c8499f8 0000000177c7c568
0x00007fff573aa468:   00007fff573aa520 00007fff573aa4e8
0x00007fff573aa478:   000000010a2a7954 0000000177c7c568
0x00007fff573aa488:   00007fff573aa520 00007fff573aa4e8
0x00007fff573aa498:   000000010a2a76e7 000000010a2a76a2
0x00007fff573aa4a8:   00007fff573aa4a8 0000000177c7c568
0x00007fff573aa4b8:   00007fff573aa520 0000000177baaec8
0x00007fff573aa4c8:   0000000000000000 0000000177c7c568
0x00007fff573aa4d8:   0000000000000000 00007fff573aa508
0x00007fff573aa4e8:   00007fff573aa568 000000010a299c4d
0x00007fff573aa4f8:   0000000780fd4dd0 000000010a2a1578
0x00007fff573aa508:   00007faa9f54fdc0 00007fff573aa568
0x00007fff573aa518:   00007faa9d7660e0 000000010a2a2d82
0x00007fff573aa528:   00007fff573aa528 0000000177c7c732
0x00007fff573aa538:   00007fff573aa590 0000000177baaec8
0x00007fff573aa548:   0000000000000000 0000000177c7c740
0x00007fff573aa558:   00007fff573aa508 00007fff573aa578
0x00007fff573aa568:   00007fff573aa5d8 000000010a299c4d
0x00007fff573aa578:   00007faa9f54fdc0 00000007802cc118
0x00007fff573aa588:   00007faa9d7660e0 00000007802cc118
0x00007fff573aa598:   00007fff573aa598 000000017f99afce
0x00007fff573aa5a8:   00007fff573aa5e8 000000017f99b088 

Instructions: (pc=0x00007fff89bb8097)
0x00007fff89bb8077:   90 90 90 90 90 90 90 90 90 48 85 ff 2e 74 72 40
0x00007fff89bb8087:   f6 c7 01 2e 0f 85 7e 00 00 00 4c 8b 1f 49 89 f2
0x00007fff89bb8097:   45 23 53 18 49 c1 e2 04 4d 03 53 10 49 3b 32 75
0x00007fff89bb80a7:   04 41 ff 62 08 49 83 3a 00 74 74 4d 3b 53 10 74 

Register to memory mapping:

RAX=0x00007faa9f54fdc0 is an unknown value
RBX=0x0000000175fe5450: Java_jogamp_nativewindow_macosx_OSXUtil_GetScreenRefreshRate0+0x1cf0 in /private/var/folders/vm/c6ql63410d962mlmgt4yhc5h0000gn/T/jogamp_0000/file_cache/jln5957262107377686148/jln1593037267241673467/libnativewindow_macosx.jnilib at 0x0000000175fde000
RCX=0x0000000123e92520 is an unknown value
RDX=0x0000000124d9cda0 is an unknown value
RSP=0x00007fff573aa3b8 is pointing into the stack for thread: 0x00007faa9c849800
RBP=0x00007fff573aa470 is pointing into the stack for thread: 0x00007faa9c849800
RSI=0x00007fff9350c4c6: NSAppKitVersionNumber+0x12eb6 in /System/Library/Frameworks/AppKit.framework/Versions/C/AppKit at 0x00007fff92aa9000
RDI=0x00007faa9d7660e0 is an unknown value
R8 =0x0000000000000000 is an unknown value
R9 =0x00000000000006d0 is an unknown value
R10=0x00007fff9350c4c6: NSAppKitVersionNumber+0x12eb6 in /System/Library/Frameworks/AppKit.framework/Versions/C/AppKit at 0x00007fff92aa9000
R11=0x4000000000000000 is an unknown value
R12=0x0000000000000000 is an unknown value
R13={method} {0x0000000177c7c568} 'UnsetJAWTRootSurfaceLayer0' '(JJ)V' in 'jogamp/nativewindow/jawt/macosx/MacOSXJAWTWindow'
R14=0x0000000175fe5440: Java_jogamp_nativewindow_macosx_OSXUtil_GetScreenRefreshRate0+0x1ce0 in /private/var/folders/vm/c6ql63410d962mlmgt4yhc5h0000gn/T/jogamp_0000/file_cache/jln5957262107377686148/jln1593037267241673467/libnativewindow_macosx.jnilib at 0x0000000175fde000
R15=0x00007faa9c849800 is a thread


Stack: [0x00007fff56baf000,0x00007fff573af000],  sp=0x00007fff573aa3b8,  free space=8172k
Native frames: (J=compiled Java code, j=interpreted, Vv=VM code, C=native code)
C  [libobjc.A.dylib+0x5097]  objc_msgSend+0x17
j  jogamp.nativewindow.jawt.macosx.MacOSXJAWTWindow.UnsetJAWTRootSurfaceLayer0(JJ)V+0
j  jogamp.nativewindow.jawt.macosx.MacOSXJAWTWindow.access$200(JJ)V+2
j  jogamp.nativewindow.jawt.macosx.MacOSXJAWTWindow$1.run()V+38
j  com.jogamp.common.util.RunnableTask.run()V+24
v  ~StubRoutines::call_stub
V  [libjvm.dylib+0x2ea39e]  JavaCalls::call_helper(JavaValue*, methodHandle*, JavaCallArguments*, Thread*)+0x6ae
V  [libjvm.dylib+0x3214a7]  jni_invoke_nonstatic(JNIEnv_*, JavaValue*, _jobject*, JNICallType, _jmethodID*, JNI_ArgumentPusher*, Thread*)+0x2ec
V  [libjvm.dylib+0x313c7b]  jni_CallVoidMethod+0x16b
C  [libnativewindow_macosx.jnilib+0x5326]  Java_jogamp_nativewindow_jawt_macosx_MacOSXJAWTWindow_UnsetJAWTRootSurfaceLayer0+0x2b6
C  [Foundation+0x6375e]  __NSThreadPerformPerform+0xe5
C  [CoreFoundation+0x7f5b1]  __CFRUNLOOP_IS_CALLING_OUT_TO_A_SOURCE0_PERFORM_FUNCTION__+0x11
C  [CoreFoundation+0x70d29]  __CFRunLoopDoSources0+0x1b9
C  [CoreFoundation+0x703ef]  __CFRunLoopRun+0x33f
C  [CoreFoundation+0x6fe75]  CFRunLoopRunSpecific+0x135
C  [HIToolbox+0x2ea0d]  RunCurrentEventLoopInMode+0xe2
C  [HIToolbox+0x2e685]  ReceiveNextEventCommon+0xad
C  [HIToolbox+0x2e5bc]  _BlockUntilNextEventMatchingListInModeWithFilter+0x41
C  [AppKit+0x2424e]  _DPSNextEvent+0x59a
C  [AppKit+0x2389b]  -[NSApplication nextEventMatchingMask:untilDate:inMode:dequeue:]+0x7a
C  [libosxapp.dylib+0x23aa]  -[NSApplicationAWT nextEventMatchingMask:untilDate:inMode:dequeue:]+0x7c
C  [AppKit+0x1799c]  -[NSApplication run]+0x229
C  [libosxapp.dylib+0x214d]  +[NSApplicationAWT runAWTLoopWithApp:]+0x9c
C  [libawt_lwawt.dylib+0x4455b]  -[AWTStarter starter:]+0x389
C  [Foundation+0x6375e]  __NSThreadPerformPerform+0xe5
C  [CoreFoundation+0x7f5b1]  __CFRUNLOOP_IS_CALLING_OUT_TO_A_SOURCE0_PERFORM_FUNCTION__+0x11
C  [CoreFoundation+0x70c62]  __CFRunLoopDoSources0+0xf2
C  [CoreFoundation+0x703ef]  __CFRunLoopRun+0x33f
C  [CoreFoundation+0x6fe75]  CFRunLoopRunSpecific+0x135
C  [java+0x6463]  CreateExecutionEnvironment+0x367
C  [java+0x21ac]  JLI_Launch+0x7a0
C  [java+0x84c0]  main+0x65
C  [java+0x1a04]  start+0x34
C  0x0000000000000007

Java frames: (J=compiled Java code, j=interpreted, Vv=VM code)
j  jogamp.nativewindow.jawt.macosx.MacOSXJAWTWindow.UnsetJAWTRootSurfaceLayer0(JJ)V+0
j  jogamp.nativewindow.jawt.macosx.MacOSXJAWTWindow.access$200(JJ)V+2
j  jogamp.nativewindow.jawt.macosx.MacOSXJAWTWindow$1.run()V+38
j  com.jogamp.common.util.RunnableTask.run()V+24
v  ~StubRoutines::call_stub

---------------  P R O C E S S  ---------------

Java Threads: ( => current thread )
  0x00007faa9bed1000 JavaThread "Thread-19" [_thread_blocked, id=61983, stack(0x000000017a534000,0x000000017a634000)]
  0x00007faa9bb46000 JavaThread "Animation Thread" [_thread_blocked, id=55315, stack(0x0000000176063000,0x0000000176163000)]
  0x00007faa9ca01800 JavaThread "AWT-EventQueue-1" [_thread_in_native, id=55819, stack(0x00000001764ff000,0x00000001765ff000)]
  0x00007faa9b115800 JavaThread "DestroyJavaVM" [_thread_blocked, id=6403, stack(0x000000010a190000,0x000000010a290000)]
  0x00007faa9c1e6800 JavaThread "AWT-EventQueue-0" [_thread_blocked, id=52999, stack(0x0000000124fed000,0x00000001250ed000)]
  0x00007faa9b04c800 JavaThread "Java2D Disposer" daemon [_thread_blocked, id=48947, stack(0x0000000123c23000,0x0000000123d23000)]
  0x00007faa9c1a0800 JavaThread "Java2D Queue Flusher" daemon [_thread_blocked, id=47623, stack(0x00000001228c9000,0x00000001229c9000)]
  0x00007faa9b99f000 JavaThread "AWT-Shutdown" [_thread_blocked, id=26895, stack(0x000000011fe92000,0x000000011ff92000)]
=>0x00007faa9c849800 JavaThread "AWT-AppKit" daemon [_thread_in_native, id=3335, stack(0x00007fff56baf000,0x00007fff573af000)]
  0x00007faa9b00f000 JavaThread "Service Thread" daemon [_thread_blocked, id=19715, stack(0x000000011e2bd000,0x000000011e3bd000)]
  0x00007faa9c80c000 JavaThread "C1 CompilerThread2" daemon [_thread_blocked, id=19203, stack(0x000000011e1ba000,0x000000011e2ba000)]
  0x00007faa9c80b000 JavaThread "C2 CompilerThread1" daemon [_thread_blocked, id=18691, stack(0x000000011e0b7000,0x000000011e1b7000)]
  0x00007faa9c807000 JavaThread "C2 CompilerThread0" daemon [_thread_blocked, id=18179, stack(0x000000011dfb4000,0x000000011e0b4000)]
  0x00007faa9c805800 JavaThread "Signal Dispatcher" daemon [_thread_blocked, id=17667, stack(0x000000011deb1000,0x000000011dfb1000)]
  0x00007faa9b861000 JavaThread "Finalizer" daemon [_thread_blocked, id=12547, stack(0x000000011dc62000,0x000000011dd62000)]
  0x00007faa9b85e000 JavaThread "Reference Handler" daemon [_thread_blocked, id=12035, stack(0x000000011db5f000,0x000000011dc5f000)]

Other Threads:
  0x00007faa9b859800 VMThread [stack: 0x000000011da5c000,0x000000011db5c000] [id=11523]
  0x00007faa9b00b800 WatcherThread [stack: 0x000000011e3c0000,0x000000011e4c0000] [id=20227]

VM state:not at safepoint (normal execution)

VM Mutex/Monitor currently owned by a thread: None

Heap:
 PSYoungGen      total 30720K, used 10526K [0x00000007aab00000, 0x00000007acd80000, 0x00000007c0000000)
  eden space 28160K, 37% used [0x00000007aab00000,0x00000007ab537880,0x00000007ac680000)
  from space 2560K, 2% used [0x00000007acb00000,0x00000007acb10000,0x00000007acd80000)
  to   space 3584K, 0% used [0x00000007ac680000,0x00000007ac680000,0x00000007aca00000)
 ParOldGen       total 46592K, used 16614K [0x0000000780000000, 0x0000000782d80000, 0x00000007aab00000)
  object space 46592K, 35% used [0x0000000780000000,0x00000007810399e8,0x0000000782d80000)
 Metaspace       used 21082K, capacity 21279K, committed 21552K, reserved 1069056K
  class space    used 2043K, capacity 2112K, committed 2176K, reserved 1048576K

Card table byte_map: [0x0000000119652000,0x0000000119853000] byte_map_base: 0x0000000115a52000

Marking Bits: (ParMarkBitMap*) 0x0000000109ae3ea0
 Begin Bits: [0x0000000119db5000, 0x000000011adb5000)
 End Bits:   [0x000000011adb5000, 0x000000011bdb5000)

Polling page: 0x00000001089a9000

CodeCache: size=245760Kb used=9817Kb max_used=9978Kb free=235942Kb
 bounds [0x000000010a292000, 0x000000010ac82000, 0x0000000119292000]
 total_blobs=3600 nmethods=2709 adapters=804
 compilation: enabled

Compilation events (10 events):
Event: 198.496 Thread 0x00007faa9c807000 3130       4       sun.java2d.SurfaceData::pixelFor (13 bytes)
Event: 198.497 Thread 0x00007faa9c807000 nmethod 3130 0x000000010a8a0190 code [0x000000010a8a02e0, 0x000000010a8a03d8]
Event: 198.497 Thread 0x00007faa9c80c000 3131   !   3       sun.lwawt.LWComponentPeer::isShowing (49 bytes)
Event: 198.498 Thread 0x00007faa9c80c000 nmethod 3131 0x000000010a6fd850 code [0x000000010a6fda00, 0x000000010a6fe2e8]
Event: 198.512 Thread 0x00007faa9c80b000 3132  s    4       sun.misc.URLClassPath::getNextLoader (88 bytes)
Event: 198.513 Thread 0x00007faa9c80c000 3133       3       java.util.LinkedHashMap::afterNodeRemoval (65 bytes)
Event: 198.513 Thread 0x00007faa9c80c000 nmethod 3133 0x000000010a415450 code [0x000000010a4155c0, 0x000000010a415970]
Event: 198.521 Thread 0x00007faa9c80b000 nmethod 3132 0x000000010a3ac950 code [0x000000010a3acac0, 0x000000010a3ad238]
Event: 198.522 Thread 0x00007faa9c80c000 3134       3       sun.misc.JarIndex::get (49 bytes)
Event: 198.523 Thread 0x00007faa9c80c000 nmethod 3134 0x000000010a643490 code [0x000000010a643660, 0x000000010a643ed8]

GC Heap History (10 events):
Event: 170.882 GC heap before
{Heap before GC invocations=29 (full 1):
 PSYoungGen      total 31232K, used 30784K [0x00000007aab00000, 0x00000007ad300000, 0x00000007c0000000)
  eden space 30720K, 100% used [0x00000007aab00000,0x00000007ac900000,0x00000007ac900000)
  from space 512K, 12% used [0x00000007ac980000,0x00000007ac990000,0x00000007aca00000)
  to   space 5120K, 0% used [0x00000007ace00000,0x00000007ace00000,0x00000007ad300000)
 ParOldGen       total 46592K, used 16574K [0x0000000780000000, 0x0000000782d80000, 0x00000007aab00000)
  object space 46592K, 35% used [0x0000000780000000,0x000000078102f9e8,0x0000000782d80000)
 Metaspace       used 21053K, capacity 21279K, committed 21552K, reserved 1069056K
  class space    used 2037K, capacity 2112K, committed 2176K, reserved 1048576K
Event: 170.890 GC heap after
Heap after GC invocations=29 (full 1):
 PSYoungGen      total 34816K, used 32K [0x00000007aab00000, 0x00000007ad280000, 0x00000007c0000000)
  eden space 30208K, 0% used [0x00000007aab00000,0x00000007aab00000,0x00000007ac880000)
  from space 4608K, 0% used [0x00000007ace00000,0x00000007ace08000,0x00000007ad280000)
  to   space 5120K, 0% used [0x00000007ac880000,0x00000007ac880000,0x00000007acd80000)
 ParOldGen       total 46592K, used 16582K [0x0000000780000000, 0x0000000782d80000, 0x00000007aab00000)
  object space 46592K, 35% used [0x0000000780000000,0x00000007810319e8,0x0000000782d80000)
 Metaspace       used 21053K, capacity 21279K, committed 21552K, reserved 1069056K
  class space    used 2037K, capacity 2112K, committed 2176K, reserved 1048576K
}
Event: 177.746 GC heap before
{Heap before GC invocations=30 (full 1):
 PSYoungGen      total 34816K, used 30240K [0x00000007aab00000, 0x00000007ad280000, 0x00000007c0000000)
  eden space 30208K, 100% used [0x00000007aab00000,0x00000007ac880000,0x00000007ac880000)
  from space 4608K, 0% used [0x00000007ace00000,0x00000007ace08000,0x00000007ad280000)
  to   space 5120K, 0% used [0x00000007ac880000,0x00000007ac880000,0x00000007acd80000)
 ParOldGen       total 46592K, used 16582K [0x0000000780000000, 0x0000000782d80000, 0x00000007aab00000)
  object space 46592K, 35% used [0x0000000780000000,0x00000007810319e8,0x0000000782d80000)
 Metaspace       used 21053K, capacity 21279K, committed 21552K, reserved 1069056K
  class space    used 2037K, capacity 2112K, committed 2176K, reserved 1048576K
Event: 177.749 GC heap after
Heap after GC invocations=30 (full 1):
 PSYoungGen      total 30208K, used 96K [0x00000007aab00000, 0x00000007ad100000, 0x00000007c0000000)
  eden space 29696K, 0% used [0x00000007aab00000,0x00000007aab00000,0x00000007ac800000)
  from space 512K, 18% used [0x00000007ac880000,0x00000007ac898000,0x00000007ac900000)
  to   space 4608K, 0% used [0x00000007acc80000,0x00000007acc80000,0x00000007ad100000)
 ParOldGen       total 46592K, used 16582K [0x0000000780000000, 0x0000000782d80000, 0x00000007aab00000)
  object space 46592K, 35% used [0x0000000780000000,0x00000007810319e8,0x0000000782d80000)
 Metaspace       used 21053K, capacity 21279K, committed 21552K, reserved 1069056K
  class space    used 2037K, capacity 2112K, committed 2176K, reserved 1048576K
}
Event: 184.084 GC heap before
{Heap before GC invocations=31 (full 1):
 PSYoungGen      total 30208K, used 29792K [0x00000007aab00000, 0x00000007ad100000, 0x00000007c0000000)
  eden space 29696K, 100% used [0x00000007aab00000,0x00000007ac800000,0x00000007ac800000)
  from space 512K, 18% used [0x00000007ac880000,0x00000007ac898000,0x00000007ac900000)
  to   space 4608K, 0% used [0x00000007acc80000,0x00000007acc80000,0x00000007ad100000)
 ParOldGen       total 46592K, used 16582K [0x0000000780000000, 0x0000000782d80000, 0x00000007aab00000)
  object space 46592K, 35% used [0x0000000780000000,0x00000007810319e8,0x0000000782d80000)
 Metaspace       used 21053K, capacity 21279K, committed 21552K, reserved 1069056K
  class space    used 2037K, capacity 2112K, committed 2176K, reserved 1048576K
Event: 184.095 GC heap after
Heap after GC invocations=31 (full 1):
 PSYoungGen      total 32256K, used 96K [0x00000007aab00000, 0x00000007acf80000, 0x00000007c0000000)
  eden space 29184K, 0% used [0x00000007aab00000,0x00000007aab00000,0x00000007ac780000)
  from space 3072K, 3% used [0x00000007acc80000,0x00000007acc98000,0x00000007acf80000)
  to   space 4096K, 0% used [0x00000007ac780000,0x00000007ac780000,0x00000007acb80000)
 ParOldGen       total 46592K, used 16590K [0x0000000780000000, 0x0000000782d80000, 0x00000007aab00000)
  object space 46592K, 35% used [0x0000000780000000,0x00000007810339e8,0x0000000782d80000)
 Metaspace       used 21053K, capacity 21279K, committed 21552K, reserved 1069056K
  class space    used 2037K, capacity 2112K, committed 2176K, reserved 1048576K
}
Event: 190.213 GC heap before
{Heap before GC invocations=32 (full 1):
 PSYoungGen      total 32256K, used 29280K [0x00000007aab00000, 0x00000007acf80000, 0x00000007c0000000)
  eden space 29184K, 100% used [0x00000007aab00000,0x00000007ac780000,0x00000007ac780000)
  from space 3072K, 3% used [0x00000007acc80000,0x00000007acc98000,0x00000007acf80000)
  to   space 4096K, 0% used [0x00000007ac780000,0x00000007ac780000,0x00000007acb80000)
 ParOldGen       total 46592K, used 16590K [0x0000000780000000, 0x0000000782d80000, 0x00000007aab00000)
  object space 46592K, 35% used [0x0000000780000000,0x00000007810339e8,0x0000000782d80000)
 Metaspace       used 21053K, capacity 21279K, committed 21552K, reserved 1069056K
  class space    used 2037K, capacity 2112K, committed 2176K, reserved 1048576K
Event: 190.226 GC heap after
Heap after GC invocations=32 (full 1):
 PSYoungGen      total 29184K, used 64K [0x00000007aab00000, 0x00000007acf00000, 0x00000007c0000000)
  eden space 28672K, 0% used [0x00000007aab00000,0x00000007aab00000,0x00000007ac700000)
  from space 512K, 12% used [0x00000007ac780000,0x00000007ac790000,0x00000007ac800000)
  to   space 4096K, 0% used [0x00000007acb00000,0x00000007acb00000,0x00000007acf00000)
 ParOldGen       total 46592K, used 16598K [0x0000000780000000, 0x0000000782d80000, 0x00000007aab00000)
  object space 46592K, 35% used [0x0000000780000000,0x00000007810359e8,0x0000000782d80000)
 Metaspace       used 21053K, capacity 21279K, committed 21552K, reserved 1069056K
  class space    used 2037K, capacity 2112K, committed 2176K, reserved 1048576K
}
Event: 196.614 GC heap before
{Heap before GC invocations=33 (full 1):
 PSYoungGen      total 29184K, used 28736K [0x00000007aab00000, 0x00000007acf00000, 0x00000007c0000000)
  eden space 28672K, 100% used [0x00000007aab00000,0x00000007ac700000,0x00000007ac700000)
  from space 512K, 12% used [0x00000007ac780000,0x00000007ac790000,0x00000007ac800000)
  to   space 4096K, 0% used [0x00000007acb00000,0x00000007acb00000,0x00000007acf00000)
 ParOldGen       total 46592K, used 16598K [0x0000000780000000, 0x0000000782d80000, 0x00000007aab00000)
  object space 46592K, 35% used [0x0000000780000000,0x00000007810359e8,0x0000000782d80000)
 Metaspace       used 21053K, capacity 21279K, committed 21552K, reserved 1069056K
  class space    used 2037K, capacity 2112K, committed 2176K, reserved 1048576K
Event: 196.627 GC heap after
Heap after GC invocations=33 (full 1):
 PSYoungGen      total 30720K, used 64K [0x00000007aab00000, 0x00000007acd80000, 0x00000007c0000000)
  eden space 28160K, 0% used [0x00000007aab00000,0x00000007aab00000,0x00000007ac680000)
  from space 2560K, 2% used [0x00000007acb00000,0x00000007acb10000,0x00000007acd80000)
  to   space 3584K, 0% used [0x00000007ac680000,0x00000007ac680000,0x00000007aca00000)
 ParOldGen       total 46592K, used 16614K [0x0000000780000000, 0x0000000782d80000, 0x00000007aab00000)
  object space 46592K, 35% used [0x0000000780000000,0x00000007810399e8,0x0000000782d80000)
 Metaspace       used 21053K, capacity 21279K, committed 21552K, reserved 1069056K
  class space    used 2037K, capacity 2112K, committed 2176K, reserved 1048576K
}

Deoptimization events (10 events):
Event: 198.521 Thread 0x00007faa9c849800 Uncommon trap: reason=class_check action=maybe_recompile pc=0x000000010a3d67c0 method=com.jogamp.common.util.RunnableTask.run()V @ 24
Event: 198.523 Thread 0x00007faa9c849800 Uncommon trap: reason=unstable_if action=reinterpret pc=0x000000010a91da7c method=jogamp.nativewindow.macosx.OSXUtil.RunOnMainThread(ZZLjava/lang/Runnable;)V @ 3
Event: 198.547 Thread 0x00007faa9ca01800 Uncommon trap: reason=unstable_if action=reinterpret pc=0x000000010a726a70 method=jogamp.opengl.GLContextImpl.release(Z)V @ 161
Event: 198.558 Thread 0x00007faa9ca01800 Uncommon trap: reason=unstable_if action=reinterpret pc=0x000000010a791498 method=java.util.LinkedList$ListItr.<init>(Ljava/util/LinkedList;I)V @ 26
Event: 198.558 Thread 0x00007faa9ca01800 Uncommon trap: reason=unstable_if action=reinterpret pc=0x000000010ab7ecbc method=java.security.AccessControlContext.optimize()Ljava/security/AccessControlContext; @ 233
Event: 198.559 Thread 0x00007faa9ca01800 Uncommon trap: reason=unstable_if action=reinterpret pc=0x000000010a774e84 method=java.util.LinkedList$ListItr.<init>(Ljava/util/LinkedList;I)V @ 26
Event: 198.560 Thread 0x00007faa9c1e6800 Uncommon trap: reason=class_check action=maybe_recompile pc=0x000000010a7ff11c method=java.awt.Component.getGraphics()Ljava/awt/Graphics; @ 114
Event: 198.561 Thread 0x00007faa9bed1000 Uncommon trap: reason=predicate action=maybe_recompile pc=0x000000010aa464f8 method=java.util.Vector.indexOf(Ljava/lang/Object;I)I @ 44
Event: 198.561 Thread 0x00007faa9ca01800 Uncommon trap: reason=class_check action=maybe_recompile pc=0x000000010a833c80 method=java.awt.event.InvocationEvent.dispatch()V @ 11
Event: 198.582 Thread 0x00007faa9c849800 Uncommon trap: reason=class_check action=maybe_recompile pc=0x000000010a3d67c0 method=com.jogamp.common.util.RunnableTask.run()V @ 24

Internal exceptions (10 events):
Event: 0.394 Thread 0x00007faa9c002800 Exception <a 'java/io/FileNotFoundException'> (0x00000007aad8b818) thrown at [/Users/java_re/workspace/8-2-build-macosx-x86_64/jdk8u77/6540/hotspot/src/share/vm/prims/jni.cpp, line 709]
Event: 0.394 Thread 0x00007faa9c002800 Exception <a 'java/io/FileNotFoundException'> (0x00000007aad8c360) thrown at [/Users/java_re/workspace/8-2-build-macosx-x86_64/jdk8u77/6540/hotspot/src/share/vm/prims/jni.cpp, line 709]
Event: 0.520 Thread 0x00007faa9c002800 Exception <a 'java/io/FileNotFoundException'> (0x00000007aae76e78) thrown at [/Users/java_re/workspace/8-2-build-macosx-x86_64/jdk8u77/6540/hotspot/src/share/vm/prims/jni.cpp, line 709]
Event: 2.562 Thread 0x00007faa9b861000 Exception <a 'java/lang/NullPointerException'> (0x00000007aab83678) thrown at [/Users/java_re/workspace/8-2-build-macosx-x86_64/jdk8u77/6540/hotspot/src/share/vm/interpreter/linkResolver.cpp, line 1178]
Event: 2.659 Thread 0x00007faa9bb46000 Exception <a 'java/lang/UnsatisfiedLinkError': com.jogamp.common.util.JarUtil.fixNativeLibAttribs(Ljava/lang/String;)Z> (0x00000007aafcfd38) thrown at [/Users/java_re/workspace/8-2-build-macosx-x86_64/jdk8u77/6540/hotspot/src/share/vm/prims/nativeLookup.c
Event: 3.464 Thread 0x00007faa9ca01800 Exception <a 'java/io/FileNotFoundException'> (0x00000007ab3188f8) thrown at [/Users/java_re/workspace/8-2-build-macosx-x86_64/jdk8u77/6540/hotspot/src/share/vm/prims/jni.cpp, line 709]
Event: 3.464 Thread 0x00007faa9ca01800 Exception <a 'java/io/FileNotFoundException'> (0x00000007ab31ff78) thrown at [/Users/java_re/workspace/8-2-build-macosx-x86_64/jdk8u77/6540/hotspot/src/share/vm/prims/jni.cpp, line 709]
Event: 3.465 Thread 0x00007faa9ca01800 Implicit null exception at 0x000000010a4523b5 to 0x000000010a452719
Event: 8.764 Thread 0x00007faa9ca01800 Implicit null exception at 0x000000010aacab83 to 0x000000010aacaed1
Event: 8.765 Thread 0x00007faa9ca01800 Implicit null exception at 0x000000010aa92da0 to 0x000000010aa930ad

Events (10 events):
Event: 198.561 Thread 0x00007faa9bed1000 DEOPT PACKING pc=0x000000010aa464f8 sp=0x000000017a6337f0
Event: 198.561 Thread 0x00007faa9bed1000 DEOPT UNPACKING pc=0x000000010a297229 sp=0x000000017a6337a0 mode 2
Event: 198.561 loading class java/awt/Window$1DisposeAction
Event: 198.561 loading class java/awt/Window$1DisposeAction done
Event: 198.561 Thread 0x00007faa9ca01800 Uncommon trap: trap_request=0xffffffde fr.pc=0x000000010a833c80
Event: 198.561 Thread 0x00007faa9ca01800 DEOPT PACKING pc=0x000000010a833c80 sp=0x00000001765fcff0
Event: 198.561 Thread 0x00007faa9ca01800 DEOPT UNPACKING pc=0x000000010a297229 sp=0x00000001765fce78 mode 2
Event: 198.582 Thread 0x00007faa9c849800 Uncommon trap: trap_request=0xffffffde fr.pc=0x000000010a3d67c0
Event: 198.582 Thread 0x00007faa9c849800 DEOPT PACKING pc=0x000000010a3d67c0 sp=0x00007fff573aa630
Event: 198.582 Thread 0x00007faa9c849800 DEOPT UNPACKING pc=0x000000010a297229 sp=0x00007fff573aa5d8 mode 2


Dynamic libraries:
0x000000000637b000 	/System/Library/Frameworks/Cocoa.framework/Versions/A/Cocoa
0x000000000637b000 	/System/Library/Frameworks/Security.framework/Versions/A/Security
0x000000000637b000 	/System/Library/Frameworks/ApplicationServices.framework/Versions/A/ApplicationServices
0x000000000637b000 	/usr/lib/libz.1.dylib
0x000000000637b000 	/usr/lib/libSystem.B.dylib
0x000000000637b000 	/usr/lib/libobjc.A.dylib
0x000000000637b000 	/System/Library/Frameworks/CoreFoundation.framework/Versions/A/CoreFoundation
0x000000000637b000 	/System/Library/Frameworks/Foundation.framework/Versions/C/Foundation
0x000000000637b000 	/System/Library/Frameworks/AppKit.framework/Versions/C/AppKit
0x000000000637b000 	/System/Library/Frameworks/CoreData.framework/Versions/A/CoreData
0x000000000637b000 	/System/Library/PrivateFrameworks/RemoteViewServices.framework/Versions/A/RemoteViewServices
0x000000000637b000 	/System/Library/Frameworks/AudioToolbox.framework/Versions/A/AudioToolbox
0x000000000637b000 	/System/Library/Frameworks/AudioUnit.framework/Versions/A/AudioUnit
0x000000000637b000 	/System/Library/PrivateFrameworks/DataDetectorsCore.framework/Versions/A/DataDetectorsCore
0x000000000637b000 	/System/Library/PrivateFrameworks/DesktopServicesPriv.framework/Versions/A/DesktopServicesPriv
0x000000000637b000 	/System/Library/Frameworks/Carbon.framework/Versions/A/Frameworks/HIToolbox.framework/Versions/A/HIToolbox
0x000000000637b000 	/System/Library/Frameworks/QuartzCore.framework/Versions/A/QuartzCore
0x000000000637b000 	/System/Library/Frameworks/Carbon.framework/Versions/A/Frameworks/SpeechRecognition.framework/Versions/A/SpeechRecognition
0x000000000637b000 	/usr/lib/libauto.dylib
0x000000000637b000 	/usr/lib/libicucore.A.dylib
0x000000000637b000 	/usr/lib/libxml2.2.dylib
0x000000000637b000 	/System/Library/PrivateFrameworks/CoreUI.framework/Versions/A/CoreUI
0x000000000637b000 	/System/Library/Frameworks/CoreAudio.framework/Versions/A/CoreAudio
0x000000000637b000 	/System/Library/Frameworks/DiskArbitration.framework/Versions/A/DiskArbitration
0x000000000637b000 	/usr/lib/liblangid.dylib
0x000000000637b000 	/System/Library/PrivateFrameworks/MultitouchSupport.framework/Versions/A/MultitouchSupport
0x000000000637b000 	/System/Library/Frameworks/IOKit.framework/Versions/A/IOKit
0x000000000637b000 	/usr/lib/libDiagnosticMessagesClient.dylib
0x000000000637b000 	/System/Library/Frameworks/CoreServices.framework/Versions/A/CoreServices
0x000000000637b000 	/System/Library/PrivateFrameworks/PerformanceAnalysis.framework/Versions/A/PerformanceAnalysis
0x000000000637b000 	/System/Library/PrivateFrameworks/GenerationalStorage.framework/Versions/A/GenerationalStorage
0x000000000637b000 	/System/Library/Frameworks/OpenGL.framework/Versions/A/OpenGL
0x000000000637b000 	/System/Library/PrivateFrameworks/Sharing.framework/Versions/A/Sharing
0x000000000637b000 	/System/Library/Frameworks/ImageIO.framework/Versions/A/ImageIO
0x000000000637b000 	/System/Library/Frameworks/CoreText.framework/Versions/A/CoreText
0x000000000637b000 	/System/Library/Frameworks/CoreGraphics.framework/Versions/A/CoreGraphics
0x000000000637b000 	/System/Library/PrivateFrameworks/Backup.framework/Versions/A/Backup
0x000000000637b000 	/System/Library/Frameworks/CFNetwork.framework/Versions/A/CFNetwork
0x000000000637b000 	/System/Library/Frameworks/SystemConfiguration.framework/Versions/A/SystemConfiguration
0x000000000637b000 	/usr/lib/libCRFSuite.dylib
0x000000000637b000 	/usr/lib/libc++.1.dylib
0x000000000637b000 	/usr/lib/libc++abi.dylib
0x000000000637b000 	/usr/lib/system/libcache.dylib
0x000000000637b000 	/usr/lib/system/libcommonCrypto.dylib
0x000000000637b000 	/usr/lib/system/libcompiler_rt.dylib
0x000000000637b000 	/usr/lib/system/libcopyfile.dylib
0x000000000637b000 	/usr/lib/system/libcorecrypto.dylib
0x000000000637b000 	/usr/lib/system/libdispatch.dylib
0x000000000637b000 	/usr/lib/system/libdyld.dylib
0x000000000637b000 	/usr/lib/system/libkeymgr.dylib
0x000000000637b000 	/usr/lib/system/liblaunch.dylib
0x000000000637b000 	/usr/lib/system/libmacho.dylib
0x000000000637b000 	/usr/lib/system/libquarantine.dylib
0x000000000637b000 	/usr/lib/system/libremovefile.dylib
0x000000000637b000 	/usr/lib/system/libsystem_asl.dylib
0x000000000637b000 	/usr/lib/system/libsystem_blocks.dylib
0x000000000637b000 	/usr/lib/system/libsystem_c.dylib
0x000000000637b000 	/usr/lib/system/libsystem_configuration.dylib
0x000000000637b000 	/usr/lib/system/libsystem_dnssd.dylib
0x000000000637b000 	/usr/lib/system/libsystem_info.dylib
0x000000000637b000 	/usr/lib/system/libsystem_kernel.dylib
0x000000000637b000 	/usr/lib/system/libsystem_m.dylib
0x000000000637b000 	/usr/lib/system/libsystem_malloc.dylib
0x000000000637b000 	/usr/lib/system/libsystem_network.dylib
0x000000000637b000 	/usr/lib/system/libsystem_notify.dylib
0x000000000637b000 	/usr/lib/system/libsystem_platform.dylib
0x000000000637b000 	/usr/lib/system/libsystem_pthread.dylib
0x000000000637b000 	/usr/lib/system/libsystem_sandbox.dylib
0x000000000637b000 	/usr/lib/system/libsystem_stats.dylib
0x000000000637b000 	/usr/lib/system/libunc.dylib
0x000000000637b000 	/usr/lib/system/libunwind.dylib
0x000000000637b000 	/usr/lib/system/libxpc.dylib
0x000000000637b000 	/usr/lib/libbsm.0.dylib
0x000000000637b000 	/usr/lib/libsqlite3.dylib
0x000000000637b000 	/usr/lib/libxar.1.dylib
0x000000000637b000 	/usr/lib/libpam.2.dylib
0x000000000637b000 	/usr/lib/libOpenScriptingUtil.dylib
0x000000000637b000 	/usr/lib/libbz2.1.0.dylib
0x000000000637b000 	/System/Library/Frameworks/CoreServices.framework/Versions/A/Frameworks/CarbonCore.framework/Versions/A/CarbonCore
0x000000000637b000 	/System/Library/Frameworks/CoreServices.framework/Versions/A/Frameworks/Metadata.framework/Versions/A/Metadata
0x000000000637b000 	/System/Library/Frameworks/CoreServices.framework/Versions/A/Frameworks/OSServices.framework/Versions/A/OSServices
0x000000000637b000 	/System/Library/Frameworks/CoreServices.framework/Versions/A/Frameworks/SearchKit.framework/Versions/A/SearchKit
0x000000000637b000 	/System/Library/Frameworks/CoreServices.framework/Versions/A/Frameworks/AE.framework/Versions/A/AE
0x000000000637b000 	/System/Library/Frameworks/CoreServices.framework/Versions/A/Frameworks/LaunchServices.framework/Versions/A/LaunchServices
0x000000000637b000 	/System/Library/Frameworks/CoreServices.framework/Versions/A/Frameworks/DictionaryServices.framework/Versions/A/DictionaryServices
0x000000000637b000 	/System/Library/Frameworks/NetFS.framework/Versions/A/NetFS
0x000000000637b000 	/usr/lib/system/libkxld.dylib
0x000000000637b000 	/System/Library/PrivateFrameworks/NetAuth.framework/Versions/A/NetAuth
0x000000000637b000 	/System/Library/PrivateFrameworks/TCC.framework/Versions/A/TCC
0x000000000637b000 	/System/Library/Frameworks/OpenDirectory.framework/Versions/A/Frameworks/CFOpenDirectory.framework/Versions/A/CFOpenDirectory
0x000000000637b000 	/System/Library/Frameworks/ServiceManagement.framework/Versions/A/ServiceManagement
0x000000000637b000 	/usr/lib/libxslt.1.dylib
0x000000000637b000 	/System/Library/Frameworks/Carbon.framework/Versions/A/Frameworks/Ink.framework/Versions/A/Ink
0x000000000637b000 	/System/Library/Frameworks/ApplicationServices.framework/Versions/A/Frameworks/ATS.framework/Versions/A/ATS
0x000000000637b000 	/System/Library/Frameworks/ApplicationServices.framework/Versions/A/Frameworks/ColorSync.framework/Versions/A/ColorSync
0x000000000637b000 	/System/Library/Frameworks/ApplicationServices.framework/Versions/A/Frameworks/HIServices.framework/Versions/A/HIServices
0x000000000637b000 	/System/Library/Frameworks/ApplicationServices.framework/Versions/A/Frameworks/LangAnalysis.framework/Versions/A/LangAnalysis
0x000000000637b000 	/System/Library/Frameworks/ApplicationServices.framework/Versions/A/Frameworks/PrintCore.framework/Versions/A/PrintCore
0x000000000637b000 	/System/Library/Frameworks/ApplicationServices.framework/Versions/A/Frameworks/QD.framework/Versions/A/QD
0x000000000637b000 	/System/Library/Frameworks/ApplicationServices.framework/Versions/A/Frameworks/SpeechSynthesis.framework/Versions/A/SpeechSynthesis
0x000000000637b000 	/System/Library/Frameworks/IOSurface.framework/Versions/A/IOSurface
0x000000000637b000 	/System/Library/Frameworks/Accelerate.framework/Versions/A/Accelerate
0x000000000637b000 	/System/Library/Frameworks/Accelerate.framework/Versions/A/Frameworks/vImage.framework/Versions/A/vImage
0x000000000637b000 	/System/Library/Frameworks/Accelerate.framework/Versions/A/Frameworks/vecLib.framework/Versions/A/vecLib
0x000000000637b000 	/System/Library/Frameworks/Accelerate.framework/Versions/A/Frameworks/vecLib.framework/Versions/A/libvDSP.dylib
0x000000000637b000 	/System/Library/Frameworks/Accelerate.framework/Versions/A/Frameworks/vecLib.framework/Versions/A/libvMisc.dylib
0x000000000637b000 	/System/Library/Frameworks/Accelerate.framework/Versions/A/Frameworks/vecLib.framework/Versions/A/libLAPACK.dylib
0x000000000637b000 	/System/Library/Frameworks/Accelerate.framework/Versions/A/Frameworks/vecLib.framework/Versions/A/libBLAS.dylib
0x000000000637b000 	/System/Library/Frameworks/ApplicationServices.framework/Versions/A/Frameworks/ATS.framework/Versions/A/Resources/libFontParser.dylib
0x000000000637b000 	/System/Library/Frameworks/ApplicationServices.framework/Versions/A/Frameworks/ATS.framework/Versions/A/Resources/libFontRegistry.dylib
0x000000000637b000 	/System/Library/Frameworks/ImageIO.framework/Versions/A/Resources/libJPEG.dylib
0x000000000637b000 	/System/Library/Frameworks/ImageIO.framework/Versions/A/Resources/libTIFF.dylib
0x000000000637b000 	/System/Library/Frameworks/ImageIO.framework/Versions/A/Resources/libPng.dylib
0x000000000637b000 	/System/Library/Frameworks/ImageIO.framework/Versions/A/Resources/libGIF.dylib
0x000000000637b000 	/System/Library/Frameworks/ImageIO.framework/Versions/A/Resources/libJP2.dylib
0x000000000637b000 	/System/Library/Frameworks/ImageIO.framework/Versions/A/Resources/libRadiance.dylib
0x000000000637b000 	/usr/lib/libcups.2.dylib
0x000000000637b000 	/System/Library/Frameworks/Kerberos.framework/Versions/A/Kerberos
0x000000000637b000 	/System/Library/Frameworks/GSS.framework/Versions/A/GSS
0x000000000637b000 	/usr/lib/libresolv.9.dylib
0x000000000637b000 	/usr/lib/libiconv.2.dylib
0x000000000637b000 	/System/Library/PrivateFrameworks/Heimdal.framework/Versions/A/Heimdal
0x000000000637b000 	/System/Library/PrivateFrameworks/TrustEvaluationAgent.framework/Versions/A/TrustEvaluationAgent
0x000000000637b000 	/usr/lib/libheimdal-asn1.dylib
0x000000000637b000 	/System/Library/Frameworks/OpenDirectory.framework/Versions/A/OpenDirectory
0x000000000637b000 	/System/Library/PrivateFrameworks/CommonAuth.framework/Versions/A/CommonAuth
0x000000000637b000 	/System/Library/Frameworks/SecurityFoundation.framework/Versions/A/SecurityFoundation
0x000000000637b000 	/System/Library/PrivateFrameworks/Bom.framework/Versions/A/Bom
0x000000000637b000 	/System/Library/Frameworks/CoreVideo.framework/Versions/A/CoreVideo
0x000000000637b000 	/System/Library/Frameworks/QuartzCore.framework/Versions/A/Frameworks/CoreImage.framework/Versions/A/CoreImage
0x000000000637b000 	/System/Library/Frameworks/QuartzCore.framework/Versions/A/Frameworks/ScalableUserInterface.framework/Versions/A/ScalableUserInterface
0x000000000637b000 	/System/Library/Frameworks/OpenGL.framework/Versions/A/Libraries/libGLU.dylib
0x000000000637b000 	/System/Library/Frameworks/OpenGL.framework/Versions/A/Libraries/libGFXShared.dylib
0x000000000637b000 	/System/Library/Frameworks/OpenGL.framework/Versions/A/Libraries/libGL.dylib
0x000000000637b000 	/System/Library/Frameworks/OpenGL.framework/Versions/A/Libraries/libGLImage.dylib
0x000000000637b000 	/System/Library/Frameworks/OpenGL.framework/Versions/A/Libraries/libCVMSPluginSupport.dylib
0x000000000637b000 	/System/Library/Frameworks/OpenGL.framework/Versions/A/Libraries/libCoreVMClient.dylib
0x000000000637b000 	/System/Library/PrivateFrameworks/FaceCore.framework/Versions/A/FaceCore
0x000000000637b000 	/System/Library/PrivateFrameworks/CrashReporterSupport.framework/Versions/A/CrashReporterSupport
0x000000000637b000 	/System/Library/Frameworks/OpenCL.framework/Versions/A/OpenCL
0x000000000637b000 	/System/Library/PrivateFrameworks/AppleFSCompression.framework/Versions/A/AppleFSCompression
0x000000000637b000 	/System/Library/PrivateFrameworks/Ubiquity.framework/Versions/A/Ubiquity
0x000000000637b000 	/System/Library/PrivateFrameworks/IconServices.framework/Versions/A/IconServices
0x000000000637b000 	/System/Library/PrivateFrameworks/ChunkingLibrary.framework/Versions/A/ChunkingLibrary
0x000000000637b000 	/System/Library/PrivateFrameworks/CoreSymbolication.framework/Versions/A/CoreSymbolication
0x000000000637b000 	/System/Library/PrivateFrameworks/Symbolication.framework/Versions/A/Symbolication
0x000000000637b000 	/System/Library/PrivateFrameworks/DebugSymbols.framework/Versions/A/DebugSymbols
0x0000000109200000 	/Library/Java/JavaVirtualMachines/jdk1.8.0_77.jdk/Contents/Home/jre/lib/server/libjvm.dylib
0x000000000637b000 	/usr/lib/libstdc++.6.dylib
0x0000000108966000 	/Library/Java/JavaVirtualMachines/jdk1.8.0_77.jdk/Contents/Home/jre/lib/libverify.dylib
0x0000000108974000 	/Library/Java/JavaVirtualMachines/jdk1.8.0_77.jdk/Contents/Home/jre/lib/libjava.dylib
0x00000001089b3000 	/Library/Java/JavaVirtualMachines/jdk1.8.0_77.jdk/Contents/Home/jre/lib/libzip.dylib
0x000000011dd64000 	/System/Library/Frameworks/JavaVM.framework/Frameworks/JavaRuntimeSupport.framework/JavaRuntimeSupport
0x000000011dd7c000 	/System/Library/Frameworks/JavaVM.framework/Versions/A/Frameworks/JavaNativeFoundation.framework/Versions/A/JavaNativeFoundation
0x000000011dd91000 	/System/Library/Frameworks/JavaVM.framework/Versions/A/JavaVM
0x000000000637b000 	/System/Library/Frameworks/Carbon.framework/Versions/A/Carbon
0x000000011dd9e000 	/System/Library/PrivateFrameworks/JavaLaunching.framework/Versions/A/JavaLaunching
0x000000000637b000 	/System/Library/Frameworks/Carbon.framework/Versions/A/Frameworks/CommonPanels.framework/Versions/A/CommonPanels
0x000000000637b000 	/System/Library/Frameworks/Carbon.framework/Versions/A/Frameworks/Help.framework/Versions/A/Help
0x000000000637b000 	/System/Library/Frameworks/Carbon.framework/Versions/A/Frameworks/ImageCapture.framework/Versions/A/ImageCapture
0x000000000637b000 	/System/Library/Frameworks/Carbon.framework/Versions/A/Frameworks/OpenScripting.framework/Versions/A/OpenScripting
0x000000000637b000 	/System/Library/Frameworks/Carbon.framework/Versions/A/Frameworks/Print.framework/Versions/A/Print
0x000000000637b000 	/System/Library/Frameworks/Carbon.framework/Versions/A/Frameworks/SecurityHI.framework/Versions/A/SecurityHI
0x000000011e508000 	/Library/Java/JavaVirtualMachines/jdk1.8.0_77.jdk/Contents/Home/jre/lib/libawt.dylib
0x000000011e5b0000 	/Library/Java/JavaVirtualMachines/jdk1.8.0_77.jdk/Contents/Home/jre/lib/./libmlib_image.dylib
0x000000011e67c000 	/Library/Java/JavaVirtualMachines/jdk1.8.0_77.jdk/Contents/Home/jre/lib/libawt_lwawt.dylib
0x000000011e731000 	/Library/Java/JavaVirtualMachines/jdk1.8.0_77.jdk/Contents/Home/jre/lib/./libosxapp.dylib
0x000000000637b000 	/System/Library/Frameworks/ExceptionHandling.framework/Versions/A/ExceptionHandling
0x000000000637b000 	/System/Library/PrivateFrameworks/CoreServicesInternal.framework/Versions/A/CoreServicesInternal
0x000000000637b000 	/System/Library/PrivateFrameworks/Librarian.framework/Versions/A/Librarian
0x000000000637b000 	/System/Library/Frameworks/CoreGraphics.framework/Versions/A/Resources/libCGCMS.A.dylib
0x000000000637b000 	/System/Library/Frameworks/CoreGraphics.framework/Versions/A/Resources/libRIP.A.dylib
0x000000000637b000 	/System/Library/Frameworks/CoreGraphics.framework/Versions/A/Resources/libCGXType.A.dylib
0x000000000637b000 	/System/Library/PrivateFrameworks/FamilyControls.framework/Versions/A/FamilyControls
0x000000000637b000 	/System/Library/PrivateFrameworks/CommerceKit.framework/Versions/A/Frameworks/CommerceCore.framework/Versions/A/CommerceCore
0x000000000637b000 	/System/Library/PrivateFrameworks/SystemAdministration.framework/Versions/A/SystemAdministration
0x000000000637b000 	/System/Library/Frameworks/DirectoryService.framework/Versions/A/DirectoryService
0x000000000637b000 	/System/Library/PrivateFrameworks/DiskImages.framework/Versions/A/DiskImages
0x000000000637b000 	/System/Library/PrivateFrameworks/LoginUIKit.framework/Versions/A/Frameworks/LoginUICore.framework/Versions/A/LoginUICore
0x000000000637b000 	/usr/lib/libCoreStorage.dylib
0x000000000637b000 	/usr/lib/libcsfde.dylib
0x000000000637b000 	/usr/lib/libodfde.dylib
0x000000000637b000 	/System/Library/Frameworks/DiscRecording.framework/Versions/A/DiscRecording
0x000000000637b000 	/usr/lib/libcurl.4.dylib
0x000000000637b000 	/System/Library/PrivateFrameworks/MediaKit.framework/Versions/A/MediaKit
0x000000000637b000 	/System/Library/PrivateFrameworks/EFILogin.framework/Versions/A/EFILogin
0x000000000637b000 	/usr/lib/libutil.dylib
0x000000000637b000 	/System/Library/PrivateFrameworks/AOSNotification.framework/Versions/A/AOSNotification
0x000000000637b000 	/System/Library/Frameworks/LDAP.framework/Versions/A/LDAP
0x000000000637b000 	/usr/lib/libsasl2.2.dylib
0x000000000637b000 	/usr/lib/libcrypto.0.9.8.dylib
0x000000000637b000 	/usr/lib/libssl.0.9.8.dylib
0x000000000637b000 	/System/Library/Frameworks/OpenGL.framework/Versions/A/Resources/GLEngine.bundle/GLEngine
0x000000000637b000 	/System/Library/Frameworks/OpenGL.framework/Versions/A/Libraries/libGLProgrammability.dylib
0x00000001229cb000 	/System/Library/Extensions/AppleIntelHD5000GraphicsGLDriver.bundle/Contents/MacOS/AppleIntelHD5000GraphicsGLDriver
0x000000000637b000 	/System/Library/PrivateFrameworks/IOAccelerator.framework/Versions/A/IOAccelerator
0x000000000637b000 	/System/Library/PrivateFrameworks/GPUSupport.framework/Versions/A/Libraries/libGPUSupportMercury.dylib
0x000000000637b000 	/System/Library/Frameworks/OpenGL.framework/Versions/A/Resources/GLRendererFloat.bundle/GLRendererFloat
0x000000000637b000 	/System/Library/Frameworks/OpenCL.framework/Versions/A/Libraries/libcldcpuengine.dylib
0x0000000123d25000 	/Library/Java/JavaVirtualMachines/jdk1.8.0_77.jdk/Contents/Home/jre/lib/libfontmanager.dylib
0x000000012551b000 	/Library/Java/JavaVirtualMachines/jdk1.8.0_77.jdk/Contents/Home/jre/lib/libosxui.dylib
0x00000001255fb000 	/Library/Java/JavaVirtualMachines/jdk1.8.0_77.jdk/Contents/Home/jre/lib/libnet.dylib
0x0000000125612000 	/Library/Java/JavaVirtualMachines/jdk1.8.0_77.jdk/Contents/Home/jre/lib/libnio.dylib
0x000000000637b000 	/System/Library/Frameworks/ApplicationServices.framework/Versions/A/Frameworks/ATS.framework/Versions/A/Resources/libTrueTypeScaler.dylib
0x0000000175f76000 	/private/var/folders/vm/c6ql63410d962mlmgt4yhc5h0000gn/T/jogamp_0000/file_cache/jln5957262107377686148/jln1593037267241673467/libgluegen-rt.jnilib
0x0000000124da3000 	/private/var/folders/vm/c6ql63410d962mlmgt4yhc5h0000gn/T/jogamp_0000/file_cache/jln5957262107377686148/jln1593037267241673467/libnativewindow_awt.jnilib
0x00000001255a4000 	/Library/Java/JavaVirtualMachines/jdk1.8.0_77.jdk/Contents/Home/jre/lib/libjawt.dylib
0x0000000175fde000 	/private/var/folders/vm/c6ql63410d962mlmgt4yhc5h0000gn/T/jogamp_0000/file_cache/jln5957262107377686148/jln1593037267241673467/libnativewindow_macosx.jnilib
0x0000000177dbe000 	/private/var/folders/vm/c6ql63410d962mlmgt4yhc5h0000gn/T/jogamp_0000/file_cache/jln5957262107377686148/jln1593037267241673467/libjogl_desktop.jnilib
0x000000017a9ec000 	/Library/Java/JavaVirtualMachines/jdk1.8.0_77.jdk/Contents/Home/jre/lib/libt2k.dylib

VM Arguments:
jvm_args: -Djava.security.policy=java.policy.applet -Dfile.encoding=UTF-8 
java_command: sun.applet.AppletViewer module5.EarthquakeCityMap1463875249474.html
java_class_path (initial): /Users/xingdu/Documents/workspace/UCSDUnfoldingMaps/build:/Users/xingdu/Documents/workspace/UCSDUnfoldingMaps/lib/core.jar:/Users/xingdu/Documents/workspace/UCSDUnfoldingMaps/lib/gluegen-rt.jar:/Users/xingdu/Documents/workspace/UCSDUnfoldingMaps/lib/jogl-all.jar:/Users/xingdu/Documents/workspace/UCSDUnfoldingMaps/lib/log4j-1.2.15.jar:/Users/xingdu/Documents/workspace/UCSDUnfoldingMaps/lib/sqlite-jdbc-3.7.2.jar:/Users/xingdu/Documents/workspace/UCSDUnfoldingMaps/lib/json4processing.jar:/Users/xingdu/Documents/workspace/UCSDUnfoldingMaps/lib/libTUIO.jar:/Users/xingdu/Documents/workspace/UCSDUnfoldingMaps/lib/unfolding.0.9.7-uscd.jar
Launcher Type: SUN_STANDARD

Environment Variables:
PATH=/usr/bin:/bin:/usr/sbin:/sbin
SHELL=/bin/bash

Signal Handlers:
SIGSEGV: [libjvm.dylib+0x5a6855], sa_mask[0]=11111111011111110111111111111111, sa_flags=SA_ONSTACK|SA_RESTART|SA_SIGINFO
SIGBUS: [libjvm.dylib+0x5a6855], sa_mask[0]=11111111011111110111111111111111, sa_flags=SA_RESTART|SA_SIGINFO
SIGFPE: [libjvm.dylib+0x4804ec], sa_mask[0]=11111111011111110111111111111111, sa_flags=SA_RESTART|SA_SIGINFO
SIGPIPE: [libjvm.dylib+0x4804ec], sa_mask[0]=11111111011111110111111111111111, sa_flags=SA_RESTART|SA_SIGINFO
SIGXFSZ: [libjvm.dylib+0x4804ec], sa_mask[0]=11111111011111110111111111111111, sa_flags=SA_RESTART|SA_SIGINFO
SIGILL: [libjvm.dylib+0x4804ec], sa_mask[0]=11111111011111110111111111111111, sa_flags=SA_RESTART|SA_SIGINFO
SIGUSR1: SIG_DFL, sa_mask[0]=00000000000000000000000000000000, sa_flags=SA_RESTART
SIGUSR2: [libjvm.dylib+0x48000a], sa_mask[0]=00100000000000000000000000000000, sa_flags=SA_RESTART|SA_SIGINFO
SIGHUP: [libjvm.dylib+0x47e5e1], sa_mask[0]=11111111011111110111111111111111, sa_flags=SA_RESTART|SA_SIGINFO
SIGINT: [libjvm.dylib+0x47e5e1], sa_mask[0]=11111111011111110111111111111111, sa_flags=SA_RESTART|SA_SIGINFO
SIGTERM: [libjvm.dylib+0x47e5e1], sa_mask[0]=11111111011111110111111111111111, sa_flags=SA_RESTART|SA_SIGINFO
SIGQUIT: [libjvm.dylib+0x47e5e1], sa_mask[0]=11111111011111110111111111111111, sa_flags=SA_RESTART|SA_SIGINFO


---------------  S Y S T E M  ---------------

OS:Bsduname:Darwin 13.4.0 Darwin Kernel Version 13.4.0: Wed Mar 18 16:20:14 PDT 2015; root:xnu-2422.115.14~1/RELEASE_X86_64 x86_64
rlimit: STACK 8192k, CORE 0k, NPROC 709, NOFILE 10240, AS infinity
load average:3.50 1.99 1.74

CPU:total 4 (2 cores per cpu, 2 threads per core) family 6 model 69 stepping 1, cmov, cx8, fxsr, mmx, sse, sse2, sse3, ssse3, sse4.1, sse4.2, popcnt, avx, avx2, aes, clmul, erms, lzcnt, ht, tsc, tscinvbit, bmi1, bmi2

Memory: 4k page, physical 4194304k(566664k free)

/proc/meminfo:


vm_info: Java HotSpot(TM) 64-Bit Server VM (25.77-b03) for bsd-amd64 JRE (1.8.0_77-b03), built on Mar 20 2016 22:14:03 by "java_re" with gcc 4.2.1 (Based on Apple Inc. build 5658) (LLVM build 2336.11.00)

time: Sat May 21 20:04:08 2016
elapsed time: 198 seconds (0d 0h 3m 18s)

