#
# A fatal error has been detected by the Java Runtime Environment:
#
#  SIGSEGV (0xb) at pc=0x00007fff89bb8097, pid=13990, tid=3335
#
# JRE version: Java(TM) SE Runtime Environment (8.0_77-b03) (build 1.8.0_77-b03)
# Java VM: Java HotSpot(TM) 64-Bit Server VM (25.77-b03 mixed mode bsd-amd64 compressed oops)
# Problematic frame:
# C  [libobjc.A.dylib+0x5097]  objc_msgSend+0x17
#
# Failed to write core dump. Core dumps have been disabled. To enable core dumping, try "ulimit -c unlimited" before starting Java again
#
# If you would like to submit a bug report, please visit:
#   http://bugreport.java.com/bugreport/crash.jsp
# The crash happened outside the Java Virtual Machine in native code.
# See problematic frame for where to report the bug.
#

---------------  T H R E A D  ---------------

Current thread (0x00007fda350cd000):  JavaThread "AWT-AppKit" daemon [_thread_in_native, id=3335, stack(0x00007fff5a25d000,0x00007fff5aa5d000)]

siginfo: si_signo: 11 (SIGSEGV), si_code: 0 (unknown), si_addr: 0x0000000000000000

Registers:
RAX=0x00007fda35ff86e0, RBX=0x0000000172926450, RCX=0x00000001216ad3a0, RDX=0x00000001216ad960
RSP=0x00007fff5aa582c8, RBP=0x00007fff5aa58380, RSI=0x00007fff9350c4c6, RDI=0x00007fda37acc6a0
R8 =0x0000000000000000, R9 =0x00000000000006d0, R10=0x00007fff9350c4c6, R11=0x500007fda37d1d3c
R12=0x0000000000000000, R13=0x000000017463a818, R14=0x0000000172926440, R15=0x00007fda350cd000
RIP=0x00007fff89bb8097, EFLAGS=0x0000000000010246, ERR=0x0000000000000000
  TRAPNO=0x000000000000000d

Top of Stack: (sp=0x00007fff5aa582c8)
0x00007fff5aa582c8:   0000000172924157 00007fff5aa58320
0x00007fff5aa582d8:   0000000000000003 00007fff5aa58300
0x00007fff5aa582e8:   0000000105492b02 000000017463a818
0x00007fff5aa582f8:   000000017463a818 00007fda35ff86e0
0x00007fff5aa58308:   00000001729266a0 0000000172926710
0x00007fff5aa58318:   00007fff77a31fb0 00007fff7646c420
0x00007fff5aa58328:   0000000172926450 0000000172926690
0x00007fff5aa58338:   00007fda35ff86e0 00007fda37acc6a0
0x00007fff5aa58348:   00007fda3373b290 00007fda35ff86e0
0x00007fff5aa58358:   00007fda37acc6a0 00007fff5aa58408
0x00007fff5aa58368:   00007fda350cd1f8 000000017463a818
0x00007fff5aa58378:   00007fff5aa58430 00007fff5aa583f8
0x00007fff5aa58388:   0000000106c15954 000000017463a818
0x00007fff5aa58398:   00007fff5aa58430 00007fff5aa583f8
0x00007fff5aa583a8:   0000000106c156e7 0000000106c156a2
0x00007fff5aa583b8:   00007fff5aa583b8 000000017463a818
0x00007fff5aa583c8:   00007fff5aa58430 000000017463d450
0x00007fff5aa583d8:   0000000000000000 000000017463a818
0x00007fff5aa583e8:   0000000000000000 00007fff5aa58418
0x00007fff5aa583f8:   00007fff5aa58478 0000000106c07c4d
0x00007fff5aa58408:   0000000780f00ae0 0000000106c0f578
0x00007fff5aa58418:   00007fda35ff86e0 00007fff5aa58478
0x00007fff5aa58428:   00007fda37acc6a0 0000000106c10d82
0x00007fff5aa58438:   00007fff5aa58438 000000017463a9e2
0x00007fff5aa58448:   00007fff5aa584a0 000000017463d450
0x00007fff5aa58458:   0000000000000000 000000017463a9f0
0x00007fff5aa58468:   00007fff5aa58418 00007fff5aa58488
0x00007fff5aa58478:   00007fff5aa584e8 0000000106c07c4d
0x00007fff5aa58488:   00007fda35ff86e0 0000000780e4c040
0x00007fff5aa58498:   00007fda37acc6a0 0000000780e4c040
0x00007fff5aa584a8:   00007fff5aa584a8 000000017afdfa96
0x00007fff5aa584b8:   00007fff5aa584f8 000000017afdfb50 

Instructions: (pc=0x00007fff89bb8097)
0x00007fff89bb8077:   90 90 90 90 90 90 90 90 90 48 85 ff 2e 74 72 40
0x00007fff89bb8087:   f6 c7 01 2e 0f 85 7e 00 00 00 4c 8b 1f 49 89 f2
0x00007fff89bb8097:   45 23 53 18 49 c1 e2 04 4d 03 53 10 49 3b 32 75
0x00007fff89bb80a7:   04 41 ff 62 08 49 83 3a 00 74 74 4d 3b 53 10 74 

Register to memory mapping:

RAX=0x00007fda35ff86e0 is an unknown value
RBX=0x0000000172926450: Java_jogamp_nativewindow_macosx_OSXUtil_GetScreenRefreshRate0+0x1cf0 in /private/var/folders/vm/c6ql63410d962mlmgt4yhc5h0000gn/T/jogamp_0000/file_cache/jln5004810363225119180/jln2946707397636557716/libnativewindow_macosx.jnilib at 0x000000017291f000
RCX=0x00000001216ad3a0 is an unknown value
RDX=0x00000001216ad960 is an unknown value
RSP=0x00007fff5aa582c8 is pointing into the stack for thread: 0x00007fda350cd000
RBP=0x00007fff5aa58380 is pointing into the stack for thread: 0x00007fda350cd000
RSI=0x00007fff9350c4c6: NSAppKitVersionNumber+0x12eb6 in /System/Library/Frameworks/AppKit.framework/Versions/C/AppKit at 0x00007fff92aa9000
RDI=0x00007fda37acc6a0 is an unknown value
R8 =0x0000000000000000 is an unknown value
R9 =0x00000000000006d0 is an unknown value
R10=0x00007fff9350c4c6: NSAppKitVersionNumber+0x12eb6 in /System/Library/Frameworks/AppKit.framework/Versions/C/AppKit at 0x00007fff92aa9000
R11=0x500007fda37d1d3c is an unknown value
R12=0x0000000000000000 is an unknown value
R13={method} {0x000000017463a818} 'UnsetJAWTRootSurfaceLayer0' '(JJ)V' in 'jogamp/nativewindow/jawt/macosx/MacOSXJAWTWindow'
R14=0x0000000172926440: Java_jogamp_nativewindow_macosx_OSXUtil_GetScreenRefreshRate0+0x1ce0 in /private/var/folders/vm/c6ql63410d962mlmgt4yhc5h0000gn/T/jogamp_0000/file_cache/jln5004810363225119180/jln2946707397636557716/libnativewindow_macosx.jnilib at 0x000000017291f000
R15=0x00007fda350cd000 is a thread


Stack: [0x00007fff5a25d000,0x00007fff5aa5d000],  sp=0x00007fff5aa582c8,  free space=8172k
Native frames: (J=compiled Java code, j=interpreted, Vv=VM code, C=native code)
C  [libobjc.A.dylib+0x5097]  objc_msgSend+0x17
j  jogamp.nativewindow.jawt.macosx.MacOSXJAWTWindow.UnsetJAWTRootSurfaceLayer0(JJ)V+0
j  jogamp.nativewindow.jawt.macosx.MacOSXJAWTWindow.access$200(JJ)V+2
j  jogamp.nativewindow.jawt.macosx.MacOSXJAWTWindow$1.run()V+38
J 2562 C1 com.jogamp.common.util.RunnableTask.run()V (345 bytes) @ 0x0000000107445314 [0x0000000107445180+0x194]
v  ~StubRoutines::call_stub
V  [libjvm.dylib+0x2ea39e]  JavaCalls::call_helper(JavaValue*, methodHandle*, JavaCallArguments*, Thread*)+0x6ae
V  [libjvm.dylib+0x3214a7]  jni_invoke_nonstatic(JNIEnv_*, JavaValue*, _jobject*, JNICallType, _jmethodID*, JNI_ArgumentPusher*, Thread*)+0x2ec
V  [libjvm.dylib+0x313c7b]  jni_CallVoidMethod+0x16b
C  [libnativewindow_macosx.jnilib+0x5326]  Java_jogamp_nativewindow_jawt_macosx_MacOSXJAWTWindow_UnsetJAWTRootSurfaceLayer0+0x2b6
C  [Foundation+0x6375e]  __NSThreadPerformPerform+0xe5
C  [CoreFoundation+0x7f5b1]  __CFRUNLOOP_IS_CALLING_OUT_TO_A_SOURCE0_PERFORM_FUNCTION__+0x11
C  [CoreFoundation+0x70d29]  __CFRunLoopDoSources0+0x1b9
C  [CoreFoundation+0x703ef]  __CFRunLoopRun+0x33f
C  [CoreFoundation+0x6fe75]  CFRunLoopRunSpecific+0x135
C  [HIToolbox+0x2ea0d]  RunCurrentEventLoopInMode+0xe2
C  [HIToolbox+0x2e685]  ReceiveNextEventCommon+0xad
C  [HIToolbox+0x2e5bc]  _BlockUntilNextEventMatchingListInModeWithFilter+0x41
C  [AppKit+0x2424e]  _DPSNextEvent+0x59a
C  [AppKit+0x2389b]  -[NSApplication nextEventMatchingMask:untilDate:inMode:dequeue:]+0x7a
C  [libosxapp.dylib+0x23aa]  -[NSApplicationAWT nextEventMatchingMask:untilDate:inMode:dequeue:]+0x7c
C  [AppKit+0x1799c]  -[NSApplication run]+0x229
C  [libosxapp.dylib+0x214d]  +[NSApplicationAWT runAWTLoopWithApp:]+0x9c
C  [libawt_lwawt.dylib+0x4455b]  -[AWTStarter starter:]+0x389
C  [Foundation+0x6375e]  __NSThreadPerformPerform+0xe5
C  [CoreFoundation+0x7f5b1]  __CFRUNLOOP_IS_CALLING_OUT_TO_A_SOURCE0_PERFORM_FUNCTION__+0x11
C  [CoreFoundation+0x70c62]  __CFRunLoopDoSources0+0xf2
C  [CoreFoundation+0x703ef]  __CFRunLoopRun+0x33f
C  [CoreFoundation+0x6fe75]  CFRunLoopRunSpecific+0x135
C  [java+0x6463]  CreateExecutionEnvironment+0x367
C  [java+0x21ac]  JLI_Launch+0x7a0
C  [java+0x84c0]  main+0x65
C  [java+0x1a04]  start+0x34
C  0x0000000000000007

Java frames: (J=compiled Java code, j=interpreted, Vv=VM code)
j  jogamp.nativewindow.jawt.macosx.MacOSXJAWTWindow.UnsetJAWTRootSurfaceLayer0(JJ)V+0
j  jogamp.nativewindow.jawt.macosx.MacOSXJAWTWindow.access$200(JJ)V+2
j  jogamp.nativewindow.jawt.macosx.MacOSXJAWTWindow$1.run()V+38
J 2562 C1 com.jogamp.common.util.RunnableTask.run()V (345 bytes) @ 0x0000000107445314 [0x0000000107445180+0x194]
v  ~StubRoutines::call_stub

---------------  P R O C E S S  ---------------

Java Threads: ( => current thread )
  0x00007fda38c92000 JavaThread "Thread-19" [_thread_blocked, id=61543, stack(0x000000017b39a000,0x000000017b49a000)]
  0x00007fda34aac000 JavaThread "AWT-EventQueue-1" [_thread_in_native, id=55819, stack(0x0000000172e61000,0x0000000172f61000)]
  0x00007fda340ec000 JavaThread "DestroyJavaVM" [_thread_blocked, id=6403, stack(0x0000000106248000,0x0000000106348000)]
  0x00007fda34981000 JavaThread "AWT-EventQueue-0" [_thread_blocked, id=53511, stack(0x00000001218ff000,0x00000001219ff000)]
  0x00007fda338bf000 JavaThread "Java2D Disposer" daemon [_thread_blocked, id=49203, stack(0x0000000120535000,0x0000000120635000)]
  0x00007fda3515a000 JavaThread "Java2D Queue Flusher" daemon [_thread_blocked, id=48135, stack(0x000000011f21b000,0x000000011f31b000)]
  0x00007fda34962800 JavaThread "AWT-Shutdown" [_thread_blocked, id=28683, stack(0x000000011c7e4000,0x000000011c8e4000)]
=>0x00007fda350cd000 JavaThread "AWT-AppKit" daemon [_thread_in_native, id=3335, stack(0x00007fff5a25d000,0x00007fff5aa5d000)]
  0x00007fda33822000 JavaThread "Service Thread" daemon [_thread_blocked, id=20227, stack(0x000000011ac8e000,0x000000011ad8e000)]
  0x00007fda3504d000 JavaThread "C1 CompilerThread2" daemon [_thread_blocked, id=19715, stack(0x000000011ab8b000,0x000000011ac8b000)]
  0x00007fda3504c800 JavaThread "C2 CompilerThread1" daemon [_thread_blocked, id=19203, stack(0x000000011aa88000,0x000000011ab88000)]
  0x00007fda3504a800 JavaThread "C2 CompilerThread0" daemon [_thread_blocked, id=18691, stack(0x000000011a985000,0x000000011aa85000)]
  0x00007fda3381d800 JavaThread "Signal Dispatcher" daemon [_thread_blocked, id=18179, stack(0x000000011a882000,0x000000011a982000)]
  0x00007fda34008800 JavaThread "Finalizer" daemon [_thread_blocked, id=13059, stack(0x000000011a5b0000,0x000000011a6b0000)]
  0x00007fda34005800 JavaThread "Reference Handler" daemon [_thread_blocked, id=12547, stack(0x000000011a4ad000,0x000000011a5ad000)]

Other Threads:
  0x00007fda35048000 VMThread [stack: 0x000000011a3aa000,0x000000011a4aa000] [id=12035]
  0x00007fda33822800 WatcherThread [stack: 0x000000011ad91000,0x000000011ae91000] [id=20739]

VM state:not at safepoint (normal execution)

VM Mutex/Monitor currently owned by a thread: None

Heap:
 PSYoungGen      total 56832K, used 29096K [0x00000007aab00000, 0x00000007af900000, 0x00000007c0000000)
  eden space 56320K, 51% used [0x00000007aab00000,0x00000007ac7521e0,0x00000007ae200000)
  from space 512K, 18% used [0x00000007ae400000,0x00000007ae418000,0x00000007ae480000)
  to   space 11776K, 0% used [0x00000007aed80000,0x00000007aed80000,0x00000007af900000)
 ParOldGen       total 47616K, used 16538K [0x0000000780000000, 0x0000000782e80000, 0x00000007aab00000)
  object space 47616K, 34% used [0x0000000780000000,0x0000000781026948,0x0000000782e80000)
 Metaspace       used 21166K, capacity 21395K, committed 21552K, reserved 1069056K
  class space    used 2049K, capacity 2112K, committed 2176K, reserved 1048576K

Card table byte_map: [0x0000000115fc0000,0x00000001161c1000] byte_map_base: 0x00000001123c0000

Marking Bits: (ParMarkBitMap*) 0x0000000105b85ea0
 Begin Bits: [0x0000000116723000, 0x0000000117723000)
 End Bits:   [0x0000000117723000, 0x0000000118723000)

Polling page: 0x000000010638d000

CodeCache: size=245760Kb used=9114Kb max_used=9533Kb free=236645Kb
 bounds [0x0000000106c00000, 0x00000001075a0000, 0x0000000115c00000]
 total_blobs=3459 nmethods=2570 adapters=802
 compilation: enabled

Compilation events (10 events):
Event: 38.206 Thread 0x00007fda3504a800 3088  s    4       sun.misc.URLClassPath::getNextLoader (88 bytes)
Event: 38.206 Thread 0x00007fda3504d000 3089       3       sun.misc.JarIndex::get (49 bytes)
Event: 38.207 Thread 0x00007fda3504d000 nmethod 3089 0x000000010709d110 code [0x000000010709d2e0, 0x000000010709db58]
Event: 38.207 Thread 0x00007fda3504d000 3090       3       java.util.LinkedHashMap::afterNodeRemoval (65 bytes)
Event: 38.207 Thread 0x00007fda3504d000 nmethod 3090 0x0000000106ebcf50 code [0x0000000106ebd0c0, 0x0000000106ebd470]
Event: 38.210 Thread 0x00007fda3504d000 3092       1       sun.java2d.SurfaceData::isValid (5 bytes)
Event: 38.210 Thread 0x00007fda3504d000 nmethod 3092 0x0000000106d6ad90 code [0x0000000106d6aee0, 0x0000000106d6aff0]
Event: 38.210 Thread 0x00007fda3504d000 3091       3       sun.java2d.SunGraphics2D::setColor (108 bytes)
Event: 38.211 Thread 0x00007fda3504d000 nmethod 3091 0x0000000107134450 code [0x00000001071345e0, 0x0000000107134b18]
Event: 38.214 Thread 0x00007fda3504a800 nmethod 3088 0x00000001071ab410 code [0x00000001071ab580, 0x00000001071abcf8]

GC Heap History (10 events):
Event: 12.407 GC heap before
{Heap before GC invocations=8 (full 1):
 PSYoungGen      total 65024K, used 1984K [0x00000007aab00000, 0x00000007aff80000, 0x00000007c0000000)
  eden space 62976K, 0% used [0x00000007aab00000,0x00000007aab00000,0x00000007ae880000)
  from space 2048K, 96% used [0x00000007aeb00000,0x00000007aecf0050,0x00000007aed00000)
  to   space 11776K, 0% used [0x00000007af400000,0x00000007af400000,0x00000007aff80000)
 ParOldGen       total 44032K, used 20856K [0x0000000780000000, 0x0000000782b00000, 0x00000007aab00000)
  object space 44032K, 47% used [0x0000000780000000,0x000000078145e3c0,0x0000000782b00000)
 Metaspace       used 20946K, capacity 21139K, committed 21296K, reserved 1069056K
  class space    used 2041K, capacity 2112K, committed 2176K, reserved 1048576K
Event: 12.460 GC heap after
Heap after GC invocations=8 (full 1):
 PSYoungGen      total 65024K, used 0K [0x00000007aab00000, 0x00000007aff80000, 0x00000007c0000000)
  eden space 62976K, 0% used [0x00000007aab00000,0x00000007aab00000,0x00000007ae880000)
  from space 2048K, 0% used [0x00000007aeb00000,0x00000007aeb00000,0x00000007aed00000)
  to   space 11776K, 0% used [0x00000007af400000,0x00000007af400000,0x00000007aff80000)
 ParOldGen       total 47616K, used 16498K [0x0000000780000000, 0x0000000782e80000, 0x00000007aab00000)
  object space 47616K, 34% used [0x0000000780000000,0x000000078101c948,0x0000000782e80000)
 Metaspace       used 20946K, capacity 21139K, committed 21296K, reserved 1069056K
  class space    used 2041K, capacity 2112K, committed 2176K, reserved 1048576K
}
Event: 18.118 GC heap before
{Heap before GC invocations=9 (full 1):
 PSYoungGen      total 65024K, used 62976K [0x00000007aab00000, 0x00000007aff80000, 0x00000007c0000000)
  eden space 62976K, 100% used [0x00000007aab00000,0x00000007ae880000,0x00000007ae880000)
  from space 2048K, 0% used [0x00000007aeb00000,0x00000007aeb00000,0x00000007aed00000)
  to   space 11776K, 0% used [0x00000007af400000,0x00000007af400000,0x00000007aff80000)
 ParOldGen       total 47616K, used 16498K [0x0000000780000000, 0x0000000782e80000, 0x00000007aab00000)
  object space 47616K, 34% used [0x0000000780000000,0x000000078101c948,0x0000000782e80000)
 Metaspace       used 21088K, capacity 21331K, committed 21552K, reserved 1069056K
  class space    used 2041K, capacity 2112K, committed 2176K, reserved 1048576K
Event: 18.120 GC heap after
Heap after GC invocations=9 (full 1):
 PSYoungGen      total 74240K, used 96K [0x00000007aab00000, 0x00000007b2580000, 0x00000007c0000000)
  eden space 62464K, 0% used [0x00000007aab00000,0x00000007aab00000,0x00000007ae800000)
  from space 11776K, 0% used [0x00000007af400000,0x00000007af418000,0x00000007aff80000)
  to   space 12288K, 0% used [0x00000007ae800000,0x00000007ae800000,0x00000007af400000)
 ParOldGen       total 47616K, used 16506K [0x0000000780000000, 0x0000000782e80000, 0x00000007aab00000)
  object space 47616K, 34% used [0x0000000780000000,0x000000078101e948,0x0000000782e80000)
 Metaspace       used 21088K, capacity 21331K, committed 21552K, reserved 1069056K
  class space    used 2041K, capacity 2112K, committed 2176K, reserved 1048576K
}
Event: 24.219 GC heap before
{Heap before GC invocations=10 (full 1):
 PSYoungGen      total 74240K, used 62560K [0x00000007aab00000, 0x00000007b2580000, 0x00000007c0000000)
  eden space 62464K, 100% used [0x00000007aab00000,0x00000007ae800000,0x00000007ae800000)
  from space 11776K, 0% used [0x00000007af400000,0x00000007af418000,0x00000007aff80000)
  to   space 12288K, 0% used [0x00000007ae800000,0x00000007ae800000,0x00000007af400000)
 ParOldGen       total 47616K, used 16506K [0x0000000780000000, 0x0000000782e80000, 0x00000007aab00000)
  object space 47616K, 34% used [0x0000000780000000,0x000000078101e948,0x0000000782e80000)
 Metaspace       used 21089K, capacity 21331K, committed 21552K, reserved 1069056K
  class space    used 2041K, capacity 2112K, committed 2176K, reserved 1048576K
Event: 24.221 GC heap after
Heap after GC invocations=10 (full 1):
 PSYoungGen      total 60928K, used 96K [0x00000007aab00000, 0x00000007afe00000, 0x00000007c0000000)
  eden space 60416K, 0% used [0x00000007aab00000,0x00000007aab00000,0x00000007ae600000)
  from space 512K, 18% used [0x00000007ae800000,0x00000007ae818000,0x00000007ae880000)
  to   space 12288K, 0% used [0x00000007af200000,0x00000007af200000,0x00000007afe00000)
 ParOldGen       total 47616K, used 16514K [0x0000000780000000, 0x0000000782e80000, 0x00000007aab00000)
  object space 47616K, 34% used [0x0000000780000000,0x0000000781020948,0x0000000782e80000)
 Metaspace       used 21089K, capacity 21331K, committed 21552K, reserved 1069056K
  class space    used 2041K, capacity 2112K, committed 2176K, reserved 1048576K
}
Event: 30.150 GC heap before
{Heap before GC invocations=11 (full 1):
 PSYoungGen      total 60928K, used 60512K [0x00000007aab00000, 0x00000007afe00000, 0x00000007c0000000)
  eden space 60416K, 100% used [0x00000007aab00000,0x00000007ae600000,0x00000007ae600000)
  from space 512K, 18% used [0x00000007ae800000,0x00000007ae818000,0x00000007ae880000)
  to   space 12288K, 0% used [0x00000007af200000,0x00000007af200000,0x00000007afe00000)
 ParOldGen       total 47616K, used 16514K [0x0000000780000000, 0x0000000782e80000, 0x00000007aab00000)
  object space 47616K, 34% used [0x0000000780000000,0x0000000781020948,0x0000000782e80000)
 Metaspace       used 21090K, capacity 21331K, committed 21552K, reserved 1069056K
  class space    used 2041K, capacity 2112K, committed 2176K, reserved 1048576K
Event: 30.152 GC heap after
Heap after GC invocations=11 (full 1):
 PSYoungGen      total 68608K, used 96K [0x00000007aab00000, 0x00000007afc00000, 0x00000007c0000000)
  eden space 58368K, 0% used [0x00000007aab00000,0x00000007aab00000,0x00000007ae400000)
  from space 10240K, 0% used [0x00000007af200000,0x00000007af218000,0x00000007afc00000)
  to   space 12288K, 0% used [0x00000007ae400000,0x00000007ae400000,0x00000007af000000)
 ParOldGen       total 47616K, used 16538K [0x0000000780000000, 0x0000000782e80000, 0x00000007aab00000)
  object space 47616K, 34% used [0x0000000780000000,0x0000000781026948,0x0000000782e80000)
 Metaspace       used 21090K, capacity 21331K, committed 21552K, reserved 1069056K
  class space    used 2041K, capacity 2112K, committed 2176K, reserved 1048576K
}
Event: 35.851 GC heap before
{Heap before GC invocations=12 (full 1):
 PSYoungGen      total 68608K, used 58464K [0x00000007aab00000, 0x00000007afc00000, 0x00000007c0000000)
  eden space 58368K, 100% used [0x00000007aab00000,0x00000007ae400000,0x00000007ae400000)
  from space 10240K, 0% used [0x00000007af200000,0x00000007af218000,0x00000007afc00000)
  to   space 12288K, 0% used [0x00000007ae400000,0x00000007ae400000,0x00000007af000000)
 ParOldGen       total 47616K, used 16538K [0x0000000780000000, 0x0000000782e80000, 0x00000007aab00000)
  object space 47616K, 34% used [0x0000000780000000,0x0000000781026948,0x0000000782e80000)
 Metaspace       used 21113K, capacity 21331K, committed 21552K, reserved 1069056K
  class space    used 2041K, capacity 2112K, committed 2176K, reserved 1048576K
Event: 35.852 GC heap after
Heap after GC invocations=12 (full 1):
 PSYoungGen      total 56832K, used 96K [0x00000007aab00000, 0x00000007af900000, 0x00000007c0000000)
  eden space 56320K, 0% used [0x00000007aab00000,0x00000007aab00000,0x00000007ae200000)
  from space 512K, 18% used [0x00000007ae400000,0x00000007ae418000,0x00000007ae480000)
  to   space 11776K, 0% used [0x00000007aed80000,0x00000007aed80000,0x00000007af900000)
 ParOldGen       total 47616K, used 16538K [0x0000000780000000, 0x0000000782e80000, 0x00000007aab00000)
  object space 47616K, 34% used [0x0000000780000000,0x0000000781026948,0x0000000782e80000)
 Metaspace       used 21113K, capacity 21331K, committed 21552K, reserved 1069056K
  class space    used 2041K, capacity 2112K, committed 2176K, reserved 1048576K
}

Deoptimization events (10 events):
Event: 38.166 Thread 0x00007fda34aac000 Uncommon trap: reason=unstable_if action=reinterpret pc=0x00000001071ddbfc method=java.awt.EventQueue.isDispatchThreadImpl()Z @ 65
Event: 38.166 Thread 0x00007fda34981000 Uncommon trap: reason=unstable_if action=reinterpret pc=0x0000000107255cb4 method=java.awt.EventQueue.getPriority(Ljava/awt/AWTEvent;)I @ 71
Event: 38.167 Thread 0x00007fda34aac000 Uncommon trap: reason=unstable_if action=reinterpret pc=0x00000001072beb08 method=java.awt.EventQueue.uncacheEQItem(Lsun/awt/EventQueueItem;)V @ 23
Event: 38.170 Thread 0x00007fda34981000 Uncommon trap: reason=unstable_if action=reinterpret pc=0x00000001071ebf30 method=sun.java2d.pipe.Region.intersectsQuickCheck(Lsun/java2d/pipe/Region;)Z @ 41
Event: 38.170 Thread 0x00007fda34981000 Uncommon trap: reason=unstable_if action=reinterpret pc=0x00000001073a9854 method=java.awt.Font.equals(Ljava/lang/Object;)Z @ 2
Event: 38.197 Thread 0x00007fda349b1000 Uncommon trap: reason=unstable_if action=reinterpret pc=0x0000000106fa4fd4 method=java.util.HashMap.putVal(ILjava/lang/Object;Ljava/lang/Object;ZZ)Ljava/lang/Object; @ 81
Event: 38.208 Thread 0x00007fda34aac000 Uncommon trap: reason=unstable_if action=reinterpret pc=0x0000000107292698 method=java.util.LinkedList$ListItr.<init>(Ljava/util/LinkedList;I)V @ 26
Event: 38.208 Thread 0x00007fda34aac000 Uncommon trap: reason=unstable_if action=reinterpret pc=0x00000001074edba8 method=java.security.AccessControlContext.optimize()Ljava/security/AccessControlContext; @ 233
Event: 38.209 Thread 0x00007fda34aac000 Uncommon trap: reason=unstable_if action=reinterpret pc=0x0000000107292bc4 method=java.util.LinkedList$ListItr.<init>(Ljava/util/LinkedList;I)V @ 26
Event: 38.210 Thread 0x00007fda38c92000 Uncommon trap: reason=predicate action=maybe_recompile pc=0x000000010704e8b0 method=java.util.Vector.indexOf(Ljava/lang/Object;I)I @ 44

Internal exceptions (10 events):
Event: 0.199 Thread 0x00007fda3380d800 Exception <a 'java/lang/NoSuchFieldError': method resolution failed> (0x00000007aad02480) thrown at [/Users/java_re/workspace/8-2-build-macosx-x86_64/jdk8u77/6540/hotspot/src/share/vm/prims/methodHandles.cpp, line 1146]
Event: 0.202 Thread 0x00007fda3380d800 Exception <a 'java/lang/NoSuchFieldError': method resolution failed> (0x00000007aad0fc50) thrown at [/Users/java_re/workspace/8-2-build-macosx-x86_64/jdk8u77/6540/hotspot/src/share/vm/prims/methodHandles.cpp, line 1146]
Event: 0.361 Thread 0x00007fda3380d800 Exception <a 'java/io/FileNotFoundException'> (0x00000007aad8b818) thrown at [/Users/java_re/workspace/8-2-build-macosx-x86_64/jdk8u77/6540/hotspot/src/share/vm/prims/jni.cpp, line 709]
Event: 0.361 Thread 0x00007fda3380d800 Exception <a 'java/io/FileNotFoundException'> (0x00000007aad8c360) thrown at [/Users/java_re/workspace/8-2-build-macosx-x86_64/jdk8u77/6540/hotspot/src/share/vm/prims/jni.cpp, line 709]
Event: 0.477 Thread 0x00007fda3380d800 Exception <a 'java/io/FileNotFoundException'> (0x00000007aae76e78) thrown at [/Users/java_re/workspace/8-2-build-macosx-x86_64/jdk8u77/6540/hotspot/src/share/vm/prims/jni.cpp, line 709]
Event: 2.335 Thread 0x00007fda34008800 Exception <a 'java/lang/NullPointerException'> (0x00000007aab838e0) thrown at [/Users/java_re/workspace/8-2-build-macosx-x86_64/jdk8u77/6540/hotspot/src/share/vm/interpreter/linkResolver.cpp, line 1178]
Event: 2.433 Thread 0x00007fda341ba800 Exception <a 'java/lang/UnsatisfiedLinkError': com.jogamp.common.util.JarUtil.fixNativeLibAttribs(Ljava/lang/String;)Z> (0x00000007aafc0198) thrown at [/Users/java_re/workspace/8-2-build-macosx-x86_64/jdk8u77/6540/hotspot/src/share/vm/prims/nativeLookup.c
Event: 3.236 Thread 0x00007fda34aac000 Exception <a 'java/io/FileNotFoundException'> (0x00000007ab32d680) thrown at [/Users/java_re/workspace/8-2-build-macosx-x86_64/jdk8u77/6540/hotspot/src/share/vm/prims/jni.cpp, line 709]
Event: 3.236 Thread 0x00007fda34aac000 Exception <a 'java/io/FileNotFoundException'> (0x00000007ab334d00) thrown at [/Users/java_re/workspace/8-2-build-macosx-x86_64/jdk8u77/6540/hotspot/src/share/vm/prims/jni.cpp, line 709]
Event: 3.236 Thread 0x00007fda34aac000 Implicit null exception at 0x0000000106da96f3 to 0x0000000106da9a7d

Events (10 events):
Event: 38.209 loading class java/awt/Toolkit$ToolkitEventMulticaster done
Event: 38.209 Thread 0x00007fda34aac000 Uncommon trap: trap_request=0xffffff65 fr.pc=0x0000000107292bc4
Event: 38.209 Thread 0x00007fda34aac000 DEOPT PACKING pc=0x0000000107292bc4 sp=0x0000000172f5e950
Event: 38.209 Thread 0x00007fda34aac000 DEOPT UNPACKING pc=0x0000000106c05229 sp=0x0000000172f5e8a8 mode 2
Event: 38.210 Thread 0x00007fda349b1000 Thread exited: 0x00007fda349b1000
Event: 38.210 Thread 0x00007fda38c92000 Uncommon trap: trap_request=0xffffff86 fr.pc=0x000000010704e8b0
Event: 38.210 Thread 0x00007fda38c92000 DEOPT PACKING pc=0x000000010704e8b0 sp=0x000000017b4997f0
Event: 38.210 Thread 0x00007fda38c92000 DEOPT UNPACKING pc=0x0000000106c05229 sp=0x000000017b4997a0 mode 2
Event: 38.210 loading class java/awt/Window$1DisposeAction
Event: 38.210 loading class java/awt/Window$1DisposeAction done


Dynamic libraries:
0x000000000637b000 	/System/Library/Frameworks/Cocoa.framework/Versions/A/Cocoa
0x000000000637b000 	/System/Library/Frameworks/Security.framework/Versions/A/Security
0x000000000637b000 	/System/Library/Frameworks/ApplicationServices.framework/Versions/A/ApplicationServices
0x000000000637b000 	/usr/lib/libz.1.dylib
0x000000000637b000 	/usr/lib/libSystem.B.dylib
0x000000000637b000 	/usr/lib/libobjc.A.dylib
0x000000000637b000 	/System/Library/Frameworks/CoreFoundation.framework/Versions/A/CoreFoundation
0x000000000637b000 	/System/Library/Frameworks/Foundation.framework/Versions/C/Foundation
0x000000000637b000 	/System/Library/Frameworks/AppKit.framework/Versions/C/AppKit
0x000000000637b000 	/System/Library/Frameworks/CoreData.framework/Versions/A/CoreData
0x000000000637b000 	/System/Library/PrivateFrameworks/RemoteViewServices.framework/Versions/A/RemoteViewServices
0x000000000637b000 	/System/Library/Frameworks/AudioToolbox.framework/Versions/A/AudioToolbox
0x000000000637b000 	/System/Library/Frameworks/AudioUnit.framework/Versions/A/AudioUnit
0x000000000637b000 	/System/Library/PrivateFrameworks/DataDetectorsCore.framework/Versions/A/DataDetectorsCore
0x000000000637b000 	/System/Library/PrivateFrameworks/DesktopServicesPriv.framework/Versions/A/DesktopServicesPriv
0x000000000637b000 	/System/Library/Frameworks/Carbon.framework/Versions/A/Frameworks/HIToolbox.framework/Versions/A/HIToolbox
0x000000000637b000 	/System/Library/Frameworks/QuartzCore.framework/Versions/A/QuartzCore
0x000000000637b000 	/System/Library/Frameworks/Carbon.framework/Versions/A/Frameworks/SpeechRecognition.framework/Versions/A/SpeechRecognition
0x000000000637b000 	/usr/lib/libauto.dylib
0x000000000637b000 	/usr/lib/libicucore.A.dylib
0x000000000637b000 	/usr/lib/libxml2.2.dylib
0x000000000637b000 	/System/Library/PrivateFrameworks/CoreUI.framework/Versions/A/CoreUI
0x000000000637b000 	/System/Library/Frameworks/CoreAudio.framework/Versions/A/CoreAudio
0x000000000637b000 	/System/Library/Frameworks/DiskArbitration.framework/Versions/A/DiskArbitration
0x000000000637b000 	/usr/lib/liblangid.dylib
0x000000000637b000 	/System/Library/PrivateFrameworks/MultitouchSupport.framework/Versions/A/MultitouchSupport
0x000000000637b000 	/System/Library/Frameworks/IOKit.framework/Versions/A/IOKit
0x000000000637b000 	/usr/lib/libDiagnosticMessagesClient.dylib
0x000000000637b000 	/System/Library/Frameworks/CoreServices.framework/Versions/A/CoreServices
0x000000000637b000 	/System/Library/PrivateFrameworks/PerformanceAnalysis.framework/Versions/A/PerformanceAnalysis
0x000000000637b000 	/System/Library/PrivateFrameworks/GenerationalStorage.framework/Versions/A/GenerationalStorage
0x000000000637b000 	/System/Library/Frameworks/OpenGL.framework/Versions/A/OpenGL
0x000000000637b000 	/System/Library/PrivateFrameworks/Sharing.framework/Versions/A/Sharing
0x000000000637b000 	/System/Library/Frameworks/ImageIO.framework/Versions/A/ImageIO
0x000000000637b000 	/System/Library/Frameworks/CoreText.framework/Versions/A/CoreText
0x000000000637b000 	/System/Library/Frameworks/CoreGraphics.framework/Versions/A/CoreGraphics
0x000000000637b000 	/System/Library/PrivateFrameworks/Backup.framework/Versions/A/Backup
0x000000000637b000 	/System/Library/Frameworks/CFNetwork.framework/Versions/A/CFNetwork
0x000000000637b000 	/System/Library/Frameworks/SystemConfiguration.framework/Versions/A/SystemConfiguration
0x000000000637b000 	/usr/lib/libCRFSuite.dylib
0x000000000637b000 	/usr/lib/libc++.1.dylib
0x000000000637b000 	/usr/lib/libc++abi.dylib
0x000000000637b000 	/usr/lib/system/libcache.dylib
0x000000000637b000 	/usr/lib/system/libcommonCrypto.dylib
0x000000000637b000 	/usr/lib/system/libcompiler_rt.dylib
0x000000000637b000 	/usr/lib/system/libcopyfile.dylib
0x000000000637b000 	/usr/lib/system/libcorecrypto.dylib
0x000000000637b000 	/usr/lib/system/libdispatch.dylib
0x000000000637b000 	/usr/lib/system/libdyld.dylib
0x000000000637b000 	/usr/lib/system/libkeymgr.dylib
0x000000000637b000 	/usr/lib/system/liblaunch.dylib
0x000000000637b000 	/usr/lib/system/libmacho.dylib
0x000000000637b000 	/usr/lib/system/libquarantine.dylib
0x000000000637b000 	/usr/lib/system/libremovefile.dylib
0x000000000637b000 	/usr/lib/system/libsystem_asl.dylib
0x000000000637b000 	/usr/lib/system/libsystem_blocks.dylib
0x000000000637b000 	/usr/lib/system/libsystem_c.dylib
0x000000000637b000 	/usr/lib/system/libsystem_configuration.dylib
0x000000000637b000 	/usr/lib/system/libsystem_dnssd.dylib
0x000000000637b000 	/usr/lib/system/libsystem_info.dylib
0x000000000637b000 	/usr/lib/system/libsystem_kernel.dylib
0x000000000637b000 	/usr/lib/system/libsystem_m.dylib
0x000000000637b000 	/usr/lib/system/libsystem_malloc.dylib
0x000000000637b000 	/usr/lib/system/libsystem_network.dylib
0x000000000637b000 	/usr/lib/system/libsystem_notify.dylib
0x000000000637b000 	/usr/lib/system/libsystem_platform.dylib
0x000000000637b000 	/usr/lib/system/libsystem_pthread.dylib
0x000000000637b000 	/usr/lib/system/libsystem_sandbox.dylib
0x000000000637b000 	/usr/lib/system/libsystem_stats.dylib
0x000000000637b000 	/usr/lib/system/libunc.dylib
0x000000000637b000 	/usr/lib/system/libunwind.dylib
0x000000000637b000 	/usr/lib/system/libxpc.dylib
0x000000000637b000 	/usr/lib/libbsm.0.dylib
0x000000000637b000 	/usr/lib/libsqlite3.dylib
0x000000000637b000 	/usr/lib/libxar.1.dylib
0x000000000637b000 	/usr/lib/libpam.2.dylib
0x000000000637b000 	/usr/lib/libOpenScriptingUtil.dylib
0x000000000637b000 	/usr/lib/libbz2.1.0.dylib
0x000000000637b000 	/System/Library/Frameworks/CoreServices.framework/Versions/A/Frameworks/CarbonCore.framework/Versions/A/CarbonCore
0x000000000637b000 	/System/Library/Frameworks/CoreServices.framework/Versions/A/Frameworks/Metadata.framework/Versions/A/Metadata
0x000000000637b000 	/System/Library/Frameworks/CoreServices.framework/Versions/A/Frameworks/OSServices.framework/Versions/A/OSServices
0x000000000637b000 	/System/Library/Frameworks/CoreServices.framework/Versions/A/Frameworks/SearchKit.framework/Versions/A/SearchKit
0x000000000637b000 	/System/Library/Frameworks/CoreServices.framework/Versions/A/Frameworks/AE.framework/Versions/A/AE
0x000000000637b000 	/System/Library/Frameworks/CoreServices.framework/Versions/A/Frameworks/LaunchServices.framework/Versions/A/LaunchServices
0x000000000637b000 	/System/Library/Frameworks/CoreServices.framework/Versions/A/Frameworks/DictionaryServices.framework/Versions/A/DictionaryServices
0x000000000637b000 	/System/Library/Frameworks/NetFS.framework/Versions/A/NetFS
0x000000000637b000 	/usr/lib/system/libkxld.dylib
0x000000000637b000 	/System/Library/PrivateFrameworks/NetAuth.framework/Versions/A/NetAuth
0x000000000637b000 	/System/Library/PrivateFrameworks/TCC.framework/Versions/A/TCC
0x000000000637b000 	/System/Library/Frameworks/OpenDirectory.framework/Versions/A/Frameworks/CFOpenDirectory.framework/Versions/A/CFOpenDirectory
0x000000000637b000 	/System/Library/Frameworks/ServiceManagement.framework/Versions/A/ServiceManagement
0x000000000637b000 	/usr/lib/libxslt.1.dylib
0x000000000637b000 	/System/Library/Frameworks/Carbon.framework/Versions/A/Frameworks/Ink.framework/Versions/A/Ink
0x000000000637b000 	/System/Library/Frameworks/ApplicationServices.framework/Versions/A/Frameworks/ATS.framework/Versions/A/ATS
0x000000000637b000 	/System/Library/Frameworks/ApplicationServices.framework/Versions/A/Frameworks/ColorSync.framework/Versions/A/ColorSync
0x000000000637b000 	/System/Library/Frameworks/ApplicationServices.framework/Versions/A/Frameworks/HIServices.framework/Versions/A/HIServices
0x000000000637b000 	/System/Library/Frameworks/ApplicationServices.framework/Versions/A/Frameworks/LangAnalysis.framework/Versions/A/LangAnalysis
0x000000000637b000 	/System/Library/Frameworks/ApplicationServices.framework/Versions/A/Frameworks/PrintCore.framework/Versions/A/PrintCore
0x000000000637b000 	/System/Library/Frameworks/ApplicationServices.framework/Versions/A/Frameworks/QD.framework/Versions/A/QD
0x000000000637b000 	/System/Library/Frameworks/ApplicationServices.framework/Versions/A/Frameworks/SpeechSynthesis.framework/Versions/A/SpeechSynthesis
0x000000000637b000 	/System/Library/Frameworks/IOSurface.framework/Versions/A/IOSurface
0x000000000637b000 	/System/Library/Frameworks/Accelerate.framework/Versions/A/Accelerate
0x000000000637b000 	/System/Library/Frameworks/Accelerate.framework/Versions/A/Frameworks/vImage.framework/Versions/A/vImage
0x000000000637b000 	/System/Library/Frameworks/Accelerate.framework/Versions/A/Frameworks/vecLib.framework/Versions/A/vecLib
0x000000000637b000 	/System/Library/Frameworks/Accelerate.framework/Versions/A/Frameworks/vecLib.framework/Versions/A/libvDSP.dylib
0x000000000637b000 	/System/Library/Frameworks/Accelerate.framework/Versions/A/Frameworks/vecLib.framework/Versions/A/libvMisc.dylib
0x000000000637b000 	/System/Library/Frameworks/Accelerate.framework/Versions/A/Frameworks/vecLib.framework/Versions/A/libLAPACK.dylib
0x000000000637b000 	/System/Library/Frameworks/Accelerate.framework/Versions/A/Frameworks/vecLib.framework/Versions/A/libBLAS.dylib
0x000000000637b000 	/System/Library/Frameworks/ApplicationServices.framework/Versions/A/Frameworks/ATS.framework/Versions/A/Resources/libFontParser.dylib
0x000000000637b000 	/System/Library/Frameworks/ApplicationServices.framework/Versions/A/Frameworks/ATS.framework/Versions/A/Resources/libFontRegistry.dylib
0x000000000637b000 	/System/Library/Frameworks/ImageIO.framework/Versions/A/Resources/libJPEG.dylib
0x000000000637b000 	/System/Library/Frameworks/ImageIO.framework/Versions/A/Resources/libTIFF.dylib
0x000000000637b000 	/System/Library/Frameworks/ImageIO.framework/Versions/A/Resources/libPng.dylib
0x000000000637b000 	/System/Library/Frameworks/ImageIO.framework/Versions/A/Resources/libGIF.dylib
0x000000000637b000 	/System/Library/Frameworks/ImageIO.framework/Versions/A/Resources/libJP2.dylib
0x000000000637b000 	/System/Library/Frameworks/ImageIO.framework/Versions/A/Resources/libRadiance.dylib
0x000000000637b000 	/usr/lib/libcups.2.dylib
0x000000000637b000 	/System/Library/Frameworks/Kerberos.framework/Versions/A/Kerberos
0x000000000637b000 	/System/Library/Frameworks/GSS.framework/Versions/A/GSS
0x000000000637b000 	/usr/lib/libresolv.9.dylib
0x000000000637b000 	/usr/lib/libiconv.2.dylib
0x000000000637b000 	/System/Library/PrivateFrameworks/Heimdal.framework/Versions/A/Heimdal
0x000000000637b000 	/System/Library/PrivateFrameworks/TrustEvaluationAgent.framework/Versions/A/TrustEvaluationAgent
0x000000000637b000 	/usr/lib/libheimdal-asn1.dylib
0x000000000637b000 	/System/Library/Frameworks/OpenDirectory.framework/Versions/A/OpenDirectory
0x000000000637b000 	/System/Library/PrivateFrameworks/CommonAuth.framework/Versions/A/CommonAuth
0x000000000637b000 	/System/Library/Frameworks/SecurityFoundation.framework/Versions/A/SecurityFoundation
0x000000000637b000 	/System/Library/PrivateFrameworks/Bom.framework/Versions/A/Bom
0x000000000637b000 	/System/Library/Frameworks/CoreVideo.framework/Versions/A/CoreVideo
0x000000000637b000 	/System/Library/Frameworks/QuartzCore.framework/Versions/A/Frameworks/CoreImage.framework/Versions/A/CoreImage
0x000000000637b000 	/System/Library/Frameworks/QuartzCore.framework/Versions/A/Frameworks/ScalableUserInterface.framework/Versions/A/ScalableUserInterface
0x000000000637b000 	/System/Library/Frameworks/OpenGL.framework/Versions/A/Libraries/libGLU.dylib
0x000000000637b000 	/System/Library/Frameworks/OpenGL.framework/Versions/A/Libraries/libGFXShared.dylib
0x000000000637b000 	/System/Library/Frameworks/OpenGL.framework/Versions/A/Libraries/libGL.dylib
0x000000000637b000 	/System/Library/Frameworks/OpenGL.framework/Versions/A/Libraries/libGLImage.dylib
0x000000000637b000 	/System/Library/Frameworks/OpenGL.framework/Versions/A/Libraries/libCVMSPluginSupport.dylib
0x000000000637b000 	/System/Library/Frameworks/OpenGL.framework/Versions/A/Libraries/libCoreVMClient.dylib
0x000000000637b000 	/System/Library/PrivateFrameworks/FaceCore.framework/Versions/A/FaceCore
0x000000000637b000 	/System/Library/PrivateFrameworks/CrashReporterSupport.framework/Versions/A/CrashReporterSupport
0x000000000637b000 	/System/Library/Frameworks/OpenCL.framework/Versions/A/OpenCL
0x000000000637b000 	/System/Library/PrivateFrameworks/AppleFSCompression.framework/Versions/A/AppleFSCompression
0x000000000637b000 	/System/Library/PrivateFrameworks/Ubiquity.framework/Versions/A/Ubiquity
0x000000000637b000 	/System/Library/PrivateFrameworks/IconServices.framework/Versions/A/IconServices
0x000000000637b000 	/System/Library/PrivateFrameworks/ChunkingLibrary.framework/Versions/A/ChunkingLibrary
0x000000000637b000 	/System/Library/PrivateFrameworks/CoreSymbolication.framework/Versions/A/CoreSymbolication
0x000000000637b000 	/System/Library/PrivateFrameworks/Symbolication.framework/Versions/A/Symbolication
0x000000000637b000 	/System/Library/PrivateFrameworks/DebugSymbols.framework/Versions/A/DebugSymbols
0x00000001052a2000 	/Library/Java/JavaVirtualMachines/jdk1.8.0_77.jdk/Contents/Home/jre/lib/server/libjvm.dylib
0x000000000637b000 	/usr/lib/libstdc++.6.dylib
0x000000010634a000 	/Library/Java/JavaVirtualMachines/jdk1.8.0_77.jdk/Contents/Home/jre/lib/libverify.dylib
0x0000000106358000 	/Library/Java/JavaVirtualMachines/jdk1.8.0_77.jdk/Contents/Home/jre/lib/libjava.dylib
0x0000000106397000 	/Library/Java/JavaVirtualMachines/jdk1.8.0_77.jdk/Contents/Home/jre/lib/libzip.dylib
0x000000011a6b2000 	/System/Library/Frameworks/JavaVM.framework/Frameworks/JavaRuntimeSupport.framework/JavaRuntimeSupport
0x000000011a6ca000 	/System/Library/Frameworks/JavaVM.framework/Versions/A/Frameworks/JavaNativeFoundation.framework/Versions/A/JavaNativeFoundation
0x000000011a6df000 	/System/Library/Frameworks/JavaVM.framework/Versions/A/JavaVM
0x000000000637b000 	/System/Library/Frameworks/Carbon.framework/Versions/A/Carbon
0x000000011a6ec000 	/System/Library/PrivateFrameworks/JavaLaunching.framework/Versions/A/JavaLaunching
0x000000000637b000 	/System/Library/Frameworks/Carbon.framework/Versions/A/Frameworks/CommonPanels.framework/Versions/A/CommonPanels
0x000000000637b000 	/System/Library/Frameworks/Carbon.framework/Versions/A/Frameworks/Help.framework/Versions/A/Help
0x000000000637b000 	/System/Library/Frameworks/Carbon.framework/Versions/A/Frameworks/ImageCapture.framework/Versions/A/ImageCapture
0x000000000637b000 	/System/Library/Frameworks/Carbon.framework/Versions/A/Frameworks/OpenScripting.framework/Versions/A/OpenScripting
0x000000000637b000 	/System/Library/Frameworks/Carbon.framework/Versions/A/Frameworks/Print.framework/Versions/A/Print
0x000000000637b000 	/System/Library/Frameworks/Carbon.framework/Versions/A/Frameworks/SecurityHI.framework/Versions/A/SecurityHI
0x000000011aedd000 	/Library/Java/JavaVirtualMachines/jdk1.8.0_77.jdk/Contents/Home/jre/lib/libawt.dylib
0x000000011af85000 	/Library/Java/JavaVirtualMachines/jdk1.8.0_77.jdk/Contents/Home/jre/lib/./libmlib_image.dylib
0x000000011b051000 	/Library/Java/JavaVirtualMachines/jdk1.8.0_77.jdk/Contents/Home/jre/lib/libawt_lwawt.dylib
0x000000011b106000 	/Library/Java/JavaVirtualMachines/jdk1.8.0_77.jdk/Contents/Home/jre/lib/./libosxapp.dylib
0x000000000637b000 	/System/Library/Frameworks/ExceptionHandling.framework/Versions/A/ExceptionHandling
0x000000000637b000 	/System/Library/PrivateFrameworks/CoreServicesInternal.framework/Versions/A/CoreServicesInternal
0x000000000637b000 	/System/Library/PrivateFrameworks/Librarian.framework/Versions/A/Librarian
0x000000000637b000 	/System/Library/Frameworks/CoreGraphics.framework/Versions/A/Resources/libCGCMS.A.dylib
0x000000000637b000 	/System/Library/Frameworks/CoreGraphics.framework/Versions/A/Resources/libRIP.A.dylib
0x000000000637b000 	/System/Library/Frameworks/CoreGraphics.framework/Versions/A/Resources/libCGXType.A.dylib
0x000000000637b000 	/System/Library/PrivateFrameworks/FamilyControls.framework/Versions/A/FamilyControls
0x000000000637b000 	/System/Library/PrivateFrameworks/CommerceKit.framework/Versions/A/Frameworks/CommerceCore.framework/Versions/A/CommerceCore
0x000000000637b000 	/System/Library/PrivateFrameworks/SystemAdministration.framework/Versions/A/SystemAdministration
0x000000000637b000 	/System/Library/Frameworks/DirectoryService.framework/Versions/A/DirectoryService
0x000000000637b000 	/System/Library/PrivateFrameworks/DiskImages.framework/Versions/A/DiskImages
0x000000000637b000 	/System/Library/PrivateFrameworks/LoginUIKit.framework/Versions/A/Frameworks/LoginUICore.framework/Versions/A/LoginUICore
0x000000000637b000 	/usr/lib/libCoreStorage.dylib
0x000000000637b000 	/usr/lib/libcsfde.dylib
0x000000000637b000 	/usr/lib/libodfde.dylib
0x000000000637b000 	/System/Library/Frameworks/DiscRecording.framework/Versions/A/DiscRecording
0x000000000637b000 	/usr/lib/libcurl.4.dylib
0x000000000637b000 	/System/Library/PrivateFrameworks/MediaKit.framework/Versions/A/MediaKit
0x000000000637b000 	/System/Library/PrivateFrameworks/EFILogin.framework/Versions/A/EFILogin
0x000000000637b000 	/usr/lib/libutil.dylib
0x000000000637b000 	/System/Library/PrivateFrameworks/AOSNotification.framework/Versions/A/AOSNotification
0x000000000637b000 	/System/Library/Frameworks/LDAP.framework/Versions/A/LDAP
0x000000000637b000 	/usr/lib/libsasl2.2.dylib
0x000000000637b000 	/usr/lib/libcrypto.0.9.8.dylib
0x000000000637b000 	/usr/lib/libssl.0.9.8.dylib
0x000000000637b000 	/System/Library/Frameworks/OpenGL.framework/Versions/A/Resources/GLEngine.bundle/GLEngine
0x000000000637b000 	/System/Library/Frameworks/OpenGL.framework/Versions/A/Libraries/libGLProgrammability.dylib
0x000000011f31d000 	/System/Library/Extensions/AppleIntelHD5000GraphicsGLDriver.bundle/Contents/MacOS/AppleIntelHD5000GraphicsGLDriver
0x000000000637b000 	/System/Library/PrivateFrameworks/IOAccelerator.framework/Versions/A/IOAccelerator
0x000000000637b000 	/System/Library/PrivateFrameworks/GPUSupport.framework/Versions/A/Libraries/libGPUSupportMercury.dylib
0x000000000637b000 	/System/Library/Frameworks/OpenGL.framework/Versions/A/Resources/GLRendererFloat.bundle/GLRendererFloat
0x000000000637b000 	/System/Library/Frameworks/OpenCL.framework/Versions/A/Libraries/libcldcpuengine.dylib
0x0000000120637000 	/Library/Java/JavaVirtualMachines/jdk1.8.0_77.jdk/Contents/Home/jre/lib/libfontmanager.dylib
0x0000000121e6d000 	/Library/Java/JavaVirtualMachines/jdk1.8.0_77.jdk/Contents/Home/jre/lib/libosxui.dylib
0x0000000121f4d000 	/Library/Java/JavaVirtualMachines/jdk1.8.0_77.jdk/Contents/Home/jre/lib/libnet.dylib
0x0000000121f64000 	/Library/Java/JavaVirtualMachines/jdk1.8.0_77.jdk/Contents/Home/jre/lib/libnio.dylib
0x000000000637b000 	/System/Library/Frameworks/ApplicationServices.framework/Versions/A/Frameworks/ATS.framework/Versions/A/Resources/libTrueTypeScaler.dylib
0x00000001728b4000 	/private/var/folders/vm/c6ql63410d962mlmgt4yhc5h0000gn/T/jogamp_0000/file_cache/jln5004810363225119180/jln2946707397636557716/libgluegen-rt.jnilib
0x0000000121ef6000 	/private/var/folders/vm/c6ql63410d962mlmgt4yhc5h0000gn/T/jogamp_0000/file_cache/jln5004810363225119180/jln2946707397636557716/libnativewindow_awt.jnilib
0x00000001728b8000 	/Library/Java/JavaVirtualMachines/jdk1.8.0_77.jdk/Contents/Home/jre/lib/libjawt.dylib
0x000000017291f000 	/private/var/folders/vm/c6ql63410d962mlmgt4yhc5h0000gn/T/jogamp_0000/file_cache/jln5004810363225119180/jln2946707397636557716/libnativewindow_macosx.jnilib
0x0000000174790000 	/private/var/folders/vm/c6ql63410d962mlmgt4yhc5h0000gn/T/jogamp_0000/file_cache/jln5004810363225119180/jln2946707397636557716/libjogl_desktop.jnilib
0x000000017736a000 	/Library/Java/JavaVirtualMachines/jdk1.8.0_77.jdk/Contents/Home/jre/lib/libt2k.dylib

VM Arguments:
jvm_args: -Djava.security.policy=java.policy.applet -Dfile.encoding=UTF-8 
java_command: sun.applet.AppletViewer module5.EarthquakeCityMap1463860161180.html
java_class_path (initial): /Users/xingdu/Documents/workspace/UCSDUnfoldingMaps/build:/Users/xingdu/Documents/workspace/UCSDUnfoldingMaps/lib/core.jar:/Users/xingdu/Documents/workspace/UCSDUnfoldingMaps/lib/gluegen-rt.jar:/Users/xingdu/Documents/workspace/UCSDUnfoldingMaps/lib/jogl-all.jar:/Users/xingdu/Documents/workspace/UCSDUnfoldingMaps/lib/log4j-1.2.15.jar:/Users/xingdu/Documents/workspace/UCSDUnfoldingMaps/lib/sqlite-jdbc-3.7.2.jar:/Users/xingdu/Documents/workspace/UCSDUnfoldingMaps/lib/json4processing.jar:/Users/xingdu/Documents/workspace/UCSDUnfoldingMaps/lib/libTUIO.jar:/Users/xingdu/Documents/workspace/UCSDUnfoldingMaps/lib/unfolding.0.9.7-uscd.jar
Launcher Type: SUN_STANDARD

Environment Variables:
PATH=/usr/bin:/bin:/usr/sbin:/sbin
SHELL=/bin/bash

Signal Handlers:
SIGSEGV: [libjvm.dylib+0x5a6855], sa_mask[0]=11111111011111110111111111111111, sa_flags=SA_ONSTACK|SA_RESTART|SA_SIGINFO
SIGBUS: [libjvm.dylib+0x5a6855], sa_mask[0]=11111111011111110111111111111111, sa_flags=SA_RESTART|SA_SIGINFO
SIGFPE: [libjvm.dylib+0x4804ec], sa_mask[0]=11111111011111110111111111111111, sa_flags=SA_RESTART|SA_SIGINFO
SIGPIPE: [libjvm.dylib+0x4804ec], sa_mask[0]=11111111011111110111111111111111, sa_flags=SA_RESTART|SA_SIGINFO
SIGXFSZ: [libjvm.dylib+0x4804ec], sa_mask[0]=11111111011111110111111111111111, sa_flags=SA_RESTART|SA_SIGINFO
SIGILL: [libjvm.dylib+0x4804ec], sa_mask[0]=11111111011111110111111111111111, sa_flags=SA_RESTART|SA_SIGINFO
SIGUSR1: SIG_DFL, sa_mask[0]=00000000000000000000000000000000, sa_flags=SA_RESTART
SIGUSR2: [libjvm.dylib+0x48000a], sa_mask[0]=00100000000000000000000000000000, sa_flags=SA_RESTART|SA_SIGINFO
SIGHUP: [libjvm.dylib+0x47e5e1], sa_mask[0]=11111111011111110111111111111111, sa_flags=SA_RESTART|SA_SIGINFO
SIGINT: [libjvm.dylib+0x47e5e1], sa_mask[0]=11111111011111110111111111111111, sa_flags=SA_RESTART|SA_SIGINFO
SIGTERM: [libjvm.dylib+0x47e5e1], sa_mask[0]=11111111011111110111111111111111, sa_flags=SA_RESTART|SA_SIGINFO
SIGQUIT: [libjvm.dylib+0x47e5e1], sa_mask[0]=11111111011111110111111111111111, sa_flags=SA_RESTART|SA_SIGINFO


---------------  S Y S T E M  ---------------

OS:Bsduname:Darwin 13.4.0 Darwin Kernel Version 13.4.0: Wed Mar 18 16:20:14 PDT 2015; root:xnu-2422.115.14~1/RELEASE_X86_64 x86_64
rlimit: STACK 8192k, CORE 0k, NPROC 709, NOFILE 10240, AS infinity
load average:1.30 1.29 1.33

CPU:total 4 (2 cores per cpu, 2 threads per core) family 6 model 69 stepping 1, cmov, cx8, fxsr, mmx, sse, sse2, sse3, ssse3, sse4.1, sse4.2, popcnt, avx, avx2, aes, clmul, erms, lzcnt, ht, tsc, tscinvbit, bmi1, bmi2

Memory: 4k page, physical 4194304k(286728k free)

/proc/meminfo:


vm_info: Java HotSpot(TM) 64-Bit Server VM (25.77-b03) for bsd-amd64 JRE (1.8.0_77-b03), built on Mar 20 2016 22:14:03 by "java_re" with gcc 4.2.1 (Based on Apple Inc. build 5658) (LLVM build 2336.11.00)

time: Sat May 21 15:49:59 2016
elapsed time: 38 seconds (0d 0h 0m 38s)

