#
# A fatal error has been detected by the Java Runtime Environment:
#
#  SIGSEGV (0xb) at pc=0x00007fffa13410f3, pid=55249, tid=2571
#
# JRE version: Java(TM) SE Runtime Environment (8.0_77-b03) (build 1.8.0_77-b03)
# Java VM: Java HotSpot(TM) 64-Bit Server VM (25.77-b03 mixed mode bsd-amd64 compressed oops)
# Problematic frame:
# C  [libobjc.A.dylib+0x80f3]  objc_release+0x13
#
# Failed to write core dump. Core dumps have been disabled. To enable core dumping, try "ulimit -c unlimited" before starting Java again
#
# If you would like to submit a bug report, please visit:
#   http://bugreport.java.com/bugreport/crash.jsp
# The crash happened outside the Java Virtual Machine in native code.
# See problematic frame for where to report the bug.
#

---------------  T H R E A D  ---------------

Current thread (0x00007fe74580d000):  JavaThread "AWT-AppKit" daemon [_thread_in_native, id=2571, stack(0x00007fff51e0e000,0x00007fff5260e000)]

siginfo: si_signo: 11 (SIGSEGV), si_code: 0 (unknown), si_addr: 0x0000000000000000

Registers:
RAX=0x0000000000000008, RBX=0x0000000000000000, RCX=0x0000000000000003, RDX=0x00007fe74810d9b8
RSP=0x00007fff52609440, RBP=0x00007fff52609440, RSI=0x0000000123fa0f10, RDI=0x100007fe743d5bd8
R8 =0x0000000000000001, R9 =0x00007fe743d5bd80, R10=0x00007fe744d5c220, R11=0x0000000124d27840
R12=0x0000000000000000, R13=0x0000000184398e50, R14=0x00007fe748547c00, R15=0x00007fe74580d000
RIP=0x00007fffa13410f3, EFLAGS=0x0000000000010246, ERR=0x0000000000000000
  TRAPNO=0x000000000000000d

Top of Stack: (sp=0x00007fff52609440)
0x00007fff52609440:   00007fff52609470 0000000123f2a43f
0x00007fff52609450:   00007fff52609470 0000000124d27450
0x00007fff52609460:   0000000124d27440 00007fe74580d000
0x00007fff52609470:   00007fff52609530 0000000124d25215
0x00007fff52609480:   0000000124d27700 0000000124d276e0
0x00007fff52609490:   0000000124d274b0 0000000000000000
0x00007fff526094a0:   0000000184398e50 0000000184398e50
0x00007fff526094b0:   00007fe74810d9b0 0000000124d276a0
0x00007fff526094c0:   0000000124d27710 00007fff7e09e770
0x00007fff526094d0:   00007fff7bc8c500 0000000124d27450
0x00007fff526094e0:   0000000124d27690 00007fe74810d9b0
0x00007fff526094f0:   00007fe748547c00 00007fe748127840
0x00007fff52609500:   00007fe74810d9b0 00007fe748547c00
0x00007fff52609510:   00007fff526095b8 00007fe74580d1f8
0x00007fff52609520:   0000000184398e50 00007fff526095e0
0x00007fff52609530:   00007fff526095a8 000000010f06d954
0x00007fff52609540:   0000000184398e50 00007fff526095e0
0x00007fff52609550:   00007fff526095a8 000000010f06d6e7
0x00007fff52609560:   000000010f06d6a2 00007fff52609568
0x00007fff52609570:   0000000184398e50 00007fff526095e0
0x00007fff52609580:   00000001842c7a90 0000000000000000
0x00007fff52609590:   0000000184398e50 0000000000000000
0x00007fff526095a0:   00007fff526095c8 00007fff52609628
0x00007fff526095b0:   000000010f05fc4d 000000078063a1b8
0x00007fff526095c0:   000000010f067578 00007fe74810d9b0
0x00007fff526095d0:   00007fff52609628 00007fe748547c00
0x00007fff526095e0:   000000010f068d82 00007fff526095e8
0x00007fff526095f0:   000000018439901a 00007fff52609650
0x00007fff52609600:   00000001842c7a90 0000000000000000
0x00007fff52609610:   0000000184399028 00007fff526095c8
0x00007fff52609620:   00007fff52609638 00007fff52609698
0x00007fff52609630:   000000010f05fc4d 00007fe74810d9b0 

Instructions: (pc=0x00007fffa13410f3)
0x00007fffa13410d3:   41 5c 41 5d 41 5e 41 5f 5d c3 90 90 90 55 48 89
0x00007fffa13410e3:   e5 48 85 ff 0f 84 82 00 00 00 40 f6 c7 01 75 7c
0x00007fffa13410f3:   48 8b 07 48 b9 f8 ff ff ff ff 7f 00 00 48 21 c1
0x00007fffa1341103:   f6 41 20 02 75 10 48 8d 05 80 dc a0 de 48 8b 30 

Register to memory mapping:

RAX=0x0000000000000008 is an unknown value
RBX=0x0000000000000000 is an unknown value
RCX=0x0000000000000003 is an unknown value
RDX=0x00007fe74810d9b8 is an unknown value
RSP=0x00007fff52609440 is pointing into the stack for thread: 0x00007fe74580d000
RBP=0x00007fff52609440 is pointing into the stack for thread: 0x00007fe74580d000
RSI=0x0000000123fa0f10: OBJC_IVAR_$_PrinterView.fCurPeekGraphics+0x1aa0 in /Library/Java/JavaVirtualMachines/jdk1.8.0_77.jdk/Contents/Home/jre/lib/libawt_lwawt.dylib at 0x0000000123f26000
RDI=0x100007fe743d5bd8 is an unknown value
R8 =0x0000000000000001 is an unknown value
R9 =0x00007fe743d5bd80 is an unknown value
R10=0x00007fe744d5c220 is an unknown value
R11=0x0000000124d27840: OBJC_CLASS_$_MyCALayer+0 in /private/var/folders/vm/c6ql63410d962mlmgt4yhc5h0000gn/T/jogamp_0000/file_cache/jln6731463261799874881/jln5461039453583219614/libnativewindow_macosx.jnilib at 0x0000000124d20000
R12=0x0000000000000000 is an unknown value
R13={method} {0x0000000184398e50} 'UnsetJAWTRootSurfaceLayer0' '(JJ)V' in 'jogamp/nativewindow/jawt/macosx/MacOSXJAWTWindow'
R14=0x00007fe748547c00 is an unknown value
R15=0x00007fe74580d000 is a thread


Stack: [0x00007fff51e0e000,0x00007fff5260e000],  sp=0x00007fff52609440,  free space=8173k
Native frames: (J=compiled Java code, j=interpreted, Vv=VM code, C=native code)
C  [libobjc.A.dylib+0x80f3]  objc_release+0x13
C  [libawt_lwawt.dylib+0x443f]  -[AWTSurfaceLayers setLayer:]+0x54
C  [libnativewindow_macosx.jnilib+0x5215]  Java_jogamp_nativewindow_jawt_macosx_MacOSXJAWTWindow_UnsetJAWTRootSurfaceLayer0+0x1a5
j  jogamp.nativewindow.jawt.macosx.MacOSXJAWTWindow.UnsetJAWTRootSurfaceLayer0(JJ)V+0
j  jogamp.nativewindow.jawt.macosx.MacOSXJAWTWindow.access$200(JJ)V+2
j  jogamp.nativewindow.jawt.macosx.MacOSXJAWTWindow$1.run()V+38
j  com.jogamp.common.util.RunnableTask.run()V+24
v  ~StubRoutines::call_stub
V  [libjvm.dylib+0x2ea39e]
V  [libjvm.dylib+0x3214a7]
V  [libjvm.dylib+0x313c7b]
C  [libnativewindow_macosx.jnilib+0x5326]  Java_jogamp_nativewindow_jawt_macosx_MacOSXJAWTWindow_UnsetJAWTRootSurfaceLayer0+0x2b6
C  [Foundation+0x76fde]  __NSThreadPerformPerform+0x117
C  [CoreFoundation+0xaa881]  __CFRUNLOOP_IS_CALLING_OUT_TO_A_SOURCE0_PERFORM_FUNCTION__+0x11
C  [CoreFoundation+0x89f37]  __CFRunLoopDoSources0+0x1a7
C  [CoreFoundation+0x894df]  __CFRunLoopRun+0x39f
C  [CoreFoundation+0x88ed8]  CFRunLoopRunSpecific+0x128
C  [HIToolbox+0x30935]  RunCurrentEventLoopInMode+0xeb
C  [HIToolbox+0x30677]  ReceiveNextEventCommon+0xb8
C  [HIToolbox+0x305af]  _BlockUntilNextEventMatchingListInModeWithFilter+0x47
C  [AppKit+0x48df6]  _DPSNextEvent+0x42b
C  [AppKit+0x48226]  -[NSApplication _nextEventMatchingEventMask:untilDate:inMode:dequeue:]+0x1c6
C  [libosxapp.dylib+0x23aa]  -[NSApplicationAWT nextEventMatchingMask:untilDate:inMode:dequeue:]+0x7c
C  [AppKit+0x3cd80]  -[NSApplication run]+0x2aa
C  [libosxapp.dylib+0x214d]  +[NSApplicationAWT runAWTLoopWithApp:]+0x9c
C  [libawt_lwawt.dylib+0x4455b]  -[AWTStarter starter:]+0x389
C  [Foundation+0x76fde]  __NSThreadPerformPerform+0x117
C  [CoreFoundation+0xaa881]  __CFRUNLOOP_IS_CALLING_OUT_TO_A_SOURCE0_PERFORM_FUNCTION__+0x11
C  [CoreFoundation+0x89fbc]  __CFRunLoopDoSources0+0x22c
C  [CoreFoundation+0x894df]  __CFRunLoopRun+0x39f
C  [CoreFoundation+0x88ed8]  CFRunLoopRunSpecific+0x128
C  [java+0x6463]  CreateExecutionEnvironment+0x367
C  [java+0x21ac]  JLI_Launch+0x7a0
C  [java+0x84c0]  main+0x65
C  [java+0x1a04]  start+0x34
C  0x0000000000000007

Java frames: (J=compiled Java code, j=interpreted, Vv=VM code)
j  jogamp.nativewindow.jawt.macosx.MacOSXJAWTWindow.UnsetJAWTRootSurfaceLayer0(JJ)V+0
j  jogamp.nativewindow.jawt.macosx.MacOSXJAWTWindow.access$200(JJ)V+2
j  jogamp.nativewindow.jawt.macosx.MacOSXJAWTWindow$1.run()V+38
j  com.jogamp.common.util.RunnableTask.run()V+24
v  ~StubRoutines::call_stub

---------------  P R O C E S S  ---------------

Java Threads: ( => current thread )
  0x00007fe74aca9800 JavaThread "Thread-375" [_thread_blocked, id=27587, stack(0x000070000196b000,0x0000700001a6b000)]
  0x00007fe74418b000 JavaThread "AWT-EventQueue-1" [_thread_in_native, id=59443, stack(0x0000700001868000,0x0000700001968000)]
  0x00007fe745362800 JavaThread "DestroyJavaVM" [_thread_blocked, id=5891, stack(0x000070000011a000,0x000070000021a000)]
  0x00007fe74415e000 JavaThread "AWT-EventQueue-0" [_thread_blocked, id=56323, stack(0x0000700001662000,0x0000700001762000)]
  0x00007fe745118000 JavaThread "Java2D Disposer" daemon [_thread_blocked, id=49423, stack(0x00007000013d9000,0x00007000014d9000)]
  0x00007fe745111800 JavaThread "Java2D Queue Flusher" daemon [_thread_blocked, id=43339, stack(0x00007000012d6000,0x00007000013d6000)]
  0x00007fe74494e000 JavaThread "AWT-Shutdown" [_thread_blocked, id=29203, stack(0x00007000010cd000,0x00007000011cd000)]
=>0x00007fe74580d000 JavaThread "AWT-AppKit" daemon [_thread_in_native, id=2571, stack(0x00007fff51e0e000,0x00007fff5260e000)]
  0x00007fe744058000 JavaThread "Service Thread" daemon [_thread_blocked, id=18691, stack(0x0000700000e44000,0x0000700000f44000)]
  0x00007fe745028000 JavaThread "C1 CompilerThread2" daemon [_thread_blocked, id=18179, stack(0x0000700000d41000,0x0000700000e41000)]
  0x00007fe744842800 JavaThread "C2 CompilerThread1" daemon [_thread_blocked, id=17667, stack(0x0000700000c3e000,0x0000700000d3e000)]
  0x00007fe74580c800 JavaThread "C2 CompilerThread0" daemon [_thread_blocked, id=17155, stack(0x0000700000b3b000,0x0000700000c3b000)]
  0x00007fe744057800 JavaThread "Signal Dispatcher" daemon [_thread_blocked, id=12815, stack(0x0000700000a38000,0x0000700000b38000)]
  0x00007fe74401b000 JavaThread "Finalizer" daemon [_thread_blocked, id=12291, stack(0x000070000082f000,0x000070000092f000)]
  0x00007fe744833000 JavaThread "Reference Handler" daemon [_thread_blocked, id=11779, stack(0x000070000072c000,0x000070000082c000)]

Other Threads:
  0x00007fe745023000 VMThread [stack: 0x0000700000629000,0x0000700000729000] [id=11267]
  0x00007fe744806800 WatcherThread [stack: 0x0000700000f47000,0x0000700001047000] [id=19203]

VM state:not at safepoint (normal execution)

VM Mutex/Monitor currently owned by a thread: None

Heap:
 PSYoungGen      total 61440K, used 35793K [0x00000007aab00000, 0x00000007b6300000, 0x00000007c0000000)
  eden space 58880K, 56% used [0x00000007aab00000,0x00000007acb8c638,0x00000007ae480000)
  from space 2560K, 96% used [0x00000007b5c00000,0x00000007b5e68090,0x00000007b5e80000)
  to   space 4608K, 0% used [0x00000007b5e80000,0x00000007b5e80000,0x00000007b6300000)
 ParOldGen       total 134656K, used 116557K [0x0000000780000000, 0x0000000788380000, 0x00000007aab00000)
  object space 134656K, 86% used [0x0000000780000000,0x00000007871d3620,0x0000000788380000)
 Metaspace       used 22275K, capacity 22549K, committed 22784K, reserved 1069056K
  class space    used 2127K, capacity 2211K, committed 2304K, reserved 1048576K

Card table byte_map: [0x000000011e418000,0x000000011e619000] byte_map_base: 0x000000011a818000

Marking Bits: (ParMarkBitMap*) 0x000000010e151ea0
 Begin Bits: [0x000000011e76f000, 0x000000011f76f000)
 End Bits:   [0x000000011f76f000, 0x000000012076f000)

Polling page: 0x000000010e7fd000

CodeCache: size=245760Kb used=11569Kb max_used=11592Kb free=234190Kb
 bounds [0x000000010f058000, 0x000000010fbc8000, 0x000000011e058000]
 total_blobs=4178 nmethods=3281 adapters=810
 compilation: enabled

Compilation events (10 events):
Event: 832.204 Thread 0x00007fe74580c800 nmethod 4081 0x000000010fb97490 code [0x000000010fb97600, 0x000000010fb97708]
Event: 832.210 Thread 0x00007fe74580c800 4082       4       processing.opengl.PGraphicsOpenGL::deleteFinalizedTextureObjects (131 bytes)
Event: 832.211 Thread 0x00007fe745028000 4083       1       sun.java2d.SurfaceData::isValid (5 bytes)
Event: 832.212 Thread 0x00007fe745028000 nmethod 4083 0x000000010fbb2a50 code [0x000000010fbb2ba0, 0x000000010fbb2cb0]
Event: 832.213 Thread 0x00007fe745028000 4084       3       sun.java2d.SunGraphics2D::setColor (108 bytes)
Event: 832.214 Thread 0x00007fe745028000 nmethod 4084 0x000000010fbb8050 code [0x000000010fbb81e0, 0x000000010fbb8718]
Event: 832.230 Thread 0x00007fe744842800 4085       4       com.jogamp.nativewindow.awt.AWTGraphicsConfiguration::getNativeGraphicsConfiguration (17 bytes)
Event: 832.231 Thread 0x00007fe744842800 nmethod 4085 0x000000010f3fe710 code [0x000000010f3fe860, 0x000000010f3fe8f8]
Event: 832.234 Thread 0x00007fe744842800 4086       4       java.util.concurrent.locks.ReentrantLock::lock (8 bytes)
Event: 832.238 Thread 0x00007fe744842800 nmethod 4086 0x000000010f253290 code [0x000000010f253400, 0x000000010f2535a8]

GC Heap History (10 events):
Event: 824.768 GC heap before
{Heap before GC invocations=234 (full 3):
 PSYoungGen      total 48128K, used 48112K [0x00000007aab00000, 0x00000007b6d00000, 0x00000007c0000000)
  eden space 45568K, 100% used [0x00000007aab00000,0x00000007ad780000,0x00000007ad780000)
  from space 2560K, 99% used [0x00000007b6a80000,0x00000007b6cfc0a0,0x00000007b6d00000)
  to   space 4608K, 0% used [0x00000007b6400000,0x00000007b6400000,0x00000007b6880000)
 ParOldGen       total 134656K, used 116533K [0x0000000780000000, 0x0000000788380000, 0x00000007aab00000)
  object space 134656K, 86% used [0x0000000780000000,0x00000007871cd620,0x0000000788380000)
 Metaspace       used 22249K, capacity 22485K, committed 22784K, reserved 1069056K
  class space    used 2122K, capacity 2211K, committed 2304K, reserved 1048576K
Event: 824.775 GC heap after
Heap after GC invocations=234 (full 3):
 PSYoungGen      total 50688K, used 2528K [0x00000007aab00000, 0x00000007b6b00000, 0x00000007c0000000)
  eden space 48128K, 0% used [0x00000007aab00000,0x00000007aab00000,0x00000007ada00000)
  from space 2560K, 98% used [0x00000007b6400000,0x00000007b66780b0,0x00000007b6680000)
  to   space 4608K, 0% used [0x00000007b6680000,0x00000007b6680000,0x00000007b6b00000)
 ParOldGen       total 134656K, used 116533K [0x0000000780000000, 0x0000000788380000, 0x00000007aab00000)
  object space 134656K, 86% used [0x0000000780000000,0x00000007871cd620,0x0000000788380000)
 Metaspace       used 22249K, capacity 22485K, committed 22784K, reserved 1069056K
  class space    used 2122K, capacity 2211K, committed 2304K, reserved 1048576K
}
Event: 826.063 GC heap before
{Heap before GC invocations=235 (full 3):
 PSYoungGen      total 50688K, used 50656K [0x00000007aab00000, 0x00000007b6b00000, 0x00000007c0000000)
  eden space 48128K, 100% used [0x00000007aab00000,0x00000007ada00000,0x00000007ada00000)
  from space 2560K, 98% used [0x00000007b6400000,0x00000007b66780b0,0x00000007b6680000)
  to   space 4608K, 0% used [0x00000007b6680000,0x00000007b6680000,0x00000007b6b00000)
 ParOldGen       total 134656K, used 116533K [0x0000000780000000, 0x0000000788380000, 0x00000007aab00000)
  object space 134656K, 86% used [0x0000000780000000,0x00000007871cd620,0x0000000788380000)
 Metaspace       used 22251K, capacity 22485K, committed 22784K, reserved 1069056K
  class space    used 2122K, capacity 2211K, committed 2304K, reserved 1048576K
Event: 826.068 GC heap after
Heap after GC invocations=235 (full 3):
 PSYoungGen      total 53248K, used 2528K [0x00000007aab00000, 0x00000007b6900000, 0x00000007c0000000)
  eden space 50688K, 0% used [0x00000007aab00000,0x00000007aab00000,0x00000007adc80000)
  from space 2560K, 98% used [0x00000007b6680000,0x00000007b68f80b0,0x00000007b6900000)
  to   space 4608K, 0% used [0x00000007b6000000,0x00000007b6000000,0x00000007b6480000)
 ParOldGen       total 134656K, used 116533K [0x0000000780000000, 0x0000000788380000, 0x00000007aab00000)
  object space 134656K, 86% used [0x0000000780000000,0x00000007871cd620,0x0000000788380000)
 Metaspace       used 22251K, capacity 22485K, committed 22784K, reserved 1069056K
  class space    used 2122K, capacity 2211K, committed 2304K, reserved 1048576K
}
Event: 827.637 GC heap before
{Heap before GC invocations=236 (full 3):
 PSYoungGen      total 53248K, used 53216K [0x00000007aab00000, 0x00000007b6900000, 0x00000007c0000000)
  eden space 50688K, 100% used [0x00000007aab00000,0x00000007adc80000,0x00000007adc80000)
  from space 2560K, 98% used [0x00000007b6680000,0x00000007b68f80b0,0x00000007b6900000)
  to   space 4608K, 0% used [0x00000007b6000000,0x00000007b6000000,0x00000007b6480000)
 ParOldGen       total 134656K, used 116533K [0x0000000780000000, 0x0000000788380000, 0x00000007aab00000)
  object space 134656K, 86% used [0x0000000780000000,0x00000007871cd620,0x0000000788380000)
 Metaspace       used 22251K, capacity 22485K, committed 22784K, reserved 1069056K
  class space    used 2122K, capacity 2211K, committed 2304K, reserved 1048576K
Event: 827.643 GC heap after
Heap after GC invocations=236 (full 3):
 PSYoungGen      total 55808K, used 2496K [0x00000007aab00000, 0x00000007b6700000, 0x00000007c0000000)
  eden space 53248K, 0% used [0x00000007aab00000,0x00000007aab00000,0x00000007adf00000)
  from space 2560K, 97% used [0x00000007b6000000,0x00000007b6270090,0x00000007b6280000)
  to   space 4608K, 0% used [0x00000007b6280000,0x00000007b6280000,0x00000007b6700000)
 ParOldGen       total 134656K, used 116533K [0x0000000780000000, 0x0000000788380000, 0x00000007aab00000)
  object space 134656K, 86% used [0x0000000780000000,0x00000007871cd620,0x0000000788380000)
 Metaspace       used 22251K, capacity 22485K, committed 22784K, reserved 1069056K
  class space    used 2122K, capacity 2211K, committed 2304K, reserved 1048576K
}
Event: 829.500 GC heap before
{Heap before GC invocations=237 (full 3):
 PSYoungGen      total 55808K, used 55744K [0x00000007aab00000, 0x00000007b6700000, 0x00000007c0000000)
  eden space 53248K, 100% used [0x00000007aab00000,0x00000007adf00000,0x00000007adf00000)
  from space 2560K, 97% used [0x00000007b6000000,0x00000007b6270090,0x00000007b6280000)
  to   space 4608K, 0% used [0x00000007b6280000,0x00000007b6280000,0x00000007b6700000)
 ParOldGen       total 134656K, used 116533K [0x0000000780000000, 0x0000000788380000, 0x00000007aab00000)
  object space 134656K, 86% used [0x0000000780000000,0x00000007871cd620,0x0000000788380000)
 Metaspace       used 22251K, capacity 22485K, committed 22784K, reserved 1069056K
  class space    used 2122K, capacity 2211K, committed 2304K, reserved 1048576K
Event: 829.506 GC heap after
Heap after GC invocations=237 (full 3):
 PSYoungGen      total 58368K, used 2464K [0x00000007aab00000, 0x00000007b6500000, 0x00000007c0000000)
  eden space 55808K, 0% used [0x00000007aab00000,0x00000007aab00000,0x00000007ae180000)
  from space 2560K, 96% used [0x00000007b6280000,0x00000007b64e8090,0x00000007b6500000)
  to   space 4608K, 0% used [0x00000007b5c00000,0x00000007b5c00000,0x00000007b6080000)
 ParOldGen       total 134656K, used 116541K [0x0000000780000000, 0x0000000788380000, 0x00000007aab00000)
  object space 134656K, 86% used [0x0000000780000000,0x00000007871cf620,0x0000000788380000)
 Metaspace       used 22251K, capacity 22485K, committed 22784K, reserved 1069056K
  class space    used 2122K, capacity 2211K, committed 2304K, reserved 1048576K
}
Event: 831.264 GC heap before
{Heap before GC invocations=238 (full 3):
 PSYoungGen      total 58368K, used 58272K [0x00000007aab00000, 0x00000007b6500000, 0x00000007c0000000)
  eden space 55808K, 100% used [0x00000007aab00000,0x00000007ae180000,0x00000007ae180000)
  from space 2560K, 96% used [0x00000007b6280000,0x00000007b64e8090,0x00000007b6500000)
  to   space 4608K, 0% used [0x00000007b5c00000,0x00000007b5c00000,0x00000007b6080000)
 ParOldGen       total 134656K, used 116541K [0x0000000780000000, 0x0000000788380000, 0x00000007aab00000)
  object space 134656K, 86% used [0x0000000780000000,0x00000007871cf620,0x0000000788380000)
 Metaspace       used 22251K, capacity 22485K, committed 22784K, reserved 1069056K
  class space    used 2122K, capacity 2211K, committed 2304K, reserved 1048576K
Event: 831.274 GC heap after
Heap after GC invocations=238 (full 3):
 PSYoungGen      total 61440K, used 2464K [0x00000007aab00000, 0x00000007b6300000, 0x00000007c0000000)
  eden space 58880K, 0% used [0x00000007aab00000,0x00000007aab00000,0x00000007ae480000)
  from space 2560K, 96% used [0x00000007b5c00000,0x00000007b5e68090,0x00000007b5e80000)
  to   space 4608K, 0% used [0x00000007b5e80000,0x00000007b5e80000,0x00000007b6300000)
 ParOldGen       total 134656K, used 116557K [0x0000000780000000, 0x0000000788380000, 0x00000007aab00000)
  object space 134656K, 86% used [0x0000000780000000,0x00000007871d3620,0x0000000788380000)
 Metaspace       used 22251K, capacity 22485K, committed 22784K, reserved 1069056K
  class space    used 2122K, capacity 2211K, committed 2304K, reserved 1048576K
}

Deoptimization events (10 events):
Event: 832.210 Thread 0x00007fe745122000 Uncommon trap: reason=unstable_if action=reinterpret pc=0x000000010f59599c method=java.util.HashMap.putVal(ILjava/lang/Object;Ljava/lang/Object;ZZ)Ljava/lang/Object; @ 81
Event: 832.211 Thread 0x00007fe74415e000 Uncommon trap: reason=class_check action=maybe_recompile pc=0x000000010fb43e5c method=java.awt.Component.getGraphics()Ljava/awt/Graphics; @ 114
Event: 832.211 Thread 0x00007fe74418b000 Uncommon trap: reason=class_check action=maybe_recompile pc=0x000000010fb3f5d8 method=java.awt.event.InvocationEvent.dispatch()V @ 11
Event: 832.218 Thread 0x00007fe74580d000 Uncommon trap: reason=class_check action=maybe_recompile pc=0x000000010f7cdb80 method=com.jogamp.common.util.RunnableTask.run()V @ 24
Event: 832.219 Thread 0x00007fe74580d000 Uncommon trap: reason=unstable_if action=reinterpret pc=0x000000010f5deb7c method=jogamp.nativewindow.macosx.OSXUtil.RunOnMainThread(ZZLjava/lang/Runnable;)V @ 3
Event: 832.226 Thread 0x00007fe74418b000 Uncommon trap: reason=unstable_if action=reinterpret pc=0x000000010fb544a0 method=jogamp.opengl.GLContextImpl.release(Z)V @ 161
Event: 832.232 Thread 0x00007fe74418b000 Uncommon trap: reason=unstable_if action=reinterpret pc=0x000000010f7f5a8c method=java.security.AccessControlContext.optimize()Ljava/security/AccessControlContext; @ 233
Event: 832.234 Thread 0x00007fe74415e000 Uncommon trap: reason=class_check action=maybe_recompile pc=0x000000010fb43e5c method=java.awt.Component.getGraphics()Ljava/awt/Graphics; @ 114
Event: 832.238 Thread 0x00007fe74418b000 Uncommon trap: reason=class_check action=maybe_recompile pc=0x000000010fb3f5d8 method=java.awt.event.InvocationEvent.dispatch()V @ 11
Event: 832.251 Thread 0x00007fe74580d000 Uncommon trap: reason=class_check action=maybe_recompile pc=0x000000010f7cdb80 method=com.jogamp.common.util.RunnableTask.run()V @ 24

Internal exceptions (10 events):
Event: 0.241 Thread 0x00007fe745802800 Exception <a 'java/lang/NoSuchFieldError': method resolution failed> (0x00000007aacb11b8) thrown at [/Users/java_re/workspace/8-2-build-macosx-x86_64/jdk8u77/6540/hotspot/src/share/vm/prims/methodHandles.cpp, line 1146]
Event: 0.243 Thread 0x00007fe745802800 Exception <a 'java/lang/NoSuchFieldError': method resolution failed> (0x00000007aacbe988) thrown at [/Users/java_re/workspace/8-2-build-macosx-x86_64/jdk8u77/6540/hotspot/src/share/vm/prims/methodHandles.cpp, line 1146]
Event: 0.481 Thread 0x00007fe745802800 Exception <a 'java/io/FileNotFoundException'> (0x00000007aad3a6c0) thrown at [/Users/java_re/workspace/8-2-build-macosx-x86_64/jdk8u77/6540/hotspot/src/share/vm/prims/jni.cpp, line 709]
Event: 0.481 Thread 0x00007fe745802800 Exception <a 'java/io/FileNotFoundException'> (0x00000007aad3b208) thrown at [/Users/java_re/workspace/8-2-build-macosx-x86_64/jdk8u77/6540/hotspot/src/share/vm/prims/jni.cpp, line 709]
Event: 0.634 Thread 0x00007fe745802800 Exception <a 'java/io/FileNotFoundException'> (0x00000007aae21ff0) thrown at [/Users/java_re/workspace/8-2-build-macosx-x86_64/jdk8u77/6540/hotspot/src/share/vm/prims/jni.cpp, line 709]
Event: 3.813 Thread 0x00007fe74401b000 Exception <a 'java/lang/NullPointerException'> (0x00000007aabad420) thrown at [/Users/java_re/workspace/8-2-build-macosx-x86_64/jdk8u77/6540/hotspot/src/share/vm/interpreter/linkResolver.cpp, line 1178]
Event: 3.920 Thread 0x00007fe744d02000 Exception <a 'java/lang/UnsatisfiedLinkError': com.jogamp.common.util.JarUtil.fixNativeLibAttribs(Ljava/lang/String;)Z> (0x00000007aaf9ba00) thrown at [/Users/java_re/workspace/8-2-build-macosx-x86_64/jdk8u77/6540/hotspot/src/share/vm/prims/nativeLookup.c
Event: 5.037 Thread 0x00007fe74418b000 Exception <a 'java/io/FileNotFoundException'> (0x00000007ab137740) thrown at [/Users/java_re/workspace/8-2-build-macosx-x86_64/jdk8u77/6540/hotspot/src/share/vm/prims/jni.cpp, line 709]
Event: 5.037 Thread 0x00007fe74418b000 Exception <a 'java/io/FileNotFoundException'> (0x00000007ab13d980) thrown at [/Users/java_re/workspace/8-2-build-macosx-x86_64/jdk8u77/6540/hotspot/src/share/vm/prims/jni.cpp, line 709]
Event: 5.037 Thread 0x00007fe74418b000 Implicit null exception at 0x000000010f1fdbf5 to 0x000000010f1fdf59

Events (10 events):
Event: 832.234 Thread 0x00007fe74415e000 DEOPT PACKING pc=0x000000010fb43e5c sp=0x000070000175fce0
Event: 832.234 Thread 0x00007fe74415e000 DEOPT UNPACKING pc=0x000000010f05d229 sp=0x000070000175fcf0 mode 2
Event: 832.237 loading class java/awt/Window$1DisposeAction
Event: 832.238 loading class java/awt/Window$1DisposeAction done
Event: 832.238 Thread 0x00007fe74418b000 Uncommon trap: trap_request=0xffffffde fr.pc=0x000000010fb3f5d8
Event: 832.238 Thread 0x00007fe74418b000 DEOPT PACKING pc=0x000000010fb3f5d8 sp=0x0000700001965fe0
Event: 832.238 Thread 0x00007fe74418b000 DEOPT UNPACKING pc=0x000000010f05d229 sp=0x0000700001965e78 mode 2
Event: 832.251 Thread 0x00007fe74580d000 Uncommon trap: trap_request=0xffffffde fr.pc=0x000000010f7cdb80
Event: 832.251 Thread 0x00007fe74580d000 DEOPT PACKING pc=0x000000010f7cdb80 sp=0x00007fff526096f0
Event: 832.251 Thread 0x00007fe74580d000 DEOPT UNPACKING pc=0x000000010f05d229 sp=0x00007fff52609698 mode 2


Dynamic libraries:
0x000000000b85e000 	/System/Library/Frameworks/Cocoa.framework/Versions/A/Cocoa
0x000000000b85e000 	/System/Library/Frameworks/Security.framework/Versions/A/Security
0x000000000b85e000 	/System/Library/Frameworks/ApplicationServices.framework/Versions/A/ApplicationServices
0x000000000b85e000 	/usr/lib/libz.1.dylib
0x000000000b85e000 	/usr/lib/libSystem.B.dylib
0x000000000b85e000 	/usr/lib/libobjc.A.dylib
0x000000000b85e000 	/System/Library/Frameworks/CoreFoundation.framework/Versions/A/CoreFoundation
0x000000000b85e000 	/System/Library/Frameworks/Foundation.framework/Versions/C/Foundation
0x000000000b85e000 	/System/Library/Frameworks/AppKit.framework/Versions/C/AppKit
0x000000000b85e000 	/System/Library/Frameworks/CoreData.framework/Versions/A/CoreData
0x000000000b85e000 	/System/Library/PrivateFrameworks/RemoteViewServices.framework/Versions/A/RemoteViewServices
0x000000000b85e000 	/System/Library/PrivateFrameworks/UIFoundation.framework/Versions/A/UIFoundation
0x000000000b85e000 	/usr/lib/libScreenReader.dylib
0x000000000b85e000 	/System/Library/Frameworks/Accelerate.framework/Versions/A/Accelerate
0x000000000b85e000 	/System/Library/Frameworks/IOSurface.framework/Versions/A/IOSurface
0x000000000b85e000 	/System/Library/Frameworks/AudioToolbox.framework/Versions/A/AudioToolbox
0x000000000b85e000 	/System/Library/Frameworks/AudioUnit.framework/Versions/A/AudioUnit
0x000000000b85e000 	/System/Library/PrivateFrameworks/DataDetectorsCore.framework/Versions/A/DataDetectorsCore
0x000000000b85e000 	/System/Library/PrivateFrameworks/DesktopServicesPriv.framework/Versions/A/DesktopServicesPriv
0x000000000b85e000 	/System/Library/Frameworks/Carbon.framework/Versions/A/Frameworks/HIToolbox.framework/Versions/A/HIToolbox
0x000000000b85e000 	/System/Library/Frameworks/QuartzCore.framework/Versions/A/QuartzCore
0x000000000b85e000 	/System/Library/Frameworks/Carbon.framework/Versions/A/Frameworks/SpeechRecognition.framework/Versions/A/SpeechRecognition
0x000000000b85e000 	/usr/lib/libauto.dylib
0x000000000b85e000 	/usr/lib/libicucore.A.dylib
0x000000000b85e000 	/usr/lib/libxml2.2.dylib
0x000000000b85e000 	/System/Library/PrivateFrameworks/CoreUI.framework/Versions/A/CoreUI
0x000000000b85e000 	/System/Library/Frameworks/CoreAudio.framework/Versions/A/CoreAudio
0x000000000b85e000 	/System/Library/Frameworks/DiskArbitration.framework/Versions/A/DiskArbitration
0x000000000b85e000 	/usr/lib/liblangid.dylib
0x000000000b85e000 	/System/Library/PrivateFrameworks/MultitouchSupport.framework/Versions/A/MultitouchSupport
0x000000000b85e000 	/System/Library/Frameworks/IOKit.framework/Versions/A/IOKit
0x000000000b85e000 	/usr/lib/libDiagnosticMessagesClient.dylib
0x000000000b85e000 	/System/Library/Frameworks/CoreServices.framework/Versions/A/CoreServices
0x000000000b85e000 	/System/Library/PrivateFrameworks/PerformanceAnalysis.framework/Versions/A/PerformanceAnalysis
0x000000000b85e000 	/System/Library/PrivateFrameworks/GenerationalStorage.framework/Versions/A/GenerationalStorage
0x000000000b85e000 	/System/Library/Frameworks/OpenGL.framework/Versions/A/OpenGL
0x000000000b85e000 	/System/Library/PrivateFrameworks/Sharing.framework/Versions/A/Sharing
0x000000000b85e000 	/System/Library/Frameworks/CoreGraphics.framework/Versions/A/CoreGraphics
0x000000000b85e000 	/System/Library/Frameworks/CoreImage.framework/Versions/A/CoreImage
0x000000000b85e000 	/System/Library/Frameworks/CoreText.framework/Versions/A/CoreText
0x000000000b85e000 	/System/Library/Frameworks/ImageIO.framework/Versions/A/ImageIO
0x000000000b85e000 	/System/Library/PrivateFrameworks/Backup.framework/Versions/A/Backup
0x000000000b85e000 	/usr/lib/libextension.dylib
0x000000000b85e000 	/usr/lib/libarchive.2.dylib
0x000000000b85e000 	/System/Library/Frameworks/CFNetwork.framework/Versions/A/CFNetwork
0x000000000b85e000 	/System/Library/Frameworks/SystemConfiguration.framework/Versions/A/SystemConfiguration
0x000000000b85e000 	/usr/lib/libCRFSuite.dylib
0x000000000b85e000 	/usr/lib/libc++.1.dylib
0x000000000b85e000 	/usr/lib/libc++abi.dylib
0x000000000b85e000 	/usr/lib/system/libcache.dylib
0x000000000b85e000 	/usr/lib/system/libcommonCrypto.dylib
0x000000000b85e000 	/usr/lib/system/libcompiler_rt.dylib
0x000000000b85e000 	/usr/lib/system/libcopyfile.dylib
0x000000000b85e000 	/usr/lib/system/libcorecrypto.dylib
0x000000000b85e000 	/usr/lib/system/libdispatch.dylib
0x000000000b85e000 	/usr/lib/system/libdyld.dylib
0x000000000b85e000 	/usr/lib/system/libkeymgr.dylib
0x000000000b85e000 	/usr/lib/system/liblaunch.dylib
0x000000000b85e000 	/usr/lib/system/libmacho.dylib
0x000000000b85e000 	/usr/lib/system/libquarantine.dylib
0x000000000b85e000 	/usr/lib/system/libremovefile.dylib
0x000000000b85e000 	/usr/lib/system/libsystem_asl.dylib
0x000000000b85e000 	/usr/lib/system/libsystem_blocks.dylib
0x000000000b85e000 	/usr/lib/system/libsystem_c.dylib
0x000000000b85e000 	/usr/lib/system/libsystem_configuration.dylib
0x000000000b85e000 	/usr/lib/system/libsystem_coreservices.dylib
0x000000000b85e000 	/usr/lib/system/libsystem_coretls.dylib
0x000000000b85e000 	/usr/lib/system/libsystem_dnssd.dylib
0x000000000b85e000 	/usr/lib/system/libsystem_info.dylib
0x000000000b85e000 	/usr/lib/system/libsystem_kernel.dylib
0x000000000b85e000 	/usr/lib/system/libsystem_m.dylib
0x000000000b85e000 	/usr/lib/system/libsystem_malloc.dylib
0x000000000b85e000 	/usr/lib/system/libsystem_network.dylib
0x000000000b85e000 	/usr/lib/system/libsystem_networkextension.dylib
0x000000000b85e000 	/usr/lib/system/libsystem_notify.dylib
0x000000000b85e000 	/usr/lib/system/libsystem_platform.dylib
0x000000000b85e000 	/usr/lib/system/libsystem_pthread.dylib
0x000000000b85e000 	/usr/lib/system/libsystem_sandbox.dylib
0x000000000b85e000 	/usr/lib/system/libsystem_secinit.dylib
0x000000000b85e000 	/usr/lib/system/libsystem_trace.dylib
0x000000000b85e000 	/usr/lib/system/libunc.dylib
0x000000000b85e000 	/usr/lib/system/libunwind.dylib
0x000000000b85e000 	/usr/lib/system/libxpc.dylib
0x000000000b85e000 	/usr/lib/libenergytrace.dylib
0x000000000b85e000 	/usr/lib/libbsm.0.dylib
0x000000000b85e000 	/usr/lib/system/libkxld.dylib
0x000000000b85e000 	/usr/lib/libxar.1.dylib
0x000000000b85e000 	/usr/lib/libsqlite3.dylib
0x000000000b85e000 	/usr/lib/libpam.2.dylib
0x000000000b85e000 	/usr/lib/libOpenScriptingUtil.dylib
0x000000000b85e000 	/usr/lib/libbz2.1.0.dylib
0x000000000b85e000 	/usr/lib/liblzma.5.dylib
0x000000000b85e000 	/System/Library/Frameworks/CoreServices.framework/Versions/A/Frameworks/FSEvents.framework/Versions/A/FSEvents
0x000000000b85e000 	/System/Library/Frameworks/CoreServices.framework/Versions/A/Frameworks/CarbonCore.framework/Versions/A/CarbonCore
0x000000000b85e000 	/System/Library/Frameworks/CoreServices.framework/Versions/A/Frameworks/Metadata.framework/Versions/A/Metadata
0x000000000b85e000 	/System/Library/Frameworks/CoreServices.framework/Versions/A/Frameworks/OSServices.framework/Versions/A/OSServices
0x000000000b85e000 	/System/Library/Frameworks/CoreServices.framework/Versions/A/Frameworks/SearchKit.framework/Versions/A/SearchKit
0x000000000b85e000 	/System/Library/Frameworks/CoreServices.framework/Versions/A/Frameworks/AE.framework/Versions/A/AE
0x000000000b85e000 	/System/Library/Frameworks/CoreServices.framework/Versions/A/Frameworks/LaunchServices.framework/Versions/A/LaunchServices
0x000000000b85e000 	/System/Library/Frameworks/CoreServices.framework/Versions/A/Frameworks/DictionaryServices.framework/Versions/A/DictionaryServices
0x000000000b85e000 	/System/Library/Frameworks/CoreServices.framework/Versions/A/Frameworks/SharedFileList.framework/Versions/A/SharedFileList
0x000000000b85e000 	/System/Library/Frameworks/NetFS.framework/Versions/A/NetFS
0x000000000b85e000 	/System/Library/PrivateFrameworks/NetAuth.framework/Versions/A/NetAuth
0x000000000b85e000 	/System/Library/PrivateFrameworks/login.framework/Versions/A/Frameworks/loginsupport.framework/Versions/A/loginsupport
0x000000000b85e000 	/System/Library/PrivateFrameworks/TCC.framework/Versions/A/TCC
0x000000000b85e000 	/usr/lib/libmecabra.dylib
0x000000000b85e000 	/System/Library/Frameworks/ApplicationServices.framework/Versions/A/Frameworks/ATS.framework/Versions/A/ATS
0x000000000b85e000 	/System/Library/Frameworks/ApplicationServices.framework/Versions/A/Frameworks/ColorSync.framework/Versions/A/ColorSync
0x000000000b85e000 	/System/Library/Frameworks/ApplicationServices.framework/Versions/A/Frameworks/HIServices.framework/Versions/A/HIServices
0x000000000b85e000 	/System/Library/Frameworks/ApplicationServices.framework/Versions/A/Frameworks/LangAnalysis.framework/Versions/A/LangAnalysis
0x000000000b85e000 	/System/Library/Frameworks/ApplicationServices.framework/Versions/A/Frameworks/PrintCore.framework/Versions/A/PrintCore
0x000000000b85e000 	/System/Library/Frameworks/ApplicationServices.framework/Versions/A/Frameworks/QD.framework/Versions/A/QD
0x000000000b85e000 	/System/Library/Frameworks/ApplicationServices.framework/Versions/A/Frameworks/SpeechSynthesis.framework/Versions/A/SpeechSynthesis
0x000000000b85e000 	/System/Library/Frameworks/Metal.framework/Versions/A/Metal
0x000000000b85e000 	/System/Library/Frameworks/Accelerate.framework/Versions/A/Frameworks/vImage.framework/Versions/A/vImage
0x000000000b85e000 	/System/Library/Frameworks/Accelerate.framework/Versions/A/Frameworks/vecLib.framework/Versions/A/vecLib
0x000000000b85e000 	/System/Library/Frameworks/Accelerate.framework/Versions/A/Frameworks/vecLib.framework/Versions/A/libvDSP.dylib
0x000000000b85e000 	/System/Library/Frameworks/Accelerate.framework/Versions/A/Frameworks/vecLib.framework/Versions/A/libvMisc.dylib
0x000000000b85e000 	/System/Library/Frameworks/Accelerate.framework/Versions/A/Frameworks/vecLib.framework/Versions/A/libLAPACK.dylib
0x000000000b85e000 	/System/Library/Frameworks/Accelerate.framework/Versions/A/Frameworks/vecLib.framework/Versions/A/libBLAS.dylib
0x000000000b85e000 	/System/Library/Frameworks/Accelerate.framework/Versions/A/Frameworks/vecLib.framework/Versions/A/libLinearAlgebra.dylib
0x000000000b85e000 	/System/Library/Frameworks/Accelerate.framework/Versions/A/Frameworks/vecLib.framework/Versions/A/libSparseBLAS.dylib
0x000000000b85e000 	/System/Library/PrivateFrameworks/GPUCompiler.framework/libmetal_timestamp.dylib
0x000000000b85e000 	/System/Library/Frameworks/OpenGL.framework/Versions/A/Libraries/libCoreFSCache.dylib
0x000000000b85e000 	/System/Library/PrivateFrameworks/IOAccelerator.framework/Versions/A/IOAccelerator
0x000000000b85e000 	/System/Library/Frameworks/ApplicationServices.framework/Versions/A/Frameworks/ATS.framework/Versions/A/Resources/libFontParser.dylib
0x000000000b85e000 	/System/Library/Frameworks/ApplicationServices.framework/Versions/A/Frameworks/ATS.framework/Versions/A/Resources/libFontRegistry.dylib
0x000000000b85e000 	/System/Library/PrivateFrameworks/AppleVPA.framework/Versions/A/AppleVPA
0x000000000b85e000 	/System/Library/PrivateFrameworks/AppleJPEG.framework/Versions/A/AppleJPEG
0x000000000b85e000 	/System/Library/Frameworks/ImageIO.framework/Versions/A/Resources/libJPEG.dylib
0x000000000b85e000 	/System/Library/Frameworks/ImageIO.framework/Versions/A/Resources/libTIFF.dylib
0x000000000b85e000 	/System/Library/Frameworks/ImageIO.framework/Versions/A/Resources/libPng.dylib
0x000000000b85e000 	/System/Library/Frameworks/ImageIO.framework/Versions/A/Resources/libGIF.dylib
0x000000000b85e000 	/System/Library/Frameworks/ImageIO.framework/Versions/A/Resources/libJP2.dylib
0x000000000b85e000 	/System/Library/Frameworks/ImageIO.framework/Versions/A/Resources/libRadiance.dylib
0x000000000b85e000 	/System/Library/Frameworks/CoreVideo.framework/Versions/A/CoreVideo
0x000000000b85e000 	/System/Library/Frameworks/OpenGL.framework/Versions/A/Libraries/libGLU.dylib
0x000000000b85e000 	/System/Library/Frameworks/OpenGL.framework/Versions/A/Libraries/libGFXShared.dylib
0x000000000b85e000 	/System/Library/Frameworks/OpenGL.framework/Versions/A/Libraries/libGL.dylib
0x000000000b85e000 	/System/Library/Frameworks/OpenGL.framework/Versions/A/Libraries/libGLImage.dylib
0x000000000b85e000 	/System/Library/Frameworks/OpenGL.framework/Versions/A/Libraries/libCVMSPluginSupport.dylib
0x000000000b85e000 	/System/Library/Frameworks/OpenGL.framework/Versions/A/Libraries/libCoreVMClient.dylib
0x000000000b85e000 	/usr/lib/libcompression.dylib
0x000000000b85e000 	/usr/lib/libcups.2.dylib
0x000000000b85e000 	/System/Library/Frameworks/Kerberos.framework/Versions/A/Kerberos
0x000000000b85e000 	/System/Library/Frameworks/GSS.framework/Versions/A/GSS
0x000000000b85e000 	/usr/lib/libresolv.9.dylib
0x000000000b85e000 	/usr/lib/libiconv.2.dylib
0x000000000b85e000 	/System/Library/PrivateFrameworks/Heimdal.framework/Versions/A/Heimdal
0x000000000b85e000 	/usr/lib/libheimdal-asn1.dylib
0x000000000b85e000 	/System/Library/Frameworks/OpenDirectory.framework/Versions/A/OpenDirectory
0x000000000b85e000 	/System/Library/PrivateFrameworks/CommonAuth.framework/Versions/A/CommonAuth
0x000000000b85e000 	/System/Library/Frameworks/OpenDirectory.framework/Versions/A/Frameworks/CFOpenDirectory.framework/Versions/A/CFOpenDirectory
0x000000000b85e000 	/System/Library/Frameworks/SecurityFoundation.framework/Versions/A/SecurityFoundation
0x000000000b85e000 	/System/Library/PrivateFrameworks/LanguageModeling.framework/Versions/A/LanguageModeling
0x000000000b85e000 	/usr/lib/libmarisa.dylib
0x000000000b85e000 	/usr/lib/libChineseTokenizer.dylib
0x000000000b85e000 	/usr/lib/libcmph.dylib
0x000000000b85e000 	/System/Library/Frameworks/ServiceManagement.framework/Versions/A/ServiceManagement
0x000000000b85e000 	/usr/lib/libxslt.1.dylib
0x000000000b85e000 	/System/Library/Frameworks/Carbon.framework/Versions/A/Frameworks/Ink.framework/Versions/A/Ink
0x000000000b85e000 	/usr/lib/libFosl_dynamic.dylib
0x000000000b85e000 	/System/Library/PrivateFrameworks/FaceCore.framework/Versions/A/FaceCore
0x000000000b85e000 	/System/Library/Frameworks/OpenCL.framework/Versions/A/OpenCL
0x000000000b85e000 	/System/Library/PrivateFrameworks/CrashReporterSupport.framework/Versions/A/CrashReporterSupport
0x000000000b85e000 	/System/Library/PrivateFrameworks/IconServices.framework/Versions/A/IconServices
0x000000000b85e000 	/System/Library/PrivateFrameworks/Apple80211.framework/Versions/A/Apple80211
0x000000000b85e000 	/System/Library/Frameworks/CoreWLAN.framework/Versions/A/CoreWLAN
0x000000000b85e000 	/System/Library/Frameworks/IOBluetooth.framework/Versions/A/IOBluetooth
0x000000000b85e000 	/System/Library/PrivateFrameworks/CoreWiFi.framework/Versions/A/CoreWiFi
0x000000000b85e000 	/System/Library/Frameworks/CoreBluetooth.framework/Versions/A/CoreBluetooth
0x000000000b85e000 	/System/Library/PrivateFrameworks/ChunkingLibrary.framework/Versions/A/ChunkingLibrary
0x000000000b85e000 	/System/Library/PrivateFrameworks/DebugSymbols.framework/Versions/A/DebugSymbols
0x000000000b85e000 	/System/Library/PrivateFrameworks/CoreSymbolication.framework/Versions/A/CoreSymbolication
0x000000000b85e000 	/System/Library/PrivateFrameworks/Symbolication.framework/Versions/A/Symbolication
0x000000000b85e000 	/System/Library/PrivateFrameworks/SpeechRecognitionCore.framework/Versions/A/SpeechRecognitionCore
0x000000010d86e000 	/Library/Java/JavaVirtualMachines/jdk1.8.0_77.jdk/Contents/Home/jre/lib/server/libjvm.dylib
0x000000000b85e000 	/usr/lib/libstdc++.6.dylib
0x000000010f004000 	/Library/Java/JavaVirtualMachines/jdk1.8.0_77.jdk/Contents/Home/jre/lib/libverify.dylib
0x000000010f012000 	/Library/Java/JavaVirtualMachines/jdk1.8.0_77.jdk/Contents/Home/jre/lib/libjava.dylib
0x000000010f04f000 	/Library/Java/JavaVirtualMachines/jdk1.8.0_77.jdk/Contents/Home/jre/lib/libzip.dylib
0x0000000122451000 	/System/Library/Frameworks/JavaVM.framework/Frameworks/JavaRuntimeSupport.framework/JavaRuntimeSupport
0x000000012246c000 	/System/Library/Frameworks/JavaVM.framework/Versions/A/Frameworks/JavaNativeFoundation.framework/Versions/A/JavaNativeFoundation
0x0000000122481000 	/System/Library/Frameworks/JavaVM.framework/Versions/A/JavaVM
0x000000000b85e000 	/System/Library/Frameworks/Carbon.framework/Versions/A/Carbon
0x000000012248e000 	/System/Library/PrivateFrameworks/JavaLaunching.framework/Versions/A/JavaLaunching
0x000000000b85e000 	/System/Library/Frameworks/Carbon.framework/Versions/A/Frameworks/CommonPanels.framework/Versions/A/CommonPanels
0x000000000b85e000 	/System/Library/Frameworks/Carbon.framework/Versions/A/Frameworks/Help.framework/Versions/A/Help
0x000000000b85e000 	/System/Library/Frameworks/Carbon.framework/Versions/A/Frameworks/ImageCapture.framework/Versions/A/ImageCapture
0x000000000b85e000 	/System/Library/Frameworks/Carbon.framework/Versions/A/Frameworks/OpenScripting.framework/Versions/A/OpenScripting
0x000000000b85e000 	/System/Library/Frameworks/Carbon.framework/Versions/A/Frameworks/Print.framework/Versions/A/Print
0x000000000b85e000 	/System/Library/Frameworks/Carbon.framework/Versions/A/Frameworks/SecurityHI.framework/Versions/A/SecurityHI
0x0000000123db2000 	/Library/Java/JavaVirtualMachines/jdk1.8.0_77.jdk/Contents/Home/jre/lib/libawt.dylib
0x0000000123e5a000 	/Library/Java/JavaVirtualMachines/jdk1.8.0_77.jdk/Contents/Home/jre/lib/./libmlib_image.dylib
0x0000000123f26000 	/Library/Java/JavaVirtualMachines/jdk1.8.0_77.jdk/Contents/Home/jre/lib/libawt_lwawt.dylib
0x0000000123fdb000 	/Library/Java/JavaVirtualMachines/jdk1.8.0_77.jdk/Contents/Home/jre/lib/./libosxapp.dylib
0x000000000b85e000 	/System/Library/Frameworks/ExceptionHandling.framework/Versions/A/ExceptionHandling
0x000000000b85e000 	/System/Library/PrivateFrameworks/CoreServicesInternal.framework/Versions/A/CoreServicesInternal
0x000000000b85e000 	/System/Library/Frameworks/CoreGraphics.framework/Versions/A/Resources/libRIP.A.dylib
0x000000000b85e000 	/System/Library/Frameworks/Accelerate.framework/Versions/A/Frameworks/vImage.framework/Versions/A/Libraries/libCGInterfaces.dylib
0x000000000b85e000 	/System/Library/Frameworks/CoreGraphics.framework/Versions/A/Resources/libCGXType.A.dylib
0x000000000b85e000 	/System/Library/Frameworks/OpenCL.framework/Versions/A/Libraries/libcldcpuengine.dylib
0x000000000b85e000 	/System/Library/PrivateFrameworks/DiskImages.framework/Versions/A/DiskImages
0x000000000b85e000 	/System/Library/Frameworks/DiscRecording.framework/Versions/A/DiscRecording
0x000000000b85e000 	/usr/lib/libcsfde.dylib
0x000000000b85e000 	/usr/lib/libcurl.4.dylib
0x000000000b85e000 	/System/Library/PrivateFrameworks/MediaKit.framework/Versions/A/MediaKit
0x000000000b85e000 	/System/Library/PrivateFrameworks/ProtectedCloudStorage.framework/Versions/A/ProtectedCloudStorage
0x000000000b85e000 	/usr/lib/libCoreStorage.dylib
0x000000000b85e000 	/System/Library/PrivateFrameworks/EFILogin.framework/Versions/A/EFILogin
0x000000000b85e000 	/usr/lib/libutil.dylib
0x000000000b85e000 	/System/Library/PrivateFrameworks/FindMyDevice.framework/Versions/A/FindMyDevice
0x000000000b85e000 	/System/Library/Frameworks/LDAP.framework/Versions/A/LDAP
0x000000000b85e000 	/usr/lib/libsasl2.2.dylib
0x000000000b85e000 	/System/Library/PrivateFrameworks/CoreDaemon.framework/Versions/B/CoreDaemon
0x000000000b85e000 	/usr/lib/libcrypto.0.9.8.dylib
0x000000000b85e000 	/System/Library/PrivateFrameworks/AppleSRP.framework/Versions/A/AppleSRP
0x000000000b85e000 	/System/Library/PrivateFrameworks/TrustEvaluationAgent.framework/Versions/A/TrustEvaluationAgent
0x000000012576a000 	cl_kernels
0x000000000b85e000 	/System/Library/Frameworks/OpenCL.framework/Versions/A/Libraries/ImageFormats/unorm8_bgra.dylib
0x000000000b85e000 	/System/Library/Frameworks/OpenCL.framework/Versions/A/Libraries/ImageFormats/unorm8_rgba.dylib
0x000000000b85e000 	/System/Library/PrivateFrameworks/FamilyControls.framework/Versions/A/FamilyControls
0x000000000b85e000 	/System/Library/PrivateFrameworks/CommerceKit.framework/Versions/A/Frameworks/CommerceCore.framework/Versions/A/CommerceCore
0x000000000b85e000 	/System/Library/PrivateFrameworks/SystemAdministration.framework/Versions/A/SystemAdministration
0x000000000b85e000 	/System/Library/PrivateFrameworks/AppContainer.framework/Versions/A/AppContainer
0x000000000b85e000 	/System/Library/PrivateFrameworks/SecCodeWrapper.framework/Versions/A/SecCodeWrapper
0x000000000b85e000 	/System/Library/Frameworks/DirectoryService.framework/Versions/A/DirectoryService
0x000000000b85e000 	/System/Library/PrivateFrameworks/LoginUIKit.framework/Versions/A/Frameworks/LoginUICore.framework/Versions/A/LoginUICore
0x000000000b85e000 	/usr/lib/libodfde.dylib
0x000000000b85e000 	/System/Library/Frameworks/OpenGL.framework/Versions/A/Resources/GLEngine.bundle/GLEngine
0x000000000b85e000 	/System/Library/Frameworks/OpenGL.framework/Versions/A/Libraries/libGLProgrammability.dylib
0x00000001267a9000 	/System/Library/Extensions/AppleIntelHD5000GraphicsGLDriver.bundle/Contents/MacOS/AppleIntelHD5000GraphicsGLDriver
0x000000000b85e000 	/System/Library/PrivateFrameworks/GPUSupport.framework/Versions/A/Libraries/libGPUSupportMercury.dylib
0x000000000b85e000 	/System/Library/Frameworks/OpenGL.framework/Versions/A/Resources/GLRendererFloat.bundle/GLRendererFloat
0x0000000127799000 	/Library/Java/JavaVirtualMachines/jdk1.8.0_77.jdk/Contents/Home/jre/lib/libfontmanager.dylib
0x0000000128c39000 	/Library/Java/JavaVirtualMachines/jdk1.8.0_77.jdk/Contents/Home/jre/lib/libosxui.dylib
0x0000000129958000 	/Library/Java/JavaVirtualMachines/jdk1.8.0_77.jdk/Contents/Home/jre/lib/libnet.dylib
0x000000012979e000 	/Library/Java/JavaVirtualMachines/jdk1.8.0_77.jdk/Contents/Home/jre/lib/libnio.dylib
0x000000000b85e000 	/System/Library/Frameworks/ApplicationServices.framework/Versions/A/Frameworks/ATS.framework/Versions/A/Resources/libTrueTypeScaler.dylib
0x00000001826b3000 	/System/Library/Extensions/AppleIntelHD5000GraphicsMTLDriver.bundle/Contents/MacOS/AppleIntelHD5000GraphicsMTLDriver
0x0000000124d15000 	/private/var/folders/vm/c6ql63410d962mlmgt4yhc5h0000gn/T/jogamp_0000/file_cache/jln6731463261799874881/jln5461039453583219614/libgluegen-rt.jnilib
0x0000000124d1a000 	/private/var/folders/vm/c6ql63410d962mlmgt4yhc5h0000gn/T/jogamp_0000/file_cache/jln6731463261799874881/jln5461039453583219614/libnativewindow_awt.jnilib
0x0000000124d1d000 	/Library/Java/JavaVirtualMachines/jdk1.8.0_77.jdk/Contents/Home/jre/lib/libjawt.dylib
0x0000000124d20000 	/private/var/folders/vm/c6ql63410d962mlmgt4yhc5h0000gn/T/jogamp_0000/file_cache/jln6731463261799874881/jln5461039453583219614/libnativewindow_macosx.jnilib
0x00000001844db000 	/private/var/folders/vm/c6ql63410d962mlmgt4yhc5h0000gn/T/jogamp_0000/file_cache/jln6731463261799874881/jln5461039453583219614/libjogl_desktop.jnilib
0x000000018b815000 	/Library/Java/JavaVirtualMachines/jdk1.8.0_77.jdk/Contents/Home/jre/lib/libt2k.dylib

VM Arguments:
jvm_args: -Djava.security.policy=java.policy.applet -Dfile.encoding=UTF-8 
java_command: sun.applet.AppletViewer module6.EarthquakeCityMap1464471651423.html
java_class_path (initial): /Users/xingdu/Documents/workspace/UCSDUnfoldingMaps/build:/Users/xingdu/Documents/workspace/UCSDUnfoldingMaps/lib/core.jar:/Users/xingdu/Documents/workspace/UCSDUnfoldingMaps/lib/gluegen-rt.jar:/Users/xingdu/Documents/workspace/UCSDUnfoldingMaps/lib/jogl-all.jar:/Users/xingdu/Documents/workspace/UCSDUnfoldingMaps/lib/log4j-1.2.15.jar:/Users/xingdu/Documents/workspace/UCSDUnfoldingMaps/lib/sqlite-jdbc-3.7.2.jar:/Users/xingdu/Documents/workspace/UCSDUnfoldingMaps/lib/json4processing.jar:/Users/xingdu/Documents/workspace/UCSDUnfoldingMaps/lib/libTUIO.jar:/Users/xingdu/Documents/workspace/UCSDUnfoldingMaps/lib/unfolding.0.9.7-uscd.jar
Launcher Type: SUN_STANDARD

Environment Variables:
PATH=/usr/bin:/bin:/usr/sbin:/sbin
SHELL=/bin/bash

Signal Handlers:
SIGSEGV: [libjvm.dylib+0x5a6855], sa_mask[0]=11111111011111110111111111111111, sa_flags=SA_ONSTACK|SA_RESTART|SA_SIGINFO
SIGBUS: [libjvm.dylib+0x5a6855], sa_mask[0]=11111111011111110111111111111111, sa_flags=SA_RESTART|SA_SIGINFO
SIGFPE: [libjvm.dylib+0x4804ec], sa_mask[0]=11111111011111110111111111111111, sa_flags=SA_RESTART|SA_SIGINFO
SIGPIPE: [libjvm.dylib+0x4804ec], sa_mask[0]=11111111011111110111111111111111, sa_flags=SA_RESTART|SA_SIGINFO
SIGXFSZ: [libjvm.dylib+0x4804ec], sa_mask[0]=11111111011111110111111111111111, sa_flags=SA_RESTART|SA_SIGINFO
SIGILL: [libjvm.dylib+0x4804ec], sa_mask[0]=11111111011111110111111111111111, sa_flags=SA_RESTART|SA_SIGINFO
SIGUSR1: SIG_DFL, sa_mask[0]=00000000000000000000000000000000, sa_flags=none
SIGUSR2: [libjvm.dylib+0x48000a], sa_mask[0]=00100000000000000000000000000000, sa_flags=SA_RESTART|SA_SIGINFO
SIGHUP: [libjvm.dylib+0x47e5e1], sa_mask[0]=11111111011111110111111111111111, sa_flags=SA_RESTART|SA_SIGINFO
SIGINT: [libjvm.dylib+0x47e5e1], sa_mask[0]=11111111011111110111111111111111, sa_flags=SA_RESTART|SA_SIGINFO
SIGTERM: [libjvm.dylib+0x47e5e1], sa_mask[0]=11111111011111110111111111111111, sa_flags=SA_RESTART|SA_SIGINFO
SIGQUIT: [libjvm.dylib+0x47e5e1], sa_mask[0]=11111111011111110111111111111111, sa_flags=SA_RESTART|SA_SIGINFO


---------------  S Y S T E M  ---------------

OS:Bsduname:Darwin 15.5.0 Darwin Kernel Version 15.5.0: Tue Apr 19 18:36:36 PDT 2016; root:xnu-3248.50.21~8/RELEASE_X86_64 x86_64
rlimit: STACK 8192k, CORE 0k, NPROC 709, NOFILE 10240, AS infinity
load average:3.50 3.58 2.77

CPU:total 4 (2 cores per cpu, 2 threads per core) family 6 model 69 stepping 1, cmov, cx8, fxsr, mmx, sse, sse2, sse3, ssse3, sse4.1, sse4.2, popcnt, avx, avx2, aes, clmul, erms, lzcnt, ht, tsc, tscinvbit, bmi1, bmi2

Memory: 4k page, physical 4194304k(97020k free)

/proc/meminfo:


vm_info: Java HotSpot(TM) 64-Bit Server VM (25.77-b03) for bsd-amd64 JRE (1.8.0_77-b03), built on Mar 20 2016 22:14:03 by "java_re" with gcc 4.2.1 (Based on Apple Inc. build 5658) (LLVM build 2336.11.00)

time: Sat May 28 17:54:43 2016
elapsed time: 832 seconds (0d 0h 13m 52s)

