#
# A fatal error has been detected by the Java Runtime Environment:
#
#  SIGSEGV (0xb) at pc=0x00007fff89bb8097, pid=14388, tid=3335
#
# JRE version: Java(TM) SE Runtime Environment (8.0_77-b03) (build 1.8.0_77-b03)
# Java VM: Java HotSpot(TM) 64-Bit Server VM (25.77-b03 mixed mode bsd-amd64 compressed oops)
# Problematic frame:
# C  [libobjc.A.dylib+0x5097]  objc_msgSend+0x17
#
# Failed to write core dump. Core dumps have been disabled. To enable core dumping, try "ulimit -c unlimited" before starting Java again
#
# If you would like to submit a bug report, please visit:
#   http://bugreport.java.com/bugreport/crash.jsp
# The crash happened outside the Java Virtual Machine in native code.
# See problematic frame for where to report the bug.
#

---------------  T H R E A D  ---------------

Current thread (0x00007f85c50e5000):  JavaThread "AWT-AppKit" daemon [_thread_in_native, id=3335, stack(0x00007fff53e6c000,0x00007fff5466c000)]

siginfo: si_signo: 11 (SIGSEGV), si_code: 0 (unknown), si_addr: 0x0000000000000000

Registers:
RAX=0x00007f85c82eafa0, RBX=0x0000000178ed4450, RCX=0x0000000126bd5e00, RDX=0x000000010b7f92a0
RSP=0x00007fff546672c8, RBP=0x00007fff54667380, RSI=0x00007fff9350c4c6, RDI=0x00007f85c84b0570
R8 =0x0000000000000000, R9 =0x00000000000006d0, R10=0x00007fff9350c4c6, R11=0x400007f85c84ce03
R12=0x0000000000000000, R13=0x000000017a54a550, R14=0x0000000178ed4440, R15=0x00007f85c50e5000
RIP=0x00007fff89bb8097, EFLAGS=0x0000000000010246, ERR=0x0000000000000000
  TRAPNO=0x000000000000000d

Top of Stack: (sp=0x00007fff546672c8)
0x00007fff546672c8:   0000000178ed2157 00007fff54667320
0x00007fff546672d8:   0000000000000003 00007fff54667300
0x00007fff546672e8:   000000010c1f0b02 000000017a54a550
0x00007fff546672f8:   000000017a54a550 00007f85c82eafa0
0x00007fff54667308:   0000000178ed46a0 0000000178ed4710
0x00007fff54667318:   00007fff77a31fb0 00007fff7646c420
0x00007fff54667328:   0000000178ed4450 0000000178ed4690
0x00007fff54667338:   00007f85c82eafa0 00007f85c84b0570
0x00007fff54667348:   00007f85c36207d0 00007f85c82eafa0
0x00007fff54667358:   00007f85c84b0570 00007fff54667408
0x00007fff54667368:   00007f85c50e51f8 000000017a54a550
0x00007fff54667378:   00007fff54667430 00007fff546673f8
0x00007fff54667388:   000000010cfad954 000000017a54a550
0x00007fff54667398:   00007fff54667430 00007fff546673f8
0x00007fff546673a8:   000000010cfad6e7 000000010cfad6a2
0x00007fff546673b8:   00007fff546673b8 000000017a54a550
0x00007fff546673c8:   00007fff54667430 000000017a478ec8
0x00007fff546673d8:   0000000000000000 000000017a54a550
0x00007fff546673e8:   0000000000000000 00007fff54667418
0x00007fff546673f8:   00007fff54667478 000000010cf9fc4d
0x00007fff54667408:   0000000780c4b780 000000010cfa7578
0x00007fff54667418:   00007f85c82eafa0 00007fff54667478
0x00007fff54667428:   00007f85c84b0570 000000010cfa8d82
0x00007fff54667438:   00007fff54667438 000000017a54a71a
0x00007fff54667448:   00007fff546674a0 000000017a478ec8
0x00007fff54667458:   0000000000000000 000000017a54a728
0x00007fff54667468:   00007fff54667418 00007fff54667488
0x00007fff54667478:   00007fff546674e8 000000010cf9fc4d
0x00007fff54667488:   00007f85c82eafa0 0000000780c3b170
0x00007fff54667498:   00007f85c84b0570 0000000780c3b170
0x00007fff546674a8:   00007fff546674a8 0000000181cc3876
0x00007fff546674b8:   00007fff546674f8 0000000181cc3930 

Instructions: (pc=0x00007fff89bb8097)
0x00007fff89bb8077:   90 90 90 90 90 90 90 90 90 48 85 ff 2e 74 72 40
0x00007fff89bb8087:   f6 c7 01 2e 0f 85 7e 00 00 00 4c 8b 1f 49 89 f2
0x00007fff89bb8097:   45 23 53 18 49 c1 e2 04 4d 03 53 10 49 3b 32 75
0x00007fff89bb80a7:   04 41 ff 62 08 49 83 3a 00 74 74 4d 3b 53 10 74 

Register to memory mapping:

RAX=0x00007f85c82eafa0 is an unknown value
RBX=0x0000000178ed4450: Java_jogamp_nativewindow_macosx_OSXUtil_GetScreenRefreshRate0+0x1cf0 in /private/var/folders/vm/c6ql63410d962mlmgt4yhc5h0000gn/T/jogamp_0000/file_cache/jln333525782433621372/jln1357247256486061017/libnativewindow_macosx.jnilib at 0x0000000178ecd000
RCX=0x0000000126bd5e00 is an unknown value
RDX=0x000000010b7f92a0 is an unknown value
RSP=0x00007fff546672c8 is pointing into the stack for thread: 0x00007f85c50e5000
RBP=0x00007fff54667380 is pointing into the stack for thread: 0x00007f85c50e5000
RSI=0x00007fff9350c4c6: NSAppKitVersionNumber+0x12eb6 in /System/Library/Frameworks/AppKit.framework/Versions/C/AppKit at 0x00007fff92aa9000
RDI=0x00007f85c84b0570 is an unknown value
R8 =0x0000000000000000 is an unknown value
R9 =0x00000000000006d0 is an unknown value
R10=0x00007fff9350c4c6: NSAppKitVersionNumber+0x12eb6 in /System/Library/Frameworks/AppKit.framework/Versions/C/AppKit at 0x00007fff92aa9000
R11=0x400007f85c84ce03 is an unknown value
R12=0x0000000000000000 is an unknown value
R13={method} {0x000000017a54a550} 'UnsetJAWTRootSurfaceLayer0' '(JJ)V' in 'jogamp/nativewindow/jawt/macosx/MacOSXJAWTWindow'
R14=0x0000000178ed4440: Java_jogamp_nativewindow_macosx_OSXUtil_GetScreenRefreshRate0+0x1ce0 in /private/var/folders/vm/c6ql63410d962mlmgt4yhc5h0000gn/T/jogamp_0000/file_cache/jln333525782433621372/jln1357247256486061017/libnativewindow_macosx.jnilib at 0x0000000178ecd000
R15=0x00007f85c50e5000 is a thread


Stack: [0x00007fff53e6c000,0x00007fff5466c000],  sp=0x00007fff546672c8,  free space=8172k
Native frames: (J=compiled Java code, j=interpreted, Vv=VM code, C=native code)
C  [libobjc.A.dylib+0x5097]  objc_msgSend+0x17
j  jogamp.nativewindow.jawt.macosx.MacOSXJAWTWindow.UnsetJAWTRootSurfaceLayer0(JJ)V+0
j  jogamp.nativewindow.jawt.macosx.MacOSXJAWTWindow.access$200(JJ)V+2
j  jogamp.nativewindow.jawt.macosx.MacOSXJAWTWindow$1.run()V+38
J 2474 C1 com.jogamp.common.util.RunnableTask.run()V (345 bytes) @ 0x000000010d3a4b94 [0x000000010d3a4a00+0x194]
v  ~StubRoutines::call_stub
V  [libjvm.dylib+0x2ea39e]
V  [libjvm.dylib+0x3214a7]
V  [libjvm.dylib+0x313c7b]
C  [libnativewindow_macosx.jnilib+0x5326]  Java_jogamp_nativewindow_jawt_macosx_MacOSXJAWTWindow_UnsetJAWTRootSurfaceLayer0+0x2b6
C  [Foundation+0x6375e]  __NSThreadPerformPerform+0xe5
C  [CoreFoundation+0x7f5b1]  __CFRUNLOOP_IS_CALLING_OUT_TO_A_SOURCE0_PERFORM_FUNCTION__+0x11
C  [CoreFoundation+0x70d29]  __CFRunLoopDoSources0+0x1b9
C  [CoreFoundation+0x703ef]  __CFRunLoopRun+0x33f
C  [CoreFoundation+0x6fe75]  CFRunLoopRunSpecific+0x135
C  [HIToolbox+0x2ea0d]  RunCurrentEventLoopInMode+0xe2
C  [HIToolbox+0x2e685]  ReceiveNextEventCommon+0xad
C  [HIToolbox+0x2e5bc]  _BlockUntilNextEventMatchingListInModeWithFilter+0x41
C  [AppKit+0x2424e]  _DPSNextEvent+0x59a
C  [AppKit+0x2389b]  -[NSApplication nextEventMatchingMask:untilDate:inMode:dequeue:]+0x7a
C  [libosxapp.dylib+0x23aa]  -[NSApplicationAWT nextEventMatchingMask:untilDate:inMode:dequeue:]+0x7c
C  [AppKit+0x1799c]  -[NSApplication run]+0x229
C  [libosxapp.dylib+0x214d]  +[NSApplicationAWT runAWTLoopWithApp:]+0x9c
C  [libawt_lwawt.dylib+0x4455b]  -[AWTStarter starter:]+0x389
C  [Foundation+0x6375e]  __NSThreadPerformPerform+0xe5
C  [CoreFoundation+0x7f5b1]  __CFRUNLOOP_IS_CALLING_OUT_TO_A_SOURCE0_PERFORM_FUNCTION__+0x11
C  [CoreFoundation+0x70c62]  __CFRunLoopDoSources0+0xf2
C  [CoreFoundation+0x703ef]  __CFRunLoopRun+0x33f
C  [CoreFoundation+0x6fe75]  CFRunLoopRunSpecific+0x135
C  [java+0x6463]  CreateExecutionEnvironment+0x367
C  [java+0x21ac]  JLI_Launch+0x7a0
C  [java+0x84c0]  main+0x65
C  [java+0x1a04]  start+0x34
C  0x0000000000000007

Java frames: (J=compiled Java code, j=interpreted, Vv=VM code)
j  jogamp.nativewindow.jawt.macosx.MacOSXJAWTWindow.UnsetJAWTRootSurfaceLayer0(JJ)V+0
j  jogamp.nativewindow.jawt.macosx.MacOSXJAWTWindow.access$200(JJ)V+2
j  jogamp.nativewindow.jawt.macosx.MacOSXJAWTWindow$1.run()V+38
J 2474 C1 com.jogamp.common.util.RunnableTask.run()V (345 bytes) @ 0x000000010d3a4b94 [0x000000010d3a4a00+0x194]
v  ~StubRoutines::call_stub

---------------  P R O C E S S  ---------------

Java Threads: ( => current thread )
  0x00007f85c4086000 JavaThread "Thread-19" [_thread_blocked, id=61807, stack(0x0000000180880000,0x0000000180980000)]
  0x00007f85c4247000 JavaThread "AWT-EventQueue-1" [_thread_in_native, id=55563, stack(0x0000000179226000,0x0000000179326000)]
  0x00007f85c49ea800 JavaThread "DestroyJavaVM" [_thread_blocked, id=6403, stack(0x000000010b6aa000,0x000000010b7aa000)]
  0x00007f85c518a000 JavaThread "AWT-EventQueue-0" [_thread_blocked, id=53255, stack(0x0000000127d30000,0x0000000127e30000)]
  0x00007f85c4052000 JavaThread "Java2D Disposer" daemon [_thread_blocked, id=48691, stack(0x0000000126966000,0x0000000126a66000)]
  0x00007f85c510c000 JavaThread "Java2D Queue Flusher" daemon [_thread_blocked, id=47367, stack(0x0000000125609000,0x0000000125709000)]
  0x00007f85c390d000 JavaThread "AWT-Shutdown" [_thread_blocked, id=28427, stack(0x0000000122bd5000,0x0000000122cd5000)]
=>0x00007f85c50e5000 JavaThread "AWT-AppKit" daemon [_thread_in_native, id=3335, stack(0x00007fff53e6c000,0x00007fff5466c000)]
  0x00007f85c501b000 JavaThread "Service Thread" daemon [_thread_blocked, id=19715, stack(0x0000000120fff000,0x00000001210ff000)]
  0x00007f85c4835800 JavaThread "C1 CompilerThread2" daemon [_thread_blocked, id=19203, stack(0x0000000120efc000,0x0000000120ffc000)]
  0x00007f85c4833000 JavaThread "C2 CompilerThread1" daemon [_thread_blocked, id=18691, stack(0x0000000120df9000,0x0000000120ef9000)]
  0x00007f85c4834000 JavaThread "C2 CompilerThread0" daemon [_thread_blocked, id=18179, stack(0x0000000120cf6000,0x0000000120df6000)]
  0x00007f85c4832000 JavaThread "Signal Dispatcher" daemon [_thread_blocked, id=17667, stack(0x0000000120bf3000,0x0000000120cf3000)]
  0x00007f85c5012800 JavaThread "Finalizer" daemon [_thread_blocked, id=12547, stack(0x00000001209a4000,0x0000000120aa4000)]
  0x00007f85c5010000 JavaThread "Reference Handler" daemon [_thread_blocked, id=12035, stack(0x00000001208a1000,0x00000001209a1000)]

Other Threads:
  0x00007f85c500b000 VMThread [stack: 0x000000012079e000,0x000000012089e000] [id=11523]
  0x00007f85c3812000 WatcherThread [stack: 0x0000000121102000,0x0000000121202000] [id=20227]

VM state:not at safepoint (normal execution)

VM Mutex/Monitor currently owned by a thread: None

Heap:
 PSYoungGen      total 59904K, used 50370K [0x00000007aab00000, 0x00000007af200000, 0x00000007c0000000)
  eden space 51200K, 98% used [0x00000007aab00000,0x00000007adc10ac8,0x00000007add00000)
  from space 8704K, 1% used [0x00000007ae980000,0x00000007ae9a0000,0x00000007af200000)
  to   space 10752K, 0% used [0x00000007add00000,0x00000007add00000,0x00000007ae780000)
 ParOldGen       total 46592K, used 16526K [0x0000000780000000, 0x0000000782d80000, 0x00000007aab00000)
  object space 46592K, 35% used [0x0000000780000000,0x0000000781023a18,0x0000000782d80000)
 Metaspace       used 21206K, capacity 21407K, committed 21808K, reserved 1069056K
  class space    used 2043K, capacity 2112K, committed 2176K, reserved 1048576K

Card table byte_map: [0x000000011c358000,0x000000011c559000] byte_map_base: 0x0000000118758000

Marking Bits: (ParMarkBitMap*) 0x000000010c8e3ea0
 Begin Bits: [0x000000011cabb000, 0x000000011dabb000)
 End Bits:   [0x000000011dabb000, 0x000000011eabb000)

Polling page: 0x000000010b7ef000

CodeCache: size=245760Kb used=9534Kb max_used=9547Kb free=236225Kb
 bounds [0x000000010cf98000, 0x000000010d908000, 0x000000011bf98000]
 total_blobs=3530 nmethods=2639 adapters=804
 compilation: enabled

Compilation events (10 events):
Event: 58.345 Thread 0x00007f85c4835800 nmethod 3016 0x000000010d71c2d0 code [0x000000010d71c4a0, 0x000000010d71cd18]
Event: 58.345 Thread 0x00007f85c4835800 3017       3       java.util.LinkedHashMap::afterNodeRemoval (65 bytes)
Event: 58.346 Thread 0x00007f85c4835800 nmethod 3017 0x000000010d8efc50 code [0x000000010d8efdc0, 0x000000010d8f0170]
Event: 58.350 Thread 0x00007f85c4834000 nmethod 3015 0x000000010d8f1410 code [0x000000010d8f1580, 0x000000010d8f1d58]
Event: 58.352 Thread 0x00007f85c4833000 3018  s    4       sun.misc.URLClassPath::getNextLoader (88 bytes)
Event: 58.357 Thread 0x00007f85c4835800 3020       3       sun.java2d.SunGraphics2D::setColor (108 bytes)
Event: 58.357 Thread 0x00007f85c4835800 nmethod 3020 0x000000010d8ef4d0 code [0x000000010d8ef660, 0x000000010d8efb98]
Event: 58.357 Thread 0x00007f85c4835800 3019       1       sun.java2d.SurfaceData::isValid (5 bytes)
Event: 58.357 Thread 0x00007f85c4835800 nmethod 3019 0x000000010d71c010 code [0x000000010d71c160, 0x000000010d71c270]
Event: 58.360 Thread 0x00007f85c4833000 nmethod 3018 0x000000010d8f7b50 code [0x000000010d8f7cc0, 0x000000010d8f8438]

GC Heap History (10 events):
Event: 28.932 GC heap before
{Heap before GC invocations=11 (full 1):
 PSYoungGen      total 60416K, used 60000K [0x00000007aab00000, 0x00000007afb80000, 0x00000007c0000000)
  eden space 59904K, 100% used [0x00000007aab00000,0x00000007ae580000,0x00000007ae580000)
  from space 512K, 18% used [0x00000007ae780000,0x00000007ae798000,0x00000007ae800000)
  to   space 11264K, 0% used [0x00000007af080000,0x00000007af080000,0x00000007afb80000)
 ParOldGen       total 46592K, used 16478K [0x0000000780000000, 0x0000000782d80000, 0x00000007aab00000)
  object space 46592K, 35% used [0x0000000780000000,0x0000000781017a18,0x0000000782d80000)
 Metaspace       used 21021K, capacity 21215K, committed 21552K, reserved 1069056K
  class space    used 2035K, capacity 2112K, committed 2176K, reserved 1048576K
Event: 28.933 GC heap after
Heap after GC invocations=11 (full 1):
 PSYoungGen      total 67072K, used 96K [0x00000007aab00000, 0x00000007af980000, 0x00000007c0000000)
  eden space 57856K, 0% used [0x00000007aab00000,0x00000007aab00000,0x00000007ae380000)
  from space 9216K, 1% used [0x00000007af080000,0x00000007af098000,0x00000007af980000)
  to   space 11264K, 0% used [0x00000007ae380000,0x00000007ae380000,0x00000007aee80000)
 ParOldGen       total 46592K, used 16494K [0x0000000780000000, 0x0000000782d80000, 0x00000007aab00000)
  object space 46592K, 35% used [0x0000000780000000,0x000000078101ba18,0x0000000782d80000)
 Metaspace       used 21021K, capacity 21215K, committed 21552K, reserved 1069056K
  class space    used 2035K, capacity 2112K, committed 2176K, reserved 1048576K
}
Event: 34.409 GC heap before
{Heap before GC invocations=12 (full 1):
 PSYoungGen      total 67072K, used 57952K [0x00000007aab00000, 0x00000007af980000, 0x00000007c0000000)
  eden space 57856K, 100% used [0x00000007aab00000,0x00000007ae380000,0x00000007ae380000)
  from space 9216K, 1% used [0x00000007af080000,0x00000007af098000,0x00000007af980000)
  to   space 11264K, 0% used [0x00000007ae380000,0x00000007ae380000,0x00000007aee80000)
 ParOldGen       total 46592K, used 16494K [0x0000000780000000, 0x0000000782d80000, 0x00000007aab00000)
  object space 46592K, 35% used [0x0000000780000000,0x000000078101ba18,0x0000000782d80000)
 Metaspace       used 21034K, capacity 21279K, committed 21552K, reserved 1069056K
  class space    used 2035K, capacity 2112K, committed 2176K, reserved 1048576K
Event: 34.410 GC heap after
Heap after GC invocations=12 (full 1):
 PSYoungGen      total 56320K, used 96K [0x00000007aab00000, 0x00000007af780000, 0x00000007c0000000)
  eden space 55808K, 0% used [0x00000007aab00000,0x00000007aab00000,0x00000007ae180000)
  from space 512K, 18% used [0x00000007ae380000,0x00000007ae398000,0x00000007ae400000)
  to   space 11264K, 0% used [0x00000007aec80000,0x00000007aec80000,0x00000007af780000)
 ParOldGen       total 46592K, used 16502K [0x0000000780000000, 0x0000000782d80000, 0x00000007aab00000)
  object space 46592K, 35% used [0x0000000780000000,0x000000078101da18,0x0000000782d80000)
 Metaspace       used 21034K, capacity 21279K, committed 21552K, reserved 1069056K
  class space    used 2035K, capacity 2112K, committed 2176K, reserved 1048576K
}
Event: 39.509 GC heap before
{Heap before GC invocations=13 (full 1):
 PSYoungGen      total 56320K, used 55904K [0x00000007aab00000, 0x00000007af780000, 0x00000007c0000000)
  eden space 55808K, 100% used [0x00000007aab00000,0x00000007ae180000,0x00000007ae180000)
  from space 512K, 18% used [0x00000007ae380000,0x00000007ae398000,0x00000007ae400000)
  to   space 11264K, 0% used [0x00000007aec80000,0x00000007aec80000,0x00000007af780000)
 ParOldGen       total 46592K, used 16502K [0x0000000780000000, 0x0000000782d80000, 0x00000007aab00000)
  object space 46592K, 35% used [0x0000000780000000,0x000000078101da18,0x0000000782d80000)
 Metaspace       used 21123K, capacity 21343K, committed 21552K, reserved 1069056K
  class space    used 2035K, capacity 2112K, committed 2176K, reserved 1048576K
Event: 39.511 GC heap after
Heap after GC invocations=13 (full 1):
 PSYoungGen      total 64000K, used 128K [0x00000007aab00000, 0x00000007af600000, 0x00000007c0000000)
  eden space 54272K, 0% used [0x00000007aab00000,0x00000007aab00000,0x00000007ae000000)
  from space 9728K, 1% used [0x00000007aec80000,0x00000007aeca0000,0x00000007af600000)
  to   space 11264K, 0% used [0x00000007ae000000,0x00000007ae000000,0x00000007aeb00000)
 ParOldGen       total 46592K, used 16510K [0x0000000780000000, 0x0000000782d80000, 0x00000007aab00000)
  object space 46592K, 35% used [0x0000000780000000,0x000000078101fa18,0x0000000782d80000)
 Metaspace       used 21123K, capacity 21343K, committed 21552K, reserved 1069056K
  class space    used 2035K, capacity 2112K, committed 2176K, reserved 1048576K
}
Event: 44.819 GC heap before
{Heap before GC invocations=14 (full 1):
 PSYoungGen      total 64000K, used 54400K [0x00000007aab00000, 0x00000007af600000, 0x00000007c0000000)
  eden space 54272K, 100% used [0x00000007aab00000,0x00000007ae000000,0x00000007ae000000)
  from space 9728K, 1% used [0x00000007aec80000,0x00000007aeca0000,0x00000007af600000)
  to   space 11264K, 0% used [0x00000007ae000000,0x00000007ae000000,0x00000007aeb00000)
 ParOldGen       total 46592K, used 16510K [0x0000000780000000, 0x0000000782d80000, 0x00000007aab00000)
  object space 46592K, 35% used [0x0000000780000000,0x000000078101fa18,0x0000000782d80000)
 Metaspace       used 21125K, capacity 21343K, committed 21552K, reserved 1069056K
  class space    used 2035K, capacity 2112K, committed 2176K, reserved 1048576K
Event: 44.821 GC heap after
Heap after GC invocations=14 (full 1):
 PSYoungGen      total 53248K, used 128K [0x00000007aab00000, 0x00000007af480000, 0x00000007c0000000)
  eden space 52736K, 0% used [0x00000007aab00000,0x00000007aab00000,0x00000007ade80000)
  from space 512K, 25% used [0x00000007ae000000,0x00000007ae020000,0x00000007ae080000)
  to   space 11264K, 0% used [0x00000007ae980000,0x00000007ae980000,0x00000007af480000)
 ParOldGen       total 46592K, used 16518K [0x0000000780000000, 0x0000000782d80000, 0x00000007aab00000)
  object space 46592K, 35% used [0x0000000780000000,0x0000000781021a18,0x0000000782d80000)
 Metaspace       used 21125K, capacity 21343K, committed 21552K, reserved 1069056K
  class space    used 2035K, capacity 2112K, committed 2176K, reserved 1048576K
}
Event: 49.711 GC heap before
{Heap before GC invocations=15 (full 1):
 PSYoungGen      total 53248K, used 52864K [0x00000007aab00000, 0x00000007af480000, 0x00000007c0000000)
  eden space 52736K, 100% used [0x00000007aab00000,0x00000007ade80000,0x00000007ade80000)
  from space 512K, 25% used [0x00000007ae000000,0x00000007ae020000,0x00000007ae080000)
  to   space 11264K, 0% used [0x00000007ae980000,0x00000007ae980000,0x00000007af480000)
 ParOldGen       total 46592K, used 16518K [0x0000000780000000, 0x0000000782d80000, 0x00000007aab00000)
  object space 46592K, 35% used [0x0000000780000000,0x0000000781021a18,0x0000000782d80000)
 Metaspace       used 21152K, capacity 21407K, committed 21808K, reserved 1069056K
  class space    used 2035K, capacity 2112K, committed 2176K, reserved 1048576K
Event: 49.713 GC heap after
Heap after GC invocations=15 (full 1):
 PSYoungGen      total 59904K, used 128K [0x00000007aab00000, 0x00000007af200000, 0x00000007c0000000)
  eden space 51200K, 0% used [0x00000007aab00000,0x00000007aab00000,0x00000007add00000)
  from space 8704K, 1% used [0x00000007ae980000,0x00000007ae9a0000,0x00000007af200000)
  to   space 10752K, 0% used [0x00000007add00000,0x00000007add00000,0x00000007ae780000)
 ParOldGen       total 46592K, used 16526K [0x0000000780000000, 0x0000000782d80000, 0x00000007aab00000)
  object space 46592K, 35% used [0x0000000780000000,0x0000000781023a18,0x0000000782d80000)
 Metaspace       used 21152K, capacity 21407K, committed 21808K, reserved 1069056K
  class space    used 2035K, capacity 2112K, committed 2176K, reserved 1048576K
}

Deoptimization events (10 events):
Event: 58.309 Thread 0x00007f85c4247000 Uncommon trap: reason=unstable_if action=reinterpret pc=0x000000010d098f28 method=com.jogamp.common.util.VersionNumber.compareTo(Lcom/jogamp/common/util/VersionNumber;)I @ 21
Event: 58.309 Thread 0x00007f85c518a000 Uncommon trap: reason=unstable_if action=reinterpret pc=0x000000010d879680 method=sun.lwawt.LWContainerPeer.cutChildren(Lsun/java2d/pipe/Region;Lsun/lwawt/LWComponentPeer;)Lsun/java2d/pipe/Region; @ 67
Event: 58.309 Thread 0x00007f85c518a000 Uncommon trap: reason=unstable_if action=reinterpret pc=0x000000010d8dea6c method=sun.java2d.SunGraphics2D.validateCompClip()V @ 9
Event: 58.310 Thread 0x00007f85c4247000 Uncommon trap: reason=unstable_if action=reinterpret pc=0x000000010d88f708 method=java.awt.EventQueue.uncacheEQItem(Lsun/awt/EventQueueItem;)V @ 23
Event: 58.313 Thread 0x00007f85c518a000 Uncommon trap: reason=unstable_if action=reinterpret pc=0x000000010d6844d4 method=java.awt.Font.equals(Ljava/lang/Object;)Z @ 2
Event: 58.340 Thread 0x00007f85c514e800 Uncommon trap: reason=unstable_if action=reinterpret pc=0x000000010d641784 method=java.util.HashMap.putVal(ILjava/lang/Object;Ljava/lang/Object;ZZ)Ljava/lang/Object; @ 81
Event: 58.340 Thread 0x00007f85c514e800 Uncommon trap: reason=unstable_if action=reinterpret pc=0x000000010d579138 method=java.util.HashMap.putVal(ILjava/lang/Object;Ljava/lang/Object;ZZ)Ljava/lang/Object; @ 81
Event: 58.354 Thread 0x00007f85c4247000 Uncommon trap: reason=unstable_if action=reinterpret pc=0x000000010d86c258 method=java.util.LinkedList$ListItr.<init>(Ljava/util/LinkedList;I)V @ 26
Event: 58.355 Thread 0x00007f85c4247000 Uncommon trap: reason=unstable_if action=reinterpret pc=0x000000010d784828 method=java.security.AccessControlContext.optimize()Ljava/security/AccessControlContext; @ 233
Event: 58.356 Thread 0x00007f85c4247000 Uncommon trap: reason=unstable_if action=reinterpret pc=0x000000010d869d04 method=java.util.LinkedList$ListItr.<init>(Ljava/util/LinkedList;I)V @ 26

Internal exceptions (10 events):
Event: 0.186 Thread 0x00007f85c4002800 Exception <a 'java/lang/NoSuchFieldError': method resolution failed> (0x00000007aad02480) thrown at [/Users/java_re/workspace/8-2-build-macosx-x86_64/jdk8u77/6540/hotspot/src/share/vm/prims/methodHandles.cpp, line 1146]
Event: 0.188 Thread 0x00007f85c4002800 Exception <a 'java/lang/NoSuchFieldError': method resolution failed> (0x00000007aad0fc50) thrown at [/Users/java_re/workspace/8-2-build-macosx-x86_64/jdk8u77/6540/hotspot/src/share/vm/prims/methodHandles.cpp, line 1146]
Event: 0.322 Thread 0x00007f85c4002800 Exception <a 'java/io/FileNotFoundException'> (0x00000007aad8b818) thrown at [/Users/java_re/workspace/8-2-build-macosx-x86_64/jdk8u77/6540/hotspot/src/share/vm/prims/jni.cpp, line 709]
Event: 0.322 Thread 0x00007f85c4002800 Exception <a 'java/io/FileNotFoundException'> (0x00000007aad8c360) thrown at [/Users/java_re/workspace/8-2-build-macosx-x86_64/jdk8u77/6540/hotspot/src/share/vm/prims/jni.cpp, line 709]
Event: 0.420 Thread 0x00007f85c4002800 Exception <a 'java/io/FileNotFoundException'> (0x00000007aae76e78) thrown at [/Users/java_re/workspace/8-2-build-macosx-x86_64/jdk8u77/6540/hotspot/src/share/vm/prims/jni.cpp, line 709]
Event: 2.268 Thread 0x00007f85c5012800 Exception <a 'java/lang/NullPointerException'> (0x00000007aab8bd50) thrown at [/Users/java_re/workspace/8-2-build-macosx-x86_64/jdk8u77/6540/hotspot/src/share/vm/interpreter/linkResolver.cpp, line 1178]
Event: 2.367 Thread 0x00007f85c51fa000 Exception <a 'java/lang/UnsatisfiedLinkError': com.jogamp.common.util.JarUtil.fixNativeLibAttribs(Ljava/lang/String;)Z> (0x00000007aafeebb0) thrown at [/Users/java_re/workspace/8-2-build-macosx-x86_64/jdk8u77/6540/hotspot/src/share/vm/prims/nativeLookup.c
Event: 3.259 Thread 0x00007f85c4247000 Exception <a 'java/io/FileNotFoundException'> (0x00000007ab34ca78) thrown at [/Users/java_re/workspace/8-2-build-macosx-x86_64/jdk8u77/6540/hotspot/src/share/vm/prims/jni.cpp, line 709]
Event: 3.259 Thread 0x00007f85c4247000 Exception <a 'java/io/FileNotFoundException'> (0x00000007ab3540f8) thrown at [/Users/java_re/workspace/8-2-build-macosx-x86_64/jdk8u77/6540/hotspot/src/share/vm/prims/jni.cpp, line 709]
Event: 3.259 Thread 0x00007f85c4247000 Implicit null exception at 0x000000010d145ff3 to 0x000000010d14637d

Events (10 events):
Event: 58.355 Executing VM operation: Deoptimize
Event: 58.355 Executing VM operation: Deoptimize done
Event: 58.356 loading class java/awt/Toolkit$ToolkitEventMulticaster
Event: 58.356 loading class java/awt/Toolkit$ToolkitEventMulticaster done
Event: 58.356 Thread 0x00007f85c4247000 Uncommon trap: trap_request=0xffffff65 fr.pc=0x000000010d869d04
Event: 58.356 Thread 0x00007f85c4247000 DEOPT PACKING pc=0x000000010d869d04 sp=0x0000000179323950
Event: 58.356 Thread 0x00007f85c4247000 DEOPT UNPACKING pc=0x000000010cf9d229 sp=0x00000001793238a8 mode 2
Event: 58.356 Thread 0x00007f85c514e800 Thread exited: 0x00007f85c514e800
Event: 58.356 loading class java/awt/Window$1DisposeAction
Event: 58.356 loading class java/awt/Window$1DisposeAction done


Dynamic libraries:
0x000000000637b000 	/System/Library/Frameworks/Cocoa.framework/Versions/A/Cocoa
0x000000000637b000 	/System/Library/Frameworks/Security.framework/Versions/A/Security
0x000000000637b000 	/System/Library/Frameworks/ApplicationServices.framework/Versions/A/ApplicationServices
0x000000000637b000 	/usr/lib/libz.1.dylib
0x000000000637b000 	/usr/lib/libSystem.B.dylib
0x000000000637b000 	/usr/lib/libobjc.A.dylib
0x000000000637b000 	/System/Library/Frameworks/CoreFoundation.framework/Versions/A/CoreFoundation
0x000000000637b000 	/System/Library/Frameworks/Foundation.framework/Versions/C/Foundation
0x000000000637b000 	/System/Library/Frameworks/AppKit.framework/Versions/C/AppKit
0x000000000637b000 	/System/Library/Frameworks/CoreData.framework/Versions/A/CoreData
0x000000000637b000 	/System/Library/PrivateFrameworks/RemoteViewServices.framework/Versions/A/RemoteViewServices
0x000000000637b000 	/System/Library/Frameworks/AudioToolbox.framework/Versions/A/AudioToolbox
0x000000000637b000 	/System/Library/Frameworks/AudioUnit.framework/Versions/A/AudioUnit
0x000000000637b000 	/System/Library/PrivateFrameworks/DataDetectorsCore.framework/Versions/A/DataDetectorsCore
0x000000000637b000 	/System/Library/PrivateFrameworks/DesktopServicesPriv.framework/Versions/A/DesktopServicesPriv
0x000000000637b000 	/System/Library/Frameworks/Carbon.framework/Versions/A/Frameworks/HIToolbox.framework/Versions/A/HIToolbox
0x000000000637b000 	/System/Library/Frameworks/QuartzCore.framework/Versions/A/QuartzCore
0x000000000637b000 	/System/Library/Frameworks/Carbon.framework/Versions/A/Frameworks/SpeechRecognition.framework/Versions/A/SpeechRecognition
0x000000000637b000 	/usr/lib/libauto.dylib
0x000000000637b000 	/usr/lib/libicucore.A.dylib
0x000000000637b000 	/usr/lib/libxml2.2.dylib
0x000000000637b000 	/System/Library/PrivateFrameworks/CoreUI.framework/Versions/A/CoreUI
0x000000000637b000 	/System/Library/Frameworks/CoreAudio.framework/Versions/A/CoreAudio
0x000000000637b000 	/System/Library/Frameworks/DiskArbitration.framework/Versions/A/DiskArbitration
0x000000000637b000 	/usr/lib/liblangid.dylib
0x000000000637b000 	/System/Library/PrivateFrameworks/MultitouchSupport.framework/Versions/A/MultitouchSupport
0x000000000637b000 	/System/Library/Frameworks/IOKit.framework/Versions/A/IOKit
0x000000000637b000 	/usr/lib/libDiagnosticMessagesClient.dylib
0x000000000637b000 	/System/Library/Frameworks/CoreServices.framework/Versions/A/CoreServices
0x000000000637b000 	/System/Library/PrivateFrameworks/PerformanceAnalysis.framework/Versions/A/PerformanceAnalysis
0x000000000637b000 	/System/Library/PrivateFrameworks/GenerationalStorage.framework/Versions/A/GenerationalStorage
0x000000000637b000 	/System/Library/Frameworks/OpenGL.framework/Versions/A/OpenGL
0x000000000637b000 	/System/Library/PrivateFrameworks/Sharing.framework/Versions/A/Sharing
0x000000000637b000 	/System/Library/Frameworks/ImageIO.framework/Versions/A/ImageIO
0x000000000637b000 	/System/Library/Frameworks/CoreText.framework/Versions/A/CoreText
0x000000000637b000 	/System/Library/Frameworks/CoreGraphics.framework/Versions/A/CoreGraphics
0x000000000637b000 	/System/Library/PrivateFrameworks/Backup.framework/Versions/A/Backup
0x000000000637b000 	/System/Library/Frameworks/CFNetwork.framework/Versions/A/CFNetwork
0x000000000637b000 	/System/Library/Frameworks/SystemConfiguration.framework/Versions/A/SystemConfiguration
0x000000000637b000 	/usr/lib/libCRFSuite.dylib
0x000000000637b000 	/usr/lib/libc++.1.dylib
0x000000000637b000 	/usr/lib/libc++abi.dylib
0x000000000637b000 	/usr/lib/system/libcache.dylib
0x000000000637b000 	/usr/lib/system/libcommonCrypto.dylib
0x000000000637b000 	/usr/lib/system/libcompiler_rt.dylib
0x000000000637b000 	/usr/lib/system/libcopyfile.dylib
0x000000000637b000 	/usr/lib/system/libcorecrypto.dylib
0x000000000637b000 	/usr/lib/system/libdispatch.dylib
0x000000000637b000 	/usr/lib/system/libdyld.dylib
0x000000000637b000 	/usr/lib/system/libkeymgr.dylib
0x000000000637b000 	/usr/lib/system/liblaunch.dylib
0x000000000637b000 	/usr/lib/system/libmacho.dylib
0x000000000637b000 	/usr/lib/system/libquarantine.dylib
0x000000000637b000 	/usr/lib/system/libremovefile.dylib
0x000000000637b000 	/usr/lib/system/libsystem_asl.dylib
0x000000000637b000 	/usr/lib/system/libsystem_blocks.dylib
0x000000000637b000 	/usr/lib/system/libsystem_c.dylib
0x000000000637b000 	/usr/lib/system/libsystem_configuration.dylib
0x000000000637b000 	/usr/lib/system/libsystem_dnssd.dylib
0x000000000637b000 	/usr/lib/system/libsystem_info.dylib
0x000000000637b000 	/usr/lib/system/libsystem_kernel.dylib
0x000000000637b000 	/usr/lib/system/libsystem_m.dylib
0x000000000637b000 	/usr/lib/system/libsystem_malloc.dylib
0x000000000637b000 	/usr/lib/system/libsystem_network.dylib
0x000000000637b000 	/usr/lib/system/libsystem_notify.dylib
0x000000000637b000 	/usr/lib/system/libsystem_platform.dylib
0x000000000637b000 	/usr/lib/system/libsystem_pthread.dylib
0x000000000637b000 	/usr/lib/system/libsystem_sandbox.dylib
0x000000000637b000 	/usr/lib/system/libsystem_stats.dylib
0x000000000637b000 	/usr/lib/system/libunc.dylib
0x000000000637b000 	/usr/lib/system/libunwind.dylib
0x000000000637b000 	/usr/lib/system/libxpc.dylib
0x000000000637b000 	/usr/lib/libbsm.0.dylib
0x000000000637b000 	/usr/lib/libsqlite3.dylib
0x000000000637b000 	/usr/lib/libxar.1.dylib
0x000000000637b000 	/usr/lib/libpam.2.dylib
0x000000000637b000 	/usr/lib/libOpenScriptingUtil.dylib
0x000000000637b000 	/usr/lib/libbz2.1.0.dylib
0x000000000637b000 	/System/Library/Frameworks/CoreServices.framework/Versions/A/Frameworks/CarbonCore.framework/Versions/A/CarbonCore
0x000000000637b000 	/System/Library/Frameworks/CoreServices.framework/Versions/A/Frameworks/Metadata.framework/Versions/A/Metadata
0x000000000637b000 	/System/Library/Frameworks/CoreServices.framework/Versions/A/Frameworks/OSServices.framework/Versions/A/OSServices
0x000000000637b000 	/System/Library/Frameworks/CoreServices.framework/Versions/A/Frameworks/SearchKit.framework/Versions/A/SearchKit
0x000000000637b000 	/System/Library/Frameworks/CoreServices.framework/Versions/A/Frameworks/AE.framework/Versions/A/AE
0x000000000637b000 	/System/Library/Frameworks/CoreServices.framework/Versions/A/Frameworks/LaunchServices.framework/Versions/A/LaunchServices
0x000000000637b000 	/System/Library/Frameworks/CoreServices.framework/Versions/A/Frameworks/DictionaryServices.framework/Versions/A/DictionaryServices
0x000000000637b000 	/System/Library/Frameworks/NetFS.framework/Versions/A/NetFS
0x000000000637b000 	/usr/lib/system/libkxld.dylib
0x000000000637b000 	/System/Library/PrivateFrameworks/NetAuth.framework/Versions/A/NetAuth
0x000000000637b000 	/System/Library/PrivateFrameworks/TCC.framework/Versions/A/TCC
0x000000000637b000 	/System/Library/Frameworks/OpenDirectory.framework/Versions/A/Frameworks/CFOpenDirectory.framework/Versions/A/CFOpenDirectory
0x000000000637b000 	/System/Library/Frameworks/ServiceManagement.framework/Versions/A/ServiceManagement
0x000000000637b000 	/usr/lib/libxslt.1.dylib
0x000000000637b000 	/System/Library/Frameworks/Carbon.framework/Versions/A/Frameworks/Ink.framework/Versions/A/Ink
0x000000000637b000 	/System/Library/Frameworks/ApplicationServices.framework/Versions/A/Frameworks/ATS.framework/Versions/A/ATS
0x000000000637b000 	/System/Library/Frameworks/ApplicationServices.framework/Versions/A/Frameworks/ColorSync.framework/Versions/A/ColorSync
0x000000000637b000 	/System/Library/Frameworks/ApplicationServices.framework/Versions/A/Frameworks/HIServices.framework/Versions/A/HIServices
0x000000000637b000 	/System/Library/Frameworks/ApplicationServices.framework/Versions/A/Frameworks/LangAnalysis.framework/Versions/A/LangAnalysis
0x000000000637b000 	/System/Library/Frameworks/ApplicationServices.framework/Versions/A/Frameworks/PrintCore.framework/Versions/A/PrintCore
0x000000000637b000 	/System/Library/Frameworks/ApplicationServices.framework/Versions/A/Frameworks/QD.framework/Versions/A/QD
0x000000000637b000 	/System/Library/Frameworks/ApplicationServices.framework/Versions/A/Frameworks/SpeechSynthesis.framework/Versions/A/SpeechSynthesis
0x000000000637b000 	/System/Library/Frameworks/IOSurface.framework/Versions/A/IOSurface
0x000000000637b000 	/System/Library/Frameworks/Accelerate.framework/Versions/A/Accelerate
0x000000000637b000 	/System/Library/Frameworks/Accelerate.framework/Versions/A/Frameworks/vImage.framework/Versions/A/vImage
0x000000000637b000 	/System/Library/Frameworks/Accelerate.framework/Versions/A/Frameworks/vecLib.framework/Versions/A/vecLib
0x000000000637b000 	/System/Library/Frameworks/Accelerate.framework/Versions/A/Frameworks/vecLib.framework/Versions/A/libvDSP.dylib
0x000000000637b000 	/System/Library/Frameworks/Accelerate.framework/Versions/A/Frameworks/vecLib.framework/Versions/A/libvMisc.dylib
0x000000000637b000 	/System/Library/Frameworks/Accelerate.framework/Versions/A/Frameworks/vecLib.framework/Versions/A/libLAPACK.dylib
0x000000000637b000 	/System/Library/Frameworks/Accelerate.framework/Versions/A/Frameworks/vecLib.framework/Versions/A/libBLAS.dylib
0x000000000637b000 	/System/Library/Frameworks/ApplicationServices.framework/Versions/A/Frameworks/ATS.framework/Versions/A/Resources/libFontParser.dylib
0x000000000637b000 	/System/Library/Frameworks/ApplicationServices.framework/Versions/A/Frameworks/ATS.framework/Versions/A/Resources/libFontRegistry.dylib
0x000000000637b000 	/System/Library/Frameworks/ImageIO.framework/Versions/A/Resources/libJPEG.dylib
0x000000000637b000 	/System/Library/Frameworks/ImageIO.framework/Versions/A/Resources/libTIFF.dylib
0x000000000637b000 	/System/Library/Frameworks/ImageIO.framework/Versions/A/Resources/libPng.dylib
0x000000000637b000 	/System/Library/Frameworks/ImageIO.framework/Versions/A/Resources/libGIF.dylib
0x000000000637b000 	/System/Library/Frameworks/ImageIO.framework/Versions/A/Resources/libJP2.dylib
0x000000000637b000 	/System/Library/Frameworks/ImageIO.framework/Versions/A/Resources/libRadiance.dylib
0x000000000637b000 	/usr/lib/libcups.2.dylib
0x000000000637b000 	/System/Library/Frameworks/Kerberos.framework/Versions/A/Kerberos
0x000000000637b000 	/System/Library/Frameworks/GSS.framework/Versions/A/GSS
0x000000000637b000 	/usr/lib/libresolv.9.dylib
0x000000000637b000 	/usr/lib/libiconv.2.dylib
0x000000000637b000 	/System/Library/PrivateFrameworks/Heimdal.framework/Versions/A/Heimdal
0x000000000637b000 	/System/Library/PrivateFrameworks/TrustEvaluationAgent.framework/Versions/A/TrustEvaluationAgent
0x000000000637b000 	/usr/lib/libheimdal-asn1.dylib
0x000000000637b000 	/System/Library/Frameworks/OpenDirectory.framework/Versions/A/OpenDirectory
0x000000000637b000 	/System/Library/PrivateFrameworks/CommonAuth.framework/Versions/A/CommonAuth
0x000000000637b000 	/System/Library/Frameworks/SecurityFoundation.framework/Versions/A/SecurityFoundation
0x000000000637b000 	/System/Library/PrivateFrameworks/Bom.framework/Versions/A/Bom
0x000000000637b000 	/System/Library/Frameworks/CoreVideo.framework/Versions/A/CoreVideo
0x000000000637b000 	/System/Library/Frameworks/QuartzCore.framework/Versions/A/Frameworks/CoreImage.framework/Versions/A/CoreImage
0x000000000637b000 	/System/Library/Frameworks/QuartzCore.framework/Versions/A/Frameworks/ScalableUserInterface.framework/Versions/A/ScalableUserInterface
0x000000000637b000 	/System/Library/Frameworks/OpenGL.framework/Versions/A/Libraries/libGLU.dylib
0x000000000637b000 	/System/Library/Frameworks/OpenGL.framework/Versions/A/Libraries/libGFXShared.dylib
0x000000000637b000 	/System/Library/Frameworks/OpenGL.framework/Versions/A/Libraries/libGL.dylib
0x000000000637b000 	/System/Library/Frameworks/OpenGL.framework/Versions/A/Libraries/libGLImage.dylib
0x000000000637b000 	/System/Library/Frameworks/OpenGL.framework/Versions/A/Libraries/libCVMSPluginSupport.dylib
0x000000000637b000 	/System/Library/Frameworks/OpenGL.framework/Versions/A/Libraries/libCoreVMClient.dylib
0x000000000637b000 	/System/Library/PrivateFrameworks/FaceCore.framework/Versions/A/FaceCore
0x000000000637b000 	/System/Library/PrivateFrameworks/CrashReporterSupport.framework/Versions/A/CrashReporterSupport
0x000000000637b000 	/System/Library/Frameworks/OpenCL.framework/Versions/A/OpenCL
0x000000000637b000 	/System/Library/PrivateFrameworks/AppleFSCompression.framework/Versions/A/AppleFSCompression
0x000000000637b000 	/System/Library/PrivateFrameworks/Ubiquity.framework/Versions/A/Ubiquity
0x000000000637b000 	/System/Library/PrivateFrameworks/IconServices.framework/Versions/A/IconServices
0x000000000637b000 	/System/Library/PrivateFrameworks/ChunkingLibrary.framework/Versions/A/ChunkingLibrary
0x000000000637b000 	/System/Library/PrivateFrameworks/CoreSymbolication.framework/Versions/A/CoreSymbolication
0x000000000637b000 	/System/Library/PrivateFrameworks/Symbolication.framework/Versions/A/Symbolication
0x000000000637b000 	/System/Library/PrivateFrameworks/DebugSymbols.framework/Versions/A/DebugSymbols
0x000000010c000000 	/Library/Java/JavaVirtualMachines/jdk1.8.0_77.jdk/Contents/Home/jre/lib/server/libjvm.dylib
0x000000000637b000 	/usr/lib/libstdc++.6.dylib
0x000000010b7ac000 	/Library/Java/JavaVirtualMachines/jdk1.8.0_77.jdk/Contents/Home/jre/lib/libverify.dylib
0x000000010b7ba000 	/Library/Java/JavaVirtualMachines/jdk1.8.0_77.jdk/Contents/Home/jre/lib/libjava.dylib
0x000000010cf8f000 	/Library/Java/JavaVirtualMachines/jdk1.8.0_77.jdk/Contents/Home/jre/lib/libzip.dylib
0x0000000120aa6000 	/System/Library/Frameworks/JavaVM.framework/Frameworks/JavaRuntimeSupport.framework/JavaRuntimeSupport
0x0000000120abe000 	/System/Library/Frameworks/JavaVM.framework/Versions/A/Frameworks/JavaNativeFoundation.framework/Versions/A/JavaNativeFoundation
0x0000000120ad3000 	/System/Library/Frameworks/JavaVM.framework/Versions/A/JavaVM
0x000000000637b000 	/System/Library/Frameworks/Carbon.framework/Versions/A/Carbon
0x0000000120ae0000 	/System/Library/PrivateFrameworks/JavaLaunching.framework/Versions/A/JavaLaunching
0x000000000637b000 	/System/Library/Frameworks/Carbon.framework/Versions/A/Frameworks/CommonPanels.framework/Versions/A/CommonPanels
0x000000000637b000 	/System/Library/Frameworks/Carbon.framework/Versions/A/Frameworks/Help.framework/Versions/A/Help
0x000000000637b000 	/System/Library/Frameworks/Carbon.framework/Versions/A/Frameworks/ImageCapture.framework/Versions/A/ImageCapture
0x000000000637b000 	/System/Library/Frameworks/Carbon.framework/Versions/A/Frameworks/OpenScripting.framework/Versions/A/OpenScripting
0x000000000637b000 	/System/Library/Frameworks/Carbon.framework/Versions/A/Frameworks/Print.framework/Versions/A/Print
0x000000000637b000 	/System/Library/Frameworks/Carbon.framework/Versions/A/Frameworks/SecurityHI.framework/Versions/A/SecurityHI
0x000000012124c000 	/Library/Java/JavaVirtualMachines/jdk1.8.0_77.jdk/Contents/Home/jre/lib/libawt.dylib
0x00000001212f4000 	/Library/Java/JavaVirtualMachines/jdk1.8.0_77.jdk/Contents/Home/jre/lib/./libmlib_image.dylib
0x00000001213c0000 	/Library/Java/JavaVirtualMachines/jdk1.8.0_77.jdk/Contents/Home/jre/lib/libawt_lwawt.dylib
0x0000000121475000 	/Library/Java/JavaVirtualMachines/jdk1.8.0_77.jdk/Contents/Home/jre/lib/./libosxapp.dylib
0x000000000637b000 	/System/Library/Frameworks/ExceptionHandling.framework/Versions/A/ExceptionHandling
0x000000000637b000 	/System/Library/PrivateFrameworks/CoreServicesInternal.framework/Versions/A/CoreServicesInternal
0x000000000637b000 	/System/Library/PrivateFrameworks/Librarian.framework/Versions/A/Librarian
0x000000000637b000 	/System/Library/Frameworks/CoreGraphics.framework/Versions/A/Resources/libCGCMS.A.dylib
0x000000000637b000 	/System/Library/Frameworks/CoreGraphics.framework/Versions/A/Resources/libRIP.A.dylib
0x000000000637b000 	/System/Library/Frameworks/CoreGraphics.framework/Versions/A/Resources/libCGXType.A.dylib
0x000000000637b000 	/System/Library/PrivateFrameworks/FamilyControls.framework/Versions/A/FamilyControls
0x000000000637b000 	/System/Library/PrivateFrameworks/CommerceKit.framework/Versions/A/Frameworks/CommerceCore.framework/Versions/A/CommerceCore
0x000000000637b000 	/System/Library/PrivateFrameworks/SystemAdministration.framework/Versions/A/SystemAdministration
0x000000000637b000 	/System/Library/Frameworks/DirectoryService.framework/Versions/A/DirectoryService
0x000000000637b000 	/System/Library/PrivateFrameworks/DiskImages.framework/Versions/A/DiskImages
0x000000000637b000 	/System/Library/PrivateFrameworks/LoginUIKit.framework/Versions/A/Frameworks/LoginUICore.framework/Versions/A/LoginUICore
0x000000000637b000 	/usr/lib/libCoreStorage.dylib
0x000000000637b000 	/usr/lib/libcsfde.dylib
0x000000000637b000 	/usr/lib/libodfde.dylib
0x000000000637b000 	/System/Library/Frameworks/DiscRecording.framework/Versions/A/DiscRecording
0x000000000637b000 	/usr/lib/libcurl.4.dylib
0x000000000637b000 	/System/Library/PrivateFrameworks/MediaKit.framework/Versions/A/MediaKit
0x000000000637b000 	/System/Library/PrivateFrameworks/EFILogin.framework/Versions/A/EFILogin
0x000000000637b000 	/usr/lib/libutil.dylib
0x000000000637b000 	/System/Library/PrivateFrameworks/AOSNotification.framework/Versions/A/AOSNotification
0x000000000637b000 	/System/Library/Frameworks/LDAP.framework/Versions/A/LDAP
0x000000000637b000 	/usr/lib/libsasl2.2.dylib
0x000000000637b000 	/usr/lib/libcrypto.0.9.8.dylib
0x000000000637b000 	/usr/lib/libssl.0.9.8.dylib
0x000000000637b000 	/System/Library/Frameworks/OpenGL.framework/Versions/A/Resources/GLEngine.bundle/GLEngine
0x000000000637b000 	/System/Library/Frameworks/OpenGL.framework/Versions/A/Libraries/libGLProgrammability.dylib
0x000000012570b000 	/System/Library/Extensions/AppleIntelHD5000GraphicsGLDriver.bundle/Contents/MacOS/AppleIntelHD5000GraphicsGLDriver
0x000000000637b000 	/System/Library/PrivateFrameworks/IOAccelerator.framework/Versions/A/IOAccelerator
0x000000000637b000 	/System/Library/PrivateFrameworks/GPUSupport.framework/Versions/A/Libraries/libGPUSupportMercury.dylib
0x000000000637b000 	/System/Library/Frameworks/OpenGL.framework/Versions/A/Resources/GLRendererFloat.bundle/GLRendererFloat
0x000000000637b000 	/System/Library/Frameworks/OpenCL.framework/Versions/A/Libraries/libcldcpuengine.dylib
0x0000000126a68000 	/Library/Java/JavaVirtualMachines/jdk1.8.0_77.jdk/Contents/Home/jre/lib/libfontmanager.dylib
0x000000012825e000 	/Library/Java/JavaVirtualMachines/jdk1.8.0_77.jdk/Contents/Home/jre/lib/libosxui.dylib
0x000000012833e000 	/Library/Java/JavaVirtualMachines/jdk1.8.0_77.jdk/Contents/Home/jre/lib/libnet.dylib
0x0000000128355000 	/Library/Java/JavaVirtualMachines/jdk1.8.0_77.jdk/Contents/Home/jre/lib/libnio.dylib
0x000000000637b000 	/System/Library/Frameworks/ApplicationServices.framework/Versions/A/Frameworks/ATS.framework/Versions/A/Resources/libTrueTypeScaler.dylib
0x0000000178cf9000 	/private/var/folders/vm/c6ql63410d962mlmgt4yhc5h0000gn/T/jogamp_0000/file_cache/jln333525782433621372/jln1357247256486061017/libgluegen-rt.jnilib
0x0000000127ae6000 	/private/var/folders/vm/c6ql63410d962mlmgt4yhc5h0000gn/T/jogamp_0000/file_cache/jln333525782433621372/jln1357247256486061017/libnativewindow_awt.jnilib
0x00000001282e7000 	/Library/Java/JavaVirtualMachines/jdk1.8.0_77.jdk/Contents/Home/jre/lib/libjawt.dylib
0x0000000178ecd000 	/private/var/folders/vm/c6ql63410d962mlmgt4yhc5h0000gn/T/jogamp_0000/file_cache/jln333525782433621372/jln1357247256486061017/libnativewindow_macosx.jnilib
0x000000017a68c000 	/private/var/folders/vm/c6ql63410d962mlmgt4yhc5h0000gn/T/jogamp_0000/file_cache/jln333525782433621372/jln1357247256486061017/libjogl_desktop.jnilib
0x000000017d78e000 	/Library/Java/JavaVirtualMachines/jdk1.8.0_77.jdk/Contents/Home/jre/lib/libt2k.dylib

VM Arguments:
jvm_args: -Djava.security.policy=java.policy.applet -Dfile.encoding=UTF-8 
java_command: sun.applet.AppletViewer module5.EarthquakeCityMap1463875100418.html
java_class_path (initial): /Users/xingdu/Documents/workspace/UCSDUnfoldingMaps/build:/Users/xingdu/Documents/workspace/UCSDUnfoldingMaps/lib/core.jar:/Users/xingdu/Documents/workspace/UCSDUnfoldingMaps/lib/gluegen-rt.jar:/Users/xingdu/Documents/workspace/UCSDUnfoldingMaps/lib/jogl-all.jar:/Users/xingdu/Documents/workspace/UCSDUnfoldingMaps/lib/log4j-1.2.15.jar:/Users/xingdu/Documents/workspace/UCSDUnfoldingMaps/lib/sqlite-jdbc-3.7.2.jar:/Users/xingdu/Documents/workspace/UCSDUnfoldingMaps/lib/json4processing.jar:/Users/xingdu/Documents/workspace/UCSDUnfoldingMaps/lib/libTUIO.jar:/Users/xingdu/Documents/workspace/UCSDUnfoldingMaps/lib/unfolding.0.9.7-uscd.jar
Launcher Type: SUN_STANDARD

Environment Variables:
PATH=/usr/bin:/bin:/usr/sbin:/sbin
SHELL=/bin/bash

Signal Handlers:
SIGSEGV: [libjvm.dylib+0x5a6855], sa_mask[0]=11111111011111110111111111111111, sa_flags=SA_ONSTACK|SA_RESTART|SA_SIGINFO
SIGBUS: [libjvm.dylib+0x5a6855], sa_mask[0]=11111111011111110111111111111111, sa_flags=SA_RESTART|SA_SIGINFO
SIGFPE: [libjvm.dylib+0x4804ec], sa_mask[0]=11111111011111110111111111111111, sa_flags=SA_RESTART|SA_SIGINFO
SIGPIPE: [libjvm.dylib+0x4804ec], sa_mask[0]=11111111011111110111111111111111, sa_flags=SA_RESTART|SA_SIGINFO
SIGXFSZ: [libjvm.dylib+0x4804ec], sa_mask[0]=11111111011111110111111111111111, sa_flags=SA_RESTART|SA_SIGINFO
SIGILL: [libjvm.dylib+0x4804ec], sa_mask[0]=11111111011111110111111111111111, sa_flags=SA_RESTART|SA_SIGINFO
SIGUSR1: SIG_DFL, sa_mask[0]=00000000000000000000000000000000, sa_flags=SA_RESTART
SIGUSR2: [libjvm.dylib+0x48000a], sa_mask[0]=00100000000000000000000000000000, sa_flags=SA_RESTART|SA_SIGINFO
SIGHUP: [libjvm.dylib+0x47e5e1], sa_mask[0]=11111111011111110111111111111111, sa_flags=SA_RESTART|SA_SIGINFO
SIGINT: [libjvm.dylib+0x47e5e1], sa_mask[0]=11111111011111110111111111111111, sa_flags=SA_RESTART|SA_SIGINFO
SIGTERM: [libjvm.dylib+0x47e5e1], sa_mask[0]=11111111011111110111111111111111, sa_flags=SA_RESTART|SA_SIGINFO
SIGQUIT: [libjvm.dylib+0x47e5e1], sa_mask[0]=11111111011111110111111111111111, sa_flags=SA_RESTART|SA_SIGINFO


---------------  S Y S T E M  ---------------

OS:Bsduname:Darwin 13.4.0 Darwin Kernel Version 13.4.0: Wed Mar 18 16:20:14 PDT 2015; root:xnu-2422.115.14~1/RELEASE_X86_64 x86_64
rlimit: STACK 8192k, CORE 0k, NPROC 709, NOFILE 10240, AS infinity
load average:1.87 1.68 1.66

CPU:total 4 (2 cores per cpu, 2 threads per core) family 6 model 69 stepping 1, cmov, cx8, fxsr, mmx, sse, sse2, sse3, ssse3, sse4.1, sse4.2, popcnt, avx, avx2, aes, clmul, erms, lzcnt, ht, tsc, tscinvbit, bmi1, bmi2

Memory: 4k page, physical 4194304k(123456k free)

/proc/meminfo:


vm_info: Java HotSpot(TM) 64-Bit Server VM (25.77-b03) for bsd-amd64 JRE (1.8.0_77-b03), built on Mar 20 2016 22:14:03 by "java_re" with gcc 4.2.1 (Based on Apple Inc. build 5658) (LLVM build 2336.11.00)

time: Sat May 21 19:59:18 2016
elapsed time: 58 seconds (0d 0h 0m 58s)

