#
# A fatal error has been detected by the Java Runtime Environment:
#
#  SIGSEGV (0xb) at pc=0x00007fff89bb8097, pid=14249, tid=3335
#
# JRE version: Java(TM) SE Runtime Environment (8.0_77-b03) (build 1.8.0_77-b03)
# Java VM: Java HotSpot(TM) 64-Bit Server VM (25.77-b03 mixed mode bsd-amd64 compressed oops)
# Problematic frame:
# C  [libobjc.A.dylib+0x5097]  objc_msgSend+0x17
#
# Failed to write core dump. Core dumps have been disabled. To enable core dumping, try "ulimit -c unlimited" before starting Java again
#
# If you would like to submit a bug report, please visit:
#   http://bugreport.java.com/bugreport/crash.jsp
# The crash happened outside the Java Virtual Machine in native code.
# See problematic frame for where to report the bug.
#

---------------  T H R E A D  ---------------

Current thread (0x00007fba78904000):  JavaThread "AWT-AppKit" daemon [_thread_in_native, id=3335, stack(0x00007fff591bc000,0x00007fff599bc000)]

siginfo: si_signo: 11 (SIGSEGV), si_code: 0 (unknown), si_addr: 0x0000000000000000

Registers:
RAX=0x00007fba7d6ac690, RBX=0x00000001739c7450, RCX=0x0000000121885f20, RDX=0x00000001225f0960
RSP=0x00007fff599b72c8, RBP=0x00007fff599b7380, RSI=0x00007fff9350c4c6, RDI=0x00007fba7d46cf80
R8 =0x0000000000000000, R9 =0x00000000000006d0, R10=0x00007fff9350c4c6, R11=0x900007fba784487e
R12=0x0000000000000000, R13=0x0000000175480f80, R14=0x00000001739c7440, R15=0x00007fba78904000
RIP=0x00007fff89bb8097, EFLAGS=0x0000000000010246, ERR=0x0000000000000000
  TRAPNO=0x000000000000000d

Top of Stack: (sp=0x00007fff599b72c8)
0x00007fff599b72c8:   00000001739c5157 00007fff599b7320
0x00007fff599b72d8:   0000000000000003 00007fff599b7300
0x00007fff599b72e8:   0000000106df0b02 0000000175480f80
0x00007fff599b72f8:   0000000175480f80 00007fba7d6ac690
0x00007fff599b7308:   00000001739c76a0 00000001739c7710
0x00007fff599b7318:   00007fff77a31fb0 00007fff7646c420
0x00007fff599b7328:   00000001739c7450 00000001739c7690
0x00007fff599b7338:   00007fba7d6ac690 00007fba7d46cf80
0x00007fff599b7348:   00007fba78434a40 00007fba7d6ac690
0x00007fff599b7358:   00007fba7d46cf80 00007fff599b7408
0x00007fff599b7368:   00007fba789041f8 0000000175480f80
0x00007fff599b7378:   00007fff599b7430 00007fff599b73f8
0x00007fff599b7388:   0000000107ca7954 0000000175480f80
0x00007fff599b7398:   00007fff599b7430 00007fff599b73f8
0x00007fff599b73a8:   0000000107ca76e7 0000000107ca76a2
0x00007fff599b73b8:   00007fff599b73b8 0000000175480f80
0x00007fff599b73c8:   00007fff599b7430 0000000174f97750
0x00007fff599b73d8:   0000000000000000 0000000175480f80
0x00007fff599b73e8:   0000000000000000 00007fff599b7418
0x00007fff599b73f8:   00007fff599b7478 0000000107c99c4d
0x00007fff599b7408:   0000000780c26ff0 0000000107ca1578
0x00007fff599b7418:   00007fba7d6ac690 00007fff599b7478
0x00007fff599b7428:   00007fba7d46cf80 0000000107ca2d82
0x00007fff599b7438:   00007fff599b7438 000000017548114a
0x00007fff599b7448:   00007fff599b74a0 0000000174f97750
0x00007fff599b7458:   0000000000000000 0000000175481158
0x00007fff599b7468:   00007fff599b7418 00007fff599b7488
0x00007fff599b7478:   00007fff599b74e8 0000000107c99c4d
0x00007fff599b7488:   00007fba7d6ac690 0000000780c220f0
0x00007fff599b7498:   00007fba7d46cf80 0000000780c220f0
0x00007fff599b74a8:   00007fff599b74a8 000000017c8db0ce
0x00007fff599b74b8:   00007fff599b74f8 000000017c8db188 

Instructions: (pc=0x00007fff89bb8097)
0x00007fff89bb8077:   90 90 90 90 90 90 90 90 90 48 85 ff 2e 74 72 40
0x00007fff89bb8087:   f6 c7 01 2e 0f 85 7e 00 00 00 4c 8b 1f 49 89 f2
0x00007fff89bb8097:   45 23 53 18 49 c1 e2 04 4d 03 53 10 49 3b 32 75
0x00007fff89bb80a7:   04 41 ff 62 08 49 83 3a 00 74 74 4d 3b 53 10 74 

Register to memory mapping:

RAX=0x00007fba7d6ac690 is an unknown value
RBX=0x00000001739c7450: Java_jogamp_nativewindow_macosx_OSXUtil_GetScreenRefreshRate0+0x1cf0 in /private/var/folders/vm/c6ql63410d962mlmgt4yhc5h0000gn/T/jogamp_0000/file_cache/jln1371931313070670807/jln3848100020707706445/libnativewindow_macosx.jnilib at 0x00000001739c0000
RCX=0x0000000121885f20 is an unknown value
RDX=0x00000001225f0960 is an unknown value
RSP=0x00007fff599b72c8 is pointing into the stack for thread: 0x00007fba78904000
RBP=0x00007fff599b7380 is pointing into the stack for thread: 0x00007fba78904000
RSI=0x00007fff9350c4c6: NSAppKitVersionNumber+0x12eb6 in /System/Library/Frameworks/AppKit.framework/Versions/C/AppKit at 0x00007fff92aa9000
RDI=0x00007fba7d46cf80 is an unknown value
R8 =0x0000000000000000 is an unknown value
R9 =0x00000000000006d0 is an unknown value
R10=0x00007fff9350c4c6: NSAppKitVersionNumber+0x12eb6 in /System/Library/Frameworks/AppKit.framework/Versions/C/AppKit at 0x00007fff92aa9000
R11=0x900007fba784487e is an unknown value
R12=0x0000000000000000 is an unknown value
R13={method} {0x0000000175480f80} 'UnsetJAWTRootSurfaceLayer0' '(JJ)V' in 'jogamp/nativewindow/jawt/macosx/MacOSXJAWTWindow'
R14=0x00000001739c7440: Java_jogamp_nativewindow_macosx_OSXUtil_GetScreenRefreshRate0+0x1ce0 in /private/var/folders/vm/c6ql63410d962mlmgt4yhc5h0000gn/T/jogamp_0000/file_cache/jln1371931313070670807/jln3848100020707706445/libnativewindow_macosx.jnilib at 0x00000001739c0000
R15=0x00007fba78904000 is a thread


Stack: [0x00007fff591bc000,0x00007fff599bc000],  sp=0x00007fff599b72c8,  free space=8172k
Native frames: (J=compiled Java code, j=interpreted, Vv=VM code, C=native code)
C  [libobjc.A.dylib+0x5097]  objc_msgSend+0x17
j  jogamp.nativewindow.jawt.macosx.MacOSXJAWTWindow.UnsetJAWTRootSurfaceLayer0(JJ)V+0
j  jogamp.nativewindow.jawt.macosx.MacOSXJAWTWindow.access$200(JJ)V+2
j  jogamp.nativewindow.jawt.macosx.MacOSXJAWTWindow$1.run()V+38
J 2547 C1 com.jogamp.common.util.RunnableTask.run()V (345 bytes) @ 0x0000000108492f14 [0x0000000108492d80+0x194]
v  ~StubRoutines::call_stub
V  [libjvm.dylib+0x2ea39e]  JavaCalls::call_helper(JavaValue*, methodHandle*, JavaCallArguments*, Thread*)+0x6ae
V  [libjvm.dylib+0x3214a7]  jni_invoke_nonstatic(JNIEnv_*, JavaValue*, _jobject*, JNICallType, _jmethodID*, JNI_ArgumentPusher*, Thread*)+0x2ec
V  [libjvm.dylib+0x313c7b]  jni_CallVoidMethod+0x16b
C  [libnativewindow_macosx.jnilib+0x5326]  Java_jogamp_nativewindow_jawt_macosx_MacOSXJAWTWindow_UnsetJAWTRootSurfaceLayer0+0x2b6
C  [Foundation+0x6375e]  __NSThreadPerformPerform+0xe5
C  [CoreFoundation+0x7f5b1]  __CFRUNLOOP_IS_CALLING_OUT_TO_A_SOURCE0_PERFORM_FUNCTION__+0x11
C  [CoreFoundation+0x70d29]  __CFRunLoopDoSources0+0x1b9
C  [CoreFoundation+0x703ef]  __CFRunLoopRun+0x33f
C  [CoreFoundation+0x6fe75]  CFRunLoopRunSpecific+0x135
C  [HIToolbox+0x2ea0d]  RunCurrentEventLoopInMode+0xe2
C  [HIToolbox+0x2e685]  ReceiveNextEventCommon+0xad
C  [HIToolbox+0x2e5bc]  _BlockUntilNextEventMatchingListInModeWithFilter+0x41
C  [AppKit+0x2424e]  _DPSNextEvent+0x59a
C  [AppKit+0x2389b]  -[NSApplication nextEventMatchingMask:untilDate:inMode:dequeue:]+0x7a
C  [libosxapp.dylib+0x23aa]  -[NSApplicationAWT nextEventMatchingMask:untilDate:inMode:dequeue:]+0x7c
C  [AppKit+0x1799c]  -[NSApplication run]+0x229
C  [libosxapp.dylib+0x214d]  +[NSApplicationAWT runAWTLoopWithApp:]+0x9c
C  [libawt_lwawt.dylib+0x4455b]  -[AWTStarter starter:]+0x389
C  [Foundation+0x6375e]  __NSThreadPerformPerform+0xe5
C  [CoreFoundation+0x7f5b1]  __CFRUNLOOP_IS_CALLING_OUT_TO_A_SOURCE0_PERFORM_FUNCTION__+0x11
C  [CoreFoundation+0x70c62]  __CFRunLoopDoSources0+0xf2
C  [CoreFoundation+0x703ef]  __CFRunLoopRun+0x33f
C  [CoreFoundation+0x6fe75]  CFRunLoopRunSpecific+0x135
C  [java+0x6463]  CreateExecutionEnvironment+0x367
C  [java+0x21ac]  JLI_Launch+0x7a0
C  [java+0x84c0]  main+0x65
C  [java+0x1a04]  start+0x34
C  0x0000000000000007

Java frames: (J=compiled Java code, j=interpreted, Vv=VM code)
j  jogamp.nativewindow.jawt.macosx.MacOSXJAWTWindow.UnsetJAWTRootSurfaceLayer0(JJ)V+0
j  jogamp.nativewindow.jawt.macosx.MacOSXJAWTWindow.access$200(JJ)V+2
j  jogamp.nativewindow.jawt.macosx.MacOSXJAWTWindow$1.run()V+38
J 2547 C1 com.jogamp.common.util.RunnableTask.run()V (345 bytes) @ 0x0000000108492f14 [0x0000000108492d80+0x194]
v  ~StubRoutines::call_stub

---------------  P R O C E S S  ---------------

Java Threads: ( => current thread )
  0x00007fba79d7a000 JavaThread "Thread-19" [_thread_blocked, id=55431, stack(0x000000017a1d6000,0x000000017a2d6000)]
  0x00007fba7a058800 JavaThread "AWT-EventQueue-1" [_thread_in_native, id=57103, stack(0x0000000173f02000,0x0000000174002000)]
  0x00007fba79805000 JavaThread "DestroyJavaVM" [_thread_blocked, id=6915, stack(0x0000000107b90000,0x0000000107c90000)]
  0x00007fba798bb800 JavaThread "AWT-EventQueue-0" [_thread_blocked, id=54023, stack(0x00000001229dc000,0x0000000122adc000)]
  0x00007fba79155000 JavaThread "Java2D Disposer" daemon [_thread_blocked, id=48947, stack(0x0000000121616000,0x0000000121716000)]
  0x00007fba7914b000 JavaThread "Java2D Queue Flusher" daemon [_thread_blocked, id=47623, stack(0x00000001202b9000,0x00000001203b9000)]
  0x00007fba79132800 JavaThread "AWT-Shutdown" [_thread_blocked, id=28939, stack(0x000000011d908000,0x000000011da08000)]
=>0x00007fba78904000 JavaThread "AWT-AppKit" daemon [_thread_in_native, id=3335, stack(0x00007fff591bc000,0x00007fff599bc000)]
  0x00007fba78807800 JavaThread "Service Thread" daemon [_thread_blocked, id=19971, stack(0x000000011bcb0000,0x000000011bdb0000)]
  0x00007fba79031000 JavaThread "C1 CompilerThread2" daemon [_thread_blocked, id=19459, stack(0x000000011bbad000,0x000000011bcad000)]
  0x00007fba79030000 JavaThread "C2 CompilerThread1" daemon [_thread_blocked, id=18947, stack(0x000000011baaa000,0x000000011bbaa000)]
  0x00007fba79803000 JavaThread "C2 CompilerThread0" daemon [_thread_blocked, id=18435, stack(0x000000011b9a7000,0x000000011baa7000)]
  0x00007fba79052800 JavaThread "Signal Dispatcher" daemon [_thread_blocked, id=17923, stack(0x000000011b8a4000,0x000000011b9a4000)]
  0x00007fba79041800 JavaThread "Finalizer" daemon [_thread_blocked, id=13059, stack(0x000000011b662000,0x000000011b762000)]
  0x00007fba79001800 JavaThread "Reference Handler" daemon [_thread_blocked, id=12547, stack(0x000000011b55f000,0x000000011b65f000)]

Other Threads:
  0x00007fba78809800 VMThread [stack: 0x000000011b45c000,0x000000011b55c000] [id=12035]
  0x00007fba7981a800 WatcherThread [stack: 0x000000011bdb3000,0x000000011beb3000] [id=20483]

VM state:not at safepoint (normal execution)

VM Mutex/Monitor currently owned by a thread: None

Heap:
 PSYoungGen      total 49152K, used 41568K [0x00000007aab00000, 0x00000007ae880000, 0x00000007c0000000)
  eden space 41472K, 100% used [0x00000007aab00000,0x00000007ad380000,0x00000007ad380000)
  from space 7680K, 1% used [0x00000007ae100000,0x00000007ae118000,0x00000007ae880000)
  to   space 10752K, 0% used [0x00000007ad380000,0x00000007ad380000,0x00000007ade00000)
 ParOldGen       total 45568K, used 17219K [0x0000000780000000, 0x0000000782c80000, 0x00000007aab00000)
  object space 45568K, 37% used [0x0000000780000000,0x00000007810d0d68,0x0000000782c80000)
 Metaspace       used 21183K, capacity 21407K, committed 21808K, reserved 1069056K
  class space    used 2041K, capacity 2112K, committed 2176K, reserved 1048576K

Card table byte_map: [0x0000000117052000,0x0000000117253000] byte_map_base: 0x0000000113452000

Marking Bits: (ParMarkBitMap*) 0x00000001074e3ea0
 Begin Bits: [0x00000001177b5000, 0x00000001187b5000)
 End Bits:   [0x00000001187b5000, 0x00000001197b5000)

Polling page: 0x000000010639c000

CodeCache: size=245760Kb used=9628Kb max_used=9940Kb free=236131Kb
 bounds [0x0000000107c92000, 0x0000000108662000, 0x0000000116c92000]
 total_blobs=3595 nmethods=2706 adapters=802
 compilation: enabled

Compilation events (10 events):
Event: 33.331 Thread 0x00007fba79031000 2987       1       sun.java2d.SurfaceData::isValid (5 bytes)
Event: 33.331 Thread 0x00007fba79031000 nmethod 2987 0x00000001082a97d0 code [0x00000001082a9920, 0x00000001082a9a30]
Event: 33.335 Thread 0x00007fba79031000 2988       3       java.util.LinkedHashMap::afterNodeRemoval (65 bytes)
Event: 33.336 Thread 0x00007fba79031000 nmethod 2988 0x00000001082b44d0 code [0x00000001082b4640, 0x00000001082b49f0]
Event: 33.336 Thread 0x00007fba79031000 2989       3       sun.misc.JarIndex::get (49 bytes)
Event: 33.337 Thread 0x00007fba79031000 nmethod 2989 0x0000000108291190 code [0x0000000108291360, 0x0000000108291bd8]
Event: 33.338 Thread 0x00007fba79031000 2990       3       java.awt.Toolkit::notifyAWTEventListeners (36 bytes)
Event: 33.338 Thread 0x00007fba79031000 

Event: 33.339 Thread 0x00007fba79031000 2991   !   3       java.awt.KeyboardFocusManager::retargetFocusEvent (244 bytes)
Event: 33.341 Thread 0x00007fba79031000 nmethod 2991 0x000000010815f650 code [0x000000010815fae0, 0x0000000108162a78]

GC Heap History (10 events):
Event: 14.210 GC heap before
{Heap before GC invocations=9 (full 1):
 PSYoungGen      total 35840K, used 3648K [0x00000007aab00000, 0x00000007af880000, 0x00000007c0000000)
  eden space 31744K, 0% used [0x00000007aab00000,0x00000007aab00000,0x00000007aca00000)
  from space 4096K, 89% used [0x00000007af480000,0x00000007af8100d0,0x00000007af880000)
  to   space 9728K, 0% used [0x00000007ae580000,0x00000007ae580000,0x00000007aef00000)
 ParOldGen       total 44032K, used 19271K [0x0000000780000000, 0x0000000782b00000, 0x00000007aab00000)
  object space 44032K, 43% used [0x0000000780000000,0x00000007812d1e28,0x0000000782b00000)
 Metaspace       used 20903K, capacity 21087K, committed 21296K, reserved 1069056K
  class space    used 2033K, capacity 2112K, committed 2176K, reserved 1048576K
Event: 14.268 GC heap after
Heap after GC invocations=9 (full 1):
 PSYoungGen      total 35840K, used 0K [0x00000007aab00000, 0x00000007af880000, 0x00000007c0000000)
  eden space 31744K, 0% used [0x00000007aab00000,0x00000007aab00000,0x00000007aca00000)
  from space 4096K, 0% used [0x00000007af480000,0x00000007af480000,0x00000007af880000)
  to   space 9728K, 0% used [0x00000007ae580000,0x00000007ae580000,0x00000007aef00000)
 ParOldGen       total 45568K, used 17131K [0x0000000780000000, 0x0000000782c80000, 0x00000007aab00000)
  object space 45568K, 37% used [0x0000000780000000,0x00000007810bad68,0x0000000782c80000)
 Metaspace       used 20903K, capacity 21087K, committed 21296K, reserved 1069056K
  class space    used 2033K, capacity 2112K, committed 2176K, reserved 1048576K
}
Event: 17.128 GC heap before
{Heap before GC invocations=10 (full 1):
 PSYoungGen      total 35840K, used 31744K [0x00000007aab00000, 0x00000007af880000, 0x00000007c0000000)
  eden space 31744K, 100% used [0x00000007aab00000,0x00000007aca00000,0x00000007aca00000)
  from space 4096K, 0% used [0x00000007af480000,0x00000007af480000,0x00000007af880000)
  to   space 9728K, 0% used [0x00000007ae580000,0x00000007ae580000,0x00000007aef00000)
 ParOldGen       total 45568K, used 17131K [0x0000000780000000, 0x0000000782c80000, 0x00000007aab00000)
  object space 45568K, 37% used [0x0000000780000000,0x00000007810bad68,0x0000000782c80000)
 Metaspace       used 20981K, capacity 21215K, committed 21552K, reserved 1069056K
  class space    used 2033K, capacity 2112K, committed 2176K, reserved 1048576K
Event: 17.130 GC heap after
Heap after GC invocations=10 (full 1):
 PSYoungGen      total 45568K, used 96K [0x00000007aab00000, 0x00000007af500000, 0x00000007c0000000)
  eden space 45056K, 0% used [0x00000007aab00000,0x00000007aab00000,0x00000007ad700000)
  from space 512K, 18% used [0x00000007ae580000,0x00000007ae598000,0x00000007ae600000)
  to   space 10240K, 0% used [0x00000007aeb00000,0x00000007aeb00000,0x00000007af500000)
 ParOldGen       total 45568K, used 17139K [0x0000000780000000, 0x0000000782c80000, 0x00000007aab00000)
  object space 45568K, 37% used [0x0000000780000000,0x00000007810bcd68,0x0000000782c80000)
 Metaspace       used 20981K, capacity 21215K, committed 21552K, reserved 1069056K
  class space    used 2033K, capacity 2112K, committed 2176K, reserved 1048576K
}
Event: 21.262 GC heap before
{Heap before GC invocations=11 (full 1):
 PSYoungGen      total 45568K, used 45152K [0x00000007aab00000, 0x00000007af500000, 0x00000007c0000000)
  eden space 45056K, 100% used [0x00000007aab00000,0x00000007ad700000,0x00000007ad700000)
  from space 512K, 18% used [0x00000007ae580000,0x00000007ae598000,0x00000007ae600000)
  to   space 10240K, 0% used [0x00000007aeb00000,0x00000007aeb00000,0x00000007af500000)
 ParOldGen       total 45568K, used 17139K [0x0000000780000000, 0x0000000782c80000, 0x00000007aab00000)
  object space 45568K, 37% used [0x0000000780000000,0x00000007810bcd68,0x0000000782c80000)
 Metaspace       used 21121K, capacity 21343K, committed 21552K, reserved 1069056K
  class space    used 2033K, capacity 2112K, committed 2176K, reserved 1048576K
Event: 21.263 GC heap after
Heap after GC invocations=11 (full 1):
 PSYoungGen      total 44032K, used 96K [0x00000007aab00000, 0x00000007aeb80000, 0x00000007c0000000)
  eden space 43520K, 0% used [0x00000007aab00000,0x00000007aab00000,0x00000007ad580000)
  from space 512K, 18% used [0x00000007aeb00000,0x00000007aeb18000,0x00000007aeb80000)
  to   space 10240K, 0% used [0x00000007ad780000,0x00000007ad780000,0x00000007ae180000)
 ParOldGen       total 45568K, used 17147K [0x0000000780000000, 0x0000000782c80000, 0x00000007aab00000)
  object space 45568K, 37% used [0x0000000780000000,0x00000007810bed68,0x0000000782c80000)
 Metaspace       used 21121K, capacity 21343K, committed 21552K, reserved 1069056K
  class space    used 2033K, capacity 2112K, committed 2176K, reserved 1048576K
}
Event: 25.397 GC heap before
{Heap before GC invocations=12 (full 1):
 PSYoungGen      total 44032K, used 43616K [0x00000007aab00000, 0x00000007aeb80000, 0x00000007c0000000)
  eden space 43520K, 100% used [0x00000007aab00000,0x00000007ad580000,0x00000007ad580000)
  from space 512K, 18% used [0x00000007aeb00000,0x00000007aeb18000,0x00000007aeb80000)
  to   space 10240K, 0% used [0x00000007ad780000,0x00000007ad780000,0x00000007ae180000)
 ParOldGen       total 45568K, used 17147K [0x0000000780000000, 0x0000000782c80000, 0x00000007aab00000)
  object space 45568K, 37% used [0x0000000780000000,0x00000007810bed68,0x0000000782c80000)
 Metaspace       used 21133K, capacity 21343K, committed 21552K, reserved 1069056K
  class space    used 2033K, capacity 2112K, committed 2176K, reserved 1048576K
Event: 25.400 GC heap after
Heap after GC invocations=12 (full 1):
 PSYoungGen      total 43008K, used 64K [0x00000007aab00000, 0x00000007aeb80000, 0x00000007c0000000)
  eden space 42496K, 0% used [0x00000007aab00000,0x00000007aab00000,0x00000007ad480000)
  from space 512K, 12% used [0x00000007ad780000,0x00000007ad790000,0x00000007ad800000)
  to   space 10752K, 0% used [0x00000007ae100000,0x00000007ae100000,0x00000007aeb80000)
 ParOldGen       total 45568K, used 17187K [0x0000000780000000, 0x0000000782c80000, 0x00000007aab00000)
  object space 45568K, 37% used [0x0000000780000000,0x00000007810c8d68,0x0000000782c80000)
 Metaspace       used 21133K, capacity 21343K, committed 21552K, reserved 1069056K
  class space    used 2033K, capacity 2112K, committed 2176K, reserved 1048576K
}
Event: 29.562 GC heap before
{Heap before GC invocations=13 (full 1):
 PSYoungGen      total 43008K, used 42560K [0x00000007aab00000, 0x00000007aeb80000, 0x00000007c0000000)
  eden space 42496K, 100% used [0x00000007aab00000,0x00000007ad480000,0x00000007ad480000)
  from space 512K, 12% used [0x00000007ad780000,0x00000007ad790000,0x00000007ad800000)
  to   space 10752K, 0% used [0x00000007ae100000,0x00000007ae100000,0x00000007aeb80000)
 ParOldGen       total 45568K, used 17187K [0x0000000780000000, 0x0000000782c80000, 0x00000007aab00000)
  object space 45568K, 37% used [0x0000000780000000,0x00000007810c8d68,0x0000000782c80000)
 Metaspace       used 21134K, capacity 21343K, committed 21552K, reserved 1069056K
  class space    used 2033K, capacity 2112K, committed 2176K, reserved 1048576K
Event: 29.564 GC heap after
Heap after GC invocations=13 (full 1):
 PSYoungGen      total 49152K, used 96K [0x00000007aab00000, 0x00000007ae880000, 0x00000007c0000000)
  eden space 41472K, 0% used [0x00000007aab00000,0x00000007aab00000,0x00000007ad380000)
  from space 7680K, 1% used [0x00000007ae100000,0x00000007ae118000,0x00000007ae880000)
  to   space 10752K, 0% used [0x00000007ad380000,0x00000007ad380000,0x00000007ade00000)
 ParOldGen       total 45568K, used 17219K [0x0000000780000000, 0x0000000782c80000, 0x00000007aab00000)
  object space 45568K, 37% used [0x0000000780000000,0x00000007810d0d68,0x0000000782c80000)
 Metaspace       used 21134K, capacity 21343K, committed 21552K, reserved 1069056K
  class space    used 2033K, capacity 2112K, committed 2176K, reserved 1048576K
}

Deoptimization events (10 events):
Event: 14.547 Thread 0x00007fba7a058800 Uncommon trap: reason=bimorphic action=maybe_recompile pc=0x00000001081ba35c method=module5.CommonMarker.draw(Lprocessing/core/PGraphics;FF)V @ 25
Event: 14.579 Thread 0x00007fba7a058800 Uncommon trap: reason=bimorphic action=maybe_recompile pc=0x00000001081ba35c method=module5.CommonMarker.draw(Lprocessing/core/PGraphics;FF)V @ 25
Event: 14.597 Thread 0x00007fba7a058800 Uncommon trap: reason=bimorphic action=maybe_recompile pc=0x00000001081ba35c method=module5.CommonMarker.draw(Lprocessing/core/PGraphics;FF)V @ 25
Event: 14.614 Thread 0x00007fba7a058800 Uncommon trap: reason=bimorphic action=maybe_recompile pc=0x00000001081ba35c method=module5.CommonMarker.draw(Lprocessing/core/PGraphics;FF)V @ 25
Event: 33.294 Thread 0x00007fba790c2800 Uncommon trap: reason=unstable_if action=reinterpret pc=0x000000010864d1d4 method=java.awt.EventQueue.getPriority(Ljava/awt/AWTEvent;)I @ 22
Event: 33.295 Thread 0x00007fba7a058800 Uncommon trap: reason=unstable_if action=reinterpret pc=0x00000001083860e8 method=com.jogamp.common.util.VersionNumber.compareTo(Lcom/jogamp/common/util/VersionNumber;)I @ 21
Event: 33.299 Thread 0x00007fba798bb800 Uncommon trap: reason=unstable_if action=reinterpret pc=0x00000001083ae5d4 method=java.awt.Font.equals(Ljava/lang/Object;)Z @ 2
Event: 33.327 Thread 0x00007fba798a4000 Uncommon trap: reason=unstable_if action=reinterpret pc=0x0000000108215144 method=java.util.HashMap.putVal(ILjava/lang/Object;Ljava/lang/Object;ZZ)Ljava/lang/Object; @ 81
Event: 33.327 Thread 0x00007fba798a4000 Uncommon trap: reason=unstable_if action=reinterpret pc=0x0000000108167694 method=java.util.HashMap.putVal(ILjava/lang/Object;Ljava/lang/Object;ZZ)Ljava/lang/Object; @ 81
Event: 33.338 Thread 0x00007fba79d7a000 Uncommon trap: reason=predicate action=maybe_recompile pc=0x0000000108403bbc method=java.util.Vector.indexOf(Ljava/lang/Object;I)I @ 44

Internal exceptions (10 events):
Event: 0.531 Thread 0x00007fba79805000 Exception <a 'java/lang/NoSuchFieldError': method resolution failed> (0x00000007aad02480) thrown at [/Users/java_re/workspace/8-2-build-macosx-x86_64/jdk8u77/6540/hotspot/src/share/vm/prims/methodHandles.cpp, line 1146]
Event: 0.537 Thread 0x00007fba79805000 Exception <a 'java/lang/NoSuchFieldError': method resolution failed> (0x00000007aad0fc50) thrown at [/Users/java_re/workspace/8-2-build-macosx-x86_64/jdk8u77/6540/hotspot/src/share/vm/prims/methodHandles.cpp, line 1146]
Event: 0.883 Thread 0x00007fba79805000 Exception <a 'java/io/FileNotFoundException'> (0x00000007aad8b818) thrown at [/Users/java_re/workspace/8-2-build-macosx-x86_64/jdk8u77/6540/hotspot/src/share/vm/prims/jni.cpp, line 709]
Event: 0.883 Thread 0x00007fba79805000 Exception <a 'java/io/FileNotFoundException'> (0x00000007aad8c360) thrown at [/Users/java_re/workspace/8-2-build-macosx-x86_64/jdk8u77/6540/hotspot/src/share/vm/prims/jni.cpp, line 709]
Event: 1.189 Thread 0x00007fba79805000 Exception <a 'java/io/FileNotFoundException'> (0x00000007aae76e78) thrown at [/Users/java_re/workspace/8-2-build-macosx-x86_64/jdk8u77/6540/hotspot/src/share/vm/prims/jni.cpp, line 709]
Event: 5.979 Thread 0x00007fba79041800 Exception <a 'java/lang/NullPointerException'> (0x00000007aab8ac68) thrown at [/Users/java_re/workspace/8-2-build-macosx-x86_64/jdk8u77/6540/hotspot/src/share/vm/interpreter/linkResolver.cpp, line 1178]
Event: 6.148 Thread 0x00007fba790c2800 Exception <a 'java/lang/UnsatisfiedLinkError': com.jogamp.common.util.JarUtil.fixNativeLibAttribs(Ljava/lang/String;)Z> (0x00000007ab04d4e0) thrown at [/Users/java_re/workspace/8-2-build-macosx-x86_64/jdk8u77/6540/hotspot/src/share/vm/prims/nativeLookup.c
Event: 7.220 Thread 0x00007fba7a058800 Exception <a 'java/io/FileNotFoundException'> (0x00000007ab367a80) thrown at [/Users/java_re/workspace/8-2-build-macosx-x86_64/jdk8u77/6540/hotspot/src/share/vm/prims/jni.cpp, line 709]
Event: 7.221 Thread 0x00007fba7a058800 Exception <a 'java/io/FileNotFoundException'> (0x00000007ab36f100) thrown at [/Users/java_re/workspace/8-2-build-macosx-x86_64/jdk8u77/6540/hotspot/src/share/vm/prims/jni.cpp, line 709]
Event: 7.221 Thread 0x00007fba7a058800 Implicit null exception at 0x0000000107e4bf75 to 0x0000000107e4c2d9

Events (10 events):
Event: 33.338 loading class java/awt/Toolkit$ToolkitEventMulticaster
Event: 33.338 loading class java/awt/Toolkit$ToolkitEventMulticaster done
Event: 33.338 Executing VM operation: RevokeBias
Event: 33.338 Executing VM operation: RevokeBias done
Event: 33.338 Thread 0x00007fba798a4000 Thread exited: 0x00007fba798a4000
Event: 33.338 Thread 0x00007fba79d7a000 Uncommon trap: trap_request=0xffffff86 fr.pc=0x0000000108403bbc
Event: 33.338 Thread 0x00007fba79d7a000 DEOPT PACKING pc=0x0000000108403bbc sp=0x000000017a2d5770
Event: 33.339 Thread 0x00007fba79d7a000 DEOPT UNPACKING pc=0x0000000107c97229 sp=0x000000017a2d5748 mode 2
Event: 33.339 loading class java/awt/Window$1DisposeAction
Event: 33.339 loading class java/awt/Window$1DisposeAction done


Dynamic libraries:
0x000000000637b000 	/System/Library/Frameworks/Cocoa.framework/Versions/A/Cocoa
0x000000000637b000 	/System/Library/Frameworks/Security.framework/Versions/A/Security
0x000000000637b000 	/System/Library/Frameworks/ApplicationServices.framework/Versions/A/ApplicationServices
0x000000000637b000 	/usr/lib/libz.1.dylib
0x000000000637b000 	/usr/lib/libSystem.B.dylib
0x000000000637b000 	/usr/lib/libobjc.A.dylib
0x000000000637b000 	/System/Library/Frameworks/CoreFoundation.framework/Versions/A/CoreFoundation
0x000000000637b000 	/System/Library/Frameworks/Foundation.framework/Versions/C/Foundation
0x000000000637b000 	/System/Library/Frameworks/AppKit.framework/Versions/C/AppKit
0x000000000637b000 	/System/Library/Frameworks/CoreData.framework/Versions/A/CoreData
0x000000000637b000 	/System/Library/PrivateFrameworks/RemoteViewServices.framework/Versions/A/RemoteViewServices
0x000000000637b000 	/System/Library/Frameworks/AudioToolbox.framework/Versions/A/AudioToolbox
0x000000000637b000 	/System/Library/Frameworks/AudioUnit.framework/Versions/A/AudioUnit
0x000000000637b000 	/System/Library/PrivateFrameworks/DataDetectorsCore.framework/Versions/A/DataDetectorsCore
0x000000000637b000 	/System/Library/PrivateFrameworks/DesktopServicesPriv.framework/Versions/A/DesktopServicesPriv
0x000000000637b000 	/System/Library/Frameworks/Carbon.framework/Versions/A/Frameworks/HIToolbox.framework/Versions/A/HIToolbox
0x000000000637b000 	/System/Library/Frameworks/QuartzCore.framework/Versions/A/QuartzCore
0x000000000637b000 	/System/Library/Frameworks/Carbon.framework/Versions/A/Frameworks/SpeechRecognition.framework/Versions/A/SpeechRecognition
0x000000000637b000 	/usr/lib/libauto.dylib
0x000000000637b000 	/usr/lib/libicucore.A.dylib
0x000000000637b000 	/usr/lib/libxml2.2.dylib
0x000000000637b000 	/System/Library/PrivateFrameworks/CoreUI.framework/Versions/A/CoreUI
0x000000000637b000 	/System/Library/Frameworks/CoreAudio.framework/Versions/A/CoreAudio
0x000000000637b000 	/System/Library/Frameworks/DiskArbitration.framework/Versions/A/DiskArbitration
0x000000000637b000 	/usr/lib/liblangid.dylib
0x000000000637b000 	/System/Library/PrivateFrameworks/MultitouchSupport.framework/Versions/A/MultitouchSupport
0x000000000637b000 	/System/Library/Frameworks/IOKit.framework/Versions/A/IOKit
0x000000000637b000 	/usr/lib/libDiagnosticMessagesClient.dylib
0x000000000637b000 	/System/Library/Frameworks/CoreServices.framework/Versions/A/CoreServices
0x000000000637b000 	/System/Library/PrivateFrameworks/PerformanceAnalysis.framework/Versions/A/PerformanceAnalysis
0x000000000637b000 	/System/Library/PrivateFrameworks/GenerationalStorage.framework/Versions/A/GenerationalStorage
0x000000000637b000 	/System/Library/Frameworks/OpenGL.framework/Versions/A/OpenGL
0x000000000637b000 	/System/Library/PrivateFrameworks/Sharing.framework/Versions/A/Sharing
0x000000000637b000 	/System/Library/Frameworks/ImageIO.framework/Versions/A/ImageIO
0x000000000637b000 	/System/Library/Frameworks/CoreText.framework/Versions/A/CoreText
0x000000000637b000 	/System/Library/Frameworks/CoreGraphics.framework/Versions/A/CoreGraphics
0x000000000637b000 	/System/Library/PrivateFrameworks/Backup.framework/Versions/A/Backup
0x000000000637b000 	/System/Library/Frameworks/CFNetwork.framework/Versions/A/CFNetwork
0x000000000637b000 	/System/Library/Frameworks/SystemConfiguration.framework/Versions/A/SystemConfiguration
0x000000000637b000 	/usr/lib/libCRFSuite.dylib
0x000000000637b000 	/usr/lib/libc++.1.dylib
0x000000000637b000 	/usr/lib/libc++abi.dylib
0x000000000637b000 	/usr/lib/system/libcache.dylib
0x000000000637b000 	/usr/lib/system/libcommonCrypto.dylib
0x000000000637b000 	/usr/lib/system/libcompiler_rt.dylib
0x000000000637b000 	/usr/lib/system/libcopyfile.dylib
0x000000000637b000 	/usr/lib/system/libcorecrypto.dylib
0x000000000637b000 	/usr/lib/system/libdispatch.dylib
0x000000000637b000 	/usr/lib/system/libdyld.dylib
0x000000000637b000 	/usr/lib/system/libkeymgr.dylib
0x000000000637b000 	/usr/lib/system/liblaunch.dylib
0x000000000637b000 	/usr/lib/system/libmacho.dylib
0x000000000637b000 	/usr/lib/system/libquarantine.dylib
0x000000000637b000 	/usr/lib/system/libremovefile.dylib
0x000000000637b000 	/usr/lib/system/libsystem_asl.dylib
0x000000000637b000 	/usr/lib/system/libsystem_blocks.dylib
0x000000000637b000 	/usr/lib/system/libsystem_c.dylib
0x000000000637b000 	/usr/lib/system/libsystem_configuration.dylib
0x000000000637b000 	/usr/lib/system/libsystem_dnssd.dylib
0x000000000637b000 	/usr/lib/system/libsystem_info.dylib
0x000000000637b000 	/usr/lib/system/libsystem_kernel.dylib
0x000000000637b000 	/usr/lib/system/libsystem_m.dylib
0x000000000637b000 	/usr/lib/system/libsystem_malloc.dylib
0x000000000637b000 	/usr/lib/system/libsystem_network.dylib
0x000000000637b000 	/usr/lib/system/libsystem_notify.dylib
0x000000000637b000 	/usr/lib/system/libsystem_platform.dylib
0x000000000637b000 	/usr/lib/system/libsystem_pthread.dylib
0x000000000637b000 	/usr/lib/system/libsystem_sandbox.dylib
0x000000000637b000 	/usr/lib/system/libsystem_stats.dylib
0x000000000637b000 	/usr/lib/system/libunc.dylib
0x000000000637b000 	/usr/lib/system/libunwind.dylib
0x000000000637b000 	/usr/lib/system/libxpc.dylib
0x000000000637b000 	/usr/lib/libbsm.0.dylib
0x000000000637b000 	/usr/lib/libsqlite3.dylib
0x000000000637b000 	/usr/lib/libxar.1.dylib
0x000000000637b000 	/usr/lib/libpam.2.dylib
0x000000000637b000 	/usr/lib/libOpenScriptingUtil.dylib
0x000000000637b000 	/usr/lib/libbz2.1.0.dylib
0x000000000637b000 	/System/Library/Frameworks/CoreServices.framework/Versions/A/Frameworks/CarbonCore.framework/Versions/A/CarbonCore
0x000000000637b000 	/System/Library/Frameworks/CoreServices.framework/Versions/A/Frameworks/Metadata.framework/Versions/A/Metadata
0x000000000637b000 	/System/Library/Frameworks/CoreServices.framework/Versions/A/Frameworks/OSServices.framework/Versions/A/OSServices
0x000000000637b000 	/System/Library/Frameworks/CoreServices.framework/Versions/A/Frameworks/SearchKit.framework/Versions/A/SearchKit
0x000000000637b000 	/System/Library/Frameworks/CoreServices.framework/Versions/A/Frameworks/AE.framework/Versions/A/AE
0x000000000637b000 	/System/Library/Frameworks/CoreServices.framework/Versions/A/Frameworks/LaunchServices.framework/Versions/A/LaunchServices
0x000000000637b000 	/System/Library/Frameworks/CoreServices.framework/Versions/A/Frameworks/DictionaryServices.framework/Versions/A/DictionaryServices
0x000000000637b000 	/System/Library/Frameworks/NetFS.framework/Versions/A/NetFS
0x000000000637b000 	/usr/lib/system/libkxld.dylib
0x000000000637b000 	/System/Library/PrivateFrameworks/NetAuth.framework/Versions/A/NetAuth
0x000000000637b000 	/System/Library/PrivateFrameworks/TCC.framework/Versions/A/TCC
0x000000000637b000 	/System/Library/Frameworks/OpenDirectory.framework/Versions/A/Frameworks/CFOpenDirectory.framework/Versions/A/CFOpenDirectory
0x000000000637b000 	/System/Library/Frameworks/ServiceManagement.framework/Versions/A/ServiceManagement
0x000000000637b000 	/usr/lib/libxslt.1.dylib
0x000000000637b000 	/System/Library/Frameworks/Carbon.framework/Versions/A/Frameworks/Ink.framework/Versions/A/Ink
0x000000000637b000 	/System/Library/Frameworks/ApplicationServices.framework/Versions/A/Frameworks/ATS.framework/Versions/A/ATS
0x000000000637b000 	/System/Library/Frameworks/ApplicationServices.framework/Versions/A/Frameworks/ColorSync.framework/Versions/A/ColorSync
0x000000000637b000 	/System/Library/Frameworks/ApplicationServices.framework/Versions/A/Frameworks/HIServices.framework/Versions/A/HIServices
0x000000000637b000 	/System/Library/Frameworks/ApplicationServices.framework/Versions/A/Frameworks/LangAnalysis.framework/Versions/A/LangAnalysis
0x000000000637b000 	/System/Library/Frameworks/ApplicationServices.framework/Versions/A/Frameworks/PrintCore.framework/Versions/A/PrintCore
0x000000000637b000 	/System/Library/Frameworks/ApplicationServices.framework/Versions/A/Frameworks/QD.framework/Versions/A/QD
0x000000000637b000 	/System/Library/Frameworks/ApplicationServices.framework/Versions/A/Frameworks/SpeechSynthesis.framework/Versions/A/SpeechSynthesis
0x000000000637b000 	/System/Library/Frameworks/IOSurface.framework/Versions/A/IOSurface
0x000000000637b000 	/System/Library/Frameworks/Accelerate.framework/Versions/A/Accelerate
0x000000000637b000 	/System/Library/Frameworks/Accelerate.framework/Versions/A/Frameworks/vImage.framework/Versions/A/vImage
0x000000000637b000 	/System/Library/Frameworks/Accelerate.framework/Versions/A/Frameworks/vecLib.framework/Versions/A/vecLib
0x000000000637b000 	/System/Library/Frameworks/Accelerate.framework/Versions/A/Frameworks/vecLib.framework/Versions/A/libvDSP.dylib
0x000000000637b000 	/System/Library/Frameworks/Accelerate.framework/Versions/A/Frameworks/vecLib.framework/Versions/A/libvMisc.dylib
0x000000000637b000 	/System/Library/Frameworks/Accelerate.framework/Versions/A/Frameworks/vecLib.framework/Versions/A/libLAPACK.dylib
0x000000000637b000 	/System/Library/Frameworks/Accelerate.framework/Versions/A/Frameworks/vecLib.framework/Versions/A/libBLAS.dylib
0x000000000637b000 	/System/Library/Frameworks/ApplicationServices.framework/Versions/A/Frameworks/ATS.framework/Versions/A/Resources/libFontParser.dylib
0x000000000637b000 	/System/Library/Frameworks/ApplicationServices.framework/Versions/A/Frameworks/ATS.framework/Versions/A/Resources/libFontRegistry.dylib
0x000000000637b000 	/System/Library/Frameworks/ImageIO.framework/Versions/A/Resources/libJPEG.dylib
0x000000000637b000 	/System/Library/Frameworks/ImageIO.framework/Versions/A/Resources/libTIFF.dylib
0x000000000637b000 	/System/Library/Frameworks/ImageIO.framework/Versions/A/Resources/libPng.dylib
0x000000000637b000 	/System/Library/Frameworks/ImageIO.framework/Versions/A/Resources/libGIF.dylib
0x000000000637b000 	/System/Library/Frameworks/ImageIO.framework/Versions/A/Resources/libJP2.dylib
0x000000000637b000 	/System/Library/Frameworks/ImageIO.framework/Versions/A/Resources/libRadiance.dylib
0x000000000637b000 	/usr/lib/libcups.2.dylib
0x000000000637b000 	/System/Library/Frameworks/Kerberos.framework/Versions/A/Kerberos
0x000000000637b000 	/System/Library/Frameworks/GSS.framework/Versions/A/GSS
0x000000000637b000 	/usr/lib/libresolv.9.dylib
0x000000000637b000 	/usr/lib/libiconv.2.dylib
0x000000000637b000 	/System/Library/PrivateFrameworks/Heimdal.framework/Versions/A/Heimdal
0x000000000637b000 	/System/Library/PrivateFrameworks/TrustEvaluationAgent.framework/Versions/A/TrustEvaluationAgent
0x000000000637b000 	/usr/lib/libheimdal-asn1.dylib
0x000000000637b000 	/System/Library/Frameworks/OpenDirectory.framework/Versions/A/OpenDirectory
0x000000000637b000 	/System/Library/PrivateFrameworks/CommonAuth.framework/Versions/A/CommonAuth
0x000000000637b000 	/System/Library/Frameworks/SecurityFoundation.framework/Versions/A/SecurityFoundation
0x000000000637b000 	/System/Library/PrivateFrameworks/Bom.framework/Versions/A/Bom
0x000000000637b000 	/System/Library/Frameworks/CoreVideo.framework/Versions/A/CoreVideo
0x000000000637b000 	/System/Library/Frameworks/QuartzCore.framework/Versions/A/Frameworks/CoreImage.framework/Versions/A/CoreImage
0x000000000637b000 	/System/Library/Frameworks/QuartzCore.framework/Versions/A/Frameworks/ScalableUserInterface.framework/Versions/A/ScalableUserInterface
0x000000000637b000 	/System/Library/Frameworks/OpenGL.framework/Versions/A/Libraries/libGLU.dylib
0x000000000637b000 	/System/Library/Frameworks/OpenGL.framework/Versions/A/Libraries/libGFXShared.dylib
0x000000000637b000 	/System/Library/Frameworks/OpenGL.framework/Versions/A/Libraries/libGL.dylib
0x000000000637b000 	/System/Library/Frameworks/OpenGL.framework/Versions/A/Libraries/libGLImage.dylib
0x000000000637b000 	/System/Library/Frameworks/OpenGL.framework/Versions/A/Libraries/libCVMSPluginSupport.dylib
0x000000000637b000 	/System/Library/Frameworks/OpenGL.framework/Versions/A/Libraries/libCoreVMClient.dylib
0x000000000637b000 	/System/Library/PrivateFrameworks/FaceCore.framework/Versions/A/FaceCore
0x000000000637b000 	/System/Library/PrivateFrameworks/CrashReporterSupport.framework/Versions/A/CrashReporterSupport
0x000000000637b000 	/System/Library/Frameworks/OpenCL.framework/Versions/A/OpenCL
0x000000000637b000 	/System/Library/PrivateFrameworks/AppleFSCompression.framework/Versions/A/AppleFSCompression
0x000000000637b000 	/System/Library/PrivateFrameworks/Ubiquity.framework/Versions/A/Ubiquity
0x000000000637b000 	/System/Library/PrivateFrameworks/IconServices.framework/Versions/A/IconServices
0x000000000637b000 	/System/Library/PrivateFrameworks/ChunkingLibrary.framework/Versions/A/ChunkingLibrary
0x000000000637b000 	/System/Library/PrivateFrameworks/CoreSymbolication.framework/Versions/A/CoreSymbolication
0x000000000637b000 	/System/Library/PrivateFrameworks/Symbolication.framework/Versions/A/Symbolication
0x000000000637b000 	/System/Library/PrivateFrameworks/DebugSymbols.framework/Versions/A/DebugSymbols
0x0000000106c00000 	/Library/Java/JavaVirtualMachines/jdk1.8.0_77.jdk/Contents/Home/jre/lib/server/libjvm.dylib
0x000000000637b000 	/usr/lib/libstdc++.6.dylib
0x0000000106359000 	/Library/Java/JavaVirtualMachines/jdk1.8.0_77.jdk/Contents/Home/jre/lib/libverify.dylib
0x0000000106367000 	/Library/Java/JavaVirtualMachines/jdk1.8.0_77.jdk/Contents/Home/jre/lib/libjava.dylib
0x00000001063a6000 	/Library/Java/JavaVirtualMachines/jdk1.8.0_77.jdk/Contents/Home/jre/lib/libzip.dylib
0x000000011b764000 	/System/Library/Frameworks/JavaVM.framework/Frameworks/JavaRuntimeSupport.framework/JavaRuntimeSupport
0x000000011b77c000 	/System/Library/Frameworks/JavaVM.framework/Versions/A/Frameworks/JavaNativeFoundation.framework/Versions/A/JavaNativeFoundation
0x00000001063ec000 	/System/Library/Frameworks/JavaVM.framework/Versions/A/JavaVM
0x000000000637b000 	/System/Library/Frameworks/Carbon.framework/Versions/A/Carbon
0x000000011b791000 	/System/Library/PrivateFrameworks/JavaLaunching.framework/Versions/A/JavaLaunching
0x000000000637b000 	/System/Library/Frameworks/Carbon.framework/Versions/A/Frameworks/CommonPanels.framework/Versions/A/CommonPanels
0x000000000637b000 	/System/Library/Frameworks/Carbon.framework/Versions/A/Frameworks/Help.framework/Versions/A/Help
0x000000000637b000 	/System/Library/Frameworks/Carbon.framework/Versions/A/Frameworks/ImageCapture.framework/Versions/A/ImageCapture
0x000000000637b000 	/System/Library/Frameworks/Carbon.framework/Versions/A/Frameworks/OpenScripting.framework/Versions/A/OpenScripting
0x000000000637b000 	/System/Library/Frameworks/Carbon.framework/Versions/A/Frameworks/Print.framework/Versions/A/Print
0x000000000637b000 	/System/Library/Frameworks/Carbon.framework/Versions/A/Frameworks/SecurityHI.framework/Versions/A/SecurityHI
0x000000011befb000 	/Library/Java/JavaVirtualMachines/jdk1.8.0_77.jdk/Contents/Home/jre/lib/libawt.dylib
0x000000011bfa3000 	/Library/Java/JavaVirtualMachines/jdk1.8.0_77.jdk/Contents/Home/jre/lib/./libmlib_image.dylib
0x000000011c06f000 	/Library/Java/JavaVirtualMachines/jdk1.8.0_77.jdk/Contents/Home/jre/lib/libawt_lwawt.dylib
0x000000011c124000 	/Library/Java/JavaVirtualMachines/jdk1.8.0_77.jdk/Contents/Home/jre/lib/./libosxapp.dylib
0x000000000637b000 	/System/Library/Frameworks/ExceptionHandling.framework/Versions/A/ExceptionHandling
0x000000000637b000 	/System/Library/PrivateFrameworks/CoreServicesInternal.framework/Versions/A/CoreServicesInternal
0x000000000637b000 	/System/Library/PrivateFrameworks/Librarian.framework/Versions/A/Librarian
0x000000000637b000 	/System/Library/Frameworks/CoreGraphics.framework/Versions/A/Resources/libCGCMS.A.dylib
0x000000000637b000 	/System/Library/Frameworks/CoreGraphics.framework/Versions/A/Resources/libRIP.A.dylib
0x000000000637b000 	/System/Library/Frameworks/CoreGraphics.framework/Versions/A/Resources/libCGXType.A.dylib
0x000000000637b000 	/System/Library/PrivateFrameworks/FamilyControls.framework/Versions/A/FamilyControls
0x000000000637b000 	/System/Library/PrivateFrameworks/CommerceKit.framework/Versions/A/Frameworks/CommerceCore.framework/Versions/A/CommerceCore
0x000000000637b000 	/System/Library/PrivateFrameworks/SystemAdministration.framework/Versions/A/SystemAdministration
0x000000000637b000 	/System/Library/Frameworks/DirectoryService.framework/Versions/A/DirectoryService
0x000000000637b000 	/System/Library/PrivateFrameworks/DiskImages.framework/Versions/A/DiskImages
0x000000000637b000 	/System/Library/PrivateFrameworks/LoginUIKit.framework/Versions/A/Frameworks/LoginUICore.framework/Versions/A/LoginUICore
0x000000000637b000 	/usr/lib/libCoreStorage.dylib
0x000000000637b000 	/usr/lib/libcsfde.dylib
0x000000000637b000 	/usr/lib/libodfde.dylib
0x000000000637b000 	/System/Library/Frameworks/DiscRecording.framework/Versions/A/DiscRecording
0x000000000637b000 	/usr/lib/libcurl.4.dylib
0x000000000637b000 	/System/Library/PrivateFrameworks/MediaKit.framework/Versions/A/MediaKit
0x000000000637b000 	/System/Library/PrivateFrameworks/EFILogin.framework/Versions/A/EFILogin
0x000000000637b000 	/usr/lib/libutil.dylib
0x000000000637b000 	/System/Library/PrivateFrameworks/AOSNotification.framework/Versions/A/AOSNotification
0x000000000637b000 	/System/Library/Frameworks/LDAP.framework/Versions/A/LDAP
0x000000000637b000 	/usr/lib/libsasl2.2.dylib
0x000000000637b000 	/usr/lib/libcrypto.0.9.8.dylib
0x000000000637b000 	/usr/lib/libssl.0.9.8.dylib
0x000000000637b000 	/System/Library/Frameworks/OpenGL.framework/Versions/A/Resources/GLEngine.bundle/GLEngine
0x000000000637b000 	/System/Library/Frameworks/OpenGL.framework/Versions/A/Libraries/libGLProgrammability.dylib
0x00000001203bb000 	/System/Library/Extensions/AppleIntelHD5000GraphicsGLDriver.bundle/Contents/MacOS/AppleIntelHD5000GraphicsGLDriver
0x000000000637b000 	/System/Library/PrivateFrameworks/IOAccelerator.framework/Versions/A/IOAccelerator
0x000000000637b000 	/System/Library/PrivateFrameworks/GPUSupport.framework/Versions/A/Libraries/libGPUSupportMercury.dylib
0x000000000637b000 	/System/Library/Frameworks/OpenGL.framework/Versions/A/Resources/GLRendererFloat.bundle/GLRendererFloat
0x000000000637b000 	/System/Library/Frameworks/OpenCL.framework/Versions/A/Libraries/libcldcpuengine.dylib
0x0000000121718000 	/Library/Java/JavaVirtualMachines/jdk1.8.0_77.jdk/Contents/Home/jre/lib/libfontmanager.dylib
0x0000000122f0e000 	/Library/Java/JavaVirtualMachines/jdk1.8.0_77.jdk/Contents/Home/jre/lib/libosxui.dylib
0x0000000122fee000 	/Library/Java/JavaVirtualMachines/jdk1.8.0_77.jdk/Contents/Home/jre/lib/libnet.dylib
0x0000000123005000 	/Library/Java/JavaVirtualMachines/jdk1.8.0_77.jdk/Contents/Home/jre/lib/libnio.dylib
0x000000000637b000 	/System/Library/Frameworks/ApplicationServices.framework/Versions/A/Frameworks/ATS.framework/Versions/A/Resources/libTrueTypeScaler.dylib
0x0000000173955000 	/private/var/folders/vm/c6ql63410d962mlmgt4yhc5h0000gn/T/jogamp_0000/file_cache/jln1371931313070670807/jln3848100020707706445/libgluegen-rt.jnilib
0x0000000122f97000 	/private/var/folders/vm/c6ql63410d962mlmgt4yhc5h0000gn/T/jogamp_0000/file_cache/jln1371931313070670807/jln3848100020707706445/libnativewindow_awt.jnilib
0x0000000173959000 	/Library/Java/JavaVirtualMachines/jdk1.8.0_77.jdk/Contents/Home/jre/lib/libjawt.dylib
0x00000001739c0000 	/private/var/folders/vm/c6ql63410d962mlmgt4yhc5h0000gn/T/jogamp_0000/file_cache/jln1371931313070670807/jln3848100020707706445/libnativewindow_macosx.jnilib
0x00000001755b3000 	/private/var/folders/vm/c6ql63410d962mlmgt4yhc5h0000gn/T/jogamp_0000/file_cache/jln1371931313070670807/jln3848100020707706445/libjogl_desktop.jnilib
0x00000001780f5000 	/Library/Java/JavaVirtualMachines/jdk1.8.0_77.jdk/Contents/Home/jre/lib/libt2k.dylib

VM Arguments:
jvm_args: -Djava.security.policy=java.policy.applet -Dfile.encoding=UTF-8 
java_command: sun.applet.AppletViewer module5.EarthquakeCityMap1463874659386.html
java_class_path (initial): /Users/xingdu/Documents/workspace/UCSDUnfoldingMaps/build:/Users/xingdu/Documents/workspace/UCSDUnfoldingMaps/lib/core.jar:/Users/xingdu/Documents/workspace/UCSDUnfoldingMaps/lib/gluegen-rt.jar:/Users/xingdu/Documents/workspace/UCSDUnfoldingMaps/lib/jogl-all.jar:/Users/xingdu/Documents/workspace/UCSDUnfoldingMaps/lib/log4j-1.2.15.jar:/Users/xingdu/Documents/workspace/UCSDUnfoldingMaps/lib/sqlite-jdbc-3.7.2.jar:/Users/xingdu/Documents/workspace/UCSDUnfoldingMaps/lib/json4processing.jar:/Users/xingdu/Documents/workspace/UCSDUnfoldingMaps/lib/libTUIO.jar:/Users/xingdu/Documents/workspace/UCSDUnfoldingMaps/lib/unfolding.0.9.7-uscd.jar
Launcher Type: SUN_STANDARD

Environment Variables:
PATH=/usr/bin:/bin:/usr/sbin:/sbin
SHELL=/bin/bash

Signal Handlers:
SIGSEGV: [libjvm.dylib+0x5a6855], sa_mask[0]=11111111011111110111111111111111, sa_flags=SA_ONSTACK|SA_RESTART|SA_SIGINFO
SIGBUS: [libjvm.dylib+0x5a6855], sa_mask[0]=11111111011111110111111111111111, sa_flags=SA_RESTART|SA_SIGINFO
SIGFPE: [libjvm.dylib+0x4804ec], sa_mask[0]=11111111011111110111111111111111, sa_flags=SA_RESTART|SA_SIGINFO
SIGPIPE: [libjvm.dylib+0x4804ec], sa_mask[0]=11111111011111110111111111111111, sa_flags=SA_RESTART|SA_SIGINFO
SIGXFSZ: [libjvm.dylib+0x4804ec], sa_mask[0]=11111111011111110111111111111111, sa_flags=SA_RESTART|SA_SIGINFO
SIGILL: [libjvm.dylib+0x4804ec], sa_mask[0]=11111111011111110111111111111111, sa_flags=SA_RESTART|SA_SIGINFO
SIGUSR1: SIG_DFL, sa_mask[0]=00000000000000000000000000000000, sa_flags=SA_RESTART
SIGUSR2: [libjvm.dylib+0x48000a], sa_mask[0]=00100000000000000000000000000000, sa_flags=SA_RESTART|SA_SIGINFO
SIGHUP: [libjvm.dylib+0x47e5e1], sa_mask[0]=11111111011111110111111111111111, sa_flags=SA_RESTART|SA_SIGINFO
SIGINT: [libjvm.dylib+0x47e5e1], sa_mask[0]=11111111011111110111111111111111, sa_flags=SA_RESTART|SA_SIGINFO
SIGTERM: [libjvm.dylib+0x47e5e1], sa_mask[0]=11111111011111110111111111111111, sa_flags=SA_RESTART|SA_SIGINFO
SIGQUIT: [libjvm.dylib+0x47e5e1], sa_mask[0]=11111111011111110111111111111111, sa_flags=SA_RESTART|SA_SIGINFO


---------------  S Y S T E M  ---------------

OS:Bsduname:Darwin 13.4.0 Darwin Kernel Version 13.4.0: Wed Mar 18 16:20:14 PDT 2015; root:xnu-2422.115.14~1/RELEASE_X86_64 x86_64
rlimit: STACK 8192k, CORE 0k, NPROC 709, NOFILE 10240, AS infinity
load average:1.69 1.63 1.68

CPU:total 4 (2 cores per cpu, 2 threads per core) family 6 model 69 stepping 1, cmov, cx8, fxsr, mmx, sse, sse2, sse3, ssse3, sse4.1, sse4.2, popcnt, avx, avx2, aes, clmul, erms, lzcnt, ht, tsc, tscinvbit, bmi1, bmi2

Memory: 4k page, physical 4194304k(194120k free)

/proc/meminfo:


vm_info: Java HotSpot(TM) 64-Bit Server VM (25.77-b03) for bsd-amd64 JRE (1.8.0_77-b03), built on Mar 20 2016 22:14:03 by "java_re" with gcc 4.2.1 (Based on Apple Inc. build 5658) (LLVM build 2336.11.00)

time: Sat May 21 19:51:32 2016
elapsed time: 33 seconds (0d 0h 0m 33s)

