#
# A fatal error has been detected by the Java Runtime Environment:
#
#  SIGSEGV (0xb) at pc=0x00007fffa133a4dd, pid=62070, tid=2571
#
# JRE version: Java(TM) SE Runtime Environment (8.0_77-b03) (build 1.8.0_77-b03)
# Java VM: Java HotSpot(TM) 64-Bit Server VM (25.77-b03 mixed mode bsd-amd64 compressed oops)
# Problematic frame:
# C  [libobjc.A.dylib+0x14dd]  objc_msgSend+0x1d
#
# Failed to write core dump. Core dumps have been disabled. To enable core dumping, try "ulimit -c unlimited" before starting Java again
#
# If you would like to submit a bug report, please visit:
#   http://bugreport.java.com/bugreport/crash.jsp
# The crash happened outside the Java Virtual Machine in native code.
# See problematic frame for where to report the bug.
#

---------------  T H R E A D  ---------------

Current thread (0x00007fe6bb8c1000):  JavaThread "AWT-AppKit" daemon [_thread_in_native, id=2571, stack(0x00007fff5a41e000,0x00007fff5ac1e000)]

siginfo: si_signo: 11 (SIGSEGV), si_code: 1 (SEGV_MAPERR), si_addr: 0x0000000000000018

Registers:
RAX=0x00007fe6be530250, RBX=0x000000017a047450, RCX=0x000000011c73e2e0, RDX=0x000000011c73e7a0
RSP=0x00007fff5ac19478, RBP=0x00007fff5ac19530, RSI=0x00007fff97d1fcde, RDI=0x00007fe6b9f5d080
R8 =0x0000000000000000, R9 =0x00000000000008b0, R10=0x00007fff97d1fcde, R11=0x0000000000000000
R12=0x0000000000000000, R13=0x000000017be36da0, R14=0x000000017a047440, R15=0x00007fe6bb8c1000
RIP=0x00007fffa133a4dd, EFLAGS=0x0000000000010246, ERR=0x0000000000000004
  TRAPNO=0x000000000000000e

Top of Stack: (sp=0x00007fff5ac19478)
0x00007fff5ac19478:   000000017a045157 00007fff5ac194d0
0x00007fff5ac19488:   0000000000000003 00007fff5ac194b0
0x00007fff5ac19498:   000000010544eb02 000000017be36da0
0x00007fff5ac194a8:   000000017be36da0 00007fe6be530250
0x00007fff5ac194b8:   000000017a0476a0 000000017a047710
0x00007fff5ac194c8:   00007fff7e09e770 00007fff7bc8c500
0x00007fff5ac194d8:   000000017a047450 000000017a047690
0x00007fff5ac194e8:   00007fe6be530250 00007fe6b9f5d080
0x00007fff5ac194f8:   00007fe6b9c49c30 00007fe6be530250
0x00007fff5ac19508:   00007fe6b9f5d080 00007fff5ac195b8
0x00007fff5ac19518:   00007fe6bb8c11f8 000000017be36da0
0x00007fff5ac19528:   00007fff5ac195e0 00007fff5ac195a8
0x00007fff5ac19538:   0000000106a5c954 000000017be36da0
0x00007fff5ac19548:   00007fff5ac195e0 00007fff5ac195a8
0x00007fff5ac19558:   0000000106a5c6e7 0000000106a5c6a2
0x00007fff5ac19568:   00007fff5ac19568 000000017be36da0
0x00007fff5ac19578:   00007fff5ac195e0 000000017bd551b0
0x00007fff5ac19588:   0000000000000000 000000017be36da0
0x00007fff5ac19598:   0000000000000000 00007fff5ac195c8
0x00007fff5ac195a8:   00007fff5ac19628 0000000106a4ec4d
0x00007fff5ac195b8:   00000007808c5eb0 0000000106a56578
0x00007fff5ac195c8:   00007fe6be530250 00007fff5ac19628
0x00007fff5ac195d8:   00007fe6b9f5d080 0000000106a57d82
0x00007fff5ac195e8:   00007fff5ac195e8 000000017be36f6a
0x00007fff5ac195f8:   00007fff5ac19650 000000017bd551b0
0x00007fff5ac19608:   0000000000000000 000000017be36f78
0x00007fff5ac19618:   00007fff5ac195c8 00007fff5ac19638
0x00007fff5ac19628:   00007fff5ac19698 0000000106a4ec4d
0x00007fff5ac19638:   00007fe6be530250 00000007809029e0
0x00007fff5ac19648:   00007fe6b9f5d080 00000007809029e0
0x00007fff5ac19658:   00007fff5ac19658 0000000186bc24f6
0x00007fff5ac19668:   00007fff5ac196a8 0000000186bc25b0 

Instructions: (pc=0x00007fffa133a4dd)
0x00007fffa133a4bd:   44 00 00 48 85 ff 2e 74 62 40 f6 c7 01 2e 75 66
0x00007fffa133a4cd:   49 bb f8 ff ff ff ff 7f 00 00 4c 23 1f 49 89 f2
0x00007fffa133a4dd:   45 23 53 18 49 c1 e2 04 4d 03 53 10 49 3b 32 75
0x00007fffa133a4ed:   04 41 ff 62 08 49 83 3a 01 76 0d 49 83 c2 10 49 

Register to memory mapping:

RAX=0x00007fe6be530250 is an unknown value
RBX=0x000000017a047450: Java_jogamp_nativewindow_macosx_OSXUtil_GetScreenRefreshRate0+0x1cf0 in /private/var/folders/vm/c6ql63410d962mlmgt4yhc5h0000gn/T/jogamp_0000/file_cache/jln5523942822113624722/jln3685869656405797612/libnativewindow_macosx.jnilib at 0x000000017a040000
RCX=0x000000011c73e2e0 is an unknown value
RDX=0x000000011c73e7a0 is an unknown value
RSP=0x00007fff5ac19478 is pointing into the stack for thread: 0x00007fe6bb8c1000
RBP=0x00007fff5ac19530 is pointing into the stack for thread: 0x00007fe6bb8c1000
RSI=0x00007fff97d1fcde is an unknown value
RDI=0x00007fe6b9f5d080 is an unknown value
R8 =0x0000000000000000 is an unknown value
R9 =0x00000000000008b0 is an unknown value
R10=0x00007fff97d1fcde is an unknown value
R11=0x0000000000000000 is an unknown value
R12=0x0000000000000000 is an unknown value
R13={method} {0x000000017be36da0} 'UnsetJAWTRootSurfaceLayer0' '(JJ)V' in 'jogamp/nativewindow/jawt/macosx/MacOSXJAWTWindow'
R14=0x000000017a047440: Java_jogamp_nativewindow_macosx_OSXUtil_GetScreenRefreshRate0+0x1ce0 in /private/var/folders/vm/c6ql63410d962mlmgt4yhc5h0000gn/T/jogamp_0000/file_cache/jln5523942822113624722/jln3685869656405797612/libnativewindow_macosx.jnilib at 0x000000017a040000
R15=0x00007fe6bb8c1000 is a thread


Stack: [0x00007fff5a41e000,0x00007fff5ac1e000],  sp=0x00007fff5ac19478,  free space=8173k
Native frames: (J=compiled Java code, j=interpreted, Vv=VM code, C=native code)
C  [libobjc.A.dylib+0x14dd]  objc_msgSend+0x1d
j  jogamp.nativewindow.jawt.macosx.MacOSXJAWTWindow.UnsetJAWTRootSurfaceLayer0(JJ)V+0
j  jogamp.nativewindow.jawt.macosx.MacOSXJAWTWindow.access$200(JJ)V+2
j  jogamp.nativewindow.jawt.macosx.MacOSXJAWTWindow$1.run()V+38
j  com.jogamp.common.util.RunnableTask.run()V+24
v  ~StubRoutines::call_stub
V  [libjvm.dylib+0x2ea39e]
V  [libjvm.dylib+0x3214a7]
V  [libjvm.dylib+0x313c7b]
C  [libnativewindow_macosx.jnilib+0x5326]  Java_jogamp_nativewindow_jawt_macosx_MacOSXJAWTWindow_UnsetJAWTRootSurfaceLayer0+0x2b6
C  [Foundation+0x76fde]  __NSThreadPerformPerform+0x117
C  [CoreFoundation+0xaa881]  __CFRUNLOOP_IS_CALLING_OUT_TO_A_SOURCE0_PERFORM_FUNCTION__+0x11
C  [CoreFoundation+0x89f37]  __CFRunLoopDoSources0+0x1a7
C  [CoreFoundation+0x894df]  __CFRunLoopRun+0x39f
C  [CoreFoundation+0x88ed8]  CFRunLoopRunSpecific+0x128
C  [HIToolbox+0x30935]  RunCurrentEventLoopInMode+0xeb
C  [HIToolbox+0x30677]  ReceiveNextEventCommon+0xb8
C  [HIToolbox+0x305af]  _BlockUntilNextEventMatchingListInModeWithFilter+0x47
C  [AppKit+0x48df6]  _DPSNextEvent+0x42b
C  [AppKit+0x48226]  -[NSApplication _nextEventMatchingEventMask:untilDate:inMode:dequeue:]+0x1c6
C  [libosxapp.dylib+0x23aa]  -[NSApplicationAWT nextEventMatchingMask:untilDate:inMode:dequeue:]+0x7c
C  [AppKit+0x3cd80]  -[NSApplication run]+0x2aa
C  [libosxapp.dylib+0x214d]  +[NSApplicationAWT runAWTLoopWithApp:]+0x9c
C  [libawt_lwawt.dylib+0x4455b]  -[AWTStarter starter:]+0x389
C  [Foundation+0x76fde]  __NSThreadPerformPerform+0x117
C  [CoreFoundation+0xaa881]  __CFRUNLOOP_IS_CALLING_OUT_TO_A_SOURCE0_PERFORM_FUNCTION__+0x11
C  [CoreFoundation+0x89fbc]  __CFRunLoopDoSources0+0x22c
C  [CoreFoundation+0x894df]  __CFRunLoopRun+0x39f
C  [CoreFoundation+0x88ed8]  CFRunLoopRunSpecific+0x128
C  [java+0x6463]  CreateExecutionEnvironment+0x367
C  [java+0x21ac]  JLI_Launch+0x7a0
C  [java+0x84c0]  main+0x65
C  [java+0x1a04]  start+0x34
C  0x0000000000000007

Java frames: (J=compiled Java code, j=interpreted, Vv=VM code)
j  jogamp.nativewindow.jawt.macosx.MacOSXJAWTWindow.UnsetJAWTRootSurfaceLayer0(JJ)V+0
j  jogamp.nativewindow.jawt.macosx.MacOSXJAWTWindow.access$200(JJ)V+2
j  jogamp.nativewindow.jawt.macosx.MacOSXJAWTWindow$1.run()V+38
j  com.jogamp.common.util.RunnableTask.run()V+24
v  ~StubRoutines::call_stub

---------------  P R O C E S S  ---------------

Java Threads: ( => current thread )
  0x00007fe6bbbc8000 JavaThread "Thread-279" [_thread_blocked, id=28571, stack(0x0000700000fc7000,0x00007000010c7000)]
  0x00007fe6ba5c8800 JavaThread "TimerQueue" daemon [_thread_blocked, id=64611, stack(0x0000700001a71000,0x0000700001b71000)]
  0x00007fe6ba415000 JavaThread "AWT-EventQueue-1" [_thread_in_native, id=59927, stack(0x00007000018eb000,0x00007000019eb000)]
  0x00007fe6ba412800 JavaThread "DestroyJavaVM" [_thread_blocked, id=4099, stack(0x0000700000084000,0x0000700000184000)]
  0x00007fe6ba964800 JavaThread "AWT-EventQueue-0" [_thread_blocked, id=56835, stack(0x00007000016e5000,0x00007000017e5000)]
  0x00007fe6ba91f000 JavaThread "Java2D Disposer" daemon [_thread_blocked, id=53515, stack(0x000070000145c000,0x000070000155c000)]
  0x00007fe6ba96a000 JavaThread "Java2D Queue Flusher" daemon [_thread_blocked, id=50439, stack(0x0000700001359000,0x0000700001459000)]
  0x00007fe6bb0ec800 JavaThread "AWT-Shutdown" [_thread_blocked, id=28711, stack(0x00007000011d3000,0x00007000012d3000)]
=>0x00007fe6bb8c1000 JavaThread "AWT-AppKit" daemon [_thread_in_native, id=2571, stack(0x00007fff5a41e000,0x00007fff5ac1e000)]
  0x00007fe6bb059000 JavaThread "Service Thread" daemon [_thread_blocked, id=18435, stack(0x0000700000dc1000,0x0000700000ec1000)]
  0x00007fe6bb842000 JavaThread "C1 CompilerThread2" daemon [_thread_blocked, id=17923, stack(0x0000700000cbe000,0x0000700000dbe000)]
  0x00007fe6ba819000 JavaThread "C2 CompilerThread1" daemon [_thread_blocked, id=17411, stack(0x0000700000bbb000,0x0000700000cbb000)]
  0x00007fe6bb841000 JavaThread "C2 CompilerThread0" daemon [_thread_blocked, id=16899, stack(0x0000700000ab8000,0x0000700000bb8000)]
  0x00007fe6bb83c000 JavaThread "Signal Dispatcher" daemon [_thread_blocked, id=13839, stack(0x00007000009b5000,0x0000700000ab5000)]
  0x00007fe6ba026000 JavaThread "Finalizer" daemon [_thread_blocked, id=12291, stack(0x000070000082f000,0x000070000092f000)]
  0x00007fe6ba023000 JavaThread "Reference Handler" daemon [_thread_blocked, id=11779, stack(0x000070000072c000,0x000070000082c000)]

Other Threads:
  0x00007fe6ba01e800 VMThread [stack: 0x0000700000629000,0x0000700000729000] [id=11267]
  0x00007fe6bb05a000 WatcherThread [stack: 0x0000700000ec4000,0x0000700000fc4000] [id=18947]

VM state:not at safepoint (normal execution)

VM Mutex/Monitor currently owned by a thread: None

Heap:
 PSYoungGen      total 192000K, used 136169K [0x00000007aab00000, 0x00000007b6780000, 0x00000007c0000000)
  eden space 191488K, 71% used [0x00000007aab00000,0x00000007b2fea4d0,0x00000007b6600000)
  from space 512K, 12% used [0x00000007b6600000,0x00000007b6610000,0x00000007b6680000)
  to   space 512K, 0% used [0x00000007b6700000,0x00000007b6700000,0x00000007b6780000)
 ParOldGen       total 160256K, used 104346K [0x0000000780000000, 0x0000000789c80000, 0x00000007aab00000)
  object space 160256K, 65% used [0x0000000780000000,0x00000007865e6ab0,0x0000000789c80000)
 Metaspace       used 23429K, capacity 23677K, committed 23936K, reserved 1071104K
  class space    used 2269K, capacity 2351K, committed 2432K, reserved 1048576K

Card table byte_map: [0x0000000115e07000,0x0000000116008000] byte_map_base: 0x0000000112207000

Marking Bits: (ParMarkBitMap*) 0x0000000105b41ea0
 Begin Bits: [0x000000011615e000, 0x000000011715e000)
 End Bits:   [0x000000011715e000, 0x000000011815e000)

Polling page: 0x00000001061ff000

CodeCache: size=245760Kb used=13757Kb max_used=13784Kb free=232002Kb
 bounds [0x0000000106a47000, 0x00000001077d7000, 0x0000000115a47000]
 total_blobs=4867 nmethods=3955 adapters=825
 compilation: enabled

Compilation events (10 events):
Event: 641.534 Thread 0x00007fe6bb842000 4803       3       java.util.HashMap::put (13 bytes)
Event: 641.535 Thread 0x00007fe6bb842000 nmethod 4803 0x000000010708f050 code [0x000000010708f1e0, 0x000000010708f598]
Event: 641.541 Thread 0x00007fe6bb842000 4805       3       com.sun.java.swing.SwingUtilities3::getDelegateRepaintManager (73 bytes)
Event: 641.543 Thread 0x00007fe6bb842000 nmethod 4805 0x00000001077d0ed0 code [0x00000001077d1120, 0x00000001077d1fb8]
Event: 641.545 Thread 0x00007fe6bb842000 4804       3       javax.swing.JComponent::revalidate (53 bytes)
Event: 641.550 Thread 0x00007fe6bb842000 nmethod 4804 0x00000001077d2490 code [0x00000001077d2800, 0x00000001077d4698]
Event: 641.560 Thread 0x00007fe6ba819000 4806       4       com.jogamp.nativewindow.awt.AWTGraphicsConfiguration::getNativeGraphicsConfiguration (17 bytes)
Event: 641.561 Thread 0x00007fe6ba819000 nmethod 4806 0x0000000106d71310 code [0x0000000106d71460, 0x0000000106d714f8]
Event: 641.563 Thread 0x00007fe6bb841000 4807       4       sun.awt.AWTAccessor::getComponentAccessor (18 bytes)
Event: 641.564 Thread 0x00007fe6bb841000 nmethod 4807 0x00000001075fac50 code [0x00000001075fada0, 0x00000001075fae18]

GC Heap History (10 events):
Event: 614.278 GC heap before
{Heap before GC invocations=139 (full 2):
 PSYoungGen      total 190976K, used 190528K [0x00000007aab00000, 0x00000007b6600000, 0x00000007c0000000)
  eden space 190464K, 100% used [0x00000007aab00000,0x00000007b6500000,0x00000007b6500000)
  from space 512K, 12% used [0x00000007b6580000,0x00000007b6590000,0x00000007b6600000)
  to   space 512K, 0% used [0x00000007b6500000,0x00000007b6500000,0x00000007b6580000)
 ParOldGen       total 160256K, used 104346K [0x0000000780000000, 0x0000000789c80000, 0x00000007aab00000)
  object space 160256K, 65% used [0x0000000780000000,0x00000007865e6ab0,0x0000000789c80000)
 Metaspace       used 23412K, capacity 23677K, committed 23936K, reserved 1071104K
  class space    used 2265K, capacity 2351K, committed 2432K, reserved 1048576K
Event: 614.279 GC heap after
Heap after GC invocations=139 (full 2):
 PSYoungGen      total 190976K, used 64K [0x00000007aab00000, 0x00000007b6680000, 0x00000007c0000000)
  eden space 190464K, 0% used [0x00000007aab00000,0x00000007aab00000,0x00000007b6500000)
  from space 512K, 12% used [0x00000007b6500000,0x00000007b6510000,0x00000007b6580000)
  to   space 512K, 0% used [0x00000007b6600000,0x00000007b6600000,0x00000007b6680000)
 ParOldGen       total 160256K, used 104346K [0x0000000780000000, 0x0000000789c80000, 0x00000007aab00000)
  object space 160256K, 65% used [0x0000000780000000,0x00000007865e6ab0,0x0000000789c80000)
 Metaspace       used 23412K, capacity 23677K, committed 23936K, reserved 1071104K
  class space    used 2265K, capacity 2351K, committed 2432K, reserved 1048576K
}
Event: 620.106 GC heap before
{Heap before GC invocations=140 (full 2):
 PSYoungGen      total 190976K, used 190528K [0x00000007aab00000, 0x00000007b6680000, 0x00000007c0000000)
  eden space 190464K, 100% used [0x00000007aab00000,0x00000007b6500000,0x00000007b6500000)
  from space 512K, 12% used [0x00000007b6500000,0x00000007b6510000,0x00000007b6580000)
  to   space 512K, 0% used [0x00000007b6600000,0x00000007b6600000,0x00000007b6680000)
 ParOldGen       total 160256K, used 104346K [0x0000000780000000, 0x0000000789c80000, 0x00000007aab00000)
  object space 160256K, 65% used [0x0000000780000000,0x00000007865e6ab0,0x0000000789c80000)
 Metaspace       used 23412K, capacity 23677K, committed 23936K, reserved 1071104K
  class space    used 2265K, capacity 2351K, committed 2432K, reserved 1048576K
Event: 620.108 GC heap after
Heap after GC invocations=140 (full 2):
 PSYoungGen      total 191488K, used 96K [0x00000007aab00000, 0x00000007b6680000, 0x00000007c0000000)
  eden space 190976K, 0% used [0x00000007aab00000,0x00000007aab00000,0x00000007b6580000)
  from space 512K, 18% used [0x00000007b6600000,0x00000007b6618000,0x00000007b6680000)
  to   space 512K, 0% used [0x00000007b6580000,0x00000007b6580000,0x00000007b6600000)
 ParOldGen       total 160256K, used 104346K [0x0000000780000000, 0x0000000789c80000, 0x00000007aab00000)
  object space 160256K, 65% used [0x0000000780000000,0x00000007865e6ab0,0x0000000789c80000)
 Metaspace       used 23412K, capacity 23677K, committed 23936K, reserved 1071104K
  class space    used 2265K, capacity 2351K, committed 2432K, reserved 1048576K
}
Event: 625.839 GC heap before
{Heap before GC invocations=141 (full 2):
 PSYoungGen      total 191488K, used 191072K [0x00000007aab00000, 0x00000007b6680000, 0x00000007c0000000)
  eden space 190976K, 100% used [0x00000007aab00000,0x00000007b6580000,0x00000007b6580000)
  from space 512K, 18% used [0x00000007b6600000,0x00000007b6618000,0x00000007b6680000)
  to   space 512K, 0% used [0x00000007b6580000,0x00000007b6580000,0x00000007b6600000)
 ParOldGen       total 160256K, used 104346K [0x0000000780000000, 0x0000000789c80000, 0x00000007aab00000)
  object space 160256K, 65% used [0x0000000780000000,0x00000007865e6ab0,0x0000000789c80000)
 Metaspace       used 23412K, capacity 23677K, committed 23936K, reserved 1071104K
  class space    used 2265K, capacity 2351K, committed 2432K, reserved 1048576K
Event: 625.841 GC heap after
Heap after GC invocations=141 (full 2):
 PSYoungGen      total 191488K, used 64K [0x00000007aab00000, 0x00000007b6700000, 0x00000007c0000000)
  eden space 190976K, 0% used [0x00000007aab00000,0x00000007aab00000,0x00000007b6580000)
  from space 512K, 12% used [0x00000007b6580000,0x00000007b6590000,0x00000007b6600000)
  to   space 512K, 0% used [0x00000007b6680000,0x00000007b6680000,0x00000007b6700000)
 ParOldGen       total 160256K, used 104346K [0x0000000780000000, 0x0000000789c80000, 0x00000007aab00000)
  object space 160256K, 65% used [0x0000000780000000,0x00000007865e6ab0,0x0000000789c80000)
 Metaspace       used 23412K, capacity 23677K, committed 23936K, reserved 1071104K
  class space    used 2265K, capacity 2351K, committed 2432K, reserved 1048576K
}
Event: 631.563 GC heap before
{Heap before GC invocations=142 (full 2):
 PSYoungGen      total 191488K, used 191040K [0x00000007aab00000, 0x00000007b6700000, 0x00000007c0000000)
  eden space 190976K, 100% used [0x00000007aab00000,0x00000007b6580000,0x00000007b6580000)
  from space 512K, 12% used [0x00000007b6580000,0x00000007b6590000,0x00000007b6600000)
  to   space 512K, 0% used [0x00000007b6680000,0x00000007b6680000,0x00000007b6700000)
 ParOldGen       total 160256K, used 104346K [0x0000000780000000, 0x0000000789c80000, 0x00000007aab00000)
  object space 160256K, 65% used [0x0000000780000000,0x00000007865e6ab0,0x0000000789c80000)
 Metaspace       used 23412K, capacity 23677K, committed 23936K, reserved 1071104K
  class space    used 2265K, capacity 2351K, committed 2432K, reserved 1048576K
Event: 631.565 GC heap after
Heap after GC invocations=142 (full 2):
 PSYoungGen      total 192000K, used 64K [0x00000007aab00000, 0x00000007b6700000, 0x00000007c0000000)
  eden space 191488K, 0% used [0x00000007aab00000,0x00000007aab00000,0x00000007b6600000)
  from space 512K, 12% used [0x00000007b6680000,0x00000007b6690000,0x00000007b6700000)
  to   space 512K, 0% used [0x00000007b6600000,0x00000007b6600000,0x00000007b6680000)
 ParOldGen       total 160256K, used 104346K [0x0000000780000000, 0x0000000789c80000, 0x00000007aab00000)
  object space 160256K, 65% used [0x0000000780000000,0x00000007865e6ab0,0x0000000789c80000)
 Metaspace       used 23412K, capacity 23677K, committed 23936K, reserved 1071104K
  class space    used 2265K, capacity 2351K, committed 2432K, reserved 1048576K
}
Event: 637.519 GC heap before
{Heap before GC invocations=143 (full 2):
 PSYoungGen      total 192000K, used 191552K [0x00000007aab00000, 0x00000007b6700000, 0x00000007c0000000)
  eden space 191488K, 100% used [0x00000007aab00000,0x00000007b6600000,0x00000007b6600000)
  from space 512K, 12% used [0x00000007b6680000,0x00000007b6690000,0x00000007b6700000)
  to   space 512K, 0% used [0x00000007b6600000,0x00000007b6600000,0x00000007b6680000)
 ParOldGen       total 160256K, used 104346K [0x0000000780000000, 0x0000000789c80000, 0x00000007aab00000)
  object space 160256K, 65% used [0x0000000780000000,0x00000007865e6ab0,0x0000000789c80000)
 Metaspace       used 23412K, capacity 23677K, committed 23936K, reserved 1071104K
  class space    used 2265K, capacity 2351K, committed 2432K, reserved 1048576K
Event: 637.521 GC heap after
Heap after GC invocations=143 (full 2):
 PSYoungGen      total 192000K, used 64K [0x00000007aab00000, 0x00000007b6780000, 0x00000007c0000000)
  eden space 191488K, 0% used [0x00000007aab00000,0x00000007aab00000,0x00000007b6600000)
  from space 512K, 12% used [0x00000007b6600000,0x00000007b6610000,0x00000007b6680000)
  to   space 512K, 0% used [0x00000007b6700000,0x00000007b6700000,0x00000007b6780000)
 ParOldGen       total 160256K, used 104346K [0x0000000780000000, 0x0000000789c80000, 0x00000007aab00000)
  object space 160256K, 65% used [0x0000000780000000,0x00000007865e6ab0,0x0000000789c80000)
 Metaspace       used 23412K, capacity 23677K, committed 23936K, reserved 1071104K
  class space    used 2265K, capacity 2351K, committed 2432K, reserved 1048576K
}

Deoptimization events (10 events):
Event: 641.536 Thread 0x00007fe6ba964800 Uncommon trap: reason=bimorphic action=maybe_recompile pc=0x00000001072e9e5c method=sun.lwawt.LWComponentPeer.applyConstrain(Ljava/awt/Graphics;)V @ 32
Event: 641.536 Thread 0x00007fe6ba415000 Uncommon trap: reason=class_check action=maybe_recompile pc=0x0000000107277990 method=java.awt.event.InvocationEvent.dispatch()V @ 11
Event: 641.545 Thread 0x00007fe6bb8c1000 Uncommon trap: reason=class_check action=maybe_recompile pc=0x0000000106c25940 method=com.jogamp.common.util.RunnableTask.run()V @ 24
Event: 641.546 Thread 0x00007fe6bb8c1000 Uncommon trap: reason=unstable_if action=reinterpret pc=0x0000000106d3aa7c method=jogamp.nativewindow.macosx.OSXUtil.RunOnMainThread(ZZLjava/lang/Runnable;)V @ 3
Event: 641.555 Thread 0x00007fe6ba415000 Uncommon trap: reason=unstable_if action=reinterpret pc=0x000000010778d588 method=jogamp.opengl.GLContextImpl.release(Z)V @ 161
Event: 641.561 Thread 0x00007fe6ba415000 Uncommon trap: reason=unstable_if action=reinterpret pc=0x0000000107248fc0 method=java.security.AccessControlContext.optimize()Ljava/security/AccessControlContext; @ 233
Event: 641.563 Thread 0x00007fe6ba964800 Uncommon trap: reason=bimorphic action=maybe_recompile pc=0x000000010773d518 method=java.awt.Component.getGraphics()Ljava/awt/Graphics; @ 114
Event: 641.563 Thread 0x00007fe6ba964800 Uncommon trap: reason=bimorphic action=maybe_recompile pc=0x00000001072e9e5c method=sun.lwawt.LWComponentPeer.applyConstrain(Ljava/awt/Graphics;)V @ 32
Event: 641.564 Thread 0x00007fe6ba415000 Uncommon trap: reason=class_check action=maybe_recompile pc=0x0000000107277990 method=java.awt.event.InvocationEvent.dispatch()V @ 11
Event: 641.601 Thread 0x00007fe6bb8c1000 Uncommon trap: reason=class_check action=maybe_recompile pc=0x0000000106c25940 method=com.jogamp.common.util.RunnableTask.run()V @ 24

Internal exceptions (10 events):
Event: 0.390 Thread 0x00007fe6bb001800 Exception <a 'java/io/FileNotFoundException'> (0x00000007aad3a6c0) thrown at [/Users/java_re/workspace/8-2-build-macosx-x86_64/jdk8u77/6540/hotspot/src/share/vm/prims/jni.cpp, line 709]
Event: 0.390 Thread 0x00007fe6bb001800 Exception <a 'java/io/FileNotFoundException'> (0x00000007aad3b208) thrown at [/Users/java_re/workspace/8-2-build-macosx-x86_64/jdk8u77/6540/hotspot/src/share/vm/prims/jni.cpp, line 709]
Event: 0.530 Thread 0x00007fe6bb001800 Exception <a 'java/io/FileNotFoundException'> (0x00000007aae21ff0) thrown at [/Users/java_re/workspace/8-2-build-macosx-x86_64/jdk8u77/6540/hotspot/src/share/vm/prims/jni.cpp, line 709]
Event: 2.622 Thread 0x00007fe6ba026000 Exception <a 'java/lang/NullPointerException'> (0x00000007aabad170) thrown at [/Users/java_re/workspace/8-2-build-macosx-x86_64/jdk8u77/6540/hotspot/src/share/vm/interpreter/linkResolver.cpp, line 1178]
Event: 2.730 Thread 0x00007fe6ba427800 Exception <a 'java/lang/UnsatisfiedLinkError': com.jogamp.common.util.JarUtil.fixNativeLibAttribs(Ljava/lang/String;)Z> (0x00000007aaf43060) thrown at [/Users/java_re/workspace/8-2-build-macosx-x86_64/jdk8u77/6540/hotspot/src/share/vm/prims/nativeLookup.c
Event: 3.745 Thread 0x00007fe6ba415000 Exception <a 'java/io/FileNotFoundException'> (0x00000007ab15b840) thrown at [/Users/java_re/workspace/8-2-build-macosx-x86_64/jdk8u77/6540/hotspot/src/share/vm/prims/jni.cpp, line 709]
Event: 3.746 Thread 0x00007fe6ba415000 Exception <a 'java/io/FileNotFoundException'> (0x00000007ab161a80) thrown at [/Users/java_re/workspace/8-2-build-macosx-x86_64/jdk8u77/6540/hotspot/src/share/vm/prims/jni.cpp, line 709]
Event: 3.746 Thread 0x00007fe6ba415000 Implicit null exception at 0x0000000106be5d35 to 0x0000000106be6099
Event: 8.473 Thread 0x00007fe6ba415000 Implicit null exception at 0x0000000106be7175 to 0x0000000106be74e5
Event: 641.517 Thread 0x00007fe6ba415000 Implicit null exception at 0x0000000106cc6545 to 0x0000000106cc6ec9

Events (10 events):
Event: 641.563 Thread 0x00007fe6ba964800 Uncommon trap: trap_request=0xffffffc6 fr.pc=0x00000001072e9e5c
Event: 641.563 Thread 0x00007fe6ba964800 DEOPT PACKING pc=0x00000001072e9e5c sp=0x00007000017e2bf0
Event: 641.563 Thread 0x00007fe6ba964800 DEOPT UNPACKING pc=0x0000000106a4c229 sp=0x00007000017e2ba0 mode 2
Event: 641.564 Thread 0x00007fe6ba819000 flushing nmethod 0x0000000106ef6290
Event: 641.564 Thread 0x00007fe6ba415000 Uncommon trap: trap_request=0xffffffde fr.pc=0x0000000107277990
Event: 641.564 Thread 0x00007fe6ba415000 DEOPT PACKING pc=0x0000000107277990 sp=0x00007000019e8fe0
Event: 641.564 Thread 0x00007fe6ba415000 DEOPT UNPACKING pc=0x0000000106a4c229 sp=0x00007000019e8e78 mode 2
Event: 641.601 Thread 0x00007fe6bb8c1000 Uncommon trap: trap_request=0xffffffde fr.pc=0x0000000106c25940
Event: 641.601 Thread 0x00007fe6bb8c1000 DEOPT PACKING pc=0x0000000106c25940 sp=0x00007fff5ac196f0
Event: 641.601 Thread 0x00007fe6bb8c1000 DEOPT UNPACKING pc=0x0000000106a4c229 sp=0x00007fff5ac19698 mode 2


Dynamic libraries:
0x000000000b85e000 	/System/Library/Frameworks/Cocoa.framework/Versions/A/Cocoa
0x000000000b85e000 	/System/Library/Frameworks/Security.framework/Versions/A/Security
0x000000000b85e000 	/System/Library/Frameworks/ApplicationServices.framework/Versions/A/ApplicationServices
0x000000000b85e000 	/usr/lib/libz.1.dylib
0x000000000b85e000 	/usr/lib/libSystem.B.dylib
0x000000000b85e000 	/usr/lib/libobjc.A.dylib
0x000000000b85e000 	/System/Library/Frameworks/CoreFoundation.framework/Versions/A/CoreFoundation
0x000000000b85e000 	/System/Library/Frameworks/Foundation.framework/Versions/C/Foundation
0x000000000b85e000 	/System/Library/Frameworks/AppKit.framework/Versions/C/AppKit
0x000000000b85e000 	/System/Library/Frameworks/CoreData.framework/Versions/A/CoreData
0x000000000b85e000 	/System/Library/PrivateFrameworks/RemoteViewServices.framework/Versions/A/RemoteViewServices
0x000000000b85e000 	/System/Library/PrivateFrameworks/UIFoundation.framework/Versions/A/UIFoundation
0x000000000b85e000 	/usr/lib/libScreenReader.dylib
0x000000000b85e000 	/System/Library/Frameworks/Accelerate.framework/Versions/A/Accelerate
0x000000000b85e000 	/System/Library/Frameworks/IOSurface.framework/Versions/A/IOSurface
0x000000000b85e000 	/System/Library/Frameworks/AudioToolbox.framework/Versions/A/AudioToolbox
0x000000000b85e000 	/System/Library/Frameworks/AudioUnit.framework/Versions/A/AudioUnit
0x000000000b85e000 	/System/Library/PrivateFrameworks/DataDetectorsCore.framework/Versions/A/DataDetectorsCore
0x000000000b85e000 	/System/Library/PrivateFrameworks/DesktopServicesPriv.framework/Versions/A/DesktopServicesPriv
0x000000000b85e000 	/System/Library/Frameworks/Carbon.framework/Versions/A/Frameworks/HIToolbox.framework/Versions/A/HIToolbox
0x000000000b85e000 	/System/Library/Frameworks/QuartzCore.framework/Versions/A/QuartzCore
0x000000000b85e000 	/System/Library/Frameworks/Carbon.framework/Versions/A/Frameworks/SpeechRecognition.framework/Versions/A/SpeechRecognition
0x000000000b85e000 	/usr/lib/libauto.dylib
0x000000000b85e000 	/usr/lib/libicucore.A.dylib
0x000000000b85e000 	/usr/lib/libxml2.2.dylib
0x000000000b85e000 	/System/Library/PrivateFrameworks/CoreUI.framework/Versions/A/CoreUI
0x000000000b85e000 	/System/Library/Frameworks/CoreAudio.framework/Versions/A/CoreAudio
0x000000000b85e000 	/System/Library/Frameworks/DiskArbitration.framework/Versions/A/DiskArbitration
0x000000000b85e000 	/usr/lib/liblangid.dylib
0x000000000b85e000 	/System/Library/PrivateFrameworks/MultitouchSupport.framework/Versions/A/MultitouchSupport
0x000000000b85e000 	/System/Library/Frameworks/IOKit.framework/Versions/A/IOKit
0x000000000b85e000 	/usr/lib/libDiagnosticMessagesClient.dylib
0x000000000b85e000 	/System/Library/Frameworks/CoreServices.framework/Versions/A/CoreServices
0x000000000b85e000 	/System/Library/PrivateFrameworks/PerformanceAnalysis.framework/Versions/A/PerformanceAnalysis
0x000000000b85e000 	/System/Library/PrivateFrameworks/GenerationalStorage.framework/Versions/A/GenerationalStorage
0x000000000b85e000 	/System/Library/Frameworks/OpenGL.framework/Versions/A/OpenGL
0x000000000b85e000 	/System/Library/PrivateFrameworks/Sharing.framework/Versions/A/Sharing
0x000000000b85e000 	/System/Library/Frameworks/CoreGraphics.framework/Versions/A/CoreGraphics
0x000000000b85e000 	/System/Library/Frameworks/CoreImage.framework/Versions/A/CoreImage
0x000000000b85e000 	/System/Library/Frameworks/CoreText.framework/Versions/A/CoreText
0x000000000b85e000 	/System/Library/Frameworks/ImageIO.framework/Versions/A/ImageIO
0x000000000b85e000 	/System/Library/PrivateFrameworks/Backup.framework/Versions/A/Backup
0x000000000b85e000 	/usr/lib/libextension.dylib
0x000000000b85e000 	/usr/lib/libarchive.2.dylib
0x000000000b85e000 	/System/Library/Frameworks/CFNetwork.framework/Versions/A/CFNetwork
0x000000000b85e000 	/System/Library/Frameworks/SystemConfiguration.framework/Versions/A/SystemConfiguration
0x000000000b85e000 	/usr/lib/libCRFSuite.dylib
0x000000000b85e000 	/usr/lib/libc++.1.dylib
0x000000000b85e000 	/usr/lib/libc++abi.dylib
0x000000000b85e000 	/usr/lib/system/libcache.dylib
0x000000000b85e000 	/usr/lib/system/libcommonCrypto.dylib
0x000000000b85e000 	/usr/lib/system/libcompiler_rt.dylib
0x000000000b85e000 	/usr/lib/system/libcopyfile.dylib
0x000000000b85e000 	/usr/lib/system/libcorecrypto.dylib
0x000000000b85e000 	/usr/lib/system/libdispatch.dylib
0x000000000b85e000 	/usr/lib/system/libdyld.dylib
0x000000000b85e000 	/usr/lib/system/libkeymgr.dylib
0x000000000b85e000 	/usr/lib/system/liblaunch.dylib
0x000000000b85e000 	/usr/lib/system/libmacho.dylib
0x000000000b85e000 	/usr/lib/system/libquarantine.dylib
0x000000000b85e000 	/usr/lib/system/libremovefile.dylib
0x000000000b85e000 	/usr/lib/system/libsystem_asl.dylib
0x000000000b85e000 	/usr/lib/system/libsystem_blocks.dylib
0x000000000b85e000 	/usr/lib/system/libsystem_c.dylib
0x000000000b85e000 	/usr/lib/system/libsystem_configuration.dylib
0x000000000b85e000 	/usr/lib/system/libsystem_coreservices.dylib
0x000000000b85e000 	/usr/lib/system/libsystem_coretls.dylib
0x000000000b85e000 	/usr/lib/system/libsystem_dnssd.dylib
0x000000000b85e000 	/usr/lib/system/libsystem_info.dylib
0x000000000b85e000 	/usr/lib/system/libsystem_kernel.dylib
0x000000000b85e000 	/usr/lib/system/libsystem_m.dylib
0x000000000b85e000 	/usr/lib/system/libsystem_malloc.dylib
0x000000000b85e000 	/usr/lib/system/libsystem_network.dylib
0x000000000b85e000 	/usr/lib/system/libsystem_networkextension.dylib
0x000000000b85e000 	/usr/lib/system/libsystem_notify.dylib
0x000000000b85e000 	/usr/lib/system/libsystem_platform.dylib
0x000000000b85e000 	/usr/lib/system/libsystem_pthread.dylib
0x000000000b85e000 	/usr/lib/system/libsystem_sandbox.dylib
0x000000000b85e000 	/usr/lib/system/libsystem_secinit.dylib
0x000000000b85e000 	/usr/lib/system/libsystem_trace.dylib
0x000000000b85e000 	/usr/lib/system/libunc.dylib
0x000000000b85e000 	/usr/lib/system/libunwind.dylib
0x000000000b85e000 	/usr/lib/system/libxpc.dylib
0x000000000b85e000 	/usr/lib/libenergytrace.dylib
0x000000000b85e000 	/usr/lib/libbsm.0.dylib
0x000000000b85e000 	/usr/lib/system/libkxld.dylib
0x000000000b85e000 	/usr/lib/libxar.1.dylib
0x000000000b85e000 	/usr/lib/libsqlite3.dylib
0x000000000b85e000 	/usr/lib/libpam.2.dylib
0x000000000b85e000 	/usr/lib/libOpenScriptingUtil.dylib
0x000000000b85e000 	/usr/lib/libbz2.1.0.dylib
0x000000000b85e000 	/usr/lib/liblzma.5.dylib
0x000000000b85e000 	/System/Library/Frameworks/CoreServices.framework/Versions/A/Frameworks/FSEvents.framework/Versions/A/FSEvents
0x000000000b85e000 	/System/Library/Frameworks/CoreServices.framework/Versions/A/Frameworks/CarbonCore.framework/Versions/A/CarbonCore
0x000000000b85e000 	/System/Library/Frameworks/CoreServices.framework/Versions/A/Frameworks/Metadata.framework/Versions/A/Metadata
0x000000000b85e000 	/System/Library/Frameworks/CoreServices.framework/Versions/A/Frameworks/OSServices.framework/Versions/A/OSServices
0x000000000b85e000 	/System/Library/Frameworks/CoreServices.framework/Versions/A/Frameworks/SearchKit.framework/Versions/A/SearchKit
0x000000000b85e000 	/System/Library/Frameworks/CoreServices.framework/Versions/A/Frameworks/AE.framework/Versions/A/AE
0x000000000b85e000 	/System/Library/Frameworks/CoreServices.framework/Versions/A/Frameworks/LaunchServices.framework/Versions/A/LaunchServices
0x000000000b85e000 	/System/Library/Frameworks/CoreServices.framework/Versions/A/Frameworks/DictionaryServices.framework/Versions/A/DictionaryServices
0x000000000b85e000 	/System/Library/Frameworks/CoreServices.framework/Versions/A/Frameworks/SharedFileList.framework/Versions/A/SharedFileList
0x000000000b85e000 	/System/Library/Frameworks/NetFS.framework/Versions/A/NetFS
0x000000000b85e000 	/System/Library/PrivateFrameworks/NetAuth.framework/Versions/A/NetAuth
0x000000000b85e000 	/System/Library/PrivateFrameworks/login.framework/Versions/A/Frameworks/loginsupport.framework/Versions/A/loginsupport
0x000000000b85e000 	/System/Library/PrivateFrameworks/TCC.framework/Versions/A/TCC
0x000000000b85e000 	/usr/lib/libmecabra.dylib
0x000000000b85e000 	/System/Library/Frameworks/ApplicationServices.framework/Versions/A/Frameworks/ATS.framework/Versions/A/ATS
0x000000000b85e000 	/System/Library/Frameworks/ApplicationServices.framework/Versions/A/Frameworks/ColorSync.framework/Versions/A/ColorSync
0x000000000b85e000 	/System/Library/Frameworks/ApplicationServices.framework/Versions/A/Frameworks/HIServices.framework/Versions/A/HIServices
0x000000000b85e000 	/System/Library/Frameworks/ApplicationServices.framework/Versions/A/Frameworks/LangAnalysis.framework/Versions/A/LangAnalysis
0x000000000b85e000 	/System/Library/Frameworks/ApplicationServices.framework/Versions/A/Frameworks/PrintCore.framework/Versions/A/PrintCore
0x000000000b85e000 	/System/Library/Frameworks/ApplicationServices.framework/Versions/A/Frameworks/QD.framework/Versions/A/QD
0x000000000b85e000 	/System/Library/Frameworks/ApplicationServices.framework/Versions/A/Frameworks/SpeechSynthesis.framework/Versions/A/SpeechSynthesis
0x000000000b85e000 	/System/Library/Frameworks/Metal.framework/Versions/A/Metal
0x000000000b85e000 	/System/Library/Frameworks/Accelerate.framework/Versions/A/Frameworks/vImage.framework/Versions/A/vImage
0x000000000b85e000 	/System/Library/Frameworks/Accelerate.framework/Versions/A/Frameworks/vecLib.framework/Versions/A/vecLib
0x000000000b85e000 	/System/Library/Frameworks/Accelerate.framework/Versions/A/Frameworks/vecLib.framework/Versions/A/libvDSP.dylib
0x000000000b85e000 	/System/Library/Frameworks/Accelerate.framework/Versions/A/Frameworks/vecLib.framework/Versions/A/libvMisc.dylib
0x000000000b85e000 	/System/Library/Frameworks/Accelerate.framework/Versions/A/Frameworks/vecLib.framework/Versions/A/libLAPACK.dylib
0x000000000b85e000 	/System/Library/Frameworks/Accelerate.framework/Versions/A/Frameworks/vecLib.framework/Versions/A/libBLAS.dylib
0x000000000b85e000 	/System/Library/Frameworks/Accelerate.framework/Versions/A/Frameworks/vecLib.framework/Versions/A/libLinearAlgebra.dylib
0x000000000b85e000 	/System/Library/Frameworks/Accelerate.framework/Versions/A/Frameworks/vecLib.framework/Versions/A/libSparseBLAS.dylib
0x000000000b85e000 	/System/Library/PrivateFrameworks/GPUCompiler.framework/libmetal_timestamp.dylib
0x000000000b85e000 	/System/Library/Frameworks/OpenGL.framework/Versions/A/Libraries/libCoreFSCache.dylib
0x000000000b85e000 	/System/Library/PrivateFrameworks/IOAccelerator.framework/Versions/A/IOAccelerator
0x000000000b85e000 	/System/Library/Frameworks/ApplicationServices.framework/Versions/A/Frameworks/ATS.framework/Versions/A/Resources/libFontParser.dylib
0x000000000b85e000 	/System/Library/Frameworks/ApplicationServices.framework/Versions/A/Frameworks/ATS.framework/Versions/A/Resources/libFontRegistry.dylib
0x000000000b85e000 	/System/Library/PrivateFrameworks/AppleVPA.framework/Versions/A/AppleVPA
0x000000000b85e000 	/System/Library/PrivateFrameworks/AppleJPEG.framework/Versions/A/AppleJPEG
0x000000000b85e000 	/System/Library/Frameworks/ImageIO.framework/Versions/A/Resources/libJPEG.dylib
0x000000000b85e000 	/System/Library/Frameworks/ImageIO.framework/Versions/A/Resources/libTIFF.dylib
0x000000000b85e000 	/System/Library/Frameworks/ImageIO.framework/Versions/A/Resources/libPng.dylib
0x000000000b85e000 	/System/Library/Frameworks/ImageIO.framework/Versions/A/Resources/libGIF.dylib
0x000000000b85e000 	/System/Library/Frameworks/ImageIO.framework/Versions/A/Resources/libJP2.dylib
0x000000000b85e000 	/System/Library/Frameworks/ImageIO.framework/Versions/A/Resources/libRadiance.dylib
0x000000000b85e000 	/System/Library/Frameworks/CoreVideo.framework/Versions/A/CoreVideo
0x000000000b85e000 	/System/Library/Frameworks/OpenGL.framework/Versions/A/Libraries/libGLU.dylib
0x000000000b85e000 	/System/Library/Frameworks/OpenGL.framework/Versions/A/Libraries/libGFXShared.dylib
0x000000000b85e000 	/System/Library/Frameworks/OpenGL.framework/Versions/A/Libraries/libGL.dylib
0x000000000b85e000 	/System/Library/Frameworks/OpenGL.framework/Versions/A/Libraries/libGLImage.dylib
0x000000000b85e000 	/System/Library/Frameworks/OpenGL.framework/Versions/A/Libraries/libCVMSPluginSupport.dylib
0x000000000b85e000 	/System/Library/Frameworks/OpenGL.framework/Versions/A/Libraries/libCoreVMClient.dylib
0x000000000b85e000 	/usr/lib/libcompression.dylib
0x000000000b85e000 	/usr/lib/libcups.2.dylib
0x000000000b85e000 	/System/Library/Frameworks/Kerberos.framework/Versions/A/Kerberos
0x000000000b85e000 	/System/Library/Frameworks/GSS.framework/Versions/A/GSS
0x000000000b85e000 	/usr/lib/libresolv.9.dylib
0x000000000b85e000 	/usr/lib/libiconv.2.dylib
0x000000000b85e000 	/System/Library/PrivateFrameworks/Heimdal.framework/Versions/A/Heimdal
0x000000000b85e000 	/usr/lib/libheimdal-asn1.dylib
0x000000000b85e000 	/System/Library/Frameworks/OpenDirectory.framework/Versions/A/OpenDirectory
0x000000000b85e000 	/System/Library/PrivateFrameworks/CommonAuth.framework/Versions/A/CommonAuth
0x000000000b85e000 	/System/Library/Frameworks/OpenDirectory.framework/Versions/A/Frameworks/CFOpenDirectory.framework/Versions/A/CFOpenDirectory
0x000000000b85e000 	/System/Library/Frameworks/SecurityFoundation.framework/Versions/A/SecurityFoundation
0x000000000b85e000 	/System/Library/PrivateFrameworks/LanguageModeling.framework/Versions/A/LanguageModeling
0x000000000b85e000 	/usr/lib/libmarisa.dylib
0x000000000b85e000 	/usr/lib/libChineseTokenizer.dylib
0x000000000b85e000 	/usr/lib/libcmph.dylib
0x000000000b85e000 	/System/Library/Frameworks/ServiceManagement.framework/Versions/A/ServiceManagement
0x000000000b85e000 	/usr/lib/libxslt.1.dylib
0x000000000b85e000 	/System/Library/Frameworks/Carbon.framework/Versions/A/Frameworks/Ink.framework/Versions/A/Ink
0x000000000b85e000 	/usr/lib/libFosl_dynamic.dylib
0x000000000b85e000 	/System/Library/PrivateFrameworks/FaceCore.framework/Versions/A/FaceCore
0x000000000b85e000 	/System/Library/Frameworks/OpenCL.framework/Versions/A/OpenCL
0x000000000b85e000 	/System/Library/PrivateFrameworks/CrashReporterSupport.framework/Versions/A/CrashReporterSupport
0x000000000b85e000 	/System/Library/PrivateFrameworks/IconServices.framework/Versions/A/IconServices
0x000000000b85e000 	/System/Library/PrivateFrameworks/Apple80211.framework/Versions/A/Apple80211
0x000000000b85e000 	/System/Library/Frameworks/CoreWLAN.framework/Versions/A/CoreWLAN
0x000000000b85e000 	/System/Library/Frameworks/IOBluetooth.framework/Versions/A/IOBluetooth
0x000000000b85e000 	/System/Library/PrivateFrameworks/CoreWiFi.framework/Versions/A/CoreWiFi
0x000000000b85e000 	/System/Library/Frameworks/CoreBluetooth.framework/Versions/A/CoreBluetooth
0x000000000b85e000 	/System/Library/PrivateFrameworks/ChunkingLibrary.framework/Versions/A/ChunkingLibrary
0x000000000b85e000 	/System/Library/PrivateFrameworks/DebugSymbols.framework/Versions/A/DebugSymbols
0x000000000b85e000 	/System/Library/PrivateFrameworks/CoreSymbolication.framework/Versions/A/CoreSymbolication
0x000000000b85e000 	/System/Library/PrivateFrameworks/Symbolication.framework/Versions/A/Symbolication
0x000000000b85e000 	/System/Library/PrivateFrameworks/SpeechRecognitionCore.framework/Versions/A/SpeechRecognitionCore
0x000000010525e000 	/Library/Java/JavaVirtualMachines/jdk1.8.0_77.jdk/Contents/Home/jre/lib/server/libjvm.dylib
0x000000000b85e000 	/usr/lib/libstdc++.6.dylib
0x00000001061f1000 	/Library/Java/JavaVirtualMachines/jdk1.8.0_77.jdk/Contents/Home/jre/lib/libverify.dylib
0x0000000106a00000 	/Library/Java/JavaVirtualMachines/jdk1.8.0_77.jdk/Contents/Home/jre/lib/libjava.dylib
0x0000000106a3e000 	/Library/Java/JavaVirtualMachines/jdk1.8.0_77.jdk/Contents/Home/jre/lib/libzip.dylib
0x0000000119e41000 	/System/Library/Frameworks/JavaVM.framework/Frameworks/JavaRuntimeSupport.framework/JavaRuntimeSupport
0x0000000119e5c000 	/System/Library/Frameworks/JavaVM.framework/Versions/A/Frameworks/JavaNativeFoundation.framework/Versions/A/JavaNativeFoundation
0x0000000119e71000 	/System/Library/Frameworks/JavaVM.framework/Versions/A/JavaVM
0x000000000b85e000 	/System/Library/Frameworks/Carbon.framework/Versions/A/Carbon
0x0000000119e7e000 	/System/Library/PrivateFrameworks/JavaLaunching.framework/Versions/A/JavaLaunching
0x000000000b85e000 	/System/Library/Frameworks/Carbon.framework/Versions/A/Frameworks/CommonPanels.framework/Versions/A/CommonPanels
0x000000000b85e000 	/System/Library/Frameworks/Carbon.framework/Versions/A/Frameworks/Help.framework/Versions/A/Help
0x000000000b85e000 	/System/Library/Frameworks/Carbon.framework/Versions/A/Frameworks/ImageCapture.framework/Versions/A/ImageCapture
0x000000000b85e000 	/System/Library/Frameworks/Carbon.framework/Versions/A/Frameworks/OpenScripting.framework/Versions/A/OpenScripting
0x000000000b85e000 	/System/Library/Frameworks/Carbon.framework/Versions/A/Frameworks/Print.framework/Versions/A/Print
0x000000000b85e000 	/System/Library/Frameworks/Carbon.framework/Versions/A/Frameworks/SecurityHI.framework/Versions/A/SecurityHI
0x000000011b7a2000 	/Library/Java/JavaVirtualMachines/jdk1.8.0_77.jdk/Contents/Home/jre/lib/libawt.dylib
0x000000011b84a000 	/Library/Java/JavaVirtualMachines/jdk1.8.0_77.jdk/Contents/Home/jre/lib/./libmlib_image.dylib
0x000000011b916000 	/Library/Java/JavaVirtualMachines/jdk1.8.0_77.jdk/Contents/Home/jre/lib/libawt_lwawt.dylib
0x000000011b9cb000 	/Library/Java/JavaVirtualMachines/jdk1.8.0_77.jdk/Contents/Home/jre/lib/./libosxapp.dylib
0x000000000b85e000 	/System/Library/Frameworks/ExceptionHandling.framework/Versions/A/ExceptionHandling
0x000000000b85e000 	/System/Library/PrivateFrameworks/CoreServicesInternal.framework/Versions/A/CoreServicesInternal
0x000000000b85e000 	/System/Library/Frameworks/CoreGraphics.framework/Versions/A/Resources/libRIP.A.dylib
0x000000000b85e000 	/System/Library/Frameworks/Accelerate.framework/Versions/A/Frameworks/vImage.framework/Versions/A/Libraries/libCGInterfaces.dylib
0x000000000b85e000 	/System/Library/Frameworks/CoreGraphics.framework/Versions/A/Resources/libCGXType.A.dylib
0x000000000b85e000 	/System/Library/Frameworks/OpenCL.framework/Versions/A/Libraries/libcldcpuengine.dylib
0x000000000b85e000 	/System/Library/PrivateFrameworks/DiskImages.framework/Versions/A/DiskImages
0x000000000b85e000 	/System/Library/Frameworks/DiscRecording.framework/Versions/A/DiscRecording
0x000000000b85e000 	/usr/lib/libcsfde.dylib
0x000000000b85e000 	/usr/lib/libcurl.4.dylib
0x000000000b85e000 	/System/Library/PrivateFrameworks/MediaKit.framework/Versions/A/MediaKit
0x000000000b85e000 	/System/Library/PrivateFrameworks/ProtectedCloudStorage.framework/Versions/A/ProtectedCloudStorage
0x000000000b85e000 	/usr/lib/libCoreStorage.dylib
0x000000000b85e000 	/System/Library/PrivateFrameworks/EFILogin.framework/Versions/A/EFILogin
0x000000000b85e000 	/usr/lib/libutil.dylib
0x000000000b85e000 	/System/Library/PrivateFrameworks/FindMyDevice.framework/Versions/A/FindMyDevice
0x000000000b85e000 	/System/Library/Frameworks/LDAP.framework/Versions/A/LDAP
0x000000000b85e000 	/usr/lib/libsasl2.2.dylib
0x000000000b85e000 	/System/Library/PrivateFrameworks/CoreDaemon.framework/Versions/B/CoreDaemon
0x000000000b85e000 	/usr/lib/libcrypto.0.9.8.dylib
0x000000000b85e000 	/System/Library/PrivateFrameworks/AppleSRP.framework/Versions/A/AppleSRP
0x000000000b85e000 	/System/Library/PrivateFrameworks/TrustEvaluationAgent.framework/Versions/A/TrustEvaluationAgent
0x000000011d15a000 	cl_kernels
0x000000000b85e000 	/System/Library/Frameworks/OpenCL.framework/Versions/A/Libraries/ImageFormats/unorm8_bgra.dylib
0x000000000b85e000 	/System/Library/Frameworks/OpenCL.framework/Versions/A/Libraries/ImageFormats/unorm8_rgba.dylib
0x000000000b85e000 	/System/Library/PrivateFrameworks/FamilyControls.framework/Versions/A/FamilyControls
0x000000000b85e000 	/System/Library/PrivateFrameworks/CommerceKit.framework/Versions/A/Frameworks/CommerceCore.framework/Versions/A/CommerceCore
0x000000000b85e000 	/System/Library/PrivateFrameworks/SystemAdministration.framework/Versions/A/SystemAdministration
0x000000000b85e000 	/System/Library/PrivateFrameworks/AppContainer.framework/Versions/A/AppContainer
0x000000000b85e000 	/System/Library/PrivateFrameworks/SecCodeWrapper.framework/Versions/A/SecCodeWrapper
0x000000000b85e000 	/System/Library/Frameworks/DirectoryService.framework/Versions/A/DirectoryService
0x000000000b85e000 	/System/Library/PrivateFrameworks/LoginUIKit.framework/Versions/A/Frameworks/LoginUICore.framework/Versions/A/LoginUICore
0x000000000b85e000 	/usr/lib/libodfde.dylib
0x000000000b85e000 	/System/Library/Frameworks/OpenGL.framework/Versions/A/Resources/GLEngine.bundle/GLEngine
0x000000000b85e000 	/System/Library/Frameworks/OpenGL.framework/Versions/A/Libraries/libGLProgrammability.dylib
0x000000011e199000 	/System/Library/Extensions/AppleIntelHD5000GraphicsGLDriver.bundle/Contents/MacOS/AppleIntelHD5000GraphicsGLDriver
0x000000000b85e000 	/System/Library/PrivateFrameworks/GPUSupport.framework/Versions/A/Libraries/libGPUSupportMercury.dylib
0x000000000b85e000 	/System/Library/Frameworks/OpenGL.framework/Versions/A/Resources/GLRendererFloat.bundle/GLRendererFloat
0x000000011f189000 	/Library/Java/JavaVirtualMachines/jdk1.8.0_77.jdk/Contents/Home/jre/lib/libfontmanager.dylib
0x0000000120629000 	/Library/Java/JavaVirtualMachines/jdk1.8.0_77.jdk/Contents/Home/jre/lib/libosxui.dylib
0x000000012134e000 	/Library/Java/JavaVirtualMachines/jdk1.8.0_77.jdk/Contents/Home/jre/lib/libnet.dylib
0x0000000121194000 	/Library/Java/JavaVirtualMachines/jdk1.8.0_77.jdk/Contents/Home/jre/lib/libnio.dylib
0x000000000b85e000 	/System/Library/Frameworks/ApplicationServices.framework/Versions/A/Frameworks/ATS.framework/Versions/A/Resources/libTrueTypeScaler.dylib
0x000000017a0a4000 	/System/Library/Extensions/AppleIntelHD5000GraphicsMTLDriver.bundle/Contents/MacOS/AppleIntelHD5000GraphicsMTLDriver
0x000000011c744000 	/private/var/folders/vm/c6ql63410d962mlmgt4yhc5h0000gn/T/jogamp_0000/file_cache/jln5523942822113624722/jln3685869656405797612/libgluegen-rt.jnilib
0x000000011c749000 	/private/var/folders/vm/c6ql63410d962mlmgt4yhc5h0000gn/T/jogamp_0000/file_cache/jln5523942822113624722/jln3685869656405797612/libnativewindow_awt.jnilib
0x00000001202ff000 	/Library/Java/JavaVirtualMachines/jdk1.8.0_77.jdk/Contents/Home/jre/lib/libjawt.dylib
0x000000017a040000 	/private/var/folders/vm/c6ql63410d962mlmgt4yhc5h0000gn/T/jogamp_0000/file_cache/jln5523942822113624722/jln3685869656405797612/libnativewindow_macosx.jnilib
0x000000017bf89000 	/private/var/folders/vm/c6ql63410d962mlmgt4yhc5h0000gn/T/jogamp_0000/file_cache/jln5523942822113624722/jln3685869656405797612/libjogl_desktop.jnilib
0x0000000182fa5000 	/Library/Java/JavaVirtualMachines/jdk1.8.0_77.jdk/Contents/Home/jre/lib/libt2k.dylib

VM Arguments:
jvm_args: -Djava.security.policy=java.policy.applet -Dfile.encoding=UTF-8 
java_command: sun.applet.AppletViewer module6.EarthquakeCityMap1464490736484.html
java_class_path (initial): /Users/xingdu/Documents/workspace/UCSDUnfoldingMaps/build:/Users/xingdu/Documents/workspace/UCSDUnfoldingMaps/lib/core.jar:/Users/xingdu/Documents/workspace/UCSDUnfoldingMaps/lib/gluegen-rt.jar:/Users/xingdu/Documents/workspace/UCSDUnfoldingMaps/lib/jogl-all.jar:/Users/xingdu/Documents/workspace/UCSDUnfoldingMaps/lib/log4j-1.2.15.jar:/Users/xingdu/Documents/workspace/UCSDUnfoldingMaps/lib/sqlite-jdbc-3.7.2.jar:/Users/xingdu/Documents/workspace/UCSDUnfoldingMaps/lib/json4processing.jar:/Users/xingdu/Documents/workspace/UCSDUnfoldingMaps/lib/libTUIO.jar:/Users/xingdu/Documents/workspace/UCSDUnfoldingMaps/lib/unfolding.0.9.7-uscd.jar
Launcher Type: SUN_STANDARD

Environment Variables:
PATH=/usr/bin:/bin:/usr/sbin:/sbin
SHELL=/bin/bash

Signal Handlers:
SIGSEGV: [libjvm.dylib+0x5a6855], sa_mask[0]=11111111011111110111111111111111, sa_flags=SA_ONSTACK|SA_RESTART|SA_SIGINFO
SIGBUS: [libjvm.dylib+0x5a6855], sa_mask[0]=11111111011111110111111111111111, sa_flags=SA_RESTART|SA_SIGINFO
SIGFPE: [libjvm.dylib+0x4804ec], sa_mask[0]=11111111011111110111111111111111, sa_flags=SA_RESTART|SA_SIGINFO
SIGPIPE: [libjvm.dylib+0x4804ec], sa_mask[0]=11111111011111110111111111111111, sa_flags=SA_RESTART|SA_SIGINFO
SIGXFSZ: [libjvm.dylib+0x4804ec], sa_mask[0]=11111111011111110111111111111111, sa_flags=SA_RESTART|SA_SIGINFO
SIGILL: [libjvm.dylib+0x4804ec], sa_mask[0]=11111111011111110111111111111111, sa_flags=SA_RESTART|SA_SIGINFO
SIGUSR1: SIG_DFL, sa_mask[0]=00000000000000000000000000000000, sa_flags=none
SIGUSR2: [libjvm.dylib+0x48000a], sa_mask[0]=00100000000000000000000000000000, sa_flags=SA_RESTART|SA_SIGINFO
SIGHUP: [libjvm.dylib+0x47e5e1], sa_mask[0]=11111111011111110111111111111111, sa_flags=SA_RESTART|SA_SIGINFO
SIGINT: [libjvm.dylib+0x47e5e1], sa_mask[0]=11111111011111110111111111111111, sa_flags=SA_RESTART|SA_SIGINFO
SIGTERM: [libjvm.dylib+0x47e5e1], sa_mask[0]=11111111011111110111111111111111, sa_flags=SA_RESTART|SA_SIGINFO
SIGQUIT: [libjvm.dylib+0x47e5e1], sa_mask[0]=11111111011111110111111111111111, sa_flags=SA_RESTART|SA_SIGINFO


---------------  S Y S T E M  ---------------

OS:Bsduname:Darwin 15.5.0 Darwin Kernel Version 15.5.0: Tue Apr 19 18:36:36 PDT 2016; root:xnu-3248.50.21~8/RELEASE_X86_64 x86_64
rlimit: STACK 8192k, CORE 0k, NPROC 709, NOFILE 10240, AS infinity
load average:3.38 3.14 2.88

CPU:total 4 (2 cores per cpu, 2 threads per core) family 6 model 69 stepping 1, cmov, cx8, fxsr, mmx, sse, sse2, sse3, ssse3, sse4.1, sse4.2, popcnt, avx, avx2, aes, clmul, erms, lzcnt, ht, tsc, tscinvbit, bmi1, bmi2

Memory: 4k page, physical 4194304k(68976k free)

/proc/meminfo:


vm_info: Java HotSpot(TM) 64-Bit Server VM (25.77-b03) for bsd-amd64 JRE (1.8.0_77-b03), built on Mar 20 2016 22:14:03 by "java_re" with gcc 4.2.1 (Based on Apple Inc. build 5658) (LLVM build 2336.11.00)

time: Sat May 28 23:09:38 2016
elapsed time: 641 seconds (0d 0h 10m 41s)

