#
# A fatal error has been detected by the Java Runtime Environment:
#
#  SIGSEGV (0xb) at pc=0x00007fffa133a4dd, pid=62112, tid=2571
#
# JRE version: Java(TM) SE Runtime Environment (8.0_77-b03) (build 1.8.0_77-b03)
# Java VM: Java HotSpot(TM) 64-Bit Server VM (25.77-b03 mixed mode bsd-amd64 compressed oops)
# Problematic frame:
# C  [libobjc.A.dylib+0x14dd]  objc_msgSend+0x1d
#
# Failed to write core dump. Core dumps have been disabled. To enable core dumping, try "ulimit -c unlimited" before starting Java again
#
# If you would like to submit a bug report, please visit:
#   http://bugreport.java.com/bugreport/crash.jsp
# The crash happened outside the Java Virtual Machine in native code.
# See problematic frame for where to report the bug.
#

---------------  T H R E A D  ---------------

Current thread (0x00007f80690b5800):  JavaThread "AWT-AppKit" daemon [_thread_in_native, id=2571, stack(0x00007fff4ff3c000,0x00007fff5073c000)]

siginfo: si_signo: 11 (SIGSEGV), si_code: 1 (SEGV_MAPERR), si_addr: 0x0000000000000018

Registers:
RAX=0x00007f806cb6b020, RBX=0x0000000126c28450, RCX=0x0000000126b15320, RDX=0x0000000126c10140
RSP=0x00007fff50737388, RBP=0x00007fff50737440, RSI=0x00007fff97d1fcde, RDI=0x00007f80686b2550
R8 =0x0000000000000000, R9 =0x00000000000008b0, R10=0x00007fff97d1fcde, R11=0x0000000000000000
R12=0x0000000000000000, R13=0x000000018626bda0, R14=0x0000000126c28440, R15=0x00007f80690b5800
RIP=0x00007fffa133a4dd, EFLAGS=0x0000000000010246, ERR=0x0000000000000004
  TRAPNO=0x000000000000000e

Top of Stack: (sp=0x00007fff50737388)
0x00007fff50737388:   0000000126c26157 00007fff507373e0
0x00007fff50737398:   0000000000000003 00007fff507373c0
0x00007fff507373a8:   000000010f930b02 000000018626bda0
0x00007fff507373b8:   000000018626bda0 00007f806cb6b020
0x00007fff507373c8:   0000000126c286a0 0000000126c28710
0x00007fff507373d8:   00007fff7e09e770 00007fff7bc8c500
0x00007fff507373e8:   0000000126c28450 0000000126c28690
0x00007fff507373f8:   00007f806cb6b020 00007f80686b2550
0x00007fff50737408:   00007f806cd5b490 00007f806cb6b020
0x00007fff50737418:   00007f80686b2550 00007fff507374c8
0x00007fff50737428:   00007f80690b59f8 000000018626bda0
0x00007fff50737438:   00007fff507374f0 00007fff507374b8
0x00007fff50737448:   0000000111015954 000000018626bda0
0x00007fff50737458:   00007fff507374f0 00007fff507374b8
0x00007fff50737468:   00000001110156e7 00000001110156a2
0x00007fff50737478:   00007fff50737478 000000018626bda0
0x00007fff50737488:   00007fff507374f0 000000018619a1b0
0x00007fff50737498:   0000000000000000 000000018626bda0
0x00007fff507374a8:   0000000000000000 00007fff507374d8
0x00007fff507374b8:   00007fff50737538 0000000111007c4d
0x00007fff507374c8:   0000000782abfdb8 000000011100f578
0x00007fff507374d8:   00007f806cb6b020 00007fff50737538
0x00007fff507374e8:   00007f80686b2550 0000000111010d82
0x00007fff507374f8:   00007fff507374f8 000000018626bf6a
0x00007fff50737508:   00007fff50737560 000000018619a1b0
0x00007fff50737518:   0000000000000000 000000018626bf78
0x00007fff50737528:   00007fff507374d8 00007fff50737548
0x00007fff50737538:   00007fff507375a8 0000000111007c4d
0x00007fff50737548:   00007f806cb6b020 0000000782b19128
0x00007fff50737558:   00007f80686b2550 0000000782b19128
0x00007fff50737568:   00007fff50737568 000000018d61aaf6
0x00007fff50737578:   00007fff507375b8 000000018d61abb0 

Instructions: (pc=0x00007fffa133a4dd)
0x00007fffa133a4bd:   44 00 00 48 85 ff 2e 74 62 40 f6 c7 01 2e 75 66
0x00007fffa133a4cd:   49 bb f8 ff ff ff ff 7f 00 00 4c 23 1f 49 89 f2
0x00007fffa133a4dd:   45 23 53 18 49 c1 e2 04 4d 03 53 10 49 3b 32 75
0x00007fffa133a4ed:   04 41 ff 62 08 49 83 3a 01 76 0d 49 83 c2 10 49 

Register to memory mapping:

RAX=0x00007f806cb6b020 is an unknown value
RBX=0x0000000126c28450: Java_jogamp_nativewindow_macosx_OSXUtil_GetScreenRefreshRate0+0x1cf0 in /private/var/folders/vm/c6ql63410d962mlmgt4yhc5h0000gn/T/jogamp_0000/file_cache/jln2743939706279856697/jln8932738147042754777/libnativewindow_macosx.jnilib at 0x0000000126c21000
RCX=0x0000000126b15320 is an unknown value
RDX=0x0000000126c10140 is an unknown value
RSP=0x00007fff50737388 is pointing into the stack for thread: 0x00007f80690b5800
RBP=0x00007fff50737440 is pointing into the stack for thread: 0x00007f80690b5800
RSI=0x00007fff97d1fcde is an unknown value
RDI=0x00007f80686b2550 is an unknown value
R8 =0x0000000000000000 is an unknown value
R9 =0x00000000000008b0 is an unknown value
R10=0x00007fff97d1fcde is an unknown value
R11=0x0000000000000000 is an unknown value
R12=0x0000000000000000 is an unknown value
R13={method} {0x000000018626bda0} 'UnsetJAWTRootSurfaceLayer0' '(JJ)V' in 'jogamp/nativewindow/jawt/macosx/MacOSXJAWTWindow'
R14=0x0000000126c28440: Java_jogamp_nativewindow_macosx_OSXUtil_GetScreenRefreshRate0+0x1ce0 in /private/var/folders/vm/c6ql63410d962mlmgt4yhc5h0000gn/T/jogamp_0000/file_cache/jln2743939706279856697/jln8932738147042754777/libnativewindow_macosx.jnilib at 0x0000000126c21000
R15=0x00007f80690b5800 is a thread


Stack: [0x00007fff4ff3c000,0x00007fff5073c000],  sp=0x00007fff50737388,  free space=8172k
Native frames: (J=compiled Java code, j=interpreted, Vv=VM code, C=native code)
C  [libobjc.A.dylib+0x14dd]  objc_msgSend+0x1d
j  jogamp.nativewindow.jawt.macosx.MacOSXJAWTWindow.UnsetJAWTRootSurfaceLayer0(JJ)V+0
j  jogamp.nativewindow.jawt.macosx.MacOSXJAWTWindow.access$200(JJ)V+2
j  jogamp.nativewindow.jawt.macosx.MacOSXJAWTWindow$1.run()V+38
J 3036 C1 com.jogamp.common.util.RunnableTask.run()V (345 bytes) @ 0x0000000111831e54 [0x0000000111831cc0+0x194]
v  ~StubRoutines::call_stub
V  [libjvm.dylib+0x2ea39e]
V  [libjvm.dylib+0x3214a7]
V  [libjvm.dylib+0x313c7b]
C  [libnativewindow_macosx.jnilib+0x5326]  Java_jogamp_nativewindow_jawt_macosx_MacOSXJAWTWindow_UnsetJAWTRootSurfaceLayer0+0x2b6
C  [Foundation+0x76fde]  __NSThreadPerformPerform+0x117
C  [CoreFoundation+0xaa881]  __CFRUNLOOP_IS_CALLING_OUT_TO_A_SOURCE0_PERFORM_FUNCTION__+0x11
C  [CoreFoundation+0x89f37]  __CFRunLoopDoSources0+0x1a7
C  [CoreFoundation+0x894df]  __CFRunLoopRun+0x39f
C  [CoreFoundation+0x88ed8]  CFRunLoopRunSpecific+0x128
C  [HIToolbox+0x30935]  RunCurrentEventLoopInMode+0xeb
C  [HIToolbox+0x30677]  ReceiveNextEventCommon+0xb8
C  [HIToolbox+0x305af]  _BlockUntilNextEventMatchingListInModeWithFilter+0x47
C  [AppKit+0x48df6]  _DPSNextEvent+0x42b
C  [AppKit+0x48226]  -[NSApplication _nextEventMatchingEventMask:untilDate:inMode:dequeue:]+0x1c6
C  [libosxapp.dylib+0x23aa]  -[NSApplicationAWT nextEventMatchingMask:untilDate:inMode:dequeue:]+0x7c
C  [AppKit+0x3cd80]  -[NSApplication run]+0x2aa
C  [libosxapp.dylib+0x214d]  +[NSApplicationAWT runAWTLoopWithApp:]+0x9c
C  [libawt_lwawt.dylib+0x4455b]  -[AWTStarter starter:]+0x389
C  [Foundation+0x76fde]  __NSThreadPerformPerform+0x117
C  [CoreFoundation+0xaa881]  __CFRUNLOOP_IS_CALLING_OUT_TO_A_SOURCE0_PERFORM_FUNCTION__+0x11
C  [CoreFoundation+0x89fbc]  __CFRunLoopDoSources0+0x22c
C  [CoreFoundation+0x894df]  __CFRunLoopRun+0x39f
C  [CoreFoundation+0x88ed8]  CFRunLoopRunSpecific+0x128
C  [java+0x6463]  CreateExecutionEnvironment+0x367
C  [java+0x21ac]  JLI_Launch+0x7a0
C  [java+0x84c0]  main+0x65
C  [java+0x1a04]  start+0x34
C  0x0000000000000007

Java frames: (J=compiled Java code, j=interpreted, Vv=VM code)
j  jogamp.nativewindow.jawt.macosx.MacOSXJAWTWindow.UnsetJAWTRootSurfaceLayer0(JJ)V+0
j  jogamp.nativewindow.jawt.macosx.MacOSXJAWTWindow.access$200(JJ)V+2
j  jogamp.nativewindow.jawt.macosx.MacOSXJAWTWindow$1.run()V+38
J 3036 C1 com.jogamp.common.util.RunnableTask.run()V (345 bytes) @ 0x0000000111831e54 [0x0000000111831cc0+0x194]
v  ~StubRoutines::call_stub

---------------  P R O C E S S  ---------------

Java Threads: ( => current thread )
  0x00007f806da82800 JavaThread "Thread-111" [_thread_blocked, id=34375, stack(0x0000700001a71000,0x0000700001b71000)]
  0x00007f806ea46000 JavaThread "Image Fetcher 2" daemon [_thread_blocked, id=33799, stack(0x0000700001f80000,0x0000700002080000)]
  0x00007f806e8cb800 JavaThread "Image Fetcher 1" daemon [_thread_blocked, id=39267, stack(0x000070000104a000,0x000070000114a000)]
  0x00007f806e0fc800 JavaThread "Image Fetcher 0" daemon [_thread_blocked, id=25891, stack(0x0000700001e7d000,0x0000700001f7d000)]
  0x00007f806a5a2800 JavaThread "Keep-Alive-Timer" daemon [_thread_blocked, id=64107, stack(0x0000700001d7a000,0x0000700001e7a000)]
  0x00007f8069807000 JavaThread "Animation Thread" [_thread_blocked, id=58915, stack(0x00007000017e8000,0x00007000018e8000)]
  0x00007f8069c57800 JavaThread "AWT-EventQueue-1" [_thread_in_native, id=59431, stack(0x00007000018eb000,0x00007000019eb000)]
  0x00007f8069156800 JavaThread "DestroyJavaVM" [_thread_blocked, id=4099, stack(0x0000700000084000,0x0000700000184000)]
  0x00007f8069101800 JavaThread "AWT-EventQueue-0" [_thread_blocked, id=56323, stack(0x00007000016e5000,0x00007000017e5000)]
  0x00007f80699b2800 JavaThread "Java2D Disposer" daemon [_thread_blocked, id=53003, stack(0x000070000145c000,0x000070000155c000)]
  0x00007f80690f4000 JavaThread "Java2D Queue Flusher" daemon [_thread_blocked, id=49927, stack(0x0000700001359000,0x0000700001459000)]
  0x00007f8069926800 JavaThread "AWT-Shutdown" [_thread_blocked, id=29971, stack(0x00007000011d3000,0x00007000012d3000)]
=>0x00007f80690b5800 JavaThread "AWT-AppKit" daemon [_thread_in_native, id=2571, stack(0x00007fff4ff3c000,0x00007fff5073c000)]
  0x00007f8069044000 JavaThread "Service Thread" daemon [_thread_blocked, id=18179, stack(0x0000700000dc1000,0x0000700000ec1000)]
  0x00007f8069853000 JavaThread "C1 CompilerThread2" daemon [_thread_blocked, id=17667, stack(0x0000700000cbe000,0x0000700000dbe000)]
  0x00007f8069852000 JavaThread "C2 CompilerThread1" daemon [_thread_blocked, id=17155, stack(0x0000700000bbb000,0x0000700000cbb000)]
  0x00007f806a02a000 JavaThread "C2 CompilerThread0" daemon [_thread_blocked, id=16643, stack(0x0000700000ab8000,0x0000700000bb8000)]
  0x00007f806a029800 JavaThread "Signal Dispatcher" daemon [_thread_blocked, id=14863, stack(0x00007000009b5000,0x0000700000ab5000)]
  0x00007f8069004000 JavaThread "Finalizer" daemon [_thread_blocked, id=11779, stack(0x000070000082f000,0x000070000092f000)]
  0x00007f8068805800 JavaThread "Reference Handler" daemon [_thread_blocked, id=11267, stack(0x000070000072c000,0x000070000082c000)]

Other Threads:
  0x00007f8069845800 VMThread [stack: 0x0000700000629000,0x0000700000729000] [id=10755]
  0x00007f806a04d800 WatcherThread [stack: 0x0000700000ec4000,0x0000700000fc4000] [id=18691]

VM state:not at safepoint (normal execution)

VM Mutex/Monitor currently owned by a thread: None

Heap:
 PSYoungGen      total 177152K, used 105000K [0x00000007aab00000, 0x00000007b9400000, 0x00000007c0000000)
  eden space 128000K, 49% used [0x00000007aab00000,0x00000007ae870b30,0x00000007b2800000)
  from space 49152K, 85% used [0x00000007b5c00000,0x00000007b8519638,0x00000007b8c00000)
  to   space 53248K, 0% used [0x00000007b2800000,0x00000007b2800000,0x00000007b5c00000)
 ParOldGen       total 97280K, used 44962K [0x0000000780000000, 0x0000000785f00000, 0x00000007aab00000)
  object space 97280K, 46% used [0x0000000780000000,0x0000000782be8bf0,0x0000000785f00000)
 Metaspace       used 21615K, capacity 21827K, committed 22144K, reserved 1069056K
  class space    used 2065K, capacity 2144K, committed 2176K, reserved 1048576K

Card table byte_map: [0x00000001203c0000,0x00000001205c1000] byte_map_base: 0x000000011c7c0000

Marking Bits: (ParMarkBitMap*) 0x0000000110023ea0
 Begin Bits: [0x0000000120717000, 0x0000000121717000)
 End Bits:   [0x0000000121717000, 0x0000000122717000)

Polling page: 0x0000000110712000

CodeCache: size=245760Kb used=10631Kb max_used=10653Kb free=235128Kb
 bounds [0x0000000111000000, 0x0000000111a80000, 0x0000000120000000]
 total_blobs=3929 nmethods=3035 adapters=807
 compilation: enabled

Compilation events (10 events):
Event: 32.256 Thread 0x00007f8069853000 3604       3       java.util.ArrayList::iterator (10 bytes)
Event: 32.257 Thread 0x00007f8069853000 nmethod 3604 0x0000000111a5c010 code [0x0000000111a5c180, 0x0000000111a5c470]
Event: 33.040 Thread 0x00007f8069853000 3605       3       java.awt.Component::processEvent (220 bytes)
Event: 33.042 Thread 0x00007f8069853000 nmethod 3605 0x0000000111a5ea90 code [0x0000000111a5ed20, 0x0000000111a60628]
Event: 33.162 Thread 0x00007f8069852000 3606       4       de.fhpotsdam.unfolding.mapdisplay.Java2DMapDisplay::draw (331 bytes)
Event: 33.363 Thread 0x00007f806a02a000 3607       4       java.util.LinkedList::node (65 bytes)
Event: 33.365 Thread 0x00007f806a02a000 nmethod 3607 0x0000000111a28f90 code [0x0000000111a290e0, 0x0000000111a29198]
Event: 33.541 Thread 0x00007f8069853000 3608       3       java.util.HashMap::putVal (300 bytes)
Event: 33.543 Thread 0x00007f8069853000 nmethod 3608 0x0000000111a65c50 code [0x0000000111a65ec0, 0x0000000111a67178]
Event: 33.544 Thread 0x00007f8069852000 nmethod 3606 0x0000000111a67850 code [0x0000000111a68260, 0x0000000111a6e810]

GC Heap History (10 events):
Event: 23.591 GC heap before
{Heap before GC invocations=17 (full 1):
 PSYoungGen      total 140288K, used 128132K [0x00000007aab00000, 0x00000007b6a80000, 0x00000007c0000000)
  eden space 100864K, 100% used [0x00000007aab00000,0x00000007b0d80000,0x00000007b0d80000)
  from space 39424K, 69% used [0x00000007b0d80000,0x00000007b2821268,0x00000007b3400000)
  to   space 40448K, 0% used [0x00000007b4300000,0x00000007b4300000,0x00000007b6a80000)
 ParOldGen       total 97280K, used 44954K [0x0000000780000000, 0x0000000785f00000, 0x00000007aab00000)
  object space 97280K, 46% used [0x0000000780000000,0x0000000782be6bf0,0x0000000785f00000)
 Metaspace       used 21325K, capacity 21507K, committed 21632K, reserved 1069056K
  class space    used 2057K, capacity 2144K, committed 2176K, reserved 1048576K
Event: 23.609 GC heap after
Heap after GC invocations=17 (full 1):
 PSYoungGen      total 155136K, used 27268K [0x00000007aab00000, 0x00000007b6b00000, 0x00000007c0000000)
  eden space 114688K, 0% used [0x00000007aab00000,0x00000007aab00000,0x00000007b1b00000)
  from space 40448K, 67% used [0x00000007b4300000,0x00000007b5da1268,0x00000007b6a80000)
  to   space 40960K, 0% used [0x00000007b1b00000,0x00000007b1b00000,0x00000007b4300000)
 ParOldGen       total 97280K, used 44954K [0x0000000780000000, 0x0000000785f00000, 0x00000007aab00000)
  object space 97280K, 46% used [0x0000000780000000,0x0000000782be6bf0,0x0000000785f00000)
 Metaspace       used 21325K, capacity 21507K, committed 21632K, reserved 1069056K
  class space    used 2057K, capacity 2144K, committed 2176K, reserved 1048576K
}
Event: 25.881 GC heap before
{Heap before GC invocations=18 (full 1):
 PSYoungGen      total 155136K, used 141956K [0x00000007aab00000, 0x00000007b6b00000, 0x00000007c0000000)
  eden space 114688K, 100% used [0x00000007aab00000,0x00000007b1b00000,0x00000007b1b00000)
  from space 40448K, 67% used [0x00000007b4300000,0x00000007b5da1268,0x00000007b6a80000)
  to   space 40960K, 0% used [0x00000007b1b00000,0x00000007b1b00000,0x00000007b4300000)
 ParOldGen       total 97280K, used 44954K [0x0000000780000000, 0x0000000785f00000, 0x00000007aab00000)
  object space 97280K, 46% used [0x0000000780000000,0x0000000782be6bf0,0x0000000785f00000)
 Metaspace       used 21406K, capacity 21635K, committed 21888K, reserved 1069056K
  class space    used 2058K, capacity 2144K, committed 2176K, reserved 1048576K
Event: 25.894 GC heap after
Heap after GC invocations=18 (full 1):
 PSYoungGen      total 155648K, used 27332K [0x00000007aab00000, 0x00000007b7580000, 0x00000007c0000000)
  eden space 114688K, 0% used [0x00000007aab00000,0x00000007aab00000,0x00000007b1b00000)
  from space 40960K, 66% used [0x00000007b1b00000,0x00000007b35b1268,0x00000007b4300000)
  to   space 41472K, 0% used [0x00000007b4d00000,0x00000007b4d00000,0x00000007b7580000)
 ParOldGen       total 97280K, used 44954K [0x0000000780000000, 0x0000000785f00000, 0x00000007aab00000)
  object space 97280K, 46% used [0x0000000780000000,0x0000000782be6bf0,0x0000000785f00000)
 Metaspace       used 21406K, capacity 21635K, committed 21888K, reserved 1069056K
  class space    used 2058K, capacity 2144K, committed 2176K, reserved 1048576K
}
Event: 27.770 GC heap before
{Heap before GC invocations=19 (full 1):
 PSYoungGen      total 155648K, used 141987K [0x00000007aab00000, 0x00000007b7580000, 0x00000007c0000000)
  eden space 114688K, 99% used [0x00000007aab00000,0x00000007b1af7c48,0x00000007b1b00000)
  from space 40960K, 66% used [0x00000007b1b00000,0x00000007b35b1268,0x00000007b4300000)
  to   space 41472K, 0% used [0x00000007b4d00000,0x00000007b4d00000,0x00000007b7580000)
 ParOldGen       total 97280K, used 44954K [0x0000000780000000, 0x0000000785f00000, 0x00000007aab00000)
  object space 97280K, 46% used [0x0000000780000000,0x0000000782be6bf0,0x0000000785f00000)
 Metaspace       used 21468K, capacity 21635K, committed 21888K, reserved 1069056K
  class space    used 2058K, capacity 2144K, committed 2176K, reserved 1048576K
Event: 27.793 GC heap after
Heap after GC invocations=19 (full 1):
 PSYoungGen      total 163328K, used 34021K [0x00000007aab00000, 0x00000007b7a80000, 0x00000007c0000000)
  eden space 121856K, 0% used [0x00000007aab00000,0x00000007aab00000,0x00000007b2200000)
  from space 41472K, 82% used [0x00000007b4d00000,0x00000007b6e39438,0x00000007b7580000)
  to   space 44032K, 0% used [0x00000007b2200000,0x00000007b2200000,0x00000007b4d00000)
 ParOldGen       total 97280K, used 44962K [0x0000000780000000, 0x0000000785f00000, 0x00000007aab00000)
  object space 97280K, 46% used [0x0000000780000000,0x0000000782be8bf0,0x0000000785f00000)
 Metaspace       used 21468K, capacity 21635K, committed 21888K, reserved 1069056K
  class space    used 2058K, capacity 2144K, committed 2176K, reserved 1048576K
}
Event: 29.844 GC heap before
{Heap before GC invocations=20 (full 1):
 PSYoungGen      total 163328K, used 155877K [0x00000007aab00000, 0x00000007b7a80000, 0x00000007c0000000)
  eden space 121856K, 100% used [0x00000007aab00000,0x00000007b2200000,0x00000007b2200000)
  from space 41472K, 82% used [0x00000007b4d00000,0x00000007b6e39438,0x00000007b7580000)
  to   space 44032K, 0% used [0x00000007b2200000,0x00000007b2200000,0x00000007b4d00000)
 ParOldGen       total 97280K, used 44962K [0x0000000780000000, 0x0000000785f00000, 0x00000007aab00000)
  object space 97280K, 46% used [0x0000000780000000,0x0000000782be8bf0,0x0000000785f00000)
 Metaspace       used 21573K, capacity 21763K, committed 21888K, reserved 1069056K
  class space    used 2058K, capacity 2144K, committed 2176K, reserved 1048576K
Event: 29.861 GC heap after
Heap after GC invocations=20 (full 1):
 PSYoungGen      total 165888K, used 42133K [0x00000007aab00000, 0x00000007b8c00000, 0x00000007c0000000)
  eden space 121856K, 0% used [0x00000007aab00000,0x00000007aab00000,0x00000007b2200000)
  from space 44032K, 95% used [0x00000007b2200000,0x00000007b4b25628,0x00000007b4d00000)
  to   space 49152K, 0% used [0x00000007b5c00000,0x00000007b5c00000,0x00000007b8c00000)
 ParOldGen       total 97280K, used 44962K [0x0000000780000000, 0x0000000785f00000, 0x00000007aab00000)
  object space 97280K, 46% used [0x0000000780000000,0x0000000782be8bf0,0x0000000785f00000)
 Metaspace       used 21573K, capacity 21763K, committed 21888K, reserved 1069056K
  class space    used 2058K, capacity 2144K, committed 2176K, reserved 1048576K
}
Event: 32.400 GC heap before
{Heap before GC invocations=21 (full 1):
 PSYoungGen      total 165888K, used 163989K [0x00000007aab00000, 0x00000007b8c00000, 0x00000007c0000000)
  eden space 121856K, 100% used [0x00000007aab00000,0x00000007b2200000,0x00000007b2200000)
  from space 44032K, 95% used [0x00000007b2200000,0x00000007b4b25628,0x00000007b4d00000)
  to   space 49152K, 0% used [0x00000007b5c00000,0x00000007b5c00000,0x00000007b8c00000)
 ParOldGen       total 97280K, used 44962K [0x0000000780000000, 0x0000000785f00000, 0x00000007aab00000)
  object space 97280K, 46% used [0x0000000780000000,0x0000000782be8bf0,0x0000000785f00000)
 Metaspace       used 21575K, capacity 21763K, committed 21888K, reserved 1069056K
  class space    used 2058K, capacity 2144K, committed 2176K, reserved 1048576K
Event: 32.430 GC heap after
Heap after GC invocations=21 (full 1):
 PSYoungGen      total 177152K, used 42085K [0x00000007aab00000, 0x00000007b9400000, 0x00000007c0000000)
  eden space 128000K, 0% used [0x00000007aab00000,0x00000007aab00000,0x00000007b2800000)
  from space 49152K, 85% used [0x00000007b5c00000,0x00000007b8519638,0x00000007b8c00000)
  to   space 53248K, 0% used [0x00000007b2800000,0x00000007b2800000,0x00000007b5c00000)
 ParOldGen       total 97280K, used 44962K [0x0000000780000000, 0x0000000785f00000, 0x00000007aab00000)
  object space 97280K, 46% used [0x0000000780000000,0x0000000782be8bf0,0x0000000785f00000)
 Metaspace       used 21575K, capacity 21763K, committed 21888K, reserved 1069056K
  class space    used 2058K, capacity 2144K, committed 2176K, reserved 1048576K
}

Deoptimization events (10 events):
Event: 29.066 Thread 0x00007f8069c57800 Uncommon trap: reason=unstable_if action=reinterpret pc=0x00000001114763f8 method=java.text.DigitList.getDataChars(I)[C @ 13
Event: 29.066 Thread 0x00007f8069c57800 Uncommon trap: reason=unstable_if action=reinterpret pc=0x00000001114083b4 method=java.text.DecimalFormat.subformat(Ljava/lang/StringBuffer;Ljava/text/Format$FieldDelegate;ZZIIII)Ljava/lang/StringBuffer; @ 753
Event: 29.808 Thread 0x00007f8069c57800 Uncommon trap: reason=unstable_if action=reinterpret pc=0x0000000111a4b468 method=processing.core.PApplet.constrain(III)I @ 2
Event: 33.525 Thread 0x00007f8069c57800 Uncommon trap: reason=unstable_if action=reinterpret pc=0x000000011144ef28 method=com.jogamp.common.util.VersionNumber.compareTo(Lcom/jogamp/common/util/VersionNumber;)I @ 21
Event: 33.528 Thread 0x00007f8069101800 Uncommon trap: reason=unstable_if action=reinterpret pc=0x00000001114353ac method=java.awt.font.FontRenderContext.equals(Ljava/awt/font/FontRenderContext;)Z @ 2
Event: 33.529 Thread 0x00007f8069101800 Uncommon trap: reason=unstable_if action=reinterpret pc=0x00000001114fcfd4 method=java.awt.Font.equals(Ljava/lang/Object;)Z @ 2
Event: 33.540 Thread 0x00007f80699bc800 Uncommon trap: reason=unstable_if action=reinterpret pc=0x000000011167455c method=java.util.HashMap.putVal(ILjava/lang/Object;Ljava/lang/Object;ZZ)Ljava/lang/Object; @ 81
Event: 33.540 Thread 0x00007f80699bc800 Uncommon trap: reason=unstable_if action=reinterpret pc=0x000000011156c4dc method=java.util.HashMap.putVal(ILjava/lang/Object;Ljava/lang/Object;ZZ)Ljava/lang/Object; @ 81
Event: 33.554 Thread 0x00007f8069c57800 Uncommon trap: reason=unstable_if action=reinterpret pc=0x0000000111889e80 method=java.security.AccessControlContext.optimize()Ljava/security/AccessControlContext; @ 233
Event: 33.555 Thread 0x00007f8069101800 Uncommon trap: reason=unstable_if action=reinterpret pc=0x00000001114ff738 method=java.awt.font.FontRenderContext.equals(Ljava/awt/font/FontRenderContext;)Z @ 2

Internal exceptions (10 events):
Event: 0.191 Thread 0x00007f8069807000 Exception <a 'java/lang/NoSuchFieldError': method resolution failed> (0x00000007aacb11b8) thrown at [/Users/java_re/workspace/8-2-build-macosx-x86_64/jdk8u77/6540/hotspot/src/share/vm/prims/methodHandles.cpp, line 1146]
Event: 0.194 Thread 0x00007f8069807000 Exception <a 'java/lang/NoSuchFieldError': method resolution failed> (0x00000007aacbe988) thrown at [/Users/java_re/workspace/8-2-build-macosx-x86_64/jdk8u77/6540/hotspot/src/share/vm/prims/methodHandles.cpp, line 1146]
Event: 0.374 Thread 0x00007f8069807000 Exception <a 'java/io/FileNotFoundException'> (0x00000007aad3a6c0) thrown at [/Users/java_re/workspace/8-2-build-macosx-x86_64/jdk8u77/6540/hotspot/src/share/vm/prims/jni.cpp, line 709]
Event: 0.374 Thread 0x00007f8069807000 Exception <a 'java/io/FileNotFoundException'> (0x00000007aad3b208) thrown at [/Users/java_re/workspace/8-2-build-macosx-x86_64/jdk8u77/6540/hotspot/src/share/vm/prims/jni.cpp, line 709]
Event: 0.522 Thread 0x00007f8069807000 Exception <a 'java/io/FileNotFoundException'> (0x00000007aae21ff0) thrown at [/Users/java_re/workspace/8-2-build-macosx-x86_64/jdk8u77/6540/hotspot/src/share/vm/prims/jni.cpp, line 709]
Event: 2.664 Thread 0x00007f8069807000 Exception <a 'java/lang/UnsatisfiedLinkError': com.jogamp.common.util.JarUtil.fixNativeLibAttribs(Ljava/lang/String;)Z> (0x00000007aaf198f0) thrown at [/Users/java_re/workspace/8-2-build-macosx-x86_64/jdk8u77/6540/hotspot/src/share/vm/prims/nativeLookup.c
Event: 3.664 Thread 0x00007f8069c57800 Exception <a 'java/io/FileNotFoundException'> (0x00000007ab15fc90) thrown at [/Users/java_re/workspace/8-2-build-macosx-x86_64/jdk8u77/6540/hotspot/src/share/vm/prims/jni.cpp, line 709]
Event: 3.664 Thread 0x00007f8069c57800 Exception <a 'java/io/FileNotFoundException'> (0x00000007ab165f30) thrown at [/Users/java_re/workspace/8-2-build-macosx-x86_64/jdk8u77/6540/hotspot/src/share/vm/prims/jni.cpp, line 709]
Event: 3.664 Thread 0x00007f8069c57800 Implicit null exception at 0x00000001111a9c35 to 0x00000001111a9f99
Event: 5.076 Thread 0x00007f8069004000 Exception <a 'java/lang/NullPointerException'> (0x00000007aab00098) thrown at [/Users/java_re/workspace/8-2-build-macosx-x86_64/jdk8u77/6540/hotspot/src/share/vm/interpreter/linkResolver.cpp, line 1178]

Events (10 events):
Event: 33.555 loading class java/awt/event/AWTEventListenerProxy
Event: 33.555 loading class java/awt/event/AWTEventListenerProxy done
Event: 33.555 loading class java/awt/Toolkit$ToolkitEventMulticaster
Event: 33.555 loading class java/awt/Toolkit$ToolkitEventMulticaster done
Event: 33.555 Thread 0x00007f8069101800 Uncommon trap: trap_request=0xffffff65 fr.pc=0x00000001114ff738
Event: 33.555 Thread 0x00007f8069101800 DEOPT PACKING pc=0x00000001114ff738 sp=0x00007000017e24c0
Event: 33.555 Thread 0x00007f8069101800 DEOPT UNPACKING pc=0x0000000111005229 sp=0x00007000017e2490 mode 2
Event: 33.556 Thread 0x00007f80699bc800 Thread exited: 0x00007f80699bc800
Event: 33.556 loading class java/awt/Window$1DisposeAction
Event: 33.556 loading class java/awt/Window$1DisposeAction done


Dynamic libraries:
0x000000000b85e000 	/System/Library/Frameworks/Cocoa.framework/Versions/A/Cocoa
0x000000000b85e000 	/System/Library/Frameworks/Security.framework/Versions/A/Security
0x000000000b85e000 	/System/Library/Frameworks/ApplicationServices.framework/Versions/A/ApplicationServices
0x000000000b85e000 	/usr/lib/libz.1.dylib
0x000000000b85e000 	/usr/lib/libSystem.B.dylib
0x000000000b85e000 	/usr/lib/libobjc.A.dylib
0x000000000b85e000 	/System/Library/Frameworks/CoreFoundation.framework/Versions/A/CoreFoundation
0x000000000b85e000 	/System/Library/Frameworks/Foundation.framework/Versions/C/Foundation
0x000000000b85e000 	/System/Library/Frameworks/AppKit.framework/Versions/C/AppKit
0x000000000b85e000 	/System/Library/Frameworks/CoreData.framework/Versions/A/CoreData
0x000000000b85e000 	/System/Library/PrivateFrameworks/RemoteViewServices.framework/Versions/A/RemoteViewServices
0x000000000b85e000 	/System/Library/PrivateFrameworks/UIFoundation.framework/Versions/A/UIFoundation
0x000000000b85e000 	/usr/lib/libScreenReader.dylib
0x000000000b85e000 	/System/Library/Frameworks/Accelerate.framework/Versions/A/Accelerate
0x000000000b85e000 	/System/Library/Frameworks/IOSurface.framework/Versions/A/IOSurface
0x000000000b85e000 	/System/Library/Frameworks/AudioToolbox.framework/Versions/A/AudioToolbox
0x000000000b85e000 	/System/Library/Frameworks/AudioUnit.framework/Versions/A/AudioUnit
0x000000000b85e000 	/System/Library/PrivateFrameworks/DataDetectorsCore.framework/Versions/A/DataDetectorsCore
0x000000000b85e000 	/System/Library/PrivateFrameworks/DesktopServicesPriv.framework/Versions/A/DesktopServicesPriv
0x000000000b85e000 	/System/Library/Frameworks/Carbon.framework/Versions/A/Frameworks/HIToolbox.framework/Versions/A/HIToolbox
0x000000000b85e000 	/System/Library/Frameworks/QuartzCore.framework/Versions/A/QuartzCore
0x000000000b85e000 	/System/Library/Frameworks/Carbon.framework/Versions/A/Frameworks/SpeechRecognition.framework/Versions/A/SpeechRecognition
0x000000000b85e000 	/usr/lib/libauto.dylib
0x000000000b85e000 	/usr/lib/libicucore.A.dylib
0x000000000b85e000 	/usr/lib/libxml2.2.dylib
0x000000000b85e000 	/System/Library/PrivateFrameworks/CoreUI.framework/Versions/A/CoreUI
0x000000000b85e000 	/System/Library/Frameworks/CoreAudio.framework/Versions/A/CoreAudio
0x000000000b85e000 	/System/Library/Frameworks/DiskArbitration.framework/Versions/A/DiskArbitration
0x000000000b85e000 	/usr/lib/liblangid.dylib
0x000000000b85e000 	/System/Library/PrivateFrameworks/MultitouchSupport.framework/Versions/A/MultitouchSupport
0x000000000b85e000 	/System/Library/Frameworks/IOKit.framework/Versions/A/IOKit
0x000000000b85e000 	/usr/lib/libDiagnosticMessagesClient.dylib
0x000000000b85e000 	/System/Library/Frameworks/CoreServices.framework/Versions/A/CoreServices
0x000000000b85e000 	/System/Library/PrivateFrameworks/PerformanceAnalysis.framework/Versions/A/PerformanceAnalysis
0x000000000b85e000 	/System/Library/PrivateFrameworks/GenerationalStorage.framework/Versions/A/GenerationalStorage
0x000000000b85e000 	/System/Library/Frameworks/OpenGL.framework/Versions/A/OpenGL
0x000000000b85e000 	/System/Library/PrivateFrameworks/Sharing.framework/Versions/A/Sharing
0x000000000b85e000 	/System/Library/Frameworks/CoreGraphics.framework/Versions/A/CoreGraphics
0x000000000b85e000 	/System/Library/Frameworks/CoreImage.framework/Versions/A/CoreImage
0x000000000b85e000 	/System/Library/Frameworks/CoreText.framework/Versions/A/CoreText
0x000000000b85e000 	/System/Library/Frameworks/ImageIO.framework/Versions/A/ImageIO
0x000000000b85e000 	/System/Library/PrivateFrameworks/Backup.framework/Versions/A/Backup
0x000000000b85e000 	/usr/lib/libextension.dylib
0x000000000b85e000 	/usr/lib/libarchive.2.dylib
0x000000000b85e000 	/System/Library/Frameworks/CFNetwork.framework/Versions/A/CFNetwork
0x000000000b85e000 	/System/Library/Frameworks/SystemConfiguration.framework/Versions/A/SystemConfiguration
0x000000000b85e000 	/usr/lib/libCRFSuite.dylib
0x000000000b85e000 	/usr/lib/libc++.1.dylib
0x000000000b85e000 	/usr/lib/libc++abi.dylib
0x000000000b85e000 	/usr/lib/system/libcache.dylib
0x000000000b85e000 	/usr/lib/system/libcommonCrypto.dylib
0x000000000b85e000 	/usr/lib/system/libcompiler_rt.dylib
0x000000000b85e000 	/usr/lib/system/libcopyfile.dylib
0x000000000b85e000 	/usr/lib/system/libcorecrypto.dylib
0x000000000b85e000 	/usr/lib/system/libdispatch.dylib
0x000000000b85e000 	/usr/lib/system/libdyld.dylib
0x000000000b85e000 	/usr/lib/system/libkeymgr.dylib
0x000000000b85e000 	/usr/lib/system/liblaunch.dylib
0x000000000b85e000 	/usr/lib/system/libmacho.dylib
0x000000000b85e000 	/usr/lib/system/libquarantine.dylib
0x000000000b85e000 	/usr/lib/system/libremovefile.dylib
0x000000000b85e000 	/usr/lib/system/libsystem_asl.dylib
0x000000000b85e000 	/usr/lib/system/libsystem_blocks.dylib
0x000000000b85e000 	/usr/lib/system/libsystem_c.dylib
0x000000000b85e000 	/usr/lib/system/libsystem_configuration.dylib
0x000000000b85e000 	/usr/lib/system/libsystem_coreservices.dylib
0x000000000b85e000 	/usr/lib/system/libsystem_coretls.dylib
0x000000000b85e000 	/usr/lib/system/libsystem_dnssd.dylib
0x000000000b85e000 	/usr/lib/system/libsystem_info.dylib
0x000000000b85e000 	/usr/lib/system/libsystem_kernel.dylib
0x000000000b85e000 	/usr/lib/system/libsystem_m.dylib
0x000000000b85e000 	/usr/lib/system/libsystem_malloc.dylib
0x000000000b85e000 	/usr/lib/system/libsystem_network.dylib
0x000000000b85e000 	/usr/lib/system/libsystem_networkextension.dylib
0x000000000b85e000 	/usr/lib/system/libsystem_notify.dylib
0x000000000b85e000 	/usr/lib/system/libsystem_platform.dylib
0x000000000b85e000 	/usr/lib/system/libsystem_pthread.dylib
0x000000000b85e000 	/usr/lib/system/libsystem_sandbox.dylib
0x000000000b85e000 	/usr/lib/system/libsystem_secinit.dylib
0x000000000b85e000 	/usr/lib/system/libsystem_trace.dylib
0x000000000b85e000 	/usr/lib/system/libunc.dylib
0x000000000b85e000 	/usr/lib/system/libunwind.dylib
0x000000000b85e000 	/usr/lib/system/libxpc.dylib
0x000000000b85e000 	/usr/lib/libenergytrace.dylib
0x000000000b85e000 	/usr/lib/libbsm.0.dylib
0x000000000b85e000 	/usr/lib/system/libkxld.dylib
0x000000000b85e000 	/usr/lib/libxar.1.dylib
0x000000000b85e000 	/usr/lib/libsqlite3.dylib
0x000000000b85e000 	/usr/lib/libpam.2.dylib
0x000000000b85e000 	/usr/lib/libOpenScriptingUtil.dylib
0x000000000b85e000 	/usr/lib/libbz2.1.0.dylib
0x000000000b85e000 	/usr/lib/liblzma.5.dylib
0x000000000b85e000 	/System/Library/Frameworks/CoreServices.framework/Versions/A/Frameworks/FSEvents.framework/Versions/A/FSEvents
0x000000000b85e000 	/System/Library/Frameworks/CoreServices.framework/Versions/A/Frameworks/CarbonCore.framework/Versions/A/CarbonCore
0x000000000b85e000 	/System/Library/Frameworks/CoreServices.framework/Versions/A/Frameworks/Metadata.framework/Versions/A/Metadata
0x000000000b85e000 	/System/Library/Frameworks/CoreServices.framework/Versions/A/Frameworks/OSServices.framework/Versions/A/OSServices
0x000000000b85e000 	/System/Library/Frameworks/CoreServices.framework/Versions/A/Frameworks/SearchKit.framework/Versions/A/SearchKit
0x000000000b85e000 	/System/Library/Frameworks/CoreServices.framework/Versions/A/Frameworks/AE.framework/Versions/A/AE
0x000000000b85e000 	/System/Library/Frameworks/CoreServices.framework/Versions/A/Frameworks/LaunchServices.framework/Versions/A/LaunchServices
0x000000000b85e000 	/System/Library/Frameworks/CoreServices.framework/Versions/A/Frameworks/DictionaryServices.framework/Versions/A/DictionaryServices
0x000000000b85e000 	/System/Library/Frameworks/CoreServices.framework/Versions/A/Frameworks/SharedFileList.framework/Versions/A/SharedFileList
0x000000000b85e000 	/System/Library/Frameworks/NetFS.framework/Versions/A/NetFS
0x000000000b85e000 	/System/Library/PrivateFrameworks/NetAuth.framework/Versions/A/NetAuth
0x000000000b85e000 	/System/Library/PrivateFrameworks/login.framework/Versions/A/Frameworks/loginsupport.framework/Versions/A/loginsupport
0x000000000b85e000 	/System/Library/PrivateFrameworks/TCC.framework/Versions/A/TCC
0x000000000b85e000 	/usr/lib/libmecabra.dylib
0x000000000b85e000 	/System/Library/Frameworks/ApplicationServices.framework/Versions/A/Frameworks/ATS.framework/Versions/A/ATS
0x000000000b85e000 	/System/Library/Frameworks/ApplicationServices.framework/Versions/A/Frameworks/ColorSync.framework/Versions/A/ColorSync
0x000000000b85e000 	/System/Library/Frameworks/ApplicationServices.framework/Versions/A/Frameworks/HIServices.framework/Versions/A/HIServices
0x000000000b85e000 	/System/Library/Frameworks/ApplicationServices.framework/Versions/A/Frameworks/LangAnalysis.framework/Versions/A/LangAnalysis
0x000000000b85e000 	/System/Library/Frameworks/ApplicationServices.framework/Versions/A/Frameworks/PrintCore.framework/Versions/A/PrintCore
0x000000000b85e000 	/System/Library/Frameworks/ApplicationServices.framework/Versions/A/Frameworks/QD.framework/Versions/A/QD
0x000000000b85e000 	/System/Library/Frameworks/ApplicationServices.framework/Versions/A/Frameworks/SpeechSynthesis.framework/Versions/A/SpeechSynthesis
0x000000000b85e000 	/System/Library/Frameworks/Metal.framework/Versions/A/Metal
0x000000000b85e000 	/System/Library/Frameworks/Accelerate.framework/Versions/A/Frameworks/vImage.framework/Versions/A/vImage
0x000000000b85e000 	/System/Library/Frameworks/Accelerate.framework/Versions/A/Frameworks/vecLib.framework/Versions/A/vecLib
0x000000000b85e000 	/System/Library/Frameworks/Accelerate.framework/Versions/A/Frameworks/vecLib.framework/Versions/A/libvDSP.dylib
0x000000000b85e000 	/System/Library/Frameworks/Accelerate.framework/Versions/A/Frameworks/vecLib.framework/Versions/A/libvMisc.dylib
0x000000000b85e000 	/System/Library/Frameworks/Accelerate.framework/Versions/A/Frameworks/vecLib.framework/Versions/A/libLAPACK.dylib
0x000000000b85e000 	/System/Library/Frameworks/Accelerate.framework/Versions/A/Frameworks/vecLib.framework/Versions/A/libBLAS.dylib
0x000000000b85e000 	/System/Library/Frameworks/Accelerate.framework/Versions/A/Frameworks/vecLib.framework/Versions/A/libLinearAlgebra.dylib
0x000000000b85e000 	/System/Library/Frameworks/Accelerate.framework/Versions/A/Frameworks/vecLib.framework/Versions/A/libSparseBLAS.dylib
0x000000000b85e000 	/System/Library/PrivateFrameworks/GPUCompiler.framework/libmetal_timestamp.dylib
0x000000000b85e000 	/System/Library/Frameworks/OpenGL.framework/Versions/A/Libraries/libCoreFSCache.dylib
0x000000000b85e000 	/System/Library/PrivateFrameworks/IOAccelerator.framework/Versions/A/IOAccelerator
0x000000000b85e000 	/System/Library/Frameworks/ApplicationServices.framework/Versions/A/Frameworks/ATS.framework/Versions/A/Resources/libFontParser.dylib
0x000000000b85e000 	/System/Library/Frameworks/ApplicationServices.framework/Versions/A/Frameworks/ATS.framework/Versions/A/Resources/libFontRegistry.dylib
0x000000000b85e000 	/System/Library/PrivateFrameworks/AppleVPA.framework/Versions/A/AppleVPA
0x000000000b85e000 	/System/Library/PrivateFrameworks/AppleJPEG.framework/Versions/A/AppleJPEG
0x000000000b85e000 	/System/Library/Frameworks/ImageIO.framework/Versions/A/Resources/libJPEG.dylib
0x000000000b85e000 	/System/Library/Frameworks/ImageIO.framework/Versions/A/Resources/libTIFF.dylib
0x000000000b85e000 	/System/Library/Frameworks/ImageIO.framework/Versions/A/Resources/libPng.dylib
0x000000000b85e000 	/System/Library/Frameworks/ImageIO.framework/Versions/A/Resources/libGIF.dylib
0x000000000b85e000 	/System/Library/Frameworks/ImageIO.framework/Versions/A/Resources/libJP2.dylib
0x000000000b85e000 	/System/Library/Frameworks/ImageIO.framework/Versions/A/Resources/libRadiance.dylib
0x000000000b85e000 	/System/Library/Frameworks/CoreVideo.framework/Versions/A/CoreVideo
0x000000000b85e000 	/System/Library/Frameworks/OpenGL.framework/Versions/A/Libraries/libGLU.dylib
0x000000000b85e000 	/System/Library/Frameworks/OpenGL.framework/Versions/A/Libraries/libGFXShared.dylib
0x000000000b85e000 	/System/Library/Frameworks/OpenGL.framework/Versions/A/Libraries/libGL.dylib
0x000000000b85e000 	/System/Library/Frameworks/OpenGL.framework/Versions/A/Libraries/libGLImage.dylib
0x000000000b85e000 	/System/Library/Frameworks/OpenGL.framework/Versions/A/Libraries/libCVMSPluginSupport.dylib
0x000000000b85e000 	/System/Library/Frameworks/OpenGL.framework/Versions/A/Libraries/libCoreVMClient.dylib
0x000000000b85e000 	/usr/lib/libcompression.dylib
0x000000000b85e000 	/usr/lib/libcups.2.dylib
0x000000000b85e000 	/System/Library/Frameworks/Kerberos.framework/Versions/A/Kerberos
0x000000000b85e000 	/System/Library/Frameworks/GSS.framework/Versions/A/GSS
0x000000000b85e000 	/usr/lib/libresolv.9.dylib
0x000000000b85e000 	/usr/lib/libiconv.2.dylib
0x000000000b85e000 	/System/Library/PrivateFrameworks/Heimdal.framework/Versions/A/Heimdal
0x000000000b85e000 	/usr/lib/libheimdal-asn1.dylib
0x000000000b85e000 	/System/Library/Frameworks/OpenDirectory.framework/Versions/A/OpenDirectory
0x000000000b85e000 	/System/Library/PrivateFrameworks/CommonAuth.framework/Versions/A/CommonAuth
0x000000000b85e000 	/System/Library/Frameworks/OpenDirectory.framework/Versions/A/Frameworks/CFOpenDirectory.framework/Versions/A/CFOpenDirectory
0x000000000b85e000 	/System/Library/Frameworks/SecurityFoundation.framework/Versions/A/SecurityFoundation
0x000000000b85e000 	/System/Library/PrivateFrameworks/LanguageModeling.framework/Versions/A/LanguageModeling
0x000000000b85e000 	/usr/lib/libmarisa.dylib
0x000000000b85e000 	/usr/lib/libChineseTokenizer.dylib
0x000000000b85e000 	/usr/lib/libcmph.dylib
0x000000000b85e000 	/System/Library/Frameworks/ServiceManagement.framework/Versions/A/ServiceManagement
0x000000000b85e000 	/usr/lib/libxslt.1.dylib
0x000000000b85e000 	/System/Library/Frameworks/Carbon.framework/Versions/A/Frameworks/Ink.framework/Versions/A/Ink
0x000000000b85e000 	/usr/lib/libFosl_dynamic.dylib
0x000000000b85e000 	/System/Library/PrivateFrameworks/FaceCore.framework/Versions/A/FaceCore
0x000000000b85e000 	/System/Library/Frameworks/OpenCL.framework/Versions/A/OpenCL
0x000000000b85e000 	/System/Library/PrivateFrameworks/CrashReporterSupport.framework/Versions/A/CrashReporterSupport
0x000000000b85e000 	/System/Library/PrivateFrameworks/IconServices.framework/Versions/A/IconServices
0x000000000b85e000 	/System/Library/PrivateFrameworks/Apple80211.framework/Versions/A/Apple80211
0x000000000b85e000 	/System/Library/Frameworks/CoreWLAN.framework/Versions/A/CoreWLAN
0x000000000b85e000 	/System/Library/Frameworks/IOBluetooth.framework/Versions/A/IOBluetooth
0x000000000b85e000 	/System/Library/PrivateFrameworks/CoreWiFi.framework/Versions/A/CoreWiFi
0x000000000b85e000 	/System/Library/Frameworks/CoreBluetooth.framework/Versions/A/CoreBluetooth
0x000000000b85e000 	/System/Library/PrivateFrameworks/ChunkingLibrary.framework/Versions/A/ChunkingLibrary
0x000000000b85e000 	/System/Library/PrivateFrameworks/DebugSymbols.framework/Versions/A/DebugSymbols
0x000000000b85e000 	/System/Library/PrivateFrameworks/CoreSymbolication.framework/Versions/A/CoreSymbolication
0x000000000b85e000 	/System/Library/PrivateFrameworks/Symbolication.framework/Versions/A/Symbolication
0x000000000b85e000 	/System/Library/PrivateFrameworks/SpeechRecognitionCore.framework/Versions/A/SpeechRecognitionCore
0x000000010f740000 	/Library/Java/JavaVirtualMachines/jdk1.8.0_77.jdk/Contents/Home/jre/lib/server/libjvm.dylib
0x000000000b85e000 	/usr/lib/libstdc++.6.dylib
0x00000001106cf000 	/Library/Java/JavaVirtualMachines/jdk1.8.0_77.jdk/Contents/Home/jre/lib/libverify.dylib
0x00000001106dd000 	/Library/Java/JavaVirtualMachines/jdk1.8.0_77.jdk/Contents/Home/jre/lib/libjava.dylib
0x0000000110720000 	/Library/Java/JavaVirtualMachines/jdk1.8.0_77.jdk/Contents/Home/jre/lib/libzip.dylib
0x00000001107e1000 	/System/Library/Frameworks/JavaVM.framework/Frameworks/JavaRuntimeSupport.framework/JavaRuntimeSupport
0x0000000124342000 	/System/Library/Frameworks/JavaVM.framework/Versions/A/Frameworks/JavaNativeFoundation.framework/Versions/A/JavaNativeFoundation
0x0000000124357000 	/System/Library/Frameworks/JavaVM.framework/Versions/A/JavaVM
0x000000000b85e000 	/System/Library/Frameworks/Carbon.framework/Versions/A/Carbon
0x0000000124364000 	/System/Library/PrivateFrameworks/JavaLaunching.framework/Versions/A/JavaLaunching
0x000000000b85e000 	/System/Library/Frameworks/Carbon.framework/Versions/A/Frameworks/CommonPanels.framework/Versions/A/CommonPanels
0x000000000b85e000 	/System/Library/Frameworks/Carbon.framework/Versions/A/Frameworks/Help.framework/Versions/A/Help
0x000000000b85e000 	/System/Library/Frameworks/Carbon.framework/Versions/A/Frameworks/ImageCapture.framework/Versions/A/ImageCapture
0x000000000b85e000 	/System/Library/Frameworks/Carbon.framework/Versions/A/Frameworks/OpenScripting.framework/Versions/A/OpenScripting
0x000000000b85e000 	/System/Library/Frameworks/Carbon.framework/Versions/A/Frameworks/Print.framework/Versions/A/Print
0x000000000b85e000 	/System/Library/Frameworks/Carbon.framework/Versions/A/Frameworks/SecurityHI.framework/Versions/A/SecurityHI
0x0000000125c84000 	/Library/Java/JavaVirtualMachines/jdk1.8.0_77.jdk/Contents/Home/jre/lib/libawt.dylib
0x0000000125d2c000 	/Library/Java/JavaVirtualMachines/jdk1.8.0_77.jdk/Contents/Home/jre/lib/./libmlib_image.dylib
0x0000000125df8000 	/Library/Java/JavaVirtualMachines/jdk1.8.0_77.jdk/Contents/Home/jre/lib/libawt_lwawt.dylib
0x0000000125ead000 	/Library/Java/JavaVirtualMachines/jdk1.8.0_77.jdk/Contents/Home/jre/lib/./libosxapp.dylib
0x000000000b85e000 	/System/Library/Frameworks/ExceptionHandling.framework/Versions/A/ExceptionHandling
0x000000000b85e000 	/System/Library/PrivateFrameworks/CoreServicesInternal.framework/Versions/A/CoreServicesInternal
0x000000000b85e000 	/System/Library/Frameworks/CoreGraphics.framework/Versions/A/Resources/libRIP.A.dylib
0x000000000b85e000 	/System/Library/Frameworks/Accelerate.framework/Versions/A/Frameworks/vImage.framework/Versions/A/Libraries/libCGInterfaces.dylib
0x000000000b85e000 	/System/Library/Frameworks/CoreGraphics.framework/Versions/A/Resources/libCGXType.A.dylib
0x000000000b85e000 	/System/Library/Frameworks/OpenCL.framework/Versions/A/Libraries/libcldcpuengine.dylib
0x000000000b85e000 	/System/Library/PrivateFrameworks/DiskImages.framework/Versions/A/DiskImages
0x000000000b85e000 	/System/Library/Frameworks/DiscRecording.framework/Versions/A/DiscRecording
0x000000000b85e000 	/usr/lib/libcsfde.dylib
0x000000000b85e000 	/usr/lib/libcurl.4.dylib
0x000000000b85e000 	/System/Library/PrivateFrameworks/MediaKit.framework/Versions/A/MediaKit
0x000000000b85e000 	/System/Library/PrivateFrameworks/ProtectedCloudStorage.framework/Versions/A/ProtectedCloudStorage
0x000000000b85e000 	/usr/lib/libCoreStorage.dylib
0x000000000b85e000 	/System/Library/PrivateFrameworks/EFILogin.framework/Versions/A/EFILogin
0x000000000b85e000 	/usr/lib/libutil.dylib
0x000000000b85e000 	/System/Library/PrivateFrameworks/FindMyDevice.framework/Versions/A/FindMyDevice
0x000000000b85e000 	/System/Library/Frameworks/LDAP.framework/Versions/A/LDAP
0x000000000b85e000 	/usr/lib/libsasl2.2.dylib
0x000000000b85e000 	/System/Library/PrivateFrameworks/CoreDaemon.framework/Versions/B/CoreDaemon
0x000000000b85e000 	/usr/lib/libcrypto.0.9.8.dylib
0x000000000b85e000 	/System/Library/PrivateFrameworks/AppleSRP.framework/Versions/A/AppleSRP
0x000000000b85e000 	/System/Library/PrivateFrameworks/TrustEvaluationAgent.framework/Versions/A/TrustEvaluationAgent
0x000000012763c000 	cl_kernels
0x000000000b85e000 	/System/Library/Frameworks/OpenCL.framework/Versions/A/Libraries/ImageFormats/unorm8_bgra.dylib
0x000000000b85e000 	/System/Library/Frameworks/OpenCL.framework/Versions/A/Libraries/ImageFormats/unorm8_rgba.dylib
0x000000000b85e000 	/System/Library/PrivateFrameworks/FamilyControls.framework/Versions/A/FamilyControls
0x000000000b85e000 	/System/Library/PrivateFrameworks/CommerceKit.framework/Versions/A/Frameworks/CommerceCore.framework/Versions/A/CommerceCore
0x000000000b85e000 	/System/Library/PrivateFrameworks/SystemAdministration.framework/Versions/A/SystemAdministration
0x000000000b85e000 	/System/Library/PrivateFrameworks/AppContainer.framework/Versions/A/AppContainer
0x000000000b85e000 	/System/Library/PrivateFrameworks/SecCodeWrapper.framework/Versions/A/SecCodeWrapper
0x000000000b85e000 	/System/Library/Frameworks/DirectoryService.framework/Versions/A/DirectoryService
0x000000000b85e000 	/System/Library/PrivateFrameworks/LoginUIKit.framework/Versions/A/Frameworks/LoginUICore.framework/Versions/A/LoginUICore
0x000000000b85e000 	/usr/lib/libodfde.dylib
0x000000000b85e000 	/System/Library/Frameworks/OpenGL.framework/Versions/A/Resources/GLEngine.bundle/GLEngine
0x000000000b85e000 	/System/Library/Frameworks/OpenGL.framework/Versions/A/Libraries/libGLProgrammability.dylib
0x000000012867b000 	/System/Library/Extensions/AppleIntelHD5000GraphicsGLDriver.bundle/Contents/MacOS/AppleIntelHD5000GraphicsGLDriver
0x000000000b85e000 	/System/Library/PrivateFrameworks/GPUSupport.framework/Versions/A/Libraries/libGPUSupportMercury.dylib
0x000000000b85e000 	/System/Library/Frameworks/OpenGL.framework/Versions/A/Resources/GLRendererFloat.bundle/GLRendererFloat
0x000000012966b000 	/Library/Java/JavaVirtualMachines/jdk1.8.0_77.jdk/Contents/Home/jre/lib/libfontmanager.dylib
0x000000012ab0b000 	/Library/Java/JavaVirtualMachines/jdk1.8.0_77.jdk/Contents/Home/jre/lib/libosxui.dylib
0x000000012b830000 	/Library/Java/JavaVirtualMachines/jdk1.8.0_77.jdk/Contents/Home/jre/lib/libnet.dylib
0x000000012b676000 	/Library/Java/JavaVirtualMachines/jdk1.8.0_77.jdk/Contents/Home/jre/lib/libnio.dylib
0x000000000b85e000 	/System/Library/Frameworks/ApplicationServices.framework/Versions/A/Frameworks/ATS.framework/Versions/A/Resources/libTrueTypeScaler.dylib
0x0000000184586000 	/System/Library/Extensions/AppleIntelHD5000GraphicsMTLDriver.bundle/Contents/MacOS/AppleIntelHD5000GraphicsMTLDriver
0x0000000126c16000 	/private/var/folders/vm/c6ql63410d962mlmgt4yhc5h0000gn/T/jogamp_0000/file_cache/jln2743939706279856697/jln8932738147042754777/libgluegen-rt.jnilib
0x0000000126c1b000 	/private/var/folders/vm/c6ql63410d962mlmgt4yhc5h0000gn/T/jogamp_0000/file_cache/jln2743939706279856697/jln8932738147042754777/libnativewindow_awt.jnilib
0x0000000126c1e000 	/Library/Java/JavaVirtualMachines/jdk1.8.0_77.jdk/Contents/Home/jre/lib/libjawt.dylib
0x0000000126c21000 	/private/var/folders/vm/c6ql63410d962mlmgt4yhc5h0000gn/T/jogamp_0000/file_cache/jln2743939706279856697/jln8932738147042754777/libnativewindow_macosx.jnilib
0x00000001863ae000 	/private/var/folders/vm/c6ql63410d962mlmgt4yhc5h0000gn/T/jogamp_0000/file_cache/jln2743939706279856697/jln8932738147042754777/libjogl_desktop.jnilib
0x000000018d6da000 	/Library/Java/JavaVirtualMachines/jdk1.8.0_77.jdk/Contents/Home/jre/lib/libt2k.dylib

VM Arguments:
jvm_args: -Djava.security.policy=java.policy.applet -Dfile.encoding=UTF-8 
java_command: sun.applet.AppletViewer module6.EarthquakeCityMap1464491382515.html
java_class_path (initial): /Users/xingdu/Documents/workspace/UCSDUnfoldingMaps/build:/Users/xingdu/Documents/workspace/UCSDUnfoldingMaps/lib/core.jar:/Users/xingdu/Documents/workspace/UCSDUnfoldingMaps/lib/gluegen-rt.jar:/Users/xingdu/Documents/workspace/UCSDUnfoldingMaps/lib/jogl-all.jar:/Users/xingdu/Documents/workspace/UCSDUnfoldingMaps/lib/log4j-1.2.15.jar:/Users/xingdu/Documents/workspace/UCSDUnfoldingMaps/lib/sqlite-jdbc-3.7.2.jar:/Users/xingdu/Documents/workspace/UCSDUnfoldingMaps/lib/json4processing.jar:/Users/xingdu/Documents/workspace/UCSDUnfoldingMaps/lib/libTUIO.jar:/Users/xingdu/Documents/workspace/UCSDUnfoldingMaps/lib/unfolding.0.9.7-uscd.jar
Launcher Type: SUN_STANDARD

Environment Variables:
PATH=/usr/bin:/bin:/usr/sbin:/sbin
SHELL=/bin/bash

Signal Handlers:
SIGSEGV: [libjvm.dylib+0x5a6855], sa_mask[0]=11111111011111110111111111111111, sa_flags=SA_ONSTACK|SA_RESTART|SA_SIGINFO
SIGBUS: [libjvm.dylib+0x5a6855], sa_mask[0]=11111111011111110111111111111111, sa_flags=SA_RESTART|SA_SIGINFO
SIGFPE: [libjvm.dylib+0x4804ec], sa_mask[0]=11111111011111110111111111111111, sa_flags=SA_RESTART|SA_SIGINFO
SIGPIPE: [libjvm.dylib+0x4804ec], sa_mask[0]=11111111011111110111111111111111, sa_flags=SA_RESTART|SA_SIGINFO
SIGXFSZ: [libjvm.dylib+0x4804ec], sa_mask[0]=11111111011111110111111111111111, sa_flags=SA_RESTART|SA_SIGINFO
SIGILL: [libjvm.dylib+0x4804ec], sa_mask[0]=11111111011111110111111111111111, sa_flags=SA_RESTART|SA_SIGINFO
SIGUSR1: SIG_DFL, sa_mask[0]=00000000000000000000000000000000, sa_flags=none
SIGUSR2: [libjvm.dylib+0x48000a], sa_mask[0]=00100000000000000000000000000000, sa_flags=SA_RESTART|SA_SIGINFO
SIGHUP: [libjvm.dylib+0x47e5e1], sa_mask[0]=11111111011111110111111111111111, sa_flags=SA_RESTART|SA_SIGINFO
SIGINT: [libjvm.dylib+0x47e5e1], sa_mask[0]=11111111011111110111111111111111, sa_flags=SA_RESTART|SA_SIGINFO
SIGTERM: [libjvm.dylib+0x47e5e1], sa_mask[0]=11111111011111110111111111111111, sa_flags=SA_RESTART|SA_SIGINFO
SIGQUIT: [libjvm.dylib+0x47e5e1], sa_mask[0]=11111111011111110111111111111111, sa_flags=SA_RESTART|SA_SIGINFO


---------------  S Y S T E M  ---------------

OS:Bsduname:Darwin 15.5.0 Darwin Kernel Version 15.5.0: Tue Apr 19 18:36:36 PDT 2016; root:xnu-3248.50.21~8/RELEASE_X86_64 x86_64
rlimit: STACK 8192k, CORE 0k, NPROC 709, NOFILE 10240, AS infinity
load average:4.14 3.43 3.00

CPU:total 4 (2 cores per cpu, 2 threads per core) family 6 model 69 stepping 1, cmov, cx8, fxsr, mmx, sse, sse2, sse3, ssse3, sse4.1, sse4.2, popcnt, avx, avx2, aes, clmul, erms, lzcnt, ht, tsc, tscinvbit, bmi1, bmi2

Memory: 4k page, physical 4194304k(60552k free)

/proc/meminfo:


vm_info: Java HotSpot(TM) 64-Bit Server VM (25.77-b03) for bsd-amd64 JRE (1.8.0_77-b03), built on Mar 20 2016 22:14:03 by "java_re" with gcc 4.2.1 (Based on Apple Inc. build 5658) (LLVM build 2336.11.00)

time: Sat May 28 23:10:16 2016
elapsed time: 33 seconds (0d 0h 0m 33s)

