#
# A fatal error has been detected by the Java Runtime Environment:
#
#  SIGSEGV (0xb) at pc=0x00007fff89bb8097, pid=14548, tid=3335
#
# JRE version: Java(TM) SE Runtime Environment (8.0_77-b03) (build 1.8.0_77-b03)
# Java VM: Java HotSpot(TM) 64-Bit Server VM (25.77-b03 mixed mode bsd-amd64 compressed oops)
# Problematic frame:
# C  [libobjc.A.dylib+0x5097]  objc_msgSend+0x17
#
# Failed to write core dump. Core dumps have been disabled. To enable core dumping, try "ulimit -c unlimited" before starting Java again
#
# If you would like to submit a bug report, please visit:
#   http://bugreport.java.com/bugreport/crash.jsp
# The crash happened outside the Java Virtual Machine in native code.
# See problematic frame for where to report the bug.
#

---------------  T H R E A D  ---------------

Current thread (0x00007fe7b491f000):  JavaThread "AWT-AppKit" daemon [_thread_in_native, id=3335, stack(0x00007fff53b93000,0x00007fff54393000)]

siginfo: si_signo: 11 (SIGSEGV), si_code: 0 (unknown), si_addr: 0x0000000000000000

Registers:
RAX=0x00007fe7b7e030c0, RBX=0x0000000179027450, RCX=0x0000000126eae120, RDX=0x0000000127db7ae0
RSP=0x00007fff5438e3b8, RBP=0x00007fff5438e470, RSI=0x00007fff9350c4c6, RDI=0x00007fe7b7e002d0
R8 =0x0000000000000000, R9 =0x00000000000006d0, R10=0x00007fff9350c4c6, R11=0x4000000000000000
R12=0x0000000000000000, R13=0x000000017ac634b8, R14=0x0000000179027440, R15=0x00007fe7b491f000
RIP=0x00007fff89bb8097, EFLAGS=0x0000000000010246, ERR=0x0000000000000000
  TRAPNO=0x000000000000000d

Top of Stack: (sp=0x00007fff5438e3b8)
0x00007fff5438e3b8:   0000000179025157 00007fff5438e410
0x00007fff5438e3c8:   0000000000000003 00007fff5438e3f0
0x00007fff5438e3d8:   000000010c3f0b02 000000017ac634b8
0x00007fff5438e3e8:   000000017ac634b8 00007fe7b7e030c0
0x00007fff5438e3f8:   00000001790276a0 0000000179027710
0x00007fff5438e408:   00007fff77a31fb0 00007fff7646c420
0x00007fff5438e418:   0000000179027450 0000000179027690
0x00007fff5438e428:   00007fe7b7e030c0 00007fe7b7e002d0
0x00007fff5438e438:   00007fe7b2e46670 00007fe7b7e030c0
0x00007fff5438e448:   00007fe7b7e002d0 00007fff5438e4f8
0x00007fff5438e458:   00007fe7b491f1f8 000000017ac634b8
0x00007fff5438e468:   00007fff5438e520 00007fff5438e4e8
0x00007fff5438e478:   000000010d2a7954 000000017ac634b8
0x00007fff5438e488:   00007fff5438e520 00007fff5438e4e8
0x00007fff5438e498:   000000010d2a76e7 000000010d2a76a2
0x00007fff5438e4a8:   00007fff5438e4a8 000000017ac634b8
0x00007fff5438e4b8:   00007fff5438e520 000000017ab91ec8
0x00007fff5438e4c8:   0000000000000000 000000017ac634b8
0x00007fff5438e4d8:   0000000000000000 00007fff5438e508
0x00007fff5438e4e8:   00007fff5438e568 000000010d299c4d
0x00007fff5438e4f8:   0000000780f09890 000000010d2a1578
0x00007fff5438e508:   00007fe7b7e030c0 00007fff5438e568
0x00007fff5438e518:   00007fe7b7e002d0 000000010d2a2d82
0x00007fff5438e528:   00007fff5438e528 000000017ac63682
0x00007fff5438e538:   00007fff5438e590 000000017ab91ec8
0x00007fff5438e548:   0000000000000000 000000017ac63690
0x00007fff5438e558:   00007fff5438e508 00007fff5438e578
0x00007fff5438e568:   00007fff5438e5d8 000000010d299c4d
0x00007fff5438e578:   00007fe7b7e030c0 0000000780e86a50
0x00007fff5438e588:   00007fe7b7e002d0 0000000780e86a50
0x00007fff5438e598:   00007fff5438e598 0000000182556fa6
0x00007fff5438e5a8:   00007fff5438e5e8 0000000182557060 

Instructions: (pc=0x00007fff89bb8097)
0x00007fff89bb8077:   90 90 90 90 90 90 90 90 90 48 85 ff 2e 74 72 40
0x00007fff89bb8087:   f6 c7 01 2e 0f 85 7e 00 00 00 4c 8b 1f 49 89 f2
0x00007fff89bb8097:   45 23 53 18 49 c1 e2 04 4d 03 53 10 49 3b 32 75
0x00007fff89bb80a7:   04 41 ff 62 08 49 83 3a 00 74 74 4d 3b 53 10 74 

Register to memory mapping:

RAX=0x00007fe7b7e030c0 is an unknown value
RBX=0x0000000179027450: Java_jogamp_nativewindow_macosx_OSXUtil_GetScreenRefreshRate0+0x1cf0 in /private/var/folders/vm/c6ql63410d962mlmgt4yhc5h0000gn/T/jogamp_0000/file_cache/jln1222006485328615327/jln4272679631109996359/libnativewindow_macosx.jnilib at 0x0000000179020000
RCX=0x0000000126eae120 is an unknown value
RDX=0x0000000127db7ae0 is an unknown value
RSP=0x00007fff5438e3b8 is pointing into the stack for thread: 0x00007fe7b491f000
RBP=0x00007fff5438e470 is pointing into the stack for thread: 0x00007fe7b491f000
RSI=0x00007fff9350c4c6: NSAppKitVersionNumber+0x12eb6 in /System/Library/Frameworks/AppKit.framework/Versions/C/AppKit at 0x00007fff92aa9000
RDI=0x00007fe7b7e002d0 is an unknown value
R8 =0x0000000000000000 is an unknown value
R9 =0x00000000000006d0 is an unknown value
R10=0x00007fff9350c4c6: NSAppKitVersionNumber+0x12eb6 in /System/Library/Frameworks/AppKit.framework/Versions/C/AppKit at 0x00007fff92aa9000
R11=0x4000000000000000 is an unknown value
R12=0x0000000000000000 is an unknown value
R13={method} {0x000000017ac634b8} 'UnsetJAWTRootSurfaceLayer0' '(JJ)V' in 'jogamp/nativewindow/jawt/macosx/MacOSXJAWTWindow'
R14=0x0000000179027440: Java_jogamp_nativewindow_macosx_OSXUtil_GetScreenRefreshRate0+0x1ce0 in /private/var/folders/vm/c6ql63410d962mlmgt4yhc5h0000gn/T/jogamp_0000/file_cache/jln1222006485328615327/jln4272679631109996359/libnativewindow_macosx.jnilib at 0x0000000179020000
R15=0x00007fe7b491f000 is a thread


Stack: [0x00007fff53b93000,0x00007fff54393000],  sp=0x00007fff5438e3b8,  free space=8172k
Native frames: (J=compiled Java code, j=interpreted, Vv=VM code, C=native code)
C  [libobjc.A.dylib+0x5097]  objc_msgSend+0x17
j  jogamp.nativewindow.jawt.macosx.MacOSXJAWTWindow.UnsetJAWTRootSurfaceLayer0(JJ)V+0
j  jogamp.nativewindow.jawt.macosx.MacOSXJAWTWindow.access$200(JJ)V+2
j  jogamp.nativewindow.jawt.macosx.MacOSXJAWTWindow$1.run()V+38
j  com.jogamp.common.util.RunnableTask.run()V+24
v  ~StubRoutines::call_stub
V  [libjvm.dylib+0x2ea39e]
V  [libjvm.dylib+0x3214a7]
V  [libjvm.dylib+0x313c7b]
C  [libnativewindow_macosx.jnilib+0x5326]  Java_jogamp_nativewindow_jawt_macosx_MacOSXJAWTWindow_UnsetJAWTRootSurfaceLayer0+0x2b6
C  [Foundation+0x6375e]  __NSThreadPerformPerform+0xe5
C  [CoreFoundation+0x7f5b1]  __CFRUNLOOP_IS_CALLING_OUT_TO_A_SOURCE0_PERFORM_FUNCTION__+0x11
C  [CoreFoundation+0x70d29]  __CFRunLoopDoSources0+0x1b9
C  [CoreFoundation+0x703ef]  __CFRunLoopRun+0x33f
C  [CoreFoundation+0x6fe75]  CFRunLoopRunSpecific+0x135
C  [HIToolbox+0x2ea0d]  RunCurrentEventLoopInMode+0xe2
C  [HIToolbox+0x2e685]  ReceiveNextEventCommon+0xad
C  [HIToolbox+0x2e5bc]  _BlockUntilNextEventMatchingListInModeWithFilter+0x41
C  [AppKit+0x2424e]  _DPSNextEvent+0x59a
C  [AppKit+0x2389b]  -[NSApplication nextEventMatchingMask:untilDate:inMode:dequeue:]+0x7a
C  [libosxapp.dylib+0x23aa]  -[NSApplicationAWT nextEventMatchingMask:untilDate:inMode:dequeue:]+0x7c
C  [AppKit+0x1799c]  -[NSApplication run]+0x229
C  [libosxapp.dylib+0x214d]  +[NSApplicationAWT runAWTLoopWithApp:]+0x9c
C  [libawt_lwawt.dylib+0x4455b]  -[AWTStarter starter:]+0x389
C  [Foundation+0x6375e]  __NSThreadPerformPerform+0xe5
C  [CoreFoundation+0x7f5b1]  __CFRUNLOOP_IS_CALLING_OUT_TO_A_SOURCE0_PERFORM_FUNCTION__+0x11
C  [CoreFoundation+0x70c62]  __CFRunLoopDoSources0+0xf2
C  [CoreFoundation+0x703ef]  __CFRunLoopRun+0x33f
C  [CoreFoundation+0x6fe75]  CFRunLoopRunSpecific+0x135
C  [java+0x6463]  CreateExecutionEnvironment+0x367
C  [java+0x21ac]  JLI_Launch+0x7a0
C  [java+0x84c0]  main+0x65
C  [java+0x1a04]  start+0x34
C  0x0000000000000007

Java frames: (J=compiled Java code, j=interpreted, Vv=VM code)
j  jogamp.nativewindow.jawt.macosx.MacOSXJAWTWindow.UnsetJAWTRootSurfaceLayer0(JJ)V+0
j  jogamp.nativewindow.jawt.macosx.MacOSXJAWTWindow.access$200(JJ)V+2
j  jogamp.nativewindow.jawt.macosx.MacOSXJAWTWindow$1.run()V+38
j  com.jogamp.common.util.RunnableTask.run()V+24
v  ~StubRoutines::call_stub

---------------  P R O C E S S  ---------------

Java Threads: ( => current thread )
  0x00007fe7b80b9800 JavaThread "Thread-449" [_thread_blocked, id=23071, stack(0x000000018ccfd000,0x000000018cdfd000)]
  0x00007fe7b41e0800 JavaThread "AWT-EventQueue-1" [_thread_in_native, id=55307, stack(0x0000000179507000,0x0000000179607000)]
  0x00007fe7b4888800 JavaThread "DestroyJavaVM" [_thread_blocked, id=6403, stack(0x000000010d190000,0x000000010d290000)]
  0x00007fe7b499e000 JavaThread "AWT-EventQueue-0" [_thread_blocked, id=52999, stack(0x0000000128009000,0x0000000128109000)]
  0x00007fe7b4819000 JavaThread "Java2D Disposer" daemon [_thread_blocked, id=48691, stack(0x0000000126c3f000,0x0000000126d3f000)]
  0x00007fe7b30b1800 JavaThread "Java2D Queue Flusher" daemon [_thread_blocked, id=47623, stack(0x00000001258e5000,0x00000001259e5000)]
  0x00007fe7b403f000 JavaThread "AWT-Shutdown" [_thread_blocked, id=28427, stack(0x0000000122eae000,0x0000000122fae000)]
=>0x00007fe7b491f000 JavaThread "AWT-AppKit" daemon [_thread_in_native, id=3335, stack(0x00007fff53b93000,0x00007fff54393000)]
  0x00007fe7b404b800 JavaThread "Service Thread" daemon [_thread_blocked, id=19715, stack(0x00000001212d8000,0x00000001213d8000)]
  0x00007fe7b401b800 JavaThread "C1 CompilerThread2" daemon [_thread_blocked, id=19203, stack(0x00000001211d5000,0x00000001212d5000)]
  0x00007fe7b401b000 JavaThread "C2 CompilerThread1" daemon [_thread_blocked, id=18691, stack(0x00000001210d2000,0x00000001211d2000)]
  0x00007fe7b4016800 JavaThread "C2 CompilerThread0" daemon [_thread_blocked, id=18179, stack(0x0000000120fcf000,0x00000001210cf000)]
  0x00007fe7b4002000 JavaThread "Signal Dispatcher" daemon [_thread_blocked, id=17667, stack(0x0000000120ecc000,0x0000000120fcc000)]
  0x00007fe7b385d800 JavaThread "Finalizer" daemon [_thread_blocked, id=12547, stack(0x0000000120c8a000,0x0000000120d8a000)]
  0x00007fe7b385b000 JavaThread "Reference Handler" daemon [_thread_blocked, id=12035, stack(0x0000000120b87000,0x0000000120c87000)]

Other Threads:
  0x00007fe7b3856800 VMThread [stack: 0x0000000120a84000,0x0000000120b84000] [id=11523]
  0x00007fe7b3011800 WatcherThread [stack: 0x00000001213db000,0x00000001214db000] [id=20227]

VM state:not at safepoint (normal execution)

VM Mutex/Monitor currently owned by a thread: None

Heap:
 PSYoungGen      total 20992K, used 10103K [0x00000007aab00000, 0x00000007ac080000, 0x00000007c0000000)
  eden space 20480K, 49% used [0x00000007aab00000,0x00000007ab4cdf08,0x00000007abf00000)
  from space 512K, 12% used [0x00000007abf80000,0x00000007abf90000,0x00000007ac000000)
  to   space 512K, 0% used [0x00000007ac000000,0x00000007ac000000,0x00000007ac080000)
 ParOldGen       total 154624K, used 127109K [0x0000000780000000, 0x0000000789700000, 0x00000007aab00000)
  object space 154624K, 82% used [0x0000000780000000,0x0000000787c21638,0x0000000789700000)
 Metaspace       used 21687K, capacity 21919K, committed 22320K, reserved 1069056K
  class space    used 2045K, capacity 2112K, committed 2176K, reserved 1048576K

Card table byte_map: [0x000000011c652000,0x000000011c853000] byte_map_base: 0x0000000118a52000

Marking Bits: (ParMarkBitMap*) 0x000000010cae3ea0
 Begin Bits: [0x000000011cdb5000, 0x000000011ddb5000)
 End Bits:   [0x000000011ddb5000, 0x000000011edb5000)

Polling page: 0x000000010b9c5000

CodeCache: size=245760Kb used=11179Kb max_used=11296Kb free=234580Kb
 bounds [0x000000010d292000, 0x000000010ddd2000, 0x000000011c292000]
 total_blobs=3953 nmethods=3059 adapters=807
 compilation: enabled

Compilation events (10 events):
Event: 1011.099 Thread 0x00007fe7b401b800 3732       3       java.util.LinkedHashMap::afterNodeRemoval (65 bytes)
Event: 1011.099 Thread 0x00007fe7b401b800 nmethod 3732 0x000000010d85cc10 code [0x000000010d85cd80, 0x000000010d85d130]
Event: 1011.100 Thread 0x00007fe7b401b000 3733  s!   4       sun.misc.URLClassPath::getLoader (197 bytes)
Event: 1011.101 Thread 0x00007fe7b401b800 3734       3       sun.misc.JarIndex::get (49 bytes)
Event: 1011.101 Thread 0x00007fe7b401b800 nmethod 3734 0x000000010d9d00d0 code [0x000000010d9d02a0, 0x000000010d9d0b18]
Event: 1011.107 Thread 0x00007fe7b401b000 nmethod 3733 0x000000010d9e1510 code [0x000000010d9e1680, 0x000000010d9e1e58]
Event: 1011.116 Thread 0x00007fe7b4016800 3735  s    4       sun.misc.URLClassPath::getNextLoader (88 bytes)
Event: 1011.127 Thread 0x00007fe7b4016800 nmethod 3735 0x000000010d8bdb90 code [0x000000010d8bdd00, 0x000000010d8be478]
Event: 1011.157 Thread 0x00007fe7b401b800 3736       3       sun.java2d.SurfaceData::markDirty (8 bytes)
Event: 1011.157 Thread 0x00007fe7b401b800 nmethod 3736 0x000000010dab4d10 code [0x000000010dab4e80, 0x000000010dab50d0]

GC Heap History (10 events):
Event: 996.033 GC heap before
{Heap before GC invocations=283 (full 4):
 PSYoungGen      total 20992K, used 20512K [0x00000007aab00000, 0x00000007ac080000, 0x00000007c0000000)
  eden space 20480K, 100% used [0x00000007aab00000,0x00000007abf00000,0x00000007abf00000)
  from space 512K, 6% used [0x00000007ac000000,0x00000007ac008000,0x00000007ac080000)
  to   space 512K, 0% used [0x00000007abf80000,0x00000007abf80000,0x00000007ac000000)
 ParOldGen       total 154624K, used 127109K [0x0000000780000000, 0x0000000789700000, 0x00000007aab00000)
  object space 154624K, 82% used [0x0000000780000000,0x0000000787c21638,0x0000000789700000)
 Metaspace       used 21651K, capacity 21855K, committed 22064K, reserved 1069056K
  class space    used 2037K, capacity 2112K, committed 2176K, reserved 1048576K
Event: 996.038 GC heap after
Heap after GC invocations=283 (full 4):
 PSYoungGen      total 20992K, used 64K [0x00000007aab00000, 0x00000007ac080000, 0x00000007c0000000)
  eden space 20480K, 0% used [0x00000007aab00000,0x00000007aab00000,0x00000007abf00000)
  from space 512K, 12% used [0x00000007abf80000,0x00000007abf90000,0x00000007ac000000)
  to   space 512K, 0% used [0x00000007ac000000,0x00000007ac000000,0x00000007ac080000)
 ParOldGen       total 154624K, used 127109K [0x0000000780000000, 0x0000000789700000, 0x00000007aab00000)
  object space 154624K, 82% used [0x0000000780000000,0x0000000787c21638,0x0000000789700000)
 Metaspace       used 21651K, capacity 21855K, committed 22064K, reserved 1069056K
  class space    used 2037K, capacity 2112K, committed 2176K, reserved 1048576K
}
Event: 999.415 GC heap before
{Heap before GC invocations=284 (full 4):
 PSYoungGen      total 20992K, used 20544K [0x00000007aab00000, 0x00000007ac080000, 0x00000007c0000000)
  eden space 20480K, 100% used [0x00000007aab00000,0x00000007abf00000,0x00000007abf00000)
  from space 512K, 12% used [0x00000007abf80000,0x00000007abf90000,0x00000007ac000000)
  to   space 512K, 0% used [0x00000007ac000000,0x00000007ac000000,0x00000007ac080000)
 ParOldGen       total 154624K, used 127109K [0x0000000780000000, 0x0000000789700000, 0x00000007aab00000)
  object space 154624K, 82% used [0x0000000780000000,0x0000000787c21638,0x0000000789700000)
 Metaspace       used 21651K, capacity 21855K, committed 22064K, reserved 1069056K
  class space    used 2037K, capacity 2112K, committed 2176K, reserved 1048576K
Event: 999.421 GC heap after
Heap after GC invocations=284 (full 4):
 PSYoungGen      total 20992K, used 32K [0x00000007aab00000, 0x00000007ac080000, 0x00000007c0000000)
  eden space 20480K, 0% used [0x00000007aab00000,0x00000007aab00000,0x00000007abf00000)
  from space 512K, 6% used [0x00000007ac000000,0x00000007ac008000,0x00000007ac080000)
  to   space 512K, 0% used [0x00000007abf80000,0x00000007abf80000,0x00000007ac000000)
 ParOldGen       total 154624K, used 127109K [0x0000000780000000, 0x0000000789700000, 0x00000007aab00000)
  object space 154624K, 82% used [0x0000000780000000,0x0000000787c21638,0x0000000789700000)
 Metaspace       used 21651K, capacity 21855K, committed 22064K, reserved 1069056K
  class space    used 2037K, capacity 2112K, committed 2176K, reserved 1048576K
}
Event: 1002.783 GC heap before
{Heap before GC invocations=285 (full 4):
 PSYoungGen      total 20992K, used 20512K [0x00000007aab00000, 0x00000007ac080000, 0x00000007c0000000)
  eden space 20480K, 100% used [0x00000007aab00000,0x00000007abf00000,0x00000007abf00000)
  from space 512K, 6% used [0x00000007ac000000,0x00000007ac008000,0x00000007ac080000)
  to   space 512K, 0% used [0x00000007abf80000,0x00000007abf80000,0x00000007ac000000)
 ParOldGen       total 154624K, used 127109K [0x0000000780000000, 0x0000000789700000, 0x00000007aab00000)
  object space 154624K, 82% used [0x0000000780000000,0x0000000787c21638,0x0000000789700000)
 Metaspace       used 21651K, capacity 21855K, committed 22064K, reserved 1069056K
  class space    used 2037K, capacity 2112K, committed 2176K, reserved 1048576K
Event: 1002.785 GC heap after
Heap after GC invocations=285 (full 4):
 PSYoungGen      total 20992K, used 32K [0x00000007aab00000, 0x00000007ac080000, 0x00000007c0000000)
  eden space 20480K, 0% used [0x00000007aab00000,0x00000007aab00000,0x00000007abf00000)
  from space 512K, 6% used [0x00000007abf80000,0x00000007abf88000,0x00000007ac000000)
  to   space 512K, 0% used [0x00000007ac000000,0x00000007ac000000,0x00000007ac080000)
 ParOldGen       total 154624K, used 127109K [0x0000000780000000, 0x0000000789700000, 0x00000007aab00000)
  object space 154624K, 82% used [0x0000000780000000,0x0000000787c21638,0x0000000789700000)
 Metaspace       used 21651K, capacity 21855K, committed 22064K, reserved 1069056K
  class space    used 2037K, capacity 2112K, committed 2176K, reserved 1048576K
}
Event: 1006.165 GC heap before
{Heap before GC invocations=286 (full 4):
 PSYoungGen      total 20992K, used 20512K [0x00000007aab00000, 0x00000007ac080000, 0x00000007c0000000)
  eden space 20480K, 100% used [0x00000007aab00000,0x00000007abf00000,0x00000007abf00000)
  from space 512K, 6% used [0x00000007abf80000,0x00000007abf88000,0x00000007ac000000)
  to   space 512K, 0% used [0x00000007ac000000,0x00000007ac000000,0x00000007ac080000)
 ParOldGen       total 154624K, used 127109K [0x0000000780000000, 0x0000000789700000, 0x00000007aab00000)
  object space 154624K, 82% used [0x0000000780000000,0x0000000787c21638,0x0000000789700000)
 Metaspace       used 21651K, capacity 21855K, committed 22064K, reserved 1069056K
  class space    used 2037K, capacity 2112K, committed 2176K, reserved 1048576K
Event: 1006.168 GC heap after
Heap after GC invocations=286 (full 4):
 PSYoungGen      total 20992K, used 32K [0x00000007aab00000, 0x00000007ac080000, 0x00000007c0000000)
  eden space 20480K, 0% used [0x00000007aab00000,0x00000007aab00000,0x00000007abf00000)
  from space 512K, 6% used [0x00000007ac000000,0x00000007ac008000,0x00000007ac080000)
  to   space 512K, 0% used [0x00000007abf80000,0x00000007abf80000,0x00000007ac000000)
 ParOldGen       total 154624K, used 127109K [0x0000000780000000, 0x0000000789700000, 0x00000007aab00000)
  object space 154624K, 82% used [0x0000000780000000,0x0000000787c21638,0x0000000789700000)
 Metaspace       used 21651K, capacity 21855K, committed 22064K, reserved 1069056K
  class space    used 2037K, capacity 2112K, committed 2176K, reserved 1048576K
}
Event: 1009.565 GC heap before
{Heap before GC invocations=287 (full 4):
 PSYoungGen      total 20992K, used 20512K [0x00000007aab00000, 0x00000007ac080000, 0x00000007c0000000)
  eden space 20480K, 100% used [0x00000007aab00000,0x00000007abf00000,0x00000007abf00000)
  from space 512K, 6% used [0x00000007ac000000,0x00000007ac008000,0x00000007ac080000)
  to   space 512K, 0% used [0x00000007abf80000,0x00000007abf80000,0x00000007ac000000)
 ParOldGen       total 154624K, used 127109K [0x0000000780000000, 0x0000000789700000, 0x00000007aab00000)
  object space 154624K, 82% used [0x0000000780000000,0x0000000787c21638,0x0000000789700000)
 Metaspace       used 21651K, capacity 21855K, committed 22064K, reserved 1069056K
  class space    used 2037K, capacity 2112K, committed 2176K, reserved 1048576K
Event: 1009.568 GC heap after
Heap after GC invocations=287 (full 4):
 PSYoungGen      total 20992K, used 64K [0x00000007aab00000, 0x00000007ac080000, 0x00000007c0000000)
  eden space 20480K, 0% used [0x00000007aab00000,0x00000007aab00000,0x00000007abf00000)
  from space 512K, 12% used [0x00000007abf80000,0x00000007abf90000,0x00000007ac000000)
  to   space 512K, 0% used [0x00000007ac000000,0x00000007ac000000,0x00000007ac080000)
 ParOldGen       total 154624K, used 127109K [0x0000000780000000, 0x0000000789700000, 0x00000007aab00000)
  object space 154624K, 82% used [0x0000000780000000,0x0000000787c21638,0x0000000789700000)
 Metaspace       used 21651K, capacity 21855K, committed 22064K, reserved 1069056K
  class space    used 2037K, capacity 2112K, committed 2176K, reserved 1048576K
}

Deoptimization events (10 events):
Event: 1011.095 Thread 0x00007fe7b414a800 Uncommon trap: reason=unstable_if action=reinterpret pc=0x000000010d745f4c method=java.util.HashMap.putVal(ILjava/lang/Object;Ljava/lang/Object;ZZ)Ljava/lang/Object; @ 81
Event: 1011.095 Thread 0x00007fe7b414a800 Uncommon trap: reason=unstable_if action=reinterpret pc=0x000000010d74aa54 method=java.util.HashMap.putVal(ILjava/lang/Object;Ljava/lang/Object;ZZ)Ljava/lang/Object; @ 81
Event: 1011.096 Thread 0x00007fe7b499e000 Uncommon trap: reason=class_check action=maybe_recompile pc=0x000000010dda6308 method=java.awt.Component.getGraphics()Ljava/awt/Graphics; @ 114
Event: 1011.097 Thread 0x00007fe7b41e0800 Uncommon trap: reason=class_check action=maybe_recompile pc=0x000000010db57cd0 method=java.awt.event.InvocationEvent.dispatch()V @ 11
Event: 1011.100 Thread 0x00007fe7b491f000 Uncommon trap: reason=class_check action=maybe_recompile pc=0x000000010d833280 method=com.jogamp.common.util.RunnableTask.run()V @ 24
Event: 1011.116 Thread 0x00007fe7b41e0800 Uncommon trap: reason=unstable_if action=reinterpret pc=0x000000010ddb09a0 method=jogamp.opengl.GLContextImpl.release(Z)V @ 161
Event: 1011.154 Thread 0x00007fe7b41e0800 Uncommon trap: reason=unstable_if action=reinterpret pc=0x000000010dc103d8 method=java.util.LinkedList$ListItr.<init>(Ljava/util/LinkedList;I)V @ 26
Event: 1011.157 Thread 0x00007fe7b499e000 Uncommon trap: reason=class_check action=maybe_recompile pc=0x000000010dda6308 method=java.awt.Component.getGraphics()Ljava/awt/Graphics; @ 114
Event: 1011.157 Thread 0x00007fe7b41e0800 Uncommon trap: reason=class_check action=maybe_recompile pc=0x000000010db57cd0 method=java.awt.event.InvocationEvent.dispatch()V @ 11
Event: 1011.224 Thread 0x00007fe7b491f000 Uncommon trap: reason=class_check action=maybe_recompile pc=0x000000010d833280 method=com.jogamp.common.util.RunnableTask.run()V @ 24

Internal exceptions (10 events):
Event: 0.197 Thread 0x00007fe7b4003000 Exception <a 'java/lang/NoSuchFieldError': method resolution failed> (0x00000007aad02480) thrown at [/Users/java_re/workspace/8-2-build-macosx-x86_64/jdk8u77/6540/hotspot/src/share/vm/prims/methodHandles.cpp, line 1146]
Event: 0.200 Thread 0x00007fe7b4003000 Exception <a 'java/lang/NoSuchFieldError': method resolution failed> (0x00000007aad0fc50) thrown at [/Users/java_re/workspace/8-2-build-macosx-x86_64/jdk8u77/6540/hotspot/src/share/vm/prims/methodHandles.cpp, line 1146]
Event: 0.324 Thread 0x00007fe7b4003000 Exception <a 'java/io/FileNotFoundException'> (0x00000007aad8b818) thrown at [/Users/java_re/workspace/8-2-build-macosx-x86_64/jdk8u77/6540/hotspot/src/share/vm/prims/jni.cpp, line 709]
Event: 0.324 Thread 0x00007fe7b4003000 Exception <a 'java/io/FileNotFoundException'> (0x00000007aad8c360) thrown at [/Users/java_re/workspace/8-2-build-macosx-x86_64/jdk8u77/6540/hotspot/src/share/vm/prims/jni.cpp, line 709]
Event: 0.428 Thread 0x00007fe7b4003000 Exception <a 'java/io/FileNotFoundException'> (0x00000007aae76e78) thrown at [/Users/java_re/workspace/8-2-build-macosx-x86_64/jdk8u77/6540/hotspot/src/share/vm/prims/jni.cpp, line 709]
Event: 2.294 Thread 0x00007fe7b385d800 Exception <a 'java/lang/NullPointerException'> (0x00000007aabb3b40) thrown at [/Users/java_re/workspace/8-2-build-macosx-x86_64/jdk8u77/6540/hotspot/src/share/vm/interpreter/linkResolver.cpp, line 1178]
Event: 2.384 Thread 0x00007fe7b31c5800 Exception <a 'java/lang/UnsatisfiedLinkError': com.jogamp.common.util.JarUtil.fixNativeLibAttribs(Ljava/lang/String;)Z> (0x00000007aafed398) thrown at [/Users/java_re/workspace/8-2-build-macosx-x86_64/jdk8u77/6540/hotspot/src/share/vm/prims/nativeLookup.c
Event: 3.177 Thread 0x00007fe7b41e0800 Exception <a 'java/io/FileNotFoundException'> (0x00000007ab35d868) thrown at [/Users/java_re/workspace/8-2-build-macosx-x86_64/jdk8u77/6540/hotspot/src/share/vm/prims/jni.cpp, line 709]
Event: 3.177 Thread 0x00007fe7b41e0800 Exception <a 'java/io/FileNotFoundException'> (0x00000007ab364ee8) thrown at [/Users/java_re/workspace/8-2-build-macosx-x86_64/jdk8u77/6540/hotspot/src/share/vm/prims/jni.cpp, line 709]
Event: 3.177 Thread 0x00007fe7b41e0800 Implicit null exception at 0x000000010d43eef5 to 0x000000010d43f259

Events (10 events):
Event: 1011.157 Thread 0x00007fe7b499e000 DEOPT PACKING pc=0x000000010dda6308 sp=0x0000000128106d40
Event: 1011.157 Thread 0x00007fe7b499e000 DEOPT UNPACKING pc=0x000000010d297229 sp=0x0000000128106d50 mode 2
Event: 1011.157 loading class java/awt/Window$1DisposeAction
Event: 1011.157 loading class java/awt/Window$1DisposeAction done
Event: 1011.157 Thread 0x00007fe7b41e0800 Uncommon trap: trap_request=0xffffffde fr.pc=0x000000010db57cd0
Event: 1011.157 Thread 0x00007fe7b41e0800 DEOPT PACKING pc=0x000000010db57cd0 sp=0x0000000179604f80
Event: 1011.157 Thread 0x00007fe7b41e0800 DEOPT UNPACKING pc=0x000000010d297229 sp=0x0000000179604f80 mode 2
Event: 1011.224 Thread 0x00007fe7b491f000 Uncommon trap: trap_request=0xffffffde fr.pc=0x000000010d833280
Event: 1011.224 Thread 0x00007fe7b491f000 DEOPT PACKING pc=0x000000010d833280 sp=0x00007fff5438e630
Event: 1011.224 Thread 0x00007fe7b491f000 DEOPT UNPACKING pc=0x000000010d297229 sp=0x00007fff5438e5d8 mode 2


Dynamic libraries:
0x000000000637b000 	/System/Library/Frameworks/Cocoa.framework/Versions/A/Cocoa
0x000000000637b000 	/System/Library/Frameworks/Security.framework/Versions/A/Security
0x000000000637b000 	/System/Library/Frameworks/ApplicationServices.framework/Versions/A/ApplicationServices
0x000000000637b000 	/usr/lib/libz.1.dylib
0x000000000637b000 	/usr/lib/libSystem.B.dylib
0x000000000637b000 	/usr/lib/libobjc.A.dylib
0x000000000637b000 	/System/Library/Frameworks/CoreFoundation.framework/Versions/A/CoreFoundation
0x000000000637b000 	/System/Library/Frameworks/Foundation.framework/Versions/C/Foundation
0x000000000637b000 	/System/Library/Frameworks/AppKit.framework/Versions/C/AppKit
0x000000000637b000 	/System/Library/Frameworks/CoreData.framework/Versions/A/CoreData
0x000000000637b000 	/System/Library/PrivateFrameworks/RemoteViewServices.framework/Versions/A/RemoteViewServices
0x000000000637b000 	/System/Library/Frameworks/AudioToolbox.framework/Versions/A/AudioToolbox
0x000000000637b000 	/System/Library/Frameworks/AudioUnit.framework/Versions/A/AudioUnit
0x000000000637b000 	/System/Library/PrivateFrameworks/DataDetectorsCore.framework/Versions/A/DataDetectorsCore
0x000000000637b000 	/System/Library/PrivateFrameworks/DesktopServicesPriv.framework/Versions/A/DesktopServicesPriv
0x000000000637b000 	/System/Library/Frameworks/Carbon.framework/Versions/A/Frameworks/HIToolbox.framework/Versions/A/HIToolbox
0x000000000637b000 	/System/Library/Frameworks/QuartzCore.framework/Versions/A/QuartzCore
0x000000000637b000 	/System/Library/Frameworks/Carbon.framework/Versions/A/Frameworks/SpeechRecognition.framework/Versions/A/SpeechRecognition
0x000000000637b000 	/usr/lib/libauto.dylib
0x000000000637b000 	/usr/lib/libicucore.A.dylib
0x000000000637b000 	/usr/lib/libxml2.2.dylib
0x000000000637b000 	/System/Library/PrivateFrameworks/CoreUI.framework/Versions/A/CoreUI
0x000000000637b000 	/System/Library/Frameworks/CoreAudio.framework/Versions/A/CoreAudio
0x000000000637b000 	/System/Library/Frameworks/DiskArbitration.framework/Versions/A/DiskArbitration
0x000000000637b000 	/usr/lib/liblangid.dylib
0x000000000637b000 	/System/Library/PrivateFrameworks/MultitouchSupport.framework/Versions/A/MultitouchSupport
0x000000000637b000 	/System/Library/Frameworks/IOKit.framework/Versions/A/IOKit
0x000000000637b000 	/usr/lib/libDiagnosticMessagesClient.dylib
0x000000000637b000 	/System/Library/Frameworks/CoreServices.framework/Versions/A/CoreServices
0x000000000637b000 	/System/Library/PrivateFrameworks/PerformanceAnalysis.framework/Versions/A/PerformanceAnalysis
0x000000000637b000 	/System/Library/PrivateFrameworks/GenerationalStorage.framework/Versions/A/GenerationalStorage
0x000000000637b000 	/System/Library/Frameworks/OpenGL.framework/Versions/A/OpenGL
0x000000000637b000 	/System/Library/PrivateFrameworks/Sharing.framework/Versions/A/Sharing
0x000000000637b000 	/System/Library/Frameworks/ImageIO.framework/Versions/A/ImageIO
0x000000000637b000 	/System/Library/Frameworks/CoreText.framework/Versions/A/CoreText
0x000000000637b000 	/System/Library/Frameworks/CoreGraphics.framework/Versions/A/CoreGraphics
0x000000000637b000 	/System/Library/PrivateFrameworks/Backup.framework/Versions/A/Backup
0x000000000637b000 	/System/Library/Frameworks/CFNetwork.framework/Versions/A/CFNetwork
0x000000000637b000 	/System/Library/Frameworks/SystemConfiguration.framework/Versions/A/SystemConfiguration
0x000000000637b000 	/usr/lib/libCRFSuite.dylib
0x000000000637b000 	/usr/lib/libc++.1.dylib
0x000000000637b000 	/usr/lib/libc++abi.dylib
0x000000000637b000 	/usr/lib/system/libcache.dylib
0x000000000637b000 	/usr/lib/system/libcommonCrypto.dylib
0x000000000637b000 	/usr/lib/system/libcompiler_rt.dylib
0x000000000637b000 	/usr/lib/system/libcopyfile.dylib
0x000000000637b000 	/usr/lib/system/libcorecrypto.dylib
0x000000000637b000 	/usr/lib/system/libdispatch.dylib
0x000000000637b000 	/usr/lib/system/libdyld.dylib
0x000000000637b000 	/usr/lib/system/libkeymgr.dylib
0x000000000637b000 	/usr/lib/system/liblaunch.dylib
0x000000000637b000 	/usr/lib/system/libmacho.dylib
0x000000000637b000 	/usr/lib/system/libquarantine.dylib
0x000000000637b000 	/usr/lib/system/libremovefile.dylib
0x000000000637b000 	/usr/lib/system/libsystem_asl.dylib
0x000000000637b000 	/usr/lib/system/libsystem_blocks.dylib
0x000000000637b000 	/usr/lib/system/libsystem_c.dylib
0x000000000637b000 	/usr/lib/system/libsystem_configuration.dylib
0x000000000637b000 	/usr/lib/system/libsystem_dnssd.dylib
0x000000000637b000 	/usr/lib/system/libsystem_info.dylib
0x000000000637b000 	/usr/lib/system/libsystem_kernel.dylib
0x000000000637b000 	/usr/lib/system/libsystem_m.dylib
0x000000000637b000 	/usr/lib/system/libsystem_malloc.dylib
0x000000000637b000 	/usr/lib/system/libsystem_network.dylib
0x000000000637b000 	/usr/lib/system/libsystem_notify.dylib
0x000000000637b000 	/usr/lib/system/libsystem_platform.dylib
0x000000000637b000 	/usr/lib/system/libsystem_pthread.dylib
0x000000000637b000 	/usr/lib/system/libsystem_sandbox.dylib
0x000000000637b000 	/usr/lib/system/libsystem_stats.dylib
0x000000000637b000 	/usr/lib/system/libunc.dylib
0x000000000637b000 	/usr/lib/system/libunwind.dylib
0x000000000637b000 	/usr/lib/system/libxpc.dylib
0x000000000637b000 	/usr/lib/libbsm.0.dylib
0x000000000637b000 	/usr/lib/libsqlite3.dylib
0x000000000637b000 	/usr/lib/libxar.1.dylib
0x000000000637b000 	/usr/lib/libpam.2.dylib
0x000000000637b000 	/usr/lib/libOpenScriptingUtil.dylib
0x000000000637b000 	/usr/lib/libbz2.1.0.dylib
0x000000000637b000 	/System/Library/Frameworks/CoreServices.framework/Versions/A/Frameworks/CarbonCore.framework/Versions/A/CarbonCore
0x000000000637b000 	/System/Library/Frameworks/CoreServices.framework/Versions/A/Frameworks/Metadata.framework/Versions/A/Metadata
0x000000000637b000 	/System/Library/Frameworks/CoreServices.framework/Versions/A/Frameworks/OSServices.framework/Versions/A/OSServices
0x000000000637b000 	/System/Library/Frameworks/CoreServices.framework/Versions/A/Frameworks/SearchKit.framework/Versions/A/SearchKit
0x000000000637b000 	/System/Library/Frameworks/CoreServices.framework/Versions/A/Frameworks/AE.framework/Versions/A/AE
0x000000000637b000 	/System/Library/Frameworks/CoreServices.framework/Versions/A/Frameworks/LaunchServices.framework/Versions/A/LaunchServices
0x000000000637b000 	/System/Library/Frameworks/CoreServices.framework/Versions/A/Frameworks/DictionaryServices.framework/Versions/A/DictionaryServices
0x000000000637b000 	/System/Library/Frameworks/NetFS.framework/Versions/A/NetFS
0x000000000637b000 	/usr/lib/system/libkxld.dylib
0x000000000637b000 	/System/Library/PrivateFrameworks/NetAuth.framework/Versions/A/NetAuth
0x000000000637b000 	/System/Library/PrivateFrameworks/TCC.framework/Versions/A/TCC
0x000000000637b000 	/System/Library/Frameworks/OpenDirectory.framework/Versions/A/Frameworks/CFOpenDirectory.framework/Versions/A/CFOpenDirectory
0x000000000637b000 	/System/Library/Frameworks/ServiceManagement.framework/Versions/A/ServiceManagement
0x000000000637b000 	/usr/lib/libxslt.1.dylib
0x000000000637b000 	/System/Library/Frameworks/Carbon.framework/Versions/A/Frameworks/Ink.framework/Versions/A/Ink
0x000000000637b000 	/System/Library/Frameworks/ApplicationServices.framework/Versions/A/Frameworks/ATS.framework/Versions/A/ATS
0x000000000637b000 	/System/Library/Frameworks/ApplicationServices.framework/Versions/A/Frameworks/ColorSync.framework/Versions/A/ColorSync
0x000000000637b000 	/System/Library/Frameworks/ApplicationServices.framework/Versions/A/Frameworks/HIServices.framework/Versions/A/HIServices
0x000000000637b000 	/System/Library/Frameworks/ApplicationServices.framework/Versions/A/Frameworks/LangAnalysis.framework/Versions/A/LangAnalysis
0x000000000637b000 	/System/Library/Frameworks/ApplicationServices.framework/Versions/A/Frameworks/PrintCore.framework/Versions/A/PrintCore
0x000000000637b000 	/System/Library/Frameworks/ApplicationServices.framework/Versions/A/Frameworks/QD.framework/Versions/A/QD
0x000000000637b000 	/System/Library/Frameworks/ApplicationServices.framework/Versions/A/Frameworks/SpeechSynthesis.framework/Versions/A/SpeechSynthesis
0x000000000637b000 	/System/Library/Frameworks/IOSurface.framework/Versions/A/IOSurface
0x000000000637b000 	/System/Library/Frameworks/Accelerate.framework/Versions/A/Accelerate
0x000000000637b000 	/System/Library/Frameworks/Accelerate.framework/Versions/A/Frameworks/vImage.framework/Versions/A/vImage
0x000000000637b000 	/System/Library/Frameworks/Accelerate.framework/Versions/A/Frameworks/vecLib.framework/Versions/A/vecLib
0x000000000637b000 	/System/Library/Frameworks/Accelerate.framework/Versions/A/Frameworks/vecLib.framework/Versions/A/libvDSP.dylib
0x000000000637b000 	/System/Library/Frameworks/Accelerate.framework/Versions/A/Frameworks/vecLib.framework/Versions/A/libvMisc.dylib
0x000000000637b000 	/System/Library/Frameworks/Accelerate.framework/Versions/A/Frameworks/vecLib.framework/Versions/A/libLAPACK.dylib
0x000000000637b000 	/System/Library/Frameworks/Accelerate.framework/Versions/A/Frameworks/vecLib.framework/Versions/A/libBLAS.dylib
0x000000000637b000 	/System/Library/Frameworks/ApplicationServices.framework/Versions/A/Frameworks/ATS.framework/Versions/A/Resources/libFontParser.dylib
0x000000000637b000 	/System/Library/Frameworks/ApplicationServices.framework/Versions/A/Frameworks/ATS.framework/Versions/A/Resources/libFontRegistry.dylib
0x000000000637b000 	/System/Library/Frameworks/ImageIO.framework/Versions/A/Resources/libJPEG.dylib
0x000000000637b000 	/System/Library/Frameworks/ImageIO.framework/Versions/A/Resources/libTIFF.dylib
0x000000000637b000 	/System/Library/Frameworks/ImageIO.framework/Versions/A/Resources/libPng.dylib
0x000000000637b000 	/System/Library/Frameworks/ImageIO.framework/Versions/A/Resources/libGIF.dylib
0x000000000637b000 	/System/Library/Frameworks/ImageIO.framework/Versions/A/Resources/libJP2.dylib
0x000000000637b000 	/System/Library/Frameworks/ImageIO.framework/Versions/A/Resources/libRadiance.dylib
0x000000000637b000 	/usr/lib/libcups.2.dylib
0x000000000637b000 	/System/Library/Frameworks/Kerberos.framework/Versions/A/Kerberos
0x000000000637b000 	/System/Library/Frameworks/GSS.framework/Versions/A/GSS
0x000000000637b000 	/usr/lib/libresolv.9.dylib
0x000000000637b000 	/usr/lib/libiconv.2.dylib
0x000000000637b000 	/System/Library/PrivateFrameworks/Heimdal.framework/Versions/A/Heimdal
0x000000000637b000 	/System/Library/PrivateFrameworks/TrustEvaluationAgent.framework/Versions/A/TrustEvaluationAgent
0x000000000637b000 	/usr/lib/libheimdal-asn1.dylib
0x000000000637b000 	/System/Library/Frameworks/OpenDirectory.framework/Versions/A/OpenDirectory
0x000000000637b000 	/System/Library/PrivateFrameworks/CommonAuth.framework/Versions/A/CommonAuth
0x000000000637b000 	/System/Library/Frameworks/SecurityFoundation.framework/Versions/A/SecurityFoundation
0x000000000637b000 	/System/Library/PrivateFrameworks/Bom.framework/Versions/A/Bom
0x000000000637b000 	/System/Library/Frameworks/CoreVideo.framework/Versions/A/CoreVideo
0x000000000637b000 	/System/Library/Frameworks/QuartzCore.framework/Versions/A/Frameworks/CoreImage.framework/Versions/A/CoreImage
0x000000000637b000 	/System/Library/Frameworks/QuartzCore.framework/Versions/A/Frameworks/ScalableUserInterface.framework/Versions/A/ScalableUserInterface
0x000000000637b000 	/System/Library/Frameworks/OpenGL.framework/Versions/A/Libraries/libGLU.dylib
0x000000000637b000 	/System/Library/Frameworks/OpenGL.framework/Versions/A/Libraries/libGFXShared.dylib
0x000000000637b000 	/System/Library/Frameworks/OpenGL.framework/Versions/A/Libraries/libGL.dylib
0x000000000637b000 	/System/Library/Frameworks/OpenGL.framework/Versions/A/Libraries/libGLImage.dylib
0x000000000637b000 	/System/Library/Frameworks/OpenGL.framework/Versions/A/Libraries/libCVMSPluginSupport.dylib
0x000000000637b000 	/System/Library/Frameworks/OpenGL.framework/Versions/A/Libraries/libCoreVMClient.dylib
0x000000000637b000 	/System/Library/PrivateFrameworks/FaceCore.framework/Versions/A/FaceCore
0x000000000637b000 	/System/Library/PrivateFrameworks/CrashReporterSupport.framework/Versions/A/CrashReporterSupport
0x000000000637b000 	/System/Library/Frameworks/OpenCL.framework/Versions/A/OpenCL
0x000000000637b000 	/System/Library/PrivateFrameworks/AppleFSCompression.framework/Versions/A/AppleFSCompression
0x000000000637b000 	/System/Library/PrivateFrameworks/Ubiquity.framework/Versions/A/Ubiquity
0x000000000637b000 	/System/Library/PrivateFrameworks/IconServices.framework/Versions/A/IconServices
0x000000000637b000 	/System/Library/PrivateFrameworks/ChunkingLibrary.framework/Versions/A/ChunkingLibrary
0x000000000637b000 	/System/Library/PrivateFrameworks/CoreSymbolication.framework/Versions/A/CoreSymbolication
0x000000000637b000 	/System/Library/PrivateFrameworks/Symbolication.framework/Versions/A/Symbolication
0x000000000637b000 	/System/Library/PrivateFrameworks/DebugSymbols.framework/Versions/A/DebugSymbols
0x000000010c200000 	/Library/Java/JavaVirtualMachines/jdk1.8.0_77.jdk/Contents/Home/jre/lib/server/libjvm.dylib
0x000000000637b000 	/usr/lib/libstdc++.6.dylib
0x000000010b982000 	/Library/Java/JavaVirtualMachines/jdk1.8.0_77.jdk/Contents/Home/jre/lib/libverify.dylib
0x000000010b990000 	/Library/Java/JavaVirtualMachines/jdk1.8.0_77.jdk/Contents/Home/jre/lib/libjava.dylib
0x000000010b9cf000 	/Library/Java/JavaVirtualMachines/jdk1.8.0_77.jdk/Contents/Home/jre/lib/libzip.dylib
0x0000000120d8c000 	/System/Library/Frameworks/JavaVM.framework/Frameworks/JavaRuntimeSupport.framework/JavaRuntimeSupport
0x0000000120da4000 	/System/Library/Frameworks/JavaVM.framework/Versions/A/Frameworks/JavaNativeFoundation.framework/Versions/A/JavaNativeFoundation
0x000000010b9ed000 	/System/Library/Frameworks/JavaVM.framework/Versions/A/JavaVM
0x000000000637b000 	/System/Library/Frameworks/Carbon.framework/Versions/A/Carbon
0x0000000120db9000 	/System/Library/PrivateFrameworks/JavaLaunching.framework/Versions/A/JavaLaunching
0x000000000637b000 	/System/Library/Frameworks/Carbon.framework/Versions/A/Frameworks/CommonPanels.framework/Versions/A/CommonPanels
0x000000000637b000 	/System/Library/Frameworks/Carbon.framework/Versions/A/Frameworks/Help.framework/Versions/A/Help
0x000000000637b000 	/System/Library/Frameworks/Carbon.framework/Versions/A/Frameworks/ImageCapture.framework/Versions/A/ImageCapture
0x000000000637b000 	/System/Library/Frameworks/Carbon.framework/Versions/A/Frameworks/OpenScripting.framework/Versions/A/OpenScripting
0x000000000637b000 	/System/Library/Frameworks/Carbon.framework/Versions/A/Frameworks/Print.framework/Versions/A/Print
0x000000000637b000 	/System/Library/Frameworks/Carbon.framework/Versions/A/Frameworks/SecurityHI.framework/Versions/A/SecurityHI
0x0000000121525000 	/Library/Java/JavaVirtualMachines/jdk1.8.0_77.jdk/Contents/Home/jre/lib/libawt.dylib
0x00000001215cd000 	/Library/Java/JavaVirtualMachines/jdk1.8.0_77.jdk/Contents/Home/jre/lib/./libmlib_image.dylib
0x0000000121699000 	/Library/Java/JavaVirtualMachines/jdk1.8.0_77.jdk/Contents/Home/jre/lib/libawt_lwawt.dylib
0x000000012174e000 	/Library/Java/JavaVirtualMachines/jdk1.8.0_77.jdk/Contents/Home/jre/lib/./libosxapp.dylib
0x000000000637b000 	/System/Library/Frameworks/ExceptionHandling.framework/Versions/A/ExceptionHandling
0x000000000637b000 	/System/Library/PrivateFrameworks/CoreServicesInternal.framework/Versions/A/CoreServicesInternal
0x000000000637b000 	/System/Library/PrivateFrameworks/Librarian.framework/Versions/A/Librarian
0x000000000637b000 	/System/Library/Frameworks/CoreGraphics.framework/Versions/A/Resources/libCGCMS.A.dylib
0x000000000637b000 	/System/Library/Frameworks/CoreGraphics.framework/Versions/A/Resources/libRIP.A.dylib
0x000000000637b000 	/System/Library/Frameworks/CoreGraphics.framework/Versions/A/Resources/libCGXType.A.dylib
0x000000000637b000 	/System/Library/PrivateFrameworks/FamilyControls.framework/Versions/A/FamilyControls
0x000000000637b000 	/System/Library/PrivateFrameworks/CommerceKit.framework/Versions/A/Frameworks/CommerceCore.framework/Versions/A/CommerceCore
0x000000000637b000 	/System/Library/PrivateFrameworks/SystemAdministration.framework/Versions/A/SystemAdministration
0x000000000637b000 	/System/Library/Frameworks/DirectoryService.framework/Versions/A/DirectoryService
0x000000000637b000 	/System/Library/PrivateFrameworks/DiskImages.framework/Versions/A/DiskImages
0x000000000637b000 	/System/Library/PrivateFrameworks/LoginUIKit.framework/Versions/A/Frameworks/LoginUICore.framework/Versions/A/LoginUICore
0x000000000637b000 	/usr/lib/libCoreStorage.dylib
0x000000000637b000 	/usr/lib/libcsfde.dylib
0x000000000637b000 	/usr/lib/libodfde.dylib
0x000000000637b000 	/System/Library/Frameworks/DiscRecording.framework/Versions/A/DiscRecording
0x000000000637b000 	/usr/lib/libcurl.4.dylib
0x000000000637b000 	/System/Library/PrivateFrameworks/MediaKit.framework/Versions/A/MediaKit
0x000000000637b000 	/System/Library/PrivateFrameworks/EFILogin.framework/Versions/A/EFILogin
0x000000000637b000 	/usr/lib/libutil.dylib
0x000000000637b000 	/System/Library/PrivateFrameworks/AOSNotification.framework/Versions/A/AOSNotification
0x000000000637b000 	/System/Library/Frameworks/LDAP.framework/Versions/A/LDAP
0x000000000637b000 	/usr/lib/libsasl2.2.dylib
0x000000000637b000 	/usr/lib/libcrypto.0.9.8.dylib
0x000000000637b000 	/usr/lib/libssl.0.9.8.dylib
0x000000000637b000 	/System/Library/Frameworks/OpenGL.framework/Versions/A/Resources/GLEngine.bundle/GLEngine
0x000000000637b000 	/System/Library/Frameworks/OpenGL.framework/Versions/A/Libraries/libGLProgrammability.dylib
0x00000001259e7000 	/System/Library/Extensions/AppleIntelHD5000GraphicsGLDriver.bundle/Contents/MacOS/AppleIntelHD5000GraphicsGLDriver
0x000000000637b000 	/System/Library/PrivateFrameworks/IOAccelerator.framework/Versions/A/IOAccelerator
0x000000000637b000 	/System/Library/PrivateFrameworks/GPUSupport.framework/Versions/A/Libraries/libGPUSupportMercury.dylib
0x000000000637b000 	/System/Library/Frameworks/OpenGL.framework/Versions/A/Resources/GLRendererFloat.bundle/GLRendererFloat
0x000000000637b000 	/System/Library/Frameworks/OpenCL.framework/Versions/A/Libraries/libcldcpuengine.dylib
0x0000000126d41000 	/Library/Java/JavaVirtualMachines/jdk1.8.0_77.jdk/Contents/Home/jre/lib/libfontmanager.dylib
0x0000000128537000 	/Library/Java/JavaVirtualMachines/jdk1.8.0_77.jdk/Contents/Home/jre/lib/libosxui.dylib
0x0000000128617000 	/Library/Java/JavaVirtualMachines/jdk1.8.0_77.jdk/Contents/Home/jre/lib/libnet.dylib
0x000000012862e000 	/Library/Java/JavaVirtualMachines/jdk1.8.0_77.jdk/Contents/Home/jre/lib/libnio.dylib
0x000000000637b000 	/System/Library/Frameworks/ApplicationServices.framework/Versions/A/Frameworks/ATS.framework/Versions/A/Resources/libTrueTypeScaler.dylib
0x0000000178f8e000 	/private/var/folders/vm/c6ql63410d962mlmgt4yhc5h0000gn/T/jogamp_0000/file_cache/jln1222006485328615327/jln4272679631109996359/libgluegen-rt.jnilib
0x00000001285c0000 	/private/var/folders/vm/c6ql63410d962mlmgt4yhc5h0000gn/T/jogamp_0000/file_cache/jln1222006485328615327/jln4272679631109996359/libnativewindow_awt.jnilib
0x0000000178f92000 	/Library/Java/JavaVirtualMachines/jdk1.8.0_77.jdk/Contents/Home/jre/lib/libjawt.dylib
0x0000000179020000 	/private/var/folders/vm/c6ql63410d962mlmgt4yhc5h0000gn/T/jogamp_0000/file_cache/jln1222006485328615327/jln4272679631109996359/libnativewindow_macosx.jnilib
0x000000017ada5000 	/private/var/folders/vm/c6ql63410d962mlmgt4yhc5h0000gn/T/jogamp_0000/file_cache/jln1222006485328615327/jln4272679631109996359/libjogl_desktop.jnilib
0x000000017d595000 	/Library/Java/JavaVirtualMachines/jdk1.8.0_77.jdk/Contents/Home/jre/lib/libt2k.dylib

VM Arguments:
jvm_args: -Djava.security.policy=java.policy.applet -Dfile.encoding=UTF-8 
java_command: sun.applet.AppletViewer module5.EarthquakeCityMap1463876731443.html
java_class_path (initial): /Users/xingdu/Documents/workspace/UCSDUnfoldingMaps/build:/Users/xingdu/Documents/workspace/UCSDUnfoldingMaps/lib/core.jar:/Users/xingdu/Documents/workspace/UCSDUnfoldingMaps/lib/gluegen-rt.jar:/Users/xingdu/Documents/workspace/UCSDUnfoldingMaps/lib/jogl-all.jar:/Users/xingdu/Documents/workspace/UCSDUnfoldingMaps/lib/log4j-1.2.15.jar:/Users/xingdu/Documents/workspace/UCSDUnfoldingMaps/lib/sqlite-jdbc-3.7.2.jar:/Users/xingdu/Documents/workspace/UCSDUnfoldingMaps/lib/json4processing.jar:/Users/xingdu/Documents/workspace/UCSDUnfoldingMaps/lib/libTUIO.jar:/Users/xingdu/Documents/workspace/UCSDUnfoldingMaps/lib/unfolding.0.9.7-uscd.jar
Launcher Type: SUN_STANDARD

Environment Variables:
PATH=/usr/bin:/bin:/usr/sbin:/sbin
SHELL=/bin/bash

Signal Handlers:
SIGSEGV: [libjvm.dylib+0x5a6855], sa_mask[0]=11111111011111110111111111111111, sa_flags=SA_ONSTACK|SA_RESTART|SA_SIGINFO
SIGBUS: [libjvm.dylib+0x5a6855], sa_mask[0]=11111111011111110111111111111111, sa_flags=SA_RESTART|SA_SIGINFO
SIGFPE: [libjvm.dylib+0x4804ec], sa_mask[0]=11111111011111110111111111111111, sa_flags=SA_RESTART|SA_SIGINFO
SIGPIPE: [libjvm.dylib+0x4804ec], sa_mask[0]=11111111011111110111111111111111, sa_flags=SA_RESTART|SA_SIGINFO
SIGXFSZ: [libjvm.dylib+0x4804ec], sa_mask[0]=11111111011111110111111111111111, sa_flags=SA_RESTART|SA_SIGINFO
SIGILL: [libjvm.dylib+0x4804ec], sa_mask[0]=11111111011111110111111111111111, sa_flags=SA_RESTART|SA_SIGINFO
SIGUSR1: SIG_DFL, sa_mask[0]=00000000000000000000000000000000, sa_flags=SA_RESTART
SIGUSR2: [libjvm.dylib+0x48000a], sa_mask[0]=00100000000000000000000000000000, sa_flags=SA_RESTART|SA_SIGINFO
SIGHUP: [libjvm.dylib+0x47e5e1], sa_mask[0]=11111111011111110111111111111111, sa_flags=SA_RESTART|SA_SIGINFO
SIGINT: [libjvm.dylib+0x47e5e1], sa_mask[0]=11111111011111110111111111111111, sa_flags=SA_RESTART|SA_SIGINFO
SIGTERM: [libjvm.dylib+0x47e5e1], sa_mask[0]=11111111011111110111111111111111, sa_flags=SA_RESTART|SA_SIGINFO
SIGQUIT: [libjvm.dylib+0x47e5e1], sa_mask[0]=11111111011111110111111111111111, sa_flags=SA_RESTART|SA_SIGINFO


---------------  S Y S T E M  ---------------

OS:Bsduname:Darwin 13.4.0 Darwin Kernel Version 13.4.0: Wed Mar 18 16:20:14 PDT 2015; root:xnu-2422.115.14~1/RELEASE_X86_64 x86_64
rlimit: STACK 8192k, CORE 0k, NPROC 709, NOFILE 10240, AS infinity
load average:2.61 1.78 1.62

CPU:total 4 (2 cores per cpu, 2 threads per core) family 6 model 69 stepping 1, cmov, cx8, fxsr, mmx, sse, sse2, sse3, ssse3, sse4.1, sse4.2, popcnt, avx, avx2, aes, clmul, erms, lzcnt, ht, tsc, tscinvbit, bmi1, bmi2

Memory: 4k page, physical 4194304k(705316k free)

/proc/meminfo:


vm_info: Java HotSpot(TM) 64-Bit Server VM (25.77-b03) for bsd-amd64 JRE (1.8.0_77-b03), built on Mar 20 2016 22:14:03 by "java_re" with gcc 4.2.1 (Based on Apple Inc. build 5658) (LLVM build 2336.11.00)

time: Sat May 21 20:42:22 2016
elapsed time: 1011 seconds (0d 0h 16m 51s)

