#
# A fatal error has been detected by the Java Runtime Environment:
#
#  SIGSEGV (0xb) at pc=0x00007fff89bb8097, pid=14591, tid=3335
#
# JRE version: Java(TM) SE Runtime Environment (8.0_77-b03) (build 1.8.0_77-b03)
# Java VM: Java HotSpot(TM) 64-Bit Server VM (25.77-b03 mixed mode bsd-amd64 compressed oops)
# Problematic frame:
# C  [libobjc.A.dylib+0x5097]  objc_msgSend+0x17
#
# Failed to write core dump. Core dumps have been disabled. To enable core dumping, try "ulimit -c unlimited" before starting Java again
#
# If you would like to submit a bug report, please visit:
#   http://bugreport.java.com/bugreport/crash.jsp
# The crash happened outside the Java Virtual Machine in native code.
# See problematic frame for where to report the bug.
#

---------------  T H R E A D  ---------------

Current thread (0x00007fa114058800):  JavaThread "AWT-AppKit" daemon [_thread_in_native, id=3335, stack(0x00007fff5bc46000,0x00007fff5c446000)]

siginfo: si_signo: 11 (SIGSEGV), si_code: 1 (SEGV_MAPERR), si_addr: 0x0000000000000018

Registers:
RAX=0x00007fa116bb4360, RBX=0x0000000170f3e450, RCX=0x000000011fd05b40, RDX=0x000000011fd05fc0
RSP=0x00007fff5c4412c8, RBP=0x00007fff5c441380, RSI=0x00007fff9350c4c6, RDI=0x00007fa116cc87d0
R8 =0x0000000000000000, R9 =0x00000000000006d0, R10=0x00007fff9350c4c6, R11=0x0000000000000000
R12=0x0000000000000000, R13=0x0000000172a37568, R14=0x0000000170f3e440, R15=0x00007fa114058800
RIP=0x00007fff89bb8097, EFLAGS=0x0000000000010246, ERR=0x0000000000000004
  TRAPNO=0x000000000000000e

Top of Stack: (sp=0x00007fff5c4412c8)
0x00007fff5c4412c8:   0000000170f3c157 00007fff5c441320
0x00007fff5c4412d8:   0000000000000003 00007fff5c441300
0x00007fff5c4412e8:   00000001043f0b02 0000000172a37568
0x00007fff5c4412f8:   0000000172a37568 00007fa116bb4360
0x00007fff5c441308:   0000000170f3e6a0 0000000170f3e710
0x00007fff5c441318:   00007fff77a31fb0 00007fff7646c420
0x00007fff5c441328:   0000000170f3e450 0000000170f3e690
0x00007fff5c441338:   00007fa116bb4360 00007fa116cc87d0
0x00007fff5c441348:   00007fa11273f670 00007fa116bb4360
0x00007fff5c441358:   00007fa116cc87d0 00007fff5c441408
0x00007fff5c441368:   00007fa1140589f8 0000000172a37568
0x00007fff5c441378:   00007fff5c441430 00007fff5c4413f8
0x00007fff5c441388:   00000001051d9954 0000000172a37568
0x00007fff5c441398:   00007fff5c441430 00007fff5c4413f8
0x00007fff5c4413a8:   00000001051d96e7 00000001051d96a2
0x00007fff5c4413b8:   00007fff5c4413b8 0000000172a37568
0x00007fff5c4413c8:   00007fff5c441430 0000000172965ec8
0x00007fff5c4413d8:   0000000000000000 0000000172a37568
0x00007fff5c4413e8:   0000000000000000 00007fff5c441418
0x00007fff5c4413f8:   00007fff5c441478 00000001051cbc4d
0x00007fff5c441408:   00000007815bcb90 00000001051d3578
0x00007fff5c441418:   00007fa116bb4360 00007fff5c441478
0x00007fff5c441428:   00007fa116cc87d0 00000001051d4d82
0x00007fff5c441438:   00007fff5c441438 0000000172a37732
0x00007fff5c441448:   00007fff5c4414a0 0000000172965ec8
0x00007fff5c441458:   0000000000000000 0000000172a37740
0x00007fff5c441468:   00007fff5c441418 00007fff5c441488
0x00007fff5c441478:   00007fff5c4414e8 00000001051cbc4d
0x00007fff5c441488:   00007fa116bb4360 0000000781551f20
0x00007fff5c441498:   00007fa116cc87d0 0000000781551f20
0x00007fff5c4414a8:   00007fff5c4414a8 000000017aaa0aae
0x00007fff5c4414b8:   00007fff5c4414f8 000000017aaa0b68 

Instructions: (pc=0x00007fff89bb8097)
0x00007fff89bb8077:   90 90 90 90 90 90 90 90 90 48 85 ff 2e 74 72 40
0x00007fff89bb8087:   f6 c7 01 2e 0f 85 7e 00 00 00 4c 8b 1f 49 89 f2
0x00007fff89bb8097:   45 23 53 18 49 c1 e2 04 4d 03 53 10 49 3b 32 75
0x00007fff89bb80a7:   04 41 ff 62 08 49 83 3a 00 74 74 4d 3b 53 10 74 

Register to memory mapping:

RAX=0x00007fa116bb4360 is an unknown value
RBX=0x0000000170f3e450: Java_jogamp_nativewindow_macosx_OSXUtil_GetScreenRefreshRate0+0x1cf0 in /private/var/folders/vm/c6ql63410d962mlmgt4yhc5h0000gn/T/jogamp_0000/file_cache/jln8375841453079754293/jln3140973788977572178/libnativewindow_macosx.jnilib at 0x0000000170f37000
RCX=0x000000011fd05b40 is an unknown value
RDX=0x000000011fd05fc0 is an unknown value
RSP=0x00007fff5c4412c8 is pointing into the stack for thread: 0x00007fa114058800
RBP=0x00007fff5c441380 is pointing into the stack for thread: 0x00007fa114058800
RSI=0x00007fff9350c4c6: NSAppKitVersionNumber+0x12eb6 in /System/Library/Frameworks/AppKit.framework/Versions/C/AppKit at 0x00007fff92aa9000
RDI=0x00007fa116cc87d0 is an unknown value
R8 =0x0000000000000000 is an unknown value
R9 =0x00000000000006d0 is an unknown value
R10=0x00007fff9350c4c6: NSAppKitVersionNumber+0x12eb6 in /System/Library/Frameworks/AppKit.framework/Versions/C/AppKit at 0x00007fff92aa9000
R11=0x0000000000000000 is an unknown value
R12=0x0000000000000000 is an unknown value
R13={method} {0x0000000172a37568} 'UnsetJAWTRootSurfaceLayer0' '(JJ)V' in 'jogamp/nativewindow/jawt/macosx/MacOSXJAWTWindow'
R14=0x0000000170f3e440: Java_jogamp_nativewindow_macosx_OSXUtil_GetScreenRefreshRate0+0x1ce0 in /private/var/folders/vm/c6ql63410d962mlmgt4yhc5h0000gn/T/jogamp_0000/file_cache/jln8375841453079754293/jln3140973788977572178/libnativewindow_macosx.jnilib at 0x0000000170f37000
R15=0x00007fa114058800 is a thread


Stack: [0x00007fff5bc46000,0x00007fff5c446000],  sp=0x00007fff5c4412c8,  free space=8172k
Native frames: (J=compiled Java code, j=interpreted, Vv=VM code, C=native code)
C  [libobjc.A.dylib+0x5097]  objc_msgSend+0x17
j  jogamp.nativewindow.jawt.macosx.MacOSXJAWTWindow.UnsetJAWTRootSurfaceLayer0(JJ)V+0
j  jogamp.nativewindow.jawt.macosx.MacOSXJAWTWindow.access$200(JJ)V+2
j  jogamp.nativewindow.jawt.macosx.MacOSXJAWTWindow$1.run()V+38
J 2780 C1 com.jogamp.common.util.RunnableTask.run()V (345 bytes) @ 0x00000001057198d4 [0x0000000105719740+0x194]
v  ~StubRoutines::call_stub
V  [libjvm.dylib+0x2ea39e]
V  [libjvm.dylib+0x3214a7]
V  [libjvm.dylib+0x313c7b]
C  [libnativewindow_macosx.jnilib+0x5326]  Java_jogamp_nativewindow_jawt_macosx_MacOSXJAWTWindow_UnsetJAWTRootSurfaceLayer0+0x2b6
C  [Foundation+0x6375e]  __NSThreadPerformPerform+0xe5
C  [CoreFoundation+0x7f5b1]  __CFRUNLOOP_IS_CALLING_OUT_TO_A_SOURCE0_PERFORM_FUNCTION__+0x11
C  [CoreFoundation+0x70d29]  __CFRunLoopDoSources0+0x1b9
C  [CoreFoundation+0x703ef]  __CFRunLoopRun+0x33f
C  [CoreFoundation+0x6fe75]  CFRunLoopRunSpecific+0x135
C  [HIToolbox+0x2ea0d]  RunCurrentEventLoopInMode+0xe2
C  [HIToolbox+0x2e685]  ReceiveNextEventCommon+0xad
C  [HIToolbox+0x2e5bc]  _BlockUntilNextEventMatchingListInModeWithFilter+0x41
C  [AppKit+0x2424e]  _DPSNextEvent+0x59a
C  [AppKit+0x2389b]  -[NSApplication nextEventMatchingMask:untilDate:inMode:dequeue:]+0x7a
C  [libosxapp.dylib+0x23aa]  -[NSApplicationAWT nextEventMatchingMask:untilDate:inMode:dequeue:]+0x7c
C  [AppKit+0x1799c]  -[NSApplication run]+0x229
C  [libosxapp.dylib+0x214d]  +[NSApplicationAWT runAWTLoopWithApp:]+0x9c
C  [libawt_lwawt.dylib+0x4455b]  -[AWTStarter starter:]+0x389
C  [Foundation+0x6375e]  __NSThreadPerformPerform+0xe5
C  [CoreFoundation+0x7f5b1]  __CFRUNLOOP_IS_CALLING_OUT_TO_A_SOURCE0_PERFORM_FUNCTION__+0x11
C  [CoreFoundation+0x70c62]  __CFRunLoopDoSources0+0xf2
C  [CoreFoundation+0x703ef]  __CFRunLoopRun+0x33f
C  [CoreFoundation+0x6fe75]  CFRunLoopRunSpecific+0x135
C  [java+0x6463]  CreateExecutionEnvironment+0x367
C  [java+0x21ac]  JLI_Launch+0x7a0
C  [java+0x84c0]  main+0x65
C  [java+0x1a04]  start+0x34
C  0x0000000000000007

Java frames: (J=compiled Java code, j=interpreted, Vv=VM code)
j  jogamp.nativewindow.jawt.macosx.MacOSXJAWTWindow.UnsetJAWTRootSurfaceLayer0(JJ)V+0
j  jogamp.nativewindow.jawt.macosx.MacOSXJAWTWindow.access$200(JJ)V+2
j  jogamp.nativewindow.jawt.macosx.MacOSXJAWTWindow$1.run()V+38
J 2780 C1 com.jogamp.common.util.RunnableTask.run()V (345 bytes) @ 0x00000001057198d4 [0x0000000105719740+0x194]
v  ~StubRoutines::call_stub

---------------  P R O C E S S  ---------------

Java Threads: ( => current thread )
  0x00007fa1191e7800 JavaThread "Thread-155" [_thread_blocked, id=34943, stack(0x000000017ad4d000,0x000000017ae4d000)]
  0x00007fa1141e6800 JavaThread "Animation Thread" [_thread_blocked, id=55571, stack(0x0000000170ff8000,0x00000001710f8000)]
  0x00007fa1141e3800 JavaThread "AWT-EventQueue-1" [_thread_in_native, id=56075, stack(0x00000001714c8000,0x00000001715c8000)]
  0x00007fa113206800 JavaThread "DestroyJavaVM" [_thread_blocked, id=6915, stack(0x00000001038d0000,0x00000001039d0000)]
  0x00007fa1128fd800 JavaThread "AWT-EventQueue-0" [_thread_blocked, id=53767, stack(0x000000011ff56000,0x0000000120056000)]
  0x00007fa11287f800 JavaThread "Java2D Disposer" daemon [_thread_blocked, id=49203, stack(0x000000011eb8c000,0x000000011ec8c000)]
  0x00007fa11288c000 JavaThread "Java2D Queue Flusher" daemon [_thread_blocked, id=48135, stack(0x000000011d82f000,0x000000011d92f000)]
  0x00007fa1139a2000 JavaThread "AWT-Shutdown" [_thread_blocked, id=28683, stack(0x000000011adfb000,0x000000011aefb000)]
=>0x00007fa114058800 JavaThread "AWT-AppKit" daemon [_thread_in_native, id=3335, stack(0x00007fff5bc46000,0x00007fff5c446000)]
  0x00007fa114028000 JavaThread "Service Thread" daemon [_thread_blocked, id=19971, stack(0x0000000119221000,0x0000000119321000)]
  0x00007fa114044800 JavaThread "C1 CompilerThread2" daemon [_thread_blocked, id=19459, stack(0x000000011911e000,0x000000011921e000)]
  0x00007fa114044000 JavaThread "C2 CompilerThread1" daemon [_thread_blocked, id=18947, stack(0x000000011901b000,0x000000011911b000)]
  0x00007fa11280a000 JavaThread "C2 CompilerThread0" daemon [_thread_blocked, id=18435, stack(0x0000000118f18000,0x0000000119018000)]
  0x00007fa11403d000 JavaThread "Signal Dispatcher" daemon [_thread_blocked, id=17923, stack(0x0000000118e15000,0x0000000118f15000)]
  0x00007fa11401b000 JavaThread "Finalizer" daemon [_thread_blocked, id=13059, stack(0x0000000118bd0000,0x0000000118cd0000)]
  0x00007fa11384c000 JavaThread "Reference Handler" daemon [_thread_blocked, id=12547, stack(0x0000000118acd000,0x0000000118bcd000)]

Other Threads:
  0x00007fa114018800 VMThread [stack: 0x00000001189ca000,0x0000000118aca000] [id=12035]
  0x00007fa11280b800 WatcherThread [stack: 0x0000000119324000,0x0000000119424000] [id=20483]

VM state:not at safepoint (normal execution)

VM Mutex/Monitor currently owned by a thread: None

Heap:
 PSYoungGen      total 143360K, used 132418K [0x00000007aab00000, 0x00000007b7680000, 0x00000007c0000000)
  eden space 129536K, 91% used [0x00000007aab00000,0x00000007b1f60880,0x00000007b2980000)
  from space 13824K, 95% used [0x00000007b2980000,0x00000007b3670340,0x00000007b3700000)
  to   space 15360K, 0% used [0x00000007b6780000,0x00000007b6780000,0x00000007b7680000)
 ParOldGen       total 70656K, used 38597K [0x0000000780000000, 0x0000000784500000, 0x00000007aab00000)
  object space 70656K, 54% used [0x0000000780000000,0x00000007825b1540,0x0000000784500000)
 Metaspace       used 21339K, capacity 21535K, committed 21808K, reserved 1069056K
  class space    used 2041K, capacity 2112K, committed 2176K, reserved 1048576K

Card table byte_map: [0x0000000114584000,0x0000000114785000] byte_map_base: 0x0000000110984000

Marking Bits: (ParMarkBitMap*) 0x0000000104ae3ea0
 Begin Bits: [0x0000000114ce7000, 0x0000000115ce7000)
 End Bits:   [0x0000000115ce7000, 0x0000000116ce7000)

Polling page: 0x00000001039e0000

CodeCache: size=245760Kb used=10344Kb max_used=10346Kb free=235415Kb
 bounds [0x00000001051c4000, 0x0000000105bf4000, 0x00000001141c4000]
 total_blobs=3800 nmethods=2906 adapters=807
 compilation: enabled

Compilation events (10 events):
Event: 44.392 Thread 0x00007fa114044000 3432  s    4       sun.misc.URLClassPath::getNextLoader (88 bytes)
Event: 44.393 Thread 0x00007fa11280a000 3433  s!   4       sun.misc.URLClassPath::getLoader (197 bytes)
Event: 44.394 Thread 0x00007fa114044800 3434       3       sun.misc.JarIndex::get (49 bytes)
Event: 44.394 Thread 0x00007fa114044800 nmethod 3434 0x0000000105b9b750 code [0x0000000105b9b920, 0x0000000105b9c198]
Event: 44.395 Thread 0x00007fa114044800 3435       3       java.util.LinkedHashMap::afterNodeRemoval (65 bytes)
Event: 44.395 Thread 0x00007fa114044800 nmethod 3435 0x0000000105b9b110 code [0x0000000105b9b280, 0x0000000105b9b630]
Event: 44.400 Thread 0x00007fa11280a000 nmethod 3433 0x0000000105bebf50 code [0x0000000105bec0c0, 0x0000000105bec898]
Event: 44.401 Thread 0x00007fa114044000 nmethod 3432 0x0000000105ba0450 code [0x0000000105ba05c0, 0x0000000105ba0d38]
Event: 44.408 Thread 0x00007fa114044800 3436       3       java.security.AccessControlContext::optimize (318 bytes)
Event: 44.412 Thread 0x00007fa114044800 nmethod 3436 0x0000000105be8e50 code [0x0000000105be91c0, 0x0000000105beafc8]

GC Heap History (10 events):
Event: 6.510 GC heap before
{Heap before GC invocations=6 (full 0):
 PSYoungGen      total 35328K, used 35288K [0x00000007aab00000, 0x00000007b0000000, 0x00000007c0000000)
  eden space 32768K, 99% used [0x00000007aab00000,0x00000007acafe080,0x00000007acb00000)
  from space 2560K, 98% used [0x00000007acb00000,0x00000007acd780d0,0x00000007acd80000)
  to   space 10752K, 0% used [0x00000007af580000,0x00000007af580000,0x00000007b0000000)
 ParOldGen       total 44032K, used 18966K [0x0000000780000000, 0x0000000782b00000, 0x00000007aab00000)
  object space 44032K, 43% used [0x0000000780000000,0x0000000781285950,0x0000000782b00000)
 Metaspace       used 20654K, capacity 20831K, committed 21120K, reserved 1069056K
  class space    used 2034K, capacity 2112K, committed 2176K, reserved 1048576K
Event: 6.521 GC heap after
Heap after GC invocations=6 (full 0):
 PSYoungGen      total 76288K, used 7296K [0x00000007aab00000, 0x00000007b0000000, 0x00000007c0000000)
  eden space 65536K, 0% used [0x00000007aab00000,0x00000007aab00000,0x00000007aeb00000)
  from space 10752K, 67% used [0x00000007af580000,0x00000007afca01e0,0x00000007b0000000)
  to   space 10752K, 0% used [0x00000007aeb00000,0x00000007aeb00000,0x00000007af580000)
 ParOldGen       total 44032K, used 18974K [0x0000000780000000, 0x0000000782b00000, 0x00000007aab00000)
  object space 44032K, 43% used [0x0000000780000000,0x0000000781287950,0x0000000782b00000)
 Metaspace       used 20654K, capacity 20831K, committed 21120K, reserved 1069056K
  class space    used 2034K, capacity 2112K, committed 2176K, reserved 1048576K
}
Event: 8.276 GC heap before
{Heap before GC invocations=7 (full 0):
 PSYoungGen      total 76288K, used 72661K [0x00000007aab00000, 0x00000007b0000000, 0x00000007c0000000)
  eden space 65536K, 99% used [0x00000007aab00000,0x00000007aead5328,0x00000007aeb00000)
  from space 10752K, 67% used [0x00000007af580000,0x00000007afca01e0,0x00000007b0000000)
  to   space 10752K, 0% used [0x00000007aeb00000,0x00000007aeb00000,0x00000007af580000)
 ParOldGen       total 44032K, used 18974K [0x0000000780000000, 0x0000000782b00000, 0x00000007aab00000)
  object space 44032K, 43% used [0x0000000780000000,0x0000000781287950,0x0000000782b00000)
 Metaspace       used 20822K, capacity 21023K, committed 21296K, reserved 1069056K
  class space    used 2034K, capacity 2112K, committed 2176K, reserved 1048576K
Event: 8.291 GC heap after
Heap after GC invocations=7 (full 0):
 PSYoungGen      total 76288K, used 10736K [0x00000007aab00000, 0x00000007b4300000, 0x00000007c0000000)
  eden space 65536K, 0% used [0x00000007aab00000,0x00000007aab00000,0x00000007aeb00000)
  from space 10752K, 99% used [0x00000007aeb00000,0x00000007af57c320,0x00000007af580000)
  to   space 12288K, 0% used [0x00000007b3700000,0x00000007b3700000,0x00000007b4300000)
 ParOldGen       total 44032K, used 26788K [0x0000000780000000, 0x0000000782b00000, 0x00000007aab00000)
  object space 44032K, 60% used [0x0000000780000000,0x0000000781a29130,0x0000000782b00000)
 Metaspace       used 20822K, capacity 21023K, committed 21296K, reserved 1069056K
  class space    used 2034K, capacity 2112K, committed 2176K, reserved 1048576K
}
Event: 9.177 GC heap before
{Heap before GC invocations=8 (full 0):
 PSYoungGen      total 76288K, used 50004K [0x00000007aab00000, 0x00000007b4300000, 0x00000007c0000000)
  eden space 65536K, 59% used [0x00000007aab00000,0x00000007ad158eb8,0x00000007aeb00000)
  from space 10752K, 99% used [0x00000007aeb00000,0x00000007af57c320,0x00000007af580000)
  to   space 12288K, 0% used [0x00000007b3700000,0x00000007b3700000,0x00000007b4300000)
 ParOldGen       total 44032K, used 26788K [0x0000000780000000, 0x0000000782b00000, 0x00000007aab00000)
  object space 44032K, 60% used [0x0000000780000000,0x0000000781a29130,0x0000000782b00000)
 Metaspace       used 20887K, capacity 21087K, committed 21296K, reserved 1069056K
  class space    used 2034K, capacity 2112K, committed 2176K, reserved 1048576K
Event: 9.192 GC heap after
Heap after GC invocations=8 (full 0):
 PSYoungGen      total 141824K, used 12224K [0x00000007aab00000, 0x00000007b4600000, 0x00000007c0000000)
  eden space 129536K, 0% used [0x00000007aab00000,0x00000007aab00000,0x00000007b2980000)
  from space 12288K, 99% used [0x00000007b3700000,0x00000007b42f0300,0x00000007b4300000)
  to   space 13824K, 0% used [0x00000007b2980000,0x00000007b2980000,0x00000007b3700000)
 ParOldGen       total 44032K, used 31576K [0x0000000780000000, 0x0000000782b00000, 0x00000007aab00000)
  object space 44032K, 71% used [0x0000000780000000,0x0000000781ed6258,0x0000000782b00000)
 Metaspace       used 20887K, capacity 21087K, committed 21296K, reserved 1069056K
  class space    used 2034K, capacity 2112K, committed 2176K, reserved 1048576K
}
Event: 9.192 GC heap before
{Heap before GC invocations=9 (full 1):
 PSYoungGen      total 141824K, used 12224K [0x00000007aab00000, 0x00000007b4600000, 0x00000007c0000000)
  eden space 129536K, 0% used [0x00000007aab00000,0x00000007aab00000,0x00000007b2980000)
  from space 12288K, 99% used [0x00000007b3700000,0x00000007b42f0300,0x00000007b4300000)
  to   space 13824K, 0% used [0x00000007b2980000,0x00000007b2980000,0x00000007b3700000)
 ParOldGen       total 44032K, used 31576K [0x0000000780000000, 0x0000000782b00000, 0x00000007aab00000)
  object space 44032K, 71% used [0x0000000780000000,0x0000000781ed6258,0x0000000782b00000)
 Metaspace       used 20887K, capacity 21087K, committed 21296K, reserved 1069056K
  class space    used 2034K, capacity 2112K, committed 2176K, reserved 1048576K
Event: 9.243 GC heap after
Heap after GC invocations=9 (full 1):
 PSYoungGen      total 141824K, used 0K [0x00000007aab00000, 0x00000007b4600000, 0x00000007c0000000)
  eden space 129536K, 0% used [0x00000007aab00000,0x00000007aab00000,0x00000007b2980000)
  from space 12288K, 0% used [0x00000007b3700000,0x00000007b3700000,0x00000007b4300000)
  to   space 13824K, 0% used [0x00000007b2980000,0x00000007b2980000,0x00000007b3700000)
 ParOldGen       total 70656K, used 38589K [0x0000000780000000, 0x0000000784500000, 0x00000007aab00000)
  object space 70656K, 54% used [0x0000000780000000,0x00000007825af540,0x0000000784500000)
 Metaspace       used 20887K, capacity 21087K, committed 21296K, reserved 1069056K
  class space    used 2034K, capacity 2112K, committed 2176K, reserved 1048576K
}
Event: 20.976 GC heap before
{Heap before GC invocations=10 (full 1):
 PSYoungGen      total 141824K, used 129536K [0x00000007aab00000, 0x00000007b4600000, 0x00000007c0000000)
  eden space 129536K, 100% used [0x00000007aab00000,0x00000007b2980000,0x00000007b2980000)
  from space 12288K, 0% used [0x00000007b3700000,0x00000007b3700000,0x00000007b4300000)
  to   space 13824K, 0% used [0x00000007b2980000,0x00000007b2980000,0x00000007b3700000)
 ParOldGen       total 70656K, used 38589K [0x0000000780000000, 0x0000000784500000, 0x00000007aab00000)
  object space 70656K, 54% used [0x0000000780000000,0x00000007825af540,0x0000000784500000)
 Metaspace       used 21300K, capacity 21535K, committed 21808K, reserved 1069056K
  class space    used 2035K, capacity 2112K, committed 2176K, reserved 1048576K
Event: 20.986 GC heap after
Heap after GC invocations=10 (full 1):
 PSYoungGen      total 143360K, used 13248K [0x00000007aab00000, 0x00000007b7680000, 0x00000007c0000000)
  eden space 129536K, 0% used [0x00000007aab00000,0x00000007aab00000,0x00000007b2980000)
  from space 13824K, 95% used [0x00000007b2980000,0x00000007b3670340,0x00000007b3700000)
  to   space 15360K, 0% used [0x00000007b6780000,0x00000007b6780000,0x00000007b7680000)
 ParOldGen       total 70656K, used 38597K [0x0000000780000000, 0x0000000784500000, 0x00000007aab00000)
  object space 70656K, 54% used [0x0000000780000000,0x00000007825b1540,0x0000000784500000)
 Metaspace       used 21300K, capacity 21535K, committed 21808K, reserved 1069056K
  class space    used 2035K, capacity 2112K, committed 2176K, reserved 1048576K
}

Deoptimization events (10 events):
Event: 44.373 Thread 0x00007fa1141e3800 Uncommon trap: reason=unstable_if action=reinterpret pc=0x000000010568f93c method=java.awt.EventQueue.isDispatchThreadImpl()Z @ 65
Event: 44.373 Thread 0x00007fa1128fd800 Uncommon trap: reason=unstable_if action=reinterpret pc=0x0000000105ba8194 method=java.awt.EventQueue.getPriority(Ljava/awt/AWTEvent;)I @ 71
Event: 44.380 Thread 0x00007fa1128fd800 Uncommon trap: reason=unstable_if action=reinterpret pc=0x0000000105bc4284 method=sun.java2d.pipe.Region.intersectsQuickCheck(Lsun/java2d/pipe/Region;)Z @ 41
Event: 44.381 Thread 0x00007fa1128fd800 Uncommon trap: reason=unstable_if action=reinterpret pc=0x000000010589e9f0 method=java.awt.font.FontRenderContext.equals(Ljava/awt/font/FontRenderContext;)Z @ 2
Event: 44.389 Thread 0x00007fa112889000 Uncommon trap: reason=unstable_if action=reinterpret pc=0x000000010569abc8 method=java.util.HashMap.putVal(ILjava/lang/Object;Ljava/lang/Object;ZZ)Ljava/lang/Object; @ 81
Event: 44.389 Thread 0x00007fa112889000 Uncommon trap: reason=unstable_if action=reinterpret pc=0x000000010573530c method=java.util.HashMap.putVal(ILjava/lang/Object;Ljava/lang/Object;ZZ)Ljava/lang/Object; @ 81
Event: 44.390 Thread 0x00007fa1128fd800 Uncommon trap: reason=unstable_if action=reinterpret pc=0x0000000105867038 method=java.awt.font.FontRenderContext.equals(Ljava/awt/font/FontRenderContext;)Z @ 2
Event: 44.407 Thread 0x00007fa1141e3800 Uncommon trap: reason=unstable_if action=reinterpret pc=0x0000000105b96658 method=java.util.LinkedList$ListItr.<init>(Ljava/util/LinkedList;I)V @ 26
Event: 44.408 Thread 0x00007fa1141e3800 Uncommon trap: reason=unstable_if action=reinterpret pc=0x0000000105739530 method=java.security.AccessControlContext.optimize()Ljava/security/AccessControlContext; @ 233
Event: 44.408 Thread 0x00007fa1141e3800 Uncommon trap: reason=unstable_if action=reinterpret pc=0x0000000105445204 method=java.util.LinkedList$ListItr.<init>(Ljava/util/LinkedList;I)V @ 26

Internal exceptions (10 events):
Event: 0.220 Thread 0x00007fa114001800 Exception <a 'java/lang/NoSuchFieldError': method resolution failed> (0x00000007aad02480) thrown at [/Users/java_re/workspace/8-2-build-macosx-x86_64/jdk8u77/6540/hotspot/src/share/vm/prims/methodHandles.cpp, line 1146]
Event: 0.223 Thread 0x00007fa114001800 Exception <a 'java/lang/NoSuchFieldError': method resolution failed> (0x00000007aad0fc50) thrown at [/Users/java_re/workspace/8-2-build-macosx-x86_64/jdk8u77/6540/hotspot/src/share/vm/prims/methodHandles.cpp, line 1146]
Event: 0.373 Thread 0x00007fa114001800 Exception <a 'java/io/FileNotFoundException'> (0x00000007aad8b818) thrown at [/Users/java_re/workspace/8-2-build-macosx-x86_64/jdk8u77/6540/hotspot/src/share/vm/prims/jni.cpp, line 709]
Event: 0.373 Thread 0x00007fa114001800 Exception <a 'java/io/FileNotFoundException'> (0x00000007aad8c360) thrown at [/Users/java_re/workspace/8-2-build-macosx-x86_64/jdk8u77/6540/hotspot/src/share/vm/prims/jni.cpp, line 709]
Event: 0.473 Thread 0x00007fa114001800 Exception <a 'java/io/FileNotFoundException'> (0x00000007aae76e78) thrown at [/Users/java_re/workspace/8-2-build-macosx-x86_64/jdk8u77/6540/hotspot/src/share/vm/prims/jni.cpp, line 709]
Event: 2.397 Thread 0x00007fa11401b000 Exception <a 'java/lang/NullPointerException'> (0x00000007aab8ac48) thrown at [/Users/java_re/workspace/8-2-build-macosx-x86_64/jdk8u77/6540/hotspot/src/share/vm/interpreter/linkResolver.cpp, line 1178]
Event: 2.497 Thread 0x00007fa1141e6800 Exception <a 'java/lang/UnsatisfiedLinkError': com.jogamp.common.util.JarUtil.fixNativeLibAttribs(Ljava/lang/String;)Z> (0x00000007ab03f2a0) thrown at [/Users/java_re/workspace/8-2-build-macosx-x86_64/jdk8u77/6540/hotspot/src/share/vm/prims/nativeLookup.c
Event: 3.331 Thread 0x00007fa1141e3800 Exception <a 'java/io/FileNotFoundException'> (0x00000007ab338b58) thrown at [/Users/java_re/workspace/8-2-build-macosx-x86_64/jdk8u77/6540/hotspot/src/share/vm/prims/jni.cpp, line 709]
Event: 3.332 Thread 0x00007fa1141e3800 Exception <a 'java/io/FileNotFoundException'> (0x00000007ab3401d8) thrown at [/Users/java_re/workspace/8-2-build-macosx-x86_64/jdk8u77/6540/hotspot/src/share/vm/prims/jni.cpp, line 709]
Event: 3.332 Thread 0x00007fa1141e3800 Implicit null exception at 0x0000000105376a75 to 0x0000000105376dd9

Events (10 events):
Event: 44.408 loading class java/awt/event/AWTEventListenerProxy
Event: 44.408 loading class java/awt/event/AWTEventListenerProxy done
Event: 44.408 loading class java/awt/Toolkit$ToolkitEventMulticaster
Event: 44.408 loading class java/awt/Toolkit$ToolkitEventMulticaster done
Event: 44.408 Thread 0x00007fa1141e3800 Uncommon trap: trap_request=0xffffff65 fr.pc=0x0000000105445204
Event: 44.408 Thread 0x00007fa1141e3800 DEOPT PACKING pc=0x0000000105445204 sp=0x00000001715c5950
Event: 44.408 Thread 0x00007fa1141e3800 DEOPT UNPACKING pc=0x00000001051c9229 sp=0x00000001715c58a8 mode 2
Event: 44.408 Thread 0x00007fa112889000 Thread exited: 0x00007fa112889000
Event: 44.409 loading class java/awt/Window$1DisposeAction
Event: 44.409 loading class java/awt/Window$1DisposeAction done


Dynamic libraries:
0x000000000637b000 	/System/Library/Frameworks/Cocoa.framework/Versions/A/Cocoa
0x000000000637b000 	/System/Library/Frameworks/Security.framework/Versions/A/Security
0x000000000637b000 	/System/Library/Frameworks/ApplicationServices.framework/Versions/A/ApplicationServices
0x000000000637b000 	/usr/lib/libz.1.dylib
0x000000000637b000 	/usr/lib/libSystem.B.dylib
0x000000000637b000 	/usr/lib/libobjc.A.dylib
0x000000000637b000 	/System/Library/Frameworks/CoreFoundation.framework/Versions/A/CoreFoundation
0x000000000637b000 	/System/Library/Frameworks/Foundation.framework/Versions/C/Foundation
0x000000000637b000 	/System/Library/Frameworks/AppKit.framework/Versions/C/AppKit
0x000000000637b000 	/System/Library/Frameworks/CoreData.framework/Versions/A/CoreData
0x000000000637b000 	/System/Library/PrivateFrameworks/RemoteViewServices.framework/Versions/A/RemoteViewServices
0x000000000637b000 	/System/Library/Frameworks/AudioToolbox.framework/Versions/A/AudioToolbox
0x000000000637b000 	/System/Library/Frameworks/AudioUnit.framework/Versions/A/AudioUnit
0x000000000637b000 	/System/Library/PrivateFrameworks/DataDetectorsCore.framework/Versions/A/DataDetectorsCore
0x000000000637b000 	/System/Library/PrivateFrameworks/DesktopServicesPriv.framework/Versions/A/DesktopServicesPriv
0x000000000637b000 	/System/Library/Frameworks/Carbon.framework/Versions/A/Frameworks/HIToolbox.framework/Versions/A/HIToolbox
0x000000000637b000 	/System/Library/Frameworks/QuartzCore.framework/Versions/A/QuartzCore
0x000000000637b000 	/System/Library/Frameworks/Carbon.framework/Versions/A/Frameworks/SpeechRecognition.framework/Versions/A/SpeechRecognition
0x000000000637b000 	/usr/lib/libauto.dylib
0x000000000637b000 	/usr/lib/libicucore.A.dylib
0x000000000637b000 	/usr/lib/libxml2.2.dylib
0x000000000637b000 	/System/Library/PrivateFrameworks/CoreUI.framework/Versions/A/CoreUI
0x000000000637b000 	/System/Library/Frameworks/CoreAudio.framework/Versions/A/CoreAudio
0x000000000637b000 	/System/Library/Frameworks/DiskArbitration.framework/Versions/A/DiskArbitration
0x000000000637b000 	/usr/lib/liblangid.dylib
0x000000000637b000 	/System/Library/PrivateFrameworks/MultitouchSupport.framework/Versions/A/MultitouchSupport
0x000000000637b000 	/System/Library/Frameworks/IOKit.framework/Versions/A/IOKit
0x000000000637b000 	/usr/lib/libDiagnosticMessagesClient.dylib
0x000000000637b000 	/System/Library/Frameworks/CoreServices.framework/Versions/A/CoreServices
0x000000000637b000 	/System/Library/PrivateFrameworks/PerformanceAnalysis.framework/Versions/A/PerformanceAnalysis
0x000000000637b000 	/System/Library/PrivateFrameworks/GenerationalStorage.framework/Versions/A/GenerationalStorage
0x000000000637b000 	/System/Library/Frameworks/OpenGL.framework/Versions/A/OpenGL
0x000000000637b000 	/System/Library/PrivateFrameworks/Sharing.framework/Versions/A/Sharing
0x000000000637b000 	/System/Library/Frameworks/ImageIO.framework/Versions/A/ImageIO
0x000000000637b000 	/System/Library/Frameworks/CoreText.framework/Versions/A/CoreText
0x000000000637b000 	/System/Library/Frameworks/CoreGraphics.framework/Versions/A/CoreGraphics
0x000000000637b000 	/System/Library/PrivateFrameworks/Backup.framework/Versions/A/Backup
0x000000000637b000 	/System/Library/Frameworks/CFNetwork.framework/Versions/A/CFNetwork
0x000000000637b000 	/System/Library/Frameworks/SystemConfiguration.framework/Versions/A/SystemConfiguration
0x000000000637b000 	/usr/lib/libCRFSuite.dylib
0x000000000637b000 	/usr/lib/libc++.1.dylib
0x000000000637b000 	/usr/lib/libc++abi.dylib
0x000000000637b000 	/usr/lib/system/libcache.dylib
0x000000000637b000 	/usr/lib/system/libcommonCrypto.dylib
0x000000000637b000 	/usr/lib/system/libcompiler_rt.dylib
0x000000000637b000 	/usr/lib/system/libcopyfile.dylib
0x000000000637b000 	/usr/lib/system/libcorecrypto.dylib
0x000000000637b000 	/usr/lib/system/libdispatch.dylib
0x000000000637b000 	/usr/lib/system/libdyld.dylib
0x000000000637b000 	/usr/lib/system/libkeymgr.dylib
0x000000000637b000 	/usr/lib/system/liblaunch.dylib
0x000000000637b000 	/usr/lib/system/libmacho.dylib
0x000000000637b000 	/usr/lib/system/libquarantine.dylib
0x000000000637b000 	/usr/lib/system/libremovefile.dylib
0x000000000637b000 	/usr/lib/system/libsystem_asl.dylib
0x000000000637b000 	/usr/lib/system/libsystem_blocks.dylib
0x000000000637b000 	/usr/lib/system/libsystem_c.dylib
0x000000000637b000 	/usr/lib/system/libsystem_configuration.dylib
0x000000000637b000 	/usr/lib/system/libsystem_dnssd.dylib
0x000000000637b000 	/usr/lib/system/libsystem_info.dylib
0x000000000637b000 	/usr/lib/system/libsystem_kernel.dylib
0x000000000637b000 	/usr/lib/system/libsystem_m.dylib
0x000000000637b000 	/usr/lib/system/libsystem_malloc.dylib
0x000000000637b000 	/usr/lib/system/libsystem_network.dylib
0x000000000637b000 	/usr/lib/system/libsystem_notify.dylib
0x000000000637b000 	/usr/lib/system/libsystem_platform.dylib
0x000000000637b000 	/usr/lib/system/libsystem_pthread.dylib
0x000000000637b000 	/usr/lib/system/libsystem_sandbox.dylib
0x000000000637b000 	/usr/lib/system/libsystem_stats.dylib
0x000000000637b000 	/usr/lib/system/libunc.dylib
0x000000000637b000 	/usr/lib/system/libunwind.dylib
0x000000000637b000 	/usr/lib/system/libxpc.dylib
0x000000000637b000 	/usr/lib/libbsm.0.dylib
0x000000000637b000 	/usr/lib/libsqlite3.dylib
0x000000000637b000 	/usr/lib/libxar.1.dylib
0x000000000637b000 	/usr/lib/libpam.2.dylib
0x000000000637b000 	/usr/lib/libOpenScriptingUtil.dylib
0x000000000637b000 	/usr/lib/libbz2.1.0.dylib
0x000000000637b000 	/System/Library/Frameworks/CoreServices.framework/Versions/A/Frameworks/CarbonCore.framework/Versions/A/CarbonCore
0x000000000637b000 	/System/Library/Frameworks/CoreServices.framework/Versions/A/Frameworks/Metadata.framework/Versions/A/Metadata
0x000000000637b000 	/System/Library/Frameworks/CoreServices.framework/Versions/A/Frameworks/OSServices.framework/Versions/A/OSServices
0x000000000637b000 	/System/Library/Frameworks/CoreServices.framework/Versions/A/Frameworks/SearchKit.framework/Versions/A/SearchKit
0x000000000637b000 	/System/Library/Frameworks/CoreServices.framework/Versions/A/Frameworks/AE.framework/Versions/A/AE
0x000000000637b000 	/System/Library/Frameworks/CoreServices.framework/Versions/A/Frameworks/LaunchServices.framework/Versions/A/LaunchServices
0x000000000637b000 	/System/Library/Frameworks/CoreServices.framework/Versions/A/Frameworks/DictionaryServices.framework/Versions/A/DictionaryServices
0x000000000637b000 	/System/Library/Frameworks/NetFS.framework/Versions/A/NetFS
0x000000000637b000 	/usr/lib/system/libkxld.dylib
0x000000000637b000 	/System/Library/PrivateFrameworks/NetAuth.framework/Versions/A/NetAuth
0x000000000637b000 	/System/Library/PrivateFrameworks/TCC.framework/Versions/A/TCC
0x000000000637b000 	/System/Library/Frameworks/OpenDirectory.framework/Versions/A/Frameworks/CFOpenDirectory.framework/Versions/A/CFOpenDirectory
0x000000000637b000 	/System/Library/Frameworks/ServiceManagement.framework/Versions/A/ServiceManagement
0x000000000637b000 	/usr/lib/libxslt.1.dylib
0x000000000637b000 	/System/Library/Frameworks/Carbon.framework/Versions/A/Frameworks/Ink.framework/Versions/A/Ink
0x000000000637b000 	/System/Library/Frameworks/ApplicationServices.framework/Versions/A/Frameworks/ATS.framework/Versions/A/ATS
0x000000000637b000 	/System/Library/Frameworks/ApplicationServices.framework/Versions/A/Frameworks/ColorSync.framework/Versions/A/ColorSync
0x000000000637b000 	/System/Library/Frameworks/ApplicationServices.framework/Versions/A/Frameworks/HIServices.framework/Versions/A/HIServices
0x000000000637b000 	/System/Library/Frameworks/ApplicationServices.framework/Versions/A/Frameworks/LangAnalysis.framework/Versions/A/LangAnalysis
0x000000000637b000 	/System/Library/Frameworks/ApplicationServices.framework/Versions/A/Frameworks/PrintCore.framework/Versions/A/PrintCore
0x000000000637b000 	/System/Library/Frameworks/ApplicationServices.framework/Versions/A/Frameworks/QD.framework/Versions/A/QD
0x000000000637b000 	/System/Library/Frameworks/ApplicationServices.framework/Versions/A/Frameworks/SpeechSynthesis.framework/Versions/A/SpeechSynthesis
0x000000000637b000 	/System/Library/Frameworks/IOSurface.framework/Versions/A/IOSurface
0x000000000637b000 	/System/Library/Frameworks/Accelerate.framework/Versions/A/Accelerate
0x000000000637b000 	/System/Library/Frameworks/Accelerate.framework/Versions/A/Frameworks/vImage.framework/Versions/A/vImage
0x000000000637b000 	/System/Library/Frameworks/Accelerate.framework/Versions/A/Frameworks/vecLib.framework/Versions/A/vecLib
0x000000000637b000 	/System/Library/Frameworks/Accelerate.framework/Versions/A/Frameworks/vecLib.framework/Versions/A/libvDSP.dylib
0x000000000637b000 	/System/Library/Frameworks/Accelerate.framework/Versions/A/Frameworks/vecLib.framework/Versions/A/libvMisc.dylib
0x000000000637b000 	/System/Library/Frameworks/Accelerate.framework/Versions/A/Frameworks/vecLib.framework/Versions/A/libLAPACK.dylib
0x000000000637b000 	/System/Library/Frameworks/Accelerate.framework/Versions/A/Frameworks/vecLib.framework/Versions/A/libBLAS.dylib
0x000000000637b000 	/System/Library/Frameworks/ApplicationServices.framework/Versions/A/Frameworks/ATS.framework/Versions/A/Resources/libFontParser.dylib
0x000000000637b000 	/System/Library/Frameworks/ApplicationServices.framework/Versions/A/Frameworks/ATS.framework/Versions/A/Resources/libFontRegistry.dylib
0x000000000637b000 	/System/Library/Frameworks/ImageIO.framework/Versions/A/Resources/libJPEG.dylib
0x000000000637b000 	/System/Library/Frameworks/ImageIO.framework/Versions/A/Resources/libTIFF.dylib
0x000000000637b000 	/System/Library/Frameworks/ImageIO.framework/Versions/A/Resources/libPng.dylib
0x000000000637b000 	/System/Library/Frameworks/ImageIO.framework/Versions/A/Resources/libGIF.dylib
0x000000000637b000 	/System/Library/Frameworks/ImageIO.framework/Versions/A/Resources/libJP2.dylib
0x000000000637b000 	/System/Library/Frameworks/ImageIO.framework/Versions/A/Resources/libRadiance.dylib
0x000000000637b000 	/usr/lib/libcups.2.dylib
0x000000000637b000 	/System/Library/Frameworks/Kerberos.framework/Versions/A/Kerberos
0x000000000637b000 	/System/Library/Frameworks/GSS.framework/Versions/A/GSS
0x000000000637b000 	/usr/lib/libresolv.9.dylib
0x000000000637b000 	/usr/lib/libiconv.2.dylib
0x000000000637b000 	/System/Library/PrivateFrameworks/Heimdal.framework/Versions/A/Heimdal
0x000000000637b000 	/System/Library/PrivateFrameworks/TrustEvaluationAgent.framework/Versions/A/TrustEvaluationAgent
0x000000000637b000 	/usr/lib/libheimdal-asn1.dylib
0x000000000637b000 	/System/Library/Frameworks/OpenDirectory.framework/Versions/A/OpenDirectory
0x000000000637b000 	/System/Library/PrivateFrameworks/CommonAuth.framework/Versions/A/CommonAuth
0x000000000637b000 	/System/Library/Frameworks/SecurityFoundation.framework/Versions/A/SecurityFoundation
0x000000000637b000 	/System/Library/PrivateFrameworks/Bom.framework/Versions/A/Bom
0x000000000637b000 	/System/Library/Frameworks/CoreVideo.framework/Versions/A/CoreVideo
0x000000000637b000 	/System/Library/Frameworks/QuartzCore.framework/Versions/A/Frameworks/CoreImage.framework/Versions/A/CoreImage
0x000000000637b000 	/System/Library/Frameworks/QuartzCore.framework/Versions/A/Frameworks/ScalableUserInterface.framework/Versions/A/ScalableUserInterface
0x000000000637b000 	/System/Library/Frameworks/OpenGL.framework/Versions/A/Libraries/libGLU.dylib
0x000000000637b000 	/System/Library/Frameworks/OpenGL.framework/Versions/A/Libraries/libGFXShared.dylib
0x000000000637b000 	/System/Library/Frameworks/OpenGL.framework/Versions/A/Libraries/libGL.dylib
0x000000000637b000 	/System/Library/Frameworks/OpenGL.framework/Versions/A/Libraries/libGLImage.dylib
0x000000000637b000 	/System/Library/Frameworks/OpenGL.framework/Versions/A/Libraries/libCVMSPluginSupport.dylib
0x000000000637b000 	/System/Library/Frameworks/OpenGL.framework/Versions/A/Libraries/libCoreVMClient.dylib
0x000000000637b000 	/System/Library/PrivateFrameworks/FaceCore.framework/Versions/A/FaceCore
0x000000000637b000 	/System/Library/PrivateFrameworks/CrashReporterSupport.framework/Versions/A/CrashReporterSupport
0x000000000637b000 	/System/Library/Frameworks/OpenCL.framework/Versions/A/OpenCL
0x000000000637b000 	/System/Library/PrivateFrameworks/AppleFSCompression.framework/Versions/A/AppleFSCompression
0x000000000637b000 	/System/Library/PrivateFrameworks/Ubiquity.framework/Versions/A/Ubiquity
0x000000000637b000 	/System/Library/PrivateFrameworks/IconServices.framework/Versions/A/IconServices
0x000000000637b000 	/System/Library/PrivateFrameworks/ChunkingLibrary.framework/Versions/A/ChunkingLibrary
0x000000000637b000 	/System/Library/PrivateFrameworks/CoreSymbolication.framework/Versions/A/CoreSymbolication
0x000000000637b000 	/System/Library/PrivateFrameworks/Symbolication.framework/Versions/A/Symbolication
0x000000000637b000 	/System/Library/PrivateFrameworks/DebugSymbols.framework/Versions/A/DebugSymbols
0x0000000104200000 	/Library/Java/JavaVirtualMachines/jdk1.8.0_77.jdk/Contents/Home/jre/lib/server/libjvm.dylib
0x000000000637b000 	/usr/lib/libstdc++.6.dylib
0x00000001039d2000 	/Library/Java/JavaVirtualMachines/jdk1.8.0_77.jdk/Contents/Home/jre/lib/libverify.dylib
0x000000010518f000 	/Library/Java/JavaVirtualMachines/jdk1.8.0_77.jdk/Contents/Home/jre/lib/libjava.dylib
0x00000001039ea000 	/Library/Java/JavaVirtualMachines/jdk1.8.0_77.jdk/Contents/Home/jre/lib/libzip.dylib
0x0000000118cd2000 	/System/Library/Frameworks/JavaVM.framework/Frameworks/JavaRuntimeSupport.framework/JavaRuntimeSupport
0x0000000118cea000 	/System/Library/Frameworks/JavaVM.framework/Versions/A/Frameworks/JavaNativeFoundation.framework/Versions/A/JavaNativeFoundation
0x0000000118cff000 	/System/Library/Frameworks/JavaVM.framework/Versions/A/JavaVM
0x000000000637b000 	/System/Library/Frameworks/Carbon.framework/Versions/A/Carbon
0x00000001039f4000 	/System/Library/PrivateFrameworks/JavaLaunching.framework/Versions/A/JavaLaunching
0x000000000637b000 	/System/Library/Frameworks/Carbon.framework/Versions/A/Frameworks/CommonPanels.framework/Versions/A/CommonPanels
0x000000000637b000 	/System/Library/Frameworks/Carbon.framework/Versions/A/Frameworks/Help.framework/Versions/A/Help
0x000000000637b000 	/System/Library/Frameworks/Carbon.framework/Versions/A/Frameworks/ImageCapture.framework/Versions/A/ImageCapture
0x000000000637b000 	/System/Library/Frameworks/Carbon.framework/Versions/A/Frameworks/OpenScripting.framework/Versions/A/OpenScripting
0x000000000637b000 	/System/Library/Frameworks/Carbon.framework/Versions/A/Frameworks/Print.framework/Versions/A/Print
0x000000000637b000 	/System/Library/Frameworks/Carbon.framework/Versions/A/Frameworks/SecurityHI.framework/Versions/A/SecurityHI
0x0000000119471000 	/Library/Java/JavaVirtualMachines/jdk1.8.0_77.jdk/Contents/Home/jre/lib/libawt.dylib
0x0000000119519000 	/Library/Java/JavaVirtualMachines/jdk1.8.0_77.jdk/Contents/Home/jre/lib/./libmlib_image.dylib
0x00000001195e5000 	/Library/Java/JavaVirtualMachines/jdk1.8.0_77.jdk/Contents/Home/jre/lib/libawt_lwawt.dylib
0x000000011969a000 	/Library/Java/JavaVirtualMachines/jdk1.8.0_77.jdk/Contents/Home/jre/lib/./libosxapp.dylib
0x000000000637b000 	/System/Library/Frameworks/ExceptionHandling.framework/Versions/A/ExceptionHandling
0x000000000637b000 	/System/Library/PrivateFrameworks/CoreServicesInternal.framework/Versions/A/CoreServicesInternal
0x000000000637b000 	/System/Library/PrivateFrameworks/Librarian.framework/Versions/A/Librarian
0x000000000637b000 	/System/Library/Frameworks/CoreGraphics.framework/Versions/A/Resources/libCGCMS.A.dylib
0x000000000637b000 	/System/Library/Frameworks/CoreGraphics.framework/Versions/A/Resources/libRIP.A.dylib
0x000000000637b000 	/System/Library/Frameworks/CoreGraphics.framework/Versions/A/Resources/libCGXType.A.dylib
0x000000000637b000 	/System/Library/PrivateFrameworks/FamilyControls.framework/Versions/A/FamilyControls
0x000000000637b000 	/System/Library/PrivateFrameworks/CommerceKit.framework/Versions/A/Frameworks/CommerceCore.framework/Versions/A/CommerceCore
0x000000000637b000 	/System/Library/PrivateFrameworks/SystemAdministration.framework/Versions/A/SystemAdministration
0x000000000637b000 	/System/Library/Frameworks/DirectoryService.framework/Versions/A/DirectoryService
0x000000000637b000 	/System/Library/PrivateFrameworks/DiskImages.framework/Versions/A/DiskImages
0x000000000637b000 	/System/Library/PrivateFrameworks/LoginUIKit.framework/Versions/A/Frameworks/LoginUICore.framework/Versions/A/LoginUICore
0x000000000637b000 	/usr/lib/libCoreStorage.dylib
0x000000000637b000 	/usr/lib/libcsfde.dylib
0x000000000637b000 	/usr/lib/libodfde.dylib
0x000000000637b000 	/System/Library/Frameworks/DiscRecording.framework/Versions/A/DiscRecording
0x000000000637b000 	/usr/lib/libcurl.4.dylib
0x000000000637b000 	/System/Library/PrivateFrameworks/MediaKit.framework/Versions/A/MediaKit
0x000000000637b000 	/System/Library/PrivateFrameworks/EFILogin.framework/Versions/A/EFILogin
0x000000000637b000 	/usr/lib/libutil.dylib
0x000000000637b000 	/System/Library/PrivateFrameworks/AOSNotification.framework/Versions/A/AOSNotification
0x000000000637b000 	/System/Library/Frameworks/LDAP.framework/Versions/A/LDAP
0x000000000637b000 	/usr/lib/libsasl2.2.dylib
0x000000000637b000 	/usr/lib/libcrypto.0.9.8.dylib
0x000000000637b000 	/usr/lib/libssl.0.9.8.dylib
0x000000000637b000 	/System/Library/Frameworks/OpenGL.framework/Versions/A/Resources/GLEngine.bundle/GLEngine
0x000000000637b000 	/System/Library/Frameworks/OpenGL.framework/Versions/A/Libraries/libGLProgrammability.dylib
0x000000011d931000 	/System/Library/Extensions/AppleIntelHD5000GraphicsGLDriver.bundle/Contents/MacOS/AppleIntelHD5000GraphicsGLDriver
0x000000000637b000 	/System/Library/PrivateFrameworks/IOAccelerator.framework/Versions/A/IOAccelerator
0x000000000637b000 	/System/Library/PrivateFrameworks/GPUSupport.framework/Versions/A/Libraries/libGPUSupportMercury.dylib
0x000000000637b000 	/System/Library/Frameworks/OpenGL.framework/Versions/A/Resources/GLRendererFloat.bundle/GLRendererFloat
0x000000000637b000 	/System/Library/Frameworks/OpenCL.framework/Versions/A/Libraries/libcldcpuengine.dylib
0x000000011ec8e000 	/Library/Java/JavaVirtualMachines/jdk1.8.0_77.jdk/Contents/Home/jre/lib/libfontmanager.dylib
0x0000000120484000 	/Library/Java/JavaVirtualMachines/jdk1.8.0_77.jdk/Contents/Home/jre/lib/libosxui.dylib
0x0000000120564000 	/Library/Java/JavaVirtualMachines/jdk1.8.0_77.jdk/Contents/Home/jre/lib/libnet.dylib
0x000000012057b000 	/Library/Java/JavaVirtualMachines/jdk1.8.0_77.jdk/Contents/Home/jre/lib/libnio.dylib
0x000000000637b000 	/System/Library/Frameworks/ApplicationServices.framework/Versions/A/Frameworks/ATS.framework/Versions/A/Resources/libTrueTypeScaler.dylib
0x0000000170ecf000 	/private/var/folders/vm/c6ql63410d962mlmgt4yhc5h0000gn/T/jogamp_0000/file_cache/jln8375841453079754293/jln3140973788977572178/libgluegen-rt.jnilib
0x000000011fd0c000 	/private/var/folders/vm/c6ql63410d962mlmgt4yhc5h0000gn/T/jogamp_0000/file_cache/jln8375841453079754293/jln3140973788977572178/libnativewindow_awt.jnilib
0x000000012050d000 	/Library/Java/JavaVirtualMachines/jdk1.8.0_77.jdk/Contents/Home/jre/lib/libjawt.dylib
0x0000000170f37000 	/private/var/folders/vm/c6ql63410d962mlmgt4yhc5h0000gn/T/jogamp_0000/file_cache/jln8375841453079754293/jln3140973788977572178/libnativewindow_macosx.jnilib
0x0000000172b79000 	/private/var/folders/vm/c6ql63410d962mlmgt4yhc5h0000gn/T/jogamp_0000/file_cache/jln8375841453079754293/jln3140973788977572178/libjogl_desktop.jnilib
0x0000000175a57000 	/Library/Java/JavaVirtualMachines/jdk1.8.0_77.jdk/Contents/Home/jre/lib/libt2k.dylib

VM Arguments:
jvm_args: -Djava.security.policy=java.policy.applet -Dfile.encoding=UTF-8 
java_command: sun.applet.AppletViewer module5.EarthquakeCityMap1463878071337.html
java_class_path (initial): /Users/xingdu/Documents/workspace/UCSDUnfoldingMaps/build:/Users/xingdu/Documents/workspace/UCSDUnfoldingMaps/lib/core.jar:/Users/xingdu/Documents/workspace/UCSDUnfoldingMaps/lib/gluegen-rt.jar:/Users/xingdu/Documents/workspace/UCSDUnfoldingMaps/lib/jogl-all.jar:/Users/xingdu/Documents/workspace/UCSDUnfoldingMaps/lib/log4j-1.2.15.jar:/Users/xingdu/Documents/workspace/UCSDUnfoldingMaps/lib/sqlite-jdbc-3.7.2.jar:/Users/xingdu/Documents/workspace/UCSDUnfoldingMaps/lib/json4processing.jar:/Users/xingdu/Documents/workspace/UCSDUnfoldingMaps/lib/libTUIO.jar:/Users/xingdu/Documents/workspace/UCSDUnfoldingMaps/lib/unfolding.0.9.7-uscd.jar
Launcher Type: SUN_STANDARD

Environment Variables:
PATH=/usr/bin:/bin:/usr/sbin:/sbin
SHELL=/bin/bash

Signal Handlers:
SIGSEGV: [libjvm.dylib+0x5a6855], sa_mask[0]=11111111011111110111111111111111, sa_flags=SA_ONSTACK|SA_RESTART|SA_SIGINFO
SIGBUS: [libjvm.dylib+0x5a6855], sa_mask[0]=11111111011111110111111111111111, sa_flags=SA_RESTART|SA_SIGINFO
SIGFPE: [libjvm.dylib+0x4804ec], sa_mask[0]=11111111011111110111111111111111, sa_flags=SA_RESTART|SA_SIGINFO
SIGPIPE: [libjvm.dylib+0x4804ec], sa_mask[0]=11111111011111110111111111111111, sa_flags=SA_RESTART|SA_SIGINFO
SIGXFSZ: [libjvm.dylib+0x4804ec], sa_mask[0]=11111111011111110111111111111111, sa_flags=SA_RESTART|SA_SIGINFO
SIGILL: [libjvm.dylib+0x4804ec], sa_mask[0]=11111111011111110111111111111111, sa_flags=SA_RESTART|SA_SIGINFO
SIGUSR1: SIG_DFL, sa_mask[0]=00000000000000000000000000000000, sa_flags=SA_RESTART
SIGUSR2: [libjvm.dylib+0x48000a], sa_mask[0]=00100000000000000000000000000000, sa_flags=SA_RESTART|SA_SIGINFO
SIGHUP: [libjvm.dylib+0x47e5e1], sa_mask[0]=11111111011111110111111111111111, sa_flags=SA_RESTART|SA_SIGINFO
SIGINT: [libjvm.dylib+0x47e5e1], sa_mask[0]=11111111011111110111111111111111, sa_flags=SA_RESTART|SA_SIGINFO
SIGTERM: [libjvm.dylib+0x47e5e1], sa_mask[0]=11111111011111110111111111111111, sa_flags=SA_RESTART|SA_SIGINFO
SIGQUIT: [libjvm.dylib+0x47e5e1], sa_mask[0]=11111111011111110111111111111111, sa_flags=SA_RESTART|SA_SIGINFO


---------------  S Y S T E M  ---------------

OS:Bsduname:Darwin 13.4.0 Darwin Kernel Version 13.4.0: Wed Mar 18 16:20:14 PDT 2015; root:xnu-2422.115.14~1/RELEASE_X86_64 x86_64
rlimit: STACK 8192k, CORE 0k, NPROC 709, NOFILE 10240, AS infinity
load average:3.82 2.37 1.87

CPU:total 4 (2 cores per cpu, 2 threads per core) family 6 model 69 stepping 1, cmov, cx8, fxsr, mmx, sse, sse2, sse3, ssse3, sse4.1, sse4.2, popcnt, avx, avx2, aes, clmul, erms, lzcnt, ht, tsc, tscinvbit, bmi1, bmi2

Memory: 4k page, physical 4194304k(290628k free)

/proc/meminfo:


vm_info: Java HotSpot(TM) 64-Bit Server VM (25.77-b03) for bsd-amd64 JRE (1.8.0_77-b03), built on Mar 20 2016 22:14:03 by "java_re" with gcc 4.2.1 (Based on Apple Inc. build 5658) (LLVM build 2336.11.00)

time: Sat May 21 20:48:35 2016
elapsed time: 44 seconds (0d 0h 0m 44s)

