#
# A fatal error has been detected by the Java Runtime Environment:
#
#  SIGSEGV (0xb) at pc=0x00007fff89bb8097, pid=5997, tid=3335
#
# JRE version: Java(TM) SE Runtime Environment (8.0_77-b03) (build 1.8.0_77-b03)
# Java VM: Java HotSpot(TM) 64-Bit Server VM (25.77-b03 mixed mode bsd-amd64 compressed oops)
# Problematic frame:
# C  [libobjc.A.dylib+0x5097]  objc_msgSend+0x17
#
# Failed to write core dump. Core dumps have been disabled. To enable core dumping, try "ulimit -c unlimited" before starting Java again
#
# If you would like to submit a bug report, please visit:
#   http://bugreport.java.com/bugreport/crash.jsp
# The crash happened outside the Java Virtual Machine in native code.
# See problematic frame for where to report the bug.
#

---------------  T H R E A D  ---------------

Current thread (0x00007fa98d1d4800):  JavaThread "AWT-AppKit" daemon [_thread_in_native, id=3335, stack(0x00007fff5aedb000,0x00007fff5b6db000)]

siginfo: si_signo: 11 (SIGSEGV), si_code: 0 (unknown), si_addr: 0x0000000000000000

Registers:
RAX=0x00007fa990b78710, RBX=0x0000000171d32450, RCX=0x0000000120a702a0, RDX=0x000000011fb66940
RSP=0x00007fff5b6d63f8, RBP=0x00007fff5b6d64b0, RSI=0x00007fff9350c4c6, RDI=0x00007fa990dbecb0
R8 =0x0000000000000000, R9 =0x00000000000006d0, R10=0x00007fff9350c4c6, R11=0x4000000000000000
R12=0x0000000000000000, R13=0x00000001735111c0, R14=0x0000000171d32440, R15=0x00007fa98d1d4800
RIP=0x00007fff89bb8097, EFLAGS=0x0000000000010246, ERR=0x0000000000000000
  TRAPNO=0x000000000000000d

Top of Stack: (sp=0x00007fff5b6d63f8)
0x00007fff5b6d63f8:   0000000171d30157 00007fff5b6d6450
0x00007fff5b6d6408:   0000000000000003 00007fff5b6d6430
0x00007fff5b6d6418:   00000001051f0b02 00000001735111c0
0x00007fff5b6d6428:   00000001735111c0 00007fa990b78710
0x00007fff5b6d6438:   0000000171d326a0 0000000171d32710
0x00007fff5b6d6448:   00007fff77a31fb0 00007fff7646c420
0x00007fff5b6d6458:   0000000171d32450 0000000171d32690
0x00007fff5b6d6468:   00007fa990b78710 00007fa990dbecb0
0x00007fff5b6d6478:   00007fa98be15ea0 00007fa990b78710
0x00007fff5b6d6488:   00007fa990dbecb0 00007fff5b6d6538
0x00007fff5b6d6498:   00007fa98d1d49f8 00000001735111c0
0x00007fff5b6d64a8:   00007fff5b6d6560 00007fff5b6d6528
0x00007fff5b6d64b8:   0000000105fa4954 00000001735111c0
0x00007fff5b6d64c8:   00007fff5b6d6560 00007fff5b6d6528
0x00007fff5b6d64d8:   0000000105fa46e7 0000000105fa46a2
0x00007fff5b6d64e8:   00007fff5b6d64e8 00000001735111c0
0x00007fff5b6d64f8:   00007fff5b6d6560 0000000173513df8
0x00007fff5b6d6508:   0000000000000000 00000001735111c0
0x00007fff5b6d6518:   0000000000000000 00007fff5b6d6548
0x00007fff5b6d6528:   00007fff5b6d65a8 0000000105f96c4d
0x00007fff5b6d6538:   0000000780af8d50 0000000105f9e578
0x00007fff5b6d6548:   00007fa990b78710 00007fff5b6d65a8
0x00007fff5b6d6558:   00007fa990dbecb0 0000000105f9fd82
0x00007fff5b6d6568:   00007fff5b6d6568 000000017351138a
0x00007fff5b6d6578:   00007fff5b6d65d0 0000000173513df8
0x00007fff5b6d6588:   0000000000000000 0000000173511398
0x00007fff5b6d6598:   00007fff5b6d6548 00007fff5b6d65b8
0x00007fff5b6d65a8:   00007fff5b6d6618 0000000105f96c4d
0x00007fff5b6d65b8:   00007fa990b78710 0000000780a9a758
0x00007fff5b6d65c8:   00007fa990dbecb0 0000000780a9a758
0x00007fff5b6d65d8:   00007fff5b6d65d8 000000017a84cffe
0x00007fff5b6d65e8:   00007fff5b6d6628 000000017a84d0b8 

Instructions: (pc=0x00007fff89bb8097)
0x00007fff89bb8077:   90 90 90 90 90 90 90 90 90 48 85 ff 2e 74 72 40
0x00007fff89bb8087:   f6 c7 01 2e 0f 85 7e 00 00 00 4c 8b 1f 49 89 f2
0x00007fff89bb8097:   45 23 53 18 49 c1 e2 04 4d 03 53 10 49 3b 32 75
0x00007fff89bb80a7:   04 41 ff 62 08 49 83 3a 00 74 74 4d 3b 53 10 74 

Register to memory mapping:

RAX=0x00007fa990b78710 is an unknown value
RBX=0x0000000171d32450: Java_jogamp_nativewindow_macosx_OSXUtil_GetScreenRefreshRate0+0x1cf0 in /private/var/folders/vm/c6ql63410d962mlmgt4yhc5h0000gn/T/jogamp_0000/file_cache/jln8933517806181641261/jln2740387060384025888/libnativewindow_macosx.jnilib at 0x0000000171d2b000
RCX=0x0000000120a702a0 is an unknown value
RDX=0x000000011fb66940 is an unknown value
RSP=0x00007fff5b6d63f8 is pointing into the stack for thread: 0x00007fa98d1d4800
RBP=0x00007fff5b6d64b0 is pointing into the stack for thread: 0x00007fa98d1d4800
RSI=0x00007fff9350c4c6: NSAppKitVersionNumber+0x12eb6 in /System/Library/Frameworks/AppKit.framework/Versions/C/AppKit at 0x00007fff92aa9000
RDI=0x00007fa990dbecb0 is an unknown value
R8 =0x0000000000000000 is an unknown value
R9 =0x00000000000006d0 is an unknown value
R10=0x00007fff9350c4c6: NSAppKitVersionNumber+0x12eb6 in /System/Library/Frameworks/AppKit.framework/Versions/C/AppKit at 0x00007fff92aa9000
R11=0x4000000000000000 is an unknown value
R12=0x0000000000000000 is an unknown value
R13={method} {0x00000001735111c0} 'UnsetJAWTRootSurfaceLayer0' '(JJ)V' in 'jogamp/nativewindow/jawt/macosx/MacOSXJAWTWindow'
R14=0x0000000171d32440: Java_jogamp_nativewindow_macosx_OSXUtil_GetScreenRefreshRate0+0x1ce0 in /private/var/folders/vm/c6ql63410d962mlmgt4yhc5h0000gn/T/jogamp_0000/file_cache/jln8933517806181641261/jln2740387060384025888/libnativewindow_macosx.jnilib at 0x0000000171d2b000
R15=0x00007fa98d1d4800 is a thread


Stack: [0x00007fff5aedb000,0x00007fff5b6db000],  sp=0x00007fff5b6d63f8,  free space=8172k
Native frames: (J=compiled Java code, j=interpreted, Vv=VM code, C=native code)
C  [libobjc.A.dylib+0x5097]  objc_msgSend+0x17
j  jogamp.nativewindow.jawt.macosx.MacOSXJAWTWindow.UnsetJAWTRootSurfaceLayer0(JJ)V+0
j  jogamp.nativewindow.jawt.macosx.MacOSXJAWTWindow.access$200(JJ)V+2
j  jogamp.nativewindow.jawt.macosx.MacOSXJAWTWindow$1.run()V+38
J 2873 C2 com.jogamp.common.util.RunnableTask.run()V (345 bytes) @ 0x0000000106759478 [0x00000001067593c0+0xb8]
v  ~StubRoutines::call_stub
V  [libjvm.dylib+0x2ea39e]  JavaCalls::call_helper(JavaValue*, methodHandle*, JavaCallArguments*, Thread*)+0x6ae
V  [libjvm.dylib+0x3214a7]  jni_invoke_nonstatic(JNIEnv_*, JavaValue*, _jobject*, JNICallType, _jmethodID*, JNI_ArgumentPusher*, Thread*)+0x2ec
V  [libjvm.dylib+0x313c7b]  jni_CallVoidMethod+0x16b
C  [libnativewindow_macosx.jnilib+0x5326]  Java_jogamp_nativewindow_jawt_macosx_MacOSXJAWTWindow_UnsetJAWTRootSurfaceLayer0+0x2b6
C  [Foundation+0x6375e]  __NSThreadPerformPerform+0xe5
C  [CoreFoundation+0x7f5b1]  __CFRUNLOOP_IS_CALLING_OUT_TO_A_SOURCE0_PERFORM_FUNCTION__+0x11
C  [CoreFoundation+0x70d29]  __CFRunLoopDoSources0+0x1b9
C  [CoreFoundation+0x703ef]  __CFRunLoopRun+0x33f
C  [CoreFoundation+0x6fe75]  CFRunLoopRunSpecific+0x135
C  [HIToolbox+0x2ea0d]  RunCurrentEventLoopInMode+0xe2
C  [HIToolbox+0x2e685]  ReceiveNextEventCommon+0xad
C  [HIToolbox+0x2e5bc]  _BlockUntilNextEventMatchingListInModeWithFilter+0x41
C  [AppKit+0x2424e]  _DPSNextEvent+0x59a
C  [AppKit+0x2389b]  -[NSApplication nextEventMatchingMask:untilDate:inMode:dequeue:]+0x7a
C  [libosxapp.dylib+0x23aa]  -[NSApplicationAWT nextEventMatchingMask:untilDate:inMode:dequeue:]+0x7c
C  [AppKit+0x1799c]  -[NSApplication run]+0x229
C  [libosxapp.dylib+0x214d]  +[NSApplicationAWT runAWTLoopWithApp:]+0x9c
C  [libawt_lwawt.dylib+0x4455b]  -[AWTStarter starter:]+0x389
C  [Foundation+0x6375e]  __NSThreadPerformPerform+0xe5
C  [CoreFoundation+0x7f5b1]  __CFRUNLOOP_IS_CALLING_OUT_TO_A_SOURCE0_PERFORM_FUNCTION__+0x11
C  [CoreFoundation+0x70c62]  __CFRunLoopDoSources0+0xf2
C  [CoreFoundation+0x703ef]  __CFRunLoopRun+0x33f
C  [CoreFoundation+0x6fe75]  CFRunLoopRunSpecific+0x135
C  [java+0x6463]  CreateExecutionEnvironment+0x367
C  [java+0x21ac]  JLI_Launch+0x7a0
C  [java+0x84c0]  main+0x65
C  [java+0x1a04]  start+0x34
C  0x0000000000000007

Java frames: (J=compiled Java code, j=interpreted, Vv=VM code)
j  jogamp.nativewindow.jawt.macosx.MacOSXJAWTWindow.UnsetJAWTRootSurfaceLayer0(JJ)V+0
j  jogamp.nativewindow.jawt.macosx.MacOSXJAWTWindow.access$200(JJ)V+2
j  jogamp.nativewindow.jawt.macosx.MacOSXJAWTWindow$1.run()V+38
J 2873 C2 com.jogamp.common.util.RunnableTask.run()V (345 bytes) @ 0x0000000106759478 [0x00000001067593c0+0xb8]
v  ~StubRoutines::call_stub

---------------  P R O C E S S  ---------------

Java Threads: ( => current thread )
  0x00007fa991002800 JavaThread "Thread-242" [_thread_blocked, id=62047, stack(0x000000017b10c000,0x000000017b20c000)]
  0x00007fa98c236000 JavaThread "AWT-EventQueue-1" [_thread_in_native, id=55819, stack(0x00000001721f0000,0x00000001722f0000)]
  0x00007fa98d003800 JavaThread "DestroyJavaVM" [_thread_blocked, id=6403, stack(0x000000010463b000,0x000000010473b000)]
  0x00007fa98d261000 JavaThread "AWT-EventQueue-0" [_thread_blocked, id=54023, stack(0x0000000120cc1000,0x0000000120dc1000)]
  0x00007fa98c107000 JavaThread "Java2D Disposer" daemon [_thread_blocked, id=49203, stack(0x000000011f8f7000,0x000000011f9f7000)]
  0x00007fa98d1f7800 JavaThread "Java2D Queue Flusher" daemon [_thread_blocked, id=47879, stack(0x000000011e59d000,0x000000011e69d000)]
  0x00007fa98c0e6800 JavaThread "AWT-Shutdown" [_thread_blocked, id=28939, stack(0x000000011bbe9000,0x000000011bce9000)]
=>0x00007fa98d1d4800 JavaThread "AWT-AppKit" daemon [_thread_in_native, id=3335, stack(0x00007fff5aedb000,0x00007fff5b6db000)]
  0x00007fa98d03b000 JavaThread "Service Thread" daemon [_thread_blocked, id=19715, stack(0x0000000119f8d000,0x000000011a08d000)]
  0x00007fa98c01d000 JavaThread "C1 CompilerThread2" daemon [_thread_blocked, id=19203, stack(0x0000000119e8a000,0x0000000119f8a000)]
  0x00007fa98c81c000 JavaThread "C2 CompilerThread1" daemon [_thread_blocked, id=18691, stack(0x0000000119d87000,0x0000000119e87000)]
  0x00007fa98c01c800 JavaThread "C2 CompilerThread0" daemon [_thread_blocked, id=18179, stack(0x0000000119c84000,0x0000000119d84000)]
  0x00007fa98c01b800 JavaThread "Signal Dispatcher" daemon [_thread_blocked, id=17667, stack(0x0000000119b81000,0x0000000119c81000)]
  0x00007fa98c033000 JavaThread "Finalizer" daemon [_thread_blocked, id=12547, stack(0x000000011993f000,0x0000000119a3f000)]
  0x00007fa98c80f800 JavaThread "Reference Handler" daemon [_thread_blocked, id=12035, stack(0x000000011983c000,0x000000011993c000)]

Other Threads:
  0x00007fa98d021800 VMThread [stack: 0x0000000119739000,0x0000000119839000] [id=11523]
  0x00007fa98c017000 WatcherThread [stack: 0x000000011a090000,0x000000011a190000] [id=20227]

VM state:not at safepoint (normal execution)

VM Mutex/Monitor currently owned by a thread: None

Heap:
 PSYoungGen      total 46592K, used 1570K [0x00000007aab00000, 0x00000007ae600000, 0x00000007c0000000)
  eden space 34816K, 4% used [0x00000007aab00000,0x00000007aac70a80,0x00000007acd00000)
  from space 11776K, 0% used [0x00000007ada80000,0x00000007ada98000,0x00000007ae600000)
  to   space 12800K, 0% used [0x00000007acd00000,0x00000007acd00000,0x00000007ad980000)
 ParOldGen       total 102912K, used 73783K [0x0000000780000000, 0x0000000786480000, 0x00000007aab00000)
  object space 102912K, 71% used [0x0000000780000000,0x000000078480df28,0x0000000786480000)
 Metaspace       used 21473K, capacity 21659K, committed 22064K, reserved 1069056K
  class space    used 2048K, capacity 2112K, committed 2176K, reserved 1048576K

Card table byte_map: [0x000000011534f000,0x0000000115550000] byte_map_base: 0x000000011174f000

Marking Bits: (ParMarkBitMap*) 0x00000001058e3ea0
 Begin Bits: [0x0000000115ab2000, 0x0000000116ab2000)
 End Bits:   [0x0000000116ab2000, 0x0000000117ab2000)

Polling page: 0x0000000104780000

CodeCache: size=245760Kb used=9778Kb max_used=9791Kb free=235981Kb
 bounds [0x0000000105f8f000, 0x000000010693f000, 0x0000000114f8f000]
 total_blobs=3710 nmethods=2818 adapters=805
 compilation: enabled

Compilation events (10 events):
Event: 555.507 Thread 0x00007fa98c01d000 3496       1       sun.java2d.SurfaceData::isValid (5 bytes)
Event: 555.507 Thread 0x00007fa98c01d000 nmethod 3496 0x00000001067b4d50 code [0x00000001067b4ea0, 0x00000001067b4fb0]
Event: 555.517 Thread 0x00007fa98c01d000 3497       3       sun.misc.JarIndex::get (49 bytes)
Event: 555.518 Thread 0x00007fa98c01d000 nmethod 3497 0x000000010692d490 code [0x000000010692d660, 0x000000010692ded8]
Event: 555.518 Thread 0x00007fa98c01d000 3498       3       java.util.LinkedHashMap::afterNodeRemoval (65 bytes)
Event: 555.518 Thread 0x00007fa98c01d000 nmethod 3498 0x000000010692ce50 code [0x000000010692cfc0, 0x000000010692d370]
Event: 555.519 Thread 0x00007fa98c81c000 3499  s!   4       sun.misc.URLClassPath::getLoader (197 bytes)
Event: 555.519 Thread 0x00007fa98c01d000 3500  s    2       sun.misc.URLClassPath::getNextLoader (88 bytes)
Event: 555.520 Thread 0x00007fa98c01d000 nmethod 3500 0x000000010692c2d0 code [0x000000010692c480, 0x000000010692ca48]
Event: 555.527 Thread 0x00007fa98c81c000 nmethod 3499 0x0000000106931c90 code [0x0000000106931e00, 0x00000001069325d8]

GC Heap History (10 events):
Event: 537.289 GC heap before
{Heap before GC invocations=239 (full 3):
 PSYoungGen      total 41472K, used 27648K [0x00000007aab00000, 0x00000007ae600000, 0x00000007c0000000)
  eden space 27648K, 100% used [0x00000007aab00000,0x00000007ac600000,0x00000007ac600000)
  from space 13824K, 0% used [0x00000007ac600000,0x00000007ac600000,0x00000007ad380000)
  to   space 13824K, 0% used [0x00000007ad880000,0x00000007ad880000,0x00000007ae600000)
 ParOldGen       total 102912K, used 69287K [0x0000000780000000, 0x0000000786480000, 0x00000007aab00000)
  object space 102912K, 67% used [0x0000000780000000,0x00000007843a9e18,0x0000000786480000)
 Metaspace       used 21413K, capacity 21595K, committed 21808K, reserved 1069056K
  class space    used 2040K, capacity 2112K, committed 2176K, reserved 1048576K
Event: 537.291 GC heap after
Heap after GC invocations=239 (full 3):
 PSYoungGen      total 45568K, used 1376K [0x00000007aab00000, 0x00000007ae580000, 0x00000007c0000000)
  eden space 32256K, 0% used [0x00000007aab00000,0x00000007aab00000,0x00000007aca80000)
  from space 13312K, 10% used [0x00000007ad880000,0x00000007ad9d8050,0x00000007ae580000)
  to   space 13824K, 0% used [0x00000007aca80000,0x00000007aca80000,0x00000007ad800000)
 ParOldGen       total 102912K, used 69295K [0x0000000780000000, 0x0000000786480000, 0x00000007aab00000)
  object space 102912K, 67% used [0x0000000780000000,0x00000007843abe18,0x0000000786480000)
 Metaspace       used 21413K, capacity 21595K, committed 21808K, reserved 1069056K
  class space    used 2040K, capacity 2112K, committed 2176K, reserved 1048576K
}
Event: 540.955 GC heap before
{Heap before GC invocations=240 (full 3):
 PSYoungGen      total 45568K, used 33632K [0x00000007aab00000, 0x00000007ae580000, 0x00000007c0000000)
  eden space 32256K, 100% used [0x00000007aab00000,0x00000007aca80000,0x00000007aca80000)
  from space 13312K, 10% used [0x00000007ad880000,0x00000007ad9d8050,0x00000007ae580000)
  to   space 13824K, 0% used [0x00000007aca80000,0x00000007aca80000,0x00000007ad800000)
 ParOldGen       total 102912K, used 69295K [0x0000000780000000, 0x0000000786480000, 0x00000007aab00000)
  object space 102912K, 67% used [0x0000000780000000,0x00000007843abe18,0x0000000786480000)
 Metaspace       used 21425K, capacity 21659K, committed 22064K, reserved 1069056K
  class space    used 2040K, capacity 2112K, committed 2176K, reserved 1048576K
Event: 540.959 GC heap after
Heap after GC invocations=240 (full 3):
 PSYoungGen      total 46080K, used 2464K [0x00000007aab00000, 0x00000007ae900000, 0x00000007c0000000)
  eden space 32256K, 0% used [0x00000007aab00000,0x00000007aab00000,0x00000007aca80000)
  from space 13824K, 17% used [0x00000007aca80000,0x00000007acce8090,0x00000007ad800000)
  to   space 13312K, 0% used [0x00000007adc00000,0x00000007adc00000,0x00000007ae900000)
 ParOldGen       total 102912K, used 70615K [0x0000000780000000, 0x0000000786480000, 0x00000007aab00000)
  object space 102912K, 68% used [0x0000000780000000,0x00000007844f5e68,0x0000000786480000)
 Metaspace       used 21425K, capacity 21659K, committed 22064K, reserved 1069056K
  class space    used 2040K, capacity 2112K, committed 2176K, reserved 1048576K
}
Event: 545.415 GC heap before
{Heap before GC invocations=241 (full 3):
 PSYoungGen      total 46080K, used 34720K [0x00000007aab00000, 0x00000007ae900000, 0x00000007c0000000)
  eden space 32256K, 100% used [0x00000007aab00000,0x00000007aca80000,0x00000007aca80000)
  from space 13824K, 17% used [0x00000007aca80000,0x00000007acce8090,0x00000007ad800000)
  to   space 13312K, 0% used [0x00000007adc00000,0x00000007adc00000,0x00000007ae900000)
 ParOldGen       total 102912K, used 70615K [0x0000000780000000, 0x0000000786480000, 0x00000007aab00000)
  object space 102912K, 68% used [0x0000000780000000,0x00000007844f5e68,0x0000000786480000)
 Metaspace       used 21430K, capacity 21659K, committed 22064K, reserved 1069056K
  class space    used 2040K, capacity 2112K, committed 2176K, reserved 1048576K
Event: 545.417 GC heap after
Heap after GC invocations=241 (full 3):
 PSYoungGen      total 49152K, used 672K [0x00000007aab00000, 0x00000007ae880000, 0x00000007c0000000)
  eden space 36352K, 0% used [0x00000007aab00000,0x00000007aab00000,0x00000007ace80000)
  from space 12800K, 5% used [0x00000007adc00000,0x00000007adca8020,0x00000007ae880000)
  to   space 13312K, 0% used [0x00000007ace80000,0x00000007ace80000,0x00000007adb80000)
 ParOldGen       total 102912K, used 72959K [0x0000000780000000, 0x0000000786480000, 0x00000007aab00000)
  object space 102912K, 70% used [0x0000000780000000,0x000000078473fef8,0x0000000786480000)
 Metaspace       used 21430K, capacity 21659K, committed 22064K, reserved 1069056K
  class space    used 2040K, capacity 2112K, committed 2176K, reserved 1048576K
}
Event: 550.105 GC heap before
{Heap before GC invocations=242 (full 3):
 PSYoungGen      total 49152K, used 37024K [0x00000007aab00000, 0x00000007ae880000, 0x00000007c0000000)
  eden space 36352K, 100% used [0x00000007aab00000,0x00000007ace80000,0x00000007ace80000)
  from space 12800K, 5% used [0x00000007adc00000,0x00000007adca8020,0x00000007ae880000)
  to   space 13312K, 0% used [0x00000007ace80000,0x00000007ace80000,0x00000007adb80000)
 ParOldGen       total 102912K, used 72959K [0x0000000780000000, 0x0000000786480000, 0x00000007aab00000)
  object space 102912K, 70% used [0x0000000780000000,0x000000078473fef8,0x0000000786480000)
 Metaspace       used 21434K, capacity 21659K, committed 22064K, reserved 1069056K
  class space    used 2040K, capacity 2112K, committed 2176K, reserved 1048576K
Event: 550.107 GC heap after
Heap after GC invocations=242 (full 3):
 PSYoungGen      total 35840K, used 400K [0x00000007aab00000, 0x00000007ae780000, 0x00000007c0000000)
  eden space 35328K, 0% used [0x00000007aab00000,0x00000007aab00000,0x00000007acd80000)
  from space 512K, 78% used [0x00000007ace80000,0x00000007acee4020,0x00000007acf00000)
  to   space 13312K, 0% used [0x00000007ada80000,0x00000007ada80000,0x00000007ae780000)
 ParOldGen       total 102912K, used 73503K [0x0000000780000000, 0x0000000786480000, 0x00000007aab00000)
  object space 102912K, 71% used [0x0000000780000000,0x00000007847c7f18,0x0000000786480000)
 Metaspace       used 21434K, capacity 21659K, committed 22064K, reserved 1069056K
  class space    used 2040K, capacity 2112K, committed 2176K, reserved 1048576K
}
Event: 555.438 GC heap before
{Heap before GC invocations=243 (full 3):
 PSYoungGen      total 35840K, used 35728K [0x00000007aab00000, 0x00000007ae780000, 0x00000007c0000000)
  eden space 35328K, 100% used [0x00000007aab00000,0x00000007acd80000,0x00000007acd80000)
  from space 512K, 78% used [0x00000007ace80000,0x00000007acee4020,0x00000007acf00000)
  to   space 13312K, 0% used [0x00000007ada80000,0x00000007ada80000,0x00000007ae780000)
 ParOldGen       total 102912K, used 73503K [0x0000000780000000, 0x0000000786480000, 0x00000007aab00000)
  object space 102912K, 71% used [0x0000000780000000,0x00000007847c7f18,0x0000000786480000)
 Metaspace       used 21441K, capacity 21659K, committed 22064K, reserved 1069056K
  class space    used 2041K, capacity 2112K, committed 2176K, reserved 1048576K
Event: 555.440 GC heap after
Heap after GC invocations=243 (full 3):
 PSYoungGen      total 46592K, used 96K [0x00000007aab00000, 0x00000007ae600000, 0x00000007c0000000)
  eden space 34816K, 0% used [0x00000007aab00000,0x00000007aab00000,0x00000007acd00000)
  from space 11776K, 0% used [0x00000007ada80000,0x00000007ada98000,0x00000007ae600000)
  to   space 12800K, 0% used [0x00000007acd00000,0x00000007acd00000,0x00000007ad980000)
 ParOldGen       total 102912K, used 73783K [0x0000000780000000, 0x0000000786480000, 0x00000007aab00000)
  object space 102912K, 71% used [0x0000000780000000,0x000000078480df28,0x0000000786480000)
 Metaspace       used 21441K, capacity 21659K, committed 22064K, reserved 1069056K
  class space    used 2041K, capacity 2112K, committed 2176K, reserved 1048576K
}

Deoptimization events (10 events):
Event: 555.503 Thread 0x00007fa98d1e8800 Uncommon trap: reason=unstable_if action=reinterpret pc=0x00000001064688a8 method=java.util.HashMap.putVal(ILjava/lang/Object;Ljava/lang/Object;ZZ)Ljava/lang/Object; @ 81
Event: 555.503 Thread 0x00007fa98d1e8800 Uncommon trap: reason=unstable_if action=reinterpret pc=0x0000000106435b7c method=java.util.HashMap.putVal(ILjava/lang/Object;Ljava/lang/Object;ZZ)Ljava/lang/Object; @ 81
Event: 555.503 Thread 0x00007fa98d261000 Uncommon trap: reason=class_check action=maybe_recompile pc=0x00000001068aeb0c method=java.awt.Component.getGraphics()Ljava/awt/Graphics; @ 114
Event: 555.504 Thread 0x00007fa98d261000 Uncommon trap: reason=unstable_if action=reinterpret pc=0x0000000106678538 method=java.awt.font.FontRenderContext.equals(Ljava/awt/font/FontRenderContext;)Z @ 2
Event: 555.511 Thread 0x00007fa98d1d4800 Uncommon trap: reason=unstable_if action=reinterpret pc=0x000000010653197c method=jogamp.nativewindow.macosx.OSXUtil.RunOnMainThread(ZZLjava/lang/Runnable;)V @ 3
Event: 555.516 Thread 0x00007fa98c236000 Uncommon trap: reason=unstable_if action=reinterpret pc=0x000000010672ef70 method=jogamp.opengl.GLContextImpl.release(Z)V @ 161
Event: 555.521 Thread 0x00007fa98c236000 Uncommon trap: reason=unstable_if action=reinterpret pc=0x0000000106721498 method=java.util.LinkedList$ListItr.<init>(Ljava/util/LinkedList;I)V @ 26
Event: 555.522 Thread 0x00007fa98c236000 Uncommon trap: reason=unstable_if action=reinterpret pc=0x000000010685322c method=java.security.AccessControlContext.optimize()Ljava/security/AccessControlContext; @ 233
Event: 555.524 Thread 0x00007fa98c236000 Uncommon trap: reason=unstable_if action=reinterpret pc=0x00000001064a9da0 method=java.util.HashMap.removeNode(ILjava/lang/Object;Ljava/lang/Object;ZZ)Ljava/util/HashMap$Node; @ 46
Event: 555.525 Thread 0x00007fa98d261000 Uncommon trap: reason=class_check action=maybe_recompile pc=0x00000001068aeb0c method=java.awt.Component.getGraphics()Ljava/awt/Graphics; @ 114

Internal exceptions (10 events):
Event: 0.453 Thread 0x00007fa98d003800 Exception <a 'java/lang/NoSuchFieldError': method resolution failed> (0x00000007aad02480) thrown at [/Users/java_re/workspace/8-2-build-macosx-x86_64/jdk8u77/6540/hotspot/src/share/vm/prims/methodHandles.cpp, line 1146]
Event: 0.455 Thread 0x00007fa98d003800 Exception <a 'java/lang/NoSuchFieldError': method resolution failed> (0x00000007aad0fc50) thrown at [/Users/java_re/workspace/8-2-build-macosx-x86_64/jdk8u77/6540/hotspot/src/share/vm/prims/methodHandles.cpp, line 1146]
Event: 0.609 Thread 0x00007fa98d003800 Exception <a 'java/io/FileNotFoundException'> (0x00000007aad8b810) thrown at [/Users/java_re/workspace/8-2-build-macosx-x86_64/jdk8u77/6540/hotspot/src/share/vm/prims/jni.cpp, line 709]
Event: 0.609 Thread 0x00007fa98d003800 Exception <a 'java/io/FileNotFoundException'> (0x00000007aad8c358) thrown at [/Users/java_re/workspace/8-2-build-macosx-x86_64/jdk8u77/6540/hotspot/src/share/vm/prims/jni.cpp, line 709]
Event: 0.857 Thread 0x00007fa98d003800 Exception <a 'java/io/FileNotFoundException'> (0x00000007aae76e78) thrown at [/Users/java_re/workspace/8-2-build-macosx-x86_64/jdk8u77/6540/hotspot/src/share/vm/prims/jni.cpp, line 709]
Event: 4.886 Thread 0x00007fa98c033000 Exception <a 'java/lang/NullPointerException'> (0x00000007aab8c0a0) thrown at [/Users/java_re/workspace/8-2-build-macosx-x86_64/jdk8u77/6540/hotspot/src/share/vm/interpreter/linkResolver.cpp, line 1178]
Event: 5.029 Thread 0x00007fa98d22a000 Exception <a 'java/lang/UnsatisfiedLinkError': com.jogamp.common.util.JarUtil.fixNativeLibAttribs(Ljava/lang/String;)Z> (0x00000007aafbca88) thrown at [/Users/java_re/workspace/8-2-build-macosx-x86_64/jdk8u77/6540/hotspot/src/share/vm/prims/nativeLookup.c
Event: 6.051 Thread 0x00007fa98c236000 Exception <a 'java/io/FileNotFoundException'> (0x00000007ab31efd0) thrown at [/Users/java_re/workspace/8-2-build-macosx-x86_64/jdk8u77/6540/hotspot/src/share/vm/prims/jni.cpp, line 709]
Event: 6.051 Thread 0x00007fa98c236000 Exception <a 'java/io/FileNotFoundException'> (0x00000007ab326650) thrown at [/Users/java_re/workspace/8-2-build-macosx-x86_64/jdk8u77/6540/hotspot/src/share/vm/prims/jni.cpp, line 709]
Event: 6.051 Thread 0x00007fa98c236000 Implicit null exception at 0x00000001061409f3 to 0x0000000106140d7d

Events (10 events):
Event: 555.524 Executing VM operation: RevokeBias done
Event: 555.524 Thread 0x00007fa98c236000 Uncommon trap: trap_request=0xffffff65 fr.pc=0x00000001064a9da0
Event: 555.524 Thread 0x00007fa98c236000 DEOPT PACKING pc=0x00000001064a9da0 sp=0x00000001722ef470
Event: 555.524 Thread 0x00007fa98c236000 DEOPT UNPACKING pc=0x0000000105f94229 sp=0x00000001722ef420 mode 2
Event: 555.525 Thread 0x00007fa98d1e8800 Thread exited: 0x00007fa98d1e8800
Event: 555.525 Thread 0x00007fa98d261000 Uncommon trap: trap_request=0xffffffde fr.pc=0x00000001068aeb0c
Event: 555.525 Thread 0x00007fa98d261000 DEOPT PACKING pc=0x00000001068aeb0c sp=0x0000000120dbeca0
Event: 555.525 Thread 0x00007fa98d261000 DEOPT UNPACKING pc=0x0000000105f94229 sp=0x0000000120dbeca0 mode 2
Event: 555.525 loading class java/awt/Window$1DisposeAction
Event: 555.526 loading class java/awt/Window$1DisposeAction done


Dynamic libraries:
0x000000000637b000 	/System/Library/Frameworks/Cocoa.framework/Versions/A/Cocoa
0x000000000637b000 	/System/Library/Frameworks/Security.framework/Versions/A/Security
0x000000000637b000 	/System/Library/Frameworks/ApplicationServices.framework/Versions/A/ApplicationServices
0x000000000637b000 	/usr/lib/libz.1.dylib
0x000000000637b000 	/usr/lib/libSystem.B.dylib
0x000000000637b000 	/usr/lib/libobjc.A.dylib
0x000000000637b000 	/System/Library/Frameworks/CoreFoundation.framework/Versions/A/CoreFoundation
0x000000000637b000 	/System/Library/Frameworks/Foundation.framework/Versions/C/Foundation
0x000000000637b000 	/System/Library/Frameworks/AppKit.framework/Versions/C/AppKit
0x000000000637b000 	/System/Library/Frameworks/CoreData.framework/Versions/A/CoreData
0x000000000637b000 	/System/Library/PrivateFrameworks/RemoteViewServices.framework/Versions/A/RemoteViewServices
0x000000000637b000 	/System/Library/Frameworks/AudioToolbox.framework/Versions/A/AudioToolbox
0x000000000637b000 	/System/Library/Frameworks/AudioUnit.framework/Versions/A/AudioUnit
0x000000000637b000 	/System/Library/PrivateFrameworks/DataDetectorsCore.framework/Versions/A/DataDetectorsCore
0x000000000637b000 	/System/Library/PrivateFrameworks/DesktopServicesPriv.framework/Versions/A/DesktopServicesPriv
0x000000000637b000 	/System/Library/Frameworks/Carbon.framework/Versions/A/Frameworks/HIToolbox.framework/Versions/A/HIToolbox
0x000000000637b000 	/System/Library/Frameworks/QuartzCore.framework/Versions/A/QuartzCore
0x000000000637b000 	/System/Library/Frameworks/Carbon.framework/Versions/A/Frameworks/SpeechRecognition.framework/Versions/A/SpeechRecognition
0x000000000637b000 	/usr/lib/libauto.dylib
0x000000000637b000 	/usr/lib/libicucore.A.dylib
0x000000000637b000 	/usr/lib/libxml2.2.dylib
0x000000000637b000 	/System/Library/PrivateFrameworks/CoreUI.framework/Versions/A/CoreUI
0x000000000637b000 	/System/Library/Frameworks/CoreAudio.framework/Versions/A/CoreAudio
0x000000000637b000 	/System/Library/Frameworks/DiskArbitration.framework/Versions/A/DiskArbitration
0x000000000637b000 	/usr/lib/liblangid.dylib
0x000000000637b000 	/System/Library/PrivateFrameworks/MultitouchSupport.framework/Versions/A/MultitouchSupport
0x000000000637b000 	/System/Library/Frameworks/IOKit.framework/Versions/A/IOKit
0x000000000637b000 	/usr/lib/libDiagnosticMessagesClient.dylib
0x000000000637b000 	/System/Library/Frameworks/CoreServices.framework/Versions/A/CoreServices
0x000000000637b000 	/System/Library/PrivateFrameworks/PerformanceAnalysis.framework/Versions/A/PerformanceAnalysis
0x000000000637b000 	/System/Library/PrivateFrameworks/GenerationalStorage.framework/Versions/A/GenerationalStorage
0x000000000637b000 	/System/Library/Frameworks/OpenGL.framework/Versions/A/OpenGL
0x000000000637b000 	/System/Library/PrivateFrameworks/Sharing.framework/Versions/A/Sharing
0x000000000637b000 	/System/Library/Frameworks/ImageIO.framework/Versions/A/ImageIO
0x000000000637b000 	/System/Library/Frameworks/CoreText.framework/Versions/A/CoreText
0x000000000637b000 	/System/Library/Frameworks/CoreGraphics.framework/Versions/A/CoreGraphics
0x000000000637b000 	/System/Library/PrivateFrameworks/Backup.framework/Versions/A/Backup
0x000000000637b000 	/System/Library/Frameworks/CFNetwork.framework/Versions/A/CFNetwork
0x000000000637b000 	/System/Library/Frameworks/SystemConfiguration.framework/Versions/A/SystemConfiguration
0x000000000637b000 	/usr/lib/libCRFSuite.dylib
0x000000000637b000 	/usr/lib/libc++.1.dylib
0x000000000637b000 	/usr/lib/libc++abi.dylib
0x000000000637b000 	/usr/lib/system/libcache.dylib
0x000000000637b000 	/usr/lib/system/libcommonCrypto.dylib
0x000000000637b000 	/usr/lib/system/libcompiler_rt.dylib
0x000000000637b000 	/usr/lib/system/libcopyfile.dylib
0x000000000637b000 	/usr/lib/system/libcorecrypto.dylib
0x000000000637b000 	/usr/lib/system/libdispatch.dylib
0x000000000637b000 	/usr/lib/system/libdyld.dylib
0x000000000637b000 	/usr/lib/system/libkeymgr.dylib
0x000000000637b000 	/usr/lib/system/liblaunch.dylib
0x000000000637b000 	/usr/lib/system/libmacho.dylib
0x000000000637b000 	/usr/lib/system/libquarantine.dylib
0x000000000637b000 	/usr/lib/system/libremovefile.dylib
0x000000000637b000 	/usr/lib/system/libsystem_asl.dylib
0x000000000637b000 	/usr/lib/system/libsystem_blocks.dylib
0x000000000637b000 	/usr/lib/system/libsystem_c.dylib
0x000000000637b000 	/usr/lib/system/libsystem_configuration.dylib
0x000000000637b000 	/usr/lib/system/libsystem_dnssd.dylib
0x000000000637b000 	/usr/lib/system/libsystem_info.dylib
0x000000000637b000 	/usr/lib/system/libsystem_kernel.dylib
0x000000000637b000 	/usr/lib/system/libsystem_m.dylib
0x000000000637b000 	/usr/lib/system/libsystem_malloc.dylib
0x000000000637b000 	/usr/lib/system/libsystem_network.dylib
0x000000000637b000 	/usr/lib/system/libsystem_notify.dylib
0x000000000637b000 	/usr/lib/system/libsystem_platform.dylib
0x000000000637b000 	/usr/lib/system/libsystem_pthread.dylib
0x000000000637b000 	/usr/lib/system/libsystem_sandbox.dylib
0x000000000637b000 	/usr/lib/system/libsystem_stats.dylib
0x000000000637b000 	/usr/lib/system/libunc.dylib
0x000000000637b000 	/usr/lib/system/libunwind.dylib
0x000000000637b000 	/usr/lib/system/libxpc.dylib
0x000000000637b000 	/usr/lib/libbsm.0.dylib
0x000000000637b000 	/usr/lib/libsqlite3.dylib
0x000000000637b000 	/usr/lib/libxar.1.dylib
0x000000000637b000 	/usr/lib/libpam.2.dylib
0x000000000637b000 	/usr/lib/libOpenScriptingUtil.dylib
0x000000000637b000 	/usr/lib/libbz2.1.0.dylib
0x000000000637b000 	/System/Library/Frameworks/CoreServices.framework/Versions/A/Frameworks/CarbonCore.framework/Versions/A/CarbonCore
0x000000000637b000 	/System/Library/Frameworks/CoreServices.framework/Versions/A/Frameworks/Metadata.framework/Versions/A/Metadata
0x000000000637b000 	/System/Library/Frameworks/CoreServices.framework/Versions/A/Frameworks/OSServices.framework/Versions/A/OSServices
0x000000000637b000 	/System/Library/Frameworks/CoreServices.framework/Versions/A/Frameworks/SearchKit.framework/Versions/A/SearchKit
0x000000000637b000 	/System/Library/Frameworks/CoreServices.framework/Versions/A/Frameworks/AE.framework/Versions/A/AE
0x000000000637b000 	/System/Library/Frameworks/CoreServices.framework/Versions/A/Frameworks/LaunchServices.framework/Versions/A/LaunchServices
0x000000000637b000 	/System/Library/Frameworks/CoreServices.framework/Versions/A/Frameworks/DictionaryServices.framework/Versions/A/DictionaryServices
0x000000000637b000 	/System/Library/Frameworks/NetFS.framework/Versions/A/NetFS
0x000000000637b000 	/usr/lib/system/libkxld.dylib
0x000000000637b000 	/System/Library/PrivateFrameworks/NetAuth.framework/Versions/A/NetAuth
0x000000000637b000 	/System/Library/PrivateFrameworks/TCC.framework/Versions/A/TCC
0x000000000637b000 	/System/Library/Frameworks/OpenDirectory.framework/Versions/A/Frameworks/CFOpenDirectory.framework/Versions/A/CFOpenDirectory
0x000000000637b000 	/System/Library/Frameworks/ServiceManagement.framework/Versions/A/ServiceManagement
0x000000000637b000 	/usr/lib/libxslt.1.dylib
0x000000000637b000 	/System/Library/Frameworks/Carbon.framework/Versions/A/Frameworks/Ink.framework/Versions/A/Ink
0x000000000637b000 	/System/Library/Frameworks/ApplicationServices.framework/Versions/A/Frameworks/ATS.framework/Versions/A/ATS
0x000000000637b000 	/System/Library/Frameworks/ApplicationServices.framework/Versions/A/Frameworks/ColorSync.framework/Versions/A/ColorSync
0x000000000637b000 	/System/Library/Frameworks/ApplicationServices.framework/Versions/A/Frameworks/HIServices.framework/Versions/A/HIServices
0x000000000637b000 	/System/Library/Frameworks/ApplicationServices.framework/Versions/A/Frameworks/LangAnalysis.framework/Versions/A/LangAnalysis
0x000000000637b000 	/System/Library/Frameworks/ApplicationServices.framework/Versions/A/Frameworks/PrintCore.framework/Versions/A/PrintCore
0x000000000637b000 	/System/Library/Frameworks/ApplicationServices.framework/Versions/A/Frameworks/QD.framework/Versions/A/QD
0x000000000637b000 	/System/Library/Frameworks/ApplicationServices.framework/Versions/A/Frameworks/SpeechSynthesis.framework/Versions/A/SpeechSynthesis
0x000000000637b000 	/System/Library/Frameworks/IOSurface.framework/Versions/A/IOSurface
0x000000000637b000 	/System/Library/Frameworks/Accelerate.framework/Versions/A/Accelerate
0x000000000637b000 	/System/Library/Frameworks/Accelerate.framework/Versions/A/Frameworks/vImage.framework/Versions/A/vImage
0x000000000637b000 	/System/Library/Frameworks/Accelerate.framework/Versions/A/Frameworks/vecLib.framework/Versions/A/vecLib
0x000000000637b000 	/System/Library/Frameworks/Accelerate.framework/Versions/A/Frameworks/vecLib.framework/Versions/A/libvDSP.dylib
0x000000000637b000 	/System/Library/Frameworks/Accelerate.framework/Versions/A/Frameworks/vecLib.framework/Versions/A/libvMisc.dylib
0x000000000637b000 	/System/Library/Frameworks/Accelerate.framework/Versions/A/Frameworks/vecLib.framework/Versions/A/libLAPACK.dylib
0x000000000637b000 	/System/Library/Frameworks/Accelerate.framework/Versions/A/Frameworks/vecLib.framework/Versions/A/libBLAS.dylib
0x000000000637b000 	/System/Library/Frameworks/ApplicationServices.framework/Versions/A/Frameworks/ATS.framework/Versions/A/Resources/libFontParser.dylib
0x000000000637b000 	/System/Library/Frameworks/ApplicationServices.framework/Versions/A/Frameworks/ATS.framework/Versions/A/Resources/libFontRegistry.dylib
0x000000000637b000 	/System/Library/Frameworks/ImageIO.framework/Versions/A/Resources/libJPEG.dylib
0x000000000637b000 	/System/Library/Frameworks/ImageIO.framework/Versions/A/Resources/libTIFF.dylib
0x000000000637b000 	/System/Library/Frameworks/ImageIO.framework/Versions/A/Resources/libPng.dylib
0x000000000637b000 	/System/Library/Frameworks/ImageIO.framework/Versions/A/Resources/libGIF.dylib
0x000000000637b000 	/System/Library/Frameworks/ImageIO.framework/Versions/A/Resources/libJP2.dylib
0x000000000637b000 	/System/Library/Frameworks/ImageIO.framework/Versions/A/Resources/libRadiance.dylib
0x000000000637b000 	/usr/lib/libcups.2.dylib
0x000000000637b000 	/System/Library/Frameworks/Kerberos.framework/Versions/A/Kerberos
0x000000000637b000 	/System/Library/Frameworks/GSS.framework/Versions/A/GSS
0x000000000637b000 	/usr/lib/libresolv.9.dylib
0x000000000637b000 	/usr/lib/libiconv.2.dylib
0x000000000637b000 	/System/Library/PrivateFrameworks/Heimdal.framework/Versions/A/Heimdal
0x000000000637b000 	/System/Library/PrivateFrameworks/TrustEvaluationAgent.framework/Versions/A/TrustEvaluationAgent
0x000000000637b000 	/usr/lib/libheimdal-asn1.dylib
0x000000000637b000 	/System/Library/Frameworks/OpenDirectory.framework/Versions/A/OpenDirectory
0x000000000637b000 	/System/Library/PrivateFrameworks/CommonAuth.framework/Versions/A/CommonAuth
0x000000000637b000 	/System/Library/Frameworks/SecurityFoundation.framework/Versions/A/SecurityFoundation
0x000000000637b000 	/System/Library/PrivateFrameworks/Bom.framework/Versions/A/Bom
0x000000000637b000 	/System/Library/Frameworks/CoreVideo.framework/Versions/A/CoreVideo
0x000000000637b000 	/System/Library/Frameworks/QuartzCore.framework/Versions/A/Frameworks/CoreImage.framework/Versions/A/CoreImage
0x000000000637b000 	/System/Library/Frameworks/QuartzCore.framework/Versions/A/Frameworks/ScalableUserInterface.framework/Versions/A/ScalableUserInterface
0x000000000637b000 	/System/Library/Frameworks/OpenGL.framework/Versions/A/Libraries/libGLU.dylib
0x000000000637b000 	/System/Library/Frameworks/OpenGL.framework/Versions/A/Libraries/libGFXShared.dylib
0x000000000637b000 	/System/Library/Frameworks/OpenGL.framework/Versions/A/Libraries/libGL.dylib
0x000000000637b000 	/System/Library/Frameworks/OpenGL.framework/Versions/A/Libraries/libGLImage.dylib
0x000000000637b000 	/System/Library/Frameworks/OpenGL.framework/Versions/A/Libraries/libCVMSPluginSupport.dylib
0x000000000637b000 	/System/Library/Frameworks/OpenGL.framework/Versions/A/Libraries/libCoreVMClient.dylib
0x000000000637b000 	/System/Library/PrivateFrameworks/FaceCore.framework/Versions/A/FaceCore
0x000000000637b000 	/System/Library/PrivateFrameworks/CrashReporterSupport.framework/Versions/A/CrashReporterSupport
0x000000000637b000 	/System/Library/Frameworks/OpenCL.framework/Versions/A/OpenCL
0x000000000637b000 	/System/Library/PrivateFrameworks/AppleFSCompression.framework/Versions/A/AppleFSCompression
0x000000000637b000 	/System/Library/PrivateFrameworks/Ubiquity.framework/Versions/A/Ubiquity
0x000000000637b000 	/System/Library/PrivateFrameworks/IconServices.framework/Versions/A/IconServices
0x000000000637b000 	/System/Library/PrivateFrameworks/ChunkingLibrary.framework/Versions/A/ChunkingLibrary
0x000000000637b000 	/System/Library/PrivateFrameworks/CoreSymbolication.framework/Versions/A/CoreSymbolication
0x000000000637b000 	/System/Library/PrivateFrameworks/Symbolication.framework/Versions/A/Symbolication
0x000000000637b000 	/System/Library/PrivateFrameworks/DebugSymbols.framework/Versions/A/DebugSymbols
0x0000000105000000 	/Library/Java/JavaVirtualMachines/jdk1.8.0_77.jdk/Contents/Home/jre/lib/server/libjvm.dylib
0x000000000637b000 	/usr/lib/libstdc++.6.dylib
0x000000010473d000 	/Library/Java/JavaVirtualMachines/jdk1.8.0_77.jdk/Contents/Home/jre/lib/libverify.dylib
0x000000010474b000 	/Library/Java/JavaVirtualMachines/jdk1.8.0_77.jdk/Contents/Home/jre/lib/libjava.dylib
0x000000010478a000 	/Library/Java/JavaVirtualMachines/jdk1.8.0_77.jdk/Contents/Home/jre/lib/libzip.dylib
0x0000000119a41000 	/System/Library/Frameworks/JavaVM.framework/Frameworks/JavaRuntimeSupport.framework/JavaRuntimeSupport
0x0000000119a59000 	/System/Library/Frameworks/JavaVM.framework/Versions/A/Frameworks/JavaNativeFoundation.framework/Versions/A/JavaNativeFoundation
0x00000001047f0000 	/System/Library/Frameworks/JavaVM.framework/Versions/A/JavaVM
0x000000000637b000 	/System/Library/Frameworks/Carbon.framework/Versions/A/Carbon
0x0000000119a6e000 	/System/Library/PrivateFrameworks/JavaLaunching.framework/Versions/A/JavaLaunching
0x000000000637b000 	/System/Library/Frameworks/Carbon.framework/Versions/A/Frameworks/CommonPanels.framework/Versions/A/CommonPanels
0x000000000637b000 	/System/Library/Frameworks/Carbon.framework/Versions/A/Frameworks/Help.framework/Versions/A/Help
0x000000000637b000 	/System/Library/Frameworks/Carbon.framework/Versions/A/Frameworks/ImageCapture.framework/Versions/A/ImageCapture
0x000000000637b000 	/System/Library/Frameworks/Carbon.framework/Versions/A/Frameworks/OpenScripting.framework/Versions/A/OpenScripting
0x000000000637b000 	/System/Library/Frameworks/Carbon.framework/Versions/A/Frameworks/Print.framework/Versions/A/Print
0x000000000637b000 	/System/Library/Frameworks/Carbon.framework/Versions/A/Frameworks/SecurityHI.framework/Versions/A/SecurityHI
0x000000011a1dc000 	/Library/Java/JavaVirtualMachines/jdk1.8.0_77.jdk/Contents/Home/jre/lib/libawt.dylib
0x000000011a284000 	/Library/Java/JavaVirtualMachines/jdk1.8.0_77.jdk/Contents/Home/jre/lib/./libmlib_image.dylib
0x000000011a350000 	/Library/Java/JavaVirtualMachines/jdk1.8.0_77.jdk/Contents/Home/jre/lib/libawt_lwawt.dylib
0x000000011a405000 	/Library/Java/JavaVirtualMachines/jdk1.8.0_77.jdk/Contents/Home/jre/lib/./libosxapp.dylib
0x000000000637b000 	/System/Library/Frameworks/ExceptionHandling.framework/Versions/A/ExceptionHandling
0x000000000637b000 	/System/Library/PrivateFrameworks/CoreServicesInternal.framework/Versions/A/CoreServicesInternal
0x000000000637b000 	/System/Library/PrivateFrameworks/Librarian.framework/Versions/A/Librarian
0x000000000637b000 	/System/Library/Frameworks/CoreGraphics.framework/Versions/A/Resources/libCGCMS.A.dylib
0x000000000637b000 	/System/Library/Frameworks/CoreGraphics.framework/Versions/A/Resources/libRIP.A.dylib
0x000000000637b000 	/System/Library/Frameworks/CoreGraphics.framework/Versions/A/Resources/libCGXType.A.dylib
0x000000000637b000 	/System/Library/PrivateFrameworks/FamilyControls.framework/Versions/A/FamilyControls
0x000000000637b000 	/System/Library/PrivateFrameworks/CommerceKit.framework/Versions/A/Frameworks/CommerceCore.framework/Versions/A/CommerceCore
0x000000000637b000 	/System/Library/PrivateFrameworks/SystemAdministration.framework/Versions/A/SystemAdministration
0x000000000637b000 	/System/Library/Frameworks/DirectoryService.framework/Versions/A/DirectoryService
0x000000000637b000 	/System/Library/PrivateFrameworks/DiskImages.framework/Versions/A/DiskImages
0x000000000637b000 	/System/Library/PrivateFrameworks/LoginUIKit.framework/Versions/A/Frameworks/LoginUICore.framework/Versions/A/LoginUICore
0x000000000637b000 	/usr/lib/libCoreStorage.dylib
0x000000000637b000 	/usr/lib/libcsfde.dylib
0x000000000637b000 	/usr/lib/libodfde.dylib
0x000000000637b000 	/System/Library/Frameworks/DiscRecording.framework/Versions/A/DiscRecording
0x000000000637b000 	/usr/lib/libcurl.4.dylib
0x000000000637b000 	/System/Library/PrivateFrameworks/MediaKit.framework/Versions/A/MediaKit
0x000000000637b000 	/System/Library/PrivateFrameworks/EFILogin.framework/Versions/A/EFILogin
0x000000000637b000 	/usr/lib/libutil.dylib
0x000000000637b000 	/System/Library/PrivateFrameworks/AOSNotification.framework/Versions/A/AOSNotification
0x000000000637b000 	/System/Library/Frameworks/LDAP.framework/Versions/A/LDAP
0x000000000637b000 	/usr/lib/libsasl2.2.dylib
0x000000000637b000 	/usr/lib/libcrypto.0.9.8.dylib
0x000000000637b000 	/usr/lib/libssl.0.9.8.dylib
0x000000000637b000 	/System/Library/Frameworks/OpenGL.framework/Versions/A/Resources/GLEngine.bundle/GLEngine
0x000000000637b000 	/System/Library/Frameworks/OpenGL.framework/Versions/A/Libraries/libGLProgrammability.dylib
0x000000011e69f000 	/System/Library/Extensions/AppleIntelHD5000GraphicsGLDriver.bundle/Contents/MacOS/AppleIntelHD5000GraphicsGLDriver
0x000000000637b000 	/System/Library/PrivateFrameworks/IOAccelerator.framework/Versions/A/IOAccelerator
0x000000000637b000 	/System/Library/PrivateFrameworks/GPUSupport.framework/Versions/A/Libraries/libGPUSupportMercury.dylib
0x000000000637b000 	/System/Library/Frameworks/OpenGL.framework/Versions/A/Resources/GLRendererFloat.bundle/GLRendererFloat
0x000000000637b000 	/System/Library/Frameworks/OpenCL.framework/Versions/A/Libraries/libcldcpuengine.dylib
0x000000011f9f9000 	/Library/Java/JavaVirtualMachines/jdk1.8.0_77.jdk/Contents/Home/jre/lib/libfontmanager.dylib
0x00000001211ef000 	/Library/Java/JavaVirtualMachines/jdk1.8.0_77.jdk/Contents/Home/jre/lib/libosxui.dylib
0x00000001212c5000 	/Library/Java/JavaVirtualMachines/jdk1.8.0_77.jdk/Contents/Home/jre/lib/libnet.dylib
0x00000001212dc000 	/Library/Java/JavaVirtualMachines/jdk1.8.0_77.jdk/Contents/Home/jre/lib/libnio.dylib
0x000000000637b000 	/System/Library/Frameworks/ApplicationServices.framework/Versions/A/Frameworks/ATS.framework/Versions/A/Resources/libTrueTypeScaler.dylib
0x0000000171c7f000 	/private/var/folders/vm/c6ql63410d962mlmgt4yhc5h0000gn/T/jogamp_0000/file_cache/jln8933517806181641261/jln2740387060384025888/libgluegen-rt.jnilib
0x0000000120a77000 	/private/var/folders/vm/c6ql63410d962mlmgt4yhc5h0000gn/T/jogamp_0000/file_cache/jln8933517806181641261/jln2740387060384025888/libnativewindow_awt.jnilib
0x000000012126f000 	/Library/Java/JavaVirtualMachines/jdk1.8.0_77.jdk/Contents/Home/jre/lib/libjawt.dylib
0x0000000171d2b000 	/private/var/folders/vm/c6ql63410d962mlmgt4yhc5h0000gn/T/jogamp_0000/file_cache/jln8933517806181641261/jln2740387060384025888/libnativewindow_macosx.jnilib
0x0000000173656000 	/private/var/folders/vm/c6ql63410d962mlmgt4yhc5h0000gn/T/jogamp_0000/file_cache/jln8933517806181641261/jln2740387060384025888/libjogl_desktop.jnilib
0x0000000175d35000 	/Library/Java/JavaVirtualMachines/jdk1.8.0_77.jdk/Contents/Home/jre/lib/libt2k.dylib

VM Arguments:
jvm_args: -Djava.security.policy=java.policy.applet -Dfile.encoding=UTF-8 
java_command: sun.applet.AppletViewer module5.EarthquakeCityMap1463077210842.html
java_class_path (initial): /Users/xingdu/Documents/workspace/UCSDUnfoldingMaps/build:/Users/xingdu/Documents/workspace/UCSDUnfoldingMaps/lib/core.jar:/Users/xingdu/Documents/workspace/UCSDUnfoldingMaps/lib/gluegen-rt.jar:/Users/xingdu/Documents/workspace/UCSDUnfoldingMaps/lib/jogl-all.jar:/Users/xingdu/Documents/workspace/UCSDUnfoldingMaps/lib/log4j-1.2.15.jar:/Users/xingdu/Documents/workspace/UCSDUnfoldingMaps/lib/sqlite-jdbc-3.7.2.jar:/Users/xingdu/Documents/workspace/UCSDUnfoldingMaps/lib/json4processing.jar:/Users/xingdu/Documents/workspace/UCSDUnfoldingMaps/lib/libTUIO.jar:/Users/xingdu/Documents/workspace/UCSDUnfoldingMaps/lib/unfolding.0.9.7-uscd.jar
Launcher Type: SUN_STANDARD

Environment Variables:
PATH=/usr/bin:/bin:/usr/sbin:/sbin
SHELL=/bin/bash

Signal Handlers:
SIGSEGV: [libjvm.dylib+0x5a6855], sa_mask[0]=11111111011111110111111111111111, sa_flags=SA_ONSTACK|SA_RESTART|SA_SIGINFO
SIGBUS: [libjvm.dylib+0x5a6855], sa_mask[0]=11111111011111110111111111111111, sa_flags=SA_RESTART|SA_SIGINFO
SIGFPE: [libjvm.dylib+0x4804ec], sa_mask[0]=11111111011111110111111111111111, sa_flags=SA_RESTART|SA_SIGINFO
SIGPIPE: [libjvm.dylib+0x4804ec], sa_mask[0]=11111111011111110111111111111111, sa_flags=SA_RESTART|SA_SIGINFO
SIGXFSZ: [libjvm.dylib+0x4804ec], sa_mask[0]=11111111011111110111111111111111, sa_flags=SA_RESTART|SA_SIGINFO
SIGILL: [libjvm.dylib+0x4804ec], sa_mask[0]=11111111011111110111111111111111, sa_flags=SA_RESTART|SA_SIGINFO
SIGUSR1: SIG_DFL, sa_mask[0]=00000000000000000000000000000000, sa_flags=SA_RESTART
SIGUSR2: [libjvm.dylib+0x48000a], sa_mask[0]=00100000000000000000000000000000, sa_flags=SA_RESTART|SA_SIGINFO
SIGHUP: [libjvm.dylib+0x47e5e1], sa_mask[0]=11111111011111110111111111111111, sa_flags=SA_RESTART|SA_SIGINFO
SIGINT: [libjvm.dylib+0x47e5e1], sa_mask[0]=11111111011111110111111111111111, sa_flags=SA_RESTART|SA_SIGINFO
SIGTERM: [libjvm.dylib+0x47e5e1], sa_mask[0]=11111111011111110111111111111111, sa_flags=SA_RESTART|SA_SIGINFO
SIGQUIT: [libjvm.dylib+0x47e5e1], sa_mask[0]=11111111011111110111111111111111, sa_flags=SA_RESTART|SA_SIGINFO


---------------  S Y S T E M  ---------------

OS:Bsduname:Darwin 13.4.0 Darwin Kernel Version 13.4.0: Wed Mar 18 16:20:14 PDT 2015; root:xnu-2422.115.14~1/RELEASE_X86_64 x86_64
rlimit: STACK 8192k, CORE 0k, NPROC 709, NOFILE 10240, AS infinity
load average:1.38 1.68 1.66

CPU:total 4 (2 cores per cpu, 2 threads per core) family 6 model 69 stepping 1, cmov, cx8, fxsr, mmx, sse, sse2, sse3, ssse3, sse4.1, sse4.2, popcnt, avx, avx2, aes, clmul, erms, lzcnt, ht, tsc, tscinvbit, bmi1, bmi2

Memory: 4k page, physical 4194304k(349644k free)

/proc/meminfo:


vm_info: Java HotSpot(TM) 64-Bit Server VM (25.77-b03) for bsd-amd64 JRE (1.8.0_77-b03), built on Mar 20 2016 22:14:03 by "java_re" with gcc 4.2.1 (Based on Apple Inc. build 5658) (LLVM build 2336.11.00)

time: Thu May 12 14:29:26 2016
elapsed time: 555 seconds (0d 0h 9m 15s)

