#
# A fatal error has been detected by the Java Runtime Environment:
#
#  SIGSEGV (0xb) at pc=0x00007fff89bb8097, pid=6372, tid=3335
#
# JRE version: Java(TM) SE Runtime Environment (8.0_77-b03) (build 1.8.0_77-b03)
# Java VM: Java HotSpot(TM) 64-Bit Server VM (25.77-b03 mixed mode bsd-amd64 compressed oops)
# Problematic frame:
# C  [libobjc.A.dylib+0x5097]  objc_msgSend+0x17
#
# Failed to write core dump. Core dumps have been disabled. To enable core dumping, try "ulimit -c unlimited" before starting Java again
#
# If you would like to submit a bug report, please visit:
#   http://bugreport.java.com/bugreport/crash.jsp
# The crash happened outside the Java Virtual Machine in native code.
# See problematic frame for where to report the bug.
#

---------------  T H R E A D  ---------------

Current thread (0x00007fb7420c1800):  JavaThread "AWT-AppKit" daemon [_thread_in_native, id=3335, stack(0x00007fff59ab9000,0x00007fff5a2b9000)]

siginfo: si_signo: 11 (SIGSEGV), si_code: 0 (unknown), si_addr: 0x0000000000000000

Registers:
RAX=0x00007fb745c90ac0, RBX=0x0000000173088450, RCX=0x0000000105bf1ac0, RDX=0x0000000105bf14c0
RSP=0x00007fff5a2b43b8, RBP=0x00007fff5a2b4470, RSI=0x00007fff9350c4c6, RDI=0x00007fb745c8d8e0
R8 =0x0000000000000000, R9 =0x00000000000006d0, R10=0x00007fff9350c4c6, R11=0x300007fb740d27eb
R12=0x0000000000000000, R13=0x0000000174b604b8, R14=0x0000000173088440, R15=0x00007fb7420c1800
RIP=0x00007fff89bb8097, EFLAGS=0x0000000000010246, ERR=0x0000000000000000
  TRAPNO=0x000000000000000d

Top of Stack: (sp=0x00007fff5a2b43b8)
0x00007fff5a2b43b8:   0000000173086157 00007fff5a2b4410
0x00007fff5a2b43c8:   0000000000000003 00007fff5a2b43f0
0x00007fff5a2b43d8:   00000001065f0b02 0000000174b604b8
0x00007fff5a2b43e8:   0000000174b604b8 00007fb745c90ac0
0x00007fff5a2b43f8:   00000001730886a0 0000000173088710
0x00007fff5a2b4408:   00007fff77a31fb0 00007fff7646c420
0x00007fff5a2b4418:   0000000173088450 0000000173088690
0x00007fff5a2b4428:   00007fb745c90ac0 00007fb745c8d8e0
0x00007fff5a2b4438:   00007fb740e34e00 00007fb745c90ac0
0x00007fff5a2b4448:   00007fb745c8d8e0 00007fff5a2b44f8
0x00007fff5a2b4458:   00007fb7420c19f8 0000000174b604b8
0x00007fff5a2b4468:   00007fff5a2b4520 00007fff5a2b44e8
0x00007fff5a2b4478:   00000001073a4954 0000000174b604b8
0x00007fff5a2b4488:   00007fff5a2b4520 00007fff5a2b44e8
0x00007fff5a2b4498:   00000001073a46e7 00000001073a46a2
0x00007fff5a2b44a8:   00007fff5a2b44a8 0000000174b604b8
0x00007fff5a2b44b8:   00007fff5a2b4520 0000000174b630f0
0x00007fff5a2b44c8:   0000000000000000 0000000174b604b8
0x00007fff5a2b44d8:   0000000000000000 00007fff5a2b4508
0x00007fff5a2b44e8:   00007fff5a2b4568 0000000107396c4d
0x00007fff5a2b44f8:   0000000780502308 000000010739e578
0x00007fff5a2b4508:   00007fb745c90ac0 00007fff5a2b4568
0x00007fff5a2b4518:   00007fb745c8d8e0 000000010739fd82
0x00007fff5a2b4528:   00007fff5a2b4528 0000000174b60682
0x00007fff5a2b4538:   00007fff5a2b4590 0000000174b630f0
0x00007fff5a2b4548:   0000000000000000 0000000174b60690
0x00007fff5a2b4558:   00007fff5a2b4508 00007fff5a2b4578
0x00007fff5a2b4568:   00007fff5a2b45d8 0000000107396c4d
0x00007fff5a2b4578:   00007fb745c90ac0 0000000780967a78
0x00007fff5a2b4588:   00007fb745c8d8e0 0000000780967a78
0x00007fff5a2b4598:   00007fff5a2b4598 00000001790300d6
0x00007fff5a2b45a8:   00007fff5a2b45e8 0000000179030190 

Instructions: (pc=0x00007fff89bb8097)
0x00007fff89bb8077:   90 90 90 90 90 90 90 90 90 48 85 ff 2e 74 72 40
0x00007fff89bb8087:   f6 c7 01 2e 0f 85 7e 00 00 00 4c 8b 1f 49 89 f2
0x00007fff89bb8097:   45 23 53 18 49 c1 e2 04 4d 03 53 10 49 3b 32 75
0x00007fff89bb80a7:   04 41 ff 62 08 49 83 3a 00 74 74 4d 3b 53 10 74 

Register to memory mapping:

RAX=0x00007fb745c90ac0 is an unknown value
RBX=0x0000000173088450: Java_jogamp_nativewindow_macosx_OSXUtil_GetScreenRefreshRate0+0x1cf0 in /private/var/folders/vm/c6ql63410d962mlmgt4yhc5h0000gn/T/jogamp_0000/file_cache/jln2263216145188436224/jln6191773846460161452/libnativewindow_macosx.jnilib at 0x0000000173081000
RCX=0x0000000105bf1ac0 is an unknown value
RDX=0x0000000105bf14c0 is an unknown value
RSP=0x00007fff5a2b43b8 is pointing into the stack for thread: 0x00007fb7420c1800
RBP=0x00007fff5a2b4470 is pointing into the stack for thread: 0x00007fb7420c1800
RSI=0x00007fff9350c4c6: NSAppKitVersionNumber+0x12eb6 in /System/Library/Frameworks/AppKit.framework/Versions/C/AppKit at 0x00007fff92aa9000
RDI=0x00007fb745c8d8e0 is an unknown value
R8 =0x0000000000000000 is an unknown value
R9 =0x00000000000006d0 is an unknown value
R10=0x00007fff9350c4c6: NSAppKitVersionNumber+0x12eb6 in /System/Library/Frameworks/AppKit.framework/Versions/C/AppKit at 0x00007fff92aa9000
R11=0x300007fb740d27eb is an unknown value
R12=0x0000000000000000 is an unknown value
R13={method} {0x0000000174b604b8} 'UnsetJAWTRootSurfaceLayer0' '(JJ)V' in 'jogamp/nativewindow/jawt/macosx/MacOSXJAWTWindow'
R14=0x0000000173088440: Java_jogamp_nativewindow_macosx_OSXUtil_GetScreenRefreshRate0+0x1ce0 in /private/var/folders/vm/c6ql63410d962mlmgt4yhc5h0000gn/T/jogamp_0000/file_cache/jln2263216145188436224/jln6191773846460161452/libnativewindow_macosx.jnilib at 0x0000000173081000
R15=0x00007fb7420c1800 is a thread


Stack: [0x00007fff59ab9000,0x00007fff5a2b9000],  sp=0x00007fff5a2b43b8,  free space=8172k
Native frames: (J=compiled Java code, j=interpreted, Vv=VM code, C=native code)
C  [libobjc.A.dylib+0x5097]  objc_msgSend+0x17
j  jogamp.nativewindow.jawt.macosx.MacOSXJAWTWindow.UnsetJAWTRootSurfaceLayer0(JJ)V+0
j  jogamp.nativewindow.jawt.macosx.MacOSXJAWTWindow.access$200(JJ)V+2
j  jogamp.nativewindow.jawt.macosx.MacOSXJAWTWindow$1.run()V+38
j  com.jogamp.common.util.RunnableTask.run()V+24
v  ~StubRoutines::call_stub
V  [libjvm.dylib+0x2ea39e]
V  [libjvm.dylib+0x3214a7]
V  [libjvm.dylib+0x313c7b]
C  [libnativewindow_macosx.jnilib+0x5326]  Java_jogamp_nativewindow_jawt_macosx_MacOSXJAWTWindow_UnsetJAWTRootSurfaceLayer0+0x2b6
C  [Foundation+0x6375e]  __NSThreadPerformPerform+0xe5
C  [CoreFoundation+0x7f5b1]  __CFRUNLOOP_IS_CALLING_OUT_TO_A_SOURCE0_PERFORM_FUNCTION__+0x11
C  [CoreFoundation+0x70c62]  __CFRunLoopDoSources0+0xf2
C  [CoreFoundation+0x703ef]  __CFRunLoopRun+0x33f
C  [CoreFoundation+0x6fe75]  CFRunLoopRunSpecific+0x135
C  [HIToolbox+0x2ea0d]  RunCurrentEventLoopInMode+0xe2
C  [HIToolbox+0x2e685]  ReceiveNextEventCommon+0xad
C  [HIToolbox+0x2e5bc]  _BlockUntilNextEventMatchingListInModeWithFilter+0x41
C  [AppKit+0x2424e]  _DPSNextEvent+0x59a
C  [AppKit+0x2389b]  -[NSApplication nextEventMatchingMask:untilDate:inMode:dequeue:]+0x7a
C  [libosxapp.dylib+0x23aa]  -[NSApplicationAWT nextEventMatchingMask:untilDate:inMode:dequeue:]+0x7c
C  [AppKit+0x1799c]  -[NSApplication run]+0x229
C  [libosxapp.dylib+0x214d]  +[NSApplicationAWT runAWTLoopWithApp:]+0x9c
C  [libawt_lwawt.dylib+0x4455b]  -[AWTStarter starter:]+0x389
C  [Foundation+0x6375e]  __NSThreadPerformPerform+0xe5
C  [CoreFoundation+0x7f5b1]  __CFRUNLOOP_IS_CALLING_OUT_TO_A_SOURCE0_PERFORM_FUNCTION__+0x11
C  [CoreFoundation+0x70c62]  __CFRunLoopDoSources0+0xf2
C  [CoreFoundation+0x703ef]  __CFRunLoopRun+0x33f
C  [CoreFoundation+0x6fe75]  CFRunLoopRunSpecific+0x135
C  [java+0x6463]  CreateExecutionEnvironment+0x367
C  [java+0x21ac]  JLI_Launch+0x7a0
C  [java+0x84c0]  main+0x65
C  [java+0x1a04]  start+0x34
C  0x0000000000000007

Java frames: (J=compiled Java code, j=interpreted, Vv=VM code)
j  jogamp.nativewindow.jawt.macosx.MacOSXJAWTWindow.UnsetJAWTRootSurfaceLayer0(JJ)V+0
j  jogamp.nativewindow.jawt.macosx.MacOSXJAWTWindow.access$200(JJ)V+2
j  jogamp.nativewindow.jawt.macosx.MacOSXJAWTWindow$1.run()V+38
j  com.jogamp.common.util.RunnableTask.run()V+24
v  ~StubRoutines::call_stub

---------------  P R O C E S S  ---------------

Java Threads: ( => current thread )
  0x00007fb746242800 JavaThread "Thread-19" [_thread_blocked, id=62067, stack(0x000000017bfd8000,0x000000017c0d8000)]
  0x00007fb7421de800 JavaThread "AWT-EventQueue-1" [_thread_in_native, id=55563, stack(0x000000017364e000,0x000000017374e000)]
  0x00007fb741b65800 JavaThread "DestroyJavaVM" [_thread_blocked, id=6403, stack(0x0000000105a5d000,0x0000000105b5d000)]
  0x00007fb7419fb000 JavaThread "AWT-EventQueue-0" [_thread_blocked, id=53767, stack(0x00000001220e5000,0x00000001221e5000)]
  0x00007fb7419e0000 JavaThread "Java2D Disposer" daemon [_thread_blocked, id=48947, stack(0x0000000120d19000,0x0000000120e19000)]
  0x00007fb7428af000 JavaThread "Java2D Queue Flusher" daemon [_thread_blocked, id=47623, stack(0x000000011f9bc000,0x000000011fabc000)]
  0x00007fb7420e4000 JavaThread "AWT-Shutdown" [_thread_blocked, id=28683, stack(0x000000011d00b000,0x000000011d10b000)]
=>0x00007fb7420c1800 JavaThread "AWT-AppKit" daemon [_thread_in_native, id=3335, stack(0x00007fff59ab9000,0x00007fff5a2b9000)]
  0x00007fb74281c800 JavaThread "Service Thread" daemon [_thread_blocked, id=19715, stack(0x000000011b3ae000,0x000000011b4ae000)]
  0x00007fb74282d000 JavaThread "C1 CompilerThread2" daemon [_thread_blocked, id=19203, stack(0x000000011b2ab000,0x000000011b3ab000)]
  0x00007fb74282c000 JavaThread "C2 CompilerThread1" daemon [_thread_blocked, id=18691, stack(0x000000011b1a8000,0x000000011b2a8000)]
  0x00007fb74281b000 JavaThread "C2 CompilerThread0" daemon [_thread_blocked, id=18179, stack(0x000000011b0a5000,0x000000011b1a5000)]
  0x00007fb742816000 JavaThread "Signal Dispatcher" daemon [_thread_blocked, id=17667, stack(0x000000011afa2000,0x000000011b0a2000)]
  0x00007fb742813000 JavaThread "Finalizer" daemon [_thread_blocked, id=12547, stack(0x000000011ad5f000,0x000000011ae5f000)]
  0x00007fb741801000 JavaThread "Reference Handler" daemon [_thread_blocked, id=12035, stack(0x000000011ac5c000,0x000000011ad5c000)]

Other Threads:
  0x00007fb742810800 VMThread [stack: 0x000000011ab59000,0x000000011ac59000] [id=11523]
  0x00007fb741007000 WatcherThread [stack: 0x000000011b4b1000,0x000000011b5b1000] [id=20227]

VM state:not at safepoint (normal execution)

VM Mutex/Monitor currently owned by a thread: None

Heap:
 PSYoungGen      total 19456K, used 957K [0x00000007aab00000, 0x00000007abf00000, 0x00000007c0000000)
  eden space 18944K, 5% used [0x00000007aab00000,0x00000007aabef6b0,0x00000007abd80000)
  from space 512K, 0% used [0x00000007abe80000,0x00000007abe80000,0x00000007abf00000)
  to   space 512K, 0% used [0x00000007abe00000,0x00000007abe00000,0x00000007abe80000)
 ParOldGen       total 33792K, used 14183K [0x0000000780000000, 0x0000000782100000, 0x00000007aab00000)
  object space 33792K, 41% used [0x0000000780000000,0x0000000780dd9f30,0x0000000782100000)
 Metaspace       used 20916K, capacity 21123K, committed 21552K, reserved 1069056K
  class space    used 2042K, capacity 2104K, committed 2176K, reserved 1048576K

Card table byte_map: [0x000000011674f000,0x0000000116950000] byte_map_base: 0x0000000112b4f000

Marking Bits: (ParMarkBitMap*) 0x0000000106ce3ea0
 Begin Bits: [0x0000000116eb2000, 0x0000000117eb2000)
 End Bits:   [0x0000000117eb2000, 0x0000000118eb2000)

Polling page: 0x0000000105ba2000

CodeCache: size=245760Kb used=8790Kb max_used=8881Kb free=236969Kb
 bounds [0x000000010738f000, 0x0000000107c5f000, 0x000000011638f000]
 total_blobs=3329 nmethods=2437 adapters=805
 compilation: enabled

Compilation events (10 events):
Event: 3273.507 Thread 0x00007fb74282c000 2771       4       sun.java2d.SurfaceData::pixelFor (13 bytes)
Event: 3273.509 Thread 0x00007fb74282c000 nmethod 2771 0x00000001075dae50 code [0x00000001075dafa0, 0x00000001075db078]
Event: 3273.611 Thread 0x00007fb74281b000 2772  s    4       sun.misc.URLClassPath::getNextLoader (88 bytes)
Event: 3273.616 Thread 0x00007fb74282d000 2773   !   3       sun.misc.URLClassPath$JarLoader::getResource (349 bytes)
Event: 3273.621 Thread 0x00007fb74281b000 nmethod 2772 0x0000000107935b10 code [0x0000000107935c80, 0x00000001079363f8]
Event: 3273.622 Thread 0x00007fb74282d000 nmethod 2773 0x0000000107c4ed50 code [0x0000000107c4f1c0, 0x0000000107c51718]
Event: 3273.622 Thread 0x00007fb74282d000 2774       3       sun.misc.JarIndex::get (49 bytes)
Event: 3273.623 Thread 0x00007fb74282d000 nmethod 2774 0x0000000107668710 code [0x00000001076688e0, 0x0000000107669158]
Event: 3273.636 Thread 0x00007fb74282d000 2775       3       java.util.LinkedHashMap::afterNodeRemoval (65 bytes)
Event: 3273.637 Thread 0x00007fb74282d000 nmethod 2775 0x000000010789bcd0 code [0x000000010789be40, 0x000000010789c1f0]

GC Heap History (10 events):
Event: 3261.322 GC heap before
{Heap before GC invocations=597 (full 0):
 PSYoungGen      total 19456K, used 19040K [0x00000007aab00000, 0x00000007abf00000, 0x00000007c0000000)
  eden space 18944K, 100% used [0x00000007aab00000,0x00000007abd80000,0x00000007abd80000)
  from space 512K, 18% used [0x00000007abe80000,0x00000007abe98000,0x00000007abf00000)
  to   space 512K, 0% used [0x00000007abe00000,0x00000007abe00000,0x00000007abe80000)
 ParOldGen       total 44032K, used 20153K [0x0000000780000000, 0x0000000782b00000, 0x00000007aab00000)
  object space 44032K, 45% used [0x0000000780000000,0x00000007813ae798,0x0000000782b00000)
 Metaspace       used 20906K, capacity 21083K, committed 21296K, reserved 1069056K
  class space    used 2040K, capacity 2112K, committed 2176K, reserved 1048576K
Event: 3261.324 GC heap after
Heap after GC invocations=597 (full 0):
 PSYoungGen      total 19456K, used 32K [0x00000007aab00000, 0x00000007abf00000, 0x00000007c0000000)
  eden space 18944K, 0% used [0x00000007aab00000,0x00000007aab00000,0x00000007abd80000)
  from space 512K, 6% used [0x00000007abe00000,0x00000007abe08000,0x00000007abe80000)
  to   space 512K, 0% used [0x00000007abe80000,0x00000007abe80000,0x00000007abf00000)
 ParOldGen       total 44032K, used 20153K [0x0000000780000000, 0x0000000782b00000, 0x00000007aab00000)
  object space 44032K, 45% used [0x0000000780000000,0x00000007813ae798,0x0000000782b00000)
 Metaspace       used 20906K, capacity 21083K, committed 21296K, reserved 1069056K
  class space    used 2040K, capacity 2112K, committed 2176K, reserved 1048576K
}
Event: 3266.688 GC heap before
{Heap before GC invocations=598 (full 0):
 PSYoungGen      total 19456K, used 18976K [0x00000007aab00000, 0x00000007abf00000, 0x00000007c0000000)
  eden space 18944K, 100% used [0x00000007aab00000,0x00000007abd80000,0x00000007abd80000)
  from space 512K, 6% used [0x00000007abe00000,0x00000007abe08000,0x00000007abe80000)
  to   space 512K, 0% used [0x00000007abe80000,0x00000007abe80000,0x00000007abf00000)
 ParOldGen       total 44032K, used 20153K [0x0000000780000000, 0x0000000782b00000, 0x00000007aab00000)
  object space 44032K, 45% used [0x0000000780000000,0x00000007813ae798,0x0000000782b00000)
 Metaspace       used 20906K, capacity 21083K, committed 21296K, reserved 1069056K
  class space    used 2040K, capacity 2112K, committed 2176K, reserved 1048576K
Event: 3266.690 GC heap after
Heap after GC invocations=598 (full 0):
 PSYoungGen      total 19456K, used 96K [0x00000007aab00000, 0x00000007abf00000, 0x00000007c0000000)
  eden space 18944K, 0% used [0x00000007aab00000,0x00000007aab00000,0x00000007abd80000)
  from space 512K, 18% used [0x00000007abe80000,0x00000007abe98000,0x00000007abf00000)
  to   space 512K, 0% used [0x00000007abe00000,0x00000007abe00000,0x00000007abe80000)
 ParOldGen       total 44032K, used 20153K [0x0000000780000000, 0x0000000782b00000, 0x00000007aab00000)
  object space 44032K, 45% used [0x0000000780000000,0x00000007813ae798,0x0000000782b00000)
 Metaspace       used 20906K, capacity 21083K, committed 21296K, reserved 1069056K
  class space    used 2040K, capacity 2112K, committed 2176K, reserved 1048576K
}
Event: 3272.086 GC heap before
{Heap before GC invocations=599 (full 0):
 PSYoungGen      total 19456K, used 19040K [0x00000007aab00000, 0x00000007abf00000, 0x00000007c0000000)
  eden space 18944K, 100% used [0x00000007aab00000,0x00000007abd80000,0x00000007abd80000)
  from space 512K, 18% used [0x00000007abe80000,0x00000007abe98000,0x00000007abf00000)
  to   space 512K, 0% used [0x00000007abe00000,0x00000007abe00000,0x00000007abe80000)
 ParOldGen       total 44032K, used 20153K [0x0000000780000000, 0x0000000782b00000, 0x00000007aab00000)
  object space 44032K, 45% used [0x0000000780000000,0x00000007813ae798,0x0000000782b00000)
 Metaspace       used 20906K, capacity 21083K, committed 21296K, reserved 1069056K
  class space    used 2040K, capacity 2112K, committed 2176K, reserved 1048576K
Event: 3272.087 GC heap after
Heap after GC invocations=599 (full 0):
 PSYoungGen      total 19456K, used 96K [0x00000007aab00000, 0x00000007abf00000, 0x00000007c0000000)
  eden space 18944K, 0% used [0x00000007aab00000,0x00000007aab00000,0x00000007abd80000)
  from space 512K, 18% used [0x00000007abe00000,0x00000007abe18000,0x00000007abe80000)
  to   space 512K, 0% used [0x00000007abe80000,0x00000007abe80000,0x00000007abf00000)
 ParOldGen       total 44032K, used 20153K [0x0000000780000000, 0x0000000782b00000, 0x00000007aab00000)
  object space 44032K, 45% used [0x0000000780000000,0x00000007813ae798,0x0000000782b00000)
 Metaspace       used 20906K, capacity 21083K, committed 21296K, reserved 1069056K
  class space    used 2040K, capacity 2112K, committed 2176K, reserved 1048576K
}
Event: 3273.642 GC heap before
{Heap before GC invocations=600 (full 0):
 PSYoungGen      total 19456K, used 5803K [0x00000007aab00000, 0x00000007abf00000, 0x00000007c0000000)
  eden space 18944K, 30% used [0x00000007aab00000,0x00000007ab092f88,0x00000007abd80000)
  from space 512K, 18% used [0x00000007abe00000,0x00000007abe18000,0x00000007abe80000)
  to   space 512K, 0% used [0x00000007abe80000,0x00000007abe80000,0x00000007abf00000)
 ParOldGen       total 44032K, used 20153K [0x0000000780000000, 0x0000000782b00000, 0x00000007aab00000)
  object space 44032K, 45% used [0x0000000780000000,0x00000007813ae798,0x0000000782b00000)
 Metaspace       used 20927K, capacity 21083K, committed 21296K, reserved 1069056K
  class space    used 2044K, capacity 2112K, committed 2176K, reserved 1048576K
Event: 3273.645 GC heap after
Heap after GC invocations=600 (full 0):
 PSYoungGen      total 19456K, used 160K [0x00000007aab00000, 0x00000007abf00000, 0x00000007c0000000)
  eden space 18944K, 0% used [0x00000007aab00000,0x00000007aab00000,0x00000007abd80000)
  from space 512K, 31% used [0x00000007abe80000,0x00000007abea8000,0x00000007abf00000)
  to   space 512K, 0% used [0x00000007abe00000,0x00000007abe00000,0x00000007abe80000)
 ParOldGen       total 44032K, used 20153K [0x0000000780000000, 0x0000000782b00000, 0x00000007aab00000)
  object space 44032K, 45% used [0x0000000780000000,0x00000007813ae798,0x0000000782b00000)
 Metaspace       used 20927K, capacity 21083K, committed 21296K, reserved 1069056K
  class space    used 2044K, capacity 2112K, committed 2176K, reserved 1048576K
}
Event: 3273.645 GC heap before
{Heap before GC invocations=601 (full 1):
 PSYoungGen      total 19456K, used 160K [0x00000007aab00000, 0x00000007abf00000, 0x00000007c0000000)
  eden space 18944K, 0% used [0x00000007aab00000,0x00000007aab00000,0x00000007abd80000)
  from space 512K, 31% used [0x00000007abe80000,0x00000007abea8000,0x00000007abf00000)
  to   space 512K, 0% used [0x00000007abe00000,0x00000007abe00000,0x00000007abe80000)
 ParOldGen       total 44032K, used 20153K [0x0000000780000000, 0x0000000782b00000, 0x00000007aab00000)
  object space 44032K, 45% used [0x0000000780000000,0x00000007813ae798,0x0000000782b00000)
 Metaspace       used 20927K, capacity 21083K, committed 21296K, reserved 1069056K
  class space    used 2044K, capacity 2112K, committed 2176K, reserved 1048576K
Event: 3273.778 GC heap after
Heap after GC invocations=601 (full 1):
 PSYoungGen      total 19456K, used 0K [0x00000007aab00000, 0x00000007abf00000, 0x00000007c0000000)
  eden space 18944K, 0% used [0x00000007aab00000,0x00000007aab00000,0x00000007abd80000)
  from space 512K, 0% used [0x00000007abe80000,0x00000007abe80000,0x00000007abf00000)
  to   space 512K, 0% used [0x00000007abe00000,0x00000007abe00000,0x00000007abe80000)
 ParOldGen       total 33792K, used 14183K [0x0000000780000000, 0x0000000782100000, 0x00000007aab00000)
  object space 33792K, 41% used [0x0000000780000000,0x0000000780dd9f30,0x0000000782100000)
 Metaspace       used 20912K, capacity 21059K, committed 21296K, reserved 1069056K
  class space    used 2039K, capacity 2104K, committed 2176K, reserved 1048576K
}

Deoptimization events (10 events):
Event: 3273.595 Thread 0x00007fb7419fb000 Uncommon trap: reason=unstable_if action=reinterpret pc=0x0000000107ba6928 method=sun.java2d.pipe.Region.intersectsQuickCheck(Lsun/java2d/pipe/Region;)Z @ 41
Event: 3273.596 Thread 0x00007fb7419fb000 Uncommon trap: reason=unstable_if action=reinterpret pc=0x00000001079e2f94 method=java.awt.font.FontRenderContext.equals(Ljava/awt/font/FontRenderContext;)Z @ 2
Event: 3273.601 Thread 0x00007fb7419f3800 Uncommon trap: reason=unstable_if action=reinterpret pc=0x000000010780c968 method=java.util.HashMap.putVal(ILjava/lang/Object;Ljava/lang/Object;ZZ)Ljava/lang/Object; @ 81
Event: 3273.601 Thread 0x00007fb7419f3800 Uncommon trap: reason=unstable_if action=reinterpret pc=0x00000001078007fc method=java.util.HashMap.putVal(ILjava/lang/Object;Ljava/lang/Object;ZZ)Ljava/lang/Object; @ 81
Event: 3273.603 Thread 0x00007fb7421de800 Uncommon trap: reason=class_check action=maybe_recompile pc=0x0000000107bd5d50 method=java.awt.event.InvocationEvent.dispatch()V @ 11
Event: 3273.615 Thread 0x00007fb7420c1800 Uncommon trap: reason=class_check action=maybe_recompile pc=0x0000000107586000 method=com.jogamp.common.util.RunnableTask.run()V @ 24
Event: 3273.618 Thread 0x00007fb7420c1800 Uncommon trap: reason=unstable_if action=reinterpret pc=0x0000000107a5bd3c method=jogamp.nativewindow.macosx.OSXUtil.RunOnMainThread(ZZLjava/lang/Runnable;)V @ 3
Event: 3273.633 Thread 0x00007fb7421de800 Uncommon trap: reason=unstable_if action=reinterpret pc=0x0000000107bbf0b0 method=jogamp.opengl.GLContextImpl.release(Z)V @ 161
Event: 3273.639 Thread 0x00007fb7421de800 Uncommon trap: reason=unstable_if action=reinterpret pc=0x0000000107b12e38 method=java.security.AccessControlContext.optimize()Ljava/security/AccessControlContext; @ 233
Event: 3273.778 Thread 0x00007fb7420c1800 Uncommon trap: reason=class_check action=maybe_recompile pc=0x0000000107586000 method=com.jogamp.common.util.RunnableTask.run()V @ 24

Internal exceptions (10 events):
Event: 0.405 Thread 0x00007fb742803800 Exception <a 'java/lang/NoSuchFieldError': method resolution failed> (0x00000007aad02480) thrown at [/Users/java_re/workspace/8-2-build-macosx-x86_64/jdk8u77/6540/hotspot/src/share/vm/prims/methodHandles.cpp, line 1146]
Event: 0.407 Thread 0x00007fb742803800 Exception <a 'java/lang/NoSuchFieldError': method resolution failed> (0x00000007aad0fc50) thrown at [/Users/java_re/workspace/8-2-build-macosx-x86_64/jdk8u77/6540/hotspot/src/share/vm/prims/methodHandles.cpp, line 1146]
Event: 0.610 Thread 0x00007fb742803800 Exception <a 'java/io/FileNotFoundException'> (0x00000007aad8b810) thrown at [/Users/java_re/workspace/8-2-build-macosx-x86_64/jdk8u77/6540/hotspot/src/share/vm/prims/jni.cpp, line 709]
Event: 0.610 Thread 0x00007fb742803800 Exception <a 'java/io/FileNotFoundException'> (0x00000007aad8c358) thrown at [/Users/java_re/workspace/8-2-build-macosx-x86_64/jdk8u77/6540/hotspot/src/share/vm/prims/jni.cpp, line 709]
Event: 0.843 Thread 0x00007fb742803800 Exception <a 'java/io/FileNotFoundException'> (0x00000007aae76e78) thrown at [/Users/java_re/workspace/8-2-build-macosx-x86_64/jdk8u77/6540/hotspot/src/share/vm/prims/jni.cpp, line 709]
Event: 5.088 Thread 0x00007fb742813000 Exception <a 'java/lang/NullPointerException'> (0x00000007aab8c328) thrown at [/Users/java_re/workspace/8-2-build-macosx-x86_64/jdk8u77/6540/hotspot/src/share/vm/interpreter/linkResolver.cpp, line 1178]
Event: 5.246 Thread 0x00007fb7429e4800 Exception <a 'java/lang/UnsatisfiedLinkError': com.jogamp.common.util.JarUtil.fixNativeLibAttribs(Ljava/lang/String;)Z> (0x00000007aafbc440) thrown at [/Users/java_re/workspace/8-2-build-macosx-x86_64/jdk8u77/6540/hotspot/src/share/vm/prims/nativeLookup.c
Event: 6.280 Thread 0x00007fb7421de800 Exception <a 'java/io/FileNotFoundException'> (0x00000007ab30d2f8) thrown at [/Users/java_re/workspace/8-2-build-macosx-x86_64/jdk8u77/6540/hotspot/src/share/vm/prims/jni.cpp, line 709]
Event: 6.281 Thread 0x00007fb7421de800 Exception <a 'java/io/FileNotFoundException'> (0x00000007ab314970) thrown at [/Users/java_re/workspace/8-2-build-macosx-x86_64/jdk8u77/6540/hotspot/src/share/vm/prims/jni.cpp, line 709]
Event: 6.281 Thread 0x00007fb7421de800 Implicit null exception at 0x000000010753dd75 to 0x000000010753e101

Events (10 events):
Event: 3273.641 loading class java/awt/LightweightDispatcher$2 done
Event: 3273.641 loading class java/awt/event/AWTEventListenerProxy
Event: 3273.642 Executing VM operation: CollectForMetadataAllocation
Event: 3273.778 Executing VM operation: CollectForMetadataAllocation done
Event: 3273.778 Thread 0x00007fb7420c1800 Uncommon trap: trap_request=0xffffffde fr.pc=0x0000000107586000
Event: 3273.778 Thread 0x00007fb7420c1800 DEOPT PACKING pc=0x0000000107586000 sp=0x00007fff5a2b4630
Event: 3273.778 Thread 0x00007fb7420c1800 DEOPT UNPACKING pc=0x0000000107394229 sp=0x00007fff5a2b45d8 mode 2
Event: 3273.778 loading class java/awt/event/AWTEventListenerProxy done
Event: 3273.778 loading class java/awt/Toolkit$ToolkitEventMulticaster
Event: 3273.779 loading class java/awt/Toolkit$ToolkitEventMulticaster done


Dynamic libraries:
0x000000000637b000 	/System/Library/Frameworks/Cocoa.framework/Versions/A/Cocoa
0x000000000637b000 	/System/Library/Frameworks/Security.framework/Versions/A/Security
0x000000000637b000 	/System/Library/Frameworks/ApplicationServices.framework/Versions/A/ApplicationServices
0x000000000637b000 	/usr/lib/libz.1.dylib
0x000000000637b000 	/usr/lib/libSystem.B.dylib
0x000000000637b000 	/usr/lib/libobjc.A.dylib
0x000000000637b000 	/System/Library/Frameworks/CoreFoundation.framework/Versions/A/CoreFoundation
0x000000000637b000 	/System/Library/Frameworks/Foundation.framework/Versions/C/Foundation
0x000000000637b000 	/System/Library/Frameworks/AppKit.framework/Versions/C/AppKit
0x000000000637b000 	/System/Library/Frameworks/CoreData.framework/Versions/A/CoreData
0x000000000637b000 	/System/Library/PrivateFrameworks/RemoteViewServices.framework/Versions/A/RemoteViewServices
0x000000000637b000 	/System/Library/Frameworks/AudioToolbox.framework/Versions/A/AudioToolbox
0x000000000637b000 	/System/Library/Frameworks/AudioUnit.framework/Versions/A/AudioUnit
0x000000000637b000 	/System/Library/PrivateFrameworks/DataDetectorsCore.framework/Versions/A/DataDetectorsCore
0x000000000637b000 	/System/Library/PrivateFrameworks/DesktopServicesPriv.framework/Versions/A/DesktopServicesPriv
0x000000000637b000 	/System/Library/Frameworks/Carbon.framework/Versions/A/Frameworks/HIToolbox.framework/Versions/A/HIToolbox
0x000000000637b000 	/System/Library/Frameworks/QuartzCore.framework/Versions/A/QuartzCore
0x000000000637b000 	/System/Library/Frameworks/Carbon.framework/Versions/A/Frameworks/SpeechRecognition.framework/Versions/A/SpeechRecognition
0x000000000637b000 	/usr/lib/libauto.dylib
0x000000000637b000 	/usr/lib/libicucore.A.dylib
0x000000000637b000 	/usr/lib/libxml2.2.dylib
0x000000000637b000 	/System/Library/PrivateFrameworks/CoreUI.framework/Versions/A/CoreUI
0x000000000637b000 	/System/Library/Frameworks/CoreAudio.framework/Versions/A/CoreAudio
0x000000000637b000 	/System/Library/Frameworks/DiskArbitration.framework/Versions/A/DiskArbitration
0x000000000637b000 	/usr/lib/liblangid.dylib
0x000000000637b000 	/System/Library/PrivateFrameworks/MultitouchSupport.framework/Versions/A/MultitouchSupport
0x000000000637b000 	/System/Library/Frameworks/IOKit.framework/Versions/A/IOKit
0x000000000637b000 	/usr/lib/libDiagnosticMessagesClient.dylib
0x000000000637b000 	/System/Library/Frameworks/CoreServices.framework/Versions/A/CoreServices
0x000000000637b000 	/System/Library/PrivateFrameworks/PerformanceAnalysis.framework/Versions/A/PerformanceAnalysis
0x000000000637b000 	/System/Library/PrivateFrameworks/GenerationalStorage.framework/Versions/A/GenerationalStorage
0x000000000637b000 	/System/Library/Frameworks/OpenGL.framework/Versions/A/OpenGL
0x000000000637b000 	/System/Library/PrivateFrameworks/Sharing.framework/Versions/A/Sharing
0x000000000637b000 	/System/Library/Frameworks/ImageIO.framework/Versions/A/ImageIO
0x000000000637b000 	/System/Library/Frameworks/CoreText.framework/Versions/A/CoreText
0x000000000637b000 	/System/Library/Frameworks/CoreGraphics.framework/Versions/A/CoreGraphics
0x000000000637b000 	/System/Library/PrivateFrameworks/Backup.framework/Versions/A/Backup
0x000000000637b000 	/System/Library/Frameworks/CFNetwork.framework/Versions/A/CFNetwork
0x000000000637b000 	/System/Library/Frameworks/SystemConfiguration.framework/Versions/A/SystemConfiguration
0x000000000637b000 	/usr/lib/libCRFSuite.dylib
0x000000000637b000 	/usr/lib/libc++.1.dylib
0x000000000637b000 	/usr/lib/libc++abi.dylib
0x000000000637b000 	/usr/lib/system/libcache.dylib
0x000000000637b000 	/usr/lib/system/libcommonCrypto.dylib
0x000000000637b000 	/usr/lib/system/libcompiler_rt.dylib
0x000000000637b000 	/usr/lib/system/libcopyfile.dylib
0x000000000637b000 	/usr/lib/system/libcorecrypto.dylib
0x000000000637b000 	/usr/lib/system/libdispatch.dylib
0x000000000637b000 	/usr/lib/system/libdyld.dylib
0x000000000637b000 	/usr/lib/system/libkeymgr.dylib
0x000000000637b000 	/usr/lib/system/liblaunch.dylib
0x000000000637b000 	/usr/lib/system/libmacho.dylib
0x000000000637b000 	/usr/lib/system/libquarantine.dylib
0x000000000637b000 	/usr/lib/system/libremovefile.dylib
0x000000000637b000 	/usr/lib/system/libsystem_asl.dylib
0x000000000637b000 	/usr/lib/system/libsystem_blocks.dylib
0x000000000637b000 	/usr/lib/system/libsystem_c.dylib
0x000000000637b000 	/usr/lib/system/libsystem_configuration.dylib
0x000000000637b000 	/usr/lib/system/libsystem_dnssd.dylib
0x000000000637b000 	/usr/lib/system/libsystem_info.dylib
0x000000000637b000 	/usr/lib/system/libsystem_kernel.dylib
0x000000000637b000 	/usr/lib/system/libsystem_m.dylib
0x000000000637b000 	/usr/lib/system/libsystem_malloc.dylib
0x000000000637b000 	/usr/lib/system/libsystem_network.dylib
0x000000000637b000 	/usr/lib/system/libsystem_notify.dylib
0x000000000637b000 	/usr/lib/system/libsystem_platform.dylib
0x000000000637b000 	/usr/lib/system/libsystem_pthread.dylib
0x000000000637b000 	/usr/lib/system/libsystem_sandbox.dylib
0x000000000637b000 	/usr/lib/system/libsystem_stats.dylib
0x000000000637b000 	/usr/lib/system/libunc.dylib
0x000000000637b000 	/usr/lib/system/libunwind.dylib
0x000000000637b000 	/usr/lib/system/libxpc.dylib
0x000000000637b000 	/usr/lib/libbsm.0.dylib
0x000000000637b000 	/usr/lib/libsqlite3.dylib
0x000000000637b000 	/usr/lib/libxar.1.dylib
0x000000000637b000 	/usr/lib/libpam.2.dylib
0x000000000637b000 	/usr/lib/libOpenScriptingUtil.dylib
0x000000000637b000 	/usr/lib/libbz2.1.0.dylib
0x000000000637b000 	/System/Library/Frameworks/CoreServices.framework/Versions/A/Frameworks/CarbonCore.framework/Versions/A/CarbonCore
0x000000000637b000 	/System/Library/Frameworks/CoreServices.framework/Versions/A/Frameworks/Metadata.framework/Versions/A/Metadata
0x000000000637b000 	/System/Library/Frameworks/CoreServices.framework/Versions/A/Frameworks/OSServices.framework/Versions/A/OSServices
0x000000000637b000 	/System/Library/Frameworks/CoreServices.framework/Versions/A/Frameworks/SearchKit.framework/Versions/A/SearchKit
0x000000000637b000 	/System/Library/Frameworks/CoreServices.framework/Versions/A/Frameworks/AE.framework/Versions/A/AE
0x000000000637b000 	/System/Library/Frameworks/CoreServices.framework/Versions/A/Frameworks/LaunchServices.framework/Versions/A/LaunchServices
0x000000000637b000 	/System/Library/Frameworks/CoreServices.framework/Versions/A/Frameworks/DictionaryServices.framework/Versions/A/DictionaryServices
0x000000000637b000 	/System/Library/Frameworks/NetFS.framework/Versions/A/NetFS
0x000000000637b000 	/usr/lib/system/libkxld.dylib
0x000000000637b000 	/System/Library/PrivateFrameworks/NetAuth.framework/Versions/A/NetAuth
0x000000000637b000 	/System/Library/PrivateFrameworks/TCC.framework/Versions/A/TCC
0x000000000637b000 	/System/Library/Frameworks/OpenDirectory.framework/Versions/A/Frameworks/CFOpenDirectory.framework/Versions/A/CFOpenDirectory
0x000000000637b000 	/System/Library/Frameworks/ServiceManagement.framework/Versions/A/ServiceManagement
0x000000000637b000 	/usr/lib/libxslt.1.dylib
0x000000000637b000 	/System/Library/Frameworks/Carbon.framework/Versions/A/Frameworks/Ink.framework/Versions/A/Ink
0x000000000637b000 	/System/Library/Frameworks/ApplicationServices.framework/Versions/A/Frameworks/ATS.framework/Versions/A/ATS
0x000000000637b000 	/System/Library/Frameworks/ApplicationServices.framework/Versions/A/Frameworks/ColorSync.framework/Versions/A/ColorSync
0x000000000637b000 	/System/Library/Frameworks/ApplicationServices.framework/Versions/A/Frameworks/HIServices.framework/Versions/A/HIServices
0x000000000637b000 	/System/Library/Frameworks/ApplicationServices.framework/Versions/A/Frameworks/LangAnalysis.framework/Versions/A/LangAnalysis
0x000000000637b000 	/System/Library/Frameworks/ApplicationServices.framework/Versions/A/Frameworks/PrintCore.framework/Versions/A/PrintCore
0x000000000637b000 	/System/Library/Frameworks/ApplicationServices.framework/Versions/A/Frameworks/QD.framework/Versions/A/QD
0x000000000637b000 	/System/Library/Frameworks/ApplicationServices.framework/Versions/A/Frameworks/SpeechSynthesis.framework/Versions/A/SpeechSynthesis
0x000000000637b000 	/System/Library/Frameworks/IOSurface.framework/Versions/A/IOSurface
0x000000000637b000 	/System/Library/Frameworks/Accelerate.framework/Versions/A/Accelerate
0x000000000637b000 	/System/Library/Frameworks/Accelerate.framework/Versions/A/Frameworks/vImage.framework/Versions/A/vImage
0x000000000637b000 	/System/Library/Frameworks/Accelerate.framework/Versions/A/Frameworks/vecLib.framework/Versions/A/vecLib
0x000000000637b000 	/System/Library/Frameworks/Accelerate.framework/Versions/A/Frameworks/vecLib.framework/Versions/A/libvDSP.dylib
0x000000000637b000 	/System/Library/Frameworks/Accelerate.framework/Versions/A/Frameworks/vecLib.framework/Versions/A/libvMisc.dylib
0x000000000637b000 	/System/Library/Frameworks/Accelerate.framework/Versions/A/Frameworks/vecLib.framework/Versions/A/libLAPACK.dylib
0x000000000637b000 	/System/Library/Frameworks/Accelerate.framework/Versions/A/Frameworks/vecLib.framework/Versions/A/libBLAS.dylib
0x000000000637b000 	/System/Library/Frameworks/ApplicationServices.framework/Versions/A/Frameworks/ATS.framework/Versions/A/Resources/libFontParser.dylib
0x000000000637b000 	/System/Library/Frameworks/ApplicationServices.framework/Versions/A/Frameworks/ATS.framework/Versions/A/Resources/libFontRegistry.dylib
0x000000000637b000 	/System/Library/Frameworks/ImageIO.framework/Versions/A/Resources/libJPEG.dylib
0x000000000637b000 	/System/Library/Frameworks/ImageIO.framework/Versions/A/Resources/libTIFF.dylib
0x000000000637b000 	/System/Library/Frameworks/ImageIO.framework/Versions/A/Resources/libPng.dylib
0x000000000637b000 	/System/Library/Frameworks/ImageIO.framework/Versions/A/Resources/libGIF.dylib
0x000000000637b000 	/System/Library/Frameworks/ImageIO.framework/Versions/A/Resources/libJP2.dylib
0x000000000637b000 	/System/Library/Frameworks/ImageIO.framework/Versions/A/Resources/libRadiance.dylib
0x000000000637b000 	/usr/lib/libcups.2.dylib
0x000000000637b000 	/System/Library/Frameworks/Kerberos.framework/Versions/A/Kerberos
0x000000000637b000 	/System/Library/Frameworks/GSS.framework/Versions/A/GSS
0x000000000637b000 	/usr/lib/libresolv.9.dylib
0x000000000637b000 	/usr/lib/libiconv.2.dylib
0x000000000637b000 	/System/Library/PrivateFrameworks/Heimdal.framework/Versions/A/Heimdal
0x000000000637b000 	/System/Library/PrivateFrameworks/TrustEvaluationAgent.framework/Versions/A/TrustEvaluationAgent
0x000000000637b000 	/usr/lib/libheimdal-asn1.dylib
0x000000000637b000 	/System/Library/Frameworks/OpenDirectory.framework/Versions/A/OpenDirectory
0x000000000637b000 	/System/Library/PrivateFrameworks/CommonAuth.framework/Versions/A/CommonAuth
0x000000000637b000 	/System/Library/Frameworks/SecurityFoundation.framework/Versions/A/SecurityFoundation
0x000000000637b000 	/System/Library/PrivateFrameworks/Bom.framework/Versions/A/Bom
0x000000000637b000 	/System/Library/Frameworks/CoreVideo.framework/Versions/A/CoreVideo
0x000000000637b000 	/System/Library/Frameworks/QuartzCore.framework/Versions/A/Frameworks/CoreImage.framework/Versions/A/CoreImage
0x000000000637b000 	/System/Library/Frameworks/QuartzCore.framework/Versions/A/Frameworks/ScalableUserInterface.framework/Versions/A/ScalableUserInterface
0x000000000637b000 	/System/Library/Frameworks/OpenGL.framework/Versions/A/Libraries/libGLU.dylib
0x000000000637b000 	/System/Library/Frameworks/OpenGL.framework/Versions/A/Libraries/libGFXShared.dylib
0x000000000637b000 	/System/Library/Frameworks/OpenGL.framework/Versions/A/Libraries/libGL.dylib
0x000000000637b000 	/System/Library/Frameworks/OpenGL.framework/Versions/A/Libraries/libGLImage.dylib
0x000000000637b000 	/System/Library/Frameworks/OpenGL.framework/Versions/A/Libraries/libCVMSPluginSupport.dylib
0x000000000637b000 	/System/Library/Frameworks/OpenGL.framework/Versions/A/Libraries/libCoreVMClient.dylib
0x000000000637b000 	/System/Library/PrivateFrameworks/FaceCore.framework/Versions/A/FaceCore
0x000000000637b000 	/System/Library/PrivateFrameworks/CrashReporterSupport.framework/Versions/A/CrashReporterSupport
0x000000000637b000 	/System/Library/Frameworks/OpenCL.framework/Versions/A/OpenCL
0x000000000637b000 	/System/Library/PrivateFrameworks/AppleFSCompression.framework/Versions/A/AppleFSCompression
0x000000000637b000 	/System/Library/PrivateFrameworks/Ubiquity.framework/Versions/A/Ubiquity
0x000000000637b000 	/System/Library/PrivateFrameworks/IconServices.framework/Versions/A/IconServices
0x000000000637b000 	/System/Library/PrivateFrameworks/ChunkingLibrary.framework/Versions/A/ChunkingLibrary
0x000000000637b000 	/System/Library/PrivateFrameworks/CoreSymbolication.framework/Versions/A/CoreSymbolication
0x000000000637b000 	/System/Library/PrivateFrameworks/Symbolication.framework/Versions/A/Symbolication
0x000000000637b000 	/System/Library/PrivateFrameworks/DebugSymbols.framework/Versions/A/DebugSymbols
0x0000000106400000 	/Library/Java/JavaVirtualMachines/jdk1.8.0_77.jdk/Contents/Home/jre/lib/server/libjvm.dylib
0x000000000637b000 	/usr/lib/libstdc++.6.dylib
0x0000000105b5f000 	/Library/Java/JavaVirtualMachines/jdk1.8.0_77.jdk/Contents/Home/jre/lib/libverify.dylib
0x0000000105b6d000 	/Library/Java/JavaVirtualMachines/jdk1.8.0_77.jdk/Contents/Home/jre/lib/libjava.dylib
0x0000000105bac000 	/Library/Java/JavaVirtualMachines/jdk1.8.0_77.jdk/Contents/Home/jre/lib/libzip.dylib
0x000000011ae61000 	/System/Library/Frameworks/JavaVM.framework/Frameworks/JavaRuntimeSupport.framework/JavaRuntimeSupport
0x000000011ae79000 	/System/Library/Frameworks/JavaVM.framework/Versions/A/Frameworks/JavaNativeFoundation.framework/Versions/A/JavaNativeFoundation
0x0000000105bf2000 	/System/Library/Frameworks/JavaVM.framework/Versions/A/JavaVM
0x000000000637b000 	/System/Library/Frameworks/Carbon.framework/Versions/A/Carbon
0x000000011ae8e000 	/System/Library/PrivateFrameworks/JavaLaunching.framework/Versions/A/JavaLaunching
0x000000000637b000 	/System/Library/Frameworks/Carbon.framework/Versions/A/Frameworks/CommonPanels.framework/Versions/A/CommonPanels
0x000000000637b000 	/System/Library/Frameworks/Carbon.framework/Versions/A/Frameworks/Help.framework/Versions/A/Help
0x000000000637b000 	/System/Library/Frameworks/Carbon.framework/Versions/A/Frameworks/ImageCapture.framework/Versions/A/ImageCapture
0x000000000637b000 	/System/Library/Frameworks/Carbon.framework/Versions/A/Frameworks/OpenScripting.framework/Versions/A/OpenScripting
0x000000000637b000 	/System/Library/Frameworks/Carbon.framework/Versions/A/Frameworks/Print.framework/Versions/A/Print
0x000000000637b000 	/System/Library/Frameworks/Carbon.framework/Versions/A/Frameworks/SecurityHI.framework/Versions/A/SecurityHI
0x000000011b5fe000 	/Library/Java/JavaVirtualMachines/jdk1.8.0_77.jdk/Contents/Home/jre/lib/libawt.dylib
0x000000011b6a6000 	/Library/Java/JavaVirtualMachines/jdk1.8.0_77.jdk/Contents/Home/jre/lib/./libmlib_image.dylib
0x000000011b772000 	/Library/Java/JavaVirtualMachines/jdk1.8.0_77.jdk/Contents/Home/jre/lib/libawt_lwawt.dylib
0x000000011b827000 	/Library/Java/JavaVirtualMachines/jdk1.8.0_77.jdk/Contents/Home/jre/lib/./libosxapp.dylib
0x000000000637b000 	/System/Library/Frameworks/ExceptionHandling.framework/Versions/A/ExceptionHandling
0x000000000637b000 	/System/Library/PrivateFrameworks/CoreServicesInternal.framework/Versions/A/CoreServicesInternal
0x000000000637b000 	/System/Library/PrivateFrameworks/Librarian.framework/Versions/A/Librarian
0x000000000637b000 	/System/Library/Frameworks/CoreGraphics.framework/Versions/A/Resources/libCGCMS.A.dylib
0x000000000637b000 	/System/Library/Frameworks/CoreGraphics.framework/Versions/A/Resources/libRIP.A.dylib
0x000000000637b000 	/System/Library/Frameworks/CoreGraphics.framework/Versions/A/Resources/libCGXType.A.dylib
0x000000000637b000 	/System/Library/PrivateFrameworks/FamilyControls.framework/Versions/A/FamilyControls
0x000000000637b000 	/System/Library/PrivateFrameworks/CommerceKit.framework/Versions/A/Frameworks/CommerceCore.framework/Versions/A/CommerceCore
0x000000000637b000 	/System/Library/PrivateFrameworks/SystemAdministration.framework/Versions/A/SystemAdministration
0x000000000637b000 	/System/Library/Frameworks/DirectoryService.framework/Versions/A/DirectoryService
0x000000000637b000 	/System/Library/PrivateFrameworks/DiskImages.framework/Versions/A/DiskImages
0x000000000637b000 	/System/Library/PrivateFrameworks/LoginUIKit.framework/Versions/A/Frameworks/LoginUICore.framework/Versions/A/LoginUICore
0x000000000637b000 	/usr/lib/libCoreStorage.dylib
0x000000000637b000 	/usr/lib/libcsfde.dylib
0x000000000637b000 	/usr/lib/libodfde.dylib
0x000000000637b000 	/System/Library/Frameworks/DiscRecording.framework/Versions/A/DiscRecording
0x000000000637b000 	/usr/lib/libcurl.4.dylib
0x000000000637b000 	/System/Library/PrivateFrameworks/MediaKit.framework/Versions/A/MediaKit
0x000000000637b000 	/System/Library/PrivateFrameworks/EFILogin.framework/Versions/A/EFILogin
0x000000000637b000 	/usr/lib/libutil.dylib
0x000000000637b000 	/System/Library/PrivateFrameworks/AOSNotification.framework/Versions/A/AOSNotification
0x000000000637b000 	/System/Library/Frameworks/LDAP.framework/Versions/A/LDAP
0x000000000637b000 	/usr/lib/libsasl2.2.dylib
0x000000000637b000 	/usr/lib/libcrypto.0.9.8.dylib
0x000000000637b000 	/usr/lib/libssl.0.9.8.dylib
0x000000000637b000 	/System/Library/Frameworks/OpenGL.framework/Versions/A/Resources/GLEngine.bundle/GLEngine
0x000000000637b000 	/System/Library/Frameworks/OpenGL.framework/Versions/A/Libraries/libGLProgrammability.dylib
0x000000011fabe000 	/System/Library/Extensions/AppleIntelHD5000GraphicsGLDriver.bundle/Contents/MacOS/AppleIntelHD5000GraphicsGLDriver
0x000000000637b000 	/System/Library/PrivateFrameworks/IOAccelerator.framework/Versions/A/IOAccelerator
0x000000000637b000 	/System/Library/PrivateFrameworks/GPUSupport.framework/Versions/A/Libraries/libGPUSupportMercury.dylib
0x000000000637b000 	/System/Library/Frameworks/OpenGL.framework/Versions/A/Resources/GLRendererFloat.bundle/GLRendererFloat
0x000000000637b000 	/System/Library/Frameworks/OpenCL.framework/Versions/A/Libraries/libcldcpuengine.dylib
0x0000000120e1b000 	/Library/Java/JavaVirtualMachines/jdk1.8.0_77.jdk/Contents/Home/jre/lib/libfontmanager.dylib
0x0000000122613000 	/Library/Java/JavaVirtualMachines/jdk1.8.0_77.jdk/Contents/Home/jre/lib/libosxui.dylib
0x00000001226e7000 	/Library/Java/JavaVirtualMachines/jdk1.8.0_77.jdk/Contents/Home/jre/lib/libnet.dylib
0x00000001226fe000 	/Library/Java/JavaVirtualMachines/jdk1.8.0_77.jdk/Contents/Home/jre/lib/libnio.dylib
0x000000000637b000 	/System/Library/Frameworks/ApplicationServices.framework/Versions/A/Frameworks/ATS.framework/Versions/A/Resources/libTrueTypeScaler.dylib
0x0000000173051000 	/private/var/folders/vm/c6ql63410d962mlmgt4yhc5h0000gn/T/jogamp_0000/file_cache/jln2263216145188436224/jln6191773846460161452/libgluegen-rt.jnilib
0x0000000121e96000 	/private/var/folders/vm/c6ql63410d962mlmgt4yhc5h0000gn/T/jogamp_0000/file_cache/jln2263216145188436224/jln6191773846460161452/libnativewindow_awt.jnilib
0x0000000122693000 	/Library/Java/JavaVirtualMachines/jdk1.8.0_77.jdk/Contents/Home/jre/lib/libjawt.dylib
0x0000000173081000 	/private/var/folders/vm/c6ql63410d962mlmgt4yhc5h0000gn/T/jogamp_0000/file_cache/jln2263216145188436224/jln6191773846460161452/libnativewindow_macosx.jnilib
0x0000000174ca6000 	/private/var/folders/vm/c6ql63410d962mlmgt4yhc5h0000gn/T/jogamp_0000/file_cache/jln2263216145188436224/jln6191773846460161452/libjogl_desktop.jnilib
0x0000000174779000 	/Library/Java/JavaVirtualMachines/jdk1.8.0_77.jdk/Contents/Home/jre/lib/libt2k.dylib

VM Arguments:
jvm_args: -Djava.security.policy=java.policy.applet -Dfile.encoding=UTF-8 
java_command: sun.applet.AppletViewer module4.EarthquakeCityMap1463083325593.html
java_class_path (initial): /Users/xingdu/Documents/workspace/UCSDUnfoldingMaps/build:/Users/xingdu/Documents/workspace/UCSDUnfoldingMaps/lib/core.jar:/Users/xingdu/Documents/workspace/UCSDUnfoldingMaps/lib/gluegen-rt.jar:/Users/xingdu/Documents/workspace/UCSDUnfoldingMaps/lib/jogl-all.jar:/Users/xingdu/Documents/workspace/UCSDUnfoldingMaps/lib/log4j-1.2.15.jar:/Users/xingdu/Documents/workspace/UCSDUnfoldingMaps/lib/sqlite-jdbc-3.7.2.jar:/Users/xingdu/Documents/workspace/UCSDUnfoldingMaps/lib/json4processing.jar:/Users/xingdu/Documents/workspace/UCSDUnfoldingMaps/lib/libTUIO.jar:/Users/xingdu/Documents/workspace/UCSDUnfoldingMaps/lib/unfolding.0.9.7-uscd.jar
Launcher Type: SUN_STANDARD

Environment Variables:
PATH=/usr/bin:/bin:/usr/sbin:/sbin
SHELL=/bin/bash

Signal Handlers:
SIGSEGV: [libjvm.dylib+0x5a6855], sa_mask[0]=11111111011111110111111111111111, sa_flags=SA_ONSTACK|SA_RESTART|SA_SIGINFO
SIGBUS: [libjvm.dylib+0x5a6855], sa_mask[0]=11111111011111110111111111111111, sa_flags=SA_RESTART|SA_SIGINFO
SIGFPE: [libjvm.dylib+0x4804ec], sa_mask[0]=11111111011111110111111111111111, sa_flags=SA_RESTART|SA_SIGINFO
SIGPIPE: [libjvm.dylib+0x4804ec], sa_mask[0]=11111111011111110111111111111111, sa_flags=SA_RESTART|SA_SIGINFO
SIGXFSZ: [libjvm.dylib+0x4804ec], sa_mask[0]=11111111011111110111111111111111, sa_flags=SA_RESTART|SA_SIGINFO
SIGILL: [libjvm.dylib+0x4804ec], sa_mask[0]=11111111011111110111111111111111, sa_flags=SA_RESTART|SA_SIGINFO
SIGUSR1: SIG_DFL, sa_mask[0]=00000000000000000000000000000000, sa_flags=SA_RESTART
SIGUSR2: [libjvm.dylib+0x48000a], sa_mask[0]=00100000000000000000000000000000, sa_flags=SA_RESTART|SA_SIGINFO
SIGHUP: [libjvm.dylib+0x47e5e1], sa_mask[0]=11111111011111110111111111111111, sa_flags=SA_RESTART|SA_SIGINFO
SIGINT: [libjvm.dylib+0x47e5e1], sa_mask[0]=11111111011111110111111111111111, sa_flags=SA_RESTART|SA_SIGINFO
SIGTERM: [libjvm.dylib+0x47e5e1], sa_mask[0]=11111111011111110111111111111111, sa_flags=SA_RESTART|SA_SIGINFO
SIGQUIT: [libjvm.dylib+0x47e5e1], sa_mask[0]=11111111011111110111111111111111, sa_flags=SA_RESTART|SA_SIGINFO


---------------  S Y S T E M  ---------------

OS:Bsduname:Darwin 13.4.0 Darwin Kernel Version 13.4.0: Wed Mar 18 16:20:14 PDT 2015; root:xnu-2422.115.14~1/RELEASE_X86_64 x86_64
rlimit: STACK 8192k, CORE 0k, NPROC 709, NOFILE 10240, AS infinity
load average:2.24 2.05 1.90

CPU:total 4 (2 cores per cpu, 2 threads per core) family 6 model 69 stepping 1, cmov, cx8, fxsr, mmx, sse, sse2, sse3, ssse3, sse4.1, sse4.2, popcnt, avx, avx2, aes, clmul, erms, lzcnt, ht, tsc, tscinvbit, bmi1, bmi2

Memory: 4k page, physical 4194304k(796820k free)

/proc/meminfo:


vm_info: Java HotSpot(TM) 64-Bit Server VM (25.77-b03) for bsd-amd64 JRE (1.8.0_77-b03), built on Mar 20 2016 22:14:03 by "java_re" with gcc 4.2.1 (Based on Apple Inc. build 5658) (LLVM build 2336.11.00)

time: Thu May 12 21:48:23 2016
elapsed time: 3273 seconds (0d 0h 54m 33s)

