#
# A fatal error has been detected by the Java Runtime Environment:
#
#  SIGSEGV (0xb) at pc=0x00007fffa133a4dd, pid=60613, tid=2571
#
# JRE version: Java(TM) SE Runtime Environment (8.0_77-b03) (build 1.8.0_77-b03)
# Java VM: Java HotSpot(TM) 64-Bit Server VM (25.77-b03 mixed mode bsd-amd64 compressed oops)
# Problematic frame:
# C  [libobjc.A.dylib+0x14dd]  objc_msgSend+0x1d
#
# Failed to write core dump. Core dumps have been disabled. To enable core dumping, try "ulimit -c unlimited" before starting Java again
#
# If you would like to submit a bug report, please visit:
#   http://bugreport.java.com/bugreport/crash.jsp
# The crash happened outside the Java Virtual Machine in native code.
# See problematic frame for where to report the bug.
#

---------------  T H R E A D  ---------------

Current thread (0x00007faa51112000):  JavaThread "AWT-AppKit" daemon [_thread_in_native, id=2571, stack(0x00007fff550a1000,0x00007fff558a1000)]

siginfo: si_signo: 11 (SIGSEGV), si_code: 1 (SEGV_MAPERR), si_addr: 0x0000000000000018

Registers:
RAX=0x00007faa55834b20, RBX=0x0000000121a94450, RCX=0x0000000121aab2c0, RDX=0x0000000121aabde0
RSP=0x00007fff5589c388, RBP=0x00007fff5589c440, RSI=0x00007fff97d1fcde, RDI=0x00007faa55d03470
R8 =0x0000000000000000, R9 =0x00000000000008b0, R10=0x00007fff97d1fcde, R11=0x0000000000000000
R12=0x0000000000000000, R13=0x0000000181116e50, R14=0x0000000121a94440, R15=0x00007faa51112000
RIP=0x00007fffa133a4dd, EFLAGS=0x0000000000010246, ERR=0x0000000000000004
  TRAPNO=0x000000000000000e

Top of Stack: (sp=0x00007fff5589c388)
0x00007fff5589c388:   0000000121a92157 00007fff5589c3e0
0x00007fff5589c398:   0000000000000003 00007fff5589c3c0
0x00007fff5589c3a8:   000000010aff0b02 0000000181116e50
0x00007fff5589c3b8:   0000000181116e50 00007faa55834b20
0x00007fff5589c3c8:   0000000121a946a0 0000000121a94710
0x00007fff5589c3d8:   00007fff7e09e770 00007fff7bc8c500
0x00007fff5589c3e8:   0000000121a94450 0000000121a94690
0x00007fff5589c3f8:   00007faa55834b20 00007faa55d03470
0x00007fff5589c408:   00007faa55c92590 00007faa55834b20
0x00007fff5589c418:   00007faa55d03470 00007fff5589c4c8
0x00007fff5589c428:   00007faa511121f8 0000000181116e50
0x00007fff5589c438:   00007fff5589c4f0 00007fff5589c4b8
0x00007fff5589c448:   000000010bdd9954 0000000181116e50
0x00007fff5589c458:   00007fff5589c4f0 00007fff5589c4b8
0x00007fff5589c468:   000000010bdd96e7 000000010bdd96a2
0x00007fff5589c478:   00007fff5589c478 0000000181116e50
0x00007fff5589c488:   00007fff5589c4f0 0000000180e779e8
0x00007fff5589c498:   0000000000000000 0000000181116e50
0x00007fff5589c4a8:   0000000000000000 00007fff5589c4d8
0x00007fff5589c4b8:   00007fff5589c538 000000010bdcbc4d
0x00007fff5589c4c8:   0000000782a03b28 000000010bdd3578
0x00007fff5589c4d8:   00007faa55834b20 00007fff5589c538
0x00007fff5589c4e8:   00007faa55d03470 000000010bdd4d82
0x00007fff5589c4f8:   00007fff5589c4f8 000000018111701a
0x00007fff5589c508:   00007fff5589c560 0000000180e779e8
0x00007fff5589c518:   0000000000000000 0000000181117028
0x00007fff5589c528:   00007fff5589c4d8 00007fff5589c548
0x00007fff5589c538:   00007fff5589c5a8 000000010bdcbc4d
0x00007fff5589c548:   00007faa55834b20 0000000782a677f8
0x00007fff5589c558:   00007faa55d03470 0000000782a677f8
0x00007fff5589c568:   00007fff5589c568 00000001883a0c46
0x00007fff5589c578:   00007fff5589c5b8 00000001883a0d00 

Instructions: (pc=0x00007fffa133a4dd)
0x00007fffa133a4bd:   44 00 00 48 85 ff 2e 74 62 40 f6 c7 01 2e 75 66
0x00007fffa133a4cd:   49 bb f8 ff ff ff ff 7f 00 00 4c 23 1f 49 89 f2
0x00007fffa133a4dd:   45 23 53 18 49 c1 e2 04 4d 03 53 10 49 3b 32 75
0x00007fffa133a4ed:   04 41 ff 62 08 49 83 3a 01 76 0d 49 83 c2 10 49 

Register to memory mapping:

RAX=0x00007faa55834b20 is an unknown value
RBX=0x0000000121a94450: Java_jogamp_nativewindow_macosx_OSXUtil_GetScreenRefreshRate0+0x1cf0 in /private/var/folders/vm/c6ql63410d962mlmgt4yhc5h0000gn/T/jogamp_0000/file_cache/jln2370747985994264982/jln3587383540098904861/libnativewindow_macosx.jnilib at 0x0000000121a8d000
RCX=0x0000000121aab2c0 is an unknown value
RDX=0x0000000121aabde0 is an unknown value
RSP=0x00007fff5589c388 is pointing into the stack for thread: 0x00007faa51112000
RBP=0x00007fff5589c440 is pointing into the stack for thread: 0x00007faa51112000
RSI=0x00007fff97d1fcde is an unknown value
RDI=0x00007faa55d03470 is an unknown value
R8 =0x0000000000000000 is an unknown value
R9 =0x00000000000008b0 is an unknown value
R10=0x00007fff97d1fcde is an unknown value
R11=0x0000000000000000 is an unknown value
R12=0x0000000000000000 is an unknown value
R13={method} {0x0000000181116e50} 'UnsetJAWTRootSurfaceLayer0' '(JJ)V' in 'jogamp/nativewindow/jawt/macosx/MacOSXJAWTWindow'
R14=0x0000000121a94440: Java_jogamp_nativewindow_macosx_OSXUtil_GetScreenRefreshRate0+0x1ce0 in /private/var/folders/vm/c6ql63410d962mlmgt4yhc5h0000gn/T/jogamp_0000/file_cache/jln2370747985994264982/jln3587383540098904861/libnativewindow_macosx.jnilib at 0x0000000121a8d000
R15=0x00007faa51112000 is a thread


Stack: [0x00007fff550a1000,0x00007fff558a1000],  sp=0x00007fff5589c388,  free space=8172k
Native frames: (J=compiled Java code, j=interpreted, Vv=VM code, C=native code)
C  [libobjc.A.dylib+0x14dd]  objc_msgSend+0x1d
j  jogamp.nativewindow.jawt.macosx.MacOSXJAWTWindow.UnsetJAWTRootSurfaceLayer0(JJ)V+0
j  jogamp.nativewindow.jawt.macosx.MacOSXJAWTWindow.access$200(JJ)V+2
j  jogamp.nativewindow.jawt.macosx.MacOSXJAWTWindow$1.run()V+38
J 2486 C1 com.jogamp.common.util.RunnableTask.run()V (345 bytes) @ 0x000000010c53aad4 [0x000000010c53a940+0x194]
v  ~StubRoutines::call_stub
V  [libjvm.dylib+0x2ea39e]  JavaCalls::call_helper(JavaValue*, methodHandle*, JavaCallArguments*, Thread*)+0x6ae
V  [libjvm.dylib+0x3214a7]  jni_invoke_nonstatic(JNIEnv_*, JavaValue*, _jobject*, JNICallType, _jmethodID*, JNI_ArgumentPusher*, Thread*)+0x2ec
V  [libjvm.dylib+0x313c7b]  jni_CallVoidMethod+0x16b
C  [libnativewindow_macosx.jnilib+0x5326]  Java_jogamp_nativewindow_jawt_macosx_MacOSXJAWTWindow_UnsetJAWTRootSurfaceLayer0+0x2b6
C  [Foundation+0x76fde]  __NSThreadPerformPerform+0x117
C  [CoreFoundation+0xaa881]  __CFRUNLOOP_IS_CALLING_OUT_TO_A_SOURCE0_PERFORM_FUNCTION__+0x11
C  [CoreFoundation+0x89f37]  __CFRunLoopDoSources0+0x1a7
C  [CoreFoundation+0x894df]  __CFRunLoopRun+0x39f
C  [CoreFoundation+0x88ed8]  CFRunLoopRunSpecific+0x128
C  [HIToolbox+0x30935]  RunCurrentEventLoopInMode+0xeb
C  [HIToolbox+0x30677]  ReceiveNextEventCommon+0xb8
C  [HIToolbox+0x305af]  _BlockUntilNextEventMatchingListInModeWithFilter+0x47
C  [AppKit+0x48df6]  _DPSNextEvent+0x42b
C  [AppKit+0x48226]  -[NSApplication _nextEventMatchingEventMask:untilDate:inMode:dequeue:]+0x1c6
C  [libosxapp.dylib+0x23aa]  -[NSApplicationAWT nextEventMatchingMask:untilDate:inMode:dequeue:]+0x7c
C  [AppKit+0x3cd80]  -[NSApplication run]+0x2aa
C  [libosxapp.dylib+0x214d]  +[NSApplicationAWT runAWTLoopWithApp:]+0x9c
C  [libawt_lwawt.dylib+0x4455b]  -[AWTStarter starter:]+0x389
C  [Foundation+0x76fde]  __NSThreadPerformPerform+0x117
C  [CoreFoundation+0xaa881]  __CFRUNLOOP_IS_CALLING_OUT_TO_A_SOURCE0_PERFORM_FUNCTION__+0x11
C  [CoreFoundation+0x89fbc]  __CFRunLoopDoSources0+0x22c
C  [CoreFoundation+0x894df]  __CFRunLoopRun+0x39f
C  [CoreFoundation+0x88ed8]  CFRunLoopRunSpecific+0x128
C  [java+0x6463]  CreateExecutionEnvironment+0x367
C  [java+0x21ac]  JLI_Launch+0x7a0
C  [java+0x84c0]  main+0x65
C  [java+0x1a04]  start+0x34
C  0x0000000000000007

Java frames: (J=compiled Java code, j=interpreted, Vv=VM code)
j  jogamp.nativewindow.jawt.macosx.MacOSXJAWTWindow.UnsetJAWTRootSurfaceLayer0(JJ)V+0
j  jogamp.nativewindow.jawt.macosx.MacOSXJAWTWindow.access$200(JJ)V+2
j  jogamp.nativewindow.jawt.macosx.MacOSXJAWTWindow$1.run()V+38
J 2486 C1 com.jogamp.common.util.RunnableTask.run()V (345 bytes) @ 0x000000010c53aad4 [0x000000010c53a940+0x194]
v  ~StubRoutines::call_stub

---------------  P R O C E S S  ---------------

Java Threads: ( => current thread )
  0x00007faa52da4000 JavaThread "Thread-19" [_thread_blocked, id=63063, stack(0x000070000104a000,0x000070000114a000)]
  0x00007faa56aa0800 JavaThread "TimerQueue" daemon [_thread_blocked, id=66767, stack(0x00007000019ee000,0x0000700001aee000)]
  0x00007faa52200000 JavaThread "AWT-EventQueue-1" [_thread_in_native, id=59675, stack(0x0000700001868000,0x0000700001968000)]
  0x00007faa51a39000 JavaThread "DestroyJavaVM" [_thread_blocked, id=5891, stack(0x000070000011a000,0x000070000021a000)]
  0x00007faa511f5000 JavaThread "AWT-EventQueue-0" [_thread_blocked, id=56579, stack(0x0000700001662000,0x0000700001762000)]
  0x00007faa511d9800 JavaThread "Java2D Disposer" daemon [_thread_blocked, id=53003, stack(0x00007000013d9000,0x00007000014d9000)]
  0x00007faa5215e000 JavaThread "Java2D Queue Flusher" daemon [_thread_blocked, id=49163, stack(0x00007000012d6000,0x00007000013d6000)]
  0x00007faa520ed800 JavaThread "AWT-Shutdown" [_thread_blocked, id=30483, stack(0x0000700001150000,0x0000700001250000)]
=>0x00007faa51112000 JavaThread "AWT-AppKit" daemon [_thread_in_native, id=2571, stack(0x00007fff550a1000,0x00007fff558a1000)]
  0x00007faa5101d800 JavaThread "Service Thread" daemon [_thread_blocked, id=18691, stack(0x0000700000e44000,0x0000700000f44000)]
  0x00007faa5281f800 JavaThread "C1 CompilerThread2" daemon [_thread_blocked, id=18179, stack(0x0000700000d41000,0x0000700000e41000)]
  0x00007faa5281e800 JavaThread "C2 CompilerThread1" daemon [_thread_blocked, id=17667, stack(0x0000700000c3e000,0x0000700000d3e000)]
  0x00007faa5101a000 JavaThread "C2 CompilerThread0" daemon [_thread_blocked, id=17155, stack(0x0000700000b3b000,0x0000700000c3b000)]
  0x00007faa51006800 JavaThread "Signal Dispatcher" daemon [_thread_blocked, id=12815, stack(0x0000700000a38000,0x0000700000b38000)]
  0x00007faa51004800 JavaThread "Finalizer" daemon [_thread_blocked, id=12291, stack(0x000070000082f000,0x000070000092f000)]
  0x00007faa51801800 JavaThread "Reference Handler" daemon [_thread_blocked, id=11779, stack(0x000070000072c000,0x000070000082c000)]

Other Threads:
  0x00007faa5203f000 VMThread [stack: 0x0000700000629000,0x0000700000729000] [id=11267]
  0x00007faa51007000 WatcherThread [stack: 0x0000700000f47000,0x0000700001047000] [id=19203]

VM state:not at safepoint (normal execution)

VM Mutex/Monitor currently owned by a thread: None

Heap:
 PSYoungGen      total 135168K, used 43365K [0x00000007aab00000, 0x00000007b4a00000, 0x00000007c0000000)
  eden space 108544K, 36% used [0x00000007aab00000,0x00000007ad1f1640,0x00000007b1500000)
  from space 26624K, 13% used [0x00000007b2f80000,0x00000007b32e80e0,0x00000007b4980000)
  to   space 27136K, 0% used [0x00000007b1500000,0x00000007b1500000,0x00000007b2f80000)
 ParOldGen       total 97792K, used 59272K [0x0000000780000000, 0x0000000785f80000, 0x00000007aab00000)
  object space 97792K, 60% used [0x0000000780000000,0x00000007839e23a0,0x0000000785f80000)
 Metaspace       used 22280K, capacity 22493K, committed 22656K, reserved 1069056K
  class space    used 2215K, capacity 2305K, committed 2432K, reserved 1048576K

Card table byte_map: [0x000000011b184000,0x000000011b385000] byte_map_base: 0x0000000117584000

Marking Bits: (ParMarkBitMap*) 0x000000010b6e3ea0
 Begin Bits: [0x000000011b4db000, 0x000000011c4db000)
 End Bits:   [0x000000011c4db000, 0x000000011d4db000)

Polling page: 0x000000010a5ed000

CodeCache: size=245760Kb used=9857Kb max_used=9857Kb free=235902Kb
 bounds [0x000000010bdc4000, 0x000000010c774000, 0x000000011adc4000]
 total_blobs=3775 nmethods=2873 adapters=815
 compilation: enabled

Compilation events (10 events):
Event: 47.607 Thread 0x00007faa5281e800 nmethod 3219 0x000000010c65c650 code [0x000000010c65c7a0, 0x000000010c65c818]
Event: 47.608 Thread 0x00007faa5281f800 nmethod 3218 0x000000010c76eb10 code [0x000000010c76ed80, 0x000000010c770038]
Event: 47.608 Thread 0x00007faa5281f800 3220       3       sun.lwawt.LWComponentPeer::getLocationOnScreen (41 bytes)
Event: 47.609 Thread 0x00007faa5281f800 nmethod 3220 0x000000010c76ae50 code [0x000000010c76b040, 0x000000010c76b9c8]
Event: 47.609 Thread 0x00007faa5281f800 3221       3       sun.lwawt.LWWindowPeer::getLocationOnScreen (10 bytes)
Event: 47.610 Thread 0x00007faa5281f800 nmethod 3221 0x000000010c76e410 code [0x000000010c76e5a0, 0x000000010c76e910]
Event: 47.610 Thread 0x00007faa5281f800 3222       3       sun.lwawt.macosx.CPlatformWindow::getLocationOnScreen (22 bytes)
Event: 47.610 Thread 0x00007faa5281f800 nmethod 3222 0x000000010c76de50 code [0x000000010c76dfc0, 0x000000010c76e290]
Event: 47.621 Thread 0x00007faa5281f800 3223       1       java.awt.Component::getObjectLock (5 bytes)
Event: 47.622 Thread 0x00007faa5281f800 nmethod 3223 0x000000010c76ab90 code [0x000000010c76ace0, 0x000000010c76adf0]

GC Heap History (10 events):
Event: 33.465 GC heap before
{Heap before GC invocations=19 (full 1):
 PSYoungGen      total 124416K, used 115684K [0x00000007aab00000, 0x00000007b4180000, 0x00000007c0000000)
  eden space 97792K, 100% used [0x00000007aab00000,0x00000007b0a80000,0x00000007b0a80000)
  from space 26624K, 67% used [0x00000007b0a80000,0x00000007b1bf9038,0x00000007b2480000)
  to   space 26112K, 0% used [0x00000007b2800000,0x00000007b2800000,0x00000007b4180000)
 ParOldGen       total 97792K, used 44857K [0x0000000780000000, 0x0000000785f80000, 0x00000007aab00000)
  object space 97792K, 45% used [0x0000000780000000,0x0000000782bce7b8,0x0000000785f80000)
 Metaspace       used 22146K, capacity 22397K, committed 22528K, reserved 1069056K
  class space    used 2207K, capacity 2273K, committed 2304K, reserved 1048576K
Event: 33.475 GC heap after
Heap after GC invocations=19 (full 1):
 PSYoungGen      total 128000K, used 17860K [0x00000007aab00000, 0x00000007b4180000, 0x00000007c0000000)
  eden space 101888K, 0% used [0x00000007aab00000,0x00000007aab00000,0x00000007b0e80000)
  from space 26112K, 68% used [0x00000007b2800000,0x00000007b3971038,0x00000007b4180000)
  to   space 26112K, 0% used [0x00000007b0e80000,0x00000007b0e80000,0x00000007b2800000)
 ParOldGen       total 97792K, used 44857K [0x0000000780000000, 0x0000000785f80000, 0x00000007aab00000)
  object space 97792K, 45% used [0x0000000780000000,0x0000000782bce7b8,0x0000000785f80000)
 Metaspace       used 22146K, capacity 22397K, committed 22528K, reserved 1069056K
  class space    used 2207K, capacity 2273K, committed 2304K, reserved 1048576K
}
Event: 36.587 GC heap before
{Heap before GC invocations=20 (full 1):
 PSYoungGen      total 128000K, used 119748K [0x00000007aab00000, 0x00000007b4180000, 0x00000007c0000000)
  eden space 101888K, 100% used [0x00000007aab00000,0x00000007b0e80000,0x00000007b0e80000)
  from space 26112K, 68% used [0x00000007b2800000,0x00000007b3971038,0x00000007b4180000)
  to   space 26112K, 0% used [0x00000007b0e80000,0x00000007b0e80000,0x00000007b2800000)
 ParOldGen       total 97792K, used 44857K [0x0000000780000000, 0x0000000785f80000, 0x00000007aab00000)
  object space 97792K, 45% used [0x0000000780000000,0x0000000782bce7b8,0x0000000785f80000)
 Metaspace       used 22187K, capacity 22397K, committed 22528K, reserved 1069056K
  class space    used 2207K, capacity 2273K, committed 2304K, reserved 1048576K
Event: 36.597 GC heap after
Heap after GC invocations=20 (full 1):
 PSYoungGen      total 128000K, used 17876K [0x00000007aab00000, 0x00000007b4400000, 0x00000007c0000000)
  eden space 101888K, 0% used [0x00000007aab00000,0x00000007aab00000,0x00000007b0e80000)
  from space 26112K, 68% used [0x00000007b0e80000,0x00000007b1ff5028,0x00000007b2800000)
  to   space 25600K, 0% used [0x00000007b2b00000,0x00000007b2b00000,0x00000007b4400000)
 ParOldGen       total 97792K, used 44865K [0x0000000780000000, 0x0000000785f80000, 0x00000007aab00000)
  object space 97792K, 45% used [0x0000000780000000,0x0000000782bd07b8,0x0000000785f80000)
 Metaspace       used 22187K, capacity 22397K, committed 22528K, reserved 1069056K
  class space    used 2207K, capacity 2273K, committed 2304K, reserved 1048576K
}
Event: 39.763 GC heap before
{Heap before GC invocations=21 (full 1):
 PSYoungGen      total 128000K, used 119764K [0x00000007aab00000, 0x00000007b4400000, 0x00000007c0000000)
  eden space 101888K, 100% used [0x00000007aab00000,0x00000007b0e80000,0x00000007b0e80000)
  from space 26112K, 68% used [0x00000007b0e80000,0x00000007b1ff5028,0x00000007b2800000)
  to   space 25600K, 0% used [0x00000007b2b00000,0x00000007b2b00000,0x00000007b4400000)
 ParOldGen       total 97792K, used 44865K [0x0000000780000000, 0x0000000785f80000, 0x00000007aab00000)
  object space 97792K, 45% used [0x0000000780000000,0x0000000782bd07b8,0x0000000785f80000)
 Metaspace       used 22187K, capacity 22397K, committed 22528K, reserved 1069056K
  class space    used 2207K, capacity 2273K, committed 2304K, reserved 1048576K
Event: 39.773 GC heap after
Heap after GC invocations=21 (full 1):
 PSYoungGen      total 130048K, used 17924K [0x00000007aab00000, 0x00000007b4300000, 0x00000007c0000000)
  eden space 105472K, 0% used [0x00000007aab00000,0x00000007aab00000,0x00000007b1200000)
  from space 24576K, 72% used [0x00000007b2b00000,0x00000007b3c81038,0x00000007b4300000)
  to   space 25088K, 0% used [0x00000007b1200000,0x00000007b1200000,0x00000007b2a80000)
 ParOldGen       total 97792K, used 44865K [0x0000000780000000, 0x0000000785f80000, 0x00000007aab00000)
  object space 97792K, 45% used [0x0000000780000000,0x0000000782bd07b8,0x0000000785f80000)
 Metaspace       used 22187K, capacity 22397K, committed 22528K, reserved 1069056K
  class space    used 2207K, capacity 2273K, committed 2304K, reserved 1048576K
}
Event: 43.098 GC heap before
{Heap before GC invocations=22 (full 1):
 PSYoungGen      total 130048K, used 123396K [0x00000007aab00000, 0x00000007b4300000, 0x00000007c0000000)
  eden space 105472K, 100% used [0x00000007aab00000,0x00000007b1200000,0x00000007b1200000)
  from space 24576K, 72% used [0x00000007b2b00000,0x00000007b3c81038,0x00000007b4300000)
  to   space 25088K, 0% used [0x00000007b1200000,0x00000007b1200000,0x00000007b2a80000)
 ParOldGen       total 97792K, used 44865K [0x0000000780000000, 0x0000000785f80000, 0x00000007aab00000)
  object space 97792K, 45% used [0x0000000780000000,0x0000000782bd07b8,0x0000000785f80000)
 Metaspace       used 22187K, capacity 22397K, committed 22528K, reserved 1069056K
  class space    used 2207K, capacity 2273K, committed 2304K, reserved 1048576K
Event: 43.111 GC heap after
Heap after GC invocations=22 (full 1):
 PSYoungGen      total 130560K, used 4768K [0x00000007aab00000, 0x00000007b4980000, 0x00000007c0000000)
  eden space 105472K, 0% used [0x00000007aab00000,0x00000007aab00000,0x00000007b1200000)
  from space 25088K, 19% used [0x00000007b1200000,0x00000007b16a8120,0x00000007b2a80000)
  to   space 26624K, 0% used [0x00000007b2f80000,0x00000007b2f80000,0x00000007b4980000)
 ParOldGen       total 97792K, used 57997K [0x0000000780000000, 0x0000000785f80000, 0x00000007aab00000)
  object space 97792K, 59% used [0x0000000780000000,0x00000007838a36e0,0x0000000785f80000)
 Metaspace       used 22187K, capacity 22397K, committed 22528K, reserved 1069056K
  class space    used 2207K, capacity 2273K, committed 2304K, reserved 1048576K
}
Event: 46.473 GC heap before
{Heap before GC invocations=23 (full 1):
 PSYoungGen      total 130560K, used 110240K [0x00000007aab00000, 0x00000007b4980000, 0x00000007c0000000)
  eden space 105472K, 100% used [0x00000007aab00000,0x00000007b1200000,0x00000007b1200000)
  from space 25088K, 19% used [0x00000007b1200000,0x00000007b16a8120,0x00000007b2a80000)
  to   space 26624K, 0% used [0x00000007b2f80000,0x00000007b2f80000,0x00000007b4980000)
 ParOldGen       total 97792K, used 57997K [0x0000000780000000, 0x0000000785f80000, 0x00000007aab00000)
  object space 97792K, 59% used [0x0000000780000000,0x00000007838a36e0,0x0000000785f80000)
 Metaspace       used 22243K, capacity 22461K, committed 22528K, reserved 1069056K
  class space    used 2207K, capacity 2273K, committed 2304K, reserved 1048576K
Event: 46.477 GC heap after
Heap after GC invocations=23 (full 1):
 PSYoungGen      total 135168K, used 3488K [0x00000007aab00000, 0x00000007b4a00000, 0x00000007c0000000)
  eden space 108544K, 0% used [0x00000007aab00000,0x00000007aab00000,0x00000007b1500000)
  from space 26624K, 13% used [0x00000007b2f80000,0x00000007b32e80e0,0x00000007b4980000)
  to   space 27136K, 0% used [0x00000007b1500000,0x00000007b1500000,0x00000007b2f80000)
 ParOldGen       total 97792K, used 59272K [0x0000000780000000, 0x0000000785f80000, 0x00000007aab00000)
  object space 97792K, 60% used [0x0000000780000000,0x00000007839e23a0,0x0000000785f80000)
 Metaspace       used 22243K, capacity 22461K, committed 22528K, reserved 1069056K
  class space    used 2207K, capacity 2273K, committed 2304K, reserved 1048576K
}

Deoptimization events (10 events):
Event: 22.555 Thread 0x00007faa52200000 Uncommon trap: reason=bimorphic action=maybe_recompile pc=0x000000010c43f240 method=de.fhpotsdam.unfolding.marker.AbstractMarker.getDistanceTo(Lde/fhpotsdam/unfolding/geo/Location;)D @ 1
Event: 22.555 Thread 0x00007faa52200000 Uncommon trap: reason=bimorphic action=maybe_recompile pc=0x000000010c43f240 method=de.fhpotsdam.unfolding.marker.AbstractMarker.getDistanceTo(Lde/fhpotsdam/unfolding/geo/Location;)D @ 1
Event: 22.555 Thread 0x00007faa52200000 Uncommon trap: reason=bimorphic action=maybe_recompile pc=0x000000010c43f240 method=de.fhpotsdam.unfolding.marker.AbstractMarker.getDistanceTo(Lde/fhpotsdam/unfolding/geo/Location;)D @ 1
Event: 47.489 Thread 0x00007faa52200000 Uncommon trap: reason=unstable_if action=reinterpret pc=0x000000010c3bd728 method=com.jogamp.common.util.VersionNumber.compareTo(Lcom/jogamp/common/util/VersionNumber;)I @ 21
Event: 47.490 Thread 0x00007faa511f5000 Uncommon trap: reason=class_check action=maybe_recompile pc=0x000000010c30bc10 method=java.util.Arrays.copyOf([Ljava/lang/Object;ILjava/lang/Class;)[Ljava/lang/Object; @ 24
Event: 47.492 Thread 0x00007faa511f5000 Uncommon trap: reason=unstable_if action=reinterpret pc=0x000000010c17f954 method=java.awt.Font.equals(Ljava/lang/Object;)Z @ 2
Event: 47.605 Thread 0x00007faa5295c800 Uncommon trap: reason=unstable_if action=reinterpret pc=0x000000010c3ee7e0 method=java.util.HashMap.putVal(ILjava/lang/Object;Ljava/lang/Object;ZZ)Ljava/lang/Object; @ 81
Event: 47.605 Thread 0x00007faa5295c800 Uncommon trap: reason=unstable_if action=reinterpret pc=0x000000010c2d745c method=java.util.HashMap.putVal(ILjava/lang/Object;Ljava/lang/Object;ZZ)Ljava/lang/Object; @ 81
Event: 47.620 Thread 0x00007faa52200000 Uncommon trap: reason=unstable_if action=reinterpret pc=0x000000010c6d62dc method=java.security.AccessControlContext.optimize()Ljava/security/AccessControlContext; @ 233
Event: 47.622 Thread 0x00007faa52da4000 Uncommon trap: reason=predicate action=maybe_recompile pc=0x000000010c5786b0 method=java.util.Vector.indexOf(Ljava/lang/Object;I)I @ 44

Internal exceptions (10 events):
Event: 0.189 Thread 0x00007faa52802000 Exception <a 'java/lang/NoSuchFieldError': method resolution failed> (0x00000007aacb11b8) thrown at [/Users/java_re/workspace/8-2-build-macosx-x86_64/jdk8u77/6540/hotspot/src/share/vm/prims/methodHandles.cpp, line 1146]
Event: 0.192 Thread 0x00007faa52802000 Exception <a 'java/lang/NoSuchFieldError': method resolution failed> (0x00000007aacbe988) thrown at [/Users/java_re/workspace/8-2-build-macosx-x86_64/jdk8u77/6540/hotspot/src/share/vm/prims/methodHandles.cpp, line 1146]
Event: 0.377 Thread 0x00007faa52802000 Exception <a 'java/io/FileNotFoundException'> (0x00000007aad3a6c0) thrown at [/Users/java_re/workspace/8-2-build-macosx-x86_64/jdk8u77/6540/hotspot/src/share/vm/prims/jni.cpp, line 709]
Event: 0.377 Thread 0x00007faa52802000 Exception <a 'java/io/FileNotFoundException'> (0x00000007aad3b208) thrown at [/Users/java_re/workspace/8-2-build-macosx-x86_64/jdk8u77/6540/hotspot/src/share/vm/prims/jni.cpp, line 709]
Event: 0.499 Thread 0x00007faa52802000 Exception <a 'java/io/FileNotFoundException'> (0x00000007aae21ff0) thrown at [/Users/java_re/workspace/8-2-build-macosx-x86_64/jdk8u77/6540/hotspot/src/share/vm/prims/jni.cpp, line 709]
Event: 2.589 Thread 0x00007faa51004800 Exception <a 'java/lang/NullPointerException'> (0x00000007aab00098) thrown at [/Users/java_re/workspace/8-2-build-macosx-x86_64/jdk8u77/6540/hotspot/src/share/vm/interpreter/linkResolver.cpp, line 1178]
Event: 2.705 Thread 0x00007faa52206000 Exception <a 'java/lang/UnsatisfiedLinkError': com.jogamp.common.util.JarUtil.fixNativeLibAttribs(Ljava/lang/String;)Z> (0x00000007aaf0c938) thrown at [/Users/java_re/workspace/8-2-build-macosx-x86_64/jdk8u77/6540/hotspot/src/share/vm/prims/nativeLookup.c
Event: 3.744 Thread 0x00007faa52200000 Exception <a 'java/io/FileNotFoundException'> (0x00000007ab10c158) thrown at [/Users/java_re/workspace/8-2-build-macosx-x86_64/jdk8u77/6540/hotspot/src/share/vm/prims/jni.cpp, line 709]
Event: 3.744 Thread 0x00007faa52200000 Exception <a 'java/io/FileNotFoundException'> (0x00000007ab112398) thrown at [/Users/java_re/workspace/8-2-build-macosx-x86_64/jdk8u77/6540/hotspot/src/share/vm/prims/jni.cpp, line 709]
Event: 3.744 Thread 0x00007faa52200000 Implicit null exception at 0x000000010bf5fcf5 to 0x000000010bf60081

Events (10 events):
Event: 47.621 loading class java/awt/event/AWTEventListenerProxy
Event: 47.621 loading class java/awt/event/AWTEventListenerProxy done
Event: 47.621 loading class java/awt/Toolkit$ToolkitEventMulticaster
Event: 47.621 loading class java/awt/Toolkit$ToolkitEventMulticaster done
Event: 47.622 Thread 0x00007faa5295c800 Thread exited: 0x00007faa5295c800
Event: 47.622 Thread 0x00007faa52da4000 Uncommon trap: trap_request=0xffffff86 fr.pc=0x000000010c5786b0
Event: 47.622 Thread 0x00007faa52da4000 DEOPT PACKING pc=0x000000010c5786b0 sp=0x0000700001149780
Event: 47.622 Thread 0x00007faa52da4000 DEOPT UNPACKING pc=0x000000010bdc9229 sp=0x0000700001149748 mode 2
Event: 47.622 loading class java/awt/Window$1DisposeAction
Event: 47.622 loading class java/awt/Window$1DisposeAction done


Dynamic libraries:
0x000000000b85e000 	/System/Library/Frameworks/Cocoa.framework/Versions/A/Cocoa
0x000000000b85e000 	/System/Library/Frameworks/Security.framework/Versions/A/Security
0x000000000b85e000 	/System/Library/Frameworks/ApplicationServices.framework/Versions/A/ApplicationServices
0x000000000b85e000 	/usr/lib/libz.1.dylib
0x000000000b85e000 	/usr/lib/libSystem.B.dylib
0x000000000b85e000 	/usr/lib/libobjc.A.dylib
0x000000000b85e000 	/System/Library/Frameworks/CoreFoundation.framework/Versions/A/CoreFoundation
0x000000000b85e000 	/System/Library/Frameworks/Foundation.framework/Versions/C/Foundation
0x000000000b85e000 	/System/Library/Frameworks/AppKit.framework/Versions/C/AppKit
0x000000000b85e000 	/System/Library/Frameworks/CoreData.framework/Versions/A/CoreData
0x000000000b85e000 	/System/Library/PrivateFrameworks/RemoteViewServices.framework/Versions/A/RemoteViewServices
0x000000000b85e000 	/System/Library/PrivateFrameworks/UIFoundation.framework/Versions/A/UIFoundation
0x000000000b85e000 	/usr/lib/libScreenReader.dylib
0x000000000b85e000 	/System/Library/Frameworks/Accelerate.framework/Versions/A/Accelerate
0x000000000b85e000 	/System/Library/Frameworks/IOSurface.framework/Versions/A/IOSurface
0x000000000b85e000 	/System/Library/Frameworks/AudioToolbox.framework/Versions/A/AudioToolbox
0x000000000b85e000 	/System/Library/Frameworks/AudioUnit.framework/Versions/A/AudioUnit
0x000000000b85e000 	/System/Library/PrivateFrameworks/DataDetectorsCore.framework/Versions/A/DataDetectorsCore
0x000000000b85e000 	/System/Library/PrivateFrameworks/DesktopServicesPriv.framework/Versions/A/DesktopServicesPriv
0x000000000b85e000 	/System/Library/Frameworks/Carbon.framework/Versions/A/Frameworks/HIToolbox.framework/Versions/A/HIToolbox
0x000000000b85e000 	/System/Library/Frameworks/QuartzCore.framework/Versions/A/QuartzCore
0x000000000b85e000 	/System/Library/Frameworks/Carbon.framework/Versions/A/Frameworks/SpeechRecognition.framework/Versions/A/SpeechRecognition
0x000000000b85e000 	/usr/lib/libauto.dylib
0x000000000b85e000 	/usr/lib/libicucore.A.dylib
0x000000000b85e000 	/usr/lib/libxml2.2.dylib
0x000000000b85e000 	/System/Library/PrivateFrameworks/CoreUI.framework/Versions/A/CoreUI
0x000000000b85e000 	/System/Library/Frameworks/CoreAudio.framework/Versions/A/CoreAudio
0x000000000b85e000 	/System/Library/Frameworks/DiskArbitration.framework/Versions/A/DiskArbitration
0x000000000b85e000 	/usr/lib/liblangid.dylib
0x000000000b85e000 	/System/Library/PrivateFrameworks/MultitouchSupport.framework/Versions/A/MultitouchSupport
0x000000000b85e000 	/System/Library/Frameworks/IOKit.framework/Versions/A/IOKit
0x000000000b85e000 	/usr/lib/libDiagnosticMessagesClient.dylib
0x000000000b85e000 	/System/Library/Frameworks/CoreServices.framework/Versions/A/CoreServices
0x000000000b85e000 	/System/Library/PrivateFrameworks/PerformanceAnalysis.framework/Versions/A/PerformanceAnalysis
0x000000000b85e000 	/System/Library/PrivateFrameworks/GenerationalStorage.framework/Versions/A/GenerationalStorage
0x000000000b85e000 	/System/Library/Frameworks/OpenGL.framework/Versions/A/OpenGL
0x000000000b85e000 	/System/Library/PrivateFrameworks/Sharing.framework/Versions/A/Sharing
0x000000000b85e000 	/System/Library/Frameworks/CoreGraphics.framework/Versions/A/CoreGraphics
0x000000000b85e000 	/System/Library/Frameworks/CoreImage.framework/Versions/A/CoreImage
0x000000000b85e000 	/System/Library/Frameworks/CoreText.framework/Versions/A/CoreText
0x000000000b85e000 	/System/Library/Frameworks/ImageIO.framework/Versions/A/ImageIO
0x000000000b85e000 	/System/Library/PrivateFrameworks/Backup.framework/Versions/A/Backup
0x000000000b85e000 	/usr/lib/libextension.dylib
0x000000000b85e000 	/usr/lib/libarchive.2.dylib
0x000000000b85e000 	/System/Library/Frameworks/CFNetwork.framework/Versions/A/CFNetwork
0x000000000b85e000 	/System/Library/Frameworks/SystemConfiguration.framework/Versions/A/SystemConfiguration
0x000000000b85e000 	/usr/lib/libCRFSuite.dylib
0x000000000b85e000 	/usr/lib/libc++.1.dylib
0x000000000b85e000 	/usr/lib/libc++abi.dylib
0x000000000b85e000 	/usr/lib/system/libcache.dylib
0x000000000b85e000 	/usr/lib/system/libcommonCrypto.dylib
0x000000000b85e000 	/usr/lib/system/libcompiler_rt.dylib
0x000000000b85e000 	/usr/lib/system/libcopyfile.dylib
0x000000000b85e000 	/usr/lib/system/libcorecrypto.dylib
0x000000000b85e000 	/usr/lib/system/libdispatch.dylib
0x000000000b85e000 	/usr/lib/system/libdyld.dylib
0x000000000b85e000 	/usr/lib/system/libkeymgr.dylib
0x000000000b85e000 	/usr/lib/system/liblaunch.dylib
0x000000000b85e000 	/usr/lib/system/libmacho.dylib
0x000000000b85e000 	/usr/lib/system/libquarantine.dylib
0x000000000b85e000 	/usr/lib/system/libremovefile.dylib
0x000000000b85e000 	/usr/lib/system/libsystem_asl.dylib
0x000000000b85e000 	/usr/lib/system/libsystem_blocks.dylib
0x000000000b85e000 	/usr/lib/system/libsystem_c.dylib
0x000000000b85e000 	/usr/lib/system/libsystem_configuration.dylib
0x000000000b85e000 	/usr/lib/system/libsystem_coreservices.dylib
0x000000000b85e000 	/usr/lib/system/libsystem_coretls.dylib
0x000000000b85e000 	/usr/lib/system/libsystem_dnssd.dylib
0x000000000b85e000 	/usr/lib/system/libsystem_info.dylib
0x000000000b85e000 	/usr/lib/system/libsystem_kernel.dylib
0x000000000b85e000 	/usr/lib/system/libsystem_m.dylib
0x000000000b85e000 	/usr/lib/system/libsystem_malloc.dylib
0x000000000b85e000 	/usr/lib/system/libsystem_network.dylib
0x000000000b85e000 	/usr/lib/system/libsystem_networkextension.dylib
0x000000000b85e000 	/usr/lib/system/libsystem_notify.dylib
0x000000000b85e000 	/usr/lib/system/libsystem_platform.dylib
0x000000000b85e000 	/usr/lib/system/libsystem_pthread.dylib
0x000000000b85e000 	/usr/lib/system/libsystem_sandbox.dylib
0x000000000b85e000 	/usr/lib/system/libsystem_secinit.dylib
0x000000000b85e000 	/usr/lib/system/libsystem_trace.dylib
0x000000000b85e000 	/usr/lib/system/libunc.dylib
0x000000000b85e000 	/usr/lib/system/libunwind.dylib
0x000000000b85e000 	/usr/lib/system/libxpc.dylib
0x000000000b85e000 	/usr/lib/libenergytrace.dylib
0x000000000b85e000 	/usr/lib/libbsm.0.dylib
0x000000000b85e000 	/usr/lib/system/libkxld.dylib
0x000000000b85e000 	/usr/lib/libxar.1.dylib
0x000000000b85e000 	/usr/lib/libsqlite3.dylib
0x000000000b85e000 	/usr/lib/libpam.2.dylib
0x000000000b85e000 	/usr/lib/libOpenScriptingUtil.dylib
0x000000000b85e000 	/usr/lib/libbz2.1.0.dylib
0x000000000b85e000 	/usr/lib/liblzma.5.dylib
0x000000000b85e000 	/System/Library/Frameworks/CoreServices.framework/Versions/A/Frameworks/FSEvents.framework/Versions/A/FSEvents
0x000000000b85e000 	/System/Library/Frameworks/CoreServices.framework/Versions/A/Frameworks/CarbonCore.framework/Versions/A/CarbonCore
0x000000000b85e000 	/System/Library/Frameworks/CoreServices.framework/Versions/A/Frameworks/Metadata.framework/Versions/A/Metadata
0x000000000b85e000 	/System/Library/Frameworks/CoreServices.framework/Versions/A/Frameworks/OSServices.framework/Versions/A/OSServices
0x000000000b85e000 	/System/Library/Frameworks/CoreServices.framework/Versions/A/Frameworks/SearchKit.framework/Versions/A/SearchKit
0x000000000b85e000 	/System/Library/Frameworks/CoreServices.framework/Versions/A/Frameworks/AE.framework/Versions/A/AE
0x000000000b85e000 	/System/Library/Frameworks/CoreServices.framework/Versions/A/Frameworks/LaunchServices.framework/Versions/A/LaunchServices
0x000000000b85e000 	/System/Library/Frameworks/CoreServices.framework/Versions/A/Frameworks/DictionaryServices.framework/Versions/A/DictionaryServices
0x000000000b85e000 	/System/Library/Frameworks/CoreServices.framework/Versions/A/Frameworks/SharedFileList.framework/Versions/A/SharedFileList
0x000000000b85e000 	/System/Library/Frameworks/NetFS.framework/Versions/A/NetFS
0x000000000b85e000 	/System/Library/PrivateFrameworks/NetAuth.framework/Versions/A/NetAuth
0x000000000b85e000 	/System/Library/PrivateFrameworks/login.framework/Versions/A/Frameworks/loginsupport.framework/Versions/A/loginsupport
0x000000000b85e000 	/System/Library/PrivateFrameworks/TCC.framework/Versions/A/TCC
0x000000000b85e000 	/usr/lib/libmecabra.dylib
0x000000000b85e000 	/System/Library/Frameworks/ApplicationServices.framework/Versions/A/Frameworks/ATS.framework/Versions/A/ATS
0x000000000b85e000 	/System/Library/Frameworks/ApplicationServices.framework/Versions/A/Frameworks/ColorSync.framework/Versions/A/ColorSync
0x000000000b85e000 	/System/Library/Frameworks/ApplicationServices.framework/Versions/A/Frameworks/HIServices.framework/Versions/A/HIServices
0x000000000b85e000 	/System/Library/Frameworks/ApplicationServices.framework/Versions/A/Frameworks/LangAnalysis.framework/Versions/A/LangAnalysis
0x000000000b85e000 	/System/Library/Frameworks/ApplicationServices.framework/Versions/A/Frameworks/PrintCore.framework/Versions/A/PrintCore
0x000000000b85e000 	/System/Library/Frameworks/ApplicationServices.framework/Versions/A/Frameworks/QD.framework/Versions/A/QD
0x000000000b85e000 	/System/Library/Frameworks/ApplicationServices.framework/Versions/A/Frameworks/SpeechSynthesis.framework/Versions/A/SpeechSynthesis
0x000000000b85e000 	/System/Library/Frameworks/Metal.framework/Versions/A/Metal
0x000000000b85e000 	/System/Library/Frameworks/Accelerate.framework/Versions/A/Frameworks/vImage.framework/Versions/A/vImage
0x000000000b85e000 	/System/Library/Frameworks/Accelerate.framework/Versions/A/Frameworks/vecLib.framework/Versions/A/vecLib
0x000000000b85e000 	/System/Library/Frameworks/Accelerate.framework/Versions/A/Frameworks/vecLib.framework/Versions/A/libvDSP.dylib
0x000000000b85e000 	/System/Library/Frameworks/Accelerate.framework/Versions/A/Frameworks/vecLib.framework/Versions/A/libvMisc.dylib
0x000000000b85e000 	/System/Library/Frameworks/Accelerate.framework/Versions/A/Frameworks/vecLib.framework/Versions/A/libLAPACK.dylib
0x000000000b85e000 	/System/Library/Frameworks/Accelerate.framework/Versions/A/Frameworks/vecLib.framework/Versions/A/libBLAS.dylib
0x000000000b85e000 	/System/Library/Frameworks/Accelerate.framework/Versions/A/Frameworks/vecLib.framework/Versions/A/libLinearAlgebra.dylib
0x000000000b85e000 	/System/Library/Frameworks/Accelerate.framework/Versions/A/Frameworks/vecLib.framework/Versions/A/libSparseBLAS.dylib
0x000000000b85e000 	/System/Library/PrivateFrameworks/GPUCompiler.framework/libmetal_timestamp.dylib
0x000000000b85e000 	/System/Library/Frameworks/OpenGL.framework/Versions/A/Libraries/libCoreFSCache.dylib
0x000000000b85e000 	/System/Library/PrivateFrameworks/IOAccelerator.framework/Versions/A/IOAccelerator
0x000000000b85e000 	/System/Library/Frameworks/ApplicationServices.framework/Versions/A/Frameworks/ATS.framework/Versions/A/Resources/libFontParser.dylib
0x000000000b85e000 	/System/Library/Frameworks/ApplicationServices.framework/Versions/A/Frameworks/ATS.framework/Versions/A/Resources/libFontRegistry.dylib
0x000000000b85e000 	/System/Library/PrivateFrameworks/AppleVPA.framework/Versions/A/AppleVPA
0x000000000b85e000 	/System/Library/PrivateFrameworks/AppleJPEG.framework/Versions/A/AppleJPEG
0x000000000b85e000 	/System/Library/Frameworks/ImageIO.framework/Versions/A/Resources/libJPEG.dylib
0x000000000b85e000 	/System/Library/Frameworks/ImageIO.framework/Versions/A/Resources/libTIFF.dylib
0x000000000b85e000 	/System/Library/Frameworks/ImageIO.framework/Versions/A/Resources/libPng.dylib
0x000000000b85e000 	/System/Library/Frameworks/ImageIO.framework/Versions/A/Resources/libGIF.dylib
0x000000000b85e000 	/System/Library/Frameworks/ImageIO.framework/Versions/A/Resources/libJP2.dylib
0x000000000b85e000 	/System/Library/Frameworks/ImageIO.framework/Versions/A/Resources/libRadiance.dylib
0x000000000b85e000 	/System/Library/Frameworks/CoreVideo.framework/Versions/A/CoreVideo
0x000000000b85e000 	/System/Library/Frameworks/OpenGL.framework/Versions/A/Libraries/libGLU.dylib
0x000000000b85e000 	/System/Library/Frameworks/OpenGL.framework/Versions/A/Libraries/libGFXShared.dylib
0x000000000b85e000 	/System/Library/Frameworks/OpenGL.framework/Versions/A/Libraries/libGL.dylib
0x000000000b85e000 	/System/Library/Frameworks/OpenGL.framework/Versions/A/Libraries/libGLImage.dylib
0x000000000b85e000 	/System/Library/Frameworks/OpenGL.framework/Versions/A/Libraries/libCVMSPluginSupport.dylib
0x000000000b85e000 	/System/Library/Frameworks/OpenGL.framework/Versions/A/Libraries/libCoreVMClient.dylib
0x000000000b85e000 	/usr/lib/libcompression.dylib
0x000000000b85e000 	/usr/lib/libcups.2.dylib
0x000000000b85e000 	/System/Library/Frameworks/Kerberos.framework/Versions/A/Kerberos
0x000000000b85e000 	/System/Library/Frameworks/GSS.framework/Versions/A/GSS
0x000000000b85e000 	/usr/lib/libresolv.9.dylib
0x000000000b85e000 	/usr/lib/libiconv.2.dylib
0x000000000b85e000 	/System/Library/PrivateFrameworks/Heimdal.framework/Versions/A/Heimdal
0x000000000b85e000 	/usr/lib/libheimdal-asn1.dylib
0x000000000b85e000 	/System/Library/Frameworks/OpenDirectory.framework/Versions/A/OpenDirectory
0x000000000b85e000 	/System/Library/PrivateFrameworks/CommonAuth.framework/Versions/A/CommonAuth
0x000000000b85e000 	/System/Library/Frameworks/OpenDirectory.framework/Versions/A/Frameworks/CFOpenDirectory.framework/Versions/A/CFOpenDirectory
0x000000000b85e000 	/System/Library/Frameworks/SecurityFoundation.framework/Versions/A/SecurityFoundation
0x000000000b85e000 	/System/Library/PrivateFrameworks/LanguageModeling.framework/Versions/A/LanguageModeling
0x000000000b85e000 	/usr/lib/libmarisa.dylib
0x000000000b85e000 	/usr/lib/libChineseTokenizer.dylib
0x000000000b85e000 	/usr/lib/libcmph.dylib
0x000000000b85e000 	/System/Library/Frameworks/ServiceManagement.framework/Versions/A/ServiceManagement
0x000000000b85e000 	/usr/lib/libxslt.1.dylib
0x000000000b85e000 	/System/Library/Frameworks/Carbon.framework/Versions/A/Frameworks/Ink.framework/Versions/A/Ink
0x000000000b85e000 	/usr/lib/libFosl_dynamic.dylib
0x000000000b85e000 	/System/Library/PrivateFrameworks/FaceCore.framework/Versions/A/FaceCore
0x000000000b85e000 	/System/Library/Frameworks/OpenCL.framework/Versions/A/OpenCL
0x000000000b85e000 	/System/Library/PrivateFrameworks/CrashReporterSupport.framework/Versions/A/CrashReporterSupport
0x000000000b85e000 	/System/Library/PrivateFrameworks/IconServices.framework/Versions/A/IconServices
0x000000000b85e000 	/System/Library/PrivateFrameworks/Apple80211.framework/Versions/A/Apple80211
0x000000000b85e000 	/System/Library/Frameworks/CoreWLAN.framework/Versions/A/CoreWLAN
0x000000000b85e000 	/System/Library/Frameworks/IOBluetooth.framework/Versions/A/IOBluetooth
0x000000000b85e000 	/System/Library/PrivateFrameworks/CoreWiFi.framework/Versions/A/CoreWiFi
0x000000000b85e000 	/System/Library/Frameworks/CoreBluetooth.framework/Versions/A/CoreBluetooth
0x000000000b85e000 	/System/Library/PrivateFrameworks/ChunkingLibrary.framework/Versions/A/ChunkingLibrary
0x000000000b85e000 	/System/Library/PrivateFrameworks/DebugSymbols.framework/Versions/A/DebugSymbols
0x000000000b85e000 	/System/Library/PrivateFrameworks/CoreSymbolication.framework/Versions/A/CoreSymbolication
0x000000000b85e000 	/System/Library/PrivateFrameworks/Symbolication.framework/Versions/A/Symbolication
0x000000000b85e000 	/System/Library/PrivateFrameworks/SpeechRecognitionCore.framework/Versions/A/SpeechRecognitionCore
0x000000010ae00000 	/Library/Java/JavaVirtualMachines/jdk1.8.0_77.jdk/Contents/Home/jre/lib/server/libjvm.dylib
0x000000000b85e000 	/usr/lib/libstdc++.6.dylib
0x000000010a5df000 	/Library/Java/JavaVirtualMachines/jdk1.8.0_77.jdk/Contents/Home/jre/lib/libverify.dylib
0x000000010bd8f000 	/Library/Java/JavaVirtualMachines/jdk1.8.0_77.jdk/Contents/Home/jre/lib/libjava.dylib
0x000000010a5f7000 	/Library/Java/JavaVirtualMachines/jdk1.8.0_77.jdk/Contents/Home/jre/lib/libzip.dylib
0x000000011f1be000 	/System/Library/Frameworks/JavaVM.framework/Frameworks/JavaRuntimeSupport.framework/JavaRuntimeSupport
0x000000011f1d9000 	/System/Library/Frameworks/JavaVM.framework/Versions/A/Frameworks/JavaNativeFoundation.framework/Versions/A/JavaNativeFoundation
0x000000011f1ee000 	/System/Library/Frameworks/JavaVM.framework/Versions/A/JavaVM
0x000000000b85e000 	/System/Library/Frameworks/Carbon.framework/Versions/A/Carbon
0x000000011f1fb000 	/System/Library/PrivateFrameworks/JavaLaunching.framework/Versions/A/JavaLaunching
0x000000000b85e000 	/System/Library/Frameworks/Carbon.framework/Versions/A/Frameworks/CommonPanels.framework/Versions/A/CommonPanels
0x000000000b85e000 	/System/Library/Frameworks/Carbon.framework/Versions/A/Frameworks/Help.framework/Versions/A/Help
0x000000000b85e000 	/System/Library/Frameworks/Carbon.framework/Versions/A/Frameworks/ImageCapture.framework/Versions/A/ImageCapture
0x000000000b85e000 	/System/Library/Frameworks/Carbon.framework/Versions/A/Frameworks/OpenScripting.framework/Versions/A/OpenScripting
0x000000000b85e000 	/System/Library/Frameworks/Carbon.framework/Versions/A/Frameworks/Print.framework/Versions/A/Print
0x000000000b85e000 	/System/Library/Frameworks/Carbon.framework/Versions/A/Frameworks/SecurityHI.framework/Versions/A/SecurityHI
0x0000000120b1f000 	/Library/Java/JavaVirtualMachines/jdk1.8.0_77.jdk/Contents/Home/jre/lib/libawt.dylib
0x0000000120bc7000 	/Library/Java/JavaVirtualMachines/jdk1.8.0_77.jdk/Contents/Home/jre/lib/./libmlib_image.dylib
0x0000000120c93000 	/Library/Java/JavaVirtualMachines/jdk1.8.0_77.jdk/Contents/Home/jre/lib/libawt_lwawt.dylib
0x0000000120d48000 	/Library/Java/JavaVirtualMachines/jdk1.8.0_77.jdk/Contents/Home/jre/lib/./libosxapp.dylib
0x000000000b85e000 	/System/Library/Frameworks/ExceptionHandling.framework/Versions/A/ExceptionHandling
0x000000000b85e000 	/System/Library/PrivateFrameworks/CoreServicesInternal.framework/Versions/A/CoreServicesInternal
0x000000000b85e000 	/System/Library/Frameworks/CoreGraphics.framework/Versions/A/Resources/libRIP.A.dylib
0x000000000b85e000 	/System/Library/Frameworks/Accelerate.framework/Versions/A/Frameworks/vImage.framework/Versions/A/Libraries/libCGInterfaces.dylib
0x000000000b85e000 	/System/Library/Frameworks/CoreGraphics.framework/Versions/A/Resources/libCGXType.A.dylib
0x000000000b85e000 	/System/Library/Frameworks/OpenCL.framework/Versions/A/Libraries/libcldcpuengine.dylib
0x000000000b85e000 	/System/Library/PrivateFrameworks/DiskImages.framework/Versions/A/DiskImages
0x000000000b85e000 	/System/Library/Frameworks/DiscRecording.framework/Versions/A/DiscRecording
0x000000000b85e000 	/usr/lib/libcsfde.dylib
0x000000000b85e000 	/usr/lib/libcurl.4.dylib
0x000000000b85e000 	/System/Library/PrivateFrameworks/MediaKit.framework/Versions/A/MediaKit
0x000000000b85e000 	/System/Library/PrivateFrameworks/ProtectedCloudStorage.framework/Versions/A/ProtectedCloudStorage
0x000000000b85e000 	/usr/lib/libCoreStorage.dylib
0x000000000b85e000 	/System/Library/PrivateFrameworks/EFILogin.framework/Versions/A/EFILogin
0x000000000b85e000 	/usr/lib/libutil.dylib
0x000000000b85e000 	/System/Library/PrivateFrameworks/FindMyDevice.framework/Versions/A/FindMyDevice
0x000000000b85e000 	/System/Library/Frameworks/LDAP.framework/Versions/A/LDAP
0x000000000b85e000 	/usr/lib/libsasl2.2.dylib
0x000000000b85e000 	/System/Library/PrivateFrameworks/CoreDaemon.framework/Versions/B/CoreDaemon
0x000000000b85e000 	/usr/lib/libcrypto.0.9.8.dylib
0x000000000b85e000 	/System/Library/PrivateFrameworks/AppleSRP.framework/Versions/A/AppleSRP
0x000000000b85e000 	/System/Library/PrivateFrameworks/TrustEvaluationAgent.framework/Versions/A/TrustEvaluationAgent
0x00000001224d7000 	cl_kernels
0x000000000b85e000 	/System/Library/Frameworks/OpenCL.framework/Versions/A/Libraries/ImageFormats/unorm8_bgra.dylib
0x000000000b85e000 	/System/Library/Frameworks/OpenCL.framework/Versions/A/Libraries/ImageFormats/unorm8_rgba.dylib
0x000000000b85e000 	/System/Library/PrivateFrameworks/FamilyControls.framework/Versions/A/FamilyControls
0x000000000b85e000 	/System/Library/PrivateFrameworks/CommerceKit.framework/Versions/A/Frameworks/CommerceCore.framework/Versions/A/CommerceCore
0x000000000b85e000 	/System/Library/PrivateFrameworks/SystemAdministration.framework/Versions/A/SystemAdministration
0x000000000b85e000 	/System/Library/PrivateFrameworks/AppContainer.framework/Versions/A/AppContainer
0x000000000b85e000 	/System/Library/PrivateFrameworks/SecCodeWrapper.framework/Versions/A/SecCodeWrapper
0x000000000b85e000 	/System/Library/Frameworks/DirectoryService.framework/Versions/A/DirectoryService
0x000000000b85e000 	/System/Library/PrivateFrameworks/LoginUIKit.framework/Versions/A/Frameworks/LoginUICore.framework/Versions/A/LoginUICore
0x000000000b85e000 	/usr/lib/libodfde.dylib
0x000000000b85e000 	/System/Library/Frameworks/OpenGL.framework/Versions/A/Resources/GLEngine.bundle/GLEngine
0x000000000b85e000 	/System/Library/Frameworks/OpenGL.framework/Versions/A/Libraries/libGLProgrammability.dylib
0x0000000123516000 	/System/Library/Extensions/AppleIntelHD5000GraphicsGLDriver.bundle/Contents/MacOS/AppleIntelHD5000GraphicsGLDriver
0x000000000b85e000 	/System/Library/PrivateFrameworks/GPUSupport.framework/Versions/A/Libraries/libGPUSupportMercury.dylib
0x000000000b85e000 	/System/Library/Frameworks/OpenGL.framework/Versions/A/Resources/GLRendererFloat.bundle/GLRendererFloat
0x0000000124506000 	/Library/Java/JavaVirtualMachines/jdk1.8.0_77.jdk/Contents/Home/jre/lib/libfontmanager.dylib
0x00000001259a6000 	/Library/Java/JavaVirtualMachines/jdk1.8.0_77.jdk/Contents/Home/jre/lib/libosxui.dylib
0x00000001266c7000 	/Library/Java/JavaVirtualMachines/jdk1.8.0_77.jdk/Contents/Home/jre/lib/libnet.dylib
0x000000012650d000 	/Library/Java/JavaVirtualMachines/jdk1.8.0_77.jdk/Contents/Home/jre/lib/libnio.dylib
0x000000000b85e000 	/System/Library/Frameworks/ApplicationServices.framework/Versions/A/Frameworks/ATS.framework/Versions/A/Resources/libTrueTypeScaler.dylib
0x000000017f421000 	/System/Library/Extensions/AppleIntelHD5000GraphicsMTLDriver.bundle/Contents/MacOS/AppleIntelHD5000GraphicsMTLDriver
0x0000000121a82000 	/private/var/folders/vm/c6ql63410d962mlmgt4yhc5h0000gn/T/jogamp_0000/file_cache/jln2370747985994264982/jln3587383540098904861/libgluegen-rt.jnilib
0x0000000121a87000 	/private/var/folders/vm/c6ql63410d962mlmgt4yhc5h0000gn/T/jogamp_0000/file_cache/jln2370747985994264982/jln3587383540098904861/libnativewindow_awt.jnilib
0x0000000121a8a000 	/Library/Java/JavaVirtualMachines/jdk1.8.0_77.jdk/Contents/Home/jre/lib/libjawt.dylib
0x0000000121a8d000 	/private/var/folders/vm/c6ql63410d962mlmgt4yhc5h0000gn/T/jogamp_0000/file_cache/jln2370747985994264982/jln3587383540098904861/libnativewindow_macosx.jnilib
0x0000000181269000 	/private/var/folders/vm/c6ql63410d962mlmgt4yhc5h0000gn/T/jogamp_0000/file_cache/jln2370747985994264982/jln3587383540098904861/libjogl_desktop.jnilib
0x0000000188199000 	/Library/Java/JavaVirtualMachines/jdk1.8.0_77.jdk/Contents/Home/jre/lib/libt2k.dylib

VM Arguments:
jvm_args: -Djava.security.policy=java.policy.applet -Dfile.encoding=UTF-8 
java_command: sun.applet.AppletViewer module6.EarthquakeCityMap1464487083314.html
java_class_path (initial): /Users/xingdu/Documents/workspace/UCSDUnfoldingMaps/build:/Users/xingdu/Documents/workspace/UCSDUnfoldingMaps/lib/core.jar:/Users/xingdu/Documents/workspace/UCSDUnfoldingMaps/lib/gluegen-rt.jar:/Users/xingdu/Documents/workspace/UCSDUnfoldingMaps/lib/jogl-all.jar:/Users/xingdu/Documents/workspace/UCSDUnfoldingMaps/lib/log4j-1.2.15.jar:/Users/xingdu/Documents/workspace/UCSDUnfoldingMaps/lib/sqlite-jdbc-3.7.2.jar:/Users/xingdu/Documents/workspace/UCSDUnfoldingMaps/lib/json4processing.jar:/Users/xingdu/Documents/workspace/UCSDUnfoldingMaps/lib/libTUIO.jar:/Users/xingdu/Documents/workspace/UCSDUnfoldingMaps/lib/unfolding.0.9.7-uscd.jar
Launcher Type: SUN_STANDARD

Environment Variables:
PATH=/usr/bin:/bin:/usr/sbin:/sbin
SHELL=/bin/bash

Signal Handlers:
SIGSEGV: [libjvm.dylib+0x5a6855], sa_mask[0]=11111111011111110111111111111111, sa_flags=SA_ONSTACK|SA_RESTART|SA_SIGINFO
SIGBUS: [libjvm.dylib+0x5a6855], sa_mask[0]=11111111011111110111111111111111, sa_flags=SA_RESTART|SA_SIGINFO
SIGFPE: [libjvm.dylib+0x4804ec], sa_mask[0]=11111111011111110111111111111111, sa_flags=SA_RESTART|SA_SIGINFO
SIGPIPE: [libjvm.dylib+0x4804ec], sa_mask[0]=11111111011111110111111111111111, sa_flags=SA_RESTART|SA_SIGINFO
SIGXFSZ: [libjvm.dylib+0x4804ec], sa_mask[0]=11111111011111110111111111111111, sa_flags=SA_RESTART|SA_SIGINFO
SIGILL: [libjvm.dylib+0x4804ec], sa_mask[0]=11111111011111110111111111111111, sa_flags=SA_RESTART|SA_SIGINFO
SIGUSR1: SIG_DFL, sa_mask[0]=00000000000000000000000000000000, sa_flags=none
SIGUSR2: [libjvm.dylib+0x48000a], sa_mask[0]=00100000000000000000000000000000, sa_flags=SA_RESTART|SA_SIGINFO
SIGHUP: [libjvm.dylib+0x47e5e1], sa_mask[0]=11111111011111110111111111111111, sa_flags=SA_RESTART|SA_SIGINFO
SIGINT: [libjvm.dylib+0x47e5e1], sa_mask[0]=11111111011111110111111111111111, sa_flags=SA_RESTART|SA_SIGINFO
SIGTERM: [libjvm.dylib+0x47e5e1], sa_mask[0]=11111111011111110111111111111111, sa_flags=SA_RESTART|SA_SIGINFO
SIGQUIT: [libjvm.dylib+0x47e5e1], sa_mask[0]=11111111011111110111111111111111, sa_flags=SA_RESTART|SA_SIGINFO


---------------  S Y S T E M  ---------------

OS:Bsduname:Darwin 15.5.0 Darwin Kernel Version 15.5.0: Tue Apr 19 18:36:36 PDT 2016; root:xnu-3248.50.21~8/RELEASE_X86_64 x86_64
rlimit: STACK 8192k, CORE 0k, NPROC 709, NOFILE 10240, AS infinity
load average:2.20 2.55 2.23

CPU:total 4 (2 cores per cpu, 2 threads per core) family 6 model 69 stepping 1, cmov, cx8, fxsr, mmx, sse, sse2, sse3, ssse3, sse4.1, sse4.2, popcnt, avx, avx2, aes, clmul, erms, lzcnt, ht, tsc, tscinvbit, bmi1, bmi2

Memory: 4k page, physical 4194304k(53792k free)

/proc/meminfo:


vm_info: Java HotSpot(TM) 64-Bit Server VM (25.77-b03) for bsd-amd64 JRE (1.8.0_77-b03), built on Mar 20 2016 22:14:03 by "java_re" with gcc 4.2.1 (Based on Apple Inc. build 5658) (LLVM build 2336.11.00)

time: Sat May 28 21:58:51 2016
elapsed time: 47 seconds (0d 0h 0m 47s)

