#
# A fatal error has been detected by the Java Runtime Environment:
#
#  SIGSEGV (0xb) at pc=0x00007fff8cbb4097, pid=1559, tid=3335
#
# JRE version: Java(TM) SE Runtime Environment (8.0_77-b03) (build 1.8.0_77-b03)
# Java VM: Java HotSpot(TM) 64-Bit Server VM (25.77-b03 mixed mode bsd-amd64 compressed oops)
# Problematic frame:
# C  [libobjc.A.dylib+0x5097]  objc_msgSend+0x17
#
# Failed to write core dump. Core dumps have been disabled. To enable core dumping, try "ulimit -c unlimited" before starting Java again
#
# If you would like to submit a bug report, please visit:
#   http://bugreport.java.com/bugreport/crash.jsp
# The crash happened outside the Java Virtual Machine in native code.
# See problematic frame for where to report the bug.
#

---------------  T H R E A D  ---------------

Current thread (0x00007f974190c800):  JavaThread "AWT-AppKit" daemon [_thread_in_native, id=3335, stack(0x00007fff57d41000,0x00007fff58541000)]

siginfo: si_signo: 11 (SIGSEGV), si_code: 0 (unknown), si_addr: 0x0000000000000000

Registers:
RAX=0x00007f9744a2ca90, RBX=0x000000017536f450, RCX=0x0000000123c09ec0, RDX=0x0000000123c092a0
RSP=0x00007fff5853c2c8, RBP=0x00007fff5853c380, RSI=0x00007fff965084c6, RDI=0x00007f9744bb62b0
R8 =0x0000000000000000, R9 =0x00000000000006d0, R10=0x00007fff965084c6, R11=0x5000000000000000
R12=0x0000000000000000, R13=0x00000001768b74b8, R14=0x000000017536f440, R15=0x00007f974190c800
RIP=0x00007fff8cbb4097, EFLAGS=0x0000000000010246, ERR=0x0000000000000000
  TRAPNO=0x000000000000000d

Top of Stack: (sp=0x00007fff5853c2c8)
0x00007fff5853c2c8:   000000017536d157 00007fff5853c320
0x00007fff5853c2d8:   0000000000000003 00007fff5853c300
0x00007fff5853c2e8:   00000001079aeb02 00000001768b74b8
0x00007fff5853c2f8:   00000001768b74b8 00007f9744a2ca90
0x00007fff5853c308:   000000017536f6a0 000000017536f710
0x00007fff5853c318:   00007fff7aa2dfb0 00007fff79468420
0x00007fff5853c328:   000000017536f450 000000017536f690
0x00007fff5853c338:   00007f9744a2ca90 00007f9744bb62b0
0x00007fff5853c348:   00007f97406144d0 00007f9744a2ca90
0x00007fff5853c358:   00007f9744bb62b0 00007fff5853c408
0x00007fff5853c368:   00007f974190c9f8 00000001768b74b8
0x00007fff5853c378:   00007fff5853c430 00007fff5853c3f8
0x00007fff5853c388:   0000000109118954 00000001768b74b8
0x00007fff5853c398:   00007fff5853c430 00007fff5853c3f8
0x00007fff5853c3a8:   00000001091186e7 00000001091186a2
0x00007fff5853c3b8:   00007fff5853c3b8 00000001768b74b8
0x00007fff5853c3c8:   00007fff5853c430 00000001768ba0f0
0x00007fff5853c3d8:   0000000000000000 00000001768b74b8
0x00007fff5853c3e8:   0000000000000000 00007fff5853c418
0x00007fff5853c3f8:   00007fff5853c478 000000010910ac4d
0x00007fff5853c408:   0000000781130b58 0000000109112578
0x00007fff5853c418:   00007f9744a2ca90 00007fff5853c478
0x00007fff5853c428:   00007f9744bb62b0 0000000109113d82
0x00007fff5853c438:   00007fff5853c438 00000001768b7682
0x00007fff5853c448:   00007fff5853c4a0 00000001768ba0f0
0x00007fff5853c458:   0000000000000000 00000001768b7690
0x00007fff5853c468:   00007fff5853c418 00007fff5853c488
0x00007fff5853c478:   00007fff5853c4e8 000000010910ac4d
0x00007fff5853c488:   00007f9744a2ca90 00000007809207c8
0x00007fff5853c498:   00007f9744bb62b0 00000007809207c8
0x00007fff5853c4a8:   00007fff5853c4a8 000000017e9b065e
0x00007fff5853c4b8:   00007fff5853c4f8 000000017e9b0718 

Instructions: (pc=0x00007fff8cbb4097)
0x00007fff8cbb4077:   90 90 90 90 90 90 90 90 90 48 85 ff 2e 74 72 40
0x00007fff8cbb4087:   f6 c7 01 2e 0f 85 7e 00 00 00 4c 8b 1f 49 89 f2
0x00007fff8cbb4097:   45 23 53 18 49 c1 e2 04 4d 03 53 10 49 3b 32 75
0x00007fff8cbb40a7:   04 41 ff 62 08 49 83 3a 00 74 74 4d 3b 53 10 74 

Register to memory mapping:

RAX=0x00007f9744a2ca90 is an unknown value
RBX=0x000000017536f450: Java_jogamp_nativewindow_macosx_OSXUtil_GetScreenRefreshRate0+0x1cf0 in /private/var/folders/vm/c6ql63410d962mlmgt4yhc5h0000gn/T/jogamp_0000/file_cache/jln6735131387097367808/jln7352928920412561570/libnativewindow_macosx.jnilib at 0x0000000175368000
RCX=0x0000000123c09ec0 is an unknown value
RDX=0x0000000123c092a0 is an unknown value
RSP=0x00007fff5853c2c8 is pointing into the stack for thread: 0x00007f974190c800
RBP=0x00007fff5853c380 is pointing into the stack for thread: 0x00007f974190c800
RSI=0x00007fff965084c6: NSAppKitVersionNumber+0x12eb6 in /System/Library/Frameworks/AppKit.framework/Versions/C/AppKit at 0x00007fff95aa5000
RDI=0x00007f9744bb62b0 is an unknown value
R8 =0x0000000000000000 is an unknown value
R9 =0x00000000000006d0 is an unknown value
R10=0x00007fff965084c6: NSAppKitVersionNumber+0x12eb6 in /System/Library/Frameworks/AppKit.framework/Versions/C/AppKit at 0x00007fff95aa5000
R11=0x5000000000000000 is an unknown value
R12=0x0000000000000000 is an unknown value
R13={method} {0x00000001768b74b8} 'UnsetJAWTRootSurfaceLayer0' '(JJ)V' in 'jogamp/nativewindow/jawt/macosx/MacOSXJAWTWindow'
R14=0x000000017536f440: Java_jogamp_nativewindow_macosx_OSXUtil_GetScreenRefreshRate0+0x1ce0 in /private/var/folders/vm/c6ql63410d962mlmgt4yhc5h0000gn/T/jogamp_0000/file_cache/jln6735131387097367808/jln7352928920412561570/libnativewindow_macosx.jnilib at 0x0000000175368000
R15=0x00007f974190c800 is a thread


Stack: [0x00007fff57d41000,0x00007fff58541000],  sp=0x00007fff5853c2c8,  free space=8172k
Native frames: (J=compiled Java code, j=interpreted, Vv=VM code, C=native code)
C  [libobjc.A.dylib+0x5097]  objc_msgSend+0x17
j  jogamp.nativewindow.jawt.macosx.MacOSXJAWTWindow.UnsetJAWTRootSurfaceLayer0(JJ)V+0
j  jogamp.nativewindow.jawt.macosx.MacOSXJAWTWindow.access$200(JJ)V+2
j  jogamp.nativewindow.jawt.macosx.MacOSXJAWTWindow$1.run()V+38
J 2426 C1 com.jogamp.common.util.RunnableTask.run()V (345 bytes) @ 0x00000001098d7ed4 [0x00000001098d7d40+0x194]
v  ~StubRoutines::call_stub
V  [libjvm.dylib+0x2ea39e]
V  [libjvm.dylib+0x3214a7]
V  [libjvm.dylib+0x313c7b]
C  [libnativewindow_macosx.jnilib+0x5326]  Java_jogamp_nativewindow_jawt_macosx_MacOSXJAWTWindow_UnsetJAWTRootSurfaceLayer0+0x2b6
C  [Foundation+0x6375e]  __NSThreadPerformPerform+0xe5
C  [CoreFoundation+0x7f5b1]  __CFRUNLOOP_IS_CALLING_OUT_TO_A_SOURCE0_PERFORM_FUNCTION__+0x11
C  [CoreFoundation+0x70d29]  __CFRunLoopDoSources0+0x1b9
C  [CoreFoundation+0x703ef]  __CFRunLoopRun+0x33f
C  [CoreFoundation+0x6fe75]  CFRunLoopRunSpecific+0x135
C  [HIToolbox+0x2ea0d]  RunCurrentEventLoopInMode+0xe2
C  [HIToolbox+0x2e685]  ReceiveNextEventCommon+0xad
C  [HIToolbox+0x2e5bc]  _BlockUntilNextEventMatchingListInModeWithFilter+0x41
C  [AppKit+0x2424e]  _DPSNextEvent+0x59a
C  [AppKit+0x2389b]  -[NSApplication nextEventMatchingMask:untilDate:inMode:dequeue:]+0x7a
C  [libosxapp.dylib+0x23aa]  -[NSApplicationAWT nextEventMatchingMask:untilDate:inMode:dequeue:]+0x7c
C  [AppKit+0x1799c]  -[NSApplication run]+0x229
C  [libosxapp.dylib+0x214d]  +[NSApplicationAWT runAWTLoopWithApp:]+0x9c
C  [libawt_lwawt.dylib+0x4455b]  -[AWTStarter starter:]+0x389
C  [Foundation+0x6375e]  __NSThreadPerformPerform+0xe5
C  [CoreFoundation+0x7f5b1]  __CFRUNLOOP_IS_CALLING_OUT_TO_A_SOURCE0_PERFORM_FUNCTION__+0x11
C  [CoreFoundation+0x70c62]  __CFRunLoopDoSources0+0xf2
C  [CoreFoundation+0x703ef]  __CFRunLoopRun+0x33f
C  [CoreFoundation+0x6fe75]  CFRunLoopRunSpecific+0x135
C  [java+0x6463]  CreateExecutionEnvironment+0x367
C  [java+0x21ac]  JLI_Launch+0x7a0
C  [java+0x84c0]  main+0x65
C  [java+0x1a04]  start+0x34
C  0x0000000000000007

Java frames: (J=compiled Java code, j=interpreted, Vv=VM code)
j  jogamp.nativewindow.jawt.macosx.MacOSXJAWTWindow.UnsetJAWTRootSurfaceLayer0(JJ)V+0
j  jogamp.nativewindow.jawt.macosx.MacOSXJAWTWindow.access$200(JJ)V+2
j  jogamp.nativewindow.jawt.macosx.MacOSXJAWTWindow$1.run()V+38
J 2426 C1 com.jogamp.common.util.RunnableTask.run()V (345 bytes) @ 0x00000001098d7ed4 [0x00000001098d7d40+0x194]
v  ~StubRoutines::call_stub

---------------  P R O C E S S  ---------------

Java Threads: ( => current thread )
  0x00007f9740ce0800 JavaThread "Thread-119" [_thread_blocked, id=58871, stack(0x0000000181153000,0x0000000181253000)]
  0x00007f974134a000 JavaThread "AWT-EventQueue-1" [_thread_in_native, id=56331, stack(0x0000000175383000,0x0000000175483000)]
  0x00007f974121c000 JavaThread "DestroyJavaVM" [_thread_blocked, id=6915, stack(0x0000000109001000,0x0000000109101000)]
  0x00007f974123e000 JavaThread "AWT-EventQueue-0" [_thread_blocked, id=54023, stack(0x0000000123e5a000,0x0000000123f5a000)]
  0x00007f974192f000 JavaThread "Java2D Disposer" daemon [_thread_blocked, id=49203, stack(0x0000000122a90000,0x0000000122b90000)]
  0x00007f97411ba000 JavaThread "Java2D Queue Flusher" daemon [_thread_blocked, id=47879, stack(0x0000000121733000,0x0000000121833000)]
  0x00007f9741081800 JavaThread "AWT-Shutdown" [_thread_blocked, id=29711, stack(0x000000011ed83000,0x000000011ee83000)]
=>0x00007f974190c800 JavaThread "AWT-AppKit" daemon [_thread_in_native, id=3335, stack(0x00007fff57d41000,0x00007fff58541000)]
  0x00007f9741820000 JavaThread "Service Thread" daemon [_thread_blocked, id=19971, stack(0x000000011d12e000,0x000000011d22e000)]
  0x00007f974102d800 JavaThread "C1 CompilerThread2" daemon [_thread_blocked, id=19459, stack(0x000000011d02b000,0x000000011d12b000)]
  0x00007f974181d800 JavaThread "C2 CompilerThread1" daemon [_thread_blocked, id=18947, stack(0x000000011cf28000,0x000000011d028000)]
  0x00007f974181e800 JavaThread "C2 CompilerThread0" daemon [_thread_blocked, id=18435, stack(0x000000011ce25000,0x000000011cf25000)]
  0x00007f974181d000 JavaThread "Signal Dispatcher" daemon [_thread_blocked, id=17923, stack(0x000000011cd22000,0x000000011ce22000)]
  0x00007f9741817000 JavaThread "Finalizer" daemon [_thread_blocked, id=13059, stack(0x000000011cad3000,0x000000011cbd3000)]
  0x00007f9741814800 JavaThread "Reference Handler" daemon [_thread_blocked, id=12547, stack(0x000000011c9d0000,0x000000011cad0000)]

Other Threads:
  0x00007f9741059000 VMThread [stack: 0x000000011c8cd000,0x000000011c9cd000] [id=12035]
  0x00007f9741821000 WatcherThread [stack: 0x000000011d231000,0x000000011d331000] [id=20483]

VM state:not at safepoint (normal execution)

VM Mutex/Monitor currently owned by a thread: None

Heap:
 PSYoungGen      total 97792K, used 37279K [0x00000007aab00000, 0x00000007b1b00000, 0x00000007c0000000)
  eden space 84992K, 30% used [0x00000007aab00000,0x00000007ac4b7d10,0x00000007afe00000)
  from space 12800K, 85% used [0x00000007b0e80000,0x00000007b19302a0,0x00000007b1b00000)
  to   space 14848K, 0% used [0x00000007afe00000,0x00000007afe00000,0x00000007b0c80000)
 ParOldGen       total 59904K, used 31344K [0x0000000780000000, 0x0000000783a80000, 0x00000007aab00000)
  object space 59904K, 52% used [0x0000000780000000,0x0000000781e9c358,0x0000000783a80000)
 Metaspace       used 21281K, capacity 21467K, committed 21808K, reserved 1069056K
  class space    used 2044K, capacity 2112K, committed 2176K, reserved 1048576K

Card table byte_map: [0x00000001184c3000,0x00000001186c4000] byte_map_base: 0x00000001148c3000

Marking Bits: (ParMarkBitMap*) 0x00000001080a1ea0
 Begin Bits: [0x0000000118c26000, 0x0000000119c26000)
 End Bits:   [0x0000000119c26000, 0x000000011ac26000)

Polling page: 0x00000001087a6000

CodeCache: size=245760Kb used=9613Kb max_used=9633Kb free=236146Kb
 bounds [0x0000000109103000, 0x0000000109a83000, 0x0000000118103000]
 total_blobs=3617 nmethods=2726 adapters=804
 compilation: enabled

Compilation events (10 events):
Event: 36.199 Thread 0x00007f974102d800 3210  s    3       processing.core.PApplet$InternalEventQueue::remove (61 bytes)
Event: 36.199 Thread 0x00007f974102d800 nmethod 3210 0x0000000109956890 code [0x0000000109956a20, 0x0000000109956e48]
Event: 36.199 Thread 0x00007f974102d800 3211       3       processing.core.PApplet::handleMouseEvent (328 bytes)
Event: 36.201 Thread 0x00007f974102d800 nmethod 3211 0x0000000109a4d6d0 code [0x0000000109a4d940, 0x0000000109a4f4e8]
Event: 36.466 Thread 0x00007f974181d800 3212       4       processing.opengl.PGraphicsOpenGL::endDraw (111 bytes)
Event: 36.482 Thread 0x00007f974181e800 3213       4       processing.core.PGraphics::ellipse (142 bytes)
Event: 36.487 Thread 0x00007f974181e800 nmethod 3213 0x0000000109a4cb50 code [0x0000000109a4cd00, 0x0000000109a4d158]
Event: 36.606 Thread 0x00007f974181d800 nmethod 3212 0x0000000109a69d90 code [0x0000000109a6a780, 0x0000000109a6ed58]
Event: 36.647 Thread 0x00007f974102d800 3214       1       sun.java2d.SurfaceData::isValid (5 bytes)
Event: 36.648 Thread 0x00007f974102d800 nmethod 3214 0x0000000109801950 code [0x0000000109801aa0, 0x0000000109801bb0]

GC Heap History (10 events):
Event: 10.719 GC heap before
{Heap before GC invocations=7 (full 0):
 PSYoungGen      total 39936K, used 39614K [0x00000007aab00000, 0x00000007afd00000, 0x00000007c0000000)
  eden space 31744K, 99% used [0x00000007aab00000,0x00000007ac9ff990,0x00000007aca00000)
  from space 8192K, 96% used [0x00000007af500000,0x00000007afcb0170,0x00000007afd00000)
  to   space 10752K, 0% used [0x00000007ae800000,0x00000007ae800000,0x00000007af280000)
 ParOldGen       total 44032K, used 17740K [0x0000000780000000, 0x0000000782b00000, 0x00000007aab00000)
  object space 44032K, 40% used [0x0000000780000000,0x00000007811530f8,0x0000000782b00000)
 Metaspace       used 20855K, capacity 21083K, committed 21296K, reserved 1069056K
  class space    used 2037K, capacity 2112K, committed 2176K, reserved 1048576K
Event: 10.736 GC heap after
Heap after GC invocations=7 (full 0):
 PSYoungGen      total 73216K, used 10592K [0x00000007aab00000, 0x00000007b0100000, 0x00000007c0000000)
  eden space 62464K, 0% used [0x00000007aab00000,0x00000007aab00000,0x00000007ae800000)
  from space 10752K, 98% used [0x00000007ae800000,0x00000007af258250,0x00000007af280000)
  to   space 12288K, 0% used [0x00000007af500000,0x00000007af500000,0x00000007b0100000)
 ParOldGen       total 44032K, used 22468K [0x0000000780000000, 0x0000000782b00000, 0x00000007aab00000)
  object space 44032K, 51% used [0x0000000780000000,0x00000007815f1248,0x0000000782b00000)
 Metaspace       used 20855K, capacity 21083K, committed 21296K, reserved 1069056K
  class space    used 2037K, capacity 2112K, committed 2176K, reserved 1048576K
}
Event: 10.951 GC heap before
{Heap before GC invocations=8 (full 0):
 PSYoungGen      total 73216K, used 27995K [0x00000007aab00000, 0x00000007b0100000, 0x00000007c0000000)
  eden space 62464K, 27% used [0x00000007aab00000,0x00000007abbfed00,0x00000007ae800000)
  from space 10752K, 98% used [0x00000007ae800000,0x00000007af258250,0x00000007af280000)
  to   space 12288K, 0% used [0x00000007af500000,0x00000007af500000,0x00000007b0100000)
 ParOldGen       total 44032K, used 22468K [0x0000000780000000, 0x0000000782b00000, 0x00000007aab00000)
  object space 44032K, 51% used [0x0000000780000000,0x00000007815f1248,0x0000000782b00000)
 Metaspace       used 20882K, capacity 21083K, committed 21296K, reserved 1069056K
  class space    used 2037K, capacity 2112K, committed 2176K, reserved 1048576K
Event: 10.957 GC heap after
Heap after GC invocations=8 (full 0):
 PSYoungGen      total 73728K, used 12256K [0x00000007aab00000, 0x00000007b4100000, 0x00000007c0000000)
  eden space 61440K, 0% used [0x00000007aab00000,0x00000007aab00000,0x00000007ae700000)
  from space 12288K, 99% used [0x00000007af500000,0x00000007b00f82f0,0x00000007b0100000)
  to   space 14336K, 0% used [0x00000007ae700000,0x00000007ae700000,0x00000007af500000)
 ParOldGen       total 44032K, used 24039K [0x0000000780000000, 0x0000000782b00000, 0x00000007aab00000)
  object space 44032K, 54% used [0x0000000780000000,0x0000000781779d58,0x0000000782b00000)
 Metaspace       used 20882K, capacity 21083K, committed 21296K, reserved 1069056K
  class space    used 2037K, capacity 2112K, committed 2176K, reserved 1048576K
}
Event: 10.958 GC heap before
{Heap before GC invocations=9 (full 1):
 PSYoungGen      total 73728K, used 12256K [0x00000007aab00000, 0x00000007b4100000, 0x00000007c0000000)
  eden space 61440K, 0% used [0x00000007aab00000,0x00000007aab00000,0x00000007ae700000)
  from space 12288K, 99% used [0x00000007af500000,0x00000007b00f82f0,0x00000007b0100000)
  to   space 14336K, 0% used [0x00000007ae700000,0x00000007ae700000,0x00000007af500000)
 ParOldGen       total 44032K, used 24039K [0x0000000780000000, 0x0000000782b00000, 0x00000007aab00000)
  object space 44032K, 54% used [0x0000000780000000,0x0000000781779d58,0x0000000782b00000)
 Metaspace       used 20882K, capacity 21083K, committed 21296K, reserved 1069056K
  class space    used 2037K, capacity 2112K, committed 2176K, reserved 1048576K
Event: 11.021 GC heap after
Heap after GC invocations=9 (full 1):
 PSYoungGen      total 73728K, used 0K [0x00000007aab00000, 0x00000007b4100000, 0x00000007c0000000)
  eden space 61440K, 0% used [0x00000007aab00000,0x00000007aab00000,0x00000007ae700000)
  from space 12288K, 0% used [0x00000007af500000,0x00000007af500000,0x00000007b0100000)
  to   space 14336K, 0% used [0x00000007ae700000,0x00000007ae700000,0x00000007af500000)
 ParOldGen       total 59904K, used 31328K [0x0000000780000000, 0x0000000783a80000, 0x00000007aab00000)
  object space 59904K, 52% used [0x0000000780000000,0x0000000781e98358,0x0000000783a80000)
 Metaspace       used 20882K, capacity 21083K, committed 21296K, reserved 1069056K
  class space    used 2037K, capacity 2112K, committed 2176K, reserved 1048576K
}
Event: 17.442 GC heap before
{Heap before GC invocations=10 (full 1):
 PSYoungGen      total 73728K, used 61214K [0x00000007aab00000, 0x00000007b4100000, 0x00000007c0000000)
  eden space 61440K, 99% used [0x00000007aab00000,0x00000007ae6c7ac0,0x00000007ae700000)
  from space 12288K, 0% used [0x00000007af500000,0x00000007af500000,0x00000007b0100000)
  to   space 14336K, 0% used [0x00000007ae700000,0x00000007ae700000,0x00000007af500000)
 ParOldGen       total 59904K, used 31328K [0x0000000780000000, 0x0000000783a80000, 0x00000007aab00000)
  object space 59904K, 52% used [0x0000000780000000,0x0000000781e98358,0x0000000783a80000)
 Metaspace       used 21226K, capacity 21403K, committed 21808K, reserved 1069056K
  class space    used 2037K, capacity 2112K, committed 2176K, reserved 1048576K
Event: 17.446 GC heap after
Heap after GC invocations=10 (full 1):
 PSYoungGen      total 75776K, used 8864K [0x00000007aab00000, 0x00000007b1c80000, 0x00000007c0000000)
  eden space 61440K, 0% used [0x00000007aab00000,0x00000007aab00000,0x00000007ae700000)
  from space 14336K, 61% used [0x00000007ae700000,0x00000007aefa8260,0x00000007af500000)
  to   space 14336K, 0% used [0x00000007b0e80000,0x00000007b0e80000,0x00000007b1c80000)
 ParOldGen       total 59904K, used 31336K [0x0000000780000000, 0x0000000783a80000, 0x00000007aab00000)
  object space 59904K, 52% used [0x0000000780000000,0x0000000781e9a358,0x0000000783a80000)
 Metaspace       used 21226K, capacity 21403K, committed 21808K, reserved 1069056K
  class space    used 2037K, capacity 2112K, committed 2176K, reserved 1048576K
}
Event: 30.900 GC heap before
{Heap before GC invocations=11 (full 1):
 PSYoungGen      total 75776K, used 70304K [0x00000007aab00000, 0x00000007b1c80000, 0x00000007c0000000)
  eden space 61440K, 100% used [0x00000007aab00000,0x00000007ae700000,0x00000007ae700000)
  from space 14336K, 61% used [0x00000007ae700000,0x00000007aefa8260,0x00000007af500000)
  to   space 14336K, 0% used [0x00000007b0e80000,0x00000007b0e80000,0x00000007b1c80000)
 ParOldGen       total 59904K, used 31336K [0x0000000780000000, 0x0000000783a80000, 0x00000007aab00000)
  object space 59904K, 52% used [0x0000000780000000,0x0000000781e9a358,0x0000000783a80000)
 Metaspace       used 21241K, capacity 21467K, committed 21808K, reserved 1069056K
  class space    used 2037K, capacity 2112K, committed 2176K, reserved 1048576K
Event: 30.910 GC heap after
Heap after GC invocations=11 (full 1):
 PSYoungGen      total 97792K, used 10944K [0x00000007aab00000, 0x00000007b1b00000, 0x00000007c0000000)
  eden space 84992K, 0% used [0x00000007aab00000,0x00000007aab00000,0x00000007afe00000)
  from space 12800K, 85% used [0x00000007b0e80000,0x00000007b19302a0,0x00000007b1b00000)
  to   space 14848K, 0% used [0x00000007afe00000,0x00000007afe00000,0x00000007b0c80000)
 ParOldGen       total 59904K, used 31344K [0x0000000780000000, 0x0000000783a80000, 0x00000007aab00000)
  object space 59904K, 52% used [0x0000000780000000,0x0000000781e9c358,0x0000000783a80000)
 Metaspace       used 21241K, capacity 21467K, committed 21808K, reserved 1069056K
  class space    used 2037K, capacity 2112K, committed 2176K, reserved 1048576K
}

Deoptimization events (10 events):
Event: 10.548 Thread 0x00007f974134a000 Uncommon trap: reason=unstable_if action=reinterpret pc=0x00000001097c8940 method=sun.misc.FloatingDecimal$BinaryToASCIIBuffer.developLongDigits(IJI)V @ 104
Event: 36.612 Thread 0x00007f974134a000 Uncommon trap: reason=class_check action=maybe_recompile pc=0x0000000109a35ad0 method=java.awt.EventQueue.coalesceEvent(Ljava/awt/AWTEvent;I)Z @ 32
Event: 36.615 Thread 0x00007f974134a000 Uncommon trap: reason=unstable_if action=reinterpret pc=0x0000000109a4047c method=java.awt.EventQueue.isDispatchThreadImpl()Z @ 65
Event: 36.615 Thread 0x00007f974123e000 Uncommon trap: reason=unstable_if action=reinterpret pc=0x0000000109a35430 method=java.awt.EventQueue.getPriority(Ljava/awt/AWTEvent;)I @ 71
Event: 36.616 Thread 0x00007f974123e000 Uncommon trap: reason=unstable_if action=reinterpret pc=0x0000000109a58644 method=sun.lwawt.LWContainerPeer.cutChildren(Lsun/java2d/pipe/Region;Lsun/lwawt/LWComponentPeer;)Lsun/java2d/pipe/Region; @ 67
Event: 36.616 Thread 0x00007f974134a000 Uncommon trap: reason=unstable_if action=reinterpret pc=0x0000000109829248 method=java.awt.EventQueue.uncacheEQItem(Lsun/awt/EventQueueItem;)V @ 23
Event: 36.618 Thread 0x00007f974123e000 Uncommon trap: reason=unstable_if action=reinterpret pc=0x000000010986f054 method=java.awt.font.FontRenderContext.equals(Ljava/awt/font/FontRenderContext;)Z @ 2
Event: 36.646 Thread 0x00007f974120f800 Uncommon trap: reason=unstable_if action=reinterpret pc=0x0000000109624b38 method=java.util.HashMap.putVal(ILjava/lang/Object;Ljava/lang/Object;ZZ)Ljava/lang/Object; @ 81
Event: 36.659 Thread 0x00007f974134a000 Uncommon trap: reason=unstable_if action=reinterpret pc=0x0000000109956658 method=java.util.LinkedList$ListItr.<init>(Ljava/util/LinkedList;I)V @ 26
Event: 36.661 Thread 0x00007f974134a000 Uncommon trap: reason=unstable_if action=reinterpret pc=0x0000000109801f44 method=java.util.LinkedList$ListItr.<init>(Ljava/util/LinkedList;I)V @ 26

Internal exceptions (10 events):
Event: 0.366 Thread 0x00007f9741807000 Exception <a 'java/io/FileNotFoundException'> (0x00000007aad8b7f8) thrown at [/Users/java_re/workspace/8-2-build-macosx-x86_64/jdk8u77/6540/hotspot/src/share/vm/prims/jni.cpp, line 709]
Event: 0.366 Thread 0x00007f9741807000 Exception <a 'java/io/FileNotFoundException'> (0x00000007aad8c340) thrown at [/Users/java_re/workspace/8-2-build-macosx-x86_64/jdk8u77/6540/hotspot/src/share/vm/prims/jni.cpp, line 709]
Event: 0.498 Thread 0x00007f9741807000 Exception <a 'java/io/FileNotFoundException'> (0x00000007aae769a0) thrown at [/Users/java_re/workspace/8-2-build-macosx-x86_64/jdk8u77/6540/hotspot/src/share/vm/prims/jni.cpp, line 709]
Event: 2.867 Thread 0x00007f9741817000 Exception <a 'java/lang/NullPointerException'> (0x00000007aab839a0) thrown at [/Users/java_re/workspace/8-2-build-macosx-x86_64/jdk8u77/6540/hotspot/src/share/vm/interpreter/linkResolver.cpp, line 1178]
Event: 2.968 Thread 0x00007f974231e800 Exception <a 'java/lang/UnsatisfiedLinkError': com.jogamp.common.util.JarUtil.fixNativeLibAttribs(Ljava/lang/String;)Z> (0x00000007ab0117e8) thrown at [/Users/java_re/workspace/8-2-build-macosx-x86_64/jdk8u77/6540/hotspot/src/share/vm/prims/nativeLookup.c
Event: 3.811 Thread 0x00007f974134a000 Exception <a 'java/io/FileNotFoundException'> (0x00000007ab32b978) thrown at [/Users/java_re/workspace/8-2-build-macosx-x86_64/jdk8u77/6540/hotspot/src/share/vm/prims/jni.cpp, line 709]
Event: 3.811 Thread 0x00007f974134a000 Exception <a 'java/io/FileNotFoundException'> (0x00000007ab332ff8) thrown at [/Users/java_re/workspace/8-2-build-macosx-x86_64/jdk8u77/6540/hotspot/src/share/vm/prims/jni.cpp, line 709]
Event: 3.811 Thread 0x00007f974134a000 Implicit null exception at 0x00000001092b8135 to 0x00000001092b8499
Event: 9.119 Thread 0x00007f974134a000 Implicit null exception at 0x0000000109844b2c to 0x0000000109844b9e
Event: 9.119 Thread 0x00007f974134a000 Implicit null exception at 0x000000010982252f to 0x0000000109822609

Events (10 events):
Event: 36.661 Executing VM operation: Deoptimize
Event: 36.661 Executing VM operation: Deoptimize done
Event: 36.661 loading class java/awt/Toolkit$ToolkitEventMulticaster
Event: 36.661 loading class java/awt/Toolkit$ToolkitEventMulticaster done
Event: 36.661 Thread 0x00007f974134a000 Uncommon trap: trap_request=0xffffff65 fr.pc=0x0000000109801f44
Event: 36.661 Thread 0x00007f974134a000 DEOPT PACKING pc=0x0000000109801f44 sp=0x0000000175480950
Event: 36.661 Thread 0x00007f974134a000 DEOPT UNPACKING pc=0x0000000109108229 sp=0x00000001754808a8 mode 2
Event: 36.662 Thread 0x00007f974120f800 Thread exited: 0x00007f974120f800
Event: 36.662 loading class java/awt/Window$1DisposeAction
Event: 36.662 loading class java/awt/Window$1DisposeAction done


Dynamic libraries:
0x0000000009377000 	/System/Library/Frameworks/Cocoa.framework/Versions/A/Cocoa
0x0000000009377000 	/System/Library/Frameworks/Security.framework/Versions/A/Security
0x0000000009377000 	/System/Library/Frameworks/ApplicationServices.framework/Versions/A/ApplicationServices
0x0000000009377000 	/usr/lib/libz.1.dylib
0x0000000009377000 	/usr/lib/libSystem.B.dylib
0x0000000009377000 	/usr/lib/libobjc.A.dylib
0x0000000009377000 	/System/Library/Frameworks/CoreFoundation.framework/Versions/A/CoreFoundation
0x0000000009377000 	/System/Library/Frameworks/Foundation.framework/Versions/C/Foundation
0x0000000009377000 	/System/Library/Frameworks/AppKit.framework/Versions/C/AppKit
0x0000000009377000 	/System/Library/Frameworks/CoreData.framework/Versions/A/CoreData
0x0000000009377000 	/System/Library/PrivateFrameworks/RemoteViewServices.framework/Versions/A/RemoteViewServices
0x0000000009377000 	/System/Library/Frameworks/AudioToolbox.framework/Versions/A/AudioToolbox
0x0000000009377000 	/System/Library/Frameworks/AudioUnit.framework/Versions/A/AudioUnit
0x0000000009377000 	/System/Library/PrivateFrameworks/DataDetectorsCore.framework/Versions/A/DataDetectorsCore
0x0000000009377000 	/System/Library/PrivateFrameworks/DesktopServicesPriv.framework/Versions/A/DesktopServicesPriv
0x0000000009377000 	/System/Library/Frameworks/Carbon.framework/Versions/A/Frameworks/HIToolbox.framework/Versions/A/HIToolbox
0x0000000009377000 	/System/Library/Frameworks/QuartzCore.framework/Versions/A/QuartzCore
0x0000000009377000 	/System/Library/Frameworks/Carbon.framework/Versions/A/Frameworks/SpeechRecognition.framework/Versions/A/SpeechRecognition
0x0000000009377000 	/usr/lib/libauto.dylib
0x0000000009377000 	/usr/lib/libicucore.A.dylib
0x0000000009377000 	/usr/lib/libxml2.2.dylib
0x0000000009377000 	/System/Library/PrivateFrameworks/CoreUI.framework/Versions/A/CoreUI
0x0000000009377000 	/System/Library/Frameworks/CoreAudio.framework/Versions/A/CoreAudio
0x0000000009377000 	/System/Library/Frameworks/DiskArbitration.framework/Versions/A/DiskArbitration
0x0000000009377000 	/usr/lib/liblangid.dylib
0x0000000009377000 	/System/Library/PrivateFrameworks/MultitouchSupport.framework/Versions/A/MultitouchSupport
0x0000000009377000 	/System/Library/Frameworks/IOKit.framework/Versions/A/IOKit
0x0000000009377000 	/usr/lib/libDiagnosticMessagesClient.dylib
0x0000000009377000 	/System/Library/Frameworks/CoreServices.framework/Versions/A/CoreServices
0x0000000009377000 	/System/Library/PrivateFrameworks/PerformanceAnalysis.framework/Versions/A/PerformanceAnalysis
0x0000000009377000 	/System/Library/PrivateFrameworks/GenerationalStorage.framework/Versions/A/GenerationalStorage
0x0000000009377000 	/System/Library/Frameworks/OpenGL.framework/Versions/A/OpenGL
0x0000000009377000 	/System/Library/PrivateFrameworks/Sharing.framework/Versions/A/Sharing
0x0000000009377000 	/System/Library/Frameworks/ImageIO.framework/Versions/A/ImageIO
0x0000000009377000 	/System/Library/Frameworks/CoreText.framework/Versions/A/CoreText
0x0000000009377000 	/System/Library/Frameworks/CoreGraphics.framework/Versions/A/CoreGraphics
0x0000000009377000 	/System/Library/PrivateFrameworks/Backup.framework/Versions/A/Backup
0x0000000009377000 	/System/Library/Frameworks/CFNetwork.framework/Versions/A/CFNetwork
0x0000000009377000 	/System/Library/Frameworks/SystemConfiguration.framework/Versions/A/SystemConfiguration
0x0000000009377000 	/usr/lib/libCRFSuite.dylib
0x0000000009377000 	/usr/lib/libc++.1.dylib
0x0000000009377000 	/usr/lib/libc++abi.dylib
0x0000000009377000 	/usr/lib/system/libcache.dylib
0x0000000009377000 	/usr/lib/system/libcommonCrypto.dylib
0x0000000009377000 	/usr/lib/system/libcompiler_rt.dylib
0x0000000009377000 	/usr/lib/system/libcopyfile.dylib
0x0000000009377000 	/usr/lib/system/libcorecrypto.dylib
0x0000000009377000 	/usr/lib/system/libdispatch.dylib
0x0000000009377000 	/usr/lib/system/libdyld.dylib
0x0000000009377000 	/usr/lib/system/libkeymgr.dylib
0x0000000009377000 	/usr/lib/system/liblaunch.dylib
0x0000000009377000 	/usr/lib/system/libmacho.dylib
0x0000000009377000 	/usr/lib/system/libquarantine.dylib
0x0000000009377000 	/usr/lib/system/libremovefile.dylib
0x0000000009377000 	/usr/lib/system/libsystem_asl.dylib
0x0000000009377000 	/usr/lib/system/libsystem_blocks.dylib
0x0000000009377000 	/usr/lib/system/libsystem_c.dylib
0x0000000009377000 	/usr/lib/system/libsystem_configuration.dylib
0x0000000009377000 	/usr/lib/system/libsystem_dnssd.dylib
0x0000000009377000 	/usr/lib/system/libsystem_info.dylib
0x0000000009377000 	/usr/lib/system/libsystem_kernel.dylib
0x0000000009377000 	/usr/lib/system/libsystem_m.dylib
0x0000000009377000 	/usr/lib/system/libsystem_malloc.dylib
0x0000000009377000 	/usr/lib/system/libsystem_network.dylib
0x0000000009377000 	/usr/lib/system/libsystem_notify.dylib
0x0000000009377000 	/usr/lib/system/libsystem_platform.dylib
0x0000000009377000 	/usr/lib/system/libsystem_pthread.dylib
0x0000000009377000 	/usr/lib/system/libsystem_sandbox.dylib
0x0000000009377000 	/usr/lib/system/libsystem_stats.dylib
0x0000000009377000 	/usr/lib/system/libunc.dylib
0x0000000009377000 	/usr/lib/system/libunwind.dylib
0x0000000009377000 	/usr/lib/system/libxpc.dylib
0x0000000009377000 	/usr/lib/libbsm.0.dylib
0x0000000009377000 	/usr/lib/libsqlite3.dylib
0x0000000009377000 	/usr/lib/libxar.1.dylib
0x0000000009377000 	/usr/lib/libpam.2.dylib
0x0000000009377000 	/usr/lib/libOpenScriptingUtil.dylib
0x0000000009377000 	/usr/lib/libbz2.1.0.dylib
0x0000000009377000 	/System/Library/Frameworks/CoreServices.framework/Versions/A/Frameworks/CarbonCore.framework/Versions/A/CarbonCore
0x0000000009377000 	/System/Library/Frameworks/CoreServices.framework/Versions/A/Frameworks/Metadata.framework/Versions/A/Metadata
0x0000000009377000 	/System/Library/Frameworks/CoreServices.framework/Versions/A/Frameworks/OSServices.framework/Versions/A/OSServices
0x0000000009377000 	/System/Library/Frameworks/CoreServices.framework/Versions/A/Frameworks/SearchKit.framework/Versions/A/SearchKit
0x0000000009377000 	/System/Library/Frameworks/CoreServices.framework/Versions/A/Frameworks/AE.framework/Versions/A/AE
0x0000000009377000 	/System/Library/Frameworks/CoreServices.framework/Versions/A/Frameworks/LaunchServices.framework/Versions/A/LaunchServices
0x0000000009377000 	/System/Library/Frameworks/CoreServices.framework/Versions/A/Frameworks/DictionaryServices.framework/Versions/A/DictionaryServices
0x0000000009377000 	/System/Library/Frameworks/NetFS.framework/Versions/A/NetFS
0x0000000009377000 	/usr/lib/system/libkxld.dylib
0x0000000009377000 	/System/Library/PrivateFrameworks/NetAuth.framework/Versions/A/NetAuth
0x0000000009377000 	/System/Library/PrivateFrameworks/TCC.framework/Versions/A/TCC
0x0000000009377000 	/System/Library/Frameworks/OpenDirectory.framework/Versions/A/Frameworks/CFOpenDirectory.framework/Versions/A/CFOpenDirectory
0x0000000009377000 	/System/Library/Frameworks/ServiceManagement.framework/Versions/A/ServiceManagement
0x0000000009377000 	/usr/lib/libxslt.1.dylib
0x0000000009377000 	/System/Library/Frameworks/Carbon.framework/Versions/A/Frameworks/Ink.framework/Versions/A/Ink
0x0000000009377000 	/System/Library/Frameworks/ApplicationServices.framework/Versions/A/Frameworks/ATS.framework/Versions/A/ATS
0x0000000009377000 	/System/Library/Frameworks/ApplicationServices.framework/Versions/A/Frameworks/ColorSync.framework/Versions/A/ColorSync
0x0000000009377000 	/System/Library/Frameworks/ApplicationServices.framework/Versions/A/Frameworks/HIServices.framework/Versions/A/HIServices
0x0000000009377000 	/System/Library/Frameworks/ApplicationServices.framework/Versions/A/Frameworks/LangAnalysis.framework/Versions/A/LangAnalysis
0x0000000009377000 	/System/Library/Frameworks/ApplicationServices.framework/Versions/A/Frameworks/PrintCore.framework/Versions/A/PrintCore
0x0000000009377000 	/System/Library/Frameworks/ApplicationServices.framework/Versions/A/Frameworks/QD.framework/Versions/A/QD
0x0000000009377000 	/System/Library/Frameworks/ApplicationServices.framework/Versions/A/Frameworks/SpeechSynthesis.framework/Versions/A/SpeechSynthesis
0x0000000009377000 	/System/Library/Frameworks/IOSurface.framework/Versions/A/IOSurface
0x0000000009377000 	/System/Library/Frameworks/Accelerate.framework/Versions/A/Accelerate
0x0000000009377000 	/System/Library/Frameworks/Accelerate.framework/Versions/A/Frameworks/vImage.framework/Versions/A/vImage
0x0000000009377000 	/System/Library/Frameworks/Accelerate.framework/Versions/A/Frameworks/vecLib.framework/Versions/A/vecLib
0x0000000009377000 	/System/Library/Frameworks/Accelerate.framework/Versions/A/Frameworks/vecLib.framework/Versions/A/libvDSP.dylib
0x0000000009377000 	/System/Library/Frameworks/Accelerate.framework/Versions/A/Frameworks/vecLib.framework/Versions/A/libvMisc.dylib
0x0000000009377000 	/System/Library/Frameworks/Accelerate.framework/Versions/A/Frameworks/vecLib.framework/Versions/A/libLAPACK.dylib
0x0000000009377000 	/System/Library/Frameworks/Accelerate.framework/Versions/A/Frameworks/vecLib.framework/Versions/A/libBLAS.dylib
0x0000000009377000 	/System/Library/Frameworks/ApplicationServices.framework/Versions/A/Frameworks/ATS.framework/Versions/A/Resources/libFontParser.dylib
0x0000000009377000 	/System/Library/Frameworks/ApplicationServices.framework/Versions/A/Frameworks/ATS.framework/Versions/A/Resources/libFontRegistry.dylib
0x0000000009377000 	/System/Library/Frameworks/ImageIO.framework/Versions/A/Resources/libJPEG.dylib
0x0000000009377000 	/System/Library/Frameworks/ImageIO.framework/Versions/A/Resources/libTIFF.dylib
0x0000000009377000 	/System/Library/Frameworks/ImageIO.framework/Versions/A/Resources/libPng.dylib
0x0000000009377000 	/System/Library/Frameworks/ImageIO.framework/Versions/A/Resources/libGIF.dylib
0x0000000009377000 	/System/Library/Frameworks/ImageIO.framework/Versions/A/Resources/libJP2.dylib
0x0000000009377000 	/System/Library/Frameworks/ImageIO.framework/Versions/A/Resources/libRadiance.dylib
0x0000000009377000 	/usr/lib/libcups.2.dylib
0x0000000009377000 	/System/Library/Frameworks/Kerberos.framework/Versions/A/Kerberos
0x0000000009377000 	/System/Library/Frameworks/GSS.framework/Versions/A/GSS
0x0000000009377000 	/usr/lib/libresolv.9.dylib
0x0000000009377000 	/usr/lib/libiconv.2.dylib
0x0000000009377000 	/System/Library/PrivateFrameworks/Heimdal.framework/Versions/A/Heimdal
0x0000000009377000 	/System/Library/PrivateFrameworks/TrustEvaluationAgent.framework/Versions/A/TrustEvaluationAgent
0x0000000009377000 	/usr/lib/libheimdal-asn1.dylib
0x0000000009377000 	/System/Library/Frameworks/OpenDirectory.framework/Versions/A/OpenDirectory
0x0000000009377000 	/System/Library/PrivateFrameworks/CommonAuth.framework/Versions/A/CommonAuth
0x0000000009377000 	/System/Library/Frameworks/SecurityFoundation.framework/Versions/A/SecurityFoundation
0x0000000009377000 	/System/Library/PrivateFrameworks/Bom.framework/Versions/A/Bom
0x0000000009377000 	/System/Library/Frameworks/CoreVideo.framework/Versions/A/CoreVideo
0x0000000009377000 	/System/Library/Frameworks/QuartzCore.framework/Versions/A/Frameworks/CoreImage.framework/Versions/A/CoreImage
0x0000000009377000 	/System/Library/Frameworks/QuartzCore.framework/Versions/A/Frameworks/ScalableUserInterface.framework/Versions/A/ScalableUserInterface
0x0000000009377000 	/System/Library/Frameworks/OpenGL.framework/Versions/A/Libraries/libGLU.dylib
0x0000000009377000 	/System/Library/Frameworks/OpenGL.framework/Versions/A/Libraries/libGFXShared.dylib
0x0000000009377000 	/System/Library/Frameworks/OpenGL.framework/Versions/A/Libraries/libGL.dylib
0x0000000009377000 	/System/Library/Frameworks/OpenGL.framework/Versions/A/Libraries/libGLImage.dylib
0x0000000009377000 	/System/Library/Frameworks/OpenGL.framework/Versions/A/Libraries/libCVMSPluginSupport.dylib
0x0000000009377000 	/System/Library/Frameworks/OpenGL.framework/Versions/A/Libraries/libCoreVMClient.dylib
0x0000000009377000 	/System/Library/PrivateFrameworks/FaceCore.framework/Versions/A/FaceCore
0x0000000009377000 	/System/Library/PrivateFrameworks/CrashReporterSupport.framework/Versions/A/CrashReporterSupport
0x0000000009377000 	/System/Library/Frameworks/OpenCL.framework/Versions/A/OpenCL
0x0000000009377000 	/System/Library/PrivateFrameworks/AppleFSCompression.framework/Versions/A/AppleFSCompression
0x0000000009377000 	/System/Library/PrivateFrameworks/Ubiquity.framework/Versions/A/Ubiquity
0x0000000009377000 	/System/Library/PrivateFrameworks/IconServices.framework/Versions/A/IconServices
0x0000000009377000 	/System/Library/PrivateFrameworks/ChunkingLibrary.framework/Versions/A/ChunkingLibrary
0x0000000009377000 	/System/Library/PrivateFrameworks/CoreSymbolication.framework/Versions/A/CoreSymbolication
0x0000000009377000 	/System/Library/PrivateFrameworks/Symbolication.framework/Versions/A/Symbolication
0x0000000009377000 	/System/Library/PrivateFrameworks/DebugSymbols.framework/Versions/A/DebugSymbols
0x00000001077be000 	/Library/Java/JavaVirtualMachines/jdk1.8.0_77.jdk/Contents/Home/jre/lib/server/libjvm.dylib
0x0000000009377000 	/usr/lib/libstdc++.6.dylib
0x0000000108763000 	/Library/Java/JavaVirtualMachines/jdk1.8.0_77.jdk/Contents/Home/jre/lib/libverify.dylib
0x0000000108771000 	/Library/Java/JavaVirtualMachines/jdk1.8.0_77.jdk/Contents/Home/jre/lib/libjava.dylib
0x00000001087b0000 	/Library/Java/JavaVirtualMachines/jdk1.8.0_77.jdk/Contents/Home/jre/lib/libzip.dylib
0x000000011cbd5000 	/System/Library/Frameworks/JavaVM.framework/Frameworks/JavaRuntimeSupport.framework/JavaRuntimeSupport
0x000000011cbed000 	/System/Library/Frameworks/JavaVM.framework/Versions/A/Frameworks/JavaNativeFoundation.framework/Versions/A/JavaNativeFoundation
0x000000011cc02000 	/System/Library/Frameworks/JavaVM.framework/Versions/A/JavaVM
0x0000000009377000 	/System/Library/Frameworks/Carbon.framework/Versions/A/Carbon
0x000000011cc0f000 	/System/Library/PrivateFrameworks/JavaLaunching.framework/Versions/A/JavaLaunching
0x0000000009377000 	/System/Library/Frameworks/Carbon.framework/Versions/A/Frameworks/CommonPanels.framework/Versions/A/CommonPanels
0x0000000009377000 	/System/Library/Frameworks/Carbon.framework/Versions/A/Frameworks/Help.framework/Versions/A/Help
0x0000000009377000 	/System/Library/Frameworks/Carbon.framework/Versions/A/Frameworks/ImageCapture.framework/Versions/A/ImageCapture
0x0000000009377000 	/System/Library/Frameworks/Carbon.framework/Versions/A/Frameworks/OpenScripting.framework/Versions/A/OpenScripting
0x0000000009377000 	/System/Library/Frameworks/Carbon.framework/Versions/A/Frameworks/Print.framework/Versions/A/Print
0x0000000009377000 	/System/Library/Frameworks/Carbon.framework/Versions/A/Frameworks/SecurityHI.framework/Versions/A/SecurityHI
0x000000011d376000 	/Library/Java/JavaVirtualMachines/jdk1.8.0_77.jdk/Contents/Home/jre/lib/libawt.dylib
0x000000011d41e000 	/Library/Java/JavaVirtualMachines/jdk1.8.0_77.jdk/Contents/Home/jre/lib/./libmlib_image.dylib
0x000000011d4ea000 	/Library/Java/JavaVirtualMachines/jdk1.8.0_77.jdk/Contents/Home/jre/lib/libawt_lwawt.dylib
0x000000011d59f000 	/Library/Java/JavaVirtualMachines/jdk1.8.0_77.jdk/Contents/Home/jre/lib/./libosxapp.dylib
0x0000000009377000 	/System/Library/Frameworks/ExceptionHandling.framework/Versions/A/ExceptionHandling
0x0000000009377000 	/System/Library/PrivateFrameworks/CoreServicesInternal.framework/Versions/A/CoreServicesInternal
0x0000000009377000 	/System/Library/PrivateFrameworks/Librarian.framework/Versions/A/Librarian
0x0000000009377000 	/System/Library/Frameworks/CoreGraphics.framework/Versions/A/Resources/libCGCMS.A.dylib
0x0000000009377000 	/System/Library/Frameworks/CoreGraphics.framework/Versions/A/Resources/libRIP.A.dylib
0x0000000009377000 	/System/Library/Frameworks/CoreGraphics.framework/Versions/A/Resources/libCGXType.A.dylib
0x0000000009377000 	/System/Library/PrivateFrameworks/FamilyControls.framework/Versions/A/FamilyControls
0x0000000009377000 	/System/Library/PrivateFrameworks/CommerceKit.framework/Versions/A/Frameworks/CommerceCore.framework/Versions/A/CommerceCore
0x0000000009377000 	/System/Library/PrivateFrameworks/SystemAdministration.framework/Versions/A/SystemAdministration
0x0000000009377000 	/System/Library/Frameworks/DirectoryService.framework/Versions/A/DirectoryService
0x0000000009377000 	/System/Library/PrivateFrameworks/DiskImages.framework/Versions/A/DiskImages
0x0000000009377000 	/System/Library/PrivateFrameworks/LoginUIKit.framework/Versions/A/Frameworks/LoginUICore.framework/Versions/A/LoginUICore
0x0000000009377000 	/usr/lib/libCoreStorage.dylib
0x0000000009377000 	/usr/lib/libcsfde.dylib
0x0000000009377000 	/usr/lib/libodfde.dylib
0x0000000009377000 	/System/Library/Frameworks/DiscRecording.framework/Versions/A/DiscRecording
0x0000000009377000 	/usr/lib/libcurl.4.dylib
0x0000000009377000 	/System/Library/PrivateFrameworks/MediaKit.framework/Versions/A/MediaKit
0x0000000009377000 	/System/Library/PrivateFrameworks/EFILogin.framework/Versions/A/EFILogin
0x0000000009377000 	/usr/lib/libutil.dylib
0x0000000009377000 	/System/Library/PrivateFrameworks/AOSNotification.framework/Versions/A/AOSNotification
0x0000000009377000 	/System/Library/Frameworks/LDAP.framework/Versions/A/LDAP
0x0000000009377000 	/usr/lib/libsasl2.2.dylib
0x0000000009377000 	/usr/lib/libcrypto.0.9.8.dylib
0x0000000009377000 	/usr/lib/libssl.0.9.8.dylib
0x0000000009377000 	/System/Library/Frameworks/OpenGL.framework/Versions/A/Resources/GLEngine.bundle/GLEngine
0x0000000009377000 	/System/Library/Frameworks/OpenGL.framework/Versions/A/Libraries/libGLProgrammability.dylib
0x0000000121835000 	/System/Library/Extensions/AppleIntelHD5000GraphicsGLDriver.bundle/Contents/MacOS/AppleIntelHD5000GraphicsGLDriver
0x0000000009377000 	/System/Library/PrivateFrameworks/IOAccelerator.framework/Versions/A/IOAccelerator
0x0000000009377000 	/System/Library/PrivateFrameworks/GPUSupport.framework/Versions/A/Libraries/libGPUSupportMercury.dylib
0x0000000009377000 	/System/Library/Frameworks/OpenGL.framework/Versions/A/Resources/GLRendererFloat.bundle/GLRendererFloat
0x0000000009377000 	/System/Library/Frameworks/OpenCL.framework/Versions/A/Libraries/libcldcpuengine.dylib
0x0000000122b92000 	/Library/Java/JavaVirtualMachines/jdk1.8.0_77.jdk/Contents/Home/jre/lib/libfontmanager.dylib
0x0000000124388000 	/Library/Java/JavaVirtualMachines/jdk1.8.0_77.jdk/Contents/Home/jre/lib/libosxui.dylib
0x000000012462f000 	/Library/Java/JavaVirtualMachines/jdk1.8.0_77.jdk/Contents/Home/jre/lib/libnet.dylib
0x0000000124440000 	/Library/Java/JavaVirtualMachines/jdk1.8.0_77.jdk/Contents/Home/jre/lib/libnio.dylib
0x0000000009377000 	/System/Library/Frameworks/ApplicationServices.framework/Versions/A/Frameworks/ATS.framework/Versions/A/Resources/libTrueTypeScaler.dylib
0x0000000174dfe000 	/private/var/folders/vm/c6ql63410d962mlmgt4yhc5h0000gn/T/jogamp_0000/file_cache/jln6735131387097367808/jln7352928920412561570/libgluegen-rt.jnilib
0x0000000123c10000 	/private/var/folders/vm/c6ql63410d962mlmgt4yhc5h0000gn/T/jogamp_0000/file_cache/jln6735131387097367808/jln7352928920412561570/libnativewindow_awt.jnilib
0x00000001243ec000 	/Library/Java/JavaVirtualMachines/jdk1.8.0_77.jdk/Contents/Home/jre/lib/libjawt.dylib
0x0000000175368000 	/private/var/folders/vm/c6ql63410d962mlmgt4yhc5h0000gn/T/jogamp_0000/file_cache/jln6735131387097367808/jln7352928920412561570/libnativewindow_macosx.jnilib
0x00000001769fd000 	/private/var/folders/vm/c6ql63410d962mlmgt4yhc5h0000gn/T/jogamp_0000/file_cache/jln6735131387097367808/jln7352928920412561570/libjogl_desktop.jnilib
0x0000000178e80000 	/Library/Java/JavaVirtualMachines/jdk1.8.0_77.jdk/Contents/Home/jre/lib/libt2k.dylib

VM Arguments:
jvm_args: -Djava.security.policy=java.policy.applet -Dfile.encoding=UTF-8 
java_command: sun.applet.AppletViewer module4.EarthquakeCityMap1462665007124.html
java_class_path (initial): /Users/xingdu/Documents/workspace/UCSDUnfoldingMaps/build:/Users/xingdu/Documents/workspace/UCSDUnfoldingMaps/lib/core.jar:/Users/xingdu/Documents/workspace/UCSDUnfoldingMaps/lib/gluegen-rt.jar:/Users/xingdu/Documents/workspace/UCSDUnfoldingMaps/lib/jogl-all.jar:/Users/xingdu/Documents/workspace/UCSDUnfoldingMaps/lib/log4j-1.2.15.jar:/Users/xingdu/Documents/workspace/UCSDUnfoldingMaps/lib/sqlite-jdbc-3.7.2.jar:/Users/xingdu/Documents/workspace/UCSDUnfoldingMaps/lib/json4processing.jar:/Users/xingdu/Documents/workspace/UCSDUnfoldingMaps/lib/libTUIO.jar:/Users/xingdu/Documents/workspace/UCSDUnfoldingMaps/lib/unfolding.0.9.7-uscd.jar
Launcher Type: SUN_STANDARD

Environment Variables:
PATH=/usr/bin:/bin:/usr/sbin:/sbin
SHELL=/bin/bash

Signal Handlers:
SIGSEGV: [libjvm.dylib+0x5a6855], sa_mask[0]=11111111011111110111111111111111, sa_flags=SA_ONSTACK|SA_RESTART|SA_SIGINFO
SIGBUS: [libjvm.dylib+0x5a6855], sa_mask[0]=11111111011111110111111111111111, sa_flags=SA_RESTART|SA_SIGINFO
SIGFPE: [libjvm.dylib+0x4804ec], sa_mask[0]=11111111011111110111111111111111, sa_flags=SA_RESTART|SA_SIGINFO
SIGPIPE: [libjvm.dylib+0x4804ec], sa_mask[0]=11111111011111110111111111111111, sa_flags=SA_RESTART|SA_SIGINFO
SIGXFSZ: [libjvm.dylib+0x4804ec], sa_mask[0]=11111111011111110111111111111111, sa_flags=SA_RESTART|SA_SIGINFO
SIGILL: [libjvm.dylib+0x4804ec], sa_mask[0]=11111111011111110111111111111111, sa_flags=SA_RESTART|SA_SIGINFO
SIGUSR1: SIG_DFL, sa_mask[0]=00000000000000000000000000000000, sa_flags=SA_RESTART
SIGUSR2: [libjvm.dylib+0x48000a], sa_mask[0]=00100000000000000000000000000000, sa_flags=SA_RESTART|SA_SIGINFO
SIGHUP: [libjvm.dylib+0x47e5e1], sa_mask[0]=11111111011111110111111111111111, sa_flags=SA_RESTART|SA_SIGINFO
SIGINT: [libjvm.dylib+0x47e5e1], sa_mask[0]=11111111011111110111111111111111, sa_flags=SA_RESTART|SA_SIGINFO
SIGTERM: [libjvm.dylib+0x47e5e1], sa_mask[0]=11111111011111110111111111111111, sa_flags=SA_RESTART|SA_SIGINFO
SIGQUIT: [libjvm.dylib+0x47e5e1], sa_mask[0]=11111111011111110111111111111111, sa_flags=SA_RESTART|SA_SIGINFO


---------------  S Y S T E M  ---------------

OS:Bsduname:Darwin 13.4.0 Darwin Kernel Version 13.4.0: Wed Mar 18 16:20:14 PDT 2015; root:xnu-2422.115.14~1/RELEASE_X86_64 x86_64
rlimit: STACK 8192k, CORE 0k, NPROC 709, NOFILE 10240, AS infinity
load average:1.47 1.37 1.39

CPU:total 4 (2 cores per cpu, 2 threads per core) family 6 model 69 stepping 1, cmov, cx8, fxsr, mmx, sse, sse2, sse3, ssse3, sse4.1, sse4.2, popcnt, avx, avx2, aes, clmul, erms, lzcnt, ht, tsc, tscinvbit, bmi1, bmi2

Memory: 4k page, physical 4194304k(16720k free)

/proc/meminfo:


vm_info: Java HotSpot(TM) 64-Bit Server VM (25.77-b03) for bsd-amd64 JRE (1.8.0_77-b03), built on Mar 20 2016 22:14:03 by "java_re" with gcc 4.2.1 (Based on Apple Inc. build 5658) (LLVM build 2336.11.00)

time: Sat May  7 19:50:43 2016
elapsed time: 36 seconds (0d 0h 0m 36s)

