#
# A fatal error has been detected by the Java Runtime Environment:
#
#  SIGSEGV (0xb) at pc=0x00007fff89bb8097, pid=13933, tid=3335
#
# JRE version: Java(TM) SE Runtime Environment (8.0_77-b03) (build 1.8.0_77-b03)
# Java VM: Java HotSpot(TM) 64-Bit Server VM (25.77-b03 mixed mode bsd-amd64 compressed oops)
# Problematic frame:
# C  [libobjc.A.dylib+0x5097]  objc_msgSend+0x17
#
# Failed to write core dump. Core dumps have been disabled. To enable core dumping, try "ulimit -c unlimited" before starting Java again
#
# If you would like to submit a bug report, please visit:
#   http://bugreport.java.com/bugreport/crash.jsp
# The crash happened outside the Java Virtual Machine in native code.
# See problematic frame for where to report the bug.
#

---------------  T H R E A D  ---------------

Current thread (0x00007f8e8589f000):  JavaThread "AWT-AppKit" daemon [_thread_in_native, id=3335, stack(0x00007fff5a7f9000,0x00007fff5aff9000)]

siginfo: si_signo: 11 (SIGSEGV), si_code: 0 (unknown), si_addr: 0x0000000000000000

Registers:
RAX=0x00007f8e88958d10, RBX=0x0000000172547450, RCX=0x0000000120248920, RDX=0x0000000120248c20
RSP=0x00007fff5aff43b8, RBP=0x00007fff5aff4470, RSI=0x00007fff9350c4c6, RDI=0x00007f8e88e38380
R8 =0x0000000000000000, R9 =0x00000000000006d0, R10=0x00007fff9350c4c6, R11=0x200007f8e88e72d3
R12=0x0000000000000000, R13=0x00000001740c9818, R14=0x0000000172547440, R15=0x00007f8e8589f000
RIP=0x00007fff89bb8097, EFLAGS=0x0000000000010246, ERR=0x0000000000000000
  TRAPNO=0x000000000000000d

Top of Stack: (sp=0x00007fff5aff43b8)
0x00007fff5aff43b8:   0000000172545157 00007fff5aff4410
0x00007fff5aff43c8:   0000000000000003 00007fff5aff43f0
0x00007fff5aff43d8:   00000001057f0b02 00000001740c9818
0x00007fff5aff43e8:   00000001740c9818 00007f8e88958d10
0x00007fff5aff43f8:   00000001725476a0 0000000172547710
0x00007fff5aff4408:   00007fff77a31fb0 00007fff7646c420
0x00007fff5aff4418:   0000000172547450 0000000172547690
0x00007fff5aff4428:   00007f8e88958d10 00007f8e88e38380
0x00007fff5aff4438:   00007f8e83f53a70 00007f8e88958d10
0x00007fff5aff4448:   00007f8e88e38380 00007fff5aff44f8
0x00007fff5aff4458:   00007f8e8589f1f8 00000001740c9818
0x00007fff5aff4468:   00007fff5aff4520 00007fff5aff44e8
0x00007fff5aff4478:   00000001066a7954 00000001740c9818
0x00007fff5aff4488:   00007fff5aff4520 00007fff5aff44e8
0x00007fff5aff4498:   00000001066a76e7 00000001066a76a2
0x00007fff5aff44a8:   00007fff5aff44a8 00000001740c9818
0x00007fff5aff44b8:   00007fff5aff4520 00000001740cc450
0x00007fff5aff44c8:   0000000000000000 00000001740c9818
0x00007fff5aff44d8:   0000000000000000 00007fff5aff4508
0x00007fff5aff44e8:   00007fff5aff4568 0000000106699c4d
0x00007fff5aff44f8:   0000000780df5908 00000001066a1578
0x00007fff5aff4508:   00007f8e88958d10 00007fff5aff4568
0x00007fff5aff4518:   00007f8e88e38380 00000001066a2d82
0x00007fff5aff4528:   00007fff5aff4528 00000001740c99e2
0x00007fff5aff4538:   00007fff5aff4590 00000001740cc450
0x00007fff5aff4548:   0000000000000000 00000001740c99f0
0x00007fff5aff4558:   00007fff5aff4508 00007fff5aff4578
0x00007fff5aff4568:   00007fff5aff45d8 0000000106699c4d
0x00007fff5aff4578:   00007f8e88958d10 0000000780e281c0
0x00007fff5aff4588:   00007f8e88e38380 0000000780e281c0
0x00007fff5aff4598:   00007fff5aff4598 00000001771d68b6
0x00007fff5aff45a8:   00007fff5aff45e8 00000001771d6970 

Instructions: (pc=0x00007fff89bb8097)
0x00007fff89bb8077:   90 90 90 90 90 90 90 90 90 48 85 ff 2e 74 72 40
0x00007fff89bb8087:   f6 c7 01 2e 0f 85 7e 00 00 00 4c 8b 1f 49 89 f2
0x00007fff89bb8097:   45 23 53 18 49 c1 e2 04 4d 03 53 10 49 3b 32 75
0x00007fff89bb80a7:   04 41 ff 62 08 49 83 3a 00 74 74 4d 3b 53 10 74 

Register to memory mapping:

RAX=0x00007f8e88958d10 is an unknown value
RBX=0x0000000172547450: Java_jogamp_nativewindow_macosx_OSXUtil_GetScreenRefreshRate0+0x1cf0 in /private/var/folders/vm/c6ql63410d962mlmgt4yhc5h0000gn/T/jogamp_0000/file_cache/jln7263778864254450495/jln1611368094353862674/libnativewindow_macosx.jnilib at 0x0000000172540000
RCX=0x0000000120248920 is an unknown value
RDX=0x0000000120248c20 is an unknown value
RSP=0x00007fff5aff43b8 is pointing into the stack for thread: 0x00007f8e8589f000
RBP=0x00007fff5aff4470 is pointing into the stack for thread: 0x00007f8e8589f000
RSI=0x00007fff9350c4c6: NSAppKitVersionNumber+0x12eb6 in /System/Library/Frameworks/AppKit.framework/Versions/C/AppKit at 0x00007fff92aa9000
RDI=0x00007f8e88e38380 is an unknown value
R8 =0x0000000000000000 is an unknown value
R9 =0x00000000000006d0 is an unknown value
R10=0x00007fff9350c4c6: NSAppKitVersionNumber+0x12eb6 in /System/Library/Frameworks/AppKit.framework/Versions/C/AppKit at 0x00007fff92aa9000
R11=0x200007f8e88e72d3 is an unknown value
R12=0x0000000000000000 is an unknown value
R13={method} {0x00000001740c9818} 'UnsetJAWTRootSurfaceLayer0' '(JJ)V' in 'jogamp/nativewindow/jawt/macosx/MacOSXJAWTWindow'
R14=0x0000000172547440: Java_jogamp_nativewindow_macosx_OSXUtil_GetScreenRefreshRate0+0x1ce0 in /private/var/folders/vm/c6ql63410d962mlmgt4yhc5h0000gn/T/jogamp_0000/file_cache/jln7263778864254450495/jln1611368094353862674/libnativewindow_macosx.jnilib at 0x0000000172540000
R15=0x00007f8e8589f000 is a thread


Stack: [0x00007fff5a7f9000,0x00007fff5aff9000],  sp=0x00007fff5aff43b8,  free space=8172k
Native frames: (J=compiled Java code, j=interpreted, Vv=VM code, C=native code)
C  [libobjc.A.dylib+0x5097]  objc_msgSend+0x17
j  jogamp.nativewindow.jawt.macosx.MacOSXJAWTWindow.UnsetJAWTRootSurfaceLayer0(JJ)V+0
j  jogamp.nativewindow.jawt.macosx.MacOSXJAWTWindow.access$200(JJ)V+2
j  jogamp.nativewindow.jawt.macosx.MacOSXJAWTWindow$1.run()V+38
j  com.jogamp.common.util.RunnableTask.run()V+24
v  ~StubRoutines::call_stub
V  [libjvm.dylib+0x2ea39e]  JavaCalls::call_helper(JavaValue*, methodHandle*, JavaCallArguments*, Thread*)+0x6ae
V  [libjvm.dylib+0x3214a7]  jni_invoke_nonstatic(JNIEnv_*, JavaValue*, _jobject*, JNICallType, _jmethodID*, JNI_ArgumentPusher*, Thread*)+0x2ec
V  [libjvm.dylib+0x313c7b]  jni_CallVoidMethod+0x16b
C  [libnativewindow_macosx.jnilib+0x5326]  Java_jogamp_nativewindow_jawt_macosx_MacOSXJAWTWindow_UnsetJAWTRootSurfaceLayer0+0x2b6
C  [Foundation+0x6375e]  __NSThreadPerformPerform+0xe5
C  [CoreFoundation+0x7f5b1]  __CFRUNLOOP_IS_CALLING_OUT_TO_A_SOURCE0_PERFORM_FUNCTION__+0x11
C  [CoreFoundation+0x70d29]  __CFRunLoopDoSources0+0x1b9
C  [CoreFoundation+0x703ef]  __CFRunLoopRun+0x33f
C  [CoreFoundation+0x6fe75]  CFRunLoopRunSpecific+0x135
C  [HIToolbox+0x2ea0d]  RunCurrentEventLoopInMode+0xe2
C  [HIToolbox+0x2e685]  ReceiveNextEventCommon+0xad
C  [HIToolbox+0x2e5bc]  _BlockUntilNextEventMatchingListInModeWithFilter+0x41
C  [AppKit+0x2424e]  _DPSNextEvent+0x59a
C  [AppKit+0x2389b]  -[NSApplication nextEventMatchingMask:untilDate:inMode:dequeue:]+0x7a
C  [libosxapp.dylib+0x23aa]  -[NSApplicationAWT nextEventMatchingMask:untilDate:inMode:dequeue:]+0x7c
C  [AppKit+0x1799c]  -[NSApplication run]+0x229
C  [libosxapp.dylib+0x214d]  +[NSApplicationAWT runAWTLoopWithApp:]+0x9c
C  [libawt_lwawt.dylib+0x4455b]  -[AWTStarter starter:]+0x389
C  [Foundation+0x6375e]  __NSThreadPerformPerform+0xe5
C  [CoreFoundation+0x7f5b1]  __CFRUNLOOP_IS_CALLING_OUT_TO_A_SOURCE0_PERFORM_FUNCTION__+0x11
C  [CoreFoundation+0x70c62]  __CFRunLoopDoSources0+0xf2
C  [CoreFoundation+0x703ef]  __CFRunLoopRun+0x33f
C  [CoreFoundation+0x6fe75]  CFRunLoopRunSpecific+0x135
C  [java+0x6463]  CreateExecutionEnvironment+0x367
C  [java+0x21ac]  JLI_Launch+0x7a0
C  [java+0x84c0]  main+0x65
C  [java+0x1a04]  start+0x34
C  0x0000000000000007

Java frames: (J=compiled Java code, j=interpreted, Vv=VM code)
j  jogamp.nativewindow.jawt.macosx.MacOSXJAWTWindow.UnsetJAWTRootSurfaceLayer0(JJ)V+0
j  jogamp.nativewindow.jawt.macosx.MacOSXJAWTWindow.access$200(JJ)V+2
j  jogamp.nativewindow.jawt.macosx.MacOSXJAWTWindow$1.run()V+38
j  com.jogamp.common.util.RunnableTask.run()V+24
v  ~StubRoutines::call_stub

---------------  P R O C E S S  ---------------

Java Threads: ( => current thread )
  0x00007f8e8a1d8000 JavaThread "Thread-19" [_thread_blocked, id=34891, stack(0x0000000178265000,0x0000000178365000)]
  0x00007f8e851ab000 JavaThread "AWT-EventQueue-1" [_thread_in_native, id=55819, stack(0x00000001728ad000,0x00000001729ad000)]
  0x00007f8e84a90000 JavaThread "DestroyJavaVM" [_thread_blocked, id=6403, stack(0x0000000106590000,0x0000000106690000)]
  0x00007f8e858ae000 JavaThread "AWT-EventQueue-0" [_thread_blocked, id=53511, stack(0x00000001213a3000,0x00000001214a3000)]
  0x00007f8e85075800 JavaThread "Java2D Disposer" daemon [_thread_blocked, id=48947, stack(0x000000011ffd9000,0x00000001200d9000)]
  0x00007f8e858bd800 JavaThread "Java2D Queue Flusher" daemon [_thread_blocked, id=47623, stack(0x000000011ec7c000,0x000000011ed7c000)]
  0x00007f8e858a1000 JavaThread "AWT-Shutdown" [_thread_blocked, id=28427, stack(0x000000011c248000,0x000000011c348000)]
=>0x00007f8e8589f000 JavaThread "AWT-AppKit" daemon [_thread_in_native, id=3335, stack(0x00007fff5a7f9000,0x00007fff5aff9000)]
  0x00007f8e8480a000 JavaThread "Service Thread" daemon [_thread_blocked, id=19715, stack(0x000000011a66e000,0x000000011a76e000)]
  0x00007f8e85823800 JavaThread "C1 CompilerThread2" daemon [_thread_blocked, id=19203, stack(0x000000011a56b000,0x000000011a66b000)]
  0x00007f8e85823000 JavaThread "C2 CompilerThread1" daemon [_thread_blocked, id=18691, stack(0x000000011a468000,0x000000011a568000)]
  0x00007f8e84047800 JavaThread "C2 CompilerThread0" daemon [_thread_blocked, id=18179, stack(0x000000011a365000,0x000000011a465000)]
  0x00007f8e8581e800 JavaThread "Signal Dispatcher" daemon [_thread_blocked, id=17667, stack(0x000000011a262000,0x000000011a362000)]
  0x00007f8e84808000 JavaThread "Finalizer" daemon [_thread_blocked, id=12547, stack(0x000000011a011000,0x000000011a111000)]
  0x00007f8e8581c000 JavaThread "Reference Handler" daemon [_thread_blocked, id=12035, stack(0x0000000119f0e000,0x000000011a00e000)]

Other Threads:
  0x00007f8e85009000 VMThread [stack: 0x0000000119e0b000,0x0000000119f0b000] [id=11523]
  0x00007f8e85009800 WatcherThread [stack: 0x000000011a771000,0x000000011a871000] [id=20227]

VM state:not at safepoint (normal execution)

VM Mutex/Monitor currently owned by a thread: None

Heap:
 PSYoungGen      total 36352K, used 4674K [0x00000007aab00000, 0x00000007ad900000, 0x00000007c0000000)
  eden space 35840K, 12% used [0x00000007aab00000,0x00000007aaf78810,0x00000007ace00000)
  from space 512K, 18% used [0x00000007acf00000,0x00000007acf18000,0x00000007acf80000)
  to   space 5632K, 0% used [0x00000007ad380000,0x00000007ad380000,0x00000007ad900000)
 ParOldGen       total 45056K, used 16581K [0x0000000780000000, 0x0000000782c00000, 0x00000007aab00000)
  object space 45056K, 36% used [0x0000000780000000,0x0000000781031698,0x0000000782c00000)
 Metaspace       used 21168K, capacity 21403K, committed 21808K, reserved 1069056K
  class space    used 2045K, capacity 2112K, committed 2176K, reserved 1048576K

Card table byte_map: [0x0000000115a52000,0x0000000115c53000] byte_map_base: 0x0000000111e52000

Marking Bits: (ParMarkBitMap*) 0x0000000105ee3ea0
 Begin Bits: [0x00000001161b5000, 0x00000001171b5000)
 End Bits:   [0x00000001171b5000, 0x00000001181b5000)

Polling page: 0x0000000104d5f000

CodeCache: size=245760Kb used=9678Kb max_used=9725Kb free=236081Kb
 bounds [0x0000000106692000, 0x0000000107052000, 0x0000000115692000]
 total_blobs=3536 nmethods=2647 adapters=802
 compilation: enabled

Compilation events (10 events):
Event: 106.744 Thread 0x00007f8e85823800 3160       3       sun.misc.JarIndex::get (49 bytes)
Event: 106.744 Thread 0x00007f8e85823800 nmethod 3160 0x0000000106dbf590 code [0x0000000106dbf760, 0x0000000106dbffd8]
Event: 106.745 Thread 0x00007f8e85823800 3161       3       java.util.LinkedHashMap::afterNodeRemoval (65 bytes)
Event: 106.746 Thread 0x00007f8e85823800 nmethod 3161 0x0000000106d02890 code [0x0000000106d02a00, 0x0000000106d02db0]
Event: 106.746 Thread 0x00007f8e84047800 3162       4       com.jogamp.nativewindow.awt.AWTGraphicsConfiguration::getNativeGraphicsConfiguration (17 bytes)
Event: 106.746 Thread 0x00007f8e84047800 nmethod 3162 0x0000000106bdbb50 code [0x0000000106bdbca0, 0x0000000106bdbd38]
Event: 106.748 Thread 0x00007f8e85823800 3163       1       sun.java2d.SurfaceData::isValid (5 bytes)
Event: 106.748 Thread 0x00007f8e85823800 nmethod 3163 0x0000000106a06e90 code [0x0000000106a06fe0, 0x0000000106a070f0]
Event: 106.748 Thread 0x00007f8e85823800 3164       3       sun.java2d.pipe.RenderBuffer::putInt (26 bytes)
Event: 106.748 Thread 0x00007f8e85823800 nmethod 3164 0x0000000106cda150 code [0x0000000106cda2c0, 0x0000000106cda430]

GC Heap History (10 events):
Event: 91.486 GC heap before
{Heap before GC invocations=24 (full 1):
 PSYoungGen      total 46592K, used 41056K [0x00000007aab00000, 0x00000007ae100000, 0x00000007c0000000)
  eden space 40960K, 100% used [0x00000007aab00000,0x00000007ad300000,0x00000007ad300000)
  from space 5632K, 1% used [0x00000007adb80000,0x00000007adb98000,0x00000007ae100000)
  to   space 7168K, 0% used [0x00000007ad300000,0x00000007ad300000,0x00000007ada00000)
 ParOldGen       total 45056K, used 16533K [0x0000000780000000, 0x0000000782c00000, 0x00000007aab00000)
  object space 45056K, 36% used [0x0000000780000000,0x0000000781025698,0x0000000782c00000)
 Metaspace       used 21105K, capacity 21339K, committed 21552K, reserved 1069056K
  class space    used 2037K, capacity 2112K, committed 2176K, reserved 1048576K
Event: 91.488 GC heap after
Heap after GC invocations=24 (full 1):
 PSYoungGen      total 40448K, used 96K [0x00000007aab00000, 0x00000007adf00000, 0x00000007c0000000)
  eden space 39936K, 0% used [0x00000007aab00000,0x00000007aab00000,0x00000007ad200000)
  from space 512K, 18% used [0x00000007ad300000,0x00000007ad318000,0x00000007ad380000)
  to   space 6656K, 0% used [0x00000007ad880000,0x00000007ad880000,0x00000007adf00000)
 ParOldGen       total 45056K, used 16533K [0x0000000780000000, 0x0000000782c00000, 0x00000007aab00000)
  object space 45056K, 36% used [0x0000000780000000,0x0000000781025698,0x0000000782c00000)
 Metaspace       used 21105K, capacity 21339K, committed 21552K, reserved 1069056K
  class space    used 2037K, capacity 2112K, committed 2176K, reserved 1048576K
}
Event: 95.373 GC heap before
{Heap before GC invocations=25 (full 1):
 PSYoungGen      total 40448K, used 40032K [0x00000007aab00000, 0x00000007adf00000, 0x00000007c0000000)
  eden space 39936K, 100% used [0x00000007aab00000,0x00000007ad200000,0x00000007ad200000)
  from space 512K, 18% used [0x00000007ad300000,0x00000007ad318000,0x00000007ad380000)
  to   space 6656K, 0% used [0x00000007ad880000,0x00000007ad880000,0x00000007adf00000)
 ParOldGen       total 45056K, used 16533K [0x0000000780000000, 0x0000000782c00000, 0x00000007aab00000)
  object space 45056K, 36% used [0x0000000780000000,0x0000000781025698,0x0000000782c00000)
 Metaspace       used 21105K, capacity 21339K, committed 21552K, reserved 1069056K
  class space    used 2037K, capacity 2112K, committed 2176K, reserved 1048576K
Event: 95.374 GC heap after
Heap after GC invocations=25 (full 1):
 PSYoungGen      total 44544K, used 96K [0x00000007aab00000, 0x00000007ade00000, 0x00000007c0000000)
  eden space 38912K, 0% used [0x00000007aab00000,0x00000007aab00000,0x00000007ad100000)
  from space 5632K, 1% used [0x00000007ad880000,0x00000007ad898000,0x00000007ade00000)
  to   space 6656K, 0% used [0x00000007ad100000,0x00000007ad100000,0x00000007ad780000)
 ParOldGen       total 45056K, used 16533K [0x0000000780000000, 0x0000000782c00000, 0x00000007aab00000)
  object space 45056K, 36% used [0x0000000780000000,0x0000000781025698,0x0000000782c00000)
 Metaspace       used 21105K, capacity 21339K, committed 21552K, reserved 1069056K
  class space    used 2037K, capacity 2112K, committed 2176K, reserved 1048576K
}
Event: 99.171 GC heap before
{Heap before GC invocations=26 (full 1):
 PSYoungGen      total 44544K, used 39008K [0x00000007aab00000, 0x00000007ade00000, 0x00000007c0000000)
  eden space 38912K, 100% used [0x00000007aab00000,0x00000007ad100000,0x00000007ad100000)
  from space 5632K, 1% used [0x00000007ad880000,0x00000007ad898000,0x00000007ade00000)
  to   space 6656K, 0% used [0x00000007ad100000,0x00000007ad100000,0x00000007ad780000)
 ParOldGen       total 45056K, used 16533K [0x0000000780000000, 0x0000000782c00000, 0x00000007aab00000)
  object space 45056K, 36% used [0x0000000780000000,0x0000000781025698,0x0000000782c00000)
 Metaspace       used 21120K, capacity 21339K, committed 21552K, reserved 1069056K
  class space    used 2037K, capacity 2112K, committed 2176K, reserved 1048576K
Event: 99.173 GC heap after
Heap after GC invocations=26 (full 1):
 PSYoungGen      total 38400K, used 96K [0x00000007aab00000, 0x00000007adc00000, 0x00000007c0000000)
  eden space 37888K, 0% used [0x00000007aab00000,0x00000007aab00000,0x00000007ad000000)
  from space 512K, 18% used [0x00000007ad100000,0x00000007ad118000,0x00000007ad180000)
  to   space 6144K, 0% used [0x00000007ad600000,0x00000007ad600000,0x00000007adc00000)
 ParOldGen       total 45056K, used 16557K [0x0000000780000000, 0x0000000782c00000, 0x00000007aab00000)
  object space 45056K, 36% used [0x0000000780000000,0x000000078102b698,0x0000000782c00000)
 Metaspace       used 21120K, capacity 21339K, committed 21552K, reserved 1069056K
  class space    used 2037K, capacity 2112K, committed 2176K, reserved 1048576K
}
Event: 102.905 GC heap before
{Heap before GC invocations=27 (full 1):
 PSYoungGen      total 38400K, used 37984K [0x00000007aab00000, 0x00000007adc00000, 0x00000007c0000000)
  eden space 37888K, 100% used [0x00000007aab00000,0x00000007ad000000,0x00000007ad000000)
  from space 512K, 18% used [0x00000007ad100000,0x00000007ad118000,0x00000007ad180000)
  to   space 6144K, 0% used [0x00000007ad600000,0x00000007ad600000,0x00000007adc00000)
 ParOldGen       total 45056K, used 16557K [0x0000000780000000, 0x0000000782c00000, 0x00000007aab00000)
  object space 45056K, 36% used [0x0000000780000000,0x000000078102b698,0x0000000782c00000)
 Metaspace       used 21121K, capacity 21339K, committed 21552K, reserved 1069056K
  class space    used 2038K, capacity 2112K, committed 2176K, reserved 1048576K
Event: 102.907 GC heap after
Heap after GC invocations=27 (full 1):
 PSYoungGen      total 40960K, used 128K [0x00000007aab00000, 0x00000007ada00000, 0x00000007c0000000)
  eden space 36864K, 0% used [0x00000007aab00000,0x00000007aab00000,0x00000007acf00000)
  from space 4096K, 3% used [0x00000007ad600000,0x00000007ad620000,0x00000007ada00000)
  to   space 5632K, 0% used [0x00000007acf00000,0x00000007acf00000,0x00000007ad480000)
 ParOldGen       total 45056K, used 16565K [0x0000000780000000, 0x0000000782c00000, 0x00000007aab00000)
  object space 45056K, 36% used [0x0000000780000000,0x000000078102d698,0x0000000782c00000)
 Metaspace       used 21121K, capacity 21339K, committed 21552K, reserved 1069056K
  class space    used 2038K, capacity 2112K, committed 2176K, reserved 1048576K
}
Event: 106.436 GC heap before
{Heap before GC invocations=28 (full 1):
 PSYoungGen      total 40960K, used 36992K [0x00000007aab00000, 0x00000007ada00000, 0x00000007c0000000)
  eden space 36864K, 100% used [0x00000007aab00000,0x00000007acf00000,0x00000007acf00000)
  from space 4096K, 3% used [0x00000007ad600000,0x00000007ad620000,0x00000007ada00000)
  to   space 5632K, 0% used [0x00000007acf00000,0x00000007acf00000,0x00000007ad480000)
 ParOldGen       total 45056K, used 16565K [0x0000000780000000, 0x0000000782c00000, 0x00000007aab00000)
  object space 45056K, 36% used [0x0000000780000000,0x000000078102d698,0x0000000782c00000)
 Metaspace       used 21133K, capacity 21339K, committed 21552K, reserved 1069056K
  class space    used 2038K, capacity 2112K, committed 2176K, reserved 1048576K
Event: 106.437 GC heap after
Heap after GC invocations=28 (full 1):
 PSYoungGen      total 36352K, used 96K [0x00000007aab00000, 0x00000007ad900000, 0x00000007c0000000)
  eden space 35840K, 0% used [0x00000007aab00000,0x00000007aab00000,0x00000007ace00000)
  from space 512K, 18% used [0x00000007acf00000,0x00000007acf18000,0x00000007acf80000)
  to   space 5632K, 0% used [0x00000007ad380000,0x00000007ad380000,0x00000007ad900000)
 ParOldGen       total 45056K, used 16581K [0x0000000780000000, 0x0000000782c00000, 0x00000007aab00000)
  object space 45056K, 36% used [0x0000000780000000,0x0000000781031698,0x0000000782c00000)
 Metaspace       used 21133K, capacity 21339K, committed 21552K, reserved 1069056K
  class space    used 2038K, capacity 2112K, committed 2176K, reserved 1048576K
}

Deoptimization events (10 events):
Event: 106.735 Thread 0x00007f8e858ae000 Uncommon trap: reason=class_check action=maybe_recompile pc=0x0000000106dac3dc method=java.awt.Component.getGraphics()Ljava/awt/Graphics; @ 114
Event: 106.735 Thread 0x00007f8e851ab000 Uncommon trap: reason=class_check action=maybe_recompile pc=0x0000000106d8cfb0 method=java.awt.event.InvocationEvent.dispatch()V @ 11
Event: 106.737 Thread 0x00007f8e8589f000 Uncommon trap: reason=class_check action=maybe_recompile pc=0x0000000106d33f00 method=com.jogamp.common.util.RunnableTask.run()V @ 24
Event: 106.738 Thread 0x00007f8e8589f000 Uncommon trap: reason=unstable_if action=reinterpret pc=0x0000000106a7967c method=jogamp.nativewindow.macosx.OSXUtil.RunOnMainThread(ZZLjava/lang/Runnable;)V @ 3
Event: 106.743 Thread 0x00007f8e851ab000 Uncommon trap: reason=unstable_if action=reinterpret pc=0x0000000106d1f270 method=jogamp.opengl.GLContextImpl.release(Z)V @ 161
Event: 106.746 Thread 0x00007f8e851ab000 Uncommon trap: reason=unstable_if action=reinterpret pc=0x0000000106fd2698 method=java.util.LinkedList$ListItr.<init>(Ljava/util/LinkedList;I)V @ 26
Event: 106.746 Thread 0x00007f8e851ab000 Uncommon trap: reason=unstable_if action=reinterpret pc=0x0000000106e96fe8 method=java.security.AccessControlContext.optimize()Ljava/security/AccessControlContext; @ 233
Event: 106.747 Thread 0x00007f8e858ae000 Uncommon trap: reason=class_check action=maybe_recompile pc=0x0000000106dac3dc method=java.awt.Component.getGraphics()Ljava/awt/Graphics; @ 114
Event: 106.748 Thread 0x00007f8e851ab000 Uncommon trap: reason=class_check action=maybe_recompile pc=0x0000000106d8cfb0 method=java.awt.event.InvocationEvent.dispatch()V @ 11
Event: 106.760 Thread 0x00007f8e8589f000 Uncommon trap: reason=class_check action=maybe_recompile pc=0x0000000106d33f00 method=com.jogamp.common.util.RunnableTask.run()V @ 24

Internal exceptions (10 events):
Event: 0.257 Thread 0x00007f8e84013800 Exception <a 'java/lang/NoSuchFieldError': method resolution failed> (0x00000007aad02480) thrown at [/Users/java_re/workspace/8-2-build-macosx-x86_64/jdk8u77/6540/hotspot/src/share/vm/prims/methodHandles.cpp, line 1146]
Event: 0.262 Thread 0x00007f8e84013800 Exception <a 'java/lang/NoSuchFieldError': method resolution failed> (0x00000007aad0fc50) thrown at [/Users/java_re/workspace/8-2-build-macosx-x86_64/jdk8u77/6540/hotspot/src/share/vm/prims/methodHandles.cpp, line 1146]
Event: 0.441 Thread 0x00007f8e84013800 Exception <a 'java/io/FileNotFoundException'> (0x00000007aad8b818) thrown at [/Users/java_re/workspace/8-2-build-macosx-x86_64/jdk8u77/6540/hotspot/src/share/vm/prims/jni.cpp, line 709]
Event: 0.441 Thread 0x00007f8e84013800 Exception <a 'java/io/FileNotFoundException'> (0x00000007aad8c360) thrown at [/Users/java_re/workspace/8-2-build-macosx-x86_64/jdk8u77/6540/hotspot/src/share/vm/prims/jni.cpp, line 709]
Event: 0.578 Thread 0x00007f8e84013800 Exception <a 'java/io/FileNotFoundException'> (0x00000007aae76e78) thrown at [/Users/java_re/workspace/8-2-build-macosx-x86_64/jdk8u77/6540/hotspot/src/share/vm/prims/jni.cpp, line 709]
Event: 2.611 Thread 0x00007f8e84808000 Exception <a 'java/lang/NullPointerException'> (0x00000007aab856b8) thrown at [/Users/java_re/workspace/8-2-build-macosx-x86_64/jdk8u77/6540/hotspot/src/share/vm/interpreter/linkResolver.cpp, line 1178]
Event: 2.711 Thread 0x00007f8e85996800 Exception <a 'java/lang/UnsatisfiedLinkError': com.jogamp.common.util.JarUtil.fixNativeLibAttribs(Ljava/lang/String;)Z> (0x00000007aaf9aff8) thrown at [/Users/java_re/workspace/8-2-build-macosx-x86_64/jdk8u77/6540/hotspot/src/share/vm/prims/nativeLookup.c
Event: 3.514 Thread 0x00007f8e851ab000 Exception <a 'java/io/FileNotFoundException'> (0x00000007ab315b30) thrown at [/Users/java_re/workspace/8-2-build-macosx-x86_64/jdk8u77/6540/hotspot/src/share/vm/prims/jni.cpp, line 709]
Event: 3.514 Thread 0x00007f8e851ab000 Exception <a 'java/io/FileNotFoundException'> (0x00000007ab31d1b0) thrown at [/Users/java_re/workspace/8-2-build-macosx-x86_64/jdk8u77/6540/hotspot/src/share/vm/prims/jni.cpp, line 709]
Event: 3.514 Thread 0x00007f8e851ab000 Implicit null exception at 0x000000010684ac35 to 0x000000010684af99

Events (10 events):
Event: 106.747 Thread 0x00007f8e858ae000 DEOPT PACKING pc=0x0000000106dac3dc sp=0x00000001214a0c70
Event: 106.747 Thread 0x00007f8e858ae000 DEOPT UNPACKING pc=0x0000000106697229 sp=0x00000001214a0c80 mode 2
Event: 106.747 loading class java/awt/Window$1DisposeAction
Event: 106.748 loading class java/awt/Window$1DisposeAction done
Event: 106.748 Thread 0x00007f8e851ab000 Uncommon trap: trap_request=0xffffffde fr.pc=0x0000000106d8cfb0
Event: 106.748 Thread 0x00007f8e851ab000 DEOPT PACKING pc=0x0000000106d8cfb0 sp=0x00000001729aaf70
Event: 106.748 Thread 0x00007f8e851ab000 DEOPT UNPACKING pc=0x0000000106697229 sp=0x00000001729aadf8 mode 2
Event: 106.760 Thread 0x00007f8e8589f000 Uncommon trap: trap_request=0xffffffde fr.pc=0x0000000106d33f00
Event: 106.760 Thread 0x00007f8e8589f000 DEOPT PACKING pc=0x0000000106d33f00 sp=0x00007fff5aff4630
Event: 106.760 Thread 0x00007f8e8589f000 DEOPT UNPACKING pc=0x0000000106697229 sp=0x00007fff5aff45d8 mode 2


Dynamic libraries:
0x000000000637b000 	/System/Library/Frameworks/Cocoa.framework/Versions/A/Cocoa
0x000000000637b000 	/System/Library/Frameworks/Security.framework/Versions/A/Security
0x000000000637b000 	/System/Library/Frameworks/ApplicationServices.framework/Versions/A/ApplicationServices
0x000000000637b000 	/usr/lib/libz.1.dylib
0x000000000637b000 	/usr/lib/libSystem.B.dylib
0x000000000637b000 	/usr/lib/libobjc.A.dylib
0x000000000637b000 	/System/Library/Frameworks/CoreFoundation.framework/Versions/A/CoreFoundation
0x000000000637b000 	/System/Library/Frameworks/Foundation.framework/Versions/C/Foundation
0x000000000637b000 	/System/Library/Frameworks/AppKit.framework/Versions/C/AppKit
0x000000000637b000 	/System/Library/Frameworks/CoreData.framework/Versions/A/CoreData
0x000000000637b000 	/System/Library/PrivateFrameworks/RemoteViewServices.framework/Versions/A/RemoteViewServices
0x000000000637b000 	/System/Library/Frameworks/AudioToolbox.framework/Versions/A/AudioToolbox
0x000000000637b000 	/System/Library/Frameworks/AudioUnit.framework/Versions/A/AudioUnit
0x000000000637b000 	/System/Library/PrivateFrameworks/DataDetectorsCore.framework/Versions/A/DataDetectorsCore
0x000000000637b000 	/System/Library/PrivateFrameworks/DesktopServicesPriv.framework/Versions/A/DesktopServicesPriv
0x000000000637b000 	/System/Library/Frameworks/Carbon.framework/Versions/A/Frameworks/HIToolbox.framework/Versions/A/HIToolbox
0x000000000637b000 	/System/Library/Frameworks/QuartzCore.framework/Versions/A/QuartzCore
0x000000000637b000 	/System/Library/Frameworks/Carbon.framework/Versions/A/Frameworks/SpeechRecognition.framework/Versions/A/SpeechRecognition
0x000000000637b000 	/usr/lib/libauto.dylib
0x000000000637b000 	/usr/lib/libicucore.A.dylib
0x000000000637b000 	/usr/lib/libxml2.2.dylib
0x000000000637b000 	/System/Library/PrivateFrameworks/CoreUI.framework/Versions/A/CoreUI
0x000000000637b000 	/System/Library/Frameworks/CoreAudio.framework/Versions/A/CoreAudio
0x000000000637b000 	/System/Library/Frameworks/DiskArbitration.framework/Versions/A/DiskArbitration
0x000000000637b000 	/usr/lib/liblangid.dylib
0x000000000637b000 	/System/Library/PrivateFrameworks/MultitouchSupport.framework/Versions/A/MultitouchSupport
0x000000000637b000 	/System/Library/Frameworks/IOKit.framework/Versions/A/IOKit
0x000000000637b000 	/usr/lib/libDiagnosticMessagesClient.dylib
0x000000000637b000 	/System/Library/Frameworks/CoreServices.framework/Versions/A/CoreServices
0x000000000637b000 	/System/Library/PrivateFrameworks/PerformanceAnalysis.framework/Versions/A/PerformanceAnalysis
0x000000000637b000 	/System/Library/PrivateFrameworks/GenerationalStorage.framework/Versions/A/GenerationalStorage
0x000000000637b000 	/System/Library/Frameworks/OpenGL.framework/Versions/A/OpenGL
0x000000000637b000 	/System/Library/PrivateFrameworks/Sharing.framework/Versions/A/Sharing
0x000000000637b000 	/System/Library/Frameworks/ImageIO.framework/Versions/A/ImageIO
0x000000000637b000 	/System/Library/Frameworks/CoreText.framework/Versions/A/CoreText
0x000000000637b000 	/System/Library/Frameworks/CoreGraphics.framework/Versions/A/CoreGraphics
0x000000000637b000 	/System/Library/PrivateFrameworks/Backup.framework/Versions/A/Backup
0x000000000637b000 	/System/Library/Frameworks/CFNetwork.framework/Versions/A/CFNetwork
0x000000000637b000 	/System/Library/Frameworks/SystemConfiguration.framework/Versions/A/SystemConfiguration
0x000000000637b000 	/usr/lib/libCRFSuite.dylib
0x000000000637b000 	/usr/lib/libc++.1.dylib
0x000000000637b000 	/usr/lib/libc++abi.dylib
0x000000000637b000 	/usr/lib/system/libcache.dylib
0x000000000637b000 	/usr/lib/system/libcommonCrypto.dylib
0x000000000637b000 	/usr/lib/system/libcompiler_rt.dylib
0x000000000637b000 	/usr/lib/system/libcopyfile.dylib
0x000000000637b000 	/usr/lib/system/libcorecrypto.dylib
0x000000000637b000 	/usr/lib/system/libdispatch.dylib
0x000000000637b000 	/usr/lib/system/libdyld.dylib
0x000000000637b000 	/usr/lib/system/libkeymgr.dylib
0x000000000637b000 	/usr/lib/system/liblaunch.dylib
0x000000000637b000 	/usr/lib/system/libmacho.dylib
0x000000000637b000 	/usr/lib/system/libquarantine.dylib
0x000000000637b000 	/usr/lib/system/libremovefile.dylib
0x000000000637b000 	/usr/lib/system/libsystem_asl.dylib
0x000000000637b000 	/usr/lib/system/libsystem_blocks.dylib
0x000000000637b000 	/usr/lib/system/libsystem_c.dylib
0x000000000637b000 	/usr/lib/system/libsystem_configuration.dylib
0x000000000637b000 	/usr/lib/system/libsystem_dnssd.dylib
0x000000000637b000 	/usr/lib/system/libsystem_info.dylib
0x000000000637b000 	/usr/lib/system/libsystem_kernel.dylib
0x000000000637b000 	/usr/lib/system/libsystem_m.dylib
0x000000000637b000 	/usr/lib/system/libsystem_malloc.dylib
0x000000000637b000 	/usr/lib/system/libsystem_network.dylib
0x000000000637b000 	/usr/lib/system/libsystem_notify.dylib
0x000000000637b000 	/usr/lib/system/libsystem_platform.dylib
0x000000000637b000 	/usr/lib/system/libsystem_pthread.dylib
0x000000000637b000 	/usr/lib/system/libsystem_sandbox.dylib
0x000000000637b000 	/usr/lib/system/libsystem_stats.dylib
0x000000000637b000 	/usr/lib/system/libunc.dylib
0x000000000637b000 	/usr/lib/system/libunwind.dylib
0x000000000637b000 	/usr/lib/system/libxpc.dylib
0x000000000637b000 	/usr/lib/libbsm.0.dylib
0x000000000637b000 	/usr/lib/libsqlite3.dylib
0x000000000637b000 	/usr/lib/libxar.1.dylib
0x000000000637b000 	/usr/lib/libpam.2.dylib
0x000000000637b000 	/usr/lib/libOpenScriptingUtil.dylib
0x000000000637b000 	/usr/lib/libbz2.1.0.dylib
0x000000000637b000 	/System/Library/Frameworks/CoreServices.framework/Versions/A/Frameworks/CarbonCore.framework/Versions/A/CarbonCore
0x000000000637b000 	/System/Library/Frameworks/CoreServices.framework/Versions/A/Frameworks/Metadata.framework/Versions/A/Metadata
0x000000000637b000 	/System/Library/Frameworks/CoreServices.framework/Versions/A/Frameworks/OSServices.framework/Versions/A/OSServices
0x000000000637b000 	/System/Library/Frameworks/CoreServices.framework/Versions/A/Frameworks/SearchKit.framework/Versions/A/SearchKit
0x000000000637b000 	/System/Library/Frameworks/CoreServices.framework/Versions/A/Frameworks/AE.framework/Versions/A/AE
0x000000000637b000 	/System/Library/Frameworks/CoreServices.framework/Versions/A/Frameworks/LaunchServices.framework/Versions/A/LaunchServices
0x000000000637b000 	/System/Library/Frameworks/CoreServices.framework/Versions/A/Frameworks/DictionaryServices.framework/Versions/A/DictionaryServices
0x000000000637b000 	/System/Library/Frameworks/NetFS.framework/Versions/A/NetFS
0x000000000637b000 	/usr/lib/system/libkxld.dylib
0x000000000637b000 	/System/Library/PrivateFrameworks/NetAuth.framework/Versions/A/NetAuth
0x000000000637b000 	/System/Library/PrivateFrameworks/TCC.framework/Versions/A/TCC
0x000000000637b000 	/System/Library/Frameworks/OpenDirectory.framework/Versions/A/Frameworks/CFOpenDirectory.framework/Versions/A/CFOpenDirectory
0x000000000637b000 	/System/Library/Frameworks/ServiceManagement.framework/Versions/A/ServiceManagement
0x000000000637b000 	/usr/lib/libxslt.1.dylib
0x000000000637b000 	/System/Library/Frameworks/Carbon.framework/Versions/A/Frameworks/Ink.framework/Versions/A/Ink
0x000000000637b000 	/System/Library/Frameworks/ApplicationServices.framework/Versions/A/Frameworks/ATS.framework/Versions/A/ATS
0x000000000637b000 	/System/Library/Frameworks/ApplicationServices.framework/Versions/A/Frameworks/ColorSync.framework/Versions/A/ColorSync
0x000000000637b000 	/System/Library/Frameworks/ApplicationServices.framework/Versions/A/Frameworks/HIServices.framework/Versions/A/HIServices
0x000000000637b000 	/System/Library/Frameworks/ApplicationServices.framework/Versions/A/Frameworks/LangAnalysis.framework/Versions/A/LangAnalysis
0x000000000637b000 	/System/Library/Frameworks/ApplicationServices.framework/Versions/A/Frameworks/PrintCore.framework/Versions/A/PrintCore
0x000000000637b000 	/System/Library/Frameworks/ApplicationServices.framework/Versions/A/Frameworks/QD.framework/Versions/A/QD
0x000000000637b000 	/System/Library/Frameworks/ApplicationServices.framework/Versions/A/Frameworks/SpeechSynthesis.framework/Versions/A/SpeechSynthesis
0x000000000637b000 	/System/Library/Frameworks/IOSurface.framework/Versions/A/IOSurface
0x000000000637b000 	/System/Library/Frameworks/Accelerate.framework/Versions/A/Accelerate
0x000000000637b000 	/System/Library/Frameworks/Accelerate.framework/Versions/A/Frameworks/vImage.framework/Versions/A/vImage
0x000000000637b000 	/System/Library/Frameworks/Accelerate.framework/Versions/A/Frameworks/vecLib.framework/Versions/A/vecLib
0x000000000637b000 	/System/Library/Frameworks/Accelerate.framework/Versions/A/Frameworks/vecLib.framework/Versions/A/libvDSP.dylib
0x000000000637b000 	/System/Library/Frameworks/Accelerate.framework/Versions/A/Frameworks/vecLib.framework/Versions/A/libvMisc.dylib
0x000000000637b000 	/System/Library/Frameworks/Accelerate.framework/Versions/A/Frameworks/vecLib.framework/Versions/A/libLAPACK.dylib
0x000000000637b000 	/System/Library/Frameworks/Accelerate.framework/Versions/A/Frameworks/vecLib.framework/Versions/A/libBLAS.dylib
0x000000000637b000 	/System/Library/Frameworks/ApplicationServices.framework/Versions/A/Frameworks/ATS.framework/Versions/A/Resources/libFontParser.dylib
0x000000000637b000 	/System/Library/Frameworks/ApplicationServices.framework/Versions/A/Frameworks/ATS.framework/Versions/A/Resources/libFontRegistry.dylib
0x000000000637b000 	/System/Library/Frameworks/ImageIO.framework/Versions/A/Resources/libJPEG.dylib
0x000000000637b000 	/System/Library/Frameworks/ImageIO.framework/Versions/A/Resources/libTIFF.dylib
0x000000000637b000 	/System/Library/Frameworks/ImageIO.framework/Versions/A/Resources/libPng.dylib
0x000000000637b000 	/System/Library/Frameworks/ImageIO.framework/Versions/A/Resources/libGIF.dylib
0x000000000637b000 	/System/Library/Frameworks/ImageIO.framework/Versions/A/Resources/libJP2.dylib
0x000000000637b000 	/System/Library/Frameworks/ImageIO.framework/Versions/A/Resources/libRadiance.dylib
0x000000000637b000 	/usr/lib/libcups.2.dylib
0x000000000637b000 	/System/Library/Frameworks/Kerberos.framework/Versions/A/Kerberos
0x000000000637b000 	/System/Library/Frameworks/GSS.framework/Versions/A/GSS
0x000000000637b000 	/usr/lib/libresolv.9.dylib
0x000000000637b000 	/usr/lib/libiconv.2.dylib
0x000000000637b000 	/System/Library/PrivateFrameworks/Heimdal.framework/Versions/A/Heimdal
0x000000000637b000 	/System/Library/PrivateFrameworks/TrustEvaluationAgent.framework/Versions/A/TrustEvaluationAgent
0x000000000637b000 	/usr/lib/libheimdal-asn1.dylib
0x000000000637b000 	/System/Library/Frameworks/OpenDirectory.framework/Versions/A/OpenDirectory
0x000000000637b000 	/System/Library/PrivateFrameworks/CommonAuth.framework/Versions/A/CommonAuth
0x000000000637b000 	/System/Library/Frameworks/SecurityFoundation.framework/Versions/A/SecurityFoundation
0x000000000637b000 	/System/Library/PrivateFrameworks/Bom.framework/Versions/A/Bom
0x000000000637b000 	/System/Library/Frameworks/CoreVideo.framework/Versions/A/CoreVideo
0x000000000637b000 	/System/Library/Frameworks/QuartzCore.framework/Versions/A/Frameworks/CoreImage.framework/Versions/A/CoreImage
0x000000000637b000 	/System/Library/Frameworks/QuartzCore.framework/Versions/A/Frameworks/ScalableUserInterface.framework/Versions/A/ScalableUserInterface
0x000000000637b000 	/System/Library/Frameworks/OpenGL.framework/Versions/A/Libraries/libGLU.dylib
0x000000000637b000 	/System/Library/Frameworks/OpenGL.framework/Versions/A/Libraries/libGFXShared.dylib
0x000000000637b000 	/System/Library/Frameworks/OpenGL.framework/Versions/A/Libraries/libGL.dylib
0x000000000637b000 	/System/Library/Frameworks/OpenGL.framework/Versions/A/Libraries/libGLImage.dylib
0x000000000637b000 	/System/Library/Frameworks/OpenGL.framework/Versions/A/Libraries/libCVMSPluginSupport.dylib
0x000000000637b000 	/System/Library/Frameworks/OpenGL.framework/Versions/A/Libraries/libCoreVMClient.dylib
0x000000000637b000 	/System/Library/PrivateFrameworks/FaceCore.framework/Versions/A/FaceCore
0x000000000637b000 	/System/Library/PrivateFrameworks/CrashReporterSupport.framework/Versions/A/CrashReporterSupport
0x000000000637b000 	/System/Library/Frameworks/OpenCL.framework/Versions/A/OpenCL
0x000000000637b000 	/System/Library/PrivateFrameworks/AppleFSCompression.framework/Versions/A/AppleFSCompression
0x000000000637b000 	/System/Library/PrivateFrameworks/Ubiquity.framework/Versions/A/Ubiquity
0x000000000637b000 	/System/Library/PrivateFrameworks/IconServices.framework/Versions/A/IconServices
0x000000000637b000 	/System/Library/PrivateFrameworks/ChunkingLibrary.framework/Versions/A/ChunkingLibrary
0x000000000637b000 	/System/Library/PrivateFrameworks/CoreSymbolication.framework/Versions/A/CoreSymbolication
0x000000000637b000 	/System/Library/PrivateFrameworks/Symbolication.framework/Versions/A/Symbolication
0x000000000637b000 	/System/Library/PrivateFrameworks/DebugSymbols.framework/Versions/A/DebugSymbols
0x0000000105600000 	/Library/Java/JavaVirtualMachines/jdk1.8.0_77.jdk/Contents/Home/jre/lib/server/libjvm.dylib
0x000000000637b000 	/usr/lib/libstdc++.6.dylib
0x0000000104d1c000 	/Library/Java/JavaVirtualMachines/jdk1.8.0_77.jdk/Contents/Home/jre/lib/libverify.dylib
0x0000000104d2a000 	/Library/Java/JavaVirtualMachines/jdk1.8.0_77.jdk/Contents/Home/jre/lib/libjava.dylib
0x0000000104d69000 	/Library/Java/JavaVirtualMachines/jdk1.8.0_77.jdk/Contents/Home/jre/lib/libzip.dylib
0x000000011a113000 	/System/Library/Frameworks/JavaVM.framework/Frameworks/JavaRuntimeSupport.framework/JavaRuntimeSupport
0x000000011a12b000 	/System/Library/Frameworks/JavaVM.framework/Versions/A/Frameworks/JavaNativeFoundation.framework/Versions/A/JavaNativeFoundation
0x000000011a140000 	/System/Library/Frameworks/JavaVM.framework/Versions/A/JavaVM
0x000000000637b000 	/System/Library/Frameworks/Carbon.framework/Versions/A/Carbon
0x000000011a14d000 	/System/Library/PrivateFrameworks/JavaLaunching.framework/Versions/A/JavaLaunching
0x000000000637b000 	/System/Library/Frameworks/Carbon.framework/Versions/A/Frameworks/CommonPanels.framework/Versions/A/CommonPanels
0x000000000637b000 	/System/Library/Frameworks/Carbon.framework/Versions/A/Frameworks/Help.framework/Versions/A/Help
0x000000000637b000 	/System/Library/Frameworks/Carbon.framework/Versions/A/Frameworks/ImageCapture.framework/Versions/A/ImageCapture
0x000000000637b000 	/System/Library/Frameworks/Carbon.framework/Versions/A/Frameworks/OpenScripting.framework/Versions/A/OpenScripting
0x000000000637b000 	/System/Library/Frameworks/Carbon.framework/Versions/A/Frameworks/Print.framework/Versions/A/Print
0x000000000637b000 	/System/Library/Frameworks/Carbon.framework/Versions/A/Frameworks/SecurityHI.framework/Versions/A/SecurityHI
0x000000011a8be000 	/Library/Java/JavaVirtualMachines/jdk1.8.0_77.jdk/Contents/Home/jre/lib/libawt.dylib
0x000000011a966000 	/Library/Java/JavaVirtualMachines/jdk1.8.0_77.jdk/Contents/Home/jre/lib/./libmlib_image.dylib
0x000000011aa32000 	/Library/Java/JavaVirtualMachines/jdk1.8.0_77.jdk/Contents/Home/jre/lib/libawt_lwawt.dylib
0x000000011aae7000 	/Library/Java/JavaVirtualMachines/jdk1.8.0_77.jdk/Contents/Home/jre/lib/./libosxapp.dylib
0x000000000637b000 	/System/Library/Frameworks/ExceptionHandling.framework/Versions/A/ExceptionHandling
0x000000000637b000 	/System/Library/PrivateFrameworks/CoreServicesInternal.framework/Versions/A/CoreServicesInternal
0x000000000637b000 	/System/Library/PrivateFrameworks/Librarian.framework/Versions/A/Librarian
0x000000000637b000 	/System/Library/Frameworks/CoreGraphics.framework/Versions/A/Resources/libCGCMS.A.dylib
0x000000000637b000 	/System/Library/Frameworks/CoreGraphics.framework/Versions/A/Resources/libRIP.A.dylib
0x000000000637b000 	/System/Library/Frameworks/CoreGraphics.framework/Versions/A/Resources/libCGXType.A.dylib
0x000000000637b000 	/System/Library/PrivateFrameworks/FamilyControls.framework/Versions/A/FamilyControls
0x000000000637b000 	/System/Library/PrivateFrameworks/CommerceKit.framework/Versions/A/Frameworks/CommerceCore.framework/Versions/A/CommerceCore
0x000000000637b000 	/System/Library/PrivateFrameworks/SystemAdministration.framework/Versions/A/SystemAdministration
0x000000000637b000 	/System/Library/Frameworks/DirectoryService.framework/Versions/A/DirectoryService
0x000000000637b000 	/System/Library/PrivateFrameworks/DiskImages.framework/Versions/A/DiskImages
0x000000000637b000 	/System/Library/PrivateFrameworks/LoginUIKit.framework/Versions/A/Frameworks/LoginUICore.framework/Versions/A/LoginUICore
0x000000000637b000 	/usr/lib/libCoreStorage.dylib
0x000000000637b000 	/usr/lib/libcsfde.dylib
0x000000000637b000 	/usr/lib/libodfde.dylib
0x000000000637b000 	/System/Library/Frameworks/DiscRecording.framework/Versions/A/DiscRecording
0x000000000637b000 	/usr/lib/libcurl.4.dylib
0x000000000637b000 	/System/Library/PrivateFrameworks/MediaKit.framework/Versions/A/MediaKit
0x000000000637b000 	/System/Library/PrivateFrameworks/EFILogin.framework/Versions/A/EFILogin
0x000000000637b000 	/usr/lib/libutil.dylib
0x000000000637b000 	/System/Library/PrivateFrameworks/AOSNotification.framework/Versions/A/AOSNotification
0x000000000637b000 	/System/Library/Frameworks/LDAP.framework/Versions/A/LDAP
0x000000000637b000 	/usr/lib/libsasl2.2.dylib
0x000000000637b000 	/usr/lib/libcrypto.0.9.8.dylib
0x000000000637b000 	/usr/lib/libssl.0.9.8.dylib
0x000000000637b000 	/System/Library/Frameworks/OpenGL.framework/Versions/A/Resources/GLEngine.bundle/GLEngine
0x000000000637b000 	/System/Library/Frameworks/OpenGL.framework/Versions/A/Libraries/libGLProgrammability.dylib
0x000000011ed7e000 	/System/Library/Extensions/AppleIntelHD5000GraphicsGLDriver.bundle/Contents/MacOS/AppleIntelHD5000GraphicsGLDriver
0x000000000637b000 	/System/Library/PrivateFrameworks/IOAccelerator.framework/Versions/A/IOAccelerator
0x000000000637b000 	/System/Library/PrivateFrameworks/GPUSupport.framework/Versions/A/Libraries/libGPUSupportMercury.dylib
0x000000000637b000 	/System/Library/Frameworks/OpenGL.framework/Versions/A/Resources/GLRendererFloat.bundle/GLRendererFloat
0x000000000637b000 	/System/Library/Frameworks/OpenCL.framework/Versions/A/Libraries/libcldcpuengine.dylib
0x00000001200db000 	/Library/Java/JavaVirtualMachines/jdk1.8.0_77.jdk/Contents/Home/jre/lib/libfontmanager.dylib
0x00000001218d1000 	/Library/Java/JavaVirtualMachines/jdk1.8.0_77.jdk/Contents/Home/jre/lib/libosxui.dylib
0x00000001219b1000 	/Library/Java/JavaVirtualMachines/jdk1.8.0_77.jdk/Contents/Home/jre/lib/libnet.dylib
0x00000001219c8000 	/Library/Java/JavaVirtualMachines/jdk1.8.0_77.jdk/Contents/Home/jre/lib/libnio.dylib
0x000000000637b000 	/System/Library/Frameworks/ApplicationServices.framework/Versions/A/Frameworks/ATS.framework/Versions/A/Resources/libTrueTypeScaler.dylib
0x000000017236c000 	/private/var/folders/vm/c6ql63410d962mlmgt4yhc5h0000gn/T/jogamp_0000/file_cache/jln7263778864254450495/jln1611368094353862674/libgluegen-rt.jnilib
0x0000000121159000 	/private/var/folders/vm/c6ql63410d962mlmgt4yhc5h0000gn/T/jogamp_0000/file_cache/jln7263778864254450495/jln1611368094353862674/libnativewindow_awt.jnilib
0x000000012195a000 	/Library/Java/JavaVirtualMachines/jdk1.8.0_77.jdk/Contents/Home/jre/lib/libjawt.dylib
0x0000000172540000 	/private/var/folders/vm/c6ql63410d962mlmgt4yhc5h0000gn/T/jogamp_0000/file_cache/jln7263778864254450495/jln1611368094353862674/libnativewindow_macosx.jnilib
0x000000017420f000 	/private/var/folders/vm/c6ql63410d962mlmgt4yhc5h0000gn/T/jogamp_0000/file_cache/jln7263778864254450495/jln1611368094353862674/libjogl_desktop.jnilib
0x0000000176874000 	/Library/Java/JavaVirtualMachines/jdk1.8.0_77.jdk/Contents/Home/jre/lib/libt2k.dylib

VM Arguments:
jvm_args: -Djava.security.policy=java.policy.applet -Dfile.encoding=UTF-8 
java_command: sun.applet.AppletViewer module5.EarthquakeCityMap1463858265066.html
java_class_path (initial): /Users/xingdu/Documents/workspace/UCSDUnfoldingMaps/build:/Users/xingdu/Documents/workspace/UCSDUnfoldingMaps/lib/core.jar:/Users/xingdu/Documents/workspace/UCSDUnfoldingMaps/lib/gluegen-rt.jar:/Users/xingdu/Documents/workspace/UCSDUnfoldingMaps/lib/jogl-all.jar:/Users/xingdu/Documents/workspace/UCSDUnfoldingMaps/lib/log4j-1.2.15.jar:/Users/xingdu/Documents/workspace/UCSDUnfoldingMaps/lib/sqlite-jdbc-3.7.2.jar:/Users/xingdu/Documents/workspace/UCSDUnfoldingMaps/lib/json4processing.jar:/Users/xingdu/Documents/workspace/UCSDUnfoldingMaps/lib/libTUIO.jar:/Users/xingdu/Documents/workspace/UCSDUnfoldingMaps/lib/unfolding.0.9.7-uscd.jar
Launcher Type: SUN_STANDARD

Environment Variables:
PATH=/usr/bin:/bin:/usr/sbin:/sbin
SHELL=/bin/bash

Signal Handlers:
SIGSEGV: [libjvm.dylib+0x5a6855], sa_mask[0]=11111111011111110111111111111111, sa_flags=SA_ONSTACK|SA_RESTART|SA_SIGINFO
SIGBUS: [libjvm.dylib+0x5a6855], sa_mask[0]=11111111011111110111111111111111, sa_flags=SA_RESTART|SA_SIGINFO
SIGFPE: [libjvm.dylib+0x4804ec], sa_mask[0]=11111111011111110111111111111111, sa_flags=SA_RESTART|SA_SIGINFO
SIGPIPE: [libjvm.dylib+0x4804ec], sa_mask[0]=11111111011111110111111111111111, sa_flags=SA_RESTART|SA_SIGINFO
SIGXFSZ: [libjvm.dylib+0x4804ec], sa_mask[0]=11111111011111110111111111111111, sa_flags=SA_RESTART|SA_SIGINFO
SIGILL: [libjvm.dylib+0x4804ec], sa_mask[0]=11111111011111110111111111111111, sa_flags=SA_RESTART|SA_SIGINFO
SIGUSR1: SIG_DFL, sa_mask[0]=00000000000000000000000000000000, sa_flags=SA_RESTART
SIGUSR2: [libjvm.dylib+0x48000a], sa_mask[0]=00100000000000000000000000000000, sa_flags=SA_RESTART|SA_SIGINFO
SIGHUP: [libjvm.dylib+0x47e5e1], sa_mask[0]=11111111011111110111111111111111, sa_flags=SA_RESTART|SA_SIGINFO
SIGINT: [libjvm.dylib+0x47e5e1], sa_mask[0]=11111111011111110111111111111111, sa_flags=SA_RESTART|SA_SIGINFO
SIGTERM: [libjvm.dylib+0x47e5e1], sa_mask[0]=11111111011111110111111111111111, sa_flags=SA_RESTART|SA_SIGINFO
SIGQUIT: [libjvm.dylib+0x47e5e1], sa_mask[0]=11111111011111110111111111111111, sa_flags=SA_RESTART|SA_SIGINFO


---------------  S Y S T E M  ---------------

OS:Bsduname:Darwin 13.4.0 Darwin Kernel Version 13.4.0: Wed Mar 18 16:20:14 PDT 2015; root:xnu-2422.115.14~1/RELEASE_X86_64 x86_64
rlimit: STACK 8192k, CORE 0k, NPROC 709, NOFILE 10240, AS infinity
load average:1.52 1.61 1.65

CPU:total 4 (2 cores per cpu, 2 threads per core) family 6 model 69 stepping 1, cmov, cx8, fxsr, mmx, sse, sse2, sse3, ssse3, sse4.1, sse4.2, popcnt, avx, avx2, aes, clmul, erms, lzcnt, ht, tsc, tscinvbit, bmi1, bmi2

Memory: 4k page, physical 4194304k(194900k free)

/proc/meminfo:


vm_info: Java HotSpot(TM) 64-Bit Server VM (25.77-b03) for bsd-amd64 JRE (1.8.0_77-b03), built on Mar 20 2016 22:14:03 by "java_re" with gcc 4.2.1 (Based on Apple Inc. build 5658) (LLVM build 2336.11.00)

time: Sat May 21 15:19:31 2016
elapsed time: 106 seconds (0d 0h 1m 46s)

