#
# A fatal error has been detected by the Java Runtime Environment:
#
#  SIGSEGV (0xb) at pc=0x00007fff8f995732, pid=14359, tid=3335
#
# JRE version: Java(TM) SE Runtime Environment (8.0_77-b03) (build 1.8.0_77-b03)
# Java VM: Java HotSpot(TM) 64-Bit Server VM (25.77-b03 mixed mode bsd-amd64 compressed oops)
# Problematic frame:
# C  [libsystem_c.dylib+0x1732]  strlen+0x12
#
# Failed to write core dump. Core dumps have been disabled. To enable core dumping, try "ulimit -c unlimited" before starting Java again
#
# If you would like to submit a bug report, please visit:
#   http://bugreport.java.com/bugreport/crash.jsp
# The crash happened outside the Java Virtual Machine in native code.
# See problematic frame for where to report the bug.
#

---------------  T H R E A D  ---------------

Current thread (0x00007f9a1403b800):  JavaThread "AWT-AppKit" daemon [_thread_in_native, id=3335, stack(0x00007fff57ebb000,0x00007fff586bb000)]

siginfo: si_signo: 11 (SIGSEGV), si_code: 1 (SEGV_MAPERR), si_addr: 0x0000002d00000030

Registers:
RAX=0x00000000ffffffff, RBX=0x00007fff89bd233c, RCX=0x0000002d0000003f, RDX=0x0000002d0000003f
RSP=0x00007fff586b5a40, RBP=0x00007fff586b5a40, RSI=0x00007fff8fa188d0, RDI=0x0000002d00000030
R8 =0x00007fff89bd2335, R9 =0x00007fff8fa188d0, R10=0x00007fff8f9dd2a8, R11=0x0000000000000000
R12=0x00007fff8fa188d0, R13=0x0000000000000073, R14=0x0000000000000000, R15=0x00007fff586b6230
RIP=0x00007fff8f995732, EFLAGS=0x0000000000010206, ERR=0x0000000000000004
  TRAPNO=0x000000000000000e

Top of Stack: (sp=0x00007fff586b5a40)
0x00007fff586b5a40:   00007fff586b5e70 00007fff8f9dcdcb
0x00007fff586b5a50:   0000000100000000 000000000000001e
0x00007fff586b5a60:   00007fff781e2940 000000010908d81e
0x00007fff586b5a70:   0000003000000010 00007fff586b6140
0x00007fff586b5a80:   00007fff586b6040 0000000000000050
0x00007fff586b5a90:   00007fff781e2940 000000010755f000
0x00007fff586b5aa0:   0000003000000010 00007fff586b6170
0x00007fff586b5ab0:   00007fff586b6058 00000000586b5b6c
0x00007fff586b5ac0:   00007fff586b5b50 00007ffffffffffb
0x00007fff586b5ad0:   0000000000000001 0000000000000001
0x00007fff586b5ae0:   00007fff89bd233a 0000000000000001
0x00007fff586b5af0:   00007fff8fa1a4b9 0000000000000000
0x00007fff586b5b00:   00000001001b5055 0000000000000001
0x00007fff586b5b10:   0000000000000000 0000000000000001
0x00007fff586b5b20:   0000000500000001 0000000000000001
0x00007fff586b5b30:   0000000000000001 0000000189bd2768
0x00007fff586b5b40:   00007fff89bd2335 00007fff586b6230
0x00007fff586b5b50:   000000010000001e 0000000000000002
0x00007fff586b5b60:   0000000000000001 00007fff89bd268d
0x00007fff586b5b70:   0000002d0000003f ffffffff18e8e9b0
0x00007fff586b5b80:   0000000000000000 000000001403b9f8
0x00007fff586b5b90:   00007fff781e2940 000000010831b9aa
0x00007fff586b5ba0:   0000003000000008 00007fff586b6270
0x00007fff586b5bb0:   00007fff586b6170 58007f9a1403b9f8
0x00007fff586b5bc0:   00007f9a1403b800 00007f9a1403b800
0x00007fff586b5bd0:   00007fff586b5cf0 0000000000000000
0x00007fff586b5be0:   0000000000000006 5800000000000000
0x00007fff586b5bf0:   0000000000000bac 00007f9a18b00000
0x00007fff586b5c00:   0000000780108358 0000000000000000
0x00007fff586b5c10:   00007fff586b5c40 00007fff586b5c40
0x00007fff586b5c20:   00000007c00200f8 0000000174c53070
0x00007fff586b5c30:   00007f9a13cccab0 0000000000000000 

Instructions: (pc=0x00007fff8f995732)
0x00007fff8f995712:   0e 01 f3 0f 7f 44 0f 01 5d c3 90 90 90 90 55 48
0x00007fff8f995722:   89 e5 48 89 f9 48 89 fa 48 83 e7 f0 66 0f ef c0
0x00007fff8f995732:   66 0f 74 07 66 0f d7 f0 48 83 e1 0f 48 83 c8 ff
0x00007fff8f995742:   48 d3 e0 21 c6 74 17 0f bc c6 48 29 d7 48 01 f8 

Register to memory mapping:

RAX=0x00000000ffffffff is an unknown value
RBX=0x00007fff89bd233c: _ZN8objc_opt16objc_headeropt_t3getEPK14mach_header_64+0x153c in /usr/lib/libobjc.A.dylib at 0x00007fff89bb3000
RCX=0x0000002d0000003f is an unknown value
RDX=0x0000002d0000003f is an unknown value
RSP=0x00007fff586b5a40 is pointing into the stack for thread: 0x00007f9a1403b800
RBP=0x00007fff586b5a40 is pointing into the stack for thread: 0x00007f9a1403b800
RSI=0x00007fff8fa188d0: __vfprintf.xdigs_upper+0 in /usr/lib/system/libsystem_c.dylib at 0x00007fff8f994000
RDI=0x0000002d00000030 is an unknown value
R8 =0x00007fff89bd2335: _ZN8objc_opt16objc_headeropt_t3getEPK14mach_header_64+0x1535 in /usr/lib/libobjc.A.dylib at 0x00007fff89bb3000
R9 =0x00007fff8fa188d0: __vfprintf.xdigs_upper+0 in /usr/lib/system/libsystem_c.dylib at 0x00007fff8f994000
R10=0x00007fff8f9dd2a8: __vfprintf+0x4705 in /usr/lib/system/libsystem_c.dylib at 0x00007fff8f994000
R11=0x0000000000000000 is an unknown value
R12=0x00007fff8fa188d0: __vfprintf.xdigs_upper+0 in /usr/lib/system/libsystem_c.dylib at 0x00007fff8f994000
R13=0x0000000000000073 is an unknown value
R14=0x0000000000000000 is an unknown value
R15=0x00007fff586b6230 is pointing into the stack for thread: 0x00007f9a1403b800


Stack: [0x00007fff57ebb000,0x00007fff586bb000],  sp=0x00007fff586b5a40,  free space=8170k
Native frames: (J=compiled Java code, j=interpreted, Vv=VM code, C=native code)
C  [libsystem_c.dylib+0x1732]  strlen+0x12
C  [libsystem_c.dylib+0x48dcb]  __vfprintf+0x4228
C  [libsystem_c.dylib+0x6d2db]  __v2printf+0x1d7
C  [libsystem_c.dylib+0x446da]  _vasprintf+0x257
C  [libobjc.A.dylib+0xda2d]  _objc_inform_now_and_on_crash+0xa1
C  [libobjc.A.dylib+0xc52b]  cache_t::bad_cache(objc_object*, objc_selector*, objc_class*, bucket_t*)+0xe9
C  [libobjc.A.dylib+0xc442]  cache_t::bad_cache(objc_object*, objc_selector*, objc_class*, bucket_t*)+0x0
C  [libnativewindow_macosx.jnilib+0x5157]  Java_jogamp_nativewindow_jawt_macosx_MacOSXJAWTWindow_UnsetJAWTRootSurfaceLayer0+0xe7
j  jogamp.nativewindow.jawt.macosx.MacOSXJAWTWindow.UnsetJAWTRootSurfaceLayer0(JJ)V+0
j  jogamp.nativewindow.jawt.macosx.MacOSXJAWTWindow.access$200(JJ)V+2
j  jogamp.nativewindow.jawt.macosx.MacOSXJAWTWindow$1.run()V+38
J 2421 C1 com.jogamp.common.util.RunnableTask.run()V (345 bytes) @ 0x00000001097d4e54 [0x00000001097d4cc0+0x194]
v  ~StubRoutines::call_stub
V  [libjvm.dylib+0x2ea39e]  JavaCalls::call_helper(JavaValue*, methodHandle*, JavaCallArguments*, Thread*)+0x6ae
V  [libjvm.dylib+0x3214a7]  jni_invoke_nonstatic(JNIEnv_*, JavaValue*, _jobject*, JNICallType, _jmethodID*, JNI_ArgumentPusher*, Thread*)+0x2ec
V  [libjvm.dylib+0x313c7b]  jni_CallVoidMethod+0x16b
C  [libnativewindow_macosx.jnilib+0x5326]  Java_jogamp_nativewindow_jawt_macosx_MacOSXJAWTWindow_UnsetJAWTRootSurfaceLayer0+0x2b6
C  [Foundation+0x6375e]  __NSThreadPerformPerform+0xe5
C  [CoreFoundation+0x7f5b1]  __CFRUNLOOP_IS_CALLING_OUT_TO_A_SOURCE0_PERFORM_FUNCTION__+0x11
C  [CoreFoundation+0x70d29]  __CFRunLoopDoSources0+0x1b9
C  [CoreFoundation+0x703ef]  __CFRunLoopRun+0x33f
C  [CoreFoundation+0x6fe75]  CFRunLoopRunSpecific+0x135
C  [HIToolbox+0x2ea0d]  RunCurrentEventLoopInMode+0xe2
C  [HIToolbox+0x2e685]  ReceiveNextEventCommon+0xad
C  [HIToolbox+0x2e5bc]  _BlockUntilNextEventMatchingListInModeWithFilter+0x41
C  [AppKit+0x2424e]  _DPSNextEvent+0x59a
C  [AppKit+0x2389b]  -[NSApplication nextEventMatchingMask:untilDate:inMode:dequeue:]+0x7a
C  [libosxapp.dylib+0x23aa]  -[NSApplicationAWT nextEventMatchingMask:untilDate:inMode:dequeue:]+0x7c
C  [AppKit+0x1799c]  -[NSApplication run]+0x229
C  [libosxapp.dylib+0x214d]  +[NSApplicationAWT runAWTLoopWithApp:]+0x9c
C  [libawt_lwawt.dylib+0x4455b]  -[AWTStarter starter:]+0x389
C  [Foundation+0x6375e]  __NSThreadPerformPerform+0xe5
C  [CoreFoundation+0x7f5b1]  __CFRUNLOOP_IS_CALLING_OUT_TO_A_SOURCE0_PERFORM_FUNCTION__+0x11
C  [CoreFoundation+0x70c62]  __CFRunLoopDoSources0+0xf2
C  [CoreFoundation+0x703ef]  __CFRunLoopRun+0x33f
C  [CoreFoundation+0x6fe75]  CFRunLoopRunSpecific+0x135
C  [java+0x6463]  CreateExecutionEnvironment+0x367
C  [java+0x21ac]  JLI_Launch+0x7a0
C  [java+0x84c0]  main+0x65
C  [java+0x1a04]  start+0x34
C  0x0000000000000007

Java frames: (J=compiled Java code, j=interpreted, Vv=VM code)
j  jogamp.nativewindow.jawt.macosx.MacOSXJAWTWindow.UnsetJAWTRootSurfaceLayer0(JJ)V+0
j  jogamp.nativewindow.jawt.macosx.MacOSXJAWTWindow.access$200(JJ)V+2
j  jogamp.nativewindow.jawt.macosx.MacOSXJAWTWindow$1.run()V+38
J 2421 C1 com.jogamp.common.util.RunnableTask.run()V (345 bytes) @ 0x00000001097d4e54 [0x00000001097d4cc0+0x194]
v  ~StubRoutines::call_stub

---------------  P R O C E S S  ---------------

Java Threads: ( => current thread )
  0x00007f9a1a0d0800 JavaThread "Thread-19" [_thread_blocked, id=61643, stack(0x000000017ccde000,0x000000017cdde000)]
  0x00007f9a15067800 JavaThread "AWT-EventQueue-1" [_thread_in_native, id=55307, stack(0x0000000175188000,0x0000000175288000)]
  0x00007f9a14808800 JavaThread "DestroyJavaVM" [_thread_blocked, id=6403, stack(0x000000010765b000,0x000000010775b000)]
  0x00007f9a151ba000 JavaThread "AWT-EventQueue-0" [_thread_blocked, id=52743, stack(0x0000000123c5e000,0x0000000123d5e000)]
  0x00007f9a14926000 JavaThread "Java2D Disposer" daemon [_thread_blocked, id=48691, stack(0x0000000122894000,0x0000000122994000)]
  0x00007f9a15882000 JavaThread "Java2D Queue Flusher" daemon [_thread_blocked, id=46351, stack(0x0000000121537000,0x0000000121637000)]
  0x00007f9a150e9000 JavaThread "AWT-Shutdown" [_thread_blocked, id=28683, stack(0x000000011ec09000,0x000000011ed09000)]
=>0x00007f9a1403b800 JavaThread "AWT-AppKit" daemon [_thread_in_native, id=3335, stack(0x00007fff57ebb000,0x00007fff586bb000)]
  0x00007f9a1481a800 JavaThread "Service Thread" daemon [_thread_blocked, id=19715, stack(0x000000011cfad000,0x000000011d0ad000)]
  0x00007f9a1402f800 JavaThread "C1 CompilerThread2" daemon [_thread_blocked, id=19203, stack(0x000000011ceaa000,0x000000011cfaa000)]
  0x00007f9a1402e800 JavaThread "C2 CompilerThread1" daemon [_thread_blocked, id=18691, stack(0x000000011cda7000,0x000000011cea7000)]
  0x00007f9a14014000 JavaThread "C2 CompilerThread0" daemon [_thread_blocked, id=18179, stack(0x000000011cca4000,0x000000011cda4000)]
  0x00007f9a14013000 JavaThread "Signal Dispatcher" daemon [_thread_blocked, id=17667, stack(0x000000011cba1000,0x000000011cca1000)]
  0x00007f9a14818000 JavaThread "Finalizer" daemon [_thread_blocked, id=12547, stack(0x000000011c95f000,0x000000011ca5f000)]
  0x00007f9a14815800 JavaThread "Reference Handler" daemon [_thread_blocked, id=12035, stack(0x000000011c85c000,0x000000011c95c000)]

Other Threads:
  0x00007f9a1582f800 VMThread [stack: 0x000000011c759000,0x000000011c859000] [id=11523]
  0x00007f9a1481e800 WatcherThread [stack: 0x000000011d0b0000,0x000000011d1b0000] [id=20227]

VM state:not at safepoint (normal execution)

VM Mutex/Monitor currently owned by a thread: None

Heap:
 PSYoungGen      total 64512K, used 46141K [0x00000007aab00000, 0x00000007afe00000, 0x00000007c0000000)
  eden space 62464K, 73% used [0x00000007aab00000,0x00000007ad80f5f0,0x00000007ae800000)
  from space 2048K, 0% used [0x00000007aea80000,0x00000007aea80000,0x00000007aec80000)
  to   space 11264K, 0% used [0x00000007af300000,0x00000007af300000,0x00000007afe00000)
 ParOldGen       total 47104K, used 16473K [0x0000000780000000, 0x0000000782e00000, 0x00000007aab00000)
  object space 47104K, 34% used [0x0000000780000000,0x0000000781016790,0x0000000782e00000)
 Metaspace       used 21040K, capacity 21215K, committed 21552K, reserved 1069056K
  class space    used 2041K, capacity 2112K, committed 2176K, reserved 1048576K

Card table byte_map: [0x000000011834f000,0x0000000118550000] byte_map_base: 0x000000011474f000

Marking Bits: (ParMarkBitMap*) 0x00000001088e3ea0
 Begin Bits: [0x0000000118ab2000, 0x0000000119ab2000)
 End Bits:   [0x0000000119ab2000, 0x000000011aab2000)

Polling page: 0x00000001077a0000

CodeCache: size=245760Kb used=8992Kb max_used=9399Kb free=236767Kb
 bounds [0x0000000108f8f000, 0x00000001098cf000, 0x0000000117f8f000]
 total_blobs=3501 nmethods=2610 adapters=804
 compilation: enabled

Compilation events (10 events):
Event: 17.611 Thread 0x00007f9a1402f800 2785       3       sun.awt.SunToolkit::awtUnlock (7 bytes)
Event: 17.612 Thread 0x00007f9a1402f800 nmethod 2785 0x0000000109490790 code [0x0000000109490900, 0x0000000109490be8]
Event: 17.612 Thread 0x00007f9a1402f800 2784       1       sun.java2d.SurfaceData::isValid (5 bytes)
Event: 17.612 Thread 0x00007f9a1402f800 nmethod 2784 0x00000001090a4650 code [0x00000001090a47a0, 0x00000001090a48b0]
Event: 17.612 Thread 0x00007f9a1402f800 2786       3       sun.java2d.pipe.RenderQueue::unlock (4 bytes)
Event: 17.613 Thread 0x00007f9a1402f800 nmethod 2786 0x00000001091318d0 code [0x0000000109131a60, 0x0000000109131dc8]
Event: 17.643 Thread 0x00007f9a1402f800 2787       3       java.util.LinkedHashMap::afterNodeRemoval (65 bytes)
Event: 17.644 Thread 0x00007f9a1402f800 nmethod 2787 0x00000001090fd090 code [0x00000001090fd200, 0x00000001090fd5b0]
Event: 17.645 Thread 0x00007f9a1402f800 2788       3       sun.misc.JarIndex::get (49 bytes)
Event: 17.646 Thread 0x00007f9a1402f800 nmethod 2788 0x00000001094b06d0 code [0x00000001094b08a0, 0x00000001094b1118]

GC Heap History (10 events):
Event: 3.752 GC heap before
{Heap before GC invocations=4 (full 0):
 PSYoungGen      total 18944K, used 18928K [0x00000007aab00000, 0x00000007ad000000, 0x00000007c0000000)
  eden space 16384K, 100% used [0x00000007aab00000,0x00000007abb00000,0x00000007abb00000)
  from space 2560K, 99% used [0x00000007abb00000,0x00000007abd7c050,0x00000007abd80000)
  to   space 2560K, 0% used [0x00000007acd80000,0x00000007acd80000,0x00000007ad000000)
 ParOldGen       total 44032K, used 6653K [0x0000000780000000, 0x0000000782b00000, 0x00000007aab00000)
  object space 44032K, 15% used [0x0000000780000000,0x000000078067f5e8,0x0000000782b00000)
 Metaspace       used 19664K, capacity 19855K, committed 19968K, reserved 1067008K
  class space    used 1989K, capacity 2046K, committed 2048K, reserved 1048576K
Event: 3.765 GC heap after
Heap after GC invocations=4 (full 0):
 PSYoungGen      total 35328K, used 2544K [0x00000007aab00000, 0x00000007ad000000, 0x00000007c0000000)
  eden space 32768K, 0% used [0x00000007aab00000,0x00000007aab00000,0x00000007acb00000)
  from space 2560K, 99% used [0x00000007acd80000,0x00000007acffc0b0,0x00000007ad000000)
  to   space 2560K, 0% used [0x00000007acb00000,0x00000007acb00000,0x00000007acd80000)
 ParOldGen       total 44032K, used 14568K [0x0000000780000000, 0x0000000782b00000, 0x00000007aab00000)
  object space 44032K, 33% used [0x0000000780000000,0x0000000780e3a270,0x0000000782b00000)
 Metaspace       used 19664K, capacity 19855K, committed 19968K, reserved 1067008K
  class space    used 1989K, capacity 2046K, committed 2048K, reserved 1048576K
}
Event: 5.302 GC heap before
{Heap before GC invocations=5 (full 0):
 PSYoungGen      total 35328K, used 35312K [0x00000007aab00000, 0x00000007ad000000, 0x00000007c0000000)
  eden space 32768K, 100% used [0x00000007aab00000,0x00000007acb00000,0x00000007acb00000)
  from space 2560K, 99% used [0x00000007acd80000,0x00000007acffc0b0,0x00000007ad000000)
  to   space 2560K, 0% used [0x00000007acb00000,0x00000007acb00000,0x00000007acd80000)
 ParOldGen       total 44032K, used 14568K [0x0000000780000000, 0x0000000782b00000, 0x00000007aab00000)
  object space 44032K, 33% used [0x0000000780000000,0x0000000780e3a270,0x0000000782b00000)
 Metaspace       used 20527K, capacity 20761K, committed 21120K, reserved 1069056K
  class space    used 2032K, capacity 2111K, committed 2176K, reserved 1048576K
Event: 5.314 GC heap after
Heap after GC invocations=5 (full 0):
 PSYoungGen      total 35328K, used 2528K [0x00000007aab00000, 0x00000007b0000000, 0x00000007c0000000)
  eden space 32768K, 0% used [0x00000007aab00000,0x00000007aab00000,0x00000007acb00000)
  from space 2560K, 98% used [0x00000007acb00000,0x00000007acd780d0,0x00000007acd80000)
  to   space 10752K, 0% used [0x00000007af580000,0x00000007af580000,0x00000007b0000000)
 ParOldGen       total 44032K, used 19251K [0x0000000780000000, 0x0000000782b00000, 0x00000007aab00000)
  object space 44032K, 43% used [0x0000000780000000,0x00000007812ccec0,0x0000000782b00000)
 Metaspace       used 20527K, capacity 20761K, committed 21120K, reserved 1069056K
  class space    used 2032K, capacity 2111K, committed 2176K, reserved 1048576K
}
Event: 8.542 GC heap before
{Heap before GC invocations=6 (full 0):
 PSYoungGen      total 35328K, used 35296K [0x00000007aab00000, 0x00000007b0000000, 0x00000007c0000000)
  eden space 32768K, 100% used [0x00000007aab00000,0x00000007acb00000,0x00000007acb00000)
  from space 2560K, 98% used [0x00000007acb00000,0x00000007acd780d0,0x00000007acd80000)
  to   space 10752K, 0% used [0x00000007af580000,0x00000007af580000,0x00000007b0000000)
 ParOldGen       total 44032K, used 19251K [0x0000000780000000, 0x0000000782b00000, 0x00000007aab00000)
  object space 44032K, 43% used [0x0000000780000000,0x00000007812ccec0,0x0000000782b00000)
 Metaspace       used 20740K, capacity 20959K, committed 21120K, reserved 1069056K
  class space    used 2033K, capacity 2112K, committed 2176K, reserved 1048576K
Event: 8.554 GC heap after
Heap after GC invocations=6 (full 0):
 PSYoungGen      total 75776K, used 2592K [0x00000007aab00000, 0x00000007b0100000, 0x00000007c0000000)
  eden space 65024K, 0% used [0x00000007aab00000,0x00000007aab00000,0x00000007aea80000)
  from space 10752K, 24% used [0x00000007af580000,0x00000007af8080d0,0x00000007b0000000)
  to   space 11264K, 0% used [0x00000007aea80000,0x00000007aea80000,0x00000007af580000)
 ParOldGen       total 44032K, used 19259K [0x0000000780000000, 0x0000000782b00000, 0x00000007aab00000)
  object space 44032K, 43% used [0x0000000780000000,0x00000007812ceec0,0x0000000782b00000)
 Metaspace       used 20740K, capacity 20959K, committed 21120K, reserved 1069056K
  class space    used 2033K, capacity 2112K, committed 2176K, reserved 1048576K
}
Event: 11.082 GC heap before
{Heap before GC invocations=7 (full 0):
 PSYoungGen      total 75776K, used 33521K [0x00000007aab00000, 0x00000007b0100000, 0x00000007c0000000)
  eden space 65024K, 47% used [0x00000007aab00000,0x00000007ac934630,0x00000007aea80000)
  from space 10752K, 24% used [0x00000007af580000,0x00000007af8080d0,0x00000007b0000000)
  to   space 11264K, 0% used [0x00000007aea80000,0x00000007aea80000,0x00000007af580000)
 ParOldGen       total 44032K, used 19259K [0x0000000780000000, 0x0000000782b00000, 0x00000007aab00000)
  object space 44032K, 43% used [0x0000000780000000,0x00000007812ceec0,0x0000000782b00000)
 Metaspace       used 20917K, capacity 21087K, committed 21296K, reserved 1069056K
  class space    used 2033K, capacity 2112K, committed 2176K, reserved 1048576K
Event: 11.092 GC heap after
Heap after GC invocations=7 (full 0):
 PSYoungGen      total 64512K, used 1680K [0x00000007aab00000, 0x00000007afe00000, 0x00000007c0000000)
  eden space 62464K, 0% used [0x00000007aab00000,0x00000007aab00000,0x00000007ae800000)
  from space 2048K, 82% used [0x00000007aea80000,0x00000007aec240e0,0x00000007aec80000)
  to   space 11264K, 0% used [0x00000007af300000,0x00000007af300000,0x00000007afe00000)
 ParOldGen       total 44032K, used 20235K [0x0000000780000000, 0x0000000782b00000, 0x00000007aab00000)
  object space 44032K, 45% used [0x0000000780000000,0x00000007813c2f10,0x0000000782b00000)
 Metaspace       used 20917K, capacity 21087K, committed 21296K, reserved 1069056K
  class space    used 2033K, capacity 2112K, committed 2176K, reserved 1048576K
}
Event: 11.092 GC heap before
{Heap before GC invocations=8 (full 1):
 PSYoungGen      total 64512K, used 1680K [0x00000007aab00000, 0x00000007afe00000, 0x00000007c0000000)
  eden space 62464K, 0% used [0x00000007aab00000,0x00000007aab00000,0x00000007ae800000)
  from space 2048K, 82% used [0x00000007aea80000,0x00000007aec240e0,0x00000007aec80000)
  to   space 11264K, 0% used [0x00000007af300000,0x00000007af300000,0x00000007afe00000)
 ParOldGen       total 44032K, used 20235K [0x0000000780000000, 0x0000000782b00000, 0x00000007aab00000)
  object space 44032K, 45% used [0x0000000780000000,0x00000007813c2f10,0x0000000782b00000)
 Metaspace       used 20917K, capacity 21087K, committed 21296K, reserved 1069056K
  class space    used 2033K, capacity 2112K, committed 2176K, reserved 1048576K
Event: 11.143 GC heap after
Heap after GC invocations=8 (full 1):
 PSYoungGen      total 64512K, used 0K [0x00000007aab00000, 0x00000007afe00000, 0x00000007c0000000)
  eden space 62464K, 0% used [0x00000007aab00000,0x00000007aab00000,0x00000007ae800000)
  from space 2048K, 0% used [0x00000007aea80000,0x00000007aea80000,0x00000007aec80000)
  to   space 11264K, 0% used [0x00000007af300000,0x00000007af300000,0x00000007afe00000)
 ParOldGen       total 47104K, used 16473K [0x0000000780000000, 0x0000000782e00000, 0x00000007aab00000)
  object space 47104K, 34% used [0x0000000780000000,0x0000000781016790,0x0000000782e00000)
 Metaspace       used 20917K, capacity 21087K, committed 21296K, reserved 1069056K
  class space    used 2033K, capacity 2112K, committed 2176K, reserved 1048576K
}

Deoptimization events (10 events):
Event: 12.728 Thread 0x00007f9a15067800 Uncommon trap: reason=unstable_if action=reinterpret pc=0x00000001096f8354 method=de.fhpotsdam.unfolding.mapdisplay.Java2DMapDisplay.getTransformedPosition(FFZ)[F @ 1
Event: 12.742 Thread 0x00007f9a15067800 Uncommon trap: reason=unstable_if action=reinterpret pc=0x00000001096f6348 method=module5.CommonMarker.draw(Lprocessing/core/PGraphics;FF)V @ 4
Event: 17.608 Thread 0x00007f9a15067800 Uncommon trap: reason=unstable_if action=reinterpret pc=0x00000001096b4fa8 method=com.jogamp.common.util.VersionNumber.compareTo(Lcom/jogamp/common/util/VersionNumber;)I @ 21
Event: 17.611 Thread 0x00007f9a151ba000 Uncommon trap: reason=unstable_if action=reinterpret pc=0x00000001096e33bc method=java.awt.font.FontRenderContext.equals(Ljava/awt/font/FontRenderContext;)Z @ 2
Event: 17.611 Thread 0x00007f9a151ba000 Uncommon trap: reason=unstable_if action=reinterpret pc=0x00000001096d8754 method=java.awt.Font.equals(Ljava/lang/Object;)Z @ 2
Event: 17.641 Thread 0x00007f9a14945000 Uncommon trap: reason=unstable_if action=reinterpret pc=0x000000010942ad08 method=java.util.HashMap.putVal(ILjava/lang/Object;Ljava/lang/Object;ZZ)Ljava/lang/Object; @ 81
Event: 17.641 Thread 0x00007f9a14945000 Uncommon trap: reason=unstable_if action=reinterpret pc=0x000000010941ea94 method=java.util.HashMap.putVal(ILjava/lang/Object;Ljava/lang/Object;ZZ)Ljava/lang/Object; @ 81
Event: 17.642 Thread 0x00007f9a151ba000 Uncommon trap: reason=unstable_if action=reinterpret pc=0x00000001096e1338 method=java.awt.font.FontRenderContext.equals(Ljava/awt/font/FontRenderContext;)Z @ 2
Event: 17.655 Thread 0x00007f9a15067800 Uncommon trap: reason=unstable_if action=reinterpret pc=0x00000001098b49fc method=java.security.AccessControlContext.optimize()Ljava/security/AccessControlContext; @ 233
Event: 17.656 Thread 0x00007f9a1a0d0800 Uncommon trap: reason=predicate action=maybe_recompile pc=0x0000000109745b00 method=java.util.Vector.indexOf(Ljava/lang/Object;I)I @ 44

Internal exceptions (10 events):
Event: 0.184 Thread 0x00007f9a14808800 Exception <a 'java/lang/NoSuchFieldError': method resolution failed> (0x00000007aad02480) thrown at [/Users/java_re/workspace/8-2-build-macosx-x86_64/jdk8u77/6540/hotspot/src/share/vm/prims/methodHandles.cpp, line 1146]
Event: 0.187 Thread 0x00007f9a14808800 Exception <a 'java/lang/NoSuchFieldError': method resolution failed> (0x00000007aad0fc50) thrown at [/Users/java_re/workspace/8-2-build-macosx-x86_64/jdk8u77/6540/hotspot/src/share/vm/prims/methodHandles.cpp, line 1146]
Event: 0.338 Thread 0x00007f9a14808800 Exception <a 'java/io/FileNotFoundException'> (0x00000007aad8b818) thrown at [/Users/java_re/workspace/8-2-build-macosx-x86_64/jdk8u77/6540/hotspot/src/share/vm/prims/jni.cpp, line 709]
Event: 0.338 Thread 0x00007f9a14808800 Exception <a 'java/io/FileNotFoundException'> (0x00000007aad8c360) thrown at [/Users/java_re/workspace/8-2-build-macosx-x86_64/jdk8u77/6540/hotspot/src/share/vm/prims/jni.cpp, line 709]
Event: 0.437 Thread 0x00007f9a14808800 Exception <a 'java/io/FileNotFoundException'> (0x00000007aae76e78) thrown at [/Users/java_re/workspace/8-2-build-macosx-x86_64/jdk8u77/6540/hotspot/src/share/vm/prims/jni.cpp, line 709]
Event: 2.315 Thread 0x00007f9a14818000 Exception <a 'java/lang/NullPointerException'> (0x00000007aab8a8a8) thrown at [/Users/java_re/workspace/8-2-build-macosx-x86_64/jdk8u77/6540/hotspot/src/share/vm/interpreter/linkResolver.cpp, line 1178]
Event: 2.415 Thread 0x00007f9a149f3000 Exception <a 'java/lang/UnsatisfiedLinkError': com.jogamp.common.util.JarUtil.fixNativeLibAttribs(Ljava/lang/String;)Z> (0x00000007aafed318) thrown at [/Users/java_re/workspace/8-2-build-macosx-x86_64/jdk8u77/6540/hotspot/src/share/vm/prims/nativeLookup.c
Event: 3.206 Thread 0x00007f9a15067800 Exception <a 'java/io/FileNotFoundException'> (0x00000007ab335da8) thrown at [/Users/java_re/workspace/8-2-build-macosx-x86_64/jdk8u77/6540/hotspot/src/share/vm/prims/jni.cpp, line 709]
Event: 3.207 Thread 0x00007f9a15067800 Exception <a 'java/io/FileNotFoundException'> (0x00000007ab33d428) thrown at [/Users/java_re/workspace/8-2-build-macosx-x86_64/jdk8u77/6540/hotspot/src/share/vm/prims/jni.cpp, line 709]
Event: 3.207 Thread 0x00007f9a15067800 Implicit null exception at 0x000000010913e1b3 to 0x000000010913e53d

Events (10 events):
Event: 17.655 loading class java/awt/event/AWTEventListenerProxy
Event: 17.655 loading class java/awt/event/AWTEventListenerProxy done
Event: 17.655 loading class java/awt/Toolkit$ToolkitEventMulticaster
Event: 17.655 loading class java/awt/Toolkit$ToolkitEventMulticaster done
Event: 17.656 Thread 0x00007f9a14945000 Thread exited: 0x00007f9a14945000
Event: 17.656 Thread 0x00007f9a1a0d0800 Uncommon trap: trap_request=0xffffff86 fr.pc=0x0000000109745b00
Event: 17.656 Thread 0x00007f9a1a0d0800 DEOPT PACKING pc=0x0000000109745b00 sp=0x000000017cddd7f0
Event: 17.656 Thread 0x00007f9a1a0d0800 DEOPT UNPACKING pc=0x0000000108f94229 sp=0x000000017cddd7a0 mode 2
Event: 17.656 loading class java/awt/Window$1DisposeAction
Event: 17.656 loading class java/awt/Window$1DisposeAction done


Dynamic libraries:
0x000000000637b000 	/System/Library/Frameworks/Cocoa.framework/Versions/A/Cocoa
0x000000000637b000 	/System/Library/Frameworks/Security.framework/Versions/A/Security
0x000000000637b000 	/System/Library/Frameworks/ApplicationServices.framework/Versions/A/ApplicationServices
0x000000000637b000 	/usr/lib/libz.1.dylib
0x000000000637b000 	/usr/lib/libSystem.B.dylib
0x000000000637b000 	/usr/lib/libobjc.A.dylib
0x000000000637b000 	/System/Library/Frameworks/CoreFoundation.framework/Versions/A/CoreFoundation
0x000000000637b000 	/System/Library/Frameworks/Foundation.framework/Versions/C/Foundation
0x000000000637b000 	/System/Library/Frameworks/AppKit.framework/Versions/C/AppKit
0x000000000637b000 	/System/Library/Frameworks/CoreData.framework/Versions/A/CoreData
0x000000000637b000 	/System/Library/PrivateFrameworks/RemoteViewServices.framework/Versions/A/RemoteViewServices
0x000000000637b000 	/System/Library/Frameworks/AudioToolbox.framework/Versions/A/AudioToolbox
0x000000000637b000 	/System/Library/Frameworks/AudioUnit.framework/Versions/A/AudioUnit
0x000000000637b000 	/System/Library/PrivateFrameworks/DataDetectorsCore.framework/Versions/A/DataDetectorsCore
0x000000000637b000 	/System/Library/PrivateFrameworks/DesktopServicesPriv.framework/Versions/A/DesktopServicesPriv
0x000000000637b000 	/System/Library/Frameworks/Carbon.framework/Versions/A/Frameworks/HIToolbox.framework/Versions/A/HIToolbox
0x000000000637b000 	/System/Library/Frameworks/QuartzCore.framework/Versions/A/QuartzCore
0x000000000637b000 	/System/Library/Frameworks/Carbon.framework/Versions/A/Frameworks/SpeechRecognition.framework/Versions/A/SpeechRecognition
0x000000000637b000 	/usr/lib/libauto.dylib
0x000000000637b000 	/usr/lib/libicucore.A.dylib
0x000000000637b000 	/usr/lib/libxml2.2.dylib
0x000000000637b000 	/System/Library/PrivateFrameworks/CoreUI.framework/Versions/A/CoreUI
0x000000000637b000 	/System/Library/Frameworks/CoreAudio.framework/Versions/A/CoreAudio
0x000000000637b000 	/System/Library/Frameworks/DiskArbitration.framework/Versions/A/DiskArbitration
0x000000000637b000 	/usr/lib/liblangid.dylib
0x000000000637b000 	/System/Library/PrivateFrameworks/MultitouchSupport.framework/Versions/A/MultitouchSupport
0x000000000637b000 	/System/Library/Frameworks/IOKit.framework/Versions/A/IOKit
0x000000000637b000 	/usr/lib/libDiagnosticMessagesClient.dylib
0x000000000637b000 	/System/Library/Frameworks/CoreServices.framework/Versions/A/CoreServices
0x000000000637b000 	/System/Library/PrivateFrameworks/PerformanceAnalysis.framework/Versions/A/PerformanceAnalysis
0x000000000637b000 	/System/Library/PrivateFrameworks/GenerationalStorage.framework/Versions/A/GenerationalStorage
0x000000000637b000 	/System/Library/Frameworks/OpenGL.framework/Versions/A/OpenGL
0x000000000637b000 	/System/Library/PrivateFrameworks/Sharing.framework/Versions/A/Sharing
0x000000000637b000 	/System/Library/Frameworks/ImageIO.framework/Versions/A/ImageIO
0x000000000637b000 	/System/Library/Frameworks/CoreText.framework/Versions/A/CoreText
0x000000000637b000 	/System/Library/Frameworks/CoreGraphics.framework/Versions/A/CoreGraphics
0x000000000637b000 	/System/Library/PrivateFrameworks/Backup.framework/Versions/A/Backup
0x000000000637b000 	/System/Library/Frameworks/CFNetwork.framework/Versions/A/CFNetwork
0x000000000637b000 	/System/Library/Frameworks/SystemConfiguration.framework/Versions/A/SystemConfiguration
0x000000000637b000 	/usr/lib/libCRFSuite.dylib
0x000000000637b000 	/usr/lib/libc++.1.dylib
0x000000000637b000 	/usr/lib/libc++abi.dylib
0x000000000637b000 	/usr/lib/system/libcache.dylib
0x000000000637b000 	/usr/lib/system/libcommonCrypto.dylib
0x000000000637b000 	/usr/lib/system/libcompiler_rt.dylib
0x000000000637b000 	/usr/lib/system/libcopyfile.dylib
0x000000000637b000 	/usr/lib/system/libcorecrypto.dylib
0x000000000637b000 	/usr/lib/system/libdispatch.dylib
0x000000000637b000 	/usr/lib/system/libdyld.dylib
0x000000000637b000 	/usr/lib/system/libkeymgr.dylib
0x000000000637b000 	/usr/lib/system/liblaunch.dylib
0x000000000637b000 	/usr/lib/system/libmacho.dylib
0x000000000637b000 	/usr/lib/system/libquarantine.dylib
0x000000000637b000 	/usr/lib/system/libremovefile.dylib
0x000000000637b000 	/usr/lib/system/libsystem_asl.dylib
0x000000000637b000 	/usr/lib/system/libsystem_blocks.dylib
0x000000000637b000 	/usr/lib/system/libsystem_c.dylib
0x000000000637b000 	/usr/lib/system/libsystem_configuration.dylib
0x000000000637b000 	/usr/lib/system/libsystem_dnssd.dylib
0x000000000637b000 	/usr/lib/system/libsystem_info.dylib
0x000000000637b000 	/usr/lib/system/libsystem_kernel.dylib
0x000000000637b000 	/usr/lib/system/libsystem_m.dylib
0x000000000637b000 	/usr/lib/system/libsystem_malloc.dylib
0x000000000637b000 	/usr/lib/system/libsystem_network.dylib
0x000000000637b000 	/usr/lib/system/libsystem_notify.dylib
0x000000000637b000 	/usr/lib/system/libsystem_platform.dylib
0x000000000637b000 	/usr/lib/system/libsystem_pthread.dylib
0x000000000637b000 	/usr/lib/system/libsystem_sandbox.dylib
0x000000000637b000 	/usr/lib/system/libsystem_stats.dylib
0x000000000637b000 	/usr/lib/system/libunc.dylib
0x000000000637b000 	/usr/lib/system/libunwind.dylib
0x000000000637b000 	/usr/lib/system/libxpc.dylib
0x000000000637b000 	/usr/lib/libbsm.0.dylib
0x000000000637b000 	/usr/lib/libsqlite3.dylib
0x000000000637b000 	/usr/lib/libxar.1.dylib
0x000000000637b000 	/usr/lib/libpam.2.dylib
0x000000000637b000 	/usr/lib/libOpenScriptingUtil.dylib
0x000000000637b000 	/usr/lib/libbz2.1.0.dylib
0x000000000637b000 	/System/Library/Frameworks/CoreServices.framework/Versions/A/Frameworks/CarbonCore.framework/Versions/A/CarbonCore
0x000000000637b000 	/System/Library/Frameworks/CoreServices.framework/Versions/A/Frameworks/Metadata.framework/Versions/A/Metadata
0x000000000637b000 	/System/Library/Frameworks/CoreServices.framework/Versions/A/Frameworks/OSServices.framework/Versions/A/OSServices
0x000000000637b000 	/System/Library/Frameworks/CoreServices.framework/Versions/A/Frameworks/SearchKit.framework/Versions/A/SearchKit
0x000000000637b000 	/System/Library/Frameworks/CoreServices.framework/Versions/A/Frameworks/AE.framework/Versions/A/AE
0x000000000637b000 	/System/Library/Frameworks/CoreServices.framework/Versions/A/Frameworks/LaunchServices.framework/Versions/A/LaunchServices
0x000000000637b000 	/System/Library/Frameworks/CoreServices.framework/Versions/A/Frameworks/DictionaryServices.framework/Versions/A/DictionaryServices
0x000000000637b000 	/System/Library/Frameworks/NetFS.framework/Versions/A/NetFS
0x000000000637b000 	/usr/lib/system/libkxld.dylib
0x000000000637b000 	/System/Library/PrivateFrameworks/NetAuth.framework/Versions/A/NetAuth
0x000000000637b000 	/System/Library/PrivateFrameworks/TCC.framework/Versions/A/TCC
0x000000000637b000 	/System/Library/Frameworks/OpenDirectory.framework/Versions/A/Frameworks/CFOpenDirectory.framework/Versions/A/CFOpenDirectory
0x000000000637b000 	/System/Library/Frameworks/ServiceManagement.framework/Versions/A/ServiceManagement
0x000000000637b000 	/usr/lib/libxslt.1.dylib
0x000000000637b000 	/System/Library/Frameworks/Carbon.framework/Versions/A/Frameworks/Ink.framework/Versions/A/Ink
0x000000000637b000 	/System/Library/Frameworks/ApplicationServices.framework/Versions/A/Frameworks/ATS.framework/Versions/A/ATS
0x000000000637b000 	/System/Library/Frameworks/ApplicationServices.framework/Versions/A/Frameworks/ColorSync.framework/Versions/A/ColorSync
0x000000000637b000 	/System/Library/Frameworks/ApplicationServices.framework/Versions/A/Frameworks/HIServices.framework/Versions/A/HIServices
0x000000000637b000 	/System/Library/Frameworks/ApplicationServices.framework/Versions/A/Frameworks/LangAnalysis.framework/Versions/A/LangAnalysis
0x000000000637b000 	/System/Library/Frameworks/ApplicationServices.framework/Versions/A/Frameworks/PrintCore.framework/Versions/A/PrintCore
0x000000000637b000 	/System/Library/Frameworks/ApplicationServices.framework/Versions/A/Frameworks/QD.framework/Versions/A/QD
0x000000000637b000 	/System/Library/Frameworks/ApplicationServices.framework/Versions/A/Frameworks/SpeechSynthesis.framework/Versions/A/SpeechSynthesis
0x000000000637b000 	/System/Library/Frameworks/IOSurface.framework/Versions/A/IOSurface
0x000000000637b000 	/System/Library/Frameworks/Accelerate.framework/Versions/A/Accelerate
0x000000000637b000 	/System/Library/Frameworks/Accelerate.framework/Versions/A/Frameworks/vImage.framework/Versions/A/vImage
0x000000000637b000 	/System/Library/Frameworks/Accelerate.framework/Versions/A/Frameworks/vecLib.framework/Versions/A/vecLib
0x000000000637b000 	/System/Library/Frameworks/Accelerate.framework/Versions/A/Frameworks/vecLib.framework/Versions/A/libvDSP.dylib
0x000000000637b000 	/System/Library/Frameworks/Accelerate.framework/Versions/A/Frameworks/vecLib.framework/Versions/A/libvMisc.dylib
0x000000000637b000 	/System/Library/Frameworks/Accelerate.framework/Versions/A/Frameworks/vecLib.framework/Versions/A/libLAPACK.dylib
0x000000000637b000 	/System/Library/Frameworks/Accelerate.framework/Versions/A/Frameworks/vecLib.framework/Versions/A/libBLAS.dylib
0x000000000637b000 	/System/Library/Frameworks/ApplicationServices.framework/Versions/A/Frameworks/ATS.framework/Versions/A/Resources/libFontParser.dylib
0x000000000637b000 	/System/Library/Frameworks/ApplicationServices.framework/Versions/A/Frameworks/ATS.framework/Versions/A/Resources/libFontRegistry.dylib
0x000000000637b000 	/System/Library/Frameworks/ImageIO.framework/Versions/A/Resources/libJPEG.dylib
0x000000000637b000 	/System/Library/Frameworks/ImageIO.framework/Versions/A/Resources/libTIFF.dylib
0x000000000637b000 	/System/Library/Frameworks/ImageIO.framework/Versions/A/Resources/libPng.dylib
0x000000000637b000 	/System/Library/Frameworks/ImageIO.framework/Versions/A/Resources/libGIF.dylib
0x000000000637b000 	/System/Library/Frameworks/ImageIO.framework/Versions/A/Resources/libJP2.dylib
0x000000000637b000 	/System/Library/Frameworks/ImageIO.framework/Versions/A/Resources/libRadiance.dylib
0x000000000637b000 	/usr/lib/libcups.2.dylib
0x000000000637b000 	/System/Library/Frameworks/Kerberos.framework/Versions/A/Kerberos
0x000000000637b000 	/System/Library/Frameworks/GSS.framework/Versions/A/GSS
0x000000000637b000 	/usr/lib/libresolv.9.dylib
0x000000000637b000 	/usr/lib/libiconv.2.dylib
0x000000000637b000 	/System/Library/PrivateFrameworks/Heimdal.framework/Versions/A/Heimdal
0x000000000637b000 	/System/Library/PrivateFrameworks/TrustEvaluationAgent.framework/Versions/A/TrustEvaluationAgent
0x000000000637b000 	/usr/lib/libheimdal-asn1.dylib
0x000000000637b000 	/System/Library/Frameworks/OpenDirectory.framework/Versions/A/OpenDirectory
0x000000000637b000 	/System/Library/PrivateFrameworks/CommonAuth.framework/Versions/A/CommonAuth
0x000000000637b000 	/System/Library/Frameworks/SecurityFoundation.framework/Versions/A/SecurityFoundation
0x000000000637b000 	/System/Library/PrivateFrameworks/Bom.framework/Versions/A/Bom
0x000000000637b000 	/System/Library/Frameworks/CoreVideo.framework/Versions/A/CoreVideo
0x000000000637b000 	/System/Library/Frameworks/QuartzCore.framework/Versions/A/Frameworks/CoreImage.framework/Versions/A/CoreImage
0x000000000637b000 	/System/Library/Frameworks/QuartzCore.framework/Versions/A/Frameworks/ScalableUserInterface.framework/Versions/A/ScalableUserInterface
0x000000000637b000 	/System/Library/Frameworks/OpenGL.framework/Versions/A/Libraries/libGLU.dylib
0x000000000637b000 	/System/Library/Frameworks/OpenGL.framework/Versions/A/Libraries/libGFXShared.dylib
0x000000000637b000 	/System/Library/Frameworks/OpenGL.framework/Versions/A/Libraries/libGL.dylib
0x000000000637b000 	/System/Library/Frameworks/OpenGL.framework/Versions/A/Libraries/libGLImage.dylib
0x000000000637b000 	/System/Library/Frameworks/OpenGL.framework/Versions/A/Libraries/libCVMSPluginSupport.dylib
0x000000000637b000 	/System/Library/Frameworks/OpenGL.framework/Versions/A/Libraries/libCoreVMClient.dylib
0x000000000637b000 	/System/Library/PrivateFrameworks/FaceCore.framework/Versions/A/FaceCore
0x000000000637b000 	/System/Library/PrivateFrameworks/CrashReporterSupport.framework/Versions/A/CrashReporterSupport
0x000000000637b000 	/System/Library/Frameworks/OpenCL.framework/Versions/A/OpenCL
0x000000000637b000 	/System/Library/PrivateFrameworks/AppleFSCompression.framework/Versions/A/AppleFSCompression
0x000000000637b000 	/System/Library/PrivateFrameworks/Ubiquity.framework/Versions/A/Ubiquity
0x000000000637b000 	/System/Library/PrivateFrameworks/IconServices.framework/Versions/A/IconServices
0x000000000637b000 	/System/Library/PrivateFrameworks/ChunkingLibrary.framework/Versions/A/ChunkingLibrary
0x000000000637b000 	/System/Library/PrivateFrameworks/CoreSymbolication.framework/Versions/A/CoreSymbolication
0x000000000637b000 	/System/Library/PrivateFrameworks/Symbolication.framework/Versions/A/Symbolication
0x000000000637b000 	/System/Library/PrivateFrameworks/DebugSymbols.framework/Versions/A/DebugSymbols
0x0000000108000000 	/Library/Java/JavaVirtualMachines/jdk1.8.0_77.jdk/Contents/Home/jre/lib/server/libjvm.dylib
0x000000000637b000 	/usr/lib/libstdc++.6.dylib
0x000000010775d000 	/Library/Java/JavaVirtualMachines/jdk1.8.0_77.jdk/Contents/Home/jre/lib/libverify.dylib
0x000000010776b000 	/Library/Java/JavaVirtualMachines/jdk1.8.0_77.jdk/Contents/Home/jre/lib/libjava.dylib
0x00000001077aa000 	/Library/Java/JavaVirtualMachines/jdk1.8.0_77.jdk/Contents/Home/jre/lib/libzip.dylib
0x000000011ca61000 	/System/Library/Frameworks/JavaVM.framework/Frameworks/JavaRuntimeSupport.framework/JavaRuntimeSupport
0x000000011ca79000 	/System/Library/Frameworks/JavaVM.framework/Versions/A/Frameworks/JavaNativeFoundation.framework/Versions/A/JavaNativeFoundation
0x00000001077f0000 	/System/Library/Frameworks/JavaVM.framework/Versions/A/JavaVM
0x000000000637b000 	/System/Library/Frameworks/Carbon.framework/Versions/A/Carbon
0x000000011ca8e000 	/System/Library/PrivateFrameworks/JavaLaunching.framework/Versions/A/JavaLaunching
0x000000000637b000 	/System/Library/Frameworks/Carbon.framework/Versions/A/Frameworks/CommonPanels.framework/Versions/A/CommonPanels
0x000000000637b000 	/System/Library/Frameworks/Carbon.framework/Versions/A/Frameworks/Help.framework/Versions/A/Help
0x000000000637b000 	/System/Library/Frameworks/Carbon.framework/Versions/A/Frameworks/ImageCapture.framework/Versions/A/ImageCapture
0x000000000637b000 	/System/Library/Frameworks/Carbon.framework/Versions/A/Frameworks/OpenScripting.framework/Versions/A/OpenScripting
0x000000000637b000 	/System/Library/Frameworks/Carbon.framework/Versions/A/Frameworks/Print.framework/Versions/A/Print
0x000000000637b000 	/System/Library/Frameworks/Carbon.framework/Versions/A/Frameworks/SecurityHI.framework/Versions/A/SecurityHI
0x000000011d1fc000 	/Library/Java/JavaVirtualMachines/jdk1.8.0_77.jdk/Contents/Home/jre/lib/libawt.dylib
0x000000011d2a4000 	/Library/Java/JavaVirtualMachines/jdk1.8.0_77.jdk/Contents/Home/jre/lib/./libmlib_image.dylib
0x000000011d370000 	/Library/Java/JavaVirtualMachines/jdk1.8.0_77.jdk/Contents/Home/jre/lib/libawt_lwawt.dylib
0x000000011d425000 	/Library/Java/JavaVirtualMachines/jdk1.8.0_77.jdk/Contents/Home/jre/lib/./libosxapp.dylib
0x000000000637b000 	/System/Library/Frameworks/ExceptionHandling.framework/Versions/A/ExceptionHandling
0x000000000637b000 	/System/Library/PrivateFrameworks/CoreServicesInternal.framework/Versions/A/CoreServicesInternal
0x000000000637b000 	/System/Library/PrivateFrameworks/Librarian.framework/Versions/A/Librarian
0x000000000637b000 	/System/Library/Frameworks/CoreGraphics.framework/Versions/A/Resources/libCGCMS.A.dylib
0x000000000637b000 	/System/Library/Frameworks/CoreGraphics.framework/Versions/A/Resources/libRIP.A.dylib
0x000000000637b000 	/System/Library/Frameworks/CoreGraphics.framework/Versions/A/Resources/libCGXType.A.dylib
0x000000000637b000 	/System/Library/PrivateFrameworks/FamilyControls.framework/Versions/A/FamilyControls
0x000000000637b000 	/System/Library/PrivateFrameworks/CommerceKit.framework/Versions/A/Frameworks/CommerceCore.framework/Versions/A/CommerceCore
0x000000000637b000 	/System/Library/PrivateFrameworks/SystemAdministration.framework/Versions/A/SystemAdministration
0x000000000637b000 	/System/Library/Frameworks/DirectoryService.framework/Versions/A/DirectoryService
0x000000000637b000 	/System/Library/PrivateFrameworks/DiskImages.framework/Versions/A/DiskImages
0x000000000637b000 	/System/Library/PrivateFrameworks/LoginUIKit.framework/Versions/A/Frameworks/LoginUICore.framework/Versions/A/LoginUICore
0x000000000637b000 	/usr/lib/libCoreStorage.dylib
0x000000000637b000 	/usr/lib/libcsfde.dylib
0x000000000637b000 	/usr/lib/libodfde.dylib
0x000000000637b000 	/System/Library/Frameworks/DiscRecording.framework/Versions/A/DiscRecording
0x000000000637b000 	/usr/lib/libcurl.4.dylib
0x000000000637b000 	/System/Library/PrivateFrameworks/MediaKit.framework/Versions/A/MediaKit
0x000000000637b000 	/System/Library/PrivateFrameworks/EFILogin.framework/Versions/A/EFILogin
0x000000000637b000 	/usr/lib/libutil.dylib
0x000000000637b000 	/System/Library/PrivateFrameworks/AOSNotification.framework/Versions/A/AOSNotification
0x000000000637b000 	/System/Library/Frameworks/LDAP.framework/Versions/A/LDAP
0x000000000637b000 	/usr/lib/libsasl2.2.dylib
0x000000000637b000 	/usr/lib/libcrypto.0.9.8.dylib
0x000000000637b000 	/usr/lib/libssl.0.9.8.dylib
0x000000000637b000 	/System/Library/Frameworks/OpenGL.framework/Versions/A/Resources/GLEngine.bundle/GLEngine
0x000000000637b000 	/System/Library/Frameworks/OpenGL.framework/Versions/A/Libraries/libGLProgrammability.dylib
0x0000000121639000 	/System/Library/Extensions/AppleIntelHD5000GraphicsGLDriver.bundle/Contents/MacOS/AppleIntelHD5000GraphicsGLDriver
0x000000000637b000 	/System/Library/PrivateFrameworks/IOAccelerator.framework/Versions/A/IOAccelerator
0x000000000637b000 	/System/Library/PrivateFrameworks/GPUSupport.framework/Versions/A/Libraries/libGPUSupportMercury.dylib
0x000000000637b000 	/System/Library/Frameworks/OpenGL.framework/Versions/A/Resources/GLRendererFloat.bundle/GLRendererFloat
0x000000000637b000 	/System/Library/Frameworks/OpenCL.framework/Versions/A/Libraries/libcldcpuengine.dylib
0x0000000122996000 	/Library/Java/JavaVirtualMachines/jdk1.8.0_77.jdk/Contents/Home/jre/lib/libfontmanager.dylib
0x000000012418c000 	/Library/Java/JavaVirtualMachines/jdk1.8.0_77.jdk/Contents/Home/jre/lib/libosxui.dylib
0x000000012426c000 	/Library/Java/JavaVirtualMachines/jdk1.8.0_77.jdk/Contents/Home/jre/lib/libnet.dylib
0x0000000124283000 	/Library/Java/JavaVirtualMachines/jdk1.8.0_77.jdk/Contents/Home/jre/lib/libnio.dylib
0x000000000637b000 	/System/Library/Frameworks/ApplicationServices.framework/Versions/A/Frameworks/ATS.framework/Versions/A/Resources/libTrueTypeScaler.dylib
0x0000000174be3000 	/private/var/folders/vm/c6ql63410d962mlmgt4yhc5h0000gn/T/jogamp_0000/file_cache/jln5938103515022757637/jln650826911001180843/libgluegen-rt.jnilib
0x0000000124215000 	/private/var/folders/vm/c6ql63410d962mlmgt4yhc5h0000gn/T/jogamp_0000/file_cache/jln5938103515022757637/jln650826911001180843/libnativewindow_awt.jnilib
0x0000000174be7000 	/Library/Java/JavaVirtualMachines/jdk1.8.0_77.jdk/Contents/Home/jre/lib/libjawt.dylib
0x0000000174c4e000 	/private/var/folders/vm/c6ql63410d962mlmgt4yhc5h0000gn/T/jogamp_0000/file_cache/jln5938103515022757637/jln650826911001180843/libnativewindow_macosx.jnilib
0x0000000176a80000 	/private/var/folders/vm/c6ql63410d962mlmgt4yhc5h0000gn/T/jogamp_0000/file_cache/jln5938103515022757637/jln650826911001180843/libjogl_desktop.jnilib
0x000000017cbe8000 	/Library/Java/JavaVirtualMachines/jdk1.8.0_77.jdk/Contents/Home/jre/lib/libt2k.dylib

VM Arguments:
jvm_args: -Djava.security.policy=java.policy.applet -Dfile.encoding=UTF-8 
java_command: sun.applet.AppletViewer module5.EarthquakeCityMap1463874984483.html
java_class_path (initial): /Users/xingdu/Documents/workspace/UCSDUnfoldingMaps/build:/Users/xingdu/Documents/workspace/UCSDUnfoldingMaps/lib/core.jar:/Users/xingdu/Documents/workspace/UCSDUnfoldingMaps/lib/gluegen-rt.jar:/Users/xingdu/Documents/workspace/UCSDUnfoldingMaps/lib/jogl-all.jar:/Users/xingdu/Documents/workspace/UCSDUnfoldingMaps/lib/log4j-1.2.15.jar:/Users/xingdu/Documents/workspace/UCSDUnfoldingMaps/lib/sqlite-jdbc-3.7.2.jar:/Users/xingdu/Documents/workspace/UCSDUnfoldingMaps/lib/json4processing.jar:/Users/xingdu/Documents/workspace/UCSDUnfoldingMaps/lib/libTUIO.jar:/Users/xingdu/Documents/workspace/UCSDUnfoldingMaps/lib/unfolding.0.9.7-uscd.jar
Launcher Type: SUN_STANDARD

Environment Variables:
PATH=/usr/bin:/bin:/usr/sbin:/sbin
SHELL=/bin/bash

Signal Handlers:
SIGSEGV: [libjvm.dylib+0x5a6855], sa_mask[0]=11111111011111110111111111111111, sa_flags=SA_ONSTACK|SA_RESTART|SA_SIGINFO
SIGBUS: [libjvm.dylib+0x5a6855], sa_mask[0]=11111111011111110111111111111111, sa_flags=SA_RESTART|SA_SIGINFO
SIGFPE: [libjvm.dylib+0x4804ec], sa_mask[0]=11111111011111110111111111111111, sa_flags=SA_RESTART|SA_SIGINFO
SIGPIPE: [libjvm.dylib+0x4804ec], sa_mask[0]=11111111011111110111111111111111, sa_flags=SA_RESTART|SA_SIGINFO
SIGXFSZ: [libjvm.dylib+0x4804ec], sa_mask[0]=11111111011111110111111111111111, sa_flags=SA_RESTART|SA_SIGINFO
SIGILL: [libjvm.dylib+0x4804ec], sa_mask[0]=11111111011111110111111111111111, sa_flags=SA_RESTART|SA_SIGINFO
SIGUSR1: SIG_DFL, sa_mask[0]=00000000000000000000000000000000, sa_flags=SA_RESTART
SIGUSR2: [libjvm.dylib+0x48000a], sa_mask[0]=00100000000000000000000000000000, sa_flags=SA_RESTART|SA_SIGINFO
SIGHUP: [libjvm.dylib+0x47e5e1], sa_mask[0]=11111111011111110111111111111111, sa_flags=SA_RESTART|SA_SIGINFO
SIGINT: [libjvm.dylib+0x47e5e1], sa_mask[0]=11111111011111110111111111111111, sa_flags=SA_RESTART|SA_SIGINFO
SIGTERM: [libjvm.dylib+0x47e5e1], sa_mask[0]=11111111011111110111111111111111, sa_flags=SA_RESTART|SA_SIGINFO
SIGQUIT: [libjvm.dylib+0x47e5e1], sa_mask[0]=11111111011111110111111111111111, sa_flags=SA_RESTART|SA_SIGINFO


---------------  S Y S T E M  ---------------

OS:Bsduname:Darwin 13.4.0 Darwin Kernel Version 13.4.0: Wed Mar 18 16:20:14 PDT 2015; root:xnu-2422.115.14~1/RELEASE_X86_64 x86_64
rlimit: STACK 8192k, CORE 0k, NPROC 709, NOFILE 10240, AS infinity
load average:1.52 1.59 1.64

CPU:total 4 (2 cores per cpu, 2 threads per core) family 6 model 69 stepping 1, cmov, cx8, fxsr, mmx, sse, sse2, sse3, ssse3, sse4.1, sse4.2, popcnt, avx, avx2, aes, clmul, erms, lzcnt, ht, tsc, tscinvbit, bmi1, bmi2

Memory: 4k page, physical 4194304k(119760k free)

/proc/meminfo:


vm_info: Java HotSpot(TM) 64-Bit Server VM (25.77-b03) for bsd-amd64 JRE (1.8.0_77-b03), built on Mar 20 2016 22:14:03 by "java_re" with gcc 4.2.1 (Based on Apple Inc. build 5658) (LLVM build 2336.11.00)

time: Sat May 21 19:56:42 2016
elapsed time: 17 seconds (0d 0h 0m 17s)

