#
# A fatal error has been detected by the Java Runtime Environment:
#
#  SIGSEGV (0xb) at pc=0x00007fffa133a4dd, pid=62061, tid=2571
#
# JRE version: Java(TM) SE Runtime Environment (8.0_77-b03) (build 1.8.0_77-b03)
# Java VM: Java HotSpot(TM) 64-Bit Server VM (25.77-b03 mixed mode bsd-amd64 compressed oops)
# Problematic frame:
# C  [libobjc.A.dylib+0x14dd]  objc_msgSend+0x1d
#
# Failed to write core dump. Core dumps have been disabled. To enable core dumping, try "ulimit -c unlimited" before starting Java again
#
# If you would like to submit a bug report, please visit:
#   http://bugreport.java.com/bugreport/crash.jsp
# The crash happened outside the Java Virtual Machine in native code.
# See problematic frame for where to report the bug.
#

---------------  T H R E A D  ---------------

Current thread (0x00007f819d0cd800):  JavaThread "AWT-AppKit" daemon [_thread_in_native, id=2571, stack(0x00007fff59e79000,0x00007fff5a679000)]

siginfo: si_signo: 11 (SIGSEGV), si_code: 1 (SEGV_MAPERR), si_addr: 0x0000000000000018

Registers:
RAX=0x00007f819fe0e250, RBX=0x000000011ccbc450, RCX=0x000000011cbd8620, RDX=0x000000011ccd37e0
RSP=0x00007fff5a674388, RBP=0x00007fff5a674440, RSI=0x00007fff97d1fcde, RDI=0x00007f819fe0d2d0
R8 =0x0000000000000000, R9 =0x00000000000008b0, R10=0x00007fff97d1fcde, R11=0x0000000000000000
R12=0x0000000000000000, R13=0x000000017c5ccdf8, R14=0x000000011ccbc440, R15=0x00007f819d0cd800
RIP=0x00007fffa133a4dd, EFLAGS=0x0000000000010246, ERR=0x0000000000000004
  TRAPNO=0x000000000000000e

Top of Stack: (sp=0x00007fff5a674388)
0x00007fff5a674388:   000000011ccba157 00007fff5a6743e0
0x00007fff5a674398:   0000000000000003 00007fff5a6743c0
0x00007fff5a6743a8:   00000001059f3b02 000000017c5ccdf8
0x00007fff5a6743b8:   000000017c5ccdf8 00007f819fe0e250
0x00007fff5a6743c8:   000000011ccbc6a0 000000011ccbc710
0x00007fff5a6743d8:   00007fff7e09e770 00007fff7bc8c500
0x00007fff5a6743e8:   000000011ccbc450 000000011ccbc690
0x00007fff5a6743f8:   00007f819fe0e250 00007f819fe0d2d0
0x00007fff5a674408:   00007f819bd421e0 00007f819fe0e250
0x00007fff5a674418:   00007f819fe0d2d0 00007fff5a6744c8
0x00007fff5a674428:   00007f819d0cd9f8 000000017c5ccdf8
0x00007fff5a674438:   00007fff5a6744f0 00007fff5a6744b8
0x00007fff5a674448:   0000000107015954 000000017c5ccdf8
0x00007fff5a674458:   00007fff5a6744f0 00007fff5a6744b8
0x00007fff5a674468:   00000001070156e7 00000001070156a2
0x00007fff5a674478:   00007fff5a674478 000000017c5ccdf8
0x00007fff5a674488:   00007fff5a6744f0 000000017a8c2090
0x00007fff5a674498:   0000000000000000 000000017c5ccdf8
0x00007fff5a6744a8:   0000000000000000 00007fff5a6744d8
0x00007fff5a6744b8:   00007fff5a674538 0000000107007c4d
0x00007fff5a6744c8:   0000000782a73820 000000010700f578
0x00007fff5a6744d8:   00007f819fe0e250 00007fff5a674538
0x00007fff5a6744e8:   00007f819fe0d2d0 0000000107010d82
0x00007fff5a6744f8:   00007fff5a6744f8 000000017c5ccfc2
0x00007fff5a674508:   00007fff5a674560 000000017a8c2090
0x00007fff5a674518:   0000000000000000 000000017c5ccfd0
0x00007fff5a674528:   00007fff5a6744d8 00007fff5a674548
0x00007fff5a674538:   00007fff5a6745a8 0000000107007c4d
0x00007fff5a674548:   00007f819fe0e250 0000000782ac6a40
0x00007fff5a674558:   00007f819fe0d2d0 0000000782ac6a40
0x00007fff5a674568:   00007fff5a674568 0000000183c95a76
0x00007fff5a674578:   00007fff5a6745b8 0000000183c95b30 

Instructions: (pc=0x00007fffa133a4dd)
0x00007fffa133a4bd:   44 00 00 48 85 ff 2e 74 62 40 f6 c7 01 2e 75 66
0x00007fffa133a4cd:   49 bb f8 ff ff ff ff 7f 00 00 4c 23 1f 49 89 f2
0x00007fffa133a4dd:   45 23 53 18 49 c1 e2 04 4d 03 53 10 49 3b 32 75
0x00007fffa133a4ed:   04 41 ff 62 08 49 83 3a 01 76 0d 49 83 c2 10 49 

Register to memory mapping:

RAX=0x00007f819fe0e250 is an unknown value
RBX=0x000000011ccbc450: Java_jogamp_nativewindow_macosx_OSXUtil_GetScreenRefreshRate0+0x1cf0 in /private/var/folders/vm/c6ql63410d962mlmgt4yhc5h0000gn/T/jogamp_0000/file_cache/jln7743280649349420724/jln2431277758561329561/libnativewindow_macosx.jnilib at 0x000000011ccb5000
RCX=0x000000011cbd8620 is an unknown value
RDX=0x000000011ccd37e0 is an unknown value
RSP=0x00007fff5a674388 is pointing into the stack for thread: 0x00007f819d0cd800
RBP=0x00007fff5a674440 is pointing into the stack for thread: 0x00007f819d0cd800
RSI=0x00007fff97d1fcde is an unknown value
RDI=0x00007f819fe0d2d0 is an unknown value
R8 =0x0000000000000000 is an unknown value
R9 =0x00000000000008b0 is an unknown value
R10=0x00007fff97d1fcde is an unknown value
R11=0x0000000000000000 is an unknown value
R12=0x0000000000000000 is an unknown value
R13={method} {0x000000017c5ccdf8} 'UnsetJAWTRootSurfaceLayer0' '(JJ)V' in 'jogamp/nativewindow/jawt/macosx/MacOSXJAWTWindow'
R14=0x000000011ccbc440: Java_jogamp_nativewindow_macosx_OSXUtil_GetScreenRefreshRate0+0x1ce0 in /private/var/folders/vm/c6ql63410d962mlmgt4yhc5h0000gn/T/jogamp_0000/file_cache/jln7743280649349420724/jln2431277758561329561/libnativewindow_macosx.jnilib at 0x000000011ccb5000
R15=0x00007f819d0cd800 is a thread


Stack: [0x00007fff59e79000,0x00007fff5a679000],  sp=0x00007fff5a674388,  free space=8172k
Native frames: (J=compiled Java code, j=interpreted, Vv=VM code, C=native code)
C  [libobjc.A.dylib+0x14dd]  objc_msgSend+0x1d
j  jogamp.nativewindow.jawt.macosx.MacOSXJAWTWindow.UnsetJAWTRootSurfaceLayer0(JJ)V+0
j  jogamp.nativewindow.jawt.macosx.MacOSXJAWTWindow.access$200(JJ)V+2
j  jogamp.nativewindow.jawt.macosx.MacOSXJAWTWindow$1.run()V+38
J 2963 C1 com.jogamp.common.util.RunnableTask.run()V (345 bytes) @ 0x000000010789b4d4 [0x000000010789b340+0x194]
v  ~StubRoutines::call_stub
V  [libjvm.dylib+0x2ea39e]
V  [libjvm.dylib+0x3214a7]
V  [libjvm.dylib+0x313c7b]
C  [libnativewindow_macosx.jnilib+0x5326]  Java_jogamp_nativewindow_jawt_macosx_MacOSXJAWTWindow_UnsetJAWTRootSurfaceLayer0+0x2b6
C  [Foundation+0x76fde]  __NSThreadPerformPerform+0x117
C  [CoreFoundation+0xaa881]  __CFRUNLOOP_IS_CALLING_OUT_TO_A_SOURCE0_PERFORM_FUNCTION__+0x11
C  [CoreFoundation+0x89f37]  __CFRunLoopDoSources0+0x1a7
C  [CoreFoundation+0x894df]  __CFRunLoopRun+0x39f
C  [CoreFoundation+0x88ed8]  CFRunLoopRunSpecific+0x128
C  [HIToolbox+0x30935]  RunCurrentEventLoopInMode+0xeb
C  [HIToolbox+0x30677]  ReceiveNextEventCommon+0xb8
C  [HIToolbox+0x305af]  _BlockUntilNextEventMatchingListInModeWithFilter+0x47
C  [AppKit+0x48df6]  _DPSNextEvent+0x42b
C  [AppKit+0x48226]  -[NSApplication _nextEventMatchingEventMask:untilDate:inMode:dequeue:]+0x1c6
C  [libosxapp.dylib+0x23aa]  -[NSApplicationAWT nextEventMatchingMask:untilDate:inMode:dequeue:]+0x7c
C  [AppKit+0x3cd80]  -[NSApplication run]+0x2aa
C  [libosxapp.dylib+0x214d]  +[NSApplicationAWT runAWTLoopWithApp:]+0x9c
C  [libawt_lwawt.dylib+0x4455b]  -[AWTStarter starter:]+0x389
C  [Foundation+0x76fde]  __NSThreadPerformPerform+0x117
C  [CoreFoundation+0xaa881]  __CFRUNLOOP_IS_CALLING_OUT_TO_A_SOURCE0_PERFORM_FUNCTION__+0x11
C  [CoreFoundation+0x89fbc]  __CFRunLoopDoSources0+0x22c
C  [CoreFoundation+0x894df]  __CFRunLoopRun+0x39f
C  [CoreFoundation+0x88ed8]  CFRunLoopRunSpecific+0x128
C  [java+0x6463]  CreateExecutionEnvironment+0x367
C  [java+0x21ac]  JLI_Launch+0x7a0
C  [java+0x84c0]  main+0x65
C  [java+0x1a04]  start+0x34
C  0x0000000000000007

Java frames: (J=compiled Java code, j=interpreted, Vv=VM code)
j  jogamp.nativewindow.jawt.macosx.MacOSXJAWTWindow.UnsetJAWTRootSurfaceLayer0(JJ)V+0
j  jogamp.nativewindow.jawt.macosx.MacOSXJAWTWindow.access$200(JJ)V+2
j  jogamp.nativewindow.jawt.macosx.MacOSXJAWTWindow$1.run()V+38
J 2963 C1 com.jogamp.common.util.RunnableTask.run()V (345 bytes) @ 0x000000010789b4d4 [0x000000010789b340+0x194]
v  ~StubRoutines::call_stub

---------------  P R O C E S S  ---------------

Java Threads: ( => current thread )
  0x00007f819d8ba800 JavaThread "Thread-19" [_thread_blocked, id=37687, stack(0x0000700000fc7000,0x00007000010c7000)]
  0x00007f81a1ba9800 JavaThread "TimerQueue" daemon [_thread_blocked, id=63443, stack(0x00007000019ee000,0x0000700001aee000)]
  0x00007f819ca72800 JavaThread "Animation Thread" [_thread_blocked, id=59155, stack(0x0000700001765000,0x0000700001865000)]
  0x00007f819dc8c800 JavaThread "AWT-EventQueue-1" [_thread_in_native, id=59427, stack(0x0000700001868000,0x0000700001968000)]
  0x00007f819d001800 JavaThread "DestroyJavaVM" [_thread_blocked, id=4099, stack(0x0000700000084000,0x0000700000184000)]
  0x00007f819d1af000 JavaThread "AWT-EventQueue-0" [_thread_blocked, id=56323, stack(0x0000700001662000,0x0000700001762000)]
  0x00007f819d979000 JavaThread "Java2D Disposer" daemon [_thread_blocked, id=53003, stack(0x00007000013d9000,0x00007000014d9000)]
  0x00007f819c9d2000 JavaThread "Java2D Queue Flusher" daemon [_thread_blocked, id=49927, stack(0x00007000012d6000,0x00007000013d6000)]
  0x00007f819c9ab000 JavaThread "AWT-Shutdown" [_thread_blocked, id=29459, stack(0x0000700001150000,0x0000700001250000)]
=>0x00007f819d0cd800 JavaThread "AWT-AppKit" daemon [_thread_in_native, id=2571, stack(0x00007fff59e79000,0x00007fff5a679000)]
  0x00007f819c00c800 JavaThread "Service Thread" daemon [_thread_blocked, id=18435, stack(0x0000700000dc1000,0x0000700000ec1000)]
  0x00007f819d039800 JavaThread "C1 CompilerThread2" daemon [_thread_blocked, id=17923, stack(0x0000700000cbe000,0x0000700000dbe000)]
  0x00007f819d038800 JavaThread "C2 CompilerThread1" daemon [_thread_blocked, id=17411, stack(0x0000700000bbb000,0x0000700000cbb000)]
  0x00007f819d843000 JavaThread "C2 CompilerThread0" daemon [_thread_blocked, id=16899, stack(0x0000700000ab8000,0x0000700000bb8000)]
  0x00007f819c803000 JavaThread "Signal Dispatcher" daemon [_thread_blocked, id=13839, stack(0x00007000009b5000,0x0000700000ab5000)]
  0x00007f819d803000 JavaThread "Finalizer" daemon [_thread_blocked, id=11779, stack(0x000070000082f000,0x000070000092f000)]
  0x00007f819d800000 JavaThread "Reference Handler" daemon [_thread_blocked, id=11267, stack(0x000070000072c000,0x000070000082c000)]

Other Threads:
  0x00007f819d026800 VMThread [stack: 0x0000700000629000,0x0000700000729000] [id=10755]
  0x00007f819d837800 WatcherThread [stack: 0x0000700000ec4000,0x0000700000fc4000] [id=18947]

VM state:not at safepoint (normal execution)

VM Mutex/Monitor currently owned by a thread: None

Heap:
 PSYoungGen      total 156160K, used 52707K [0x00000007aab00000, 0x00000007b6300000, 0x00000007c0000000)
  eden space 125952K, 25% used [0x00000007aab00000,0x00000007ac9d7c98,0x00000007b2600000)
  from space 30208K, 69% used [0x00000007b4580000,0x00000007b5a21048,0x00000007b6300000)
  to   space 31232K, 0% used [0x00000007b2600000,0x00000007b2600000,0x00000007b4480000)
 ParOldGen       total 98304K, used 45397K [0x0000000780000000, 0x0000000786000000, 0x00000007aab00000)
  object space 98304K, 46% used [0x0000000780000000,0x0000000782c557f8,0x0000000786000000)
 Metaspace       used 22466K, capacity 22667K, committed 22912K, reserved 1069056K
  class space    used 2248K, capacity 2316K, committed 2432K, reserved 1048576K

Card table byte_map: [0x00000001163c0000,0x00000001165c1000] byte_map_base: 0x00000001127c0000

Marking Bits: (ParMarkBitMap*) 0x00000001060e6ea0
 Begin Bits: [0x0000000116717000, 0x0000000117717000)
 End Bits:   [0x0000000117717000, 0x0000000118717000)

Polling page: 0x00000001067d5000

CodeCache: size=245760Kb used=9869Kb max_used=10316Kb free=235890Kb
 bounds [0x0000000107000000, 0x0000000107a30000, 0x0000000116000000]
 total_blobs=3910 nmethods=3001 adapters=822
 compilation: enabled

Compilation events (10 events):
Event: 45.763 Thread 0x00007f819d039800 3457       3       java.awt.EventQueue$4::run (19 bytes)
Event: 45.764 Thread 0x00007f819d039800 nmethod 3457 0x0000000107715ed0 code [0x00000001077160c0, 0x00000001077166f8]
Event: 46.811 Thread 0x00007f819d843000 3458       4       java.util.concurrent.locks.ReentrantLock$NonfairSync::lock (25 bytes)
Event: 46.814 Thread 0x00007f819d039800 3459       3       sun.lwawt.LWComponentPeer::getVisibleRegion (9 bytes)
Event: 46.814 Thread 0x00007f819d039800 nmethod 3459 0x00000001074f9810 code [0x00000001074f9980, 0x00000001074f9bb8]
Event: 46.816 Thread 0x00007f819d843000 nmethod 3458 0x00000001076607d0 code [0x0000000107660940, 0x0000000107660ac8]
Event: 46.844 Thread 0x00007f819d039800 3460       3       java.util.HashMap::putVal (300 bytes)
Event: 46.846 Thread 0x00007f819d039800 nmethod 3460 0x0000000107584710 code [0x0000000107584980, 0x0000000107585c38]
Event: 46.846 Thread 0x00007f819d039800 3461       1       java.awt.Component::getTreeLock (4 bytes)
Event: 46.846 Thread 0x00007f819d039800 nmethod 3461 0x00000001073c5d90 code [0x00000001073c5ee0, 0x00000001073c5ff0]

GC Heap History (10 events):
Event: 33.866 GC heap before
{Heap before GC invocations=17 (full 1):
 PSYoungGen      total 135168K, used 124004K [0x00000007aab00000, 0x00000007b5980000, 0x00000007c0000000)
  eden space 102912K, 100% used [0x00000007aab00000,0x00000007b0f80000,0x00000007b0f80000)
  from space 32256K, 65% used [0x00000007b0f80000,0x00000007b2419048,0x00000007b2f00000)
  to   space 32256K, 0% used [0x00000007b3a00000,0x00000007b3a00000,0x00000007b5980000)
 ParOldGen       total 98304K, used 45389K [0x0000000780000000, 0x0000000786000000, 0x00000007aab00000)
  object space 98304K, 46% used [0x0000000780000000,0x0000000782c537f8,0x0000000786000000)
 Metaspace       used 22445K, capacity 22667K, committed 22912K, reserved 1069056K
  class space    used 2244K, capacity 2316K, committed 2432K, reserved 1048576K
Event: 33.887 GC heap after
Heap after GC invocations=17 (full 1):
 PSYoungGen      total 145920K, used 23204K [0x00000007aab00000, 0x00000007b5a80000, 0x00000007c0000000)
  eden space 113664K, 0% used [0x00000007aab00000,0x00000007aab00000,0x00000007b1a00000)
  from space 32256K, 71% used [0x00000007b3a00000,0x00000007b50a9068,0x00000007b5980000)
  to   space 32768K, 0% used [0x00000007b1a00000,0x00000007b1a00000,0x00000007b3a00000)
 ParOldGen       total 98304K, used 45389K [0x0000000780000000, 0x0000000786000000, 0x00000007aab00000)
  object space 98304K, 46% used [0x0000000780000000,0x0000000782c537f8,0x0000000786000000)
 Metaspace       used 22445K, capacity 22667K, committed 22912K, reserved 1069056K
  class space    used 2244K, capacity 2316K, committed 2432K, reserved 1048576K
}
Event: 36.812 GC heap before
{Heap before GC invocations=18 (full 1):
 PSYoungGen      total 145920K, used 136868K [0x00000007aab00000, 0x00000007b5a80000, 0x00000007c0000000)
  eden space 113664K, 100% used [0x00000007aab00000,0x00000007b1a00000,0x00000007b1a00000)
  from space 32256K, 71% used [0x00000007b3a00000,0x00000007b50a9068,0x00000007b5980000)
  to   space 32768K, 0% used [0x00000007b1a00000,0x00000007b1a00000,0x00000007b3a00000)
 ParOldGen       total 98304K, used 45389K [0x0000000780000000, 0x0000000786000000, 0x00000007aab00000)
  object space 98304K, 46% used [0x0000000780000000,0x0000000782c537f8,0x0000000786000000)
 Metaspace       used 22446K, capacity 22667K, committed 22912K, reserved 1069056K
  class space    used 2244K, capacity 2316K, committed 2432K, reserved 1048576K
Event: 36.826 GC heap after
Heap after GC invocations=18 (full 1):
 PSYoungGen      total 146432K, used 21092K [0x00000007aab00000, 0x00000007b6000000, 0x00000007c0000000)
  eden space 113664K, 0% used [0x00000007aab00000,0x00000007aab00000,0x00000007b1a00000)
  from space 32768K, 64% used [0x00000007b1a00000,0x00000007b2e99068,0x00000007b3a00000)
  to   space 32256K, 0% used [0x00000007b4080000,0x00000007b4080000,0x00000007b6000000)
 ParOldGen       total 98304K, used 45389K [0x0000000780000000, 0x0000000786000000, 0x00000007aab00000)
  object space 98304K, 46% used [0x0000000780000000,0x0000000782c537f8,0x0000000786000000)
 Metaspace       used 22446K, capacity 22667K, committed 22912K, reserved 1069056K
  class space    used 2244K, capacity 2316K, committed 2432K, reserved 1048576K
}
Event: 39.716 GC heap before
{Heap before GC invocations=19 (full 1):
 PSYoungGen      total 146432K, used 134756K [0x00000007aab00000, 0x00000007b6000000, 0x00000007c0000000)
  eden space 113664K, 100% used [0x00000007aab00000,0x00000007b1a00000,0x00000007b1a00000)
  from space 32768K, 64% used [0x00000007b1a00000,0x00000007b2e99068,0x00000007b3a00000)
  to   space 32256K, 0% used [0x00000007b4080000,0x00000007b4080000,0x00000007b6000000)
 ParOldGen       total 98304K, used 45389K [0x0000000780000000, 0x0000000786000000, 0x00000007aab00000)
  object space 98304K, 46% used [0x0000000780000000,0x0000000782c537f8,0x0000000786000000)
 Metaspace       used 22446K, capacity 22667K, committed 22912K, reserved 1069056K
  class space    used 2244K, capacity 2316K, committed 2432K, reserved 1048576K
Event: 39.728 GC heap after
Heap after GC invocations=19 (full 1):
 PSYoungGen      total 151040K, used 21108K [0x00000007aab00000, 0x00000007b5e80000, 0x00000007c0000000)
  eden space 120320K, 0% used [0x00000007aab00000,0x00000007aab00000,0x00000007b2080000)
  from space 30720K, 68% used [0x00000007b4080000,0x00000007b551d058,0x00000007b5e80000)
  to   space 31744K, 0% used [0x00000007b2080000,0x00000007b2080000,0x00000007b3f80000)
 ParOldGen       total 98304K, used 45389K [0x0000000780000000, 0x0000000786000000, 0x00000007aab00000)
  object space 98304K, 46% used [0x0000000780000000,0x0000000782c537f8,0x0000000786000000)
 Metaspace       used 22446K, capacity 22667K, committed 22912K, reserved 1069056K
  class space    used 2244K, capacity 2316K, committed 2432K, reserved 1048576K
}
Event: 43.039 GC heap before
{Heap before GC invocations=20 (full 1):
 PSYoungGen      total 151040K, used 141428K [0x00000007aab00000, 0x00000007b5e80000, 0x00000007c0000000)
  eden space 120320K, 100% used [0x00000007aab00000,0x00000007b2080000,0x00000007b2080000)
  from space 30720K, 68% used [0x00000007b4080000,0x00000007b551d058,0x00000007b5e80000)
  to   space 31744K, 0% used [0x00000007b2080000,0x00000007b2080000,0x00000007b3f80000)
 ParOldGen       total 98304K, used 45389K [0x0000000780000000, 0x0000000786000000, 0x00000007aab00000)
  object space 98304K, 46% used [0x0000000780000000,0x0000000782c537f8,0x0000000786000000)
 Metaspace       used 22446K, capacity 22667K, committed 22912K, reserved 1069056K
  class space    used 2244K, capacity 2316K, committed 2432K, reserved 1048576K
Event: 43.048 GC heap after
Heap after GC invocations=20 (full 1):
 PSYoungGen      total 152064K, used 21108K [0x00000007aab00000, 0x00000007b6480000, 0x00000007c0000000)
  eden space 120320K, 0% used [0x00000007aab00000,0x00000007aab00000,0x00000007b2080000)
  from space 31744K, 66% used [0x00000007b2080000,0x00000007b351d058,0x00000007b3f80000)
  to   space 31744K, 0% used [0x00000007b4580000,0x00000007b4580000,0x00000007b6480000)
 ParOldGen       total 98304K, used 45397K [0x0000000780000000, 0x0000000786000000, 0x00000007aab00000)
  object space 98304K, 46% used [0x0000000780000000,0x0000000782c557f8,0x0000000786000000)
 Metaspace       used 22446K, capacity 22667K, committed 22912K, reserved 1069056K
  class space    used 2244K, capacity 2316K, committed 2432K, reserved 1048576K
}
Event: 46.119 GC heap before
{Heap before GC invocations=21 (full 1):
 PSYoungGen      total 152064K, used 141428K [0x00000007aab00000, 0x00000007b6480000, 0x00000007c0000000)
  eden space 120320K, 100% used [0x00000007aab00000,0x00000007b2080000,0x00000007b2080000)
  from space 31744K, 66% used [0x00000007b2080000,0x00000007b351d058,0x00000007b3f80000)
  to   space 31744K, 0% used [0x00000007b4580000,0x00000007b4580000,0x00000007b6480000)
 ParOldGen       total 98304K, used 45397K [0x0000000780000000, 0x0000000786000000, 0x00000007aab00000)
  object space 98304K, 46% used [0x0000000780000000,0x0000000782c557f8,0x0000000786000000)
 Metaspace       used 22448K, capacity 22667K, committed 22912K, reserved 1069056K
  class space    used 2244K, capacity 2316K, committed 2432K, reserved 1048576K
Event: 46.132 GC heap after
Heap after GC invocations=21 (full 1):
 PSYoungGen      total 156160K, used 21124K [0x00000007aab00000, 0x00000007b6300000, 0x00000007c0000000)
  eden space 125952K, 0% used [0x00000007aab00000,0x00000007aab00000,0x00000007b2600000)
  from space 30208K, 69% used [0x00000007b4580000,0x00000007b5a21048,0x00000007b6300000)
  to   space 31232K, 0% used [0x00000007b2600000,0x00000007b2600000,0x00000007b4480000)
 ParOldGen       total 98304K, used 45397K [0x0000000780000000, 0x0000000786000000, 0x00000007aab00000)
  object space 98304K, 46% used [0x0000000780000000,0x0000000782c557f8,0x0000000786000000)
 Metaspace       used 22448K, capacity 22667K, committed 22912K, reserved 1069056K
  class space    used 2244K, capacity 2316K, committed 2432K, reserved 1048576K
}

Deoptimization events (10 events):
Event: 8.765 Thread 0x00007f819dc8c800 Uncommon trap: reason=class_check action=maybe_recompile pc=0x0000000107553ad0 method=java.util.Arrays.copyOf([Ljava/lang/Object;ILjava/lang/Class;)[Ljava/lang/Object; @ 24
Event: 8.780 Thread 0x00007f819dc8c800 Uncommon trap: reason=class_check action=maybe_recompile pc=0x0000000107165258 method=java.lang.String.equals(Ljava/lang/Object;)Z @ 8
Event: 8.780 Thread 0x00007f819dc8c800 Uncommon trap: reason=class_check action=maybe_recompile pc=0x0000000107165258 method=java.lang.String.equals(Ljava/lang/Object;)Z @ 8
Event: 8.821 Thread 0x00007f819dc8c800 Uncommon trap: reason=class_check action=maybe_recompile pc=0x0000000107553ad0 method=java.util.Arrays.copyOf([Ljava/lang/Object;ILjava/lang/Class;)[Ljava/lang/Object; @ 24
Event: 15.748 Thread 0x00007f819dc8c800 Uncommon trap: reason=unstable_if action=reinterpret pc=0x0000000107565448 method=module6.CommonMarker.draw(Lprocessing/core/PGraphics;FF)V @ 4
Event: 46.811 Thread 0x00007f819dc8c800 Uncommon trap: reason=unstable_if action=reinterpret pc=0x000000010732cbe8 method=com.jogamp.common.util.VersionNumber.compareTo(Lcom/jogamp/common/util/VersionNumber;)I @ 21
Event: 46.826 Thread 0x00007f819c0bd000 Uncommon trap: reason=unstable_if action=reinterpret pc=0x00000001076089a8 method=java.util.HashMap.putVal(ILjava/lang/Object;Ljava/lang/Object;ZZ)Ljava/lang/Object; @ 81
Event: 46.826 Thread 0x00007f819c0bd000 Uncommon trap: reason=unstable_if action=reinterpret pc=0x000000010754a45c method=java.util.HashMap.putVal(ILjava/lang/Object;Ljava/lang/Object;ZZ)Ljava/lang/Object; @ 81
Event: 46.842 Thread 0x00007f819dc8c800 Uncommon trap: reason=unstable_if action=reinterpret pc=0x00000001078e0544 method=java.security.AccessControlContext.optimize()Ljava/security/AccessControlContext; @ 233
Event: 46.843 Thread 0x00007f819d8ba800 Uncommon trap: reason=predicate action=maybe_recompile pc=0x000000010788ee40 method=java.util.Vector.indexOf(Ljava/lang/Object;I)I @ 44

Internal exceptions (10 events):
Event: 0.205 Thread 0x00007f819d001800 Exception <a 'java/lang/NoSuchFieldError': method resolution failed> (0x00000007aacbe958) thrown at [/Users/java_re/workspace/8-2-build-macosx-x86_64/jdk8u77/6540/hotspot/src/share/vm/prims/methodHandles.cpp, line 1146]
Event: 0.406 Thread 0x00007f819d001800 Exception <a 'java/io/FileNotFoundException'> (0x00000007aad3a690) thrown at [/Users/java_re/workspace/8-2-build-macosx-x86_64/jdk8u77/6540/hotspot/src/share/vm/prims/jni.cpp, line 709]
Event: 0.406 Thread 0x00007f819d001800 Exception <a 'java/io/FileNotFoundException'> (0x00000007aad3b1d8) thrown at [/Users/java_re/workspace/8-2-build-macosx-x86_64/jdk8u77/6540/hotspot/src/share/vm/prims/jni.cpp, line 709]
Event: 0.544 Thread 0x00007f819d001800 Exception <a 'java/io/FileNotFoundException'> (0x00000007aae21fd8) thrown at [/Users/java_re/workspace/8-2-build-macosx-x86_64/jdk8u77/6540/hotspot/src/share/vm/prims/jni.cpp, line 709]
Event: 2.594 Thread 0x00007f819d803000 Exception <a 'java/lang/NullPointerException'> (0x00000007aab84140) thrown at [/Users/java_re/workspace/8-2-build-macosx-x86_64/jdk8u77/6540/hotspot/src/share/vm/interpreter/linkResolver.cpp, line 1178]
Event: 2.695 Thread 0x00007f819ca72800 Exception <a 'java/lang/UnsatisfiedLinkError': com.jogamp.common.util.JarUtil.fixNativeLibAttribs(Ljava/lang/String;)Z> (0x00000007aaf102a8) thrown at [/Users/java_re/workspace/8-2-build-macosx-x86_64/jdk8u77/6540/hotspot/src/share/vm/prims/nativeLookup.c
Event: 3.697 Thread 0x00007f819dc8c800 Exception <a 'java/io/FileNotFoundException'> (0x00000007ab1118b0) thrown at [/Users/java_re/workspace/8-2-build-macosx-x86_64/jdk8u77/6540/hotspot/src/share/vm/prims/jni.cpp, line 709]
Event: 3.697 Thread 0x00007f819dc8c800 Exception <a 'java/io/FileNotFoundException'> (0x00000007ab117af0) thrown at [/Users/java_re/workspace/8-2-build-macosx-x86_64/jdk8u77/6540/hotspot/src/share/vm/prims/jni.cpp, line 709]
Event: 3.697 Thread 0x00007f819dc8c800 Implicit null exception at 0x00000001071a2273 to 0x00000001071a25fd
Event: 8.764 Thread 0x00007f819dc8c800 Implicit null exception at 0x00000001071a2e73 to 0x00000001071a31f9

Events (10 events):
Event: 46.840 loading class com/jogamp/nativewindow/awt/JAWTWindow$JAWTComponentListener$2 done
Event: 46.841 loading class jogamp/nativewindow/jawt/macosx/MacOSXJAWTWindow$1
Event: 46.841 loading class jogamp/nativewindow/jawt/macosx/MacOSXJAWTWindow$1 done
Event: 46.842 Thread 0x00007f819dc8c800 Uncommon trap: trap_request=0xffffff65 fr.pc=0x00000001078e0544
Event: 46.842 Thread 0x00007f819dc8c800 DEOPT PACKING pc=0x00000001078e0544 sp=0x00007000019658b0
Event: 46.842 Thread 0x00007f819dc8c800 DEOPT UNPACKING pc=0x0000000107005229 sp=0x0000700001965880 mode 2
Event: 46.843 Thread 0x00007f819d8ba800 Uncommon trap: trap_request=0xffffff86 fr.pc=0x000000010788ee40
Event: 46.843 Thread 0x00007f819d8ba800 DEOPT PACKING pc=0x000000010788ee40 sp=0x00007000010c6780
Event: 46.843 Thread 0x00007f819d8ba800 DEOPT UNPACKING pc=0x0000000107005229 sp=0x00007000010c6748 mode 2
Event: 46.844 Thread 0x00007f819c0bd000 Thread exited: 0x00007f819c0bd000


Dynamic libraries:
0x000000000b85e000 	/System/Library/Frameworks/Cocoa.framework/Versions/A/Cocoa
0x000000000b85e000 	/System/Library/Frameworks/Security.framework/Versions/A/Security
0x000000000b85e000 	/System/Library/Frameworks/ApplicationServices.framework/Versions/A/ApplicationServices
0x000000000b85e000 	/usr/lib/libz.1.dylib
0x000000000b85e000 	/usr/lib/libSystem.B.dylib
0x000000000b85e000 	/usr/lib/libobjc.A.dylib
0x000000000b85e000 	/System/Library/Frameworks/CoreFoundation.framework/Versions/A/CoreFoundation
0x000000000b85e000 	/System/Library/Frameworks/Foundation.framework/Versions/C/Foundation
0x000000000b85e000 	/System/Library/Frameworks/AppKit.framework/Versions/C/AppKit
0x000000000b85e000 	/System/Library/Frameworks/CoreData.framework/Versions/A/CoreData
0x000000000b85e000 	/System/Library/PrivateFrameworks/RemoteViewServices.framework/Versions/A/RemoteViewServices
0x000000000b85e000 	/System/Library/PrivateFrameworks/UIFoundation.framework/Versions/A/UIFoundation
0x000000000b85e000 	/usr/lib/libScreenReader.dylib
0x000000000b85e000 	/System/Library/Frameworks/Accelerate.framework/Versions/A/Accelerate
0x000000000b85e000 	/System/Library/Frameworks/IOSurface.framework/Versions/A/IOSurface
0x000000000b85e000 	/System/Library/Frameworks/AudioToolbox.framework/Versions/A/AudioToolbox
0x000000000b85e000 	/System/Library/Frameworks/AudioUnit.framework/Versions/A/AudioUnit
0x000000000b85e000 	/System/Library/PrivateFrameworks/DataDetectorsCore.framework/Versions/A/DataDetectorsCore
0x000000000b85e000 	/System/Library/PrivateFrameworks/DesktopServicesPriv.framework/Versions/A/DesktopServicesPriv
0x000000000b85e000 	/System/Library/Frameworks/Carbon.framework/Versions/A/Frameworks/HIToolbox.framework/Versions/A/HIToolbox
0x000000000b85e000 	/System/Library/Frameworks/QuartzCore.framework/Versions/A/QuartzCore
0x000000000b85e000 	/System/Library/Frameworks/Carbon.framework/Versions/A/Frameworks/SpeechRecognition.framework/Versions/A/SpeechRecognition
0x000000000b85e000 	/usr/lib/libauto.dylib
0x000000000b85e000 	/usr/lib/libicucore.A.dylib
0x000000000b85e000 	/usr/lib/libxml2.2.dylib
0x000000000b85e000 	/System/Library/PrivateFrameworks/CoreUI.framework/Versions/A/CoreUI
0x000000000b85e000 	/System/Library/Frameworks/CoreAudio.framework/Versions/A/CoreAudio
0x000000000b85e000 	/System/Library/Frameworks/DiskArbitration.framework/Versions/A/DiskArbitration
0x000000000b85e000 	/usr/lib/liblangid.dylib
0x000000000b85e000 	/System/Library/PrivateFrameworks/MultitouchSupport.framework/Versions/A/MultitouchSupport
0x000000000b85e000 	/System/Library/Frameworks/IOKit.framework/Versions/A/IOKit
0x000000000b85e000 	/usr/lib/libDiagnosticMessagesClient.dylib
0x000000000b85e000 	/System/Library/Frameworks/CoreServices.framework/Versions/A/CoreServices
0x000000000b85e000 	/System/Library/PrivateFrameworks/PerformanceAnalysis.framework/Versions/A/PerformanceAnalysis
0x000000000b85e000 	/System/Library/PrivateFrameworks/GenerationalStorage.framework/Versions/A/GenerationalStorage
0x000000000b85e000 	/System/Library/Frameworks/OpenGL.framework/Versions/A/OpenGL
0x000000000b85e000 	/System/Library/PrivateFrameworks/Sharing.framework/Versions/A/Sharing
0x000000000b85e000 	/System/Library/Frameworks/CoreGraphics.framework/Versions/A/CoreGraphics
0x000000000b85e000 	/System/Library/Frameworks/CoreImage.framework/Versions/A/CoreImage
0x000000000b85e000 	/System/Library/Frameworks/CoreText.framework/Versions/A/CoreText
0x000000000b85e000 	/System/Library/Frameworks/ImageIO.framework/Versions/A/ImageIO
0x000000000b85e000 	/System/Library/PrivateFrameworks/Backup.framework/Versions/A/Backup
0x000000000b85e000 	/usr/lib/libextension.dylib
0x000000000b85e000 	/usr/lib/libarchive.2.dylib
0x000000000b85e000 	/System/Library/Frameworks/CFNetwork.framework/Versions/A/CFNetwork
0x000000000b85e000 	/System/Library/Frameworks/SystemConfiguration.framework/Versions/A/SystemConfiguration
0x000000000b85e000 	/usr/lib/libCRFSuite.dylib
0x000000000b85e000 	/usr/lib/libc++.1.dylib
0x000000000b85e000 	/usr/lib/libc++abi.dylib
0x000000000b85e000 	/usr/lib/system/libcache.dylib
0x000000000b85e000 	/usr/lib/system/libcommonCrypto.dylib
0x000000000b85e000 	/usr/lib/system/libcompiler_rt.dylib
0x000000000b85e000 	/usr/lib/system/libcopyfile.dylib
0x000000000b85e000 	/usr/lib/system/libcorecrypto.dylib
0x000000000b85e000 	/usr/lib/system/libdispatch.dylib
0x000000000b85e000 	/usr/lib/system/libdyld.dylib
0x000000000b85e000 	/usr/lib/system/libkeymgr.dylib
0x000000000b85e000 	/usr/lib/system/liblaunch.dylib
0x000000000b85e000 	/usr/lib/system/libmacho.dylib
0x000000000b85e000 	/usr/lib/system/libquarantine.dylib
0x000000000b85e000 	/usr/lib/system/libremovefile.dylib
0x000000000b85e000 	/usr/lib/system/libsystem_asl.dylib
0x000000000b85e000 	/usr/lib/system/libsystem_blocks.dylib
0x000000000b85e000 	/usr/lib/system/libsystem_c.dylib
0x000000000b85e000 	/usr/lib/system/libsystem_configuration.dylib
0x000000000b85e000 	/usr/lib/system/libsystem_coreservices.dylib
0x000000000b85e000 	/usr/lib/system/libsystem_coretls.dylib
0x000000000b85e000 	/usr/lib/system/libsystem_dnssd.dylib
0x000000000b85e000 	/usr/lib/system/libsystem_info.dylib
0x000000000b85e000 	/usr/lib/system/libsystem_kernel.dylib
0x000000000b85e000 	/usr/lib/system/libsystem_m.dylib
0x000000000b85e000 	/usr/lib/system/libsystem_malloc.dylib
0x000000000b85e000 	/usr/lib/system/libsystem_network.dylib
0x000000000b85e000 	/usr/lib/system/libsystem_networkextension.dylib
0x000000000b85e000 	/usr/lib/system/libsystem_notify.dylib
0x000000000b85e000 	/usr/lib/system/libsystem_platform.dylib
0x000000000b85e000 	/usr/lib/system/libsystem_pthread.dylib
0x000000000b85e000 	/usr/lib/system/libsystem_sandbox.dylib
0x000000000b85e000 	/usr/lib/system/libsystem_secinit.dylib
0x000000000b85e000 	/usr/lib/system/libsystem_trace.dylib
0x000000000b85e000 	/usr/lib/system/libunc.dylib
0x000000000b85e000 	/usr/lib/system/libunwind.dylib
0x000000000b85e000 	/usr/lib/system/libxpc.dylib
0x000000000b85e000 	/usr/lib/libenergytrace.dylib
0x000000000b85e000 	/usr/lib/libbsm.0.dylib
0x000000000b85e000 	/usr/lib/system/libkxld.dylib
0x000000000b85e000 	/usr/lib/libxar.1.dylib
0x000000000b85e000 	/usr/lib/libsqlite3.dylib
0x000000000b85e000 	/usr/lib/libpam.2.dylib
0x000000000b85e000 	/usr/lib/libOpenScriptingUtil.dylib
0x000000000b85e000 	/usr/lib/libbz2.1.0.dylib
0x000000000b85e000 	/usr/lib/liblzma.5.dylib
0x000000000b85e000 	/System/Library/Frameworks/CoreServices.framework/Versions/A/Frameworks/FSEvents.framework/Versions/A/FSEvents
0x000000000b85e000 	/System/Library/Frameworks/CoreServices.framework/Versions/A/Frameworks/CarbonCore.framework/Versions/A/CarbonCore
0x000000000b85e000 	/System/Library/Frameworks/CoreServices.framework/Versions/A/Frameworks/Metadata.framework/Versions/A/Metadata
0x000000000b85e000 	/System/Library/Frameworks/CoreServices.framework/Versions/A/Frameworks/OSServices.framework/Versions/A/OSServices
0x000000000b85e000 	/System/Library/Frameworks/CoreServices.framework/Versions/A/Frameworks/SearchKit.framework/Versions/A/SearchKit
0x000000000b85e000 	/System/Library/Frameworks/CoreServices.framework/Versions/A/Frameworks/AE.framework/Versions/A/AE
0x000000000b85e000 	/System/Library/Frameworks/CoreServices.framework/Versions/A/Frameworks/LaunchServices.framework/Versions/A/LaunchServices
0x000000000b85e000 	/System/Library/Frameworks/CoreServices.framework/Versions/A/Frameworks/DictionaryServices.framework/Versions/A/DictionaryServices
0x000000000b85e000 	/System/Library/Frameworks/CoreServices.framework/Versions/A/Frameworks/SharedFileList.framework/Versions/A/SharedFileList
0x000000000b85e000 	/System/Library/Frameworks/NetFS.framework/Versions/A/NetFS
0x000000000b85e000 	/System/Library/PrivateFrameworks/NetAuth.framework/Versions/A/NetAuth
0x000000000b85e000 	/System/Library/PrivateFrameworks/login.framework/Versions/A/Frameworks/loginsupport.framework/Versions/A/loginsupport
0x000000000b85e000 	/System/Library/PrivateFrameworks/TCC.framework/Versions/A/TCC
0x000000000b85e000 	/usr/lib/libmecabra.dylib
0x000000000b85e000 	/System/Library/Frameworks/ApplicationServices.framework/Versions/A/Frameworks/ATS.framework/Versions/A/ATS
0x000000000b85e000 	/System/Library/Frameworks/ApplicationServices.framework/Versions/A/Frameworks/ColorSync.framework/Versions/A/ColorSync
0x000000000b85e000 	/System/Library/Frameworks/ApplicationServices.framework/Versions/A/Frameworks/HIServices.framework/Versions/A/HIServices
0x000000000b85e000 	/System/Library/Frameworks/ApplicationServices.framework/Versions/A/Frameworks/LangAnalysis.framework/Versions/A/LangAnalysis
0x000000000b85e000 	/System/Library/Frameworks/ApplicationServices.framework/Versions/A/Frameworks/PrintCore.framework/Versions/A/PrintCore
0x000000000b85e000 	/System/Library/Frameworks/ApplicationServices.framework/Versions/A/Frameworks/QD.framework/Versions/A/QD
0x000000000b85e000 	/System/Library/Frameworks/ApplicationServices.framework/Versions/A/Frameworks/SpeechSynthesis.framework/Versions/A/SpeechSynthesis
0x000000000b85e000 	/System/Library/Frameworks/Metal.framework/Versions/A/Metal
0x000000000b85e000 	/System/Library/Frameworks/Accelerate.framework/Versions/A/Frameworks/vImage.framework/Versions/A/vImage
0x000000000b85e000 	/System/Library/Frameworks/Accelerate.framework/Versions/A/Frameworks/vecLib.framework/Versions/A/vecLib
0x000000000b85e000 	/System/Library/Frameworks/Accelerate.framework/Versions/A/Frameworks/vecLib.framework/Versions/A/libvDSP.dylib
0x000000000b85e000 	/System/Library/Frameworks/Accelerate.framework/Versions/A/Frameworks/vecLib.framework/Versions/A/libvMisc.dylib
0x000000000b85e000 	/System/Library/Frameworks/Accelerate.framework/Versions/A/Frameworks/vecLib.framework/Versions/A/libLAPACK.dylib
0x000000000b85e000 	/System/Library/Frameworks/Accelerate.framework/Versions/A/Frameworks/vecLib.framework/Versions/A/libBLAS.dylib
0x000000000b85e000 	/System/Library/Frameworks/Accelerate.framework/Versions/A/Frameworks/vecLib.framework/Versions/A/libLinearAlgebra.dylib
0x000000000b85e000 	/System/Library/Frameworks/Accelerate.framework/Versions/A/Frameworks/vecLib.framework/Versions/A/libSparseBLAS.dylib
0x000000000b85e000 	/System/Library/PrivateFrameworks/GPUCompiler.framework/libmetal_timestamp.dylib
0x000000000b85e000 	/System/Library/Frameworks/OpenGL.framework/Versions/A/Libraries/libCoreFSCache.dylib
0x000000000b85e000 	/System/Library/PrivateFrameworks/IOAccelerator.framework/Versions/A/IOAccelerator
0x000000000b85e000 	/System/Library/Frameworks/ApplicationServices.framework/Versions/A/Frameworks/ATS.framework/Versions/A/Resources/libFontParser.dylib
0x000000000b85e000 	/System/Library/Frameworks/ApplicationServices.framework/Versions/A/Frameworks/ATS.framework/Versions/A/Resources/libFontRegistry.dylib
0x000000000b85e000 	/System/Library/PrivateFrameworks/AppleVPA.framework/Versions/A/AppleVPA
0x000000000b85e000 	/System/Library/PrivateFrameworks/AppleJPEG.framework/Versions/A/AppleJPEG
0x000000000b85e000 	/System/Library/Frameworks/ImageIO.framework/Versions/A/Resources/libJPEG.dylib
0x000000000b85e000 	/System/Library/Frameworks/ImageIO.framework/Versions/A/Resources/libTIFF.dylib
0x000000000b85e000 	/System/Library/Frameworks/ImageIO.framework/Versions/A/Resources/libPng.dylib
0x000000000b85e000 	/System/Library/Frameworks/ImageIO.framework/Versions/A/Resources/libGIF.dylib
0x000000000b85e000 	/System/Library/Frameworks/ImageIO.framework/Versions/A/Resources/libJP2.dylib
0x000000000b85e000 	/System/Library/Frameworks/ImageIO.framework/Versions/A/Resources/libRadiance.dylib
0x000000000b85e000 	/System/Library/Frameworks/CoreVideo.framework/Versions/A/CoreVideo
0x000000000b85e000 	/System/Library/Frameworks/OpenGL.framework/Versions/A/Libraries/libGLU.dylib
0x000000000b85e000 	/System/Library/Frameworks/OpenGL.framework/Versions/A/Libraries/libGFXShared.dylib
0x000000000b85e000 	/System/Library/Frameworks/OpenGL.framework/Versions/A/Libraries/libGL.dylib
0x000000000b85e000 	/System/Library/Frameworks/OpenGL.framework/Versions/A/Libraries/libGLImage.dylib
0x000000000b85e000 	/System/Library/Frameworks/OpenGL.framework/Versions/A/Libraries/libCVMSPluginSupport.dylib
0x000000000b85e000 	/System/Library/Frameworks/OpenGL.framework/Versions/A/Libraries/libCoreVMClient.dylib
0x000000000b85e000 	/usr/lib/libcompression.dylib
0x000000000b85e000 	/usr/lib/libcups.2.dylib
0x000000000b85e000 	/System/Library/Frameworks/Kerberos.framework/Versions/A/Kerberos
0x000000000b85e000 	/System/Library/Frameworks/GSS.framework/Versions/A/GSS
0x000000000b85e000 	/usr/lib/libresolv.9.dylib
0x000000000b85e000 	/usr/lib/libiconv.2.dylib
0x000000000b85e000 	/System/Library/PrivateFrameworks/Heimdal.framework/Versions/A/Heimdal
0x000000000b85e000 	/usr/lib/libheimdal-asn1.dylib
0x000000000b85e000 	/System/Library/Frameworks/OpenDirectory.framework/Versions/A/OpenDirectory
0x000000000b85e000 	/System/Library/PrivateFrameworks/CommonAuth.framework/Versions/A/CommonAuth
0x000000000b85e000 	/System/Library/Frameworks/OpenDirectory.framework/Versions/A/Frameworks/CFOpenDirectory.framework/Versions/A/CFOpenDirectory
0x000000000b85e000 	/System/Library/Frameworks/SecurityFoundation.framework/Versions/A/SecurityFoundation
0x000000000b85e000 	/System/Library/PrivateFrameworks/LanguageModeling.framework/Versions/A/LanguageModeling
0x000000000b85e000 	/usr/lib/libmarisa.dylib
0x000000000b85e000 	/usr/lib/libChineseTokenizer.dylib
0x000000000b85e000 	/usr/lib/libcmph.dylib
0x000000000b85e000 	/System/Library/Frameworks/ServiceManagement.framework/Versions/A/ServiceManagement
0x000000000b85e000 	/usr/lib/libxslt.1.dylib
0x000000000b85e000 	/System/Library/Frameworks/Carbon.framework/Versions/A/Frameworks/Ink.framework/Versions/A/Ink
0x000000000b85e000 	/usr/lib/libFosl_dynamic.dylib
0x000000000b85e000 	/System/Library/PrivateFrameworks/FaceCore.framework/Versions/A/FaceCore
0x000000000b85e000 	/System/Library/Frameworks/OpenCL.framework/Versions/A/OpenCL
0x000000000b85e000 	/System/Library/PrivateFrameworks/CrashReporterSupport.framework/Versions/A/CrashReporterSupport
0x000000000b85e000 	/System/Library/PrivateFrameworks/IconServices.framework/Versions/A/IconServices
0x000000000b85e000 	/System/Library/PrivateFrameworks/Apple80211.framework/Versions/A/Apple80211
0x000000000b85e000 	/System/Library/Frameworks/CoreWLAN.framework/Versions/A/CoreWLAN
0x000000000b85e000 	/System/Library/Frameworks/IOBluetooth.framework/Versions/A/IOBluetooth
0x000000000b85e000 	/System/Library/PrivateFrameworks/CoreWiFi.framework/Versions/A/CoreWiFi
0x000000000b85e000 	/System/Library/Frameworks/CoreBluetooth.framework/Versions/A/CoreBluetooth
0x000000000b85e000 	/System/Library/PrivateFrameworks/ChunkingLibrary.framework/Versions/A/ChunkingLibrary
0x000000000b85e000 	/System/Library/PrivateFrameworks/DebugSymbols.framework/Versions/A/DebugSymbols
0x000000000b85e000 	/System/Library/PrivateFrameworks/CoreSymbolication.framework/Versions/A/CoreSymbolication
0x000000000b85e000 	/System/Library/PrivateFrameworks/Symbolication.framework/Versions/A/Symbolication
0x000000000b85e000 	/System/Library/PrivateFrameworks/SpeechRecognitionCore.framework/Versions/A/SpeechRecognitionCore
0x0000000105803000 	/Library/Java/JavaVirtualMachines/jdk1.8.0_77.jdk/Contents/Home/jre/lib/server/libjvm.dylib
0x000000000b85e000 	/usr/lib/libstdc++.6.dylib
0x0000000106792000 	/Library/Java/JavaVirtualMachines/jdk1.8.0_77.jdk/Contents/Home/jre/lib/libverify.dylib
0x00000001067a0000 	/Library/Java/JavaVirtualMachines/jdk1.8.0_77.jdk/Contents/Home/jre/lib/libjava.dylib
0x00000001067df000 	/Library/Java/JavaVirtualMachines/jdk1.8.0_77.jdk/Contents/Home/jre/lib/libzip.dylib
0x000000011a3e6000 	/System/Library/Frameworks/JavaVM.framework/Frameworks/JavaRuntimeSupport.framework/JavaRuntimeSupport
0x000000011a401000 	/System/Library/Frameworks/JavaVM.framework/Versions/A/Frameworks/JavaNativeFoundation.framework/Versions/A/JavaNativeFoundation
0x000000011a416000 	/System/Library/Frameworks/JavaVM.framework/Versions/A/JavaVM
0x000000000b85e000 	/System/Library/Frameworks/Carbon.framework/Versions/A/Carbon
0x000000011a423000 	/System/Library/PrivateFrameworks/JavaLaunching.framework/Versions/A/JavaLaunching
0x000000000b85e000 	/System/Library/Frameworks/Carbon.framework/Versions/A/Frameworks/CommonPanels.framework/Versions/A/CommonPanels
0x000000000b85e000 	/System/Library/Frameworks/Carbon.framework/Versions/A/Frameworks/Help.framework/Versions/A/Help
0x000000000b85e000 	/System/Library/Frameworks/Carbon.framework/Versions/A/Frameworks/ImageCapture.framework/Versions/A/ImageCapture
0x000000000b85e000 	/System/Library/Frameworks/Carbon.framework/Versions/A/Frameworks/OpenScripting.framework/Versions/A/OpenScripting
0x000000000b85e000 	/System/Library/Frameworks/Carbon.framework/Versions/A/Frameworks/Print.framework/Versions/A/Print
0x000000000b85e000 	/System/Library/Frameworks/Carbon.framework/Versions/A/Frameworks/SecurityHI.framework/Versions/A/SecurityHI
0x000000011bd47000 	/Library/Java/JavaVirtualMachines/jdk1.8.0_77.jdk/Contents/Home/jre/lib/libawt.dylib
0x000000011bdef000 	/Library/Java/JavaVirtualMachines/jdk1.8.0_77.jdk/Contents/Home/jre/lib/./libmlib_image.dylib
0x000000011bebb000 	/Library/Java/JavaVirtualMachines/jdk1.8.0_77.jdk/Contents/Home/jre/lib/libawt_lwawt.dylib
0x000000011bf70000 	/Library/Java/JavaVirtualMachines/jdk1.8.0_77.jdk/Contents/Home/jre/lib/./libosxapp.dylib
0x000000000b85e000 	/System/Library/Frameworks/ExceptionHandling.framework/Versions/A/ExceptionHandling
0x000000000b85e000 	/System/Library/PrivateFrameworks/CoreServicesInternal.framework/Versions/A/CoreServicesInternal
0x000000000b85e000 	/System/Library/Frameworks/CoreGraphics.framework/Versions/A/Resources/libRIP.A.dylib
0x000000000b85e000 	/System/Library/Frameworks/Accelerate.framework/Versions/A/Frameworks/vImage.framework/Versions/A/Libraries/libCGInterfaces.dylib
0x000000000b85e000 	/System/Library/Frameworks/CoreGraphics.framework/Versions/A/Resources/libCGXType.A.dylib
0x000000000b85e000 	/System/Library/Frameworks/OpenCL.framework/Versions/A/Libraries/libcldcpuengine.dylib
0x000000000b85e000 	/System/Library/PrivateFrameworks/DiskImages.framework/Versions/A/DiskImages
0x000000000b85e000 	/System/Library/Frameworks/DiscRecording.framework/Versions/A/DiscRecording
0x000000000b85e000 	/usr/lib/libcsfde.dylib
0x000000000b85e000 	/usr/lib/libcurl.4.dylib
0x000000000b85e000 	/System/Library/PrivateFrameworks/MediaKit.framework/Versions/A/MediaKit
0x000000000b85e000 	/System/Library/PrivateFrameworks/ProtectedCloudStorage.framework/Versions/A/ProtectedCloudStorage
0x000000000b85e000 	/usr/lib/libCoreStorage.dylib
0x000000000b85e000 	/System/Library/PrivateFrameworks/EFILogin.framework/Versions/A/EFILogin
0x000000000b85e000 	/usr/lib/libutil.dylib
0x000000000b85e000 	/System/Library/PrivateFrameworks/FindMyDevice.framework/Versions/A/FindMyDevice
0x000000000b85e000 	/System/Library/Frameworks/LDAP.framework/Versions/A/LDAP
0x000000000b85e000 	/usr/lib/libsasl2.2.dylib
0x000000000b85e000 	/System/Library/PrivateFrameworks/CoreDaemon.framework/Versions/B/CoreDaemon
0x000000000b85e000 	/usr/lib/libcrypto.0.9.8.dylib
0x000000000b85e000 	/System/Library/PrivateFrameworks/AppleSRP.framework/Versions/A/AppleSRP
0x000000000b85e000 	/System/Library/PrivateFrameworks/TrustEvaluationAgent.framework/Versions/A/TrustEvaluationAgent
0x000000011d6ff000 	cl_kernels
0x000000000b85e000 	/System/Library/Frameworks/OpenCL.framework/Versions/A/Libraries/ImageFormats/unorm8_bgra.dylib
0x000000000b85e000 	/System/Library/Frameworks/OpenCL.framework/Versions/A/Libraries/ImageFormats/unorm8_rgba.dylib
0x000000000b85e000 	/System/Library/PrivateFrameworks/FamilyControls.framework/Versions/A/FamilyControls
0x000000000b85e000 	/System/Library/PrivateFrameworks/CommerceKit.framework/Versions/A/Frameworks/CommerceCore.framework/Versions/A/CommerceCore
0x000000000b85e000 	/System/Library/PrivateFrameworks/SystemAdministration.framework/Versions/A/SystemAdministration
0x000000000b85e000 	/System/Library/PrivateFrameworks/AppContainer.framework/Versions/A/AppContainer
0x000000000b85e000 	/System/Library/PrivateFrameworks/SecCodeWrapper.framework/Versions/A/SecCodeWrapper
0x000000000b85e000 	/System/Library/Frameworks/DirectoryService.framework/Versions/A/DirectoryService
0x000000000b85e000 	/System/Library/PrivateFrameworks/LoginUIKit.framework/Versions/A/Frameworks/LoginUICore.framework/Versions/A/LoginUICore
0x000000000b85e000 	/usr/lib/libodfde.dylib
0x000000000b85e000 	/System/Library/Frameworks/OpenGL.framework/Versions/A/Resources/GLEngine.bundle/GLEngine
0x000000000b85e000 	/System/Library/Frameworks/OpenGL.framework/Versions/A/Libraries/libGLProgrammability.dylib
0x000000011e73e000 	/System/Library/Extensions/AppleIntelHD5000GraphicsGLDriver.bundle/Contents/MacOS/AppleIntelHD5000GraphicsGLDriver
0x000000000b85e000 	/System/Library/PrivateFrameworks/GPUSupport.framework/Versions/A/Libraries/libGPUSupportMercury.dylib
0x000000000b85e000 	/System/Library/Frameworks/OpenGL.framework/Versions/A/Resources/GLRendererFloat.bundle/GLRendererFloat
0x000000011f72e000 	/Library/Java/JavaVirtualMachines/jdk1.8.0_77.jdk/Contents/Home/jre/lib/libfontmanager.dylib
0x0000000120bce000 	/Library/Java/JavaVirtualMachines/jdk1.8.0_77.jdk/Contents/Home/jre/lib/libosxui.dylib
0x00000001218f3000 	/Library/Java/JavaVirtualMachines/jdk1.8.0_77.jdk/Contents/Home/jre/lib/libnet.dylib
0x0000000121739000 	/Library/Java/JavaVirtualMachines/jdk1.8.0_77.jdk/Contents/Home/jre/lib/libnio.dylib
0x000000000b85e000 	/System/Library/Frameworks/ApplicationServices.framework/Versions/A/Frameworks/ATS.framework/Versions/A/Resources/libTrueTypeScaler.dylib
0x000000017a649000 	/System/Library/Extensions/AppleIntelHD5000GraphicsMTLDriver.bundle/Contents/MacOS/AppleIntelHD5000GraphicsMTLDriver
0x000000011ccaa000 	/private/var/folders/vm/c6ql63410d962mlmgt4yhc5h0000gn/T/jogamp_0000/file_cache/jln7743280649349420724/jln2431277758561329561/libgluegen-rt.jnilib
0x000000011ccaf000 	/private/var/folders/vm/c6ql63410d962mlmgt4yhc5h0000gn/T/jogamp_0000/file_cache/jln7743280649349420724/jln2431277758561329561/libnativewindow_awt.jnilib
0x000000011ccb2000 	/Library/Java/JavaVirtualMachines/jdk1.8.0_77.jdk/Contents/Home/jre/lib/libjawt.dylib
0x000000011ccb5000 	/private/var/folders/vm/c6ql63410d962mlmgt4yhc5h0000gn/T/jogamp_0000/file_cache/jln7743280649349420724/jln2431277758561329561/libnativewindow_macosx.jnilib
0x000000017c70f000 	/private/var/folders/vm/c6ql63410d962mlmgt4yhc5h0000gn/T/jogamp_0000/file_cache/jln7743280649349420724/jln2431277758561329561/libjogl_desktop.jnilib
0x00000001836be000 	/Library/Java/JavaVirtualMachines/jdk1.8.0_77.jdk/Contents/Home/jre/lib/libt2k.dylib

VM Arguments:
jvm_args: -Djava.security.policy=java.policy.applet -Dfile.encoding=UTF-8 
java_command: sun.applet.AppletViewer module6.EarthquakeCityMap1464490684931.html
java_class_path (initial): /Users/xingdu/Documents/workspace/UCSDUnfoldingMaps/build:/Users/xingdu/Documents/workspace/UCSDUnfoldingMaps/lib/core.jar:/Users/xingdu/Documents/workspace/UCSDUnfoldingMaps/lib/gluegen-rt.jar:/Users/xingdu/Documents/workspace/UCSDUnfoldingMaps/lib/jogl-all.jar:/Users/xingdu/Documents/workspace/UCSDUnfoldingMaps/lib/log4j-1.2.15.jar:/Users/xingdu/Documents/workspace/UCSDUnfoldingMaps/lib/sqlite-jdbc-3.7.2.jar:/Users/xingdu/Documents/workspace/UCSDUnfoldingMaps/lib/json4processing.jar:/Users/xingdu/Documents/workspace/UCSDUnfoldingMaps/lib/libTUIO.jar:/Users/xingdu/Documents/workspace/UCSDUnfoldingMaps/lib/unfolding.0.9.7-uscd.jar
Launcher Type: SUN_STANDARD

Environment Variables:
PATH=/usr/bin:/bin:/usr/sbin:/sbin
SHELL=/bin/bash

Signal Handlers:
SIGSEGV: [libjvm.dylib+0x5a6855], sa_mask[0]=11111111011111110111111111111111, sa_flags=SA_ONSTACK|SA_RESTART|SA_SIGINFO
SIGBUS: [libjvm.dylib+0x5a6855], sa_mask[0]=11111111011111110111111111111111, sa_flags=SA_RESTART|SA_SIGINFO
SIGFPE: [libjvm.dylib+0x4804ec], sa_mask[0]=11111111011111110111111111111111, sa_flags=SA_RESTART|SA_SIGINFO
SIGPIPE: [libjvm.dylib+0x4804ec], sa_mask[0]=11111111011111110111111111111111, sa_flags=SA_RESTART|SA_SIGINFO
SIGXFSZ: [libjvm.dylib+0x4804ec], sa_mask[0]=11111111011111110111111111111111, sa_flags=SA_RESTART|SA_SIGINFO
SIGILL: [libjvm.dylib+0x4804ec], sa_mask[0]=11111111011111110111111111111111, sa_flags=SA_RESTART|SA_SIGINFO
SIGUSR1: SIG_DFL, sa_mask[0]=00000000000000000000000000000000, sa_flags=none
SIGUSR2: [libjvm.dylib+0x48000a], sa_mask[0]=00100000000000000000000000000000, sa_flags=SA_RESTART|SA_SIGINFO
SIGHUP: [libjvm.dylib+0x47e5e1], sa_mask[0]=11111111011111110111111111111111, sa_flags=SA_RESTART|SA_SIGINFO
SIGINT: [libjvm.dylib+0x47e5e1], sa_mask[0]=11111111011111110111111111111111, sa_flags=SA_RESTART|SA_SIGINFO
SIGTERM: [libjvm.dylib+0x47e5e1], sa_mask[0]=11111111011111110111111111111111, sa_flags=SA_RESTART|SA_SIGINFO
SIGQUIT: [libjvm.dylib+0x47e5e1], sa_mask[0]=11111111011111110111111111111111, sa_flags=SA_RESTART|SA_SIGINFO


---------------  S Y S T E M  ---------------

OS:Bsduname:Darwin 15.5.0 Darwin Kernel Version 15.5.0: Tue Apr 19 18:36:36 PDT 2016; root:xnu-3248.50.21~8/RELEASE_X86_64 x86_64
rlimit: STACK 8192k, CORE 0k, NPROC 709, NOFILE 10240, AS infinity
load average:2.86 3.02 2.71

CPU:total 4 (2 cores per cpu, 2 threads per core) family 6 model 69 stepping 1, cmov, cx8, fxsr, mmx, sse, sse2, sse3, ssse3, sse4.1, sse4.2, popcnt, avx, avx2, aes, clmul, erms, lzcnt, ht, tsc, tscinvbit, bmi1, bmi2

Memory: 4k page, physical 4194304k(50088k free)

/proc/meminfo:


vm_info: Java HotSpot(TM) 64-Bit Server VM (25.77-b03) for bsd-amd64 JRE (1.8.0_77-b03), built on Mar 20 2016 22:14:03 by "java_re" with gcc 4.2.1 (Based on Apple Inc. build 5658) (LLVM build 2336.11.00)

time: Sat May 28 22:58:51 2016
elapsed time: 46 seconds (0d 0h 0m 46s)

