#
# A fatal error has been detected by the Java Runtime Environment:
#
#  SIGSEGV (0xb) at pc=0x00007fffa133a4dd, pid=53737, tid=2571
#
# JRE version: Java(TM) SE Runtime Environment (8.0_77-b03) (build 1.8.0_77-b03)
# Java VM: Java HotSpot(TM) 64-Bit Server VM (25.77-b03 mixed mode bsd-amd64 compressed oops)
# Problematic frame:
# C  [libobjc.A.dylib+0x14dd]  objc_msgSend+0x1d
#
# Failed to write core dump. Core dumps have been disabled. To enable core dumping, try "ulimit -c unlimited" before starting Java again
#
# If you would like to submit a bug report, please visit:
#   http://bugreport.java.com/bugreport/crash.jsp
# The crash happened outside the Java Virtual Machine in native code.
# See problematic frame for where to report the bug.
#

---------------  T H R E A D  ---------------

Current thread (0x00007feff314f000):  JavaThread "AWT-AppKit" daemon [_thread_in_native, id=2571, stack(0x00007fff52720000,0x00007fff52f20000)]

siginfo: si_signo: 11 (SIGSEGV), si_code: 1 (SEGV_MAPERR), si_addr: 0x0000000000000018

Registers:
RAX=0x00007feff6c13520, RBX=0x0000000124418450, RCX=0x0000000124074020, RDX=0x0000000124074300
RSP=0x00007fff52f1b388, RBP=0x00007fff52f1b440, RSI=0x00007fff97d1fcde, RDI=0x00007feff6aadd00
R8 =0x0000000000000000, R9 =0x00000000000008b0, R10=0x00007fff97d1fcde, R11=0x0000000000000000
R12=0x0000000000000000, R13=0x0000000183b62c40, R14=0x0000000124418440, R15=0x00007feff314f000
RIP=0x00007fffa133a4dd, EFLAGS=0x0000000000010246, ERR=0x0000000000000004
  TRAPNO=0x000000000000000e

Top of Stack: (sp=0x00007fff52f1b388)
0x00007fff52f1b388:   0000000124416157 00007fff52f1b3e0
0x00007fff52f1b398:   0000000000000003 00007fff52f1b3c0
0x00007fff52f1b3a8:   000000010d14cb02 0000000183b62c40
0x00007fff52f1b3b8:   0000000183b62c40 00007feff6c13520
0x00007fff52f1b3c8:   00000001244186a0 0000000124418710
0x00007fff52f1b3d8:   00007fff7e09e770 00007fff7bc8c500
0x00007fff52f1b3e8:   0000000124418450 0000000124418690
0x00007fff52f1b3f8:   00007feff6c13520 00007feff6aadd00
0x00007fff52f1b408:   00007feff1e419b0 00007feff6c13520
0x00007fff52f1b418:   00007feff6aadd00 00007fff52f1b4c8
0x00007fff52f1b428:   00007feff314f1f8 0000000183b62c40
0x00007fff52f1b438:   00007fff52f1b4f0 00007fff52f1b4b8
0x00007fff52f1b448:   000000010e815954 0000000183b62c40
0x00007fff52f1b458:   00007fff52f1b4f0 00007fff52f1b4b8
0x00007fff52f1b468:   000000010e8156e7 000000010e8156a2
0x00007fff52f1b478:   00007fff52f1b478 0000000183b62c40
0x00007fff52f1b488:   00007fff52f1b4f0 0000000183b643f0
0x00007fff52f1b498:   0000000000000000 0000000183b62c40
0x00007fff52f1b4a8:   0000000000000000 00007fff52f1b4d8
0x00007fff52f1b4b8:   00007fff52f1b538 000000010e807c4d
0x00007fff52f1b4c8:   00000007808ae320 000000010e80f578
0x00007fff52f1b4d8:   00007feff6c13520 00007fff52f1b538
0x00007fff52f1b4e8:   00007feff6aadd00 000000010e810d82
0x00007fff52f1b4f8:   00007fff52f1b4f8 0000000183b62e0a
0x00007fff52f1b508:   00007fff52f1b560 0000000183b643f0
0x00007fff52f1b518:   0000000000000000 0000000183b62e18
0x00007fff52f1b528:   00007fff52f1b4d8 00007fff52f1b548
0x00007fff52f1b538:   00007fff52f1b5a8 000000010e807c4d
0x00007fff52f1b548:   00007feff6c13520 000000078085ba00
0x00007fff52f1b558:   00007feff6aadd00 000000078085ba00
0x00007fff52f1b568:   00007fff52f1b568 000000018aeb461e
0x00007fff52f1b578:   00007fff52f1b5b8 000000018aeb46d8 

Instructions: (pc=0x00007fffa133a4dd)
0x00007fffa133a4bd:   44 00 00 48 85 ff 2e 74 62 40 f6 c7 01 2e 75 66
0x00007fffa133a4cd:   49 bb f8 ff ff ff ff 7f 00 00 4c 23 1f 49 89 f2
0x00007fffa133a4dd:   45 23 53 18 49 c1 e2 04 4d 03 53 10 49 3b 32 75
0x00007fffa133a4ed:   04 41 ff 62 08 49 83 3a 01 76 0d 49 83 c2 10 49 

Register to memory mapping:

RAX=0x00007feff6c13520 is an unknown value
RBX=0x0000000124418450: Java_jogamp_nativewindow_macosx_OSXUtil_GetScreenRefreshRate0+0x1cf0 in /private/var/folders/vm/c6ql63410d962mlmgt4yhc5h0000gn/T/jogamp_0000/file_cache/jln4356718381073043716/jln7301842972834957593/libnativewindow_macosx.jnilib at 0x0000000124411000
RCX=0x0000000124074020 is an unknown value
RDX=0x0000000124074300 is an unknown value
RSP=0x00007fff52f1b388 is pointing into the stack for thread: 0x00007feff314f000
RBP=0x00007fff52f1b440 is pointing into the stack for thread: 0x00007feff314f000
RSI=0x00007fff97d1fcde is an unknown value
RDI=0x00007feff6aadd00 is an unknown value
R8 =0x0000000000000000 is an unknown value
R9 =0x00000000000008b0 is an unknown value
R10=0x00007fff97d1fcde is an unknown value
R11=0x0000000000000000 is an unknown value
R12=0x0000000000000000 is an unknown value
R13={method} {0x0000000183b62c40} 'UnsetJAWTRootSurfaceLayer0' '(JJ)V' in 'jogamp/nativewindow/jawt/macosx/MacOSXJAWTWindow'
R14=0x0000000124418440: Java_jogamp_nativewindow_macosx_OSXUtil_GetScreenRefreshRate0+0x1ce0 in /private/var/folders/vm/c6ql63410d962mlmgt4yhc5h0000gn/T/jogamp_0000/file_cache/jln4356718381073043716/jln7301842972834957593/libnativewindow_macosx.jnilib at 0x0000000124411000
R15=0x00007feff314f000 is a thread


Stack: [0x00007fff52720000,0x00007fff52f20000],  sp=0x00007fff52f1b388,  free space=8172k
Native frames: (J=compiled Java code, j=interpreted, Vv=VM code, C=native code)
C  [libobjc.A.dylib+0x14dd]  objc_msgSend+0x1d
j  jogamp.nativewindow.jawt.macosx.MacOSXJAWTWindow.UnsetJAWTRootSurfaceLayer0(JJ)V+0
j  jogamp.nativewindow.jawt.macosx.MacOSXJAWTWindow.access$200(JJ)V+2
j  jogamp.nativewindow.jawt.macosx.MacOSXJAWTWindow$1.run()V+38
J 3046 C1 com.jogamp.common.util.RunnableTask.run()V (345 bytes) @ 0x000000010f09b794 [0x000000010f09b600+0x194]
v  ~StubRoutines::call_stub
V  [libjvm.dylib+0x2ea39e]  JavaCalls::call_helper(JavaValue*, methodHandle*, JavaCallArguments*, Thread*)+0x6ae
V  [libjvm.dylib+0x3214a7]  jni_invoke_nonstatic(JNIEnv_*, JavaValue*, _jobject*, JNICallType, _jmethodID*, JNI_ArgumentPusher*, Thread*)+0x2ec
V  [libjvm.dylib+0x313c7b]  jni_CallVoidMethod+0x16b
C  [libnativewindow_macosx.jnilib+0x5326]  Java_jogamp_nativewindow_jawt_macosx_MacOSXJAWTWindow_UnsetJAWTRootSurfaceLayer0+0x2b6
C  [Foundation+0x76fde]  __NSThreadPerformPerform+0x117
C  [CoreFoundation+0xaa881]  __CFRUNLOOP_IS_CALLING_OUT_TO_A_SOURCE0_PERFORM_FUNCTION__+0x11
C  [CoreFoundation+0x89f37]  __CFRunLoopDoSources0+0x1a7
C  [CoreFoundation+0x894df]  __CFRunLoopRun+0x39f
C  [CoreFoundation+0x88ed8]  CFRunLoopRunSpecific+0x128
C  [HIToolbox+0x30935]  RunCurrentEventLoopInMode+0xeb
C  [HIToolbox+0x30677]  ReceiveNextEventCommon+0xb8
C  [HIToolbox+0x305af]  _BlockUntilNextEventMatchingListInModeWithFilter+0x47
C  [AppKit+0x48df6]  _DPSNextEvent+0x42b
C  [AppKit+0x48226]  -[NSApplication _nextEventMatchingEventMask:untilDate:inMode:dequeue:]+0x1c6
C  [libosxapp.dylib+0x23aa]  -[NSApplicationAWT nextEventMatchingMask:untilDate:inMode:dequeue:]+0x7c
C  [AppKit+0x3cd80]  -[NSApplication run]+0x2aa
C  [libosxapp.dylib+0x214d]  +[NSApplicationAWT runAWTLoopWithApp:]+0x9c
C  [libawt_lwawt.dylib+0x4455b]  -[AWTStarter starter:]+0x389
C  [Foundation+0x76fde]  __NSThreadPerformPerform+0x117
C  [CoreFoundation+0xaa881]  __CFRUNLOOP_IS_CALLING_OUT_TO_A_SOURCE0_PERFORM_FUNCTION__+0x11
C  [CoreFoundation+0x89fbc]  __CFRunLoopDoSources0+0x22c
C  [CoreFoundation+0x894df]  __CFRunLoopRun+0x39f
C  [CoreFoundation+0x88ed8]  CFRunLoopRunSpecific+0x128
C  [java+0x6463]  CreateExecutionEnvironment+0x367
C  [java+0x21ac]  JLI_Launch+0x7a0
C  [java+0x84c0]  main+0x65
C  [java+0x1a04]  start+0x34
C  0x0000000000000007

Java frames: (J=compiled Java code, j=interpreted, Vv=VM code)
j  jogamp.nativewindow.jawt.macosx.MacOSXJAWTWindow.UnsetJAWTRootSurfaceLayer0(JJ)V+0
j  jogamp.nativewindow.jawt.macosx.MacOSXJAWTWindow.access$200(JJ)V+2
j  jogamp.nativewindow.jawt.macosx.MacOSXJAWTWindow$1.run()V+38
J 3046 C1 com.jogamp.common.util.RunnableTask.run()V (345 bytes) @ 0x000000010f09b794 [0x000000010f09b600+0x194]
v  ~StubRoutines::call_stub

---------------  P R O C E S S  ---------------

Java Threads: ( => current thread )
  0x00007feff708f000 JavaThread "Thread-425" [_thread_blocked, id=60179, stack(0x0000700000fc7000,0x00007000010c7000)]
  0x00007feff8399000 JavaThread "Image Fetcher 3" daemon [_thread_blocked, id=24539, stack(0x0000700002103000,0x0000700002203000)]
  0x00007feff83a4800 JavaThread "Image Fetcher 2" daemon [_thread_blocked, id=38443, stack(0x0000700002000000,0x0000700002100000)]
  0x00007feff709e800 JavaThread "Image Fetcher 1" daemon [_thread_blocked, id=36115, stack(0x0000700001efd000,0x0000700001ffd000)]
  0x00007feff8234000 JavaThread "Image Fetcher 0" daemon [_thread_blocked, id=37439, stack(0x0000700001cf7000,0x0000700001df7000)]
  0x00007feff80df000 JavaThread "Keep-Alive-Timer" daemon [_thread_blocked, id=65667, stack(0x0000700001dfa000,0x0000700001efa000)]
  0x00007feff28eb000 JavaThread "AWT-EventQueue-1" [_thread_in_native, id=59431, stack(0x0000700001868000,0x0000700001968000)]
  0x00007feff2806000 JavaThread "DestroyJavaVM" [_thread_blocked, id=4099, stack(0x0000700000084000,0x0000700000184000)]
  0x00007feff2174000 JavaThread "AWT-EventQueue-0" [_thread_blocked, id=56323, stack(0x0000700001662000,0x0000700001762000)]
  0x00007feff2936800 JavaThread "Java2D Disposer" daemon [_thread_blocked, id=53003, stack(0x00007000013d9000,0x00007000014d9000)]
  0x00007feff31b4000 JavaThread "Java2D Queue Flusher" daemon [_thread_blocked, id=43327, stack(0x00007000012d6000,0x00007000013d6000)]
  0x00007feff3922000 JavaThread "AWT-Shutdown" [_thread_blocked, id=28947, stack(0x00007000010cd000,0x00007000011cd000)]
=>0x00007feff314f000 JavaThread "AWT-AppKit" daemon [_thread_in_native, id=2571, stack(0x00007fff52720000,0x00007fff52f20000)]
  0x00007feff2011000 JavaThread "Service Thread" daemon [_thread_blocked, id=18435, stack(0x0000700000dc1000,0x0000700000ec1000)]
  0x00007feff301b000 JavaThread "C1 CompilerThread2" daemon [_thread_blocked, id=17923, stack(0x0000700000cbe000,0x0000700000dbe000)]
  0x00007feff301a000 JavaThread "C2 CompilerThread1" daemon [_thread_blocked, id=17411, stack(0x0000700000bbb000,0x0000700000cbb000)]
  0x00007feff3856800 JavaThread "C2 CompilerThread0" daemon [_thread_blocked, id=16899, stack(0x0000700000ab8000,0x0000700000bb8000)]
  0x00007feff2005000 JavaThread "Signal Dispatcher" daemon [_thread_blocked, id=13839, stack(0x00007000009b5000,0x0000700000ab5000)]
  0x00007feff300f000 JavaThread "Finalizer" daemon [_thread_blocked, id=11779, stack(0x000070000082f000,0x000070000092f000)]
  0x00007feff300c800 JavaThread "Reference Handler" daemon [_thread_blocked, id=11267, stack(0x000070000072c000,0x000070000082c000)]

Other Threads:
  0x00007feff2845800 VMThread [stack: 0x0000700000629000,0x0000700000729000] [id=10755]
  0x00007feff302b800 WatcherThread [stack: 0x0000700000ec4000,0x0000700000fc4000] [id=18947]

VM state:not at safepoint (normal execution)

VM Mutex/Monitor currently owned by a thread: None

Heap:
 PSYoungGen      total 232960K, used 121768K [0x00000007aab00000, 0x00000007c0000000, 0x00000007c0000000)
  eden space 116736K, 75% used [0x00000007aab00000,0x00000007b015ee80,0x00000007b1d00000)
  from space 116224K, 28% used [0x00000007b8e80000,0x00000007baf0b228,0x00000007c0000000)
  to   space 116224K, 0% used [0x00000007b1d00000,0x00000007b1d00000,0x00000007b8e80000)
 ParOldGen       total 155648K, used 95061K [0x0000000780000000, 0x0000000789800000, 0x00000007aab00000)
  object space 155648K, 61% used [0x0000000780000000,0x0000000785cd55c0,0x0000000789800000)
 Metaspace       used 21717K, capacity 21951K, committed 22144K, reserved 1069056K
  class space    used 2065K, capacity 2144K, committed 2176K, reserved 1048576K

Card table byte_map: [0x000000011dbc0000,0x000000011ddc1000] byte_map_base: 0x0000000119fc0000

Marking Bits: (ParMarkBitMap*) 0x000000010d83fea0
 Begin Bits: [0x000000011df17000, 0x000000011ef17000)
 End Bits:   [0x000000011ef17000, 0x000000011ff17000)

Polling page: 0x000000010df2e000

CodeCache: size=245760Kb used=11060Kb max_used=11060Kb free=234699Kb
 bounds [0x000000010e800000, 0x000000010f2e0000, 0x000000011d800000]
 total_blobs=4014 nmethods=3122 adapters=805
 compilation: enabled

Compilation events (10 events):
Event: 44.004 Thread 0x00007feff301b000 3642       3       processing.core.PApplet::nativeMouseEvent (209 bytes)
Event: 44.005 Thread 0x00007feff301b000 nmethod 3642 0x000000010f2d0cd0 code [0x000000010f2d0ec0, 0x000000010f2d1b28]
Event: 44.263 Thread 0x00007feff301b000 3643   !   3       java.awt.AWTEvent::dispatched (47 bytes)
Event: 44.265 Thread 0x00007feff301b000 nmethod 3643 0x000000010f2da1d0 code [0x000000010f2da3c0, 0x000000010f2dadf8]
Event: 44.821 Thread 0x00007feff301b000 3645       3       sun.java2d.pipe.Region::getScaledRegion (416 bytes)
Event: 44.823 Thread 0x00007feff301b000 nmethod 3645 0x000000010f2db190 code [0x000000010f2db400, 0x000000010f2dc1f8]
Event: 44.823 Thread 0x00007feff301b000 3644       3       sun.java2d.SunGraphics2D::translate (68 bytes)
Event: 44.823 Thread 0x00007feff301b000 nmethod 3644 0x000000010f2d0710 code [0x000000010f2d08a0, 0x000000010f2d0bd8]
Event: 44.832 Thread 0x00007feff301b000 3646       3       java.util.HashMap::put (13 bytes)
Event: 44.833 Thread 0x00007feff301b000 nmethod 3646 0x000000010f2dcc50 code [0x000000010f2dcde0, 0x000000010f2dd198]

GC Heap History (10 events):
Event: 34.970 GC heap before
{Heap before GC invocations=20 (full 1):
 PSYoungGen      total 187392K, used 183992K [0x00000007aab00000, 0x00000007be680000, 0x00000007c0000000)
  eden space 94208K, 100% used [0x00000007aab00000,0x00000007b0700000,0x00000007b0700000)
  from space 93184K, 96% used [0x00000007b6f80000,0x00000007bc72e1b8,0x00000007bca80000)
  to   space 107008K, 0% used [0x00000007b0700000,0x00000007b0700000,0x00000007b6f80000)
 ParOldGen       total 95232K, used 49194K [0x0000000780000000, 0x0000000785d00000, 0x00000007aab00000)
  object space 95232K, 51% used [0x0000000780000000,0x000000078300aa78,0x0000000785d00000)
 Metaspace       used 21539K, capacity 21759K, committed 21888K, reserved 1069056K
  class space    used 2055K, capacity 2144K, committed 2176K, reserved 1048576K
Event: 34.993 GC heap after
Heap after GC invocations=20 (full 1):
 PSYoungGen      total 201216K, used 91288K [0x00000007aab00000, 0x00000007bf480000, 0x00000007c0000000)
  eden space 94208K, 0% used [0x00000007aab00000,0x00000007aab00000,0x00000007b0700000)
  from space 107008K, 85% used [0x00000007b0700000,0x00000007b6026208,0x00000007b6f80000)
  to   space 116224K, 0% used [0x00000007b8300000,0x00000007b8300000,0x00000007bf480000)
 ParOldGen       total 95232K, used 49202K [0x0000000780000000, 0x0000000785d00000, 0x00000007aab00000)
  object space 95232K, 51% used [0x0000000780000000,0x000000078300ca78,0x0000000785d00000)
 Metaspace       used 21539K, capacity 21759K, committed 21888K, reserved 1069056K
  class space    used 2055K, capacity 2144K, committed 2176K, reserved 1048576K
}
Event: 36.427 GC heap before
{Heap before GC invocations=21 (full 1):
 PSYoungGen      total 201216K, used 185496K [0x00000007aab00000, 0x00000007bf480000, 0x00000007c0000000)
  eden space 94208K, 100% used [0x00000007aab00000,0x00000007b0700000,0x00000007b0700000)
  from space 107008K, 85% used [0x00000007b0700000,0x00000007b6026208,0x00000007b6f80000)
  to   space 116224K, 0% used [0x00000007b8300000,0x00000007b8300000,0x00000007bf480000)
 ParOldGen       total 95232K, used 49202K [0x0000000780000000, 0x0000000785d00000, 0x00000007aab00000)
  object space 95232K, 51% used [0x0000000780000000,0x000000078300ca78,0x0000000785d00000)
 Metaspace       used 21573K, capacity 21759K, committed 21888K, reserved 1069056K
  class space    used 2055K, capacity 2144K, committed 2176K, reserved 1048576K
Event: 36.472 GC heap after
Heap after GC invocations=21 (full 1):
 PSYoungGen      total 221184K, used 95650K [0x00000007aab00000, 0x00000007bf600000, 0x00000007c0000000)
  eden space 104960K, 0% used [0x00000007aab00000,0x00000007aab00000,0x00000007b1180000)
  from space 116224K, 82% used [0x00000007b8300000,0x00000007be068aa0,0x00000007bf480000)
  to   space 116224K, 0% used [0x00000007b1180000,0x00000007b1180000,0x00000007b8300000)
 ParOldGen       total 95232K, used 57169K [0x0000000780000000, 0x0000000785d00000, 0x00000007aab00000)
  object space 95232K, 60% used [0x0000000780000000,0x00000007837d4500,0x0000000785d00000)
 Metaspace       used 21573K, capacity 21759K, committed 21888K, reserved 1069056K
  class space    used 2055K, capacity 2144K, committed 2176K, reserved 1048576K
}
Event: 38.843 GC heap before
{Heap before GC invocations=22 (full 1):
 PSYoungGen      total 221184K, used 200610K [0x00000007aab00000, 0x00000007bf600000, 0x00000007c0000000)
  eden space 104960K, 100% used [0x00000007aab00000,0x00000007b1180000,0x00000007b1180000)
  from space 116224K, 82% used [0x00000007b8300000,0x00000007be068aa0,0x00000007bf480000)
  to   space 116224K, 0% used [0x00000007b1180000,0x00000007b1180000,0x00000007b8300000)
 ParOldGen       total 95232K, used 57169K [0x0000000780000000, 0x0000000785d00000, 0x00000007aab00000)
  object space 95232K, 60% used [0x0000000780000000,0x00000007837d4500,0x0000000785d00000)
 Metaspace       used 21632K, capacity 21823K, committed 22144K, reserved 1069056K
  class space    used 2055K, capacity 2144K, committed 2176K, reserved 1048576K
Event: 38.867 GC heap after
Heap after GC invocations=22 (full 1):
 PSYoungGen      total 221184K, used 91461K [0x00000007aab00000, 0x00000007c0000000, 0x00000007c0000000)
  eden space 104960K, 0% used [0x00000007aab00000,0x00000007aab00000,0x00000007b1180000)
  from space 116224K, 78% used [0x00000007b1180000,0x00000007b6ad1660,0x00000007b8300000)
  to   space 116224K, 0% used [0x00000007b8e80000,0x00000007b8e80000,0x00000007c0000000)
 ParOldGen       total 95232K, used 68074K [0x0000000780000000, 0x0000000785d00000, 0x00000007aab00000)
  object space 95232K, 71% used [0x0000000780000000,0x000000078427abe0,0x0000000785d00000)
 Metaspace       used 21632K, capacity 21823K, committed 22144K, reserved 1069056K
  class space    used 2055K, capacity 2144K, committed 2176K, reserved 1048576K
}
Event: 41.051 GC heap before
{Heap before GC invocations=23 (full 1):
 PSYoungGen      total 221184K, used 196421K [0x00000007aab00000, 0x00000007c0000000, 0x00000007c0000000)
  eden space 104960K, 100% used [0x00000007aab00000,0x00000007b1180000,0x00000007b1180000)
  from space 116224K, 78% used [0x00000007b1180000,0x00000007b6ad1660,0x00000007b8300000)
  to   space 116224K, 0% used [0x00000007b8e80000,0x00000007b8e80000,0x00000007c0000000)
 ParOldGen       total 95232K, used 68074K [0x0000000780000000, 0x0000000785d00000, 0x00000007aab00000)
  object space 95232K, 71% used [0x0000000780000000,0x000000078427abe0,0x0000000785d00000)
 Metaspace       used 21638K, capacity 21823K, committed 22144K, reserved 1069056K
  class space    used 2055K, capacity 2144K, committed 2176K, reserved 1048576K
Event: 41.079 GC heap after
Heap after GC invocations=23 (full 1):
 PSYoungGen      total 232960K, used 82181K [0x00000007aab00000, 0x00000007c0000000, 0x00000007c0000000)
  eden space 116736K, 0% used [0x00000007aab00000,0x00000007aab00000,0x00000007b1d00000)
  from space 116224K, 70% used [0x00000007b8e80000,0x00000007bdec1400,0x00000007c0000000)
  to   space 116224K, 0% used [0x00000007b1d00000,0x00000007b1d00000,0x00000007b8e80000)
 ParOldGen       total 95232K, used 84539K [0x0000000780000000, 0x0000000785d00000, 0x00000007aab00000)
  object space 95232K, 88% used [0x0000000780000000,0x000000078528efe0,0x0000000785d00000)
 Metaspace       used 21638K, capacity 21823K, committed 22144K, reserved 1069056K
  class space    used 2055K, capacity 2144K, committed 2176K, reserved 1048576K
}
Event: 41.079 GC heap before
{Heap before GC invocations=24 (full 2):
 PSYoungGen      total 232960K, used 82181K [0x00000007aab00000, 0x00000007c0000000, 0x00000007c0000000)
  eden space 116736K, 0% used [0x00000007aab00000,0x00000007aab00000,0x00000007b1d00000)
  from space 116224K, 70% used [0x00000007b8e80000,0x00000007bdec1400,0x00000007c0000000)
  to   space 116224K, 0% used [0x00000007b1d00000,0x00000007b1d00000,0x00000007b8e80000)
 ParOldGen       total 95232K, used 84539K [0x0000000780000000, 0x0000000785d00000, 0x00000007aab00000)
  object space 95232K, 88% used [0x0000000780000000,0x000000078528efe0,0x0000000785d00000)
 Metaspace       used 21638K, capacity 21823K, committed 22144K, reserved 1069056K
  class space    used 2055K, capacity 2144K, committed 2176K, reserved 1048576K
Event: 41.235 GC heap after
Heap after GC invocations=24 (full 2):
 PSYoungGen      total 232960K, used 33324K [0x00000007aab00000, 0x00000007c0000000, 0x00000007c0000000)
  eden space 116736K, 0% used [0x00000007aab00000,0x00000007aab00000,0x00000007b1d00000)
  from space 116224K, 28% used [0x00000007b8e80000,0x00000007baf0b228,0x00000007c0000000)
  to   space 116224K, 0% used [0x00000007b1d00000,0x00000007b1d00000,0x00000007b8e80000)
 ParOldGen       total 155648K, used 95061K [0x0000000780000000, 0x0000000789800000, 0x00000007aab00000)
  object space 155648K, 61% used [0x0000000780000000,0x0000000785cd55c0,0x0000000789800000)
 Metaspace       used 21638K, capacity 21823K, committed 22144K, reserved 1069056K
  class space    used 2055K, capacity 2144K, committed 2176K, reserved 1048576K
}

Deoptimization events (10 events):
Event: 42.654 Thread 0x00007feff28eb000 Uncommon trap: reason=class_check action=maybe_recompile pc=0x000000010f223c18 method=module6.CommonMarker.draw(Lprocessing/core/PGraphics;FF)V @ 25
Event: 42.756 Thread 0x00007feff28eb000 Uncommon trap: reason=class_check action=maybe_recompile pc=0x000000010f223c18 method=module6.CommonMarker.draw(Lprocessing/core/PGraphics;FF)V @ 25
Event: 42.857 Thread 0x00007feff28eb000 Uncommon trap: reason=class_check action=maybe_recompile pc=0x000000010f223c18 method=module6.CommonMarker.draw(Lprocessing/core/PGraphics;FF)V @ 25
Event: 42.960 Thread 0x00007feff28eb000 Uncommon trap: reason=class_check action=maybe_recompile pc=0x000000010f223c18 method=module6.CommonMarker.draw(Lprocessing/core/PGraphics;FF)V @ 25
Event: 43.171 Thread 0x00007feff28eb000 Uncommon trap: reason=unstable_if action=reinterpret pc=0x000000010e941350 method=de.fhpotsdam.unfolding.marker.SimplePointMarker.isInside(FFFF)Z @ 31
Event: 44.821 Thread 0x00007feff28eb000 Uncommon trap: reason=unstable_if action=reinterpret pc=0x000000010ea0cb28 method=com.jogamp.common.util.VersionNumber.compareTo(Lcom/jogamp/common/util/VersionNumber;)I @ 21
Event: 44.832 Thread 0x00007feff31f9000 Uncommon trap: reason=unstable_if action=reinterpret pc=0x000000010ed7b9c4 method=java.util.HashMap.putVal(ILjava/lang/Object;Ljava/lang/Object;ZZ)Ljava/lang/Object; @ 81
Event: 44.832 Thread 0x00007feff31f9000 Uncommon trap: reason=unstable_if action=reinterpret pc=0x000000010ed4031c method=java.util.HashMap.putVal(ILjava/lang/Object;Ljava/lang/Object;ZZ)Ljava/lang/Object; @ 81
Event: 44.853 Thread 0x00007feff28eb000 Uncommon trap: reason=unstable_if action=reinterpret pc=0x000000010efd57d4 method=java.security.AccessControlContext.optimize()Ljava/security/AccessControlContext; @ 233
Event: 44.854 Thread 0x00007feff2174000 Uncommon trap: reason=unstable_if action=reinterpret pc=0x000000010eecfd94 method=java.awt.Font.equals(Ljava/lang/Object;)Z @ 2

Internal exceptions (10 events):
Event: 0.186 Thread 0x00007feff2806000 Exception <a 'java/lang/NoSuchFieldError': method resolution failed> (0x00000007aacbe988) thrown at [/Users/java_re/workspace/8-2-build-macosx-x86_64/jdk8u77/6540/hotspot/src/share/vm/prims/methodHandles.cpp, line 1146]
Event: 0.353 Thread 0x00007feff2806000 Exception <a 'java/io/FileNotFoundException'> (0x00000007aad3a6c0) thrown at [/Users/java_re/workspace/8-2-build-macosx-x86_64/jdk8u77/6540/hotspot/src/share/vm/prims/jni.cpp, line 709]
Event: 0.353 Thread 0x00007feff2806000 Exception <a 'java/io/FileNotFoundException'> (0x00000007aad3b208) thrown at [/Users/java_re/workspace/8-2-build-macosx-x86_64/jdk8u77/6540/hotspot/src/share/vm/prims/jni.cpp, line 709]
Event: 0.483 Thread 0x00007feff2806000 Exception <a 'java/io/FileNotFoundException'> (0x00000007aae21ff0) thrown at [/Users/java_re/workspace/8-2-build-macosx-x86_64/jdk8u77/6540/hotspot/src/share/vm/prims/jni.cpp, line 709]
Event: 2.445 Thread 0x00007feff300f000 Exception <a 'java/lang/NullPointerException'> (0x00000007aab84890) thrown at [/Users/java_re/workspace/8-2-build-macosx-x86_64/jdk8u77/6540/hotspot/src/share/vm/interpreter/linkResolver.cpp, line 1178]
Event: 2.543 Thread 0x00007feff28e8000 Exception <a 'java/lang/UnsatisfiedLinkError': com.jogamp.common.util.JarUtil.fixNativeLibAttribs(Ljava/lang/String;)Z> (0x00000007aaf4deb0) thrown at [/Users/java_re/workspace/8-2-build-macosx-x86_64/jdk8u77/6540/hotspot/src/share/vm/prims/nativeLookup.c
Event: 3.469 Thread 0x00007feff28eb000 Exception <a 'java/io/FileNotFoundException'> (0x00000007ab151d30) thrown at [/Users/java_re/workspace/8-2-build-macosx-x86_64/jdk8u77/6540/hotspot/src/share/vm/prims/jni.cpp, line 709]
Event: 3.470 Thread 0x00007feff28eb000 Exception <a 'java/io/FileNotFoundException'> (0x00000007ab157f88) thrown at [/Users/java_re/workspace/8-2-build-macosx-x86_64/jdk8u77/6540/hotspot/src/share/vm/prims/jni.cpp, line 709]
Event: 3.470 Thread 0x00007feff28eb000 Implicit null exception at 0x000000010e9a3075 to 0x000000010e9a3401
Event: 43.171 Thread 0x00007feff28eb000 Exception <a 'java/lang/ClassCastException': java.lang.String cannot be cast to module6.EarthquakeMarker> (0x00000007afe20200) thrown at [/Users/java_re/workspace/8-2-build-macosx-x86_64/jdk8u77/6540/hotspot/src/share/vm/interpreter/interpreterRuntime.cpp

Events (10 events):
Event: 44.853 loading class java/awt/event/AWTEventListenerProxy
Event: 44.853 loading class java/awt/event/AWTEventListenerProxy done
Event: 44.853 loading class java/awt/Toolkit$ToolkitEventMulticaster
Event: 44.853 loading class java/awt/Toolkit$ToolkitEventMulticaster done
Event: 44.854 loading class java/awt/Window$1DisposeAction
Event: 44.854 Thread 0x00007feff31f9000 Thread exited: 0x00007feff31f9000
Event: 44.854 loading class java/awt/Window$1DisposeAction done
Event: 44.854 Thread 0x00007feff2174000 Uncommon trap: trap_request=0xffffff65 fr.pc=0x000000010eecfd94
Event: 44.854 Thread 0x00007feff2174000 DEOPT PACKING pc=0x000000010eecfd94 sp=0x000070000175f380
Event: 44.854 Thread 0x00007feff2174000 DEOPT UNPACKING pc=0x000000010e805229 sp=0x000070000175f348 mode 2


Dynamic libraries:
0x000000000b85e000 	/System/Library/Frameworks/Cocoa.framework/Versions/A/Cocoa
0x000000000b85e000 	/System/Library/Frameworks/Security.framework/Versions/A/Security
0x000000000b85e000 	/System/Library/Frameworks/ApplicationServices.framework/Versions/A/ApplicationServices
0x000000000b85e000 	/usr/lib/libz.1.dylib
0x000000000b85e000 	/usr/lib/libSystem.B.dylib
0x000000000b85e000 	/usr/lib/libobjc.A.dylib
0x000000000b85e000 	/System/Library/Frameworks/CoreFoundation.framework/Versions/A/CoreFoundation
0x000000000b85e000 	/System/Library/Frameworks/Foundation.framework/Versions/C/Foundation
0x000000000b85e000 	/System/Library/Frameworks/AppKit.framework/Versions/C/AppKit
0x000000000b85e000 	/System/Library/Frameworks/CoreData.framework/Versions/A/CoreData
0x000000000b85e000 	/System/Library/PrivateFrameworks/RemoteViewServices.framework/Versions/A/RemoteViewServices
0x000000000b85e000 	/System/Library/PrivateFrameworks/UIFoundation.framework/Versions/A/UIFoundation
0x000000000b85e000 	/usr/lib/libScreenReader.dylib
0x000000000b85e000 	/System/Library/Frameworks/Accelerate.framework/Versions/A/Accelerate
0x000000000b85e000 	/System/Library/Frameworks/IOSurface.framework/Versions/A/IOSurface
0x000000000b85e000 	/System/Library/Frameworks/AudioToolbox.framework/Versions/A/AudioToolbox
0x000000000b85e000 	/System/Library/Frameworks/AudioUnit.framework/Versions/A/AudioUnit
0x000000000b85e000 	/System/Library/PrivateFrameworks/DataDetectorsCore.framework/Versions/A/DataDetectorsCore
0x000000000b85e000 	/System/Library/PrivateFrameworks/DesktopServicesPriv.framework/Versions/A/DesktopServicesPriv
0x000000000b85e000 	/System/Library/Frameworks/Carbon.framework/Versions/A/Frameworks/HIToolbox.framework/Versions/A/HIToolbox
0x000000000b85e000 	/System/Library/Frameworks/QuartzCore.framework/Versions/A/QuartzCore
0x000000000b85e000 	/System/Library/Frameworks/Carbon.framework/Versions/A/Frameworks/SpeechRecognition.framework/Versions/A/SpeechRecognition
0x000000000b85e000 	/usr/lib/libauto.dylib
0x000000000b85e000 	/usr/lib/libicucore.A.dylib
0x000000000b85e000 	/usr/lib/libxml2.2.dylib
0x000000000b85e000 	/System/Library/PrivateFrameworks/CoreUI.framework/Versions/A/CoreUI
0x000000000b85e000 	/System/Library/Frameworks/CoreAudio.framework/Versions/A/CoreAudio
0x000000000b85e000 	/System/Library/Frameworks/DiskArbitration.framework/Versions/A/DiskArbitration
0x000000000b85e000 	/usr/lib/liblangid.dylib
0x000000000b85e000 	/System/Library/PrivateFrameworks/MultitouchSupport.framework/Versions/A/MultitouchSupport
0x000000000b85e000 	/System/Library/Frameworks/IOKit.framework/Versions/A/IOKit
0x000000000b85e000 	/usr/lib/libDiagnosticMessagesClient.dylib
0x000000000b85e000 	/System/Library/Frameworks/CoreServices.framework/Versions/A/CoreServices
0x000000000b85e000 	/System/Library/PrivateFrameworks/PerformanceAnalysis.framework/Versions/A/PerformanceAnalysis
0x000000000b85e000 	/System/Library/PrivateFrameworks/GenerationalStorage.framework/Versions/A/GenerationalStorage
0x000000000b85e000 	/System/Library/Frameworks/OpenGL.framework/Versions/A/OpenGL
0x000000000b85e000 	/System/Library/PrivateFrameworks/Sharing.framework/Versions/A/Sharing
0x000000000b85e000 	/System/Library/Frameworks/CoreGraphics.framework/Versions/A/CoreGraphics
0x000000000b85e000 	/System/Library/Frameworks/CoreImage.framework/Versions/A/CoreImage
0x000000000b85e000 	/System/Library/Frameworks/CoreText.framework/Versions/A/CoreText
0x000000000b85e000 	/System/Library/Frameworks/ImageIO.framework/Versions/A/ImageIO
0x000000000b85e000 	/System/Library/PrivateFrameworks/Backup.framework/Versions/A/Backup
0x000000000b85e000 	/usr/lib/libextension.dylib
0x000000000b85e000 	/usr/lib/libarchive.2.dylib
0x000000000b85e000 	/System/Library/Frameworks/CFNetwork.framework/Versions/A/CFNetwork
0x000000000b85e000 	/System/Library/Frameworks/SystemConfiguration.framework/Versions/A/SystemConfiguration
0x000000000b85e000 	/usr/lib/libCRFSuite.dylib
0x000000000b85e000 	/usr/lib/libc++.1.dylib
0x000000000b85e000 	/usr/lib/libc++abi.dylib
0x000000000b85e000 	/usr/lib/system/libcache.dylib
0x000000000b85e000 	/usr/lib/system/libcommonCrypto.dylib
0x000000000b85e000 	/usr/lib/system/libcompiler_rt.dylib
0x000000000b85e000 	/usr/lib/system/libcopyfile.dylib
0x000000000b85e000 	/usr/lib/system/libcorecrypto.dylib
0x000000000b85e000 	/usr/lib/system/libdispatch.dylib
0x000000000b85e000 	/usr/lib/system/libdyld.dylib
0x000000000b85e000 	/usr/lib/system/libkeymgr.dylib
0x000000000b85e000 	/usr/lib/system/liblaunch.dylib
0x000000000b85e000 	/usr/lib/system/libmacho.dylib
0x000000000b85e000 	/usr/lib/system/libquarantine.dylib
0x000000000b85e000 	/usr/lib/system/libremovefile.dylib
0x000000000b85e000 	/usr/lib/system/libsystem_asl.dylib
0x000000000b85e000 	/usr/lib/system/libsystem_blocks.dylib
0x000000000b85e000 	/usr/lib/system/libsystem_c.dylib
0x000000000b85e000 	/usr/lib/system/libsystem_configuration.dylib
0x000000000b85e000 	/usr/lib/system/libsystem_coreservices.dylib
0x000000000b85e000 	/usr/lib/system/libsystem_coretls.dylib
0x000000000b85e000 	/usr/lib/system/libsystem_dnssd.dylib
0x000000000b85e000 	/usr/lib/system/libsystem_info.dylib
0x000000000b85e000 	/usr/lib/system/libsystem_kernel.dylib
0x000000000b85e000 	/usr/lib/system/libsystem_m.dylib
0x000000000b85e000 	/usr/lib/system/libsystem_malloc.dylib
0x000000000b85e000 	/usr/lib/system/libsystem_network.dylib
0x000000000b85e000 	/usr/lib/system/libsystem_networkextension.dylib
0x000000000b85e000 	/usr/lib/system/libsystem_notify.dylib
0x000000000b85e000 	/usr/lib/system/libsystem_platform.dylib
0x000000000b85e000 	/usr/lib/system/libsystem_pthread.dylib
0x000000000b85e000 	/usr/lib/system/libsystem_sandbox.dylib
0x000000000b85e000 	/usr/lib/system/libsystem_secinit.dylib
0x000000000b85e000 	/usr/lib/system/libsystem_trace.dylib
0x000000000b85e000 	/usr/lib/system/libunc.dylib
0x000000000b85e000 	/usr/lib/system/libunwind.dylib
0x000000000b85e000 	/usr/lib/system/libxpc.dylib
0x000000000b85e000 	/usr/lib/libenergytrace.dylib
0x000000000b85e000 	/usr/lib/libbsm.0.dylib
0x000000000b85e000 	/usr/lib/system/libkxld.dylib
0x000000000b85e000 	/usr/lib/libxar.1.dylib
0x000000000b85e000 	/usr/lib/libsqlite3.dylib
0x000000000b85e000 	/usr/lib/libpam.2.dylib
0x000000000b85e000 	/usr/lib/libOpenScriptingUtil.dylib
0x000000000b85e000 	/usr/lib/libbz2.1.0.dylib
0x000000000b85e000 	/usr/lib/liblzma.5.dylib
0x000000000b85e000 	/System/Library/Frameworks/CoreServices.framework/Versions/A/Frameworks/FSEvents.framework/Versions/A/FSEvents
0x000000000b85e000 	/System/Library/Frameworks/CoreServices.framework/Versions/A/Frameworks/CarbonCore.framework/Versions/A/CarbonCore
0x000000000b85e000 	/System/Library/Frameworks/CoreServices.framework/Versions/A/Frameworks/Metadata.framework/Versions/A/Metadata
0x000000000b85e000 	/System/Library/Frameworks/CoreServices.framework/Versions/A/Frameworks/OSServices.framework/Versions/A/OSServices
0x000000000b85e000 	/System/Library/Frameworks/CoreServices.framework/Versions/A/Frameworks/SearchKit.framework/Versions/A/SearchKit
0x000000000b85e000 	/System/Library/Frameworks/CoreServices.framework/Versions/A/Frameworks/AE.framework/Versions/A/AE
0x000000000b85e000 	/System/Library/Frameworks/CoreServices.framework/Versions/A/Frameworks/LaunchServices.framework/Versions/A/LaunchServices
0x000000000b85e000 	/System/Library/Frameworks/CoreServices.framework/Versions/A/Frameworks/DictionaryServices.framework/Versions/A/DictionaryServices
0x000000000b85e000 	/System/Library/Frameworks/CoreServices.framework/Versions/A/Frameworks/SharedFileList.framework/Versions/A/SharedFileList
0x000000000b85e000 	/System/Library/Frameworks/NetFS.framework/Versions/A/NetFS
0x000000000b85e000 	/System/Library/PrivateFrameworks/NetAuth.framework/Versions/A/NetAuth
0x000000000b85e000 	/System/Library/PrivateFrameworks/login.framework/Versions/A/Frameworks/loginsupport.framework/Versions/A/loginsupport
0x000000000b85e000 	/System/Library/PrivateFrameworks/TCC.framework/Versions/A/TCC
0x000000000b85e000 	/usr/lib/libmecabra.dylib
0x000000000b85e000 	/System/Library/Frameworks/ApplicationServices.framework/Versions/A/Frameworks/ATS.framework/Versions/A/ATS
0x000000000b85e000 	/System/Library/Frameworks/ApplicationServices.framework/Versions/A/Frameworks/ColorSync.framework/Versions/A/ColorSync
0x000000000b85e000 	/System/Library/Frameworks/ApplicationServices.framework/Versions/A/Frameworks/HIServices.framework/Versions/A/HIServices
0x000000000b85e000 	/System/Library/Frameworks/ApplicationServices.framework/Versions/A/Frameworks/LangAnalysis.framework/Versions/A/LangAnalysis
0x000000000b85e000 	/System/Library/Frameworks/ApplicationServices.framework/Versions/A/Frameworks/PrintCore.framework/Versions/A/PrintCore
0x000000000b85e000 	/System/Library/Frameworks/ApplicationServices.framework/Versions/A/Frameworks/QD.framework/Versions/A/QD
0x000000000b85e000 	/System/Library/Frameworks/ApplicationServices.framework/Versions/A/Frameworks/SpeechSynthesis.framework/Versions/A/SpeechSynthesis
0x000000000b85e000 	/System/Library/Frameworks/Metal.framework/Versions/A/Metal
0x000000000b85e000 	/System/Library/Frameworks/Accelerate.framework/Versions/A/Frameworks/vImage.framework/Versions/A/vImage
0x000000000b85e000 	/System/Library/Frameworks/Accelerate.framework/Versions/A/Frameworks/vecLib.framework/Versions/A/vecLib
0x000000000b85e000 	/System/Library/Frameworks/Accelerate.framework/Versions/A/Frameworks/vecLib.framework/Versions/A/libvDSP.dylib
0x000000000b85e000 	/System/Library/Frameworks/Accelerate.framework/Versions/A/Frameworks/vecLib.framework/Versions/A/libvMisc.dylib
0x000000000b85e000 	/System/Library/Frameworks/Accelerate.framework/Versions/A/Frameworks/vecLib.framework/Versions/A/libLAPACK.dylib
0x000000000b85e000 	/System/Library/Frameworks/Accelerate.framework/Versions/A/Frameworks/vecLib.framework/Versions/A/libBLAS.dylib
0x000000000b85e000 	/System/Library/Frameworks/Accelerate.framework/Versions/A/Frameworks/vecLib.framework/Versions/A/libLinearAlgebra.dylib
0x000000000b85e000 	/System/Library/Frameworks/Accelerate.framework/Versions/A/Frameworks/vecLib.framework/Versions/A/libSparseBLAS.dylib
0x000000000b85e000 	/System/Library/PrivateFrameworks/GPUCompiler.framework/libmetal_timestamp.dylib
0x000000000b85e000 	/System/Library/Frameworks/OpenGL.framework/Versions/A/Libraries/libCoreFSCache.dylib
0x000000000b85e000 	/System/Library/PrivateFrameworks/IOAccelerator.framework/Versions/A/IOAccelerator
0x000000000b85e000 	/System/Library/Frameworks/ApplicationServices.framework/Versions/A/Frameworks/ATS.framework/Versions/A/Resources/libFontParser.dylib
0x000000000b85e000 	/System/Library/Frameworks/ApplicationServices.framework/Versions/A/Frameworks/ATS.framework/Versions/A/Resources/libFontRegistry.dylib
0x000000000b85e000 	/System/Library/PrivateFrameworks/AppleVPA.framework/Versions/A/AppleVPA
0x000000000b85e000 	/System/Library/PrivateFrameworks/AppleJPEG.framework/Versions/A/AppleJPEG
0x000000000b85e000 	/System/Library/Frameworks/ImageIO.framework/Versions/A/Resources/libJPEG.dylib
0x000000000b85e000 	/System/Library/Frameworks/ImageIO.framework/Versions/A/Resources/libTIFF.dylib
0x000000000b85e000 	/System/Library/Frameworks/ImageIO.framework/Versions/A/Resources/libPng.dylib
0x000000000b85e000 	/System/Library/Frameworks/ImageIO.framework/Versions/A/Resources/libGIF.dylib
0x000000000b85e000 	/System/Library/Frameworks/ImageIO.framework/Versions/A/Resources/libJP2.dylib
0x000000000b85e000 	/System/Library/Frameworks/ImageIO.framework/Versions/A/Resources/libRadiance.dylib
0x000000000b85e000 	/System/Library/Frameworks/CoreVideo.framework/Versions/A/CoreVideo
0x000000000b85e000 	/System/Library/Frameworks/OpenGL.framework/Versions/A/Libraries/libGLU.dylib
0x000000000b85e000 	/System/Library/Frameworks/OpenGL.framework/Versions/A/Libraries/libGFXShared.dylib
0x000000000b85e000 	/System/Library/Frameworks/OpenGL.framework/Versions/A/Libraries/libGL.dylib
0x000000000b85e000 	/System/Library/Frameworks/OpenGL.framework/Versions/A/Libraries/libGLImage.dylib
0x000000000b85e000 	/System/Library/Frameworks/OpenGL.framework/Versions/A/Libraries/libCVMSPluginSupport.dylib
0x000000000b85e000 	/System/Library/Frameworks/OpenGL.framework/Versions/A/Libraries/libCoreVMClient.dylib
0x000000000b85e000 	/usr/lib/libcompression.dylib
0x000000000b85e000 	/usr/lib/libcups.2.dylib
0x000000000b85e000 	/System/Library/Frameworks/Kerberos.framework/Versions/A/Kerberos
0x000000000b85e000 	/System/Library/Frameworks/GSS.framework/Versions/A/GSS
0x000000000b85e000 	/usr/lib/libresolv.9.dylib
0x000000000b85e000 	/usr/lib/libiconv.2.dylib
0x000000000b85e000 	/System/Library/PrivateFrameworks/Heimdal.framework/Versions/A/Heimdal
0x000000000b85e000 	/usr/lib/libheimdal-asn1.dylib
0x000000000b85e000 	/System/Library/Frameworks/OpenDirectory.framework/Versions/A/OpenDirectory
0x000000000b85e000 	/System/Library/PrivateFrameworks/CommonAuth.framework/Versions/A/CommonAuth
0x000000000b85e000 	/System/Library/Frameworks/OpenDirectory.framework/Versions/A/Frameworks/CFOpenDirectory.framework/Versions/A/CFOpenDirectory
0x000000000b85e000 	/System/Library/Frameworks/SecurityFoundation.framework/Versions/A/SecurityFoundation
0x000000000b85e000 	/System/Library/PrivateFrameworks/LanguageModeling.framework/Versions/A/LanguageModeling
0x000000000b85e000 	/usr/lib/libmarisa.dylib
0x000000000b85e000 	/usr/lib/libChineseTokenizer.dylib
0x000000000b85e000 	/usr/lib/libcmph.dylib
0x000000000b85e000 	/System/Library/Frameworks/ServiceManagement.framework/Versions/A/ServiceManagement
0x000000000b85e000 	/usr/lib/libxslt.1.dylib
0x000000000b85e000 	/System/Library/Frameworks/Carbon.framework/Versions/A/Frameworks/Ink.framework/Versions/A/Ink
0x000000000b85e000 	/usr/lib/libFosl_dynamic.dylib
0x000000000b85e000 	/System/Library/PrivateFrameworks/FaceCore.framework/Versions/A/FaceCore
0x000000000b85e000 	/System/Library/Frameworks/OpenCL.framework/Versions/A/OpenCL
0x000000000b85e000 	/System/Library/PrivateFrameworks/CrashReporterSupport.framework/Versions/A/CrashReporterSupport
0x000000000b85e000 	/System/Library/PrivateFrameworks/IconServices.framework/Versions/A/IconServices
0x000000000b85e000 	/System/Library/PrivateFrameworks/Apple80211.framework/Versions/A/Apple80211
0x000000000b85e000 	/System/Library/Frameworks/CoreWLAN.framework/Versions/A/CoreWLAN
0x000000000b85e000 	/System/Library/Frameworks/IOBluetooth.framework/Versions/A/IOBluetooth
0x000000000b85e000 	/System/Library/PrivateFrameworks/CoreWiFi.framework/Versions/A/CoreWiFi
0x000000000b85e000 	/System/Library/Frameworks/CoreBluetooth.framework/Versions/A/CoreBluetooth
0x000000000b85e000 	/System/Library/PrivateFrameworks/ChunkingLibrary.framework/Versions/A/ChunkingLibrary
0x000000000b85e000 	/System/Library/PrivateFrameworks/DebugSymbols.framework/Versions/A/DebugSymbols
0x000000000b85e000 	/System/Library/PrivateFrameworks/CoreSymbolication.framework/Versions/A/CoreSymbolication
0x000000000b85e000 	/System/Library/PrivateFrameworks/Symbolication.framework/Versions/A/Symbolication
0x000000000b85e000 	/System/Library/PrivateFrameworks/SpeechRecognitionCore.framework/Versions/A/SpeechRecognitionCore
0x000000010cf5c000 	/Library/Java/JavaVirtualMachines/jdk1.8.0_77.jdk/Contents/Home/jre/lib/server/libjvm.dylib
0x000000000b85e000 	/usr/lib/libstdc++.6.dylib
0x000000010deeb000 	/Library/Java/JavaVirtualMachines/jdk1.8.0_77.jdk/Contents/Home/jre/lib/libverify.dylib
0x000000010def9000 	/Library/Java/JavaVirtualMachines/jdk1.8.0_77.jdk/Contents/Home/jre/lib/libjava.dylib
0x000000010df38000 	/Library/Java/JavaVirtualMachines/jdk1.8.0_77.jdk/Contents/Home/jre/lib/libzip.dylib
0x0000000121b42000 	/System/Library/Frameworks/JavaVM.framework/Frameworks/JavaRuntimeSupport.framework/JavaRuntimeSupport
0x0000000121b5d000 	/System/Library/Frameworks/JavaVM.framework/Versions/A/Frameworks/JavaNativeFoundation.framework/Versions/A/JavaNativeFoundation
0x0000000121b72000 	/System/Library/Frameworks/JavaVM.framework/Versions/A/JavaVM
0x000000000b85e000 	/System/Library/Frameworks/Carbon.framework/Versions/A/Carbon
0x0000000121b7f000 	/System/Library/PrivateFrameworks/JavaLaunching.framework/Versions/A/JavaLaunching
0x000000000b85e000 	/System/Library/Frameworks/Carbon.framework/Versions/A/Frameworks/CommonPanels.framework/Versions/A/CommonPanels
0x000000000b85e000 	/System/Library/Frameworks/Carbon.framework/Versions/A/Frameworks/Help.framework/Versions/A/Help
0x000000000b85e000 	/System/Library/Frameworks/Carbon.framework/Versions/A/Frameworks/ImageCapture.framework/Versions/A/ImageCapture
0x000000000b85e000 	/System/Library/Frameworks/Carbon.framework/Versions/A/Frameworks/OpenScripting.framework/Versions/A/OpenScripting
0x000000000b85e000 	/System/Library/Frameworks/Carbon.framework/Versions/A/Frameworks/Print.framework/Versions/A/Print
0x000000000b85e000 	/System/Library/Frameworks/Carbon.framework/Versions/A/Frameworks/SecurityHI.framework/Versions/A/SecurityHI
0x00000001234a1000 	/Library/Java/JavaVirtualMachines/jdk1.8.0_77.jdk/Contents/Home/jre/lib/libawt.dylib
0x0000000123549000 	/Library/Java/JavaVirtualMachines/jdk1.8.0_77.jdk/Contents/Home/jre/lib/./libmlib_image.dylib
0x0000000123615000 	/Library/Java/JavaVirtualMachines/jdk1.8.0_77.jdk/Contents/Home/jre/lib/libawt_lwawt.dylib
0x00000001236ca000 	/Library/Java/JavaVirtualMachines/jdk1.8.0_77.jdk/Contents/Home/jre/lib/./libosxapp.dylib
0x000000000b85e000 	/System/Library/Frameworks/ExceptionHandling.framework/Versions/A/ExceptionHandling
0x000000000b85e000 	/System/Library/PrivateFrameworks/CoreServicesInternal.framework/Versions/A/CoreServicesInternal
0x000000000b85e000 	/System/Library/Frameworks/CoreGraphics.framework/Versions/A/Resources/libRIP.A.dylib
0x000000000b85e000 	/System/Library/Frameworks/Accelerate.framework/Versions/A/Frameworks/vImage.framework/Versions/A/Libraries/libCGInterfaces.dylib
0x000000000b85e000 	/System/Library/Frameworks/CoreGraphics.framework/Versions/A/Resources/libCGXType.A.dylib
0x000000000b85e000 	/System/Library/Frameworks/OpenCL.framework/Versions/A/Libraries/libcldcpuengine.dylib
0x000000000b85e000 	/System/Library/PrivateFrameworks/DiskImages.framework/Versions/A/DiskImages
0x000000000b85e000 	/System/Library/Frameworks/DiscRecording.framework/Versions/A/DiscRecording
0x000000000b85e000 	/usr/lib/libcsfde.dylib
0x000000000b85e000 	/usr/lib/libcurl.4.dylib
0x000000000b85e000 	/System/Library/PrivateFrameworks/MediaKit.framework/Versions/A/MediaKit
0x000000000b85e000 	/System/Library/PrivateFrameworks/ProtectedCloudStorage.framework/Versions/A/ProtectedCloudStorage
0x000000000b85e000 	/usr/lib/libCoreStorage.dylib
0x000000000b85e000 	/System/Library/PrivateFrameworks/EFILogin.framework/Versions/A/EFILogin
0x000000000b85e000 	/usr/lib/libutil.dylib
0x000000000b85e000 	/System/Library/PrivateFrameworks/FindMyDevice.framework/Versions/A/FindMyDevice
0x000000000b85e000 	/System/Library/Frameworks/LDAP.framework/Versions/A/LDAP
0x000000000b85e000 	/usr/lib/libsasl2.2.dylib
0x000000000b85e000 	/System/Library/PrivateFrameworks/CoreDaemon.framework/Versions/B/CoreDaemon
0x000000000b85e000 	/usr/lib/libcrypto.0.9.8.dylib
0x000000000b85e000 	/System/Library/PrivateFrameworks/AppleSRP.framework/Versions/A/AppleSRP
0x000000000b85e000 	/System/Library/PrivateFrameworks/TrustEvaluationAgent.framework/Versions/A/TrustEvaluationAgent
0x00000001249d5000 	cl_kernels
0x000000000b85e000 	/System/Library/Frameworks/OpenCL.framework/Versions/A/Libraries/ImageFormats/unorm8_bgra.dylib
0x000000000b85e000 	/System/Library/Frameworks/OpenCL.framework/Versions/A/Libraries/ImageFormats/unorm8_rgba.dylib
0x000000000b85e000 	/System/Library/PrivateFrameworks/FamilyControls.framework/Versions/A/FamilyControls
0x000000000b85e000 	/System/Library/PrivateFrameworks/CommerceKit.framework/Versions/A/Frameworks/CommerceCore.framework/Versions/A/CommerceCore
0x000000000b85e000 	/System/Library/PrivateFrameworks/SystemAdministration.framework/Versions/A/SystemAdministration
0x000000000b85e000 	/System/Library/PrivateFrameworks/AppContainer.framework/Versions/A/AppContainer
0x000000000b85e000 	/System/Library/PrivateFrameworks/SecCodeWrapper.framework/Versions/A/SecCodeWrapper
0x000000000b85e000 	/System/Library/Frameworks/DirectoryService.framework/Versions/A/DirectoryService
0x000000000b85e000 	/System/Library/PrivateFrameworks/LoginUIKit.framework/Versions/A/Frameworks/LoginUICore.framework/Versions/A/LoginUICore
0x000000000b85e000 	/usr/lib/libodfde.dylib
0x000000000b85e000 	/System/Library/Frameworks/OpenGL.framework/Versions/A/Resources/GLEngine.bundle/GLEngine
0x000000000b85e000 	/System/Library/Frameworks/OpenGL.framework/Versions/A/Libraries/libGLProgrammability.dylib
0x0000000125e8f000 	/System/Library/Extensions/AppleIntelHD5000GraphicsGLDriver.bundle/Contents/MacOS/AppleIntelHD5000GraphicsGLDriver
0x000000000b85e000 	/System/Library/PrivateFrameworks/GPUSupport.framework/Versions/A/Libraries/libGPUSupportMercury.dylib
0x000000000b85e000 	/System/Library/Frameworks/OpenGL.framework/Versions/A/Resources/GLRendererFloat.bundle/GLRendererFloat
0x0000000126e87000 	/Library/Java/JavaVirtualMachines/jdk1.8.0_77.jdk/Contents/Home/jre/lib/libfontmanager.dylib
0x0000000128327000 	/Library/Java/JavaVirtualMachines/jdk1.8.0_77.jdk/Contents/Home/jre/lib/libosxui.dylib
0x0000000129044000 	/Library/Java/JavaVirtualMachines/jdk1.8.0_77.jdk/Contents/Home/jre/lib/libnet.dylib
0x0000000128e8a000 	/Library/Java/JavaVirtualMachines/jdk1.8.0_77.jdk/Contents/Home/jre/lib/libnio.dylib
0x000000000b85e000 	/System/Library/Frameworks/ApplicationServices.framework/Versions/A/Frameworks/ATS.framework/Versions/A/Resources/libTrueTypeScaler.dylib
0x0000000181da0000 	/System/Library/Extensions/AppleIntelHD5000GraphicsMTLDriver.bundle/Contents/MacOS/AppleIntelHD5000GraphicsMTLDriver
0x0000000124406000 	/private/var/folders/vm/c6ql63410d962mlmgt4yhc5h0000gn/T/jogamp_0000/file_cache/jln4356718381073043716/jln7301842972834957593/libgluegen-rt.jnilib
0x000000012440b000 	/private/var/folders/vm/c6ql63410d962mlmgt4yhc5h0000gn/T/jogamp_0000/file_cache/jln4356718381073043716/jln7301842972834957593/libnativewindow_awt.jnilib
0x000000012440e000 	/Library/Java/JavaVirtualMachines/jdk1.8.0_77.jdk/Contents/Home/jre/lib/libjawt.dylib
0x0000000124411000 	/private/var/folders/vm/c6ql63410d962mlmgt4yhc5h0000gn/T/jogamp_0000/file_cache/jln4356718381073043716/jln7301842972834957593/libnativewindow_macosx.jnilib
0x0000000183ca5000 	/private/var/folders/vm/c6ql63410d962mlmgt4yhc5h0000gn/T/jogamp_0000/file_cache/jln4356718381073043716/jln7301842972834957593/libjogl_desktop.jnilib
0x000000018af61000 	/Library/Java/JavaVirtualMachines/jdk1.8.0_77.jdk/Contents/Home/jre/lib/libt2k.dylib

VM Arguments:
jvm_args: -Djava.security.policy=java.policy.applet -Dfile.encoding=UTF-8 
java_command: sun.applet.AppletViewer module6.EarthquakeCityMap1464467937055.html
java_class_path (initial): /Users/xingdu/Documents/workspace/UCSDUnfoldingMaps/build:/Users/xingdu/Documents/workspace/UCSDUnfoldingMaps/lib/core.jar:/Users/xingdu/Documents/workspace/UCSDUnfoldingMaps/lib/gluegen-rt.jar:/Users/xingdu/Documents/workspace/UCSDUnfoldingMaps/lib/jogl-all.jar:/Users/xingdu/Documents/workspace/UCSDUnfoldingMaps/lib/log4j-1.2.15.jar:/Users/xingdu/Documents/workspace/UCSDUnfoldingMaps/lib/sqlite-jdbc-3.7.2.jar:/Users/xingdu/Documents/workspace/UCSDUnfoldingMaps/lib/json4processing.jar:/Users/xingdu/Documents/workspace/UCSDUnfoldingMaps/lib/libTUIO.jar:/Users/xingdu/Documents/workspace/UCSDUnfoldingMaps/lib/unfolding.0.9.7-uscd.jar
Launcher Type: SUN_STANDARD

Environment Variables:
PATH=/usr/bin:/bin:/usr/sbin:/sbin
SHELL=/bin/bash

Signal Handlers:
SIGSEGV: [libjvm.dylib+0x5a6855], sa_mask[0]=11111111011111110111111111111111, sa_flags=SA_ONSTACK|SA_RESTART|SA_SIGINFO
SIGBUS: [libjvm.dylib+0x5a6855], sa_mask[0]=11111111011111110111111111111111, sa_flags=SA_RESTART|SA_SIGINFO
SIGFPE: [libjvm.dylib+0x4804ec], sa_mask[0]=11111111011111110111111111111111, sa_flags=SA_RESTART|SA_SIGINFO
SIGPIPE: [libjvm.dylib+0x4804ec], sa_mask[0]=11111111011111110111111111111111, sa_flags=SA_RESTART|SA_SIGINFO
SIGXFSZ: [libjvm.dylib+0x4804ec], sa_mask[0]=11111111011111110111111111111111, sa_flags=SA_RESTART|SA_SIGINFO
SIGILL: [libjvm.dylib+0x4804ec], sa_mask[0]=11111111011111110111111111111111, sa_flags=SA_RESTART|SA_SIGINFO
SIGUSR1: SIG_DFL, sa_mask[0]=00000000000000000000000000000000, sa_flags=none
SIGUSR2: [libjvm.dylib+0x48000a], sa_mask[0]=00100000000000000000000000000000, sa_flags=SA_RESTART|SA_SIGINFO
SIGHUP: [libjvm.dylib+0x47e5e1], sa_mask[0]=11111111011111110111111111111111, sa_flags=SA_RESTART|SA_SIGINFO
SIGINT: [libjvm.dylib+0x47e5e1], sa_mask[0]=11111111011111110111111111111111, sa_flags=SA_RESTART|SA_SIGINFO
SIGTERM: [libjvm.dylib+0x47e5e1], sa_mask[0]=11111111011111110111111111111111, sa_flags=SA_RESTART|SA_SIGINFO
SIGQUIT: [libjvm.dylib+0x47e5e1], sa_mask[0]=11111111011111110111111111111111, sa_flags=SA_RESTART|SA_SIGINFO


---------------  S Y S T E M  ---------------

OS:Bsduname:Darwin 15.5.0 Darwin Kernel Version 15.5.0: Tue Apr 19 18:36:36 PDT 2016; root:xnu-3248.50.21~8/RELEASE_X86_64 x86_64
rlimit: STACK 8192k, CORE 0k, NPROC 709, NOFILE 10240, AS infinity
load average:2.13 2.37 2.42

CPU:total 4 (2 cores per cpu, 2 threads per core) family 6 model 69 stepping 1, cmov, cx8, fxsr, mmx, sse, sse2, sse3, ssse3, sse4.1, sse4.2, popcnt, avx, avx2, aes, clmul, erms, lzcnt, ht, tsc, tscinvbit, bmi1, bmi2

Memory: 4k page, physical 4194304k(86808k free)

/proc/meminfo:


vm_info: Java HotSpot(TM) 64-Bit Server VM (25.77-b03) for bsd-amd64 JRE (1.8.0_77-b03), built on Mar 20 2016 22:14:03 by "java_re" with gcc 4.2.1 (Based on Apple Inc. build 5658) (LLVM build 2336.11.00)

time: Sat May 28 16:39:41 2016
elapsed time: 44 seconds (0d 0h 0m 44s)

