#
# A fatal error has been detected by the Java Runtime Environment:
#
#  SIGSEGV (0xb) at pc=0x00007fffa133a4dd, pid=53712, tid=2571
#
# JRE version: Java(TM) SE Runtime Environment (8.0_77-b03) (build 1.8.0_77-b03)
# Java VM: Java HotSpot(TM) 64-Bit Server VM (25.77-b03 mixed mode bsd-amd64 compressed oops)
# Problematic frame:
# C  [libobjc.A.dylib+0x14dd]  objc_msgSend+0x1d
#
# Failed to write core dump. Core dumps have been disabled. To enable core dumping, try "ulimit -c unlimited" before starting Java again
#
# If you would like to submit a bug report, please visit:
#   http://bugreport.java.com/bugreport/crash.jsp
# The crash happened outside the Java Virtual Machine in native code.
# See problematic frame for where to report the bug.
#

---------------  T H R E A D  ---------------

Current thread (0x00007f8ee20c9800):  JavaThread "AWT-AppKit" daemon [_thread_in_native, id=2571, stack(0x00007fff5a875000,0x00007fff5b075000)]

siginfo: si_signo: 11 (SIGSEGV), si_code: 1 (SEGV_MAPERR), si_addr: 0x0000000000000018

Registers:
RAX=0x00007f8ee6433fd0, RBX=0x000000011c2c0450, RCX=0x000000011c1dc820, RDX=0x000000011c1dc500
RSP=0x00007fff5b070488, RBP=0x00007fff5b070540, RSI=0x00007fff97d1fcde, RDI=0x00007f8ee653dc10
R8 =0x0000000000000000, R9 =0x00000000000008b0, R10=0x00007fff97d1fcde, R11=0x0000000000000000
R12=0x0000000000000000, R13=0x000000017bc6bbe8, R14=0x000000011c2c0440, R15=0x00007f8ee20c9800
RIP=0x00007fffa133a4dd, EFLAGS=0x0000000000010246, ERR=0x0000000000000004
  TRAPNO=0x000000000000000e

Top of Stack: (sp=0x00007fff5b070488)
0x00007fff5b070488:   000000011c2be157 00007fff5b0704e0
0x00007fff5b070498:   0000000000000003 00007fff5b0704c0
0x00007fff5b0704a8:   00000001059f0b02 000000017bc6bbe8
0x00007fff5b0704b8:   000000017bc6bbe8 00007f8ee6433fd0
0x00007fff5b0704c8:   000000011c2c06a0 000000011c2c0710
0x00007fff5b0704d8:   00007fff7e09e770 00007fff7bc8c500
0x00007fff5b0704e8:   000000011c2c0450 000000011c2c0690
0x00007fff5b0704f8:   00007f8ee6433fd0 00007f8ee653dc10
0x00007fff5b070508:   00007f8ee1723860 00007f8ee6433fd0
0x00007fff5b070518:   00007f8ee653dc10 00007fff5b0705c0
0x00007fff5b070528:   00007f8ee20c99f8 000000017bc6bbe8
0x00007fff5b070538:   00007fff5b0705e8 00007fff5b0705b0
0x00007fff5b070548:   00000001067a4954 00007fff5b0705b0
0x00007fff5b070558:   00000001067a46d9 00000001067b0823
0x00007fff5b070568:   00000001067a46a2 00007fff5b070570
0x00007fff5b070578:   000000017bc6bbe8 00007fff5b0705e8
0x00007fff5b070588:   000000017bc6d398 0000000000000000
0x00007fff5b070598:   000000017bc6bbe8 0000000000000000
0x00007fff5b0705a8:   00007fff5b0705d0 00007fff5b070630
0x00007fff5b0705b8:   0000000106796c4d 0000000780667e40
0x00007fff5b0705c8:   000000010679e578 00007f8ee6433fd0
0x00007fff5b0705d8:   000000010679fdb9 00007f8ee653dc10
0x00007fff5b0705e8:   000000010679fd82 00007fff5b0705f0
0x00007fff5b0705f8:   000000017bc6bdb2 00007fff5b070658
0x00007fff5b070608:   000000017bc6d398 0000000000000000
0x00007fff5b070618:   000000017bc6bdc0 00007fff5b0705d0
0x00007fff5b070628:   00007fff5b070640 00007fff5b0706a0
0x00007fff5b070638:   0000000106796c4d 00007f8ee6433fd0
0x00007fff5b070648:   00000007805e10b8 00007f8ee653dc10
0x00007fff5b070658:   00000007805e10b8 00007fff5b070660
0x00007fff5b070668:   0000000182ebb17e 00007fff5b0706b0
0x00007fff5b070678:   0000000182ebb238 0000000000000000 

Instructions: (pc=0x00007fffa133a4dd)
0x00007fffa133a4bd:   44 00 00 48 85 ff 2e 74 62 40 f6 c7 01 2e 75 66
0x00007fffa133a4cd:   49 bb f8 ff ff ff ff 7f 00 00 4c 23 1f 49 89 f2
0x00007fffa133a4dd:   45 23 53 18 49 c1 e2 04 4d 03 53 10 49 3b 32 75
0x00007fffa133a4ed:   04 41 ff 62 08 49 83 3a 01 76 0d 49 83 c2 10 49 

Register to memory mapping:

RAX=0x00007f8ee6433fd0 is an unknown value
RBX=0x000000011c2c0450: Java_jogamp_nativewindow_macosx_OSXUtil_GetScreenRefreshRate0+0x1cf0 in /private/var/folders/vm/c6ql63410d962mlmgt4yhc5h0000gn/T/jogamp_0000/file_cache/jln2335463072575599736/jln3411848162015730299/libnativewindow_macosx.jnilib at 0x000000011c2b9000
RCX=0x000000011c1dc820 is an unknown value
RDX=0x000000011c1dc500 is an unknown value
RSP=0x00007fff5b070488 is pointing into the stack for thread: 0x00007f8ee20c9800
RBP=0x00007fff5b070540 is pointing into the stack for thread: 0x00007f8ee20c9800
RSI=0x00007fff97d1fcde is an unknown value
RDI=0x00007f8ee653dc10 is an unknown value
R8 =0x0000000000000000 is an unknown value
R9 =0x00000000000008b0 is an unknown value
R10=0x00007fff97d1fcde is an unknown value
R11=0x0000000000000000 is an unknown value
R12=0x0000000000000000 is an unknown value
R13={method} {0x000000017bc6bbe8} 'UnsetJAWTRootSurfaceLayer0' '(JJ)V' in 'jogamp/nativewindow/jawt/macosx/MacOSXJAWTWindow'
R14=0x000000011c2c0440: Java_jogamp_nativewindow_macosx_OSXUtil_GetScreenRefreshRate0+0x1ce0 in /private/var/folders/vm/c6ql63410d962mlmgt4yhc5h0000gn/T/jogamp_0000/file_cache/jln2335463072575599736/jln3411848162015730299/libnativewindow_macosx.jnilib at 0x000000011c2b9000
R15=0x00007f8ee20c9800 is a thread


Stack: [0x00007fff5a875000,0x00007fff5b075000],  sp=0x00007fff5b070488,  free space=8173k
Native frames: (J=compiled Java code, j=interpreted, Vv=VM code, C=native code)
C  [libobjc.A.dylib+0x14dd]  objc_msgSend+0x1d
j  jogamp.nativewindow.jawt.macosx.MacOSXJAWTWindow.UnsetJAWTRootSurfaceLayer0(JJ)V+0
j  jogamp.nativewindow.jawt.macosx.MacOSXJAWTWindow.access$200(JJ)V+2
j  jogamp.nativewindow.jawt.macosx.MacOSXJAWTWindow$1.run()V+38
j  com.jogamp.common.util.RunnableTask.run()V+24
v  ~StubRoutines::call_stub
V  [libjvm.dylib+0x2ea39e]  JavaCalls::call_helper(JavaValue*, methodHandle*, JavaCallArguments*, Thread*)+0x6ae
V  [libjvm.dylib+0x3214a7]  jni_invoke_nonstatic(JNIEnv_*, JavaValue*, _jobject*, JNICallType, _jmethodID*, JNI_ArgumentPusher*, Thread*)+0x2ec
V  [libjvm.dylib+0x313c7b]  jni_CallVoidMethod+0x16b
C  [libnativewindow_macosx.jnilib+0x5326]  Java_jogamp_nativewindow_jawt_macosx_MacOSXJAWTWindow_UnsetJAWTRootSurfaceLayer0+0x2b6
C  [Foundation+0x76fde]  __NSThreadPerformPerform+0x117
C  [CoreFoundation+0xaa881]  __CFRUNLOOP_IS_CALLING_OUT_TO_A_SOURCE0_PERFORM_FUNCTION__+0x11
C  [CoreFoundation+0x89f37]  __CFRunLoopDoSources0+0x1a7
C  [CoreFoundation+0x894df]  __CFRunLoopRun+0x39f
C  [CoreFoundation+0x88ed8]  CFRunLoopRunSpecific+0x128
C  [HIToolbox+0x30935]  RunCurrentEventLoopInMode+0xeb
C  [HIToolbox+0x30677]  ReceiveNextEventCommon+0xb8
C  [HIToolbox+0x305af]  _BlockUntilNextEventMatchingListInModeWithFilter+0x47
C  [AppKit+0x48df6]  _DPSNextEvent+0x42b
C  [AppKit+0x48226]  -[NSApplication _nextEventMatchingEventMask:untilDate:inMode:dequeue:]+0x1c6
C  [libosxapp.dylib+0x23aa]  -[NSApplicationAWT nextEventMatchingMask:untilDate:inMode:dequeue:]+0x7c
C  [AppKit+0x3cd80]  -[NSApplication run]+0x2aa
C  [libosxapp.dylib+0x214d]  +[NSApplicationAWT runAWTLoopWithApp:]+0x9c
C  [libawt_lwawt.dylib+0x4455b]  -[AWTStarter starter:]+0x389
C  [Foundation+0x76fde]  __NSThreadPerformPerform+0x117
C  [CoreFoundation+0xaa881]  __CFRUNLOOP_IS_CALLING_OUT_TO_A_SOURCE0_PERFORM_FUNCTION__+0x11
C  [CoreFoundation+0x89fbc]  __CFRunLoopDoSources0+0x22c
C  [CoreFoundation+0x894df]  __CFRunLoopRun+0x39f
C  [CoreFoundation+0x88ed8]  CFRunLoopRunSpecific+0x128
C  [java+0x6463]  CreateExecutionEnvironment+0x367
C  [java+0x21ac]  JLI_Launch+0x7a0
C  [java+0x84c0]  main+0x65
C  [java+0x1a04]  start+0x34
C  0x0000000000000007

Java frames: (J=compiled Java code, j=interpreted, Vv=VM code)
j  jogamp.nativewindow.jawt.macosx.MacOSXJAWTWindow.UnsetJAWTRootSurfaceLayer0(JJ)V+0
j  jogamp.nativewindow.jawt.macosx.MacOSXJAWTWindow.access$200(JJ)V+2
j  jogamp.nativewindow.jawt.macosx.MacOSXJAWTWindow$1.run()V+38
j  com.jogamp.common.util.RunnableTask.run()V+24
v  ~StubRoutines::call_stub

---------------  P R O C E S S  ---------------

Java Threads: ( => current thread )
  0x00007f8ee27f2800 JavaThread "Thread-161" [_thread_blocked, id=66943, stack(0x0000700000fc7000,0x00007000010c7000)]
  0x00007f8ee2da9800 JavaThread "Keep-Alive-Timer" daemon [_thread_blocked, id=66075, stack(0x0000700001e7d000,0x0000700001f7d000)]
  0x00007f8ee31e4800 JavaThread "AWT-EventQueue-1" [_thread_in_native, id=59687, stack(0x00007000018eb000,0x00007000019eb000)]
  0x00007f8ee1b77800 JavaThread "DestroyJavaVM" [_thread_blocked, id=5891, stack(0x000070000011a000,0x000070000021a000)]
  0x00007f8ee316a000 JavaThread "AWT-EventQueue-0" [_thread_blocked, id=54291, stack(0x00007000016e5000,0x00007000017e5000)]
  0x00007f8ee312c800 JavaThread "Java2D Disposer" daemon [_thread_blocked, id=51227, stack(0x000070000145c000,0x000070000155c000)]
  0x00007f8ee211e000 JavaThread "Java2D Queue Flusher" daemon [_thread_blocked, id=50187, stack(0x0000700001359000,0x0000700001459000)]
  0x00007f8ee2042000 JavaThread "AWT-Shutdown" [_thread_blocked, id=29979, stack(0x00007000011d3000,0x00007000012d3000)]
=>0x00007f8ee20c9800 JavaThread "AWT-AppKit" daemon [_thread_in_native, id=2571, stack(0x00007fff5a875000,0x00007fff5b075000)]
  0x00007f8ee3003000 JavaThread "Service Thread" daemon [_thread_blocked, id=18435, stack(0x0000700000dc1000,0x0000700000ec1000)]
  0x00007f8ee1864000 JavaThread "C1 CompilerThread2" daemon [_thread_blocked, id=17923, stack(0x0000700000cbe000,0x0000700000dbe000)]
  0x00007f8ee185b800 JavaThread "C2 CompilerThread1" daemon [_thread_blocked, id=17411, stack(0x0000700000bbb000,0x0000700000cbb000)]
  0x00007f8ee182e800 JavaThread "C2 CompilerThread0" daemon [_thread_blocked, id=16899, stack(0x0000700000ab8000,0x0000700000bb8000)]
  0x00007f8ee1834000 JavaThread "Signal Dispatcher" daemon [_thread_blocked, id=12815, stack(0x00007000009b5000,0x0000700000ab5000)]
  0x00007f8ee202a000 JavaThread "Finalizer" daemon [_thread_blocked, id=12291, stack(0x000070000082f000,0x000070000092f000)]
  0x00007f8ee2027000 JavaThread "Reference Handler" daemon [_thread_blocked, id=11779, stack(0x000070000072c000,0x000070000082c000)]

Other Threads:
  0x00007f8ee2022800 VMThread [stack: 0x0000700000629000,0x0000700000729000] [id=11267]
  0x00007f8ee2030000 WatcherThread [stack: 0x0000700000ec4000,0x0000700000fc4000] [id=18947]

VM state:not at safepoint (normal execution)

VM Mutex/Monitor currently owned by a thread: None

Heap:
 PSYoungGen      total 136192K, used 111449K [0x00000007aab00000, 0x00000007b6300000, 0x00000007c0000000)
  eden space 102912K, 75% used [0x00000007aab00000,0x00000007af759da8,0x00000007b0f80000)
  from space 33280K, 99% used [0x00000007b3580000,0x00000007b55fc830,0x00000007b5600000)
  to   space 38912K, 0% used [0x00000007b0f80000,0x00000007b0f80000,0x00000007b3580000)
 ParOldGen       total 76288K, used 28052K [0x0000000780000000, 0x0000000784a80000, 0x00000007aab00000)
  object space 76288K, 36% used [0x0000000780000000,0x0000000781b651d0,0x0000000784a80000)
 Metaspace       used 21390K, capacity 21623K, committed 21888K, reserved 1069056K
  class space    used 2068K, capacity 2144K, committed 2176K, reserved 1048576K

Card table byte_map: [0x0000000115b4f000,0x0000000115d50000] byte_map_base: 0x0000000111f4f000

Marking Bits: (ParMarkBitMap*) 0x00000001060e3ea0
 Begin Bits: [0x0000000115d50000, 0x0000000116d50000)
 End Bits:   [0x0000000116d50000, 0x0000000117d50000)

Polling page: 0x0000000104e4e000

CodeCache: size=245760Kb used=9305Kb max_used=9399Kb free=236454Kb
 bounds [0x000000010678f000, 0x00000001070cf000, 0x000000011578f000]
 total_blobs=3592 nmethods=2700 adapters=805
 compilation: enabled

Compilation events (10 events):
Event: 29.140 Thread 0x00007f8ee1864000 3215       3       java.awt.Component::dispatchEvent (6 bytes)
Event: 29.140 Thread 0x00007f8ee1864000 nmethod 3215 0x0000000106dcb710 code [0x0000000106dcb880, 0x0000000106dcba88]
Event: 29.146 Thread 0x00007f8ee1864000 3216       3       sun.java2d.SurfaceData::markDirty (8 bytes)
Event: 29.147 Thread 0x00007f8ee1864000 nmethod 3216 0x0000000106e8b4d0 code [0x0000000106e8b640, 0x0000000106e8b890]
Event: 29.151 Thread 0x00007f8ee1864000 3217       1       sun.java2d.SurfaceData::isValid (5 bytes)
Event: 29.151 Thread 0x00007f8ee1864000 nmethod 3217 0x0000000106d75590 code [0x0000000106d756e0, 0x0000000106d757f0]
Event: 29.160 Thread 0x00007f8ee1864000 3218       3       java.util.HashMap::putVal (300 bytes)
Event: 29.162 Thread 0x00007f8ee1864000 nmethod 3218 0x0000000106cf9ad0 code [0x0000000106cf9d40, 0x0000000106cfaff8]
Event: 29.165 Thread 0x00007f8ee1864000 3219   !   3       java.awt.AWTEvent::dispatched (47 bytes)
Event: 29.166 Thread 0x00007f8ee1864000 nmethod 3219 0x0000000106d9f650 code [0x0000000106d9f840, 0x0000000106da0278]

GC Heap History (10 events):
Event: 16.363 GC heap before
{Heap before GC invocations=16 (full 2):
 PSYoungGen      total 94720K, used 72442K [0x00000007aab00000, 0x00000007b3200000, 0x00000007c0000000)
  eden space 66560K, 100% used [0x00000007aab00000,0x00000007aec00000,0x00000007aec00000)
  from space 28160K, 20% used [0x00000007aec00000,0x00000007af1be9d0,0x00000007b0780000)
  to   space 27136K, 0% used [0x00000007b1780000,0x00000007b1780000,0x00000007b3200000)
 ParOldGen       total 76288K, used 24940K [0x0000000780000000, 0x0000000784a80000, 0x00000007aab00000)
  object space 76288K, 32% used [0x0000000780000000,0x000000078185b110,0x0000000784a80000)
 Metaspace       used 20926K, capacity 21175K, committed 21376K, reserved 1069056K
  class space    used 2059K, capacity 2144K, committed 2176K, reserved 1048576K
Event: 16.369 GC heap after
Heap after GC invocations=16 (full 2):
 PSYoungGen      total 103936K, used 8768K [0x00000007aab00000, 0x00000007b2d00000, 0x00000007c0000000)
  eden space 81920K, 0% used [0x00000007aab00000,0x00000007aab00000,0x00000007afb00000)
  from space 22016K, 39% used [0x00000007b1780000,0x00000007b2010230,0x00000007b2d00000)
  to   space 25600K, 0% used [0x00000007afb00000,0x00000007afb00000,0x00000007b1400000)
 ParOldGen       total 76288K, used 24948K [0x0000000780000000, 0x0000000784a80000, 0x00000007aab00000)
  object space 76288K, 32% used [0x0000000780000000,0x000000078185d110,0x0000000784a80000)
 Metaspace       used 20926K, capacity 21175K, committed 21376K, reserved 1069056K
  class space    used 2059K, capacity 2144K, committed 2176K, reserved 1048576K
}
Event: 17.922 GC heap before
{Heap before GC invocations=17 (full 2):
 PSYoungGen      total 103936K, used 90688K [0x00000007aab00000, 0x00000007b2d00000, 0x00000007c0000000)
  eden space 81920K, 100% used [0x00000007aab00000,0x00000007afb00000,0x00000007afb00000)
  from space 22016K, 39% used [0x00000007b1780000,0x00000007b2010230,0x00000007b2d00000)
  to   space 25600K, 0% used [0x00000007afb00000,0x00000007afb00000,0x00000007b1400000)
 ParOldGen       total 76288K, used 24948K [0x0000000780000000, 0x0000000784a80000, 0x00000007aab00000)
  object space 76288K, 32% used [0x0000000780000000,0x000000078185d110,0x0000000784a80000)
 Metaspace       used 20993K, capacity 21239K, committed 21376K, reserved 1069056K
  class space    used 2059K, capacity 2144K, committed 2176K, reserved 1048576K
Event: 17.930 GC heap after
Heap after GC invocations=17 (full 2):
 PSYoungGen      total 107520K, used 15937K [0x00000007aab00000, 0x00000007b3f80000, 0x00000007c0000000)
  eden space 81920K, 0% used [0x00000007aab00000,0x00000007aab00000,0x00000007afb00000)
  from space 25600K, 62% used [0x00000007afb00000,0x00000007b0a90410,0x00000007b1400000)
  to   space 26624K, 0% used [0x00000007b2580000,0x00000007b2580000,0x00000007b3f80000)
 ParOldGen       total 76288K, used 24956K [0x0000000780000000, 0x0000000784a80000, 0x00000007aab00000)
  object space 76288K, 32% used [0x0000000780000000,0x000000078185f110,0x0000000784a80000)
 Metaspace       used 20993K, capacity 21239K, committed 21376K, reserved 1069056K
  class space    used 2059K, capacity 2144K, committed 2176K, reserved 1048576K
}
Event: 19.571 GC heap before
{Heap before GC invocations=18 (full 2):
 PSYoungGen      total 107520K, used 97857K [0x00000007aab00000, 0x00000007b3f80000, 0x00000007c0000000)
  eden space 81920K, 100% used [0x00000007aab00000,0x00000007afb00000,0x00000007afb00000)
  from space 25600K, 62% used [0x00000007afb00000,0x00000007b0a90410,0x00000007b1400000)
  to   space 26624K, 0% used [0x00000007b2580000,0x00000007b2580000,0x00000007b3f80000)
 ParOldGen       total 76288K, used 24956K [0x0000000780000000, 0x0000000784a80000, 0x00000007aab00000)
  object space 76288K, 32% used [0x0000000780000000,0x000000078185f110,0x0000000784a80000)
 Metaspace       used 21064K, capacity 21303K, committed 21376K, reserved 1069056K
  class space    used 2059K, capacity 2144K, committed 2176K, reserved 1048576K
Event: 19.584 GC heap after
Heap after GC invocations=18 (full 2):
 PSYoungGen      total 123392K, used 20321K [0x00000007aab00000, 0x00000007b4280000, 0x00000007c0000000)
  eden space 96768K, 0% used [0x00000007aab00000,0x00000007aab00000,0x00000007b0980000)
  from space 26624K, 76% used [0x00000007b2580000,0x00000007b3958500,0x00000007b3f80000)
  to   space 28672K, 0% used [0x00000007b0980000,0x00000007b0980000,0x00000007b2580000)
 ParOldGen       total 76288K, used 24964K [0x0000000780000000, 0x0000000784a80000, 0x00000007aab00000)
  object space 76288K, 32% used [0x0000000780000000,0x0000000781861110,0x0000000784a80000)
 Metaspace       used 21064K, capacity 21303K, committed 21376K, reserved 1069056K
  class space    used 2059K, capacity 2144K, committed 2176K, reserved 1048576K
}
Event: 21.753 GC heap before
{Heap before GC invocations=19 (full 2):
 PSYoungGen      total 123392K, used 117066K [0x00000007aab00000, 0x00000007b4280000, 0x00000007c0000000)
  eden space 96768K, 99% used [0x00000007aab00000,0x00000007b097a4d8,0x00000007b0980000)
  from space 26624K, 76% used [0x00000007b2580000,0x00000007b3958500,0x00000007b3f80000)
  to   space 28672K, 0% used [0x00000007b0980000,0x00000007b0980000,0x00000007b2580000)
 ParOldGen       total 76288K, used 24964K [0x0000000780000000, 0x0000000784a80000, 0x00000007aab00000)
  object space 76288K, 32% used [0x0000000780000000,0x0000000781861110,0x0000000784a80000)
 Metaspace       used 21170K, capacity 21367K, committed 21632K, reserved 1069056K
  class space    used 2059K, capacity 2144K, committed 2176K, reserved 1048576K
Event: 21.769 GC heap after
Heap after GC invocations=19 (full 2):
 PSYoungGen      total 125440K, used 28385K [0x00000007aab00000, 0x00000007b5600000, 0x00000007c0000000)
  eden space 96768K, 0% used [0x00000007aab00000,0x00000007aab00000,0x00000007b0980000)
  from space 28672K, 99% used [0x00000007b0980000,0x00000007b25386f0,0x00000007b2580000)
  to   space 33280K, 0% used [0x00000007b3580000,0x00000007b3580000,0x00000007b5600000)
 ParOldGen       total 76288K, used 24972K [0x0000000780000000, 0x0000000784a80000, 0x00000007aab00000)
  object space 76288K, 32% used [0x0000000780000000,0x0000000781863110,0x0000000784a80000)
 Metaspace       used 21170K, capacity 21367K, committed 21632K, reserved 1069056K
  class space    used 2059K, capacity 2144K, committed 2176K, reserved 1048576K
}
Event: 23.535 GC heap before
{Heap before GC invocations=20 (full 2):
 PSYoungGen      total 125440K, used 125153K [0x00000007aab00000, 0x00000007b5600000, 0x00000007c0000000)
  eden space 96768K, 100% used [0x00000007aab00000,0x00000007b0980000,0x00000007b0980000)
  from space 28672K, 99% used [0x00000007b0980000,0x00000007b25386f0,0x00000007b2580000)
  to   space 33280K, 0% used [0x00000007b3580000,0x00000007b3580000,0x00000007b5600000)
 ParOldGen       total 76288K, used 24972K [0x0000000780000000, 0x0000000784a80000, 0x00000007aab00000)
  object space 76288K, 32% used [0x0000000780000000,0x0000000781863110,0x0000000784a80000)
 Metaspace       used 21258K, capacity 21431K, committed 21632K, reserved 1069056K
  class space    used 2059K, capacity 2144K, committed 2176K, reserved 1048576K
Event: 23.571 GC heap after
Heap after GC invocations=20 (full 2):
 PSYoungGen      total 136192K, used 33266K [0x00000007aab00000, 0x00000007b6300000, 0x00000007c0000000)
  eden space 102912K, 0% used [0x00000007aab00000,0x00000007aab00000,0x00000007b0f80000)
  from space 33280K, 99% used [0x00000007b3580000,0x00000007b55fc830,0x00000007b5600000)
  to   space 38912K, 0% used [0x00000007b0f80000,0x00000007b0f80000,0x00000007b3580000)
 ParOldGen       total 76288K, used 28052K [0x0000000780000000, 0x0000000784a80000, 0x00000007aab00000)
  object space 76288K, 36% used [0x0000000780000000,0x0000000781b651d0,0x0000000784a80000)
 Metaspace       used 21258K, capacity 21431K, committed 21632K, reserved 1069056K
  class space    used 2059K, capacity 2144K, committed 2176K, reserved 1048576K
}

Deoptimization events (10 events):
Event: 24.750 Thread 0x00007f8ee31e4800 Uncommon trap: reason=class_check action=maybe_recompile pc=0x0000000106e99a98 method=module6.CommonMarker.draw(Lprocessing/core/PGraphics;FF)V @ 25
Event: 24.969 Thread 0x00007f8ee31e4800 Uncommon trap: reason=bimorphic action=maybe_recompile pc=0x000000010708c59c method=module6.CommonMarker.draw(Lprocessing/core/PGraphics;FF)V @ 25
Event: 25.077 Thread 0x00007f8ee31e4800 Uncommon trap: reason=bimorphic action=maybe_recompile pc=0x000000010708c59c method=module6.CommonMarker.draw(Lprocessing/core/PGraphics;FF)V @ 25
Event: 25.169 Thread 0x00007f8ee31e4800 Uncommon trap: reason=bimorphic action=maybe_recompile pc=0x000000010708c59c method=module6.CommonMarker.draw(Lprocessing/core/PGraphics;FF)V @ 25
Event: 25.255 Thread 0x00007f8ee31e4800 Uncommon trap: reason=bimorphic action=maybe_recompile pc=0x000000010708c59c method=module6.CommonMarker.draw(Lprocessing/core/PGraphics;FF)V @ 25
Event: 29.140 Thread 0x00007f8ee31e4800 Uncommon trap: reason=unstable_if action=reinterpret pc=0x0000000106e08928 method=com.jogamp.common.util.VersionNumber.compareTo(Lcom/jogamp/common/util/VersionNumber;)I @ 21
Event: 29.146 Thread 0x00007f8ee316a000 Uncommon trap: reason=unstable_if action=reinterpret pc=0x0000000106dbdd54 method=java.awt.Font.equals(Ljava/lang/Object;)Z @ 2
Event: 29.150 Thread 0x00007f8ee312d800 Uncommon trap: reason=unstable_if action=reinterpret pc=0x0000000106e348e0 method=java.util.HashMap.putVal(ILjava/lang/Object;Ljava/lang/Object;ZZ)Ljava/lang/Object; @ 81
Event: 29.150 Thread 0x00007f8ee312d800 Uncommon trap: reason=unstable_if action=reinterpret pc=0x0000000106cd399c method=java.util.HashMap.putVal(ILjava/lang/Object;Ljava/lang/Object;ZZ)Ljava/lang/Object; @ 81
Event: 29.164 Thread 0x00007f8ee31e4800 Uncommon trap: reason=unstable_if action=reinterpret pc=0x0000000106b530c0 method=java.security.AccessControlContext.optimize()Ljava/security/AccessControlContext; @ 233

Internal exceptions (10 events):
Event: 0.198 Thread 0x00007f8ee200c000 Exception <a 'java/lang/NoSuchFieldError': method resolution failed> (0x00000007aacbe988) thrown at [/Users/java_re/workspace/8-2-build-macosx-x86_64/jdk8u77/6540/hotspot/src/share/vm/prims/methodHandles.cpp, line 1146]
Event: 0.422 Thread 0x00007f8ee200c000 Exception <a 'java/io/FileNotFoundException'> (0x00000007aad3a6c0) thrown at [/Users/java_re/workspace/8-2-build-macosx-x86_64/jdk8u77/6540/hotspot/src/share/vm/prims/jni.cpp, line 709]
Event: 0.422 Thread 0x00007f8ee200c000 Exception <a 'java/io/FileNotFoundException'> (0x00000007aad3b208) thrown at [/Users/java_re/workspace/8-2-build-macosx-x86_64/jdk8u77/6540/hotspot/src/share/vm/prims/jni.cpp, line 709]
Event: 0.564 Thread 0x00007f8ee200c000 Exception <a 'java/io/FileNotFoundException'> (0x00000007aae21ff0) thrown at [/Users/java_re/workspace/8-2-build-macosx-x86_64/jdk8u77/6540/hotspot/src/share/vm/prims/jni.cpp, line 709]
Event: 3.554 Thread 0x00007f8ee202a000 Exception <a 'java/lang/NullPointerException'> (0x00000007aab84e48) thrown at [/Users/java_re/workspace/8-2-build-macosx-x86_64/jdk8u77/6540/hotspot/src/share/vm/interpreter/linkResolver.cpp, line 1178]
Event: 3.671 Thread 0x00007f8ee1b7e000 Exception <a 'java/lang/UnsatisfiedLinkError': com.jogamp.common.util.JarUtil.fixNativeLibAttribs(Ljava/lang/String;)Z> (0x00000007aaf958d8) thrown at [/Users/java_re/workspace/8-2-build-macosx-x86_64/jdk8u77/6540/hotspot/src/share/vm/prims/nativeLookup.c
Event: 4.752 Thread 0x00007f8ee31e4800 Exception <a 'java/io/FileNotFoundException'> (0x00000007ab1327d0) thrown at [/Users/java_re/workspace/8-2-build-macosx-x86_64/jdk8u77/6540/hotspot/src/share/vm/prims/jni.cpp, line 709]
Event: 4.753 Thread 0x00007f8ee31e4800 Exception <a 'java/io/FileNotFoundException'> (0x00000007ab138a10) thrown at [/Users/java_re/workspace/8-2-build-macosx-x86_64/jdk8u77/6540/hotspot/src/share/vm/prims/jni.cpp, line 709]
Event: 4.753 Thread 0x00007f8ee31e4800 Implicit null exception at 0x000000010692f8f5 to 0x000000010692fc59
Event: 25.350 Thread 0x00007f8ee31e4800 Exception <a 'java/lang/ClassCastException': java.lang.String cannot be cast to module6.EarthquakeMarker> (0x00000007af473668) thrown at [/Users/java_re/workspace/8-2-build-macosx-x86_64/jdk8u77/6540/hotspot/src/share/vm/interpreter/interpreterRuntime.cpp

Events (10 events):
Event: 29.164 Thread 0x00007f8ee31e4800 DEOPT UNPACKING pc=0x0000000106794229 sp=0x00007000019e8880 mode 2
Event: 29.164 loading class java/awt/LightweightDispatcher$2
Event: 29.164 loading class java/awt/LightweightDispatcher$2 done
Event: 29.164 loading class java/awt/event/AWTEventListenerProxy
Event: 29.164 loading class java/awt/event/AWTEventListenerProxy done
Event: 29.164 loading class java/awt/Toolkit$ToolkitEventMulticaster
Event: 29.164 loading class java/awt/Toolkit$ToolkitEventMulticaster done
Event: 29.165 Thread 0x00007f8ee312d800 Thread exited: 0x00007f8ee312d800
Event: 29.165 loading class java/awt/Window$1DisposeAction
Event: 29.165 loading class java/awt/Window$1DisposeAction done


Dynamic libraries:
0x000000000b85e000 	/System/Library/Frameworks/Cocoa.framework/Versions/A/Cocoa
0x000000000b85e000 	/System/Library/Frameworks/Security.framework/Versions/A/Security
0x000000000b85e000 	/System/Library/Frameworks/ApplicationServices.framework/Versions/A/ApplicationServices
0x000000000b85e000 	/usr/lib/libz.1.dylib
0x000000000b85e000 	/usr/lib/libSystem.B.dylib
0x000000000b85e000 	/usr/lib/libobjc.A.dylib
0x000000000b85e000 	/System/Library/Frameworks/CoreFoundation.framework/Versions/A/CoreFoundation
0x000000000b85e000 	/System/Library/Frameworks/Foundation.framework/Versions/C/Foundation
0x000000000b85e000 	/System/Library/Frameworks/AppKit.framework/Versions/C/AppKit
0x000000000b85e000 	/System/Library/Frameworks/CoreData.framework/Versions/A/CoreData
0x000000000b85e000 	/System/Library/PrivateFrameworks/RemoteViewServices.framework/Versions/A/RemoteViewServices
0x000000000b85e000 	/System/Library/PrivateFrameworks/UIFoundation.framework/Versions/A/UIFoundation
0x000000000b85e000 	/usr/lib/libScreenReader.dylib
0x000000000b85e000 	/System/Library/Frameworks/Accelerate.framework/Versions/A/Accelerate
0x000000000b85e000 	/System/Library/Frameworks/IOSurface.framework/Versions/A/IOSurface
0x000000000b85e000 	/System/Library/Frameworks/AudioToolbox.framework/Versions/A/AudioToolbox
0x000000000b85e000 	/System/Library/Frameworks/AudioUnit.framework/Versions/A/AudioUnit
0x000000000b85e000 	/System/Library/PrivateFrameworks/DataDetectorsCore.framework/Versions/A/DataDetectorsCore
0x000000000b85e000 	/System/Library/PrivateFrameworks/DesktopServicesPriv.framework/Versions/A/DesktopServicesPriv
0x000000000b85e000 	/System/Library/Frameworks/Carbon.framework/Versions/A/Frameworks/HIToolbox.framework/Versions/A/HIToolbox
0x000000000b85e000 	/System/Library/Frameworks/QuartzCore.framework/Versions/A/QuartzCore
0x000000000b85e000 	/System/Library/Frameworks/Carbon.framework/Versions/A/Frameworks/SpeechRecognition.framework/Versions/A/SpeechRecognition
0x000000000b85e000 	/usr/lib/libauto.dylib
0x000000000b85e000 	/usr/lib/libicucore.A.dylib
0x000000000b85e000 	/usr/lib/libxml2.2.dylib
0x000000000b85e000 	/System/Library/PrivateFrameworks/CoreUI.framework/Versions/A/CoreUI
0x000000000b85e000 	/System/Library/Frameworks/CoreAudio.framework/Versions/A/CoreAudio
0x000000000b85e000 	/System/Library/Frameworks/DiskArbitration.framework/Versions/A/DiskArbitration
0x000000000b85e000 	/usr/lib/liblangid.dylib
0x000000000b85e000 	/System/Library/PrivateFrameworks/MultitouchSupport.framework/Versions/A/MultitouchSupport
0x000000000b85e000 	/System/Library/Frameworks/IOKit.framework/Versions/A/IOKit
0x000000000b85e000 	/usr/lib/libDiagnosticMessagesClient.dylib
0x000000000b85e000 	/System/Library/Frameworks/CoreServices.framework/Versions/A/CoreServices
0x000000000b85e000 	/System/Library/PrivateFrameworks/PerformanceAnalysis.framework/Versions/A/PerformanceAnalysis
0x000000000b85e000 	/System/Library/PrivateFrameworks/GenerationalStorage.framework/Versions/A/GenerationalStorage
0x000000000b85e000 	/System/Library/Frameworks/OpenGL.framework/Versions/A/OpenGL
0x000000000b85e000 	/System/Library/PrivateFrameworks/Sharing.framework/Versions/A/Sharing
0x000000000b85e000 	/System/Library/Frameworks/CoreGraphics.framework/Versions/A/CoreGraphics
0x000000000b85e000 	/System/Library/Frameworks/CoreImage.framework/Versions/A/CoreImage
0x000000000b85e000 	/System/Library/Frameworks/CoreText.framework/Versions/A/CoreText
0x000000000b85e000 	/System/Library/Frameworks/ImageIO.framework/Versions/A/ImageIO
0x000000000b85e000 	/System/Library/PrivateFrameworks/Backup.framework/Versions/A/Backup
0x000000000b85e000 	/usr/lib/libextension.dylib
0x000000000b85e000 	/usr/lib/libarchive.2.dylib
0x000000000b85e000 	/System/Library/Frameworks/CFNetwork.framework/Versions/A/CFNetwork
0x000000000b85e000 	/System/Library/Frameworks/SystemConfiguration.framework/Versions/A/SystemConfiguration
0x000000000b85e000 	/usr/lib/libCRFSuite.dylib
0x000000000b85e000 	/usr/lib/libc++.1.dylib
0x000000000b85e000 	/usr/lib/libc++abi.dylib
0x000000000b85e000 	/usr/lib/system/libcache.dylib
0x000000000b85e000 	/usr/lib/system/libcommonCrypto.dylib
0x000000000b85e000 	/usr/lib/system/libcompiler_rt.dylib
0x000000000b85e000 	/usr/lib/system/libcopyfile.dylib
0x000000000b85e000 	/usr/lib/system/libcorecrypto.dylib
0x000000000b85e000 	/usr/lib/system/libdispatch.dylib
0x000000000b85e000 	/usr/lib/system/libdyld.dylib
0x000000000b85e000 	/usr/lib/system/libkeymgr.dylib
0x000000000b85e000 	/usr/lib/system/liblaunch.dylib
0x000000000b85e000 	/usr/lib/system/libmacho.dylib
0x000000000b85e000 	/usr/lib/system/libquarantine.dylib
0x000000000b85e000 	/usr/lib/system/libremovefile.dylib
0x000000000b85e000 	/usr/lib/system/libsystem_asl.dylib
0x000000000b85e000 	/usr/lib/system/libsystem_blocks.dylib
0x000000000b85e000 	/usr/lib/system/libsystem_c.dylib
0x000000000b85e000 	/usr/lib/system/libsystem_configuration.dylib
0x000000000b85e000 	/usr/lib/system/libsystem_coreservices.dylib
0x000000000b85e000 	/usr/lib/system/libsystem_coretls.dylib
0x000000000b85e000 	/usr/lib/system/libsystem_dnssd.dylib
0x000000000b85e000 	/usr/lib/system/libsystem_info.dylib
0x000000000b85e000 	/usr/lib/system/libsystem_kernel.dylib
0x000000000b85e000 	/usr/lib/system/libsystem_m.dylib
0x000000000b85e000 	/usr/lib/system/libsystem_malloc.dylib
0x000000000b85e000 	/usr/lib/system/libsystem_network.dylib
0x000000000b85e000 	/usr/lib/system/libsystem_networkextension.dylib
0x000000000b85e000 	/usr/lib/system/libsystem_notify.dylib
0x000000000b85e000 	/usr/lib/system/libsystem_platform.dylib
0x000000000b85e000 	/usr/lib/system/libsystem_pthread.dylib
0x000000000b85e000 	/usr/lib/system/libsystem_sandbox.dylib
0x000000000b85e000 	/usr/lib/system/libsystem_secinit.dylib
0x000000000b85e000 	/usr/lib/system/libsystem_trace.dylib
0x000000000b85e000 	/usr/lib/system/libunc.dylib
0x000000000b85e000 	/usr/lib/system/libunwind.dylib
0x000000000b85e000 	/usr/lib/system/libxpc.dylib
0x000000000b85e000 	/usr/lib/libenergytrace.dylib
0x000000000b85e000 	/usr/lib/libbsm.0.dylib
0x000000000b85e000 	/usr/lib/system/libkxld.dylib
0x000000000b85e000 	/usr/lib/libxar.1.dylib
0x000000000b85e000 	/usr/lib/libsqlite3.dylib
0x000000000b85e000 	/usr/lib/libpam.2.dylib
0x000000000b85e000 	/usr/lib/libOpenScriptingUtil.dylib
0x000000000b85e000 	/usr/lib/libbz2.1.0.dylib
0x000000000b85e000 	/usr/lib/liblzma.5.dylib
0x000000000b85e000 	/System/Library/Frameworks/CoreServices.framework/Versions/A/Frameworks/FSEvents.framework/Versions/A/FSEvents
0x000000000b85e000 	/System/Library/Frameworks/CoreServices.framework/Versions/A/Frameworks/CarbonCore.framework/Versions/A/CarbonCore
0x000000000b85e000 	/System/Library/Frameworks/CoreServices.framework/Versions/A/Frameworks/Metadata.framework/Versions/A/Metadata
0x000000000b85e000 	/System/Library/Frameworks/CoreServices.framework/Versions/A/Frameworks/OSServices.framework/Versions/A/OSServices
0x000000000b85e000 	/System/Library/Frameworks/CoreServices.framework/Versions/A/Frameworks/SearchKit.framework/Versions/A/SearchKit
0x000000000b85e000 	/System/Library/Frameworks/CoreServices.framework/Versions/A/Frameworks/AE.framework/Versions/A/AE
0x000000000b85e000 	/System/Library/Frameworks/CoreServices.framework/Versions/A/Frameworks/LaunchServices.framework/Versions/A/LaunchServices
0x000000000b85e000 	/System/Library/Frameworks/CoreServices.framework/Versions/A/Frameworks/DictionaryServices.framework/Versions/A/DictionaryServices
0x000000000b85e000 	/System/Library/Frameworks/CoreServices.framework/Versions/A/Frameworks/SharedFileList.framework/Versions/A/SharedFileList
0x000000000b85e000 	/System/Library/Frameworks/NetFS.framework/Versions/A/NetFS
0x000000000b85e000 	/System/Library/PrivateFrameworks/NetAuth.framework/Versions/A/NetAuth
0x000000000b85e000 	/System/Library/PrivateFrameworks/login.framework/Versions/A/Frameworks/loginsupport.framework/Versions/A/loginsupport
0x000000000b85e000 	/System/Library/PrivateFrameworks/TCC.framework/Versions/A/TCC
0x000000000b85e000 	/usr/lib/libmecabra.dylib
0x000000000b85e000 	/System/Library/Frameworks/ApplicationServices.framework/Versions/A/Frameworks/ATS.framework/Versions/A/ATS
0x000000000b85e000 	/System/Library/Frameworks/ApplicationServices.framework/Versions/A/Frameworks/ColorSync.framework/Versions/A/ColorSync
0x000000000b85e000 	/System/Library/Frameworks/ApplicationServices.framework/Versions/A/Frameworks/HIServices.framework/Versions/A/HIServices
0x000000000b85e000 	/System/Library/Frameworks/ApplicationServices.framework/Versions/A/Frameworks/LangAnalysis.framework/Versions/A/LangAnalysis
0x000000000b85e000 	/System/Library/Frameworks/ApplicationServices.framework/Versions/A/Frameworks/PrintCore.framework/Versions/A/PrintCore
0x000000000b85e000 	/System/Library/Frameworks/ApplicationServices.framework/Versions/A/Frameworks/QD.framework/Versions/A/QD
0x000000000b85e000 	/System/Library/Frameworks/ApplicationServices.framework/Versions/A/Frameworks/SpeechSynthesis.framework/Versions/A/SpeechSynthesis
0x000000000b85e000 	/System/Library/Frameworks/Metal.framework/Versions/A/Metal
0x000000000b85e000 	/System/Library/Frameworks/Accelerate.framework/Versions/A/Frameworks/vImage.framework/Versions/A/vImage
0x000000000b85e000 	/System/Library/Frameworks/Accelerate.framework/Versions/A/Frameworks/vecLib.framework/Versions/A/vecLib
0x000000000b85e000 	/System/Library/Frameworks/Accelerate.framework/Versions/A/Frameworks/vecLib.framework/Versions/A/libvDSP.dylib
0x000000000b85e000 	/System/Library/Frameworks/Accelerate.framework/Versions/A/Frameworks/vecLib.framework/Versions/A/libvMisc.dylib
0x000000000b85e000 	/System/Library/Frameworks/Accelerate.framework/Versions/A/Frameworks/vecLib.framework/Versions/A/libLAPACK.dylib
0x000000000b85e000 	/System/Library/Frameworks/Accelerate.framework/Versions/A/Frameworks/vecLib.framework/Versions/A/libBLAS.dylib
0x000000000b85e000 	/System/Library/Frameworks/Accelerate.framework/Versions/A/Frameworks/vecLib.framework/Versions/A/libLinearAlgebra.dylib
0x000000000b85e000 	/System/Library/Frameworks/Accelerate.framework/Versions/A/Frameworks/vecLib.framework/Versions/A/libSparseBLAS.dylib
0x000000000b85e000 	/System/Library/PrivateFrameworks/GPUCompiler.framework/libmetal_timestamp.dylib
0x000000000b85e000 	/System/Library/Frameworks/OpenGL.framework/Versions/A/Libraries/libCoreFSCache.dylib
0x000000000b85e000 	/System/Library/PrivateFrameworks/IOAccelerator.framework/Versions/A/IOAccelerator
0x000000000b85e000 	/System/Library/Frameworks/ApplicationServices.framework/Versions/A/Frameworks/ATS.framework/Versions/A/Resources/libFontParser.dylib
0x000000000b85e000 	/System/Library/Frameworks/ApplicationServices.framework/Versions/A/Frameworks/ATS.framework/Versions/A/Resources/libFontRegistry.dylib
0x000000000b85e000 	/System/Library/PrivateFrameworks/AppleVPA.framework/Versions/A/AppleVPA
0x000000000b85e000 	/System/Library/PrivateFrameworks/AppleJPEG.framework/Versions/A/AppleJPEG
0x000000000b85e000 	/System/Library/Frameworks/ImageIO.framework/Versions/A/Resources/libJPEG.dylib
0x000000000b85e000 	/System/Library/Frameworks/ImageIO.framework/Versions/A/Resources/libTIFF.dylib
0x000000000b85e000 	/System/Library/Frameworks/ImageIO.framework/Versions/A/Resources/libPng.dylib
0x000000000b85e000 	/System/Library/Frameworks/ImageIO.framework/Versions/A/Resources/libGIF.dylib
0x000000000b85e000 	/System/Library/Frameworks/ImageIO.framework/Versions/A/Resources/libJP2.dylib
0x000000000b85e000 	/System/Library/Frameworks/ImageIO.framework/Versions/A/Resources/libRadiance.dylib
0x000000000b85e000 	/System/Library/Frameworks/CoreVideo.framework/Versions/A/CoreVideo
0x000000000b85e000 	/System/Library/Frameworks/OpenGL.framework/Versions/A/Libraries/libGLU.dylib
0x000000000b85e000 	/System/Library/Frameworks/OpenGL.framework/Versions/A/Libraries/libGFXShared.dylib
0x000000000b85e000 	/System/Library/Frameworks/OpenGL.framework/Versions/A/Libraries/libGL.dylib
0x000000000b85e000 	/System/Library/Frameworks/OpenGL.framework/Versions/A/Libraries/libGLImage.dylib
0x000000000b85e000 	/System/Library/Frameworks/OpenGL.framework/Versions/A/Libraries/libCVMSPluginSupport.dylib
0x000000000b85e000 	/System/Library/Frameworks/OpenGL.framework/Versions/A/Libraries/libCoreVMClient.dylib
0x000000000b85e000 	/usr/lib/libcompression.dylib
0x000000000b85e000 	/usr/lib/libcups.2.dylib
0x000000000b85e000 	/System/Library/Frameworks/Kerberos.framework/Versions/A/Kerberos
0x000000000b85e000 	/System/Library/Frameworks/GSS.framework/Versions/A/GSS
0x000000000b85e000 	/usr/lib/libresolv.9.dylib
0x000000000b85e000 	/usr/lib/libiconv.2.dylib
0x000000000b85e000 	/System/Library/PrivateFrameworks/Heimdal.framework/Versions/A/Heimdal
0x000000000b85e000 	/usr/lib/libheimdal-asn1.dylib
0x000000000b85e000 	/System/Library/Frameworks/OpenDirectory.framework/Versions/A/OpenDirectory
0x000000000b85e000 	/System/Library/PrivateFrameworks/CommonAuth.framework/Versions/A/CommonAuth
0x000000000b85e000 	/System/Library/Frameworks/OpenDirectory.framework/Versions/A/Frameworks/CFOpenDirectory.framework/Versions/A/CFOpenDirectory
0x000000000b85e000 	/System/Library/Frameworks/SecurityFoundation.framework/Versions/A/SecurityFoundation
0x000000000b85e000 	/System/Library/PrivateFrameworks/LanguageModeling.framework/Versions/A/LanguageModeling
0x000000000b85e000 	/usr/lib/libmarisa.dylib
0x000000000b85e000 	/usr/lib/libChineseTokenizer.dylib
0x000000000b85e000 	/usr/lib/libcmph.dylib
0x000000000b85e000 	/System/Library/Frameworks/ServiceManagement.framework/Versions/A/ServiceManagement
0x000000000b85e000 	/usr/lib/libxslt.1.dylib
0x000000000b85e000 	/System/Library/Frameworks/Carbon.framework/Versions/A/Frameworks/Ink.framework/Versions/A/Ink
0x000000000b85e000 	/usr/lib/libFosl_dynamic.dylib
0x000000000b85e000 	/System/Library/PrivateFrameworks/FaceCore.framework/Versions/A/FaceCore
0x000000000b85e000 	/System/Library/Frameworks/OpenCL.framework/Versions/A/OpenCL
0x000000000b85e000 	/System/Library/PrivateFrameworks/CrashReporterSupport.framework/Versions/A/CrashReporterSupport
0x000000000b85e000 	/System/Library/PrivateFrameworks/IconServices.framework/Versions/A/IconServices
0x000000000b85e000 	/System/Library/PrivateFrameworks/Apple80211.framework/Versions/A/Apple80211
0x000000000b85e000 	/System/Library/Frameworks/CoreWLAN.framework/Versions/A/CoreWLAN
0x000000000b85e000 	/System/Library/Frameworks/IOBluetooth.framework/Versions/A/IOBluetooth
0x000000000b85e000 	/System/Library/PrivateFrameworks/CoreWiFi.framework/Versions/A/CoreWiFi
0x000000000b85e000 	/System/Library/Frameworks/CoreBluetooth.framework/Versions/A/CoreBluetooth
0x000000000b85e000 	/System/Library/PrivateFrameworks/ChunkingLibrary.framework/Versions/A/ChunkingLibrary
0x000000000b85e000 	/System/Library/PrivateFrameworks/DebugSymbols.framework/Versions/A/DebugSymbols
0x000000000b85e000 	/System/Library/PrivateFrameworks/CoreSymbolication.framework/Versions/A/CoreSymbolication
0x000000000b85e000 	/System/Library/PrivateFrameworks/Symbolication.framework/Versions/A/Symbolication
0x000000000b85e000 	/System/Library/PrivateFrameworks/SpeechRecognitionCore.framework/Versions/A/SpeechRecognitionCore
0x0000000105800000 	/Library/Java/JavaVirtualMachines/jdk1.8.0_77.jdk/Contents/Home/jre/lib/server/libjvm.dylib
0x000000000b85e000 	/usr/lib/libstdc++.6.dylib
0x0000000104e0b000 	/Library/Java/JavaVirtualMachines/jdk1.8.0_77.jdk/Contents/Home/jre/lib/libverify.dylib
0x0000000104e19000 	/Library/Java/JavaVirtualMachines/jdk1.8.0_77.jdk/Contents/Home/jre/lib/libjava.dylib
0x0000000104e58000 	/Library/Java/JavaVirtualMachines/jdk1.8.0_77.jdk/Contents/Home/jre/lib/libzip.dylib
0x00000001199f6000 	/System/Library/Frameworks/JavaVM.framework/Frameworks/JavaRuntimeSupport.framework/JavaRuntimeSupport
0x0000000119a11000 	/System/Library/Frameworks/JavaVM.framework/Versions/A/Frameworks/JavaNativeFoundation.framework/Versions/A/JavaNativeFoundation
0x0000000119a26000 	/System/Library/Frameworks/JavaVM.framework/Versions/A/JavaVM
0x000000000b85e000 	/System/Library/Frameworks/Carbon.framework/Versions/A/Carbon
0x0000000104ff4000 	/System/Library/PrivateFrameworks/JavaLaunching.framework/Versions/A/JavaLaunching
0x000000000b85e000 	/System/Library/Frameworks/Carbon.framework/Versions/A/Frameworks/CommonPanels.framework/Versions/A/CommonPanels
0x000000000b85e000 	/System/Library/Frameworks/Carbon.framework/Versions/A/Frameworks/Help.framework/Versions/A/Help
0x000000000b85e000 	/System/Library/Frameworks/Carbon.framework/Versions/A/Frameworks/ImageCapture.framework/Versions/A/ImageCapture
0x000000000b85e000 	/System/Library/Frameworks/Carbon.framework/Versions/A/Frameworks/OpenScripting.framework/Versions/A/OpenScripting
0x000000000b85e000 	/System/Library/Frameworks/Carbon.framework/Versions/A/Frameworks/Print.framework/Versions/A/Print
0x000000000b85e000 	/System/Library/Frameworks/Carbon.framework/Versions/A/Frameworks/SecurityHI.framework/Versions/A/SecurityHI
0x000000011b34b000 	/Library/Java/JavaVirtualMachines/jdk1.8.0_77.jdk/Contents/Home/jre/lib/libawt.dylib
0x000000011b3f3000 	/Library/Java/JavaVirtualMachines/jdk1.8.0_77.jdk/Contents/Home/jre/lib/./libmlib_image.dylib
0x000000011b4bf000 	/Library/Java/JavaVirtualMachines/jdk1.8.0_77.jdk/Contents/Home/jre/lib/libawt_lwawt.dylib
0x000000011b574000 	/Library/Java/JavaVirtualMachines/jdk1.8.0_77.jdk/Contents/Home/jre/lib/./libosxapp.dylib
0x000000000b85e000 	/System/Library/Frameworks/ExceptionHandling.framework/Versions/A/ExceptionHandling
0x000000000b85e000 	/System/Library/PrivateFrameworks/CoreServicesInternal.framework/Versions/A/CoreServicesInternal
0x000000000b85e000 	/System/Library/Frameworks/CoreGraphics.framework/Versions/A/Resources/libRIP.A.dylib
0x000000000b85e000 	/System/Library/Frameworks/Accelerate.framework/Versions/A/Frameworks/vImage.framework/Versions/A/Libraries/libCGInterfaces.dylib
0x000000000b85e000 	/System/Library/Frameworks/CoreGraphics.framework/Versions/A/Resources/libCGXType.A.dylib
0x000000000b85e000 	/System/Library/Frameworks/OpenCL.framework/Versions/A/Libraries/libcldcpuengine.dylib
0x000000000b85e000 	/System/Library/PrivateFrameworks/DiskImages.framework/Versions/A/DiskImages
0x000000000b85e000 	/System/Library/Frameworks/DiscRecording.framework/Versions/A/DiscRecording
0x000000000b85e000 	/usr/lib/libcsfde.dylib
0x000000000b85e000 	/usr/lib/libcurl.4.dylib
0x000000000b85e000 	/System/Library/PrivateFrameworks/MediaKit.framework/Versions/A/MediaKit
0x000000000b85e000 	/System/Library/PrivateFrameworks/ProtectedCloudStorage.framework/Versions/A/ProtectedCloudStorage
0x000000000b85e000 	/usr/lib/libCoreStorage.dylib
0x000000000b85e000 	/System/Library/PrivateFrameworks/EFILogin.framework/Versions/A/EFILogin
0x000000000b85e000 	/usr/lib/libutil.dylib
0x000000000b85e000 	/System/Library/PrivateFrameworks/FindMyDevice.framework/Versions/A/FindMyDevice
0x000000000b85e000 	/System/Library/Frameworks/LDAP.framework/Versions/A/LDAP
0x000000000b85e000 	/usr/lib/libsasl2.2.dylib
0x000000000b85e000 	/System/Library/PrivateFrameworks/CoreDaemon.framework/Versions/B/CoreDaemon
0x000000000b85e000 	/usr/lib/libcrypto.0.9.8.dylib
0x000000000b85e000 	/System/Library/PrivateFrameworks/AppleSRP.framework/Versions/A/AppleSRP
0x000000000b85e000 	/System/Library/PrivateFrameworks/TrustEvaluationAgent.framework/Versions/A/TrustEvaluationAgent
0x000000011cd03000 	cl_kernels
0x000000000b85e000 	/System/Library/Frameworks/OpenCL.framework/Versions/A/Libraries/ImageFormats/unorm8_bgra.dylib
0x000000000b85e000 	/System/Library/Frameworks/OpenCL.framework/Versions/A/Libraries/ImageFormats/unorm8_rgba.dylib
0x000000000b85e000 	/System/Library/PrivateFrameworks/FamilyControls.framework/Versions/A/FamilyControls
0x000000000b85e000 	/System/Library/PrivateFrameworks/CommerceKit.framework/Versions/A/Frameworks/CommerceCore.framework/Versions/A/CommerceCore
0x000000000b85e000 	/System/Library/PrivateFrameworks/SystemAdministration.framework/Versions/A/SystemAdministration
0x000000000b85e000 	/System/Library/PrivateFrameworks/AppContainer.framework/Versions/A/AppContainer
0x000000000b85e000 	/System/Library/PrivateFrameworks/SecCodeWrapper.framework/Versions/A/SecCodeWrapper
0x000000000b85e000 	/System/Library/Frameworks/DirectoryService.framework/Versions/A/DirectoryService
0x000000000b85e000 	/System/Library/PrivateFrameworks/LoginUIKit.framework/Versions/A/Frameworks/LoginUICore.framework/Versions/A/LoginUICore
0x000000000b85e000 	/usr/lib/libodfde.dylib
0x000000000b85e000 	/System/Library/Frameworks/OpenGL.framework/Versions/A/Resources/GLEngine.bundle/GLEngine
0x000000000b85e000 	/System/Library/Frameworks/OpenGL.framework/Versions/A/Libraries/libGLProgrammability.dylib
0x000000011dd42000 	/System/Library/Extensions/AppleIntelHD5000GraphicsGLDriver.bundle/Contents/MacOS/AppleIntelHD5000GraphicsGLDriver
0x000000000b85e000 	/System/Library/PrivateFrameworks/GPUSupport.framework/Versions/A/Libraries/libGPUSupportMercury.dylib
0x000000000b85e000 	/System/Library/Frameworks/OpenGL.framework/Versions/A/Resources/GLRendererFloat.bundle/GLRendererFloat
0x000000011ed32000 	/Library/Java/JavaVirtualMachines/jdk1.8.0_77.jdk/Contents/Home/jre/lib/libfontmanager.dylib
0x00000001201d2000 	/Library/Java/JavaVirtualMachines/jdk1.8.0_77.jdk/Contents/Home/jre/lib/libosxui.dylib
0x0000000120eef000 	/Library/Java/JavaVirtualMachines/jdk1.8.0_77.jdk/Contents/Home/jre/lib/libnet.dylib
0x0000000120d35000 	/Library/Java/JavaVirtualMachines/jdk1.8.0_77.jdk/Contents/Home/jre/lib/libnio.dylib
0x000000000b85e000 	/System/Library/Frameworks/ApplicationServices.framework/Versions/A/Frameworks/ATS.framework/Versions/A/Resources/libTrueTypeScaler.dylib
0x0000000179c4b000 	/System/Library/Extensions/AppleIntelHD5000GraphicsMTLDriver.bundle/Contents/MacOS/AppleIntelHD5000GraphicsMTLDriver
0x000000011c2ae000 	/private/var/folders/vm/c6ql63410d962mlmgt4yhc5h0000gn/T/jogamp_0000/file_cache/jln2335463072575599736/jln3411848162015730299/libgluegen-rt.jnilib
0x000000011c2b3000 	/private/var/folders/vm/c6ql63410d962mlmgt4yhc5h0000gn/T/jogamp_0000/file_cache/jln2335463072575599736/jln3411848162015730299/libnativewindow_awt.jnilib
0x000000011c2b6000 	/Library/Java/JavaVirtualMachines/jdk1.8.0_77.jdk/Contents/Home/jre/lib/libjawt.dylib
0x000000011c2b9000 	/private/var/folders/vm/c6ql63410d962mlmgt4yhc5h0000gn/T/jogamp_0000/file_cache/jln2335463072575599736/jln3411848162015730299/libnativewindow_macosx.jnilib
0x000000017bdae000 	/private/var/folders/vm/c6ql63410d962mlmgt4yhc5h0000gn/T/jogamp_0000/file_cache/jln2335463072575599736/jln3411848162015730299/libjogl_desktop.jnilib
0x0000000182d8b000 	/Library/Java/JavaVirtualMachines/jdk1.8.0_77.jdk/Contents/Home/jre/lib/libt2k.dylib

VM Arguments:
jvm_args: -Djava.security.policy=java.policy.applet -Dfile.encoding=UTF-8 
java_command: sun.applet.AppletViewer module6.EarthquakeCityMap1464467850060.html
java_class_path (initial): /Users/xingdu/Documents/workspace/UCSDUnfoldingMaps/build:/Users/xingdu/Documents/workspace/UCSDUnfoldingMaps/lib/core.jar:/Users/xingdu/Documents/workspace/UCSDUnfoldingMaps/lib/gluegen-rt.jar:/Users/xingdu/Documents/workspace/UCSDUnfoldingMaps/lib/jogl-all.jar:/Users/xingdu/Documents/workspace/UCSDUnfoldingMaps/lib/log4j-1.2.15.jar:/Users/xingdu/Documents/workspace/UCSDUnfoldingMaps/lib/sqlite-jdbc-3.7.2.jar:/Users/xingdu/Documents/workspace/UCSDUnfoldingMaps/lib/json4processing.jar:/Users/xingdu/Documents/workspace/UCSDUnfoldingMaps/lib/libTUIO.jar:/Users/xingdu/Documents/workspace/UCSDUnfoldingMaps/lib/unfolding.0.9.7-uscd.jar
Launcher Type: SUN_STANDARD

Environment Variables:
PATH=/usr/bin:/bin:/usr/sbin:/sbin
SHELL=/bin/bash

Signal Handlers:
SIGSEGV: [libjvm.dylib+0x5a6855], sa_mask[0]=11111111011111110111111111111111, sa_flags=SA_ONSTACK|SA_RESTART|SA_SIGINFO
SIGBUS: [libjvm.dylib+0x5a6855], sa_mask[0]=11111111011111110111111111111111, sa_flags=SA_RESTART|SA_SIGINFO
SIGFPE: [libjvm.dylib+0x4804ec], sa_mask[0]=11111111011111110111111111111111, sa_flags=SA_RESTART|SA_SIGINFO
SIGPIPE: [libjvm.dylib+0x4804ec], sa_mask[0]=11111111011111110111111111111111, sa_flags=SA_RESTART|SA_SIGINFO
SIGXFSZ: [libjvm.dylib+0x4804ec], sa_mask[0]=11111111011111110111111111111111, sa_flags=SA_RESTART|SA_SIGINFO
SIGILL: [libjvm.dylib+0x4804ec], sa_mask[0]=11111111011111110111111111111111, sa_flags=SA_RESTART|SA_SIGINFO
SIGUSR1: SIG_DFL, sa_mask[0]=00000000000000000000000000000000, sa_flags=none
SIGUSR2: [libjvm.dylib+0x48000a], sa_mask[0]=00100000000000000000000000000000, sa_flags=SA_RESTART|SA_SIGINFO
SIGHUP: [libjvm.dylib+0x47e5e1], sa_mask[0]=11111111011111110111111111111111, sa_flags=SA_RESTART|SA_SIGINFO
SIGINT: [libjvm.dylib+0x47e5e1], sa_mask[0]=11111111011111110111111111111111, sa_flags=SA_RESTART|SA_SIGINFO
SIGTERM: [libjvm.dylib+0x47e5e1], sa_mask[0]=11111111011111110111111111111111, sa_flags=SA_RESTART|SA_SIGINFO
SIGQUIT: [libjvm.dylib+0x47e5e1], sa_mask[0]=11111111011111110111111111111111, sa_flags=SA_RESTART|SA_SIGINFO


---------------  S Y S T E M  ---------------

OS:Bsduname:Darwin 15.5.0 Darwin Kernel Version 15.5.0: Tue Apr 19 18:36:36 PDT 2016; root:xnu-3248.50.21~8/RELEASE_X86_64 x86_64
rlimit: STACK 8192k, CORE 0k, NPROC 709, NOFILE 10240, AS infinity
load average:2.22 2.53 2.48

CPU:total 4 (2 cores per cpu, 2 threads per core) family 6 model 69 stepping 1, cmov, cx8, fxsr, mmx, sse, sse2, sse3, ssse3, sse4.1, sse4.2, popcnt, avx, avx2, aes, clmul, erms, lzcnt, ht, tsc, tscinvbit, bmi1, bmi2

Memory: 4k page, physical 4194304k(56928k free)

/proc/meminfo:


vm_info: Java HotSpot(TM) 64-Bit Server VM (25.77-b03) for bsd-amd64 JRE (1.8.0_77-b03), built on Mar 20 2016 22:14:03 by "java_re" with gcc 4.2.1 (Based on Apple Inc. build 5658) (LLVM build 2336.11.00)

time: Sat May 28 16:37:59 2016
elapsed time: 29 seconds (0d 0h 0m 29s)

