#
# A fatal error has been detected by the Java Runtime Environment:
#
#  SIGSEGV (0xb) at pc=0x00007fff89bb8097, pid=13864, tid=3335
#
# JRE version: Java(TM) SE Runtime Environment (8.0_77-b03) (build 1.8.0_77-b03)
# Java VM: Java HotSpot(TM) 64-Bit Server VM (25.77-b03 mixed mode bsd-amd64 compressed oops)
# Problematic frame:
# C  [libobjc.A.dylib+0x5097]  objc_msgSend+0x17
#
# Failed to write core dump. Core dumps have been disabled. To enable core dumping, try "ulimit -c unlimited" before starting Java again
#
# If you would like to submit a bug report, please visit:
#   http://bugreport.java.com/bugreport/crash.jsp
# The crash happened outside the Java Virtual Machine in native code.
# See problematic frame for where to report the bug.
#

---------------  T H R E A D  ---------------

Current thread (0x00007f895c072800):  JavaThread "AWT-AppKit" daemon [_thread_in_native, id=3335, stack(0x00007fff584ab000,0x00007fff58cab000)]

siginfo: si_signo: 11 (SIGSEGV), si_code: 0 (unknown), si_addr: 0x0000000000000000

Registers:
RAX=0x00007f895f4e3ae0, RBX=0x00000001746e3450, RCX=0x00000001234a0ee0, RDX=0x0000000122596b20
RSP=0x00007fff58ca63b8, RBP=0x00007fff58ca6470, RSI=0x00007fff9350c4c6, RDI=0x00007f895a474d80
R8 =0x0000000000000000, R9 =0x00000000000006d0, R10=0x00007fff9350c4c6, R11=0xf000000000000000
R12=0x0000000000000000, R13=0x00000001761fd028, R14=0x00000001746e3440, R15=0x00007f895c072800
RIP=0x00007fff89bb8097, EFLAGS=0x0000000000010246, ERR=0x0000000000000000
  TRAPNO=0x000000000000000d

Top of Stack: (sp=0x00007fff58ca63b8)
0x00007fff58ca63b8:   00000001746e1157 00007fff58ca6410
0x00007fff58ca63c8:   0000000000000003 00007fff58ca63f0
0x00007fff58ca63d8:   0000000107bf0b02 00000001761fd028
0x00007fff58ca63e8:   00000001761fd028 00007f895f4e3ae0
0x00007fff58ca63f8:   00000001746e36a0 00000001746e3710
0x00007fff58ca6408:   00007fff77a31fb0 00007fff7646c420
0x00007fff58ca6418:   00000001746e3450 00000001746e3690
0x00007fff58ca6428:   00007f895f4e3ae0 00007f895a474d80
0x00007fff58ca6438:   00007f895a629850 00007f895f4e3ae0
0x00007fff58ca6448:   00007f895a474d80 00007fff58ca64f8
0x00007fff58ca6458:   00007f895c0729f8 00000001761fd028
0x00007fff58ca6468:   00007fff58ca6520 00007fff58ca64e8
0x00007fff58ca6478:   00000001089a4954 00000001761fd028
0x00007fff58ca6488:   00007fff58ca6520 00007fff58ca64e8
0x00007fff58ca6498:   00000001089a46e7 00000001089a46a2
0x00007fff58ca64a8:   00007fff58ca64a8 00000001761fd028
0x00007fff58ca64b8:   00007fff58ca6520 00000001761ffc60
0x00007fff58ca64c8:   0000000000000000 00000001761fd028
0x00007fff58ca64d8:   0000000000000000 00007fff58ca6508
0x00007fff58ca64e8:   00007fff58ca6568 0000000108996c4d
0x00007fff58ca64f8:   0000000780f0bd78 000000010899e578
0x00007fff58ca6508:   00007f895f4e3ae0 00007fff58ca6568
0x00007fff58ca6518:   00007f895a474d80 000000010899fd82
0x00007fff58ca6528:   00007fff58ca6528 00000001761fd1f2
0x00007fff58ca6538:   00007fff58ca6590 00000001761ffc60
0x00007fff58ca6548:   0000000000000000 00000001761fd200
0x00007fff58ca6558:   00007fff58ca6508 00007fff58ca6578
0x00007fff58ca6568:   00007fff58ca65d8 0000000108996c4d
0x00007fff58ca6578:   00007f895f4e3ae0 0000000780eeaab0
0x00007fff58ca6588:   00007f895a474d80 0000000780eeaab0
0x00007fff58ca6598:   00007fff58ca6598 000000017d88e66e
0x00007fff58ca65a8:   00007fff58ca65e8 000000017d88e728 

Instructions: (pc=0x00007fff89bb8097)
0x00007fff89bb8077:   90 90 90 90 90 90 90 90 90 48 85 ff 2e 74 72 40
0x00007fff89bb8087:   f6 c7 01 2e 0f 85 7e 00 00 00 4c 8b 1f 49 89 f2
0x00007fff89bb8097:   45 23 53 18 49 c1 e2 04 4d 03 53 10 49 3b 32 75
0x00007fff89bb80a7:   04 41 ff 62 08 49 83 3a 00 74 74 4d 3b 53 10 74 

Register to memory mapping:

RAX=0x00007f895f4e3ae0 is an unknown value
RBX=0x00000001746e3450: Java_jogamp_nativewindow_macosx_OSXUtil_GetScreenRefreshRate0+0x1cf0 in /private/var/folders/vm/c6ql63410d962mlmgt4yhc5h0000gn/T/jogamp_0000/file_cache/jln8502164193948280796/jln1597679121039952723/libnativewindow_macosx.jnilib at 0x00000001746dc000
RCX=0x00000001234a0ee0 is an unknown value
RDX=0x0000000122596b20 is an unknown value
RSP=0x00007fff58ca63b8 is pointing into the stack for thread: 0x00007f895c072800
RBP=0x00007fff58ca6470 is pointing into the stack for thread: 0x00007f895c072800
RSI=0x00007fff9350c4c6: NSAppKitVersionNumber+0x12eb6 in /System/Library/Frameworks/AppKit.framework/Versions/C/AppKit at 0x00007fff92aa9000
RDI=0x00007f895a474d80 is an unknown value
R8 =0x0000000000000000 is an unknown value
R9 =0x00000000000006d0 is an unknown value
R10=0x00007fff9350c4c6: NSAppKitVersionNumber+0x12eb6 in /System/Library/Frameworks/AppKit.framework/Versions/C/AppKit at 0x00007fff92aa9000
R11=0xf000000000000000 is an unknown value
R12=0x0000000000000000 is an unknown value
R13={method} {0x00000001761fd028} 'UnsetJAWTRootSurfaceLayer0' '(JJ)V' in 'jogamp/nativewindow/jawt/macosx/MacOSXJAWTWindow'
R14=0x00000001746e3440: Java_jogamp_nativewindow_macosx_OSXUtil_GetScreenRefreshRate0+0x1ce0 in /private/var/folders/vm/c6ql63410d962mlmgt4yhc5h0000gn/T/jogamp_0000/file_cache/jln8502164193948280796/jln1597679121039952723/libnativewindow_macosx.jnilib at 0x00000001746dc000
R15=0x00007f895c072800 is a thread


Stack: [0x00007fff584ab000,0x00007fff58cab000],  sp=0x00007fff58ca63b8,  free space=8172k
Native frames: (J=compiled Java code, j=interpreted, Vv=VM code, C=native code)
C  [libobjc.A.dylib+0x5097]  objc_msgSend+0x17
j  jogamp.nativewindow.jawt.macosx.MacOSXJAWTWindow.UnsetJAWTRootSurfaceLayer0(JJ)V+0
j  jogamp.nativewindow.jawt.macosx.MacOSXJAWTWindow.access$200(JJ)V+2
j  jogamp.nativewindow.jawt.macosx.MacOSXJAWTWindow$1.run()V+38
j  com.jogamp.common.util.RunnableTask.run()V+24
v  ~StubRoutines::call_stub
V  [libjvm.dylib+0x2ea39e]  JavaCalls::call_helper(JavaValue*, methodHandle*, JavaCallArguments*, Thread*)+0x6ae
V  [libjvm.dylib+0x3214a7]  jni_invoke_nonstatic(JNIEnv_*, JavaValue*, _jobject*, JNICallType, _jmethodID*, JNI_ArgumentPusher*, Thread*)+0x2ec
V  [libjvm.dylib+0x313c7b]  jni_CallVoidMethod+0x16b
C  [libnativewindow_macosx.jnilib+0x5326]  Java_jogamp_nativewindow_jawt_macosx_MacOSXJAWTWindow_UnsetJAWTRootSurfaceLayer0+0x2b6
C  [Foundation+0x6375e]  __NSThreadPerformPerform+0xe5
C  [CoreFoundation+0x7f5b1]  __CFRUNLOOP_IS_CALLING_OUT_TO_A_SOURCE0_PERFORM_FUNCTION__+0x11
C  [CoreFoundation+0x70d29]  __CFRunLoopDoSources0+0x1b9
C  [CoreFoundation+0x703ef]  __CFRunLoopRun+0x33f
C  [CoreFoundation+0x6fe75]  CFRunLoopRunSpecific+0x135
C  [HIToolbox+0x2ea0d]  RunCurrentEventLoopInMode+0xe2
C  [HIToolbox+0x2e685]  ReceiveNextEventCommon+0xad
C  [HIToolbox+0x2e5bc]  _BlockUntilNextEventMatchingListInModeWithFilter+0x41
C  [AppKit+0x2424e]  _DPSNextEvent+0x59a
C  [AppKit+0x2389b]  -[NSApplication nextEventMatchingMask:untilDate:inMode:dequeue:]+0x7a
C  [libosxapp.dylib+0x23aa]  -[NSApplicationAWT nextEventMatchingMask:untilDate:inMode:dequeue:]+0x7c
C  [AppKit+0x1799c]  -[NSApplication run]+0x229
C  [libosxapp.dylib+0x214d]  +[NSApplicationAWT runAWTLoopWithApp:]+0x9c
C  [libawt_lwawt.dylib+0x4455b]  -[AWTStarter starter:]+0x389
C  [Foundation+0x6375e]  __NSThreadPerformPerform+0xe5
C  [CoreFoundation+0x7f5b1]  __CFRUNLOOP_IS_CALLING_OUT_TO_A_SOURCE0_PERFORM_FUNCTION__+0x11
C  [CoreFoundation+0x70c62]  __CFRunLoopDoSources0+0xf2
C  [CoreFoundation+0x703ef]  __CFRunLoopRun+0x33f
C  [CoreFoundation+0x6fe75]  CFRunLoopRunSpecific+0x135
C  [java+0x6463]  CreateExecutionEnvironment+0x367
C  [java+0x21ac]  JLI_Launch+0x7a0
C  [java+0x84c0]  main+0x65
C  [java+0x1a04]  start+0x34
C  0x0000000000000007

Java frames: (J=compiled Java code, j=interpreted, Vv=VM code)
j  jogamp.nativewindow.jawt.macosx.MacOSXJAWTWindow.UnsetJAWTRootSurfaceLayer0(JJ)V+0
j  jogamp.nativewindow.jawt.macosx.MacOSXJAWTWindow.access$200(JJ)V+2
j  jogamp.nativewindow.jawt.macosx.MacOSXJAWTWindow$1.run()V+38
j  com.jogamp.common.util.RunnableTask.run()V+24
v  ~StubRoutines::call_stub

---------------  P R O C E S S  ---------------

Java Threads: ( => current thread )
  0x00007f895fb86800 JavaThread "Thread-19" [_thread_blocked, id=62363, stack(0x000000017cd22000,0x000000017ce22000)]
  0x00007f895a955800 JavaThread "AWT-EventQueue-1" [_thread_in_native, id=56587, stack(0x0000000174c6e000,0x0000000174d6e000)]
  0x00007f895a856800 JavaThread "DestroyJavaVM" [_thread_blocked, id=6403, stack(0x000000010706b000,0x000000010716b000)]
  0x00007f895c11c000 JavaThread "AWT-EventQueue-0" [_thread_blocked, id=53767, stack(0x00000001236f1000,0x00000001237f1000)]
  0x00007f895b939800 JavaThread "Java2D Disposer" daemon [_thread_blocked, id=48947, stack(0x0000000122327000,0x0000000122427000)]
  0x00007f895b909800 JavaThread "Java2D Queue Flusher" daemon [_thread_blocked, id=47623, stack(0x0000000120fca000,0x00000001210ca000)]
  0x00007f895c073800 JavaThread "AWT-Shutdown" [_thread_blocked, id=27151, stack(0x000000011e596000,0x000000011e696000)]
=>0x00007f895c072800 JavaThread "AWT-AppKit" daemon [_thread_in_native, id=3335, stack(0x00007fff584ab000,0x00007fff58cab000)]
  0x00007f895a832000 JavaThread "Service Thread" daemon [_thread_blocked, id=19715, stack(0x000000011c9bc000,0x000000011cabc000)]
  0x00007f895c021800 JavaThread "C1 CompilerThread2" daemon [_thread_blocked, id=19203, stack(0x000000011c8b9000,0x000000011c9b9000)]
  0x00007f895c021000 JavaThread "C2 CompilerThread1" daemon [_thread_blocked, id=18691, stack(0x000000011c7b6000,0x000000011c8b6000)]
  0x00007f895b820800 JavaThread "C2 CompilerThread0" daemon [_thread_blocked, id=18179, stack(0x000000011c6b3000,0x000000011c7b3000)]
  0x00007f895b81f000 JavaThread "Signal Dispatcher" daemon [_thread_blocked, id=17667, stack(0x000000011c5b0000,0x000000011c6b0000)]
  0x00007f895c00d800 JavaThread "Finalizer" daemon [_thread_blocked, id=12547, stack(0x000000011c35f000,0x000000011c45f000)]
  0x00007f895c000800 JavaThread "Reference Handler" daemon [_thread_blocked, id=12035, stack(0x000000011c25c000,0x000000011c35c000)]

Other Threads:
  0x00007f895b831800 VMThread [stack: 0x000000011c159000,0x000000011c259000] [id=11523]
  0x00007f895c012000 WatcherThread [stack: 0x000000011cabf000,0x000000011cbbf000] [id=20227]

VM state:not at safepoint (normal execution)

VM Mutex/Monitor currently owned by a thread: None

Heap:
 PSYoungGen      total 20992K, used 20372K [0x00000007aab00000, 0x00000007ac080000, 0x00000007c0000000)
  eden space 20480K, 99% used [0x00000007aab00000,0x00000007abecd1b8,0x00000007abf00000)
  from space 512K, 18% used [0x00000007abf80000,0x00000007abf98000,0x00000007ac000000)
  to   space 512K, 0% used [0x00000007ac000000,0x00000007ac000000,0x00000007ac080000)
 ParOldGen       total 47104K, used 17806K [0x0000000780000000, 0x0000000782e00000, 0x00000007aab00000)
  object space 47104K, 37% used [0x0000000780000000,0x0000000781163ae8,0x0000000782e00000)
 Metaspace       used 21439K, capacity 21627K, committed 21808K, reserved 1069056K
  class space    used 2072K, capacity 2144K, committed 2176K, reserved 1048576K

Card table byte_map: [0x0000000117d4f000,0x0000000117f50000] byte_map_base: 0x000000011414f000

Marking Bits: (ParMarkBitMap*) 0x00000001082e3ea0
 Begin Bits: [0x00000001184b2000, 0x00000001194b2000)
 End Bits:   [0x00000001194b2000, 0x000000011a4b2000)

Polling page: 0x00000001071b0000

CodeCache: size=245760Kb used=9998Kb max_used=10626Kb free=235761Kb
 bounds [0x000000010898f000, 0x000000010941f000, 0x000000011798f000]
 total_blobs=3656 nmethods=2767 adapters=802
 compilation: enabled

Compilation events (10 events):
Event: 842.309 Thread 0x00007f895c021800 3366       3       sun.lwawt.macosx.CCursorManager::setCursor (111 bytes)
Event: 842.309 Thread 0x00007f895c021800 nmethod 3366 0x0000000108bb1cd0 code [0x0000000108bb1ec0, 0x0000000108bb26f8]
Event: 876.695 Thread 0x00007f895c021800 3367   !   3       processing.core.PApplet$RegisteredMethods::handle (83 bytes)
Event: 876.696 Thread 0x00007f895c021800 nmethod 3367 0x00000001091a0150 code [0x00000001091a0360, 0x00000001091a0e78]
Event: 876.767 Thread 0x00007f895c021800 3368  s    3       sun.awt.im.InputContext::getInputMethod (34 bytes)
Event: 876.768 Thread 0x00007f895c021800 nmethod 3368 0x0000000108e64250 code [0x0000000108e643e0, 0x0000000108e64828]
Event: 878.094 Thread 0x00007f895c021000 3369       4       sun.java2d.SurfaceData::pixelFor (13 bytes)
Event: 878.095 Thread 0x00007f895c021000 nmethod 3369 0x0000000108a9fa10 code [0x0000000108a9fb60, 0x0000000108a9fc58]
Event: 878.119 Thread 0x00007f895c021800 3370       1       sun.java2d.SurfaceData::isValid (5 bytes)
Event: 878.119 Thread 0x00007f895c021800 nmethod 3370 0x0000000108ee0a10 code [0x0000000108ee0b60, 0x0000000108ee0c70]

GC Heap History (10 events):
Event: 868.143 GC heap before
{Heap before GC invocations=410 (full 1):
 PSYoungGen      total 20992K, used 20640K [0x00000007aab00000, 0x00000007ac080000, 0x00000007c0000000)
  eden space 20480K, 100% used [0x00000007aab00000,0x00000007abf00000,0x00000007abf00000)
  from space 512K, 31% used [0x00000007ac000000,0x00000007ac028000,0x00000007ac080000)
  to   space 512K, 0% used [0x00000007abf80000,0x00000007abf80000,0x00000007ac000000)
 ParOldGen       total 47104K, used 17686K [0x0000000780000000, 0x0000000782e00000, 0x00000007aab00000)
  object space 47104K, 37% used [0x0000000780000000,0x0000000781145ae8,0x0000000782e00000)
 Metaspace       used 21402K, capacity 21563K, committed 21808K, reserved 1069056K
  class space    used 2064K, capacity 2144K, committed 2176K, reserved 1048576K
Event: 868.145 GC heap after
Heap after GC invocations=410 (full 1):
 PSYoungGen      total 20992K, used 128K [0x00000007aab00000, 0x00000007ac080000, 0x00000007c0000000)
  eden space 20480K, 0% used [0x00000007aab00000,0x00000007aab00000,0x00000007abf00000)
  from space 512K, 25% used [0x00000007abf80000,0x00000007abfa0000,0x00000007ac000000)
  to   space 512K, 0% used [0x00000007ac000000,0x00000007ac000000,0x00000007ac080000)
 ParOldGen       total 47104K, used 17702K [0x0000000780000000, 0x0000000782e00000, 0x00000007aab00000)
  object space 47104K, 37% used [0x0000000780000000,0x0000000781149ae8,0x0000000782e00000)
 Metaspace       used 21402K, capacity 21563K, committed 21808K, reserved 1069056K
  class space    used 2064K, capacity 2144K, committed 2176K, reserved 1048576K
}
Event: 870.160 GC heap before
{Heap before GC invocations=411 (full 1):
 PSYoungGen      total 20992K, used 20608K [0x00000007aab00000, 0x00000007ac080000, 0x00000007c0000000)
  eden space 20480K, 100% used [0x00000007aab00000,0x00000007abf00000,0x00000007abf00000)
  from space 512K, 25% used [0x00000007abf80000,0x00000007abfa0000,0x00000007ac000000)
  to   space 512K, 0% used [0x00000007ac000000,0x00000007ac000000,0x00000007ac080000)
 ParOldGen       total 47104K, used 17702K [0x0000000780000000, 0x0000000782e00000, 0x00000007aab00000)
  object space 47104K, 37% used [0x0000000780000000,0x0000000781149ae8,0x0000000782e00000)
 Metaspace       used 21402K, capacity 21563K, committed 21808K, reserved 1069056K
  class space    used 2064K, capacity 2144K, committed 2176K, reserved 1048576K
Event: 870.162 GC heap after
Heap after GC invocations=411 (full 1):
 PSYoungGen      total 20992K, used 128K [0x00000007aab00000, 0x00000007ac080000, 0x00000007c0000000)
  eden space 20480K, 0% used [0x00000007aab00000,0x00000007aab00000,0x00000007abf00000)
  from space 512K, 25% used [0x00000007ac000000,0x00000007ac020000,0x00000007ac080000)
  to   space 512K, 0% used [0x00000007abf80000,0x00000007abf80000,0x00000007ac000000)
 ParOldGen       total 47104K, used 17726K [0x0000000780000000, 0x0000000782e00000, 0x00000007aab00000)
  object space 47104K, 37% used [0x0000000780000000,0x000000078114fae8,0x0000000782e00000)
 Metaspace       used 21402K, capacity 21563K, committed 21808K, reserved 1069056K
  class space    used 2064K, capacity 2144K, committed 2176K, reserved 1048576K
}
Event: 872.192 GC heap before
{Heap before GC invocations=412 (full 1):
 PSYoungGen      total 20992K, used 20608K [0x00000007aab00000, 0x00000007ac080000, 0x00000007c0000000)
  eden space 20480K, 100% used [0x00000007aab00000,0x00000007abf00000,0x00000007abf00000)
  from space 512K, 25% used [0x00000007ac000000,0x00000007ac020000,0x00000007ac080000)
  to   space 512K, 0% used [0x00000007abf80000,0x00000007abf80000,0x00000007ac000000)
 ParOldGen       total 47104K, used 17726K [0x0000000780000000, 0x0000000782e00000, 0x00000007aab00000)
  object space 47104K, 37% used [0x0000000780000000,0x000000078114fae8,0x0000000782e00000)
 Metaspace       used 21402K, capacity 21563K, committed 21808K, reserved 1069056K
  class space    used 2064K, capacity 2144K, committed 2176K, reserved 1048576K
Event: 872.194 GC heap after
Heap after GC invocations=412 (full 1):
 PSYoungGen      total 20992K, used 128K [0x00000007aab00000, 0x00000007ac080000, 0x00000007c0000000)
  eden space 20480K, 0% used [0x00000007aab00000,0x00000007aab00000,0x00000007abf00000)
  from space 512K, 25% used [0x00000007abf80000,0x00000007abfa0000,0x00000007ac000000)
  to   space 512K, 0% used [0x00000007ac000000,0x00000007ac000000,0x00000007ac080000)
 ParOldGen       total 47104K, used 17750K [0x0000000780000000, 0x0000000782e00000, 0x00000007aab00000)
  object space 47104K, 37% used [0x0000000780000000,0x0000000781155ae8,0x0000000782e00000)
 Metaspace       used 21402K, capacity 21563K, committed 21808K, reserved 1069056K
  class space    used 2064K, capacity 2144K, committed 2176K, reserved 1048576K
}
Event: 874.208 GC heap before
{Heap before GC invocations=413 (full 1):
 PSYoungGen      total 20992K, used 20608K [0x00000007aab00000, 0x00000007ac080000, 0x00000007c0000000)
  eden space 20480K, 100% used [0x00000007aab00000,0x00000007abf00000,0x00000007abf00000)
  from space 512K, 25% used [0x00000007abf80000,0x00000007abfa0000,0x00000007ac000000)
  to   space 512K, 0% used [0x00000007ac000000,0x00000007ac000000,0x00000007ac080000)
 ParOldGen       total 47104K, used 17750K [0x0000000780000000, 0x0000000782e00000, 0x00000007aab00000)
  object space 47104K, 37% used [0x0000000780000000,0x0000000781155ae8,0x0000000782e00000)
 Metaspace       used 21402K, capacity 21563K, committed 21808K, reserved 1069056K
  class space    used 2064K, capacity 2144K, committed 2176K, reserved 1048576K
Event: 874.210 GC heap after
Heap after GC invocations=413 (full 1):
 PSYoungGen      total 20992K, used 96K [0x00000007aab00000, 0x00000007ac080000, 0x00000007c0000000)
  eden space 20480K, 0% used [0x00000007aab00000,0x00000007aab00000,0x00000007abf00000)
  from space 512K, 18% used [0x00000007ac000000,0x00000007ac018000,0x00000007ac080000)
  to   space 512K, 0% used [0x00000007abf80000,0x00000007abf80000,0x00000007ac000000)
 ParOldGen       total 47104K, used 17806K [0x0000000780000000, 0x0000000782e00000, 0x00000007aab00000)
  object space 47104K, 37% used [0x0000000780000000,0x0000000781163ae8,0x0000000782e00000)
 Metaspace       used 21402K, capacity 21563K, committed 21808K, reserved 1069056K
  class space    used 2064K, capacity 2144K, committed 2176K, reserved 1048576K
}
Event: 876.227 GC heap before
{Heap before GC invocations=414 (full 1):
 PSYoungGen      total 20992K, used 20576K [0x00000007aab00000, 0x00000007ac080000, 0x00000007c0000000)
  eden space 20480K, 100% used [0x00000007aab00000,0x00000007abf00000,0x00000007abf00000)
  from space 512K, 18% used [0x00000007ac000000,0x00000007ac018000,0x00000007ac080000)
  to   space 512K, 0% used [0x00000007abf80000,0x00000007abf80000,0x00000007ac000000)
 ParOldGen       total 47104K, used 17806K [0x0000000780000000, 0x0000000782e00000, 0x00000007aab00000)
  object space 47104K, 37% used [0x0000000780000000,0x0000000781163ae8,0x0000000782e00000)
 Metaspace       used 21402K, capacity 21563K, committed 21808K, reserved 1069056K
  class space    used 2064K, capacity 2144K, committed 2176K, reserved 1048576K
Event: 876.228 GC heap after
Heap after GC invocations=414 (full 1):
 PSYoungGen      total 20992K, used 96K [0x00000007aab00000, 0x00000007ac080000, 0x00000007c0000000)
  eden space 20480K, 0% used [0x00000007aab00000,0x00000007aab00000,0x00000007abf00000)
  from space 512K, 18% used [0x00000007abf80000,0x00000007abf98000,0x00000007ac000000)
  to   space 512K, 0% used [0x00000007ac000000,0x00000007ac000000,0x00000007ac080000)
 ParOldGen       total 47104K, used 17806K [0x0000000780000000, 0x0000000782e00000, 0x00000007aab00000)
  object space 47104K, 37% used [0x0000000780000000,0x0000000781163ae8,0x0000000782e00000)
 Metaspace       used 21402K, capacity 21563K, committed 21808K, reserved 1069056K
  class space    used 2064K, capacity 2144K, committed 2176K, reserved 1048576K
}

Deoptimization events (10 events):
Event: 878.118 Thread 0x00007f895c11c000 Uncommon trap: reason=unstable_if action=reinterpret pc=0x0000000108ee0554 method=java.awt.Font.equals(Ljava/lang/Object;)Z @ 2
Event: 878.155 Thread 0x00007f895a955800 Uncommon trap: reason=class_check action=maybe_recompile pc=0x0000000109053a00 method=java.awt.event.InvocationEvent.dispatch()V @ 11
Event: 878.158 Thread 0x00007f895b1b6000 Uncommon trap: reason=unstable_if action=reinterpret pc=0x0000000108ec6e08 method=java.util.HashMap.putVal(ILjava/lang/Object;Ljava/lang/Object;ZZ)Ljava/lang/Object; @ 81
Event: 878.158 Thread 0x00007f895b1b6000 Uncommon trap: reason=unstable_if action=reinterpret pc=0x0000000108ec8568 method=java.util.HashMap.putVal(ILjava/lang/Object;Ljava/lang/Object;ZZ)Ljava/lang/Object; @ 81
Event: 878.158 Thread 0x00007f895c11c000 Uncommon trap: reason=class_check action=maybe_recompile pc=0x000000010926d6f0 method=java.awt.event.InvocationEvent.dispatch()V @ 47
Event: 878.158 Thread 0x00007f895c11c000 Uncommon trap: reason=class_check action=maybe_recompile pc=0x0000000108f5be88 method=java.awt.Component.getGraphics()Ljava/awt/Graphics; @ 114
Event: 878.160 Thread 0x00007f895c072800 Uncommon trap: reason=class_check action=maybe_recompile pc=0x0000000108fb9840 method=com.jogamp.common.util.RunnableTask.run()V @ 24
Event: 878.161 Thread 0x00007f895c072800 Uncommon trap: reason=unstable_if action=reinterpret pc=0x0000000108f64e3c method=jogamp.nativewindow.macosx.OSXUtil.RunOnMainThread(ZZLjava/lang/Runnable;)V @ 3
Event: 878.168 Thread 0x00007f895a955800 Uncommon trap: reason=unstable_if action=reinterpret pc=0x00000001093ef630 method=jogamp.opengl.GLContextImpl.release(Z)V @ 161
Event: 878.194 Thread 0x00007f895c072800 Uncommon trap: reason=class_check action=maybe_recompile pc=0x0000000108fb9840 method=com.jogamp.common.util.RunnableTask.run()V @ 24

Internal exceptions (10 events):
Event: 0.437 Thread 0x00007f895b804000 Exception <a 'java/lang/NoSuchFieldError': method resolution failed> (0x00000007aad0fc50) thrown at [/Users/java_re/workspace/8-2-build-macosx-x86_64/jdk8u77/6540/hotspot/src/share/vm/prims/methodHandles.cpp, line 1146]
Event: 0.660 Thread 0x00007f895b804000 Exception <a 'java/io/FileNotFoundException'> (0x00000007aad8b818) thrown at [/Users/java_re/workspace/8-2-build-macosx-x86_64/jdk8u77/6540/hotspot/src/share/vm/prims/jni.cpp, line 709]
Event: 0.660 Thread 0x00007f895b804000 Exception <a 'java/io/FileNotFoundException'> (0x00000007aad8c360) thrown at [/Users/java_re/workspace/8-2-build-macosx-x86_64/jdk8u77/6540/hotspot/src/share/vm/prims/jni.cpp, line 709]
Event: 0.924 Thread 0x00007f895b804000 Exception <a 'java/io/FileNotFoundException'> (0x00000007aae76e78) thrown at [/Users/java_re/workspace/8-2-build-macosx-x86_64/jdk8u77/6540/hotspot/src/share/vm/prims/jni.cpp, line 709]
Event: 4.621 Thread 0x00007f895c00d800 Exception <a 'java/lang/NullPointerException'> (0x00000007aab59b68) thrown at [/Users/java_re/workspace/8-2-build-macosx-x86_64/jdk8u77/6540/hotspot/src/share/vm/interpreter/linkResolver.cpp, line 1178]
Event: 4.780 Thread 0x00007f895b804000 Exception <a 'java/lang/UnsatisfiedLinkError': com.jogamp.common.util.JarUtil.fixNativeLibAttribs(Ljava/lang/String;)Z> (0x00000007aaf9c0c8) thrown at [/Users/java_re/workspace/8-2-build-macosx-x86_64/jdk8u77/6540/hotspot/src/share/vm/prims/nativeLookup.c
Event: 5.791 Thread 0x00007f895a955800 Exception <a 'java/io/FileNotFoundException'> (0x00000007ab2efa40) thrown at [/Users/java_re/workspace/8-2-build-macosx-x86_64/jdk8u77/6540/hotspot/src/share/vm/prims/jni.cpp, line 709]
Event: 5.792 Thread 0x00007f895a955800 Exception <a 'java/io/FileNotFoundException'> (0x00000007ab2f70c0) thrown at [/Users/java_re/workspace/8-2-build-macosx-x86_64/jdk8u77/6540/hotspot/src/share/vm/prims/jni.cpp, line 709]
Event: 5.792 Thread 0x00007f895a955800 Implicit null exception at 0x0000000108b4a975 to 0x0000000108b4acd9
Event: 7.291 Thread 0x00007f895a955800 Implicit null exception at 0x0000000108ecbdaa to 0x0000000108ecbe15

Events (10 events):
Event: 878.174 loading class java/awt/Toolkit$ToolkitEventMulticaster
Event: 878.174 loading class java/awt/Toolkit$ToolkitEventMulticaster done
Event: 878.174 Executing VM operation: RevokeBias
Event: 878.174 Executing VM operation: RevokeBias done
Event: 878.175 Thread 0x00007f895b1b6000 Thread exited: 0x00007f895b1b6000
Event: 878.175 loading class java/awt/Window$1DisposeAction
Event: 878.175 loading class java/awt/Window$1DisposeAction done
Event: 878.194 Thread 0x00007f895c072800 Uncommon trap: trap_request=0xffffffde fr.pc=0x0000000108fb9840
Event: 878.194 Thread 0x00007f895c072800 DEOPT PACKING pc=0x0000000108fb9840 sp=0x00007fff58ca6630
Event: 878.194 Thread 0x00007f895c072800 DEOPT UNPACKING pc=0x0000000108994229 sp=0x00007fff58ca65d8 mode 2


Dynamic libraries:
0x000000000637b000 	/System/Library/Frameworks/Cocoa.framework/Versions/A/Cocoa
0x000000000637b000 	/System/Library/Frameworks/Security.framework/Versions/A/Security
0x000000000637b000 	/System/Library/Frameworks/ApplicationServices.framework/Versions/A/ApplicationServices
0x000000000637b000 	/usr/lib/libz.1.dylib
0x000000000637b000 	/usr/lib/libSystem.B.dylib
0x000000000637b000 	/usr/lib/libobjc.A.dylib
0x000000000637b000 	/System/Library/Frameworks/CoreFoundation.framework/Versions/A/CoreFoundation
0x000000000637b000 	/System/Library/Frameworks/Foundation.framework/Versions/C/Foundation
0x000000000637b000 	/System/Library/Frameworks/AppKit.framework/Versions/C/AppKit
0x000000000637b000 	/System/Library/Frameworks/CoreData.framework/Versions/A/CoreData
0x000000000637b000 	/System/Library/PrivateFrameworks/RemoteViewServices.framework/Versions/A/RemoteViewServices
0x000000000637b000 	/System/Library/Frameworks/AudioToolbox.framework/Versions/A/AudioToolbox
0x000000000637b000 	/System/Library/Frameworks/AudioUnit.framework/Versions/A/AudioUnit
0x000000000637b000 	/System/Library/PrivateFrameworks/DataDetectorsCore.framework/Versions/A/DataDetectorsCore
0x000000000637b000 	/System/Library/PrivateFrameworks/DesktopServicesPriv.framework/Versions/A/DesktopServicesPriv
0x000000000637b000 	/System/Library/Frameworks/Carbon.framework/Versions/A/Frameworks/HIToolbox.framework/Versions/A/HIToolbox
0x000000000637b000 	/System/Library/Frameworks/QuartzCore.framework/Versions/A/QuartzCore
0x000000000637b000 	/System/Library/Frameworks/Carbon.framework/Versions/A/Frameworks/SpeechRecognition.framework/Versions/A/SpeechRecognition
0x000000000637b000 	/usr/lib/libauto.dylib
0x000000000637b000 	/usr/lib/libicucore.A.dylib
0x000000000637b000 	/usr/lib/libxml2.2.dylib
0x000000000637b000 	/System/Library/PrivateFrameworks/CoreUI.framework/Versions/A/CoreUI
0x000000000637b000 	/System/Library/Frameworks/CoreAudio.framework/Versions/A/CoreAudio
0x000000000637b000 	/System/Library/Frameworks/DiskArbitration.framework/Versions/A/DiskArbitration
0x000000000637b000 	/usr/lib/liblangid.dylib
0x000000000637b000 	/System/Library/PrivateFrameworks/MultitouchSupport.framework/Versions/A/MultitouchSupport
0x000000000637b000 	/System/Library/Frameworks/IOKit.framework/Versions/A/IOKit
0x000000000637b000 	/usr/lib/libDiagnosticMessagesClient.dylib
0x000000000637b000 	/System/Library/Frameworks/CoreServices.framework/Versions/A/CoreServices
0x000000000637b000 	/System/Library/PrivateFrameworks/PerformanceAnalysis.framework/Versions/A/PerformanceAnalysis
0x000000000637b000 	/System/Library/PrivateFrameworks/GenerationalStorage.framework/Versions/A/GenerationalStorage
0x000000000637b000 	/System/Library/Frameworks/OpenGL.framework/Versions/A/OpenGL
0x000000000637b000 	/System/Library/PrivateFrameworks/Sharing.framework/Versions/A/Sharing
0x000000000637b000 	/System/Library/Frameworks/ImageIO.framework/Versions/A/ImageIO
0x000000000637b000 	/System/Library/Frameworks/CoreText.framework/Versions/A/CoreText
0x000000000637b000 	/System/Library/Frameworks/CoreGraphics.framework/Versions/A/CoreGraphics
0x000000000637b000 	/System/Library/PrivateFrameworks/Backup.framework/Versions/A/Backup
0x000000000637b000 	/System/Library/Frameworks/CFNetwork.framework/Versions/A/CFNetwork
0x000000000637b000 	/System/Library/Frameworks/SystemConfiguration.framework/Versions/A/SystemConfiguration
0x000000000637b000 	/usr/lib/libCRFSuite.dylib
0x000000000637b000 	/usr/lib/libc++.1.dylib
0x000000000637b000 	/usr/lib/libc++abi.dylib
0x000000000637b000 	/usr/lib/system/libcache.dylib
0x000000000637b000 	/usr/lib/system/libcommonCrypto.dylib
0x000000000637b000 	/usr/lib/system/libcompiler_rt.dylib
0x000000000637b000 	/usr/lib/system/libcopyfile.dylib
0x000000000637b000 	/usr/lib/system/libcorecrypto.dylib
0x000000000637b000 	/usr/lib/system/libdispatch.dylib
0x000000000637b000 	/usr/lib/system/libdyld.dylib
0x000000000637b000 	/usr/lib/system/libkeymgr.dylib
0x000000000637b000 	/usr/lib/system/liblaunch.dylib
0x000000000637b000 	/usr/lib/system/libmacho.dylib
0x000000000637b000 	/usr/lib/system/libquarantine.dylib
0x000000000637b000 	/usr/lib/system/libremovefile.dylib
0x000000000637b000 	/usr/lib/system/libsystem_asl.dylib
0x000000000637b000 	/usr/lib/system/libsystem_blocks.dylib
0x000000000637b000 	/usr/lib/system/libsystem_c.dylib
0x000000000637b000 	/usr/lib/system/libsystem_configuration.dylib
0x000000000637b000 	/usr/lib/system/libsystem_dnssd.dylib
0x000000000637b000 	/usr/lib/system/libsystem_info.dylib
0x000000000637b000 	/usr/lib/system/libsystem_kernel.dylib
0x000000000637b000 	/usr/lib/system/libsystem_m.dylib
0x000000000637b000 	/usr/lib/system/libsystem_malloc.dylib
0x000000000637b000 	/usr/lib/system/libsystem_network.dylib
0x000000000637b000 	/usr/lib/system/libsystem_notify.dylib
0x000000000637b000 	/usr/lib/system/libsystem_platform.dylib
0x000000000637b000 	/usr/lib/system/libsystem_pthread.dylib
0x000000000637b000 	/usr/lib/system/libsystem_sandbox.dylib
0x000000000637b000 	/usr/lib/system/libsystem_stats.dylib
0x000000000637b000 	/usr/lib/system/libunc.dylib
0x000000000637b000 	/usr/lib/system/libunwind.dylib
0x000000000637b000 	/usr/lib/system/libxpc.dylib
0x000000000637b000 	/usr/lib/libbsm.0.dylib
0x000000000637b000 	/usr/lib/libsqlite3.dylib
0x000000000637b000 	/usr/lib/libxar.1.dylib
0x000000000637b000 	/usr/lib/libpam.2.dylib
0x000000000637b000 	/usr/lib/libOpenScriptingUtil.dylib
0x000000000637b000 	/usr/lib/libbz2.1.0.dylib
0x000000000637b000 	/System/Library/Frameworks/CoreServices.framework/Versions/A/Frameworks/CarbonCore.framework/Versions/A/CarbonCore
0x000000000637b000 	/System/Library/Frameworks/CoreServices.framework/Versions/A/Frameworks/Metadata.framework/Versions/A/Metadata
0x000000000637b000 	/System/Library/Frameworks/CoreServices.framework/Versions/A/Frameworks/OSServices.framework/Versions/A/OSServices
0x000000000637b000 	/System/Library/Frameworks/CoreServices.framework/Versions/A/Frameworks/SearchKit.framework/Versions/A/SearchKit
0x000000000637b000 	/System/Library/Frameworks/CoreServices.framework/Versions/A/Frameworks/AE.framework/Versions/A/AE
0x000000000637b000 	/System/Library/Frameworks/CoreServices.framework/Versions/A/Frameworks/LaunchServices.framework/Versions/A/LaunchServices
0x000000000637b000 	/System/Library/Frameworks/CoreServices.framework/Versions/A/Frameworks/DictionaryServices.framework/Versions/A/DictionaryServices
0x000000000637b000 	/System/Library/Frameworks/NetFS.framework/Versions/A/NetFS
0x000000000637b000 	/usr/lib/system/libkxld.dylib
0x000000000637b000 	/System/Library/PrivateFrameworks/NetAuth.framework/Versions/A/NetAuth
0x000000000637b000 	/System/Library/PrivateFrameworks/TCC.framework/Versions/A/TCC
0x000000000637b000 	/System/Library/Frameworks/OpenDirectory.framework/Versions/A/Frameworks/CFOpenDirectory.framework/Versions/A/CFOpenDirectory
0x000000000637b000 	/System/Library/Frameworks/ServiceManagement.framework/Versions/A/ServiceManagement
0x000000000637b000 	/usr/lib/libxslt.1.dylib
0x000000000637b000 	/System/Library/Frameworks/Carbon.framework/Versions/A/Frameworks/Ink.framework/Versions/A/Ink
0x000000000637b000 	/System/Library/Frameworks/ApplicationServices.framework/Versions/A/Frameworks/ATS.framework/Versions/A/ATS
0x000000000637b000 	/System/Library/Frameworks/ApplicationServices.framework/Versions/A/Frameworks/ColorSync.framework/Versions/A/ColorSync
0x000000000637b000 	/System/Library/Frameworks/ApplicationServices.framework/Versions/A/Frameworks/HIServices.framework/Versions/A/HIServices
0x000000000637b000 	/System/Library/Frameworks/ApplicationServices.framework/Versions/A/Frameworks/LangAnalysis.framework/Versions/A/LangAnalysis
0x000000000637b000 	/System/Library/Frameworks/ApplicationServices.framework/Versions/A/Frameworks/PrintCore.framework/Versions/A/PrintCore
0x000000000637b000 	/System/Library/Frameworks/ApplicationServices.framework/Versions/A/Frameworks/QD.framework/Versions/A/QD
0x000000000637b000 	/System/Library/Frameworks/ApplicationServices.framework/Versions/A/Frameworks/SpeechSynthesis.framework/Versions/A/SpeechSynthesis
0x000000000637b000 	/System/Library/Frameworks/IOSurface.framework/Versions/A/IOSurface
0x000000000637b000 	/System/Library/Frameworks/Accelerate.framework/Versions/A/Accelerate
0x000000000637b000 	/System/Library/Frameworks/Accelerate.framework/Versions/A/Frameworks/vImage.framework/Versions/A/vImage
0x000000000637b000 	/System/Library/Frameworks/Accelerate.framework/Versions/A/Frameworks/vecLib.framework/Versions/A/vecLib
0x000000000637b000 	/System/Library/Frameworks/Accelerate.framework/Versions/A/Frameworks/vecLib.framework/Versions/A/libvDSP.dylib
0x000000000637b000 	/System/Library/Frameworks/Accelerate.framework/Versions/A/Frameworks/vecLib.framework/Versions/A/libvMisc.dylib
0x000000000637b000 	/System/Library/Frameworks/Accelerate.framework/Versions/A/Frameworks/vecLib.framework/Versions/A/libLAPACK.dylib
0x000000000637b000 	/System/Library/Frameworks/Accelerate.framework/Versions/A/Frameworks/vecLib.framework/Versions/A/libBLAS.dylib
0x000000000637b000 	/System/Library/Frameworks/ApplicationServices.framework/Versions/A/Frameworks/ATS.framework/Versions/A/Resources/libFontParser.dylib
0x000000000637b000 	/System/Library/Frameworks/ApplicationServices.framework/Versions/A/Frameworks/ATS.framework/Versions/A/Resources/libFontRegistry.dylib
0x000000000637b000 	/System/Library/Frameworks/ImageIO.framework/Versions/A/Resources/libJPEG.dylib
0x000000000637b000 	/System/Library/Frameworks/ImageIO.framework/Versions/A/Resources/libTIFF.dylib
0x000000000637b000 	/System/Library/Frameworks/ImageIO.framework/Versions/A/Resources/libPng.dylib
0x000000000637b000 	/System/Library/Frameworks/ImageIO.framework/Versions/A/Resources/libGIF.dylib
0x000000000637b000 	/System/Library/Frameworks/ImageIO.framework/Versions/A/Resources/libJP2.dylib
0x000000000637b000 	/System/Library/Frameworks/ImageIO.framework/Versions/A/Resources/libRadiance.dylib
0x000000000637b000 	/usr/lib/libcups.2.dylib
0x000000000637b000 	/System/Library/Frameworks/Kerberos.framework/Versions/A/Kerberos
0x000000000637b000 	/System/Library/Frameworks/GSS.framework/Versions/A/GSS
0x000000000637b000 	/usr/lib/libresolv.9.dylib
0x000000000637b000 	/usr/lib/libiconv.2.dylib
0x000000000637b000 	/System/Library/PrivateFrameworks/Heimdal.framework/Versions/A/Heimdal
0x000000000637b000 	/System/Library/PrivateFrameworks/TrustEvaluationAgent.framework/Versions/A/TrustEvaluationAgent
0x000000000637b000 	/usr/lib/libheimdal-asn1.dylib
0x000000000637b000 	/System/Library/Frameworks/OpenDirectory.framework/Versions/A/OpenDirectory
0x000000000637b000 	/System/Library/PrivateFrameworks/CommonAuth.framework/Versions/A/CommonAuth
0x000000000637b000 	/System/Library/Frameworks/SecurityFoundation.framework/Versions/A/SecurityFoundation
0x000000000637b000 	/System/Library/PrivateFrameworks/Bom.framework/Versions/A/Bom
0x000000000637b000 	/System/Library/Frameworks/CoreVideo.framework/Versions/A/CoreVideo
0x000000000637b000 	/System/Library/Frameworks/QuartzCore.framework/Versions/A/Frameworks/CoreImage.framework/Versions/A/CoreImage
0x000000000637b000 	/System/Library/Frameworks/QuartzCore.framework/Versions/A/Frameworks/ScalableUserInterface.framework/Versions/A/ScalableUserInterface
0x000000000637b000 	/System/Library/Frameworks/OpenGL.framework/Versions/A/Libraries/libGLU.dylib
0x000000000637b000 	/System/Library/Frameworks/OpenGL.framework/Versions/A/Libraries/libGFXShared.dylib
0x000000000637b000 	/System/Library/Frameworks/OpenGL.framework/Versions/A/Libraries/libGL.dylib
0x000000000637b000 	/System/Library/Frameworks/OpenGL.framework/Versions/A/Libraries/libGLImage.dylib
0x000000000637b000 	/System/Library/Frameworks/OpenGL.framework/Versions/A/Libraries/libCVMSPluginSupport.dylib
0x000000000637b000 	/System/Library/Frameworks/OpenGL.framework/Versions/A/Libraries/libCoreVMClient.dylib
0x000000000637b000 	/System/Library/PrivateFrameworks/FaceCore.framework/Versions/A/FaceCore
0x000000000637b000 	/System/Library/PrivateFrameworks/CrashReporterSupport.framework/Versions/A/CrashReporterSupport
0x000000000637b000 	/System/Library/Frameworks/OpenCL.framework/Versions/A/OpenCL
0x000000000637b000 	/System/Library/PrivateFrameworks/AppleFSCompression.framework/Versions/A/AppleFSCompression
0x000000000637b000 	/System/Library/PrivateFrameworks/Ubiquity.framework/Versions/A/Ubiquity
0x000000000637b000 	/System/Library/PrivateFrameworks/IconServices.framework/Versions/A/IconServices
0x000000000637b000 	/System/Library/PrivateFrameworks/ChunkingLibrary.framework/Versions/A/ChunkingLibrary
0x000000000637b000 	/System/Library/PrivateFrameworks/CoreSymbolication.framework/Versions/A/CoreSymbolication
0x000000000637b000 	/System/Library/PrivateFrameworks/Symbolication.framework/Versions/A/Symbolication
0x000000000637b000 	/System/Library/PrivateFrameworks/DebugSymbols.framework/Versions/A/DebugSymbols
0x0000000107a00000 	/Library/Java/JavaVirtualMachines/jdk1.8.0_77.jdk/Contents/Home/jre/lib/server/libjvm.dylib
0x000000000637b000 	/usr/lib/libstdc++.6.dylib
0x000000010716d000 	/Library/Java/JavaVirtualMachines/jdk1.8.0_77.jdk/Contents/Home/jre/lib/libverify.dylib
0x000000010717b000 	/Library/Java/JavaVirtualMachines/jdk1.8.0_77.jdk/Contents/Home/jre/lib/libjava.dylib
0x00000001071ba000 	/Library/Java/JavaVirtualMachines/jdk1.8.0_77.jdk/Contents/Home/jre/lib/libzip.dylib
0x000000011c461000 	/System/Library/Frameworks/JavaVM.framework/Frameworks/JavaRuntimeSupport.framework/JavaRuntimeSupport
0x000000011c479000 	/System/Library/Frameworks/JavaVM.framework/Versions/A/Frameworks/JavaNativeFoundation.framework/Versions/A/JavaNativeFoundation
0x000000011c48e000 	/System/Library/Frameworks/JavaVM.framework/Versions/A/JavaVM
0x000000000637b000 	/System/Library/Frameworks/Carbon.framework/Versions/A/Carbon
0x000000011c49b000 	/System/Library/PrivateFrameworks/JavaLaunching.framework/Versions/A/JavaLaunching
0x000000000637b000 	/System/Library/Frameworks/Carbon.framework/Versions/A/Frameworks/CommonPanels.framework/Versions/A/CommonPanels
0x000000000637b000 	/System/Library/Frameworks/Carbon.framework/Versions/A/Frameworks/Help.framework/Versions/A/Help
0x000000000637b000 	/System/Library/Frameworks/Carbon.framework/Versions/A/Frameworks/ImageCapture.framework/Versions/A/ImageCapture
0x000000000637b000 	/System/Library/Frameworks/Carbon.framework/Versions/A/Frameworks/OpenScripting.framework/Versions/A/OpenScripting
0x000000000637b000 	/System/Library/Frameworks/Carbon.framework/Versions/A/Frameworks/Print.framework/Versions/A/Print
0x000000000637b000 	/System/Library/Frameworks/Carbon.framework/Versions/A/Frameworks/SecurityHI.framework/Versions/A/SecurityHI
0x000000011cc0c000 	/Library/Java/JavaVirtualMachines/jdk1.8.0_77.jdk/Contents/Home/jre/lib/libawt.dylib
0x000000011ccb4000 	/Library/Java/JavaVirtualMachines/jdk1.8.0_77.jdk/Contents/Home/jre/lib/./libmlib_image.dylib
0x000000011cd80000 	/Library/Java/JavaVirtualMachines/jdk1.8.0_77.jdk/Contents/Home/jre/lib/libawt_lwawt.dylib
0x000000011ce35000 	/Library/Java/JavaVirtualMachines/jdk1.8.0_77.jdk/Contents/Home/jre/lib/./libosxapp.dylib
0x000000000637b000 	/System/Library/Frameworks/ExceptionHandling.framework/Versions/A/ExceptionHandling
0x000000000637b000 	/System/Library/PrivateFrameworks/CoreServicesInternal.framework/Versions/A/CoreServicesInternal
0x000000000637b000 	/System/Library/PrivateFrameworks/Librarian.framework/Versions/A/Librarian
0x000000000637b000 	/System/Library/Frameworks/CoreGraphics.framework/Versions/A/Resources/libCGCMS.A.dylib
0x000000000637b000 	/System/Library/Frameworks/CoreGraphics.framework/Versions/A/Resources/libRIP.A.dylib
0x000000000637b000 	/System/Library/Frameworks/CoreGraphics.framework/Versions/A/Resources/libCGXType.A.dylib
0x000000000637b000 	/System/Library/PrivateFrameworks/FamilyControls.framework/Versions/A/FamilyControls
0x000000000637b000 	/System/Library/PrivateFrameworks/CommerceKit.framework/Versions/A/Frameworks/CommerceCore.framework/Versions/A/CommerceCore
0x000000000637b000 	/System/Library/PrivateFrameworks/SystemAdministration.framework/Versions/A/SystemAdministration
0x000000000637b000 	/System/Library/Frameworks/DirectoryService.framework/Versions/A/DirectoryService
0x000000000637b000 	/System/Library/PrivateFrameworks/DiskImages.framework/Versions/A/DiskImages
0x000000000637b000 	/System/Library/PrivateFrameworks/LoginUIKit.framework/Versions/A/Frameworks/LoginUICore.framework/Versions/A/LoginUICore
0x000000000637b000 	/usr/lib/libCoreStorage.dylib
0x000000000637b000 	/usr/lib/libcsfde.dylib
0x000000000637b000 	/usr/lib/libodfde.dylib
0x000000000637b000 	/System/Library/Frameworks/DiscRecording.framework/Versions/A/DiscRecording
0x000000000637b000 	/usr/lib/libcurl.4.dylib
0x000000000637b000 	/System/Library/PrivateFrameworks/MediaKit.framework/Versions/A/MediaKit
0x000000000637b000 	/System/Library/PrivateFrameworks/EFILogin.framework/Versions/A/EFILogin
0x000000000637b000 	/usr/lib/libutil.dylib
0x000000000637b000 	/System/Library/PrivateFrameworks/AOSNotification.framework/Versions/A/AOSNotification
0x000000000637b000 	/System/Library/Frameworks/LDAP.framework/Versions/A/LDAP
0x000000000637b000 	/usr/lib/libsasl2.2.dylib
0x000000000637b000 	/usr/lib/libcrypto.0.9.8.dylib
0x000000000637b000 	/usr/lib/libssl.0.9.8.dylib
0x000000000637b000 	/System/Library/Frameworks/OpenGL.framework/Versions/A/Resources/GLEngine.bundle/GLEngine
0x000000000637b000 	/System/Library/Frameworks/OpenGL.framework/Versions/A/Libraries/libGLProgrammability.dylib
0x00000001210cc000 	/System/Library/Extensions/AppleIntelHD5000GraphicsGLDriver.bundle/Contents/MacOS/AppleIntelHD5000GraphicsGLDriver
0x000000000637b000 	/System/Library/PrivateFrameworks/IOAccelerator.framework/Versions/A/IOAccelerator
0x000000000637b000 	/System/Library/PrivateFrameworks/GPUSupport.framework/Versions/A/Libraries/libGPUSupportMercury.dylib
0x000000000637b000 	/System/Library/Frameworks/OpenGL.framework/Versions/A/Resources/GLRendererFloat.bundle/GLRendererFloat
0x000000000637b000 	/System/Library/Frameworks/OpenCL.framework/Versions/A/Libraries/libcldcpuengine.dylib
0x0000000122429000 	/Library/Java/JavaVirtualMachines/jdk1.8.0_77.jdk/Contents/Home/jre/lib/libfontmanager.dylib
0x0000000123c1f000 	/Library/Java/JavaVirtualMachines/jdk1.8.0_77.jdk/Contents/Home/jre/lib/libosxui.dylib
0x0000000123cfe000 	/Library/Java/JavaVirtualMachines/jdk1.8.0_77.jdk/Contents/Home/jre/lib/libnet.dylib
0x0000000123d15000 	/Library/Java/JavaVirtualMachines/jdk1.8.0_77.jdk/Contents/Home/jre/lib/libnio.dylib
0x000000000637b000 	/System/Library/Frameworks/ApplicationServices.framework/Versions/A/Frameworks/ATS.framework/Versions/A/Resources/libTrueTypeScaler.dylib
0x00000001746a4000 	/private/var/folders/vm/c6ql63410d962mlmgt4yhc5h0000gn/T/jogamp_0000/file_cache/jln8502164193948280796/jln1597679121039952723/libgluegen-rt.jnilib
0x0000000123ca7000 	/private/var/folders/vm/c6ql63410d962mlmgt4yhc5h0000gn/T/jogamp_0000/file_cache/jln8502164193948280796/jln1597679121039952723/libnativewindow_awt.jnilib
0x00000001746a8000 	/Library/Java/JavaVirtualMachines/jdk1.8.0_77.jdk/Contents/Home/jre/lib/libjawt.dylib
0x00000001746dc000 	/private/var/folders/vm/c6ql63410d962mlmgt4yhc5h0000gn/T/jogamp_0000/file_cache/jln8502164193948280796/jln1597679121039952723/libnativewindow_macosx.jnilib
0x0000000176352000 	/private/var/folders/vm/c6ql63410d962mlmgt4yhc5h0000gn/T/jogamp_0000/file_cache/jln8502164193948280796/jln1597679121039952723/libjogl_desktop.jnilib
0x0000000175e95000 	/Library/Java/JavaVirtualMachines/jdk1.8.0_77.jdk/Contents/Home/jre/lib/libt2k.dylib

VM Arguments:
jvm_args: -Djava.security.policy=java.policy.applet -Dfile.encoding=UTF-8 
java_command: sun.applet.AppletViewer module5.EarthquakeCityMap1463856925936.html
java_class_path (initial): /Users/xingdu/Documents/workspace/UCSDUnfoldingMaps/build:/Users/xingdu/Documents/workspace/UCSDUnfoldingMaps/lib/core.jar:/Users/xingdu/Documents/workspace/UCSDUnfoldingMaps/lib/gluegen-rt.jar:/Users/xingdu/Documents/workspace/UCSDUnfoldingMaps/lib/jogl-all.jar:/Users/xingdu/Documents/workspace/UCSDUnfoldingMaps/lib/log4j-1.2.15.jar:/Users/xingdu/Documents/workspace/UCSDUnfoldingMaps/lib/sqlite-jdbc-3.7.2.jar:/Users/xingdu/Documents/workspace/UCSDUnfoldingMaps/lib/json4processing.jar:/Users/xingdu/Documents/workspace/UCSDUnfoldingMaps/lib/libTUIO.jar:/Users/xingdu/Documents/workspace/UCSDUnfoldingMaps/lib/unfolding.0.9.7-uscd.jar
Launcher Type: SUN_STANDARD

Environment Variables:
PATH=/usr/bin:/bin:/usr/sbin:/sbin
SHELL=/bin/bash

Signal Handlers:
SIGSEGV: [libjvm.dylib+0x5a6855], sa_mask[0]=11111111011111110111111111111111, sa_flags=SA_ONSTACK|SA_RESTART|SA_SIGINFO
SIGBUS: [libjvm.dylib+0x5a6855], sa_mask[0]=11111111011111110111111111111111, sa_flags=SA_RESTART|SA_SIGINFO
SIGFPE: [libjvm.dylib+0x4804ec], sa_mask[0]=11111111011111110111111111111111, sa_flags=SA_RESTART|SA_SIGINFO
SIGPIPE: [libjvm.dylib+0x4804ec], sa_mask[0]=11111111011111110111111111111111, sa_flags=SA_RESTART|SA_SIGINFO
SIGXFSZ: [libjvm.dylib+0x4804ec], sa_mask[0]=11111111011111110111111111111111, sa_flags=SA_RESTART|SA_SIGINFO
SIGILL: [libjvm.dylib+0x4804ec], sa_mask[0]=11111111011111110111111111111111, sa_flags=SA_RESTART|SA_SIGINFO
SIGUSR1: SIG_DFL, sa_mask[0]=00000000000000000000000000000000, sa_flags=SA_RESTART
SIGUSR2: [libjvm.dylib+0x48000a], sa_mask[0]=00100000000000000000000000000000, sa_flags=SA_RESTART|SA_SIGINFO
SIGHUP: [libjvm.dylib+0x47e5e1], sa_mask[0]=11111111011111110111111111111111, sa_flags=SA_RESTART|SA_SIGINFO
SIGINT: [libjvm.dylib+0x47e5e1], sa_mask[0]=11111111011111110111111111111111, sa_flags=SA_RESTART|SA_SIGINFO
SIGTERM: [libjvm.dylib+0x47e5e1], sa_mask[0]=11111111011111110111111111111111, sa_flags=SA_RESTART|SA_SIGINFO
SIGQUIT: [libjvm.dylib+0x47e5e1], sa_mask[0]=11111111011111110111111111111111, sa_flags=SA_RESTART|SA_SIGINFO


---------------  S Y S T E M  ---------------

OS:Bsduname:Darwin 13.4.0 Darwin Kernel Version 13.4.0: Wed Mar 18 16:20:14 PDT 2015; root:xnu-2422.115.14~1/RELEASE_X86_64 x86_64
rlimit: STACK 8192k, CORE 0k, NPROC 709, NOFILE 10240, AS infinity
load average:1.99 1.71 1.66

CPU:total 4 (2 cores per cpu, 2 threads per core) family 6 model 69 stepping 1, cmov, cx8, fxsr, mmx, sse, sse2, sse3, ssse3, sse4.1, sse4.2, popcnt, avx, avx2, aes, clmul, erms, lzcnt, ht, tsc, tscinvbit, bmi1, bmi2

Memory: 4k page, physical 4194304k(151516k free)

/proc/meminfo:


vm_info: Java HotSpot(TM) 64-Bit Server VM (25.77-b03) for bsd-amd64 JRE (1.8.0_77-b03), built on Mar 20 2016 22:14:03 by "java_re" with gcc 4.2.1 (Based on Apple Inc. build 5658) (LLVM build 2336.11.00)

time: Sat May 21 15:10:04 2016
elapsed time: 878 seconds (0d 0h 14m 38s)

